CASAL (C++ algorithmic stock assessment laboratory)
Call: casal -e -O C:/Users/STA384/Documents/GitHub/planetfish2_bugs/Output/TOA_bug_4/casalout_mpd.dat -f C:/Users/STA384/Documents/GitHub/planetfish2_bugs/Output/TOA_bug_4/casal_ 
Date: Mon Jun 24 13:05:15 2019
v2.30-2012-03-21 00:22:59 UTC (rev.4648)  (c) Copyright 2002-2012, NIWA
User name: sta384
Machine name: MACKEREL-HF (Microsoft Windows, PID=10048)

Prefix for the input parameter filenames : C:/Users/STA384/Documents/GitHub/planetfish2_bugs/Output/TOA_bug_4/casal_

Random number seed : 45515

Estimation parameters:
Stored as strings: 
  MCMC.adapt_at                 	1e+05 2e+05 3e+05 4e+05
  MCMC.adaptive_stepsize        	True
  MCMC.burn_in                  	500
  MCMC.keep                     	1000
  MCMC.length                   	1500000
  MCMC.start                    	0
  MCMC.stepsize                 	0.01
  ageing_error.c                	0
  ageing_error.type             	normal
  catch_at[LL_catchA].2000      	0 0 0 0.002 0.002 0.018 0.091 0.129 0.211 0.117 0.111 0.067 0.063 0.061 0.018 0.033 0.029 0.006 0.011 0.007 0.003 0.003 0.005 0.007 0.003 0 0 0.001 0.001 0 0 0.001 0 0 0
  catch_at[LL_catchA].2001      	0 0 0 0 0.006 0.025 0.066 0.151 0.194 0.178 0.086 0.081 0.043 0.04 0.045 0.014 0.022 0.019 0.005 0.008 0.004 0.004 0.002 0.006 0 0.001 0 0 0 0 0 0 0 0 0
  catch_at[LL_catchA].2002      	0 0 0 0.002 0.002 0.022 0.048 0.15 0.225 0.171 0.129 0.058 0.047 0.036 0.033 0.023 0.009 0.01 0.007 0.002 0.012 0.004 0.001 0.002 0.005 0 0 0.002 0 0 0 0 0 0 0
  catch_at[LL_catchA].2003      	0 0 0 0.003 0.003 0.008 0.074 0.093 0.187 0.193 0.116 0.096 0.051 0.045 0.032 0.026 0.023 0.008 0.016 0.005 0.005 0.004 0.004 0 0.001 0.003 0.001 0.001 0 0.001 0 0 0 0 0.001
  catch_at[LL_catchA].2004      	0 0 0 0 0.003 0.024 0.052 0.124 0.144 0.191 0.138 0.093 0.084 0.034 0.034 0.028 0.014 0.011 0.003 0.007 0.009 0.002 0 0.002 0.001 0 0.001 0.001 0 0 0 0 0 0 0
  catch_at[LL_catchA].2005      	0 0 0 0.001 0.006 0.025 0.068 0.09 0.192 0.13 0.136 0.108 0.066 0.06 0.036 0.027 0.018 0.011 0.009 0.002 0.001 0.007 0.001 0.003 0.001 0 0 0 0.001 0 0 0 0 0 0.001
  catch_at[LL_catchA].2006      	0 0 0 0.003 0.003 0.02 0.085 0.135 0.109 0.185 0.105 0.098 0.086 0.052 0.024 0.025 0.014 0.01 0.011 0.013 0.006 0.005 0.004 0 0.001 0.001 0 0.002 0.001 0.002 0 0 0 0 0
  catch_at[LL_catchA].2007      	0 0 0 0.002 0.009 0.014 0.057 0.174 0.198 0.106 0.126 0.061 0.075 0.066 0.036 0.031 0.011 0.008 0.006 0.008 0.003 0 0.002 0.002 0.001 0.002 0.001 0 0 0 0 0 0.001 0 0
  catch_at[LL_catchA].2008      	0 0 0 0.001 0.005 0.029 0.045 0.107 0.249 0.177 0.064 0.089 0.046 0.045 0.054 0.03 0.022 0.007 0.009 0.003 0.005 0.006 0.001 0 0.002 0 0.003 0 0 0 0 0.001 0 0 0
  catch_at[LL_catchA].2009      	0 0 0 0.001 0.013 0.019 0.064 0.109 0.144 0.238 0.126 0.05 0.06 0.043 0.045 0.031 0.014 0.012 0.009 0.008 0.004 0.005 0.002 0 0.002 0 0 0 0 0 0 0 0 0 0.001
  catch_at[LL_catchA].2010      	0 0 0.002 0.002 0.003 0.025 0.092 0.123 0.161 0.141 0.16 0.094 0.027 0.055 0.022 0.025 0.015 0.016 0.007 0.008 0.004 0.004 0.006 0.004 0.001 0.001 0.001 0 0.001 0 0 0 0 0 0
  catch_at[LL_catchA].N_2000    	100
  catch_at[LL_catchA].N_2001    	100
  catch_at[LL_catchA].N_2002    	100
  catch_at[LL_catchA].N_2003    	100
  catch_at[LL_catchA].N_2004    	100
  catch_at[LL_catchA].N_2005    	100
  catch_at[LL_catchA].N_2006    	100
  catch_at[LL_catchA].N_2007    	100
  catch_at[LL_catchA].N_2008    	100
  catch_at[LL_catchA].N_2009    	100
  catch_at[LL_catchA].N_2010    	100
  catch_at[LL_catchA].at_size   	False
  catch_at[LL_catchA].dist      	multinomial
  catch_at[LL_catchA].fishery   	LL
  catch_at[LL_catchA].max_class 	35
  catch_at[LL_catchA].min_class 	1
  catch_at[LL_catchA].plus_group	True
  catch_at[LL_catchA].r         	1e-11
  catch_at[LL_catchA].sexed     	False
  catch_at[LL_catchA].sum_to_one	False
  catch_at[LL_catchA].years     	2000 2001 2002 2003 2004 2005 2006 2007 2008 2009 2010
  catch_limit_penalty[1].fishery	LL
  catch_limit_penalty[1].label  	LL_Penalty
  catch_limit_penalty[1].log_scale	True
  catch_limit_penalty[1].multiplier	1000
  estimate[1].lower_bound       	1
  estimate[1].parameter         	q[qLL].q
  estimate[1].phase             	1
  estimate[1].prior             	uniform
  estimate[1].upper_bound       	1
  estimate[2].lower_bound       	5000
  estimate[2].parameter         	initialization.B0
  estimate[2].prior             	uniform
  estimate[2].upper_bound       	5e+05
  estimate[3].cv                	1 1 1 1 1 1 1 1 1 1 1 1 1 1 1 1 1 1 1 1 1
  estimate[3].lower_bound       	1 1 1 1 1 1 1 1 1 1 1 1 1 1 1 1 1 1 1 1 1
  estimate[3].mu                	1 1 1 1 1 1 1 1 1 1 1 1 1 1 1 1 1 1 1 1 1
  estimate[3].parameter         	recruitment.YCS
  estimate[3].prior             	lognormal
  estimate[3].upper_bound       	1 1 1 1 1 1 1 1 1 1 1 1 1 1 1 1 1 1 1 1 1
  estimator                     	Bayes
  fish_tagged_penalty[1].label  	Penalty_Tags2005_R1_LL
  fish_tagged_penalty[1].multiplier	1
  fish_tagged_penalty[1].tagging_episode	Tags2005_R1_LL
  fish_tagged_penalty[2].label  	Penalty_Tags2006_R1_LL
  fish_tagged_penalty[2].multiplier	1
  fish_tagged_penalty[2].tagging_episode	Tags2006_R1_LL
  fish_tagged_penalty[3].label  	Penalty_Tags2007_R1_LL
  fish_tagged_penalty[3].multiplier	1
  fish_tagged_penalty[3].tagging_episode	Tags2007_R1_LL
  fish_tagged_penalty[4].label  	Penalty_Tags2008_R1_LL
  fish_tagged_penalty[4].multiplier	1
  fish_tagged_penalty[4].tagging_episode	Tags2008_R1_LL
  fish_tagged_penalty[5].label  	Penalty_Tags2009_R1_LL
  fish_tagged_penalty[5].multiplier	1
  fish_tagged_penalty[5].tagging_episode	Tags2009_R1_LL
  grad_tol                      	0.001
  max_evals                     	10000
  max_iters                     	1600
  profile[1].l                  	40000
  profile[1].n                  	11
  profile[1].parameter          	initialization.B0
  profile[1].u                  	130000
  q_method                      	nuisance
  tag_recapture[Tags2005_R1_R1].area	R1
  tag_recapture[Tags2005_R1_R1].class_mins	100 150 200 250 300 350 400 450 500 550 600 650 700 750 800 850 900 950 1000 1050 1100 1150 1200 1250 1300 1350 1400 1450 1500 1550 1600 1650 1700 1750 1800 1850 1900 1950 2000 2050
  tag_recapture[Tags2005_R1_R1].detection_probability	1
  tag_recapture[Tags2005_R1_R1].dispersion	1
  tag_recapture[Tags2005_R1_R1].do_bootstrap	True
  tag_recapture[Tags2005_R1_R1].plus_group	False
  tag_recapture[Tags2005_R1_R1].proportion_mortality	0.5
  tag_recapture[Tags2005_R1_R1].r	1e-11
  tag_recapture[Tags2005_R1_R1].recaptured_2006	0 0 0 0 0 0 0 0.2 0.8 3.4 10.1 21.4 33.6 40.5 39.7 33.2 24.7 16.9 10.6 6.2 3.5 2 1.1 0.6 0.3 0.1 0.1 0 0 0 0 0 0 0 0 0 0 0 0
  tag_recapture[Tags2005_R1_R1].recaptured_2007	0 0 0 0 0 0 0 0.1 0.5 2.1 6.2 13.2 21.5 28.5 31.6 29.7 23.9 16.7 10.3 5.6 2.8 1.3 0.6 0.2 0.1 0 0 0 0 0 0 0 0 0 0 0 0 0 0
  tag_recapture[Tags2005_R1_R1].recaptured_2008	0 0 0 0 0 0 0 0 0.2 0.8 2.9 7.5 14.1 20.6 24 23.5 19.9 15.1 10.5 6.8 4.2 2.5 1.5 0.8 0.5 0.2 0.1 0 0 0 0 0 0 0 0 0 0 0 0
  tag_recapture[Tags2005_R1_R1].recaptured_2009	0 0 0 0 0 0 0 0 0 0.2 1 2.7 5.3 8.6 12.1 14.5 15 13.3 10.3 7.1 4.4 2.5 1.3 0.7 0.3 0.2 0.1 0 0 0 0 0 0 0 0 0 0 0 0
  tag_recapture[Tags2005_R1_R1].recaptured_2010	0 0 0 0 0 0 0 0 0 0 0.2 0.8 2.2 4.5 7.2 9.3 10 9.4 8.1 6.4 4.7 3.1 1.9 1.1 0.5 0.2 0 0 0 0 0 0 0 0 0 0 0 0 0
  tag_recapture[Tags2005_R1_R1].sample	size
  tag_recapture[Tags2005_R1_R1].scanned_2006	0 0 0 0 2 30 224 1160 4146 10206 17728 23168 24848 23434 20126 16034 11984 8452 5688 3742 2468 1654 1118 756 506 336 222 148 98 64 42 26 16 10 6 2 2 0 0
  tag_recapture[Tags2005_R1_R1].scanned_2007	0 0 0 0 2 32 226 1114 3934 10132 18934 25902 27146 23768 19140 14950 11358 8280 5754 3838 2510 1644 1090 730 488 322 212 140 92 60 40 26 16 10 6 2 2 0 0
  tag_recapture[Tags2005_R1_R1].scanned_2008	0 0 0 0 2 32 236 1134 3804 9466 17940 26018 29048 25826 19792 14456 10648 7838 5606 3848 2546 1656 1078 708 468 310 202 132 86 56 36 24 14 10 6 2 2 0 0
  tag_recapture[Tags2005_R1_R1].scanned_2009	0 0 0 0 2 32 250 1218 4030 9580 17274 24578 28212 26520 21040 15028 10506 7514 5416 3814 2590 1702 1100 712 464 304 198 130 84 54 36 22 14 8 6 2 2 0 0
  tag_recapture[Tags2005_R1_R1].scanned_2010	0 0 0 0 4 36 256 1286 4372 10420 18240 24730 27342 25696 21108 15564 10772 7412 5218 3702 2572 1730 1130 728 468 302 196 128 82 54 34 22 14 8 6 2 2 0 0
  tag_recapture[Tags2005_R1_R1].step	1
  tag_recapture[Tags2005_R1_R1].tag_name	Tags2005_R1
  tag_recapture[Tags2005_R1_R1].years	2006 2007 2008 2009 2010
  tag_recapture[Tags2006_R1_R1].area	R1
  tag_recapture[Tags2006_R1_R1].class_mins	100 150 200 250 300 350 400 450 500 550 600 650 700 750 800 850 900 950 1000 1050 1100 1150 1200 1250 1300 1350 1400 1450 1500 1550 1600 1650 1700 1750 1800 1850 1900 1950 2000 2050
  tag_recapture[Tags2006_R1_R1].detection_probability	1
  tag_recapture[Tags2006_R1_R1].dispersion	1
  tag_recapture[Tags2006_R1_R1].do_bootstrap	True
  tag_recapture[Tags2006_R1_R1].plus_group	False
  tag_recapture[Tags2006_R1_R1].proportion_mortality	0.5
  tag_recapture[Tags2006_R1_R1].r	1e-11
  tag_recapture[Tags2006_R1_R1].recaptured_2007	0 0 0 0 0 0 0 0.2 0.8 3.8 11.1 22.6 34.6 42.2 42.7 37.1 28.9 20.6 13.6 8.3 4.7 2.5 1.3 0.7 0.4 0.3 0.1 0.1 0.1 0 0 0 0 0 0 0 0 0 0
  tag_recapture[Tags2006_R1_R1].recaptured_2008	0 0 0 0 0 0 0 0 0.3 1.6 5.6 13.1 22.5 29.2 30.8 28.1 23.2 17.9 12.9 8.7 5.4 3.1 1.7 0.9 0.4 0.3 0.1 0.1 0 0 0 0 0 0 0 0 0 0 0
  tag_recapture[Tags2006_R1_R1].recaptured_2009	0 0 0 0 0 0 0 0 0.1 0.7 2.8 6.9 13.1 19 22 21.7 18.8 14.9 10.7 7.2 4.5 2.9 1.9 1.3 1 0.7 0.3 0.2 0.1 0 0 0 0 0 0 0 0 0 0
  tag_recapture[Tags2006_R1_R1].recaptured_2010	0 0 0 0 0 0 0 0 0 0.2 0.7 2.3 5.5 10 14 16.2 15.9 13.7 10.8 7.8 5.2 3.3 2 1.1 0.6 0.4 0.2 0.1 0.1 0.1 0 0 0 0 0 0 0 0 0
  tag_recapture[Tags2006_R1_R1].sample	size
  tag_recapture[Tags2006_R1_R1].scanned_2007	0 0 0 0 2 32 226 1114 3934 10132 18934 25902 27146 23768 19140 14950 11358 8280 5754 3838 2510 1644 1090 730 488 322 212 140 92 60 40 26 16 10 6 2 2 0 0
  tag_recapture[Tags2006_R1_R1].scanned_2008	0 0 0 0 2 32 236 1134 3804 9466 17940 26018 29048 25826 19792 14456 10648 7838 5606 3848 2546 1656 1078 708 468 310 202 132 86 56 36 24 14 10 6 2 2 0 0
  tag_recapture[Tags2006_R1_R1].scanned_2009	0 0 0 0 2 32 250 1218 4030 9580 17274 24578 28212 26520 21040 15028 10506 7514 5416 3814 2590 1702 1100 712 464 304 198 130 84 54 36 22 14 8 6 2 2 0 0
  tag_recapture[Tags2006_R1_R1].scanned_2010	0 0 0 0 4 36 256 1286 4372 10420 18240 24730 27342 25696 21108 15564 10772 7412 5218 3702 2572 1730 1130 728 468 302 196 128 82 54 34 22 14 8 6 2 2 0 0
  tag_recapture[Tags2006_R1_R1].step	1
  tag_recapture[Tags2006_R1_R1].tag_name	Tags2006_R1
  tag_recapture[Tags2006_R1_R1].years	2007 2008 2009 2010
  tag_recapture[Tags2007_R1_R1].area	R1
  tag_recapture[Tags2007_R1_R1].class_mins	100 150 200 250 300 350 400 450 500 550 600 650 700 750 800 850 900 950 1000 1050 1100 1150 1200 1250 1300 1350 1400 1450 1500 1550 1600 1650 1700 1750 1800 1850 1900 1950 2000 2050
  tag_recapture[Tags2007_R1_R1].detection_probability	1
  tag_recapture[Tags2007_R1_R1].dispersion	1
  tag_recapture[Tags2007_R1_R1].do_bootstrap	True
  tag_recapture[Tags2007_R1_R1].plus_group	False
  tag_recapture[Tags2007_R1_R1].proportion_mortality	0.5
  tag_recapture[Tags2007_R1_R1].r	1e-11
  tag_recapture[Tags2007_R1_R1].recaptured_2008	0 0 0 0 0 0 0 0.2 1.4 5.6 15.7 30.9 44.4 48.5 43 33.6 24.7 17.7 12.1 7.8 4.7 2.7 1.5 0.8 0.5 0.3 0.2 0.1 0.1 0.1 0 0 0 0 0 0 0 0 0
  tag_recapture[Tags2007_R1_R1].recaptured_2009	0 0 0 0 0 0 0 0 0.5 2.3 7.6 17.5 28.9 35.9 35.1 28.8 21.6 15.5 10.9 7.3 4.6 2.7 1.4 0.8 0.4 0.1 0.1 0 0 0 0 0 0 0 0 0 0 0 0
  tag_recapture[Tags2007_R1_R1].recaptured_2010	0 0 0 0 0 0 0 0 0.2 0.7 2.5 6.9 14.1 21.9 26.2 25.5 21.2 16.2 11.6 8 5.2 3.2 2 1.2 0.8 0.4 0.2 0.1 0 0 0 0 0 0 0 0 0 0 0
  tag_recapture[Tags2007_R1_R1].sample	size
  tag_recapture[Tags2007_R1_R1].scanned_2008	0 0 0 0 2 32 236 1134 3804 9466 17940 26018 29048 25826 19792 14456 10648 7838 5606 3848 2546 1656 1078 708 468 310 202 132 86 56 36 24 14 10 6 2 2 0 0
  tag_recapture[Tags2007_R1_R1].scanned_2009	0 0 0 0 2 32 250 1218 4030 9580 17274 24578 28212 26520 21040 15028 10506 7514 5416 3814 2590 1702 1100 712 464 304 198 130 84 54 36 22 14 8 6 2 2 0 0
  tag_recapture[Tags2007_R1_R1].scanned_2010	0 0 0 0 4 36 256 1286 4372 10420 18240 24730 27342 25696 21108 15564 10772 7412 5218 3702 2572 1730 1130 728 468 302 196 128 82 54 34 22 14 8 6 2 2 0 0
  tag_recapture[Tags2007_R1_R1].step	1
  tag_recapture[Tags2007_R1_R1].tag_name	Tags2007_R1
  tag_recapture[Tags2007_R1_R1].years	2008 2009 2010
  tag_recapture[Tags2008_R1_R1].area	R1
  tag_recapture[Tags2008_R1_R1].class_mins	100 150 200 250 300 350 400 450 500 550 600 650 700 750 800 850 900 950 1000 1050 1100 1150 1200 1250 1300 1350 1400 1450 1500 1550 1600 1650 1700 1750 1800 1850 1900 1950 2000 2050
  tag_recapture[Tags2008_R1_R1].detection_probability	1
  tag_recapture[Tags2008_R1_R1].dispersion	1
  tag_recapture[Tags2008_R1_R1].do_bootstrap	True
  tag_recapture[Tags2008_R1_R1].plus_group	False
  tag_recapture[Tags2008_R1_R1].proportion_mortality	0.5
  tag_recapture[Tags2008_R1_R1].r	1e-11
  tag_recapture[Tags2008_R1_R1].recaptured_2009	0 0 0 0 0 0 0 0.3 1.5 6.1 16.6 32.5 46.5 49.7 41.5 29.4 19.6 13.2 8.9 5.8 3.7 2.2 1.2 0.7 0.3 0.1 0 0 0 0 0 0 0 0 0 0 0 0 0
  tag_recapture[Tags2008_R1_R1].recaptured_2010	0 0 0 0 0 0 0 0.2 0.8 2.8 8.1 17.8 29.9 38.6 39.4 33.3 24.7 17.2 11.8 8.3 5.8 4.1 2.7 1.7 1.1 0.5 0.3 0.1 0 0 0 0 0 0 0 0 0 0 0
  tag_recapture[Tags2008_R1_R1].sample	size
  tag_recapture[Tags2008_R1_R1].scanned_2009	0 0 0 0 2 32 250 1218 4030 9580 17274 24578 28212 26520 21040 15028 10506 7514 5416 3814 2590 1702 1100 712 464 304 198 130 84 54 36 22 14 8 6 2 2 0 0
  tag_recapture[Tags2008_R1_R1].scanned_2010	0 0 0 0 4 36 256 1286 4372 10420 18240 24730 27342 25696 21108 15564 10772 7412 5218 3702 2572 1730 1130 728 468 302 196 128 82 54 34 22 14 8 6 2 2 0 0
  tag_recapture[Tags2008_R1_R1].step	1
  tag_recapture[Tags2008_R1_R1].tag_name	Tags2008_R1
  tag_recapture[Tags2008_R1_R1].years	2009 2010
  tag_recapture[Tags2009_R1_R1].area	R1
  tag_recapture[Tags2009_R1_R1].class_mins	100 150 200 250 300 350 400 450 500 550 600 650 700 750 800 850 900 950 1000 1050 1100 1150 1200 1250 1300 1350 1400 1450 1500 1550 1600 1650 1700 1750 1800 1850 1900 1950 2000 2050
  tag_recapture[Tags2009_R1_R1].detection_probability	1
  tag_recapture[Tags2009_R1_R1].dispersion	1
  tag_recapture[Tags2009_R1_R1].do_bootstrap	True
  tag_recapture[Tags2009_R1_R1].plus_group	False
  tag_recapture[Tags2009_R1_R1].proportion_mortality	0.5
  tag_recapture[Tags2009_R1_R1].r	1e-11
  tag_recapture[Tags2009_R1_R1].recaptured_2010	0 0 0 0 0 0 0 0.3 1.6 6.2 15.9 30.6 45.2 53.6 51.6 41.5 29.3 19.3 12.5 8.1 5.1 3.2 2 1.2 0.8 0.5 0.3 0.2 0 0 0 0 0 0 0 0 0 0 0
  tag_recapture[Tags2009_R1_R1].sample	size
  tag_recapture[Tags2009_R1_R1].scanned_2010	0 0 0 0 4 36 256 1286 4372 10420 18240 24730 27342 25696 21108 15564 10772 7412 5218 3702 2572 1730 1130 728 468 302 196 128 82 54 34 22 14 8 6 2 2 0 0
  tag_recapture[Tags2009_R1_R1].step	1
  tag_recapture[Tags2009_R1_R1].tag_name	Tags2009_R1
  tag_recapture[Tags2009_R1_R1].years	2010
  vector_average_penalty[1].k   	1
  vector_average_penalty[1].label	meanYCS_1
  vector_average_penalty[1].multiplier	100
  vector_average_penalty[1].vector	recruitment.YCS
Stored as DOUBLEs: 
Stored as VECTORs: 
Stored as OGIVEs: 

Population parameters:
Stored as strings: 
  annual_cycle.M_props          	1
  annual_cycle.aging_time       	1
  annual_cycle.baranov          	False
  annual_cycle.fishery_areas    	R1
  annual_cycle.fishery_names    	LL
  annual_cycle.fishery_times    	1
  annual_cycle.growth_props     	0
  annual_cycle.n_migrations     	0
  annual_cycle.recruitment_areas	R1
  annual_cycle.recruitment_time 	1
  annual_cycle.spawning_all_areas	1
  annual_cycle.spawning_p       	1
  annual_cycle.spawning_part_mort	1
  annual_cycle.spawning_time    	1
  annual_cycle.spawning_use_total_B	False
  annual_cycle.time_steps       	1
  area_names                    	R1
  current                       	2010
  final                         	2045
  first_random_year             	2007
  fishery[LL].U_max             	0.95
  fishery[LL].catches           	0 1000 1000 1000 1000 1000 1000 1000 1000 1000 1000 1000 1000 1000 1000 1000 1000 1000 1000 1000 1000
  fishery[LL].future_constant_catches	200
  fishery[LL].selectivity       	SelLL
  fishery[LL].years             	1990 1991 1992 1993 1994 1995 1996 1997 1998 1999 2000 2001 2002 2003 2004 2005 2006 2007 2008 2009 2010
  initial                       	1990
  initialization.B0             	264467
  mature_partition              	False
  maturity_props.all            	allvalues  0.0588 0.0719 0.0877 0.1064 0.1287 0.1547 0.185 0.2196 0.2586 0.3019 0.349 0.3993 0.4518 0.5054 0.5588 0.611 0.6607 0.7071 0.7495 0.7877 0.8214 0.8508 0.8761 0.8976 0.9157 0.9309 0.9435 0.9539 0.9625 0.9695 0.9753 0.98 0.9838 0.9869 0.9894
  max_age                       	35
  min_age                       	1
  n_areas                       	1
  n_stocks                      	1
  n_tags                        	5
  natural_mortality.all         	0.155
  plus_group                    	True
  randomisation_method          	lognormal
  recruitment.SR                	BH
  recruitment.YCS               	1 1 1 1 1 1 1 1 1 1 1 1 1 1 1 1 1 1 1 1 1
  recruitment.YCS_years         	1989 1990 1991 1992 1993 1994 1995 1996 1997 1998 1999 2000 2001 2002 2003 2004 2005 2006 2007 2008 2009
  recruitment.first_free        	1989
  recruitment.last_free         	2006
  recruitment.p_male            	0.5
  recruitment.rho               	0
  recruitment.sigma_r           	0.6
  recruitment.steepness         	0.75
  recruitment.year_range        	1989 2006
  selectivity[SelLL].all        	double_normal 10 2 10
  selectivity_names             	SelLL
  sex_partition                 	False
  size_at_age.Linf              	2870
  size_at_age.by_length         	True
  size_at_age.cv                	0.1
  size_at_age.k                 	0.02056
  size_at_age.t0                	-4.2897
  size_at_age_dist              	normal
  size_at_age_type              	von_Bert
  size_based                    	False
  size_weight.a                 	2.59e-12
  size_weight.b                 	3.2064
  size_weight.verify_size_weight	500 0.5 1.5
  standardise_YCS               	True
  tag[Tags2005_R1_LL].area      	R1
  tag[Tags2005_R1_LL].class_mins	100 150 200 250 300 350 400 450 500 550 600 650 700 750 800 850 900 950 1000 1050 1100 1150 1200 1250 1300 1350 1400 1450 1500 1550 1600 1650 1700 1750 1800 1850 1900 1950 2000 2050
  tag[Tags2005_R1_LL].mature_only	False
  tag[Tags2005_R1_LL].mortality 	0.1
  tag[Tags2005_R1_LL].number    	2500
  tag[Tags2005_R1_LL].ogive     	SelLL
  tag[Tags2005_R1_LL].plus_group	False
  tag[Tags2005_R1_LL].props_all 	0 0 0 0 0 2e-04 0.0016 0.0073 0.0227 0.0518 0.09 0.1255 0.1454 0.1424 0.1213 0.0928 0.0652 0.0432 0.0282 0.0188 0.0132 0.0094 0.0067 0.0047 0.0032 0.0022 0.0015 0.001 7e-04 5e-04 3e-04 2e-04 1e-04 1e-04 0 0 0 0 0
  tag[Tags2005_R1_LL].release_type	deterministic
  tag[Tags2005_R1_LL].sex       	both
  tag[Tags2005_R1_LL].step      	1
  tag[Tags2005_R1_LL].tag_name  	Tags2005_R1
  tag[Tags2005_R1_LL].year      	2005
  tag[Tags2006_R1_LL].area      	R1
  tag[Tags2006_R1_LL].class_mins	100 150 200 250 300 350 400 450 500 550 600 650 700 750 800 850 900 950 1000 1050 1100 1150 1200 1250 1300 1350 1400 1450 1500 1550 1600 1650 1700 1750 1800 1850 1900 1950 2000 2050
  tag[Tags2006_R1_LL].mature_only	False
  tag[Tags2006_R1_LL].mortality 	0.1
  tag[Tags2006_R1_LL].number    	2500
  tag[Tags2006_R1_LL].ogive     	SelLL
  tag[Tags2006_R1_LL].plus_group	False
  tag[Tags2006_R1_LL].props_all 	0 0 0 0 0 1e-04 9e-04 0.0057 0.0214 0.0541 0.0961 0.1288 0.141 0.1343 0.1154 0.0917 0.0684 0.0481 0.032 0.0207 0.0134 0.0089 0.0061 0.0043 0.003 0.002 0.0013 9e-04 6e-04 4e-04 2e-04 1e-04 1e-04 0 0 0 0 0 0
  tag[Tags2006_R1_LL].release_type	deterministic
  tag[Tags2006_R1_LL].sex       	both
  tag[Tags2006_R1_LL].step      	1
  tag[Tags2006_R1_LL].tag_name  	Tags2006_R1
  tag[Tags2006_R1_LL].year      	2006
  tag[Tags2007_R1_LL].area      	R1
  tag[Tags2007_R1_LL].class_mins	100 150 200 250 300 350 400 450 500 550 600 650 700 750 800 850 900 950 1000 1050 1100 1150 1200 1250 1300 1350 1400 1450 1500 1550 1600 1650 1700 1750 1800 1850 1900 1950 2000 2050
  tag[Tags2007_R1_LL].mature_only	False
  tag[Tags2007_R1_LL].mortality 	0.1
  tag[Tags2007_R1_LL].number    	2500
  tag[Tags2007_R1_LL].ogive     	SelLL
  tag[Tags2007_R1_LL].plus_group	False
  tag[Tags2007_R1_LL].props_all 	0 0 0 0 0 2e-04 0.0013 0.0061 0.0213 0.0545 0.1018 0.1399 0.148 0.1312 0.1071 0.0845 0.0644 0.0465 0.0317 0.0208 0.0135 0.0089 0.006 0.0041 0.0027 0.0018 0.0012 8e-04 6e-04 4e-04 2e-04 1e-04 1e-04 0 0 0 0 0 0
  tag[Tags2007_R1_LL].release_type	deterministic
  tag[Tags2007_R1_LL].sex       	both
  tag[Tags2007_R1_LL].step      	1
  tag[Tags2007_R1_LL].tag_name  	Tags2007_R1
  tag[Tags2007_R1_LL].year      	2007
  tag[Tags2008_R1_LL].area      	R1
  tag[Tags2008_R1_LL].class_mins	100 150 200 250 300 350 400 450 500 550 600 650 700 750 800 850 900 950 1000 1050 1100 1150 1200 1250 1300 1350 1400 1450 1500 1550 1600 1650 1700 1750 1800 1850 1900 1950 2000 2050
  tag[Tags2008_R1_LL].mature_only	False
  tag[Tags2008_R1_LL].mortality 	0.1
  tag[Tags2008_R1_LL].number    	2500
  tag[Tags2008_R1_LL].ogive     	SelLL
  tag[Tags2008_R1_LL].plus_group	False
  tag[Tags2008_R1_LL].props_all 	0 0 0 0 0 2e-04 0.0015 0.0067 0.0222 0.0543 0.1013 0.1454 0.1613 0.1425 0.108 0.0773 0.0554 0.0397 0.0279 0.019 0.0127 0.0084 0.0056 0.0037 0.0024 0.0016 0.001 6e-04 4e-04 3e-04 2e-04 1e-04 1e-04 1e-04 0 0 0 0 0
  tag[Tags2008_R1_LL].release_type	deterministic
  tag[Tags2008_R1_LL].sex       	both
  tag[Tags2008_R1_LL].step      	1
  tag[Tags2008_R1_LL].tag_name  	Tags2008_R1
  tag[Tags2008_R1_LL].year      	2008
  tag[Tags2009_R1_LL].area      	R1
  tag[Tags2009_R1_LL].class_mins	100 150 200 250 300 350 400 450 500 550 600 650 700 750 800 850 900 950 1000 1050 1100 1150 1200 1250 1300 1350 1400 1450 1500 1550 1600 1650 1700 1750 1800 1850 1900 1950 2000 2050
  tag[Tags2009_R1_LL].mature_only	False
  tag[Tags2009_R1_LL].mortality 	0.1
  tag[Tags2009_R1_LL].number    	2500
  tag[Tags2009_R1_LL].ogive     	SelLL
  tag[Tags2009_R1_LL].plus_group	False
  tag[Tags2009_R1_LL].props_all 	0 0 0 0 0 2e-04 0.0014 0.0066 0.0212 0.0495 0.0894 0.1288 0.1509 0.1456 0.119 0.0874 0.0622 0.0444 0.0314 0.0214 0.0141 0.0091 0.0059 0.0039 0.0026 0.0017 0.0011 7e-04 4e-04 3e-04 2e-04 1e-04 1e-04 1e-04 0 0 0 0 0
  tag[Tags2009_R1_LL].release_type	deterministic
  tag[Tags2009_R1_LL].sex       	both
  tag[Tags2009_R1_LL].step      	1
  tag[Tags2009_R1_LL].tag_name  	Tags2009_R1
  tag[Tags2009_R1_LL].year      	2009
  tag_growth_loss[Tags2005_R1].nogrowth_period	0
  tag_growth_loss[Tags2006_R1].nogrowth_period	0
  tag_growth_loss[Tags2007_R1].nogrowth_period	0
  tag_growth_loss[Tags2008_R1].nogrowth_period	0
  tag_growth_loss[Tags2009_R1].nogrowth_period	0
  tag_loss_props                	1
  tag_names                     	Tags2005_R1 Tags2006_R1 Tags2007_R1 Tags2008_R1 Tags2009_R1
  tag_shedding_rate             	0.0084 0.0084 0.0084 0.0084 0.0084
  y_enter                       	1
Stored as DOUBLEs: 
Stored as VECTORs: 
Stored as OGIVEs: 

Output parameters:
Stored as strings: 
  n_projections                 	100
  numbers_at[Numbers_at_age_R1].area	R1
  numbers_at[Numbers_at_age_R1].proportion_mortality	0.5
  numbers_at[Numbers_at_age_R1].step	1
  numbers_at[Numbers_at_age_R1].years	1990 1991 1992 1993 1994 1995 1996 1997 1998 1999 2000 2001 2002 2003 2004 2005 2006 2007 2008 2009 2010
  print.covariance              	true
  print.estimation_section      	true
  print.final_state             	false
  print.fits                    	true
  print.fits_every_eval         	false
  print.initial_state           	false
  print.normalised_resids       	true
  print.objective_every_eval    	false
  print.parameter_vector_every_eval	false
  print.parameters              	true
  print.parameters_every_eval   	false
  print.pearson_resids          	true
  print.requests                	false
  print.resids                  	true
  print.results                 	false
  print.state_annually          	false
  print.state_every_step        	false
  print.unused_parameters       	true
  print.yields                  	true
  quantities.B0                 	true
  quantities.R0                 	true
  quantities.SSBs               	true
  quantities.YCS                	true
  quantities.actual_catches     	false
  quantities.all_free_parameters	true
  quantities.fishing_pressures  	true
  quantities.nuisance_qs        	true
  quantities.recruitments       	true
  quantities.true_YCS           	true
Stored as DOUBLEs: 
Stored as VECTORs: 
Stored as OGIVEs: 

A fish of size 500 cm has a weight of 1.16755 kg in your model. This size-weight scale check assumes that the growth curve is in centimetres, and that the catch is in tonnes.

A fish of size 500 cm has a weight of 1.16755 kg in your model. This size-weight scale check assumes that the growth curve is in centimetres, and that the catch is in tonnes.

Estimation section :

Objective function: Bayes

Minimiser convergence threshold: 0.001


Observations:

The observations are:
LL_catchA
Tags2005_R1_R1
Tags2006_R1_R1
Tags2007_R1_R1
Tags2008_R1_R1
Tags2009_R1_R1
Fits follow:

LL_catchA :
catch proportions-at-age for fishery LL  with ageing error (not constrained to sum to 1):
obs (last class is a plus group):
class 1       2       3       4       5       6       7       8       9       10      11      12      13      14      15      16      17      18      19      20      21      22      23      24      25      26      27      28      29      30      31      32      33      34      35      
2000 0       0       0       0.002   0.002   0.018   0.091   0.129   0.211   0.117   0.111   0.067   0.063   0.061   0.018   0.033   0.029   0.006   0.011   0.007   0.003   0.003   0.005   0.007   0.003   0       0       0.001   0.001   0       0       0.001   0       0       0       
2001 0       0       0       0       0.006   0.025   0.066   0.151   0.194   0.178   0.086   0.081   0.043   0.04    0.045   0.014   0.022   0.019   0.005   0.008   0.004   0.004   0.002   0.006   0       0.001   0       0       0       0       0       0       0       0       0       
2002 0       0       0       0.002   0.002   0.022   0.048   0.15    0.225   0.171   0.129   0.058   0.047   0.036   0.033   0.023   0.009   0.01    0.007   0.002   0.012   0.004   0.001   0.002   0.005   0       0       0.002   0       0       0       0       0       0       0       
2003 0       0       0       0.003   0.003   0.008   0.074   0.093   0.187   0.193   0.116   0.096   0.051   0.045   0.032   0.026   0.023   0.008   0.016   0.005   0.005   0.004   0.004   0       0.001   0.003   0.001   0.001   0       0.001   0       0       0       0       0.001   
2004 0       0       0       0       0.003   0.024   0.052   0.124   0.144   0.191   0.138   0.093   0.084   0.034   0.034   0.028   0.014   0.011   0.003   0.007   0.009   0.002   0       0.002   0.001   0       0.001   0.001   0       0       0       0       0       0       0       
2005 0       0       0       0.001   0.006   0.025   0.068   0.09    0.192   0.13    0.136   0.108   0.066   0.06    0.036   0.027   0.018   0.011   0.009   0.002   0.001   0.007   0.001   0.003   0.001   0       0       0       0.001   0       0       0       0       0       0.001   
2006 0       0       0       0.003   0.003   0.02    0.085   0.135   0.109   0.185   0.105   0.098   0.086   0.052   0.024   0.025   0.014   0.01    0.011   0.013   0.006   0.005   0.004   0       0.001   0.001   0       0.002   0.001   0.002   0       0       0       0       0       
2007 0       0       0       0.002   0.009   0.014   0.057   0.174   0.198   0.106   0.126   0.061   0.075   0.066   0.036   0.031   0.011   0.008   0.006   0.008   0.003   0       0.002   0.002   0.001   0.002   0.001   0       0       0       0       0       0.001   0       0       
2008 0       0       0       0.001   0.005   0.029   0.045   0.107   0.249   0.177   0.064   0.089   0.046   0.045   0.054   0.03    0.022   0.007   0.009   0.003   0.005   0.006   0.001   0       0.002   0       0.003   0       0       0       0       0.001   0       0       0       
2009 0       0       0       0.001   0.013   0.019   0.064   0.109   0.144   0.238   0.126   0.05    0.06    0.043   0.045   0.031   0.014   0.012   0.009   0.008   0.004   0.005   0.002   0       0.002   0       0       0       0       0       0       0       0       0       0.001   
2010 0       0       0.002   0.002   0.003   0.025   0.092   0.123   0.161   0.141   0.16    0.094   0.027   0.055   0.022   0.025   0.015   0.016   0.007   0.008   0.004   0.004   0.006   0.004   0.001   0.001   0.001   0       0.001   0       0       0       0       0       0       
objective function: multinomial likelihood, with delta = 1e-011, N =
100 100 100 100 100 100 100 100 100 100 100 100 100 100 100 100 100 100 100 100 100 100 100 100 100 100 100 100 100 100 100 100 100 100 100 
100 100 100 100 100 100 100 100 100 100 100 100 100 100 100 100 100 100 100 100 100 100 100 100 100 100 100 100 100 100 100 100 100 100 100 
100 100 100 100 100 100 100 100 100 100 100 100 100 100 100 100 100 100 100 100 100 100 100 100 100 100 100 100 100 100 100 100 100 100 100 
100 100 100 100 100 100 100 100 100 100 100 100 100 100 100 100 100 100 100 100 100 100 100 100 100 100 100 100 100 100 100 100 100 100 100 
100 100 100 100 100 100 100 100 100 100 100 100 100 100 100 100 100 100 100 100 100 100 100 100 100 100 100 100 100 100 100 100 100 100 100 
100 100 100 100 100 100 100 100 100 100 100 100 100 100 100 100 100 100 100 100 100 100 100 100 100 100 100 100 100 100 100 100 100 100 100 
100 100 100 100 100 100 100 100 100 100 100 100 100 100 100 100 100 100 100 100 100 100 100 100 100 100 100 100 100 100 100 100 100 100 100 
100 100 100 100 100 100 100 100 100 100 100 100 100 100 100 100 100 100 100 100 100 100 100 100 100 100 100 100 100 100 100 100 100 100 100 
100 100 100 100 100 100 100 100 100 100 100 100 100 100 100 100 100 100 100 100 100 100 100 100 100 100 100 100 100 100 100 100 100 100 100 
100 100 100 100 100 100 100 100 100 100 100 100 100 100 100 100 100 100 100 100 100 100 100 100 100 100 100 100 100 100 100 100 100 100 100 
100 100 100 100 100 100 100 100 100 100 100 100 100 100 100 100 100 100 100 100 100 100 100 100 100 100 100 100 100 100 100 100 100 100 100 

Tags2005_R1_R1 :
tag-recapture data for tag Tags2005_R1 in years 2006 2007 2008 2009 2010 , step 1, after proportion 0.5 of mortality, with sampling method size, detection probability 1.
Year 2006
class scanned recaptured
100 0 0
150 0 0
200 0 0
250 0 0
300 2 0
350 30 0
400 224 0
450 1160 0.2
500 4146 0.8
550 10206 3.4
600 17728 10.1
650 23168 21.4
700 24848 33.6
750 23434 40.5
800 20126 39.7
850 16034 33.2
900 11984 24.7
950 8452 16.9
1000 5688 10.6
1050 3742 6.2
1100 2468 3.5
1150 1654 2
1200 1118 1.1
1250 756 0.6
1300 506 0.3
1350 336 0.1
1400 222 0.1
1450 148 0
1500 98 0
1550 64 0
1600 42 0
1650 26 0
1700 16 0
1750 10 0
1800 6 0
1850 2 0
1900 2 0
1950 0 0
2000 0 0


Year 2007
class scanned recaptured
100 0 0
150 0 0
200 0 0
250 0 0
300 2 0
350 32 0
400 226 0
450 1114 0.1
500 3934 0.5
550 10132 2.1
600 18934 6.2
650 25902 13.2
700 27146 21.5
750 23768 28.5
800 19140 31.6
850 14950 29.7
900 11358 23.9
950 8280 16.7
1000 5754 10.3
1050 3838 5.6
1100 2510 2.8
1150 1644 1.3
1200 1090 0.6
1250 730 0.2
1300 488 0.1
1350 322 0
1400 212 0
1450 140 0
1500 92 0
1550 60 0
1600 40 0
1650 26 0
1700 16 0
1750 10 0
1800 6 0
1850 2 0
1900 2 0
1950 0 0
2000 0 0


Year 2008
class scanned recaptured
100 0 0
150 0 0
200 0 0
250 0 0
300 2 0
350 32 0
400 236 0
450 1134 0
500 3804 0.2
550 9466 0.8
600 17940 2.9
650 26018 7.5
700 29048 14.1
750 25826 20.6
800 19792 24
850 14456 23.5
900 10648 19.9
950 7838 15.1
1000 5606 10.5
1050 3848 6.8
1100 2546 4.2
1150 1656 2.5
1200 1078 1.5
1250 708 0.8
1300 468 0.5
1350 310 0.2
1400 202 0.1
1450 132 0
1500 86 0
1550 56 0
1600 36 0
1650 24 0
1700 14 0
1750 10 0
1800 6 0
1850 2 0
1900 2 0
1950 0 0
2000 0 0


Year 2009
class scanned recaptured
100 0 0
150 0 0
200 0 0
250 0 0
300 2 0
350 32 0
400 250 0
450 1218 0
500 4030 0
550 9580 0.2
600 17274 1
650 24578 2.7
700 28212 5.3
750 26520 8.6
800 21040 12.1
850 15028 14.5
900 10506 15
950 7514 13.3
1000 5416 10.3
1050 3814 7.1
1100 2590 4.4
1150 1702 2.5
1200 1100 1.3
1250 712 0.7
1300 464 0.3
1350 304 0.2
1400 198 0.1
1450 130 0
1500 84 0
1550 54 0
1600 36 0
1650 22 0
1700 14 0
1750 8 0
1800 6 0
1850 2 0
1900 2 0
1950 0 0
2000 0 0


Year 2010
class scanned recaptured
100 0 0
150 0 0
200 0 0
250 0 0
300 4 0
350 36 0
400 256 0
450 1286 0
500 4372 0
550 10420 0
600 18240 0.2
650 24730 0.8
700 27342 2.2
750 25696 4.5
800 21108 7.2
850 15564 9.3
900 10772 10
950 7412 9.4
1000 5218 8.1
1050 3702 6.4
1100 2572 4.7
1150 1730 3.1
1200 1130 1.9
1250 728 1.1
1300 468 0.5
1350 302 0.2
1400 196 0
1450 128 0
1500 82 0
1550 54 0
1600 34 0
1650 22 0
1700 14 0
1750 8 0
1800 6 0
1850 2 0
1900 2 0
1950 0 0
2000 0 0


Tags2006_R1_R1 :
tag-recapture data for tag Tags2006_R1 in years 2007 2008 2009 2010 , step 1, after proportion 0.5 of mortality, with sampling method size, detection probability 1.
Year 2007
class scanned recaptured
100 0 0
150 0 0
200 0 0
250 0 0
300 2 0
350 32 0
400 226 0
450 1114 0.2
500 3934 0.8
550 10132 3.8
600 18934 11.1
650 25902 22.6
700 27146 34.6
750 23768 42.2
800 19140 42.7
850 14950 37.1
900 11358 28.9
950 8280 20.6
1000 5754 13.6
1050 3838 8.3
1100 2510 4.7
1150 1644 2.5
1200 1090 1.3
1250 730 0.7
1300 488 0.4
1350 322 0.3
1400 212 0.1
1450 140 0.1
1500 92 0.1
1550 60 0
1600 40 0
1650 26 0
1700 16 0
1750 10 0
1800 6 0
1850 2 0
1900 2 0
1950 0 0
2000 0 0


Year 2008
class scanned recaptured
100 0 0
150 0 0
200 0 0
250 0 0
300 2 0
350 32 0
400 236 0
450 1134 0
500 3804 0.3
550 9466 1.6
600 17940 5.6
650 26018 13.1
700 29048 22.5
750 25826 29.2
800 19792 30.8
850 14456 28.1
900 10648 23.2
950 7838 17.9
1000 5606 12.9
1050 3848 8.7
1100 2546 5.4
1150 1656 3.1
1200 1078 1.7
1250 708 0.9
1300 468 0.4
1350 310 0.3
1400 202 0.1
1450 132 0.1
1500 86 0
1550 56 0
1600 36 0
1650 24 0
1700 14 0
1750 10 0
1800 6 0
1850 2 0
1900 2 0
1950 0 0
2000 0 0


Year 2009
class scanned recaptured
100 0 0
150 0 0
200 0 0
250 0 0
300 2 0
350 32 0
400 250 0
450 1218 0
500 4030 0.1
550 9580 0.7
600 17274 2.8
650 24578 6.9
700 28212 13.1
750 26520 19
800 21040 22
850 15028 21.7
900 10506 18.8
950 7514 14.9
1000 5416 10.7
1050 3814 7.2
1100 2590 4.5
1150 1702 2.9
1200 1100 1.9
1250 712 1.3
1300 464 1
1350 304 0.7
1400 198 0.3
1450 130 0.2
1500 84 0.1
1550 54 0
1600 36 0
1650 22 0
1700 14 0
1750 8 0
1800 6 0
1850 2 0
1900 2 0
1950 0 0
2000 0 0


Year 2010
class scanned recaptured
100 0 0
150 0 0
200 0 0
250 0 0
300 4 0
350 36 0
400 256 0
450 1286 0
500 4372 0
550 10420 0.2
600 18240 0.7
650 24730 2.3
700 27342 5.5
750 25696 10
800 21108 14
850 15564 16.2
900 10772 15.9
950 7412 13.7
1000 5218 10.8
1050 3702 7.8
1100 2572 5.2
1150 1730 3.3
1200 1130 2
1250 728 1.1
1300 468 0.6
1350 302 0.4
1400 196 0.2
1450 128 0.1
1500 82 0.1
1550 54 0.1
1600 34 0
1650 22 0
1700 14 0
1750 8 0
1800 6 0
1850 2 0
1900 2 0
1950 0 0
2000 0 0


Tags2007_R1_R1 :
tag-recapture data for tag Tags2007_R1 in years 2008 2009 2010 , step 1, after proportion 0.5 of mortality, with sampling method size, detection probability 1.
Year 2008
class scanned recaptured
100 0 0
150 0 0
200 0 0
250 0 0
300 2 0
350 32 0
400 236 0
450 1134 0.2
500 3804 1.4
550 9466 5.6
600 17940 15.7
650 26018 30.9
700 29048 44.4
750 25826 48.5
800 19792 43
850 14456 33.6
900 10648 24.7
950 7838 17.7
1000 5606 12.1
1050 3848 7.8
1100 2546 4.7
1150 1656 2.7
1200 1078 1.5
1250 708 0.8
1300 468 0.5
1350 310 0.3
1400 202 0.2
1450 132 0.1
1500 86 0.1
1550 56 0.1
1600 36 0
1650 24 0
1700 14 0
1750 10 0
1800 6 0
1850 2 0
1900 2 0
1950 0 0
2000 0 0


Year 2009
class scanned recaptured
100 0 0
150 0 0
200 0 0
250 0 0
300 2 0
350 32 0
400 250 0
450 1218 0
500 4030 0.5
550 9580 2.3
600 17274 7.6
650 24578 17.5
700 28212 28.9
750 26520 35.9
800 21040 35.1
850 15028 28.8
900 10506 21.6
950 7514 15.5
1000 5416 10.9
1050 3814 7.3
1100 2590 4.6
1150 1702 2.7
1200 1100 1.4
1250 712 0.8
1300 464 0.4
1350 304 0.1
1400 198 0.1
1450 130 0
1500 84 0
1550 54 0
1600 36 0
1650 22 0
1700 14 0
1750 8 0
1800 6 0
1850 2 0
1900 2 0
1950 0 0
2000 0 0


Year 2010
class scanned recaptured
100 0 0
150 0 0
200 0 0
250 0 0
300 4 0
350 36 0
400 256 0
450 1286 0
500 4372 0.2
550 10420 0.7
600 18240 2.5
650 24730 6.9
700 27342 14.1
750 25696 21.9
800 21108 26.2
850 15564 25.5
900 10772 21.2
950 7412 16.2
1000 5218 11.6
1050 3702 8
1100 2572 5.2
1150 1730 3.2
1200 1130 2
1250 728 1.2
1300 468 0.8
1350 302 0.4
1400 196 0.2
1450 128 0.1
1500 82 0
1550 54 0
1600 34 0
1650 22 0
1700 14 0
1750 8 0
1800 6 0
1850 2 0
1900 2 0
1950 0 0
2000 0 0


Tags2008_R1_R1 :
tag-recapture data for tag Tags2008_R1 in years 2009 2010 , step 1, after proportion 0.5 of mortality, with sampling method size, detection probability 1.
Year 2009
class scanned recaptured
100 0 0
150 0 0
200 0 0
250 0 0
300 2 0
350 32 0
400 250 0
450 1218 0.3
500 4030 1.5
550 9580 6.1
600 17274 16.6
650 24578 32.5
700 28212 46.5
750 26520 49.7
800 21040 41.5
850 15028 29.4
900 10506 19.6
950 7514 13.2
1000 5416 8.9
1050 3814 5.8
1100 2590 3.7
1150 1702 2.2
1200 1100 1.2
1250 712 0.7
1300 464 0.3
1350 304 0.1
1400 198 0
1450 130 0
1500 84 0
1550 54 0
1600 36 0
1650 22 0
1700 14 0
1750 8 0
1800 6 0
1850 2 0
1900 2 0
1950 0 0
2000 0 0


Year 2010
class scanned recaptured
100 0 0
150 0 0
200 0 0
250 0 0
300 4 0
350 36 0
400 256 0
450 1286 0.2
500 4372 0.8
550 10420 2.8
600 18240 8.1
650 24730 17.8
700 27342 29.9
750 25696 38.6
800 21108 39.4
850 15564 33.3
900 10772 24.7
950 7412 17.2
1000 5218 11.8
1050 3702 8.3
1100 2572 5.8
1150 1730 4.1
1200 1130 2.7
1250 728 1.7
1300 468 1.1
1350 302 0.5
1400 196 0.3
1450 128 0.1
1500 82 0
1550 54 0
1600 34 0
1650 22 0
1700 14 0
1750 8 0
1800 6 0
1850 2 0
1900 2 0
1950 0 0
2000 0 0


Tags2009_R1_R1 :
tag-recapture data for tag Tags2009_R1 in years 2010 , step 1, after proportion 0.5 of mortality, with sampling method size, detection probability 1.
Year 2010
class scanned recaptured
100 0 0
150 0 0
200 0 0
250 0 0
300 4 0
350 36 0
400 256 0
450 1286 0.3
500 4372 1.6
550 10420 6.2
600 18240 15.9
650 24730 30.6
700 27342 45.2
750 25696 53.6
800 21108 51.6
850 15564 41.5
900 10772 29.3
950 7412 19.3
1000 5218 12.5
1050 3702 8.1
1100 2572 5.1
1150 1730 3.2
1200 1130 2
1250 728 1.2
1300 468 0.8
1350 302 0.5
1400 196 0.3
1450 128 0.2
1500 82 0
1550 54 0
1600 34 0
1650 22 0
1700 14 0
1750 8 0
1800 6 0
1850 2 0
1900 2 0
1950 0 0
2000 0 0



Ageing_error:
  Misclassification matrix:
1 0 0 0 0 0 0 0 0 0 0 0 0 0 0 0 0 0 0 0 0 0 0 0 0 0 0 0 0 0 0 0 0 0 0 
0 1 0 0 0 0 0 0 0 0 0 0 0 0 0 0 0 0 0 0 0 0 0 0 0 0 0 0 0 0 0 0 0 0 0 
0 0 1 0 0 0 0 0 0 0 0 0 0 0 0 0 0 0 0 0 0 0 0 0 0 0 0 0 0 0 0 0 0 0 0 
0 0 0 1 0 0 0 0 0 0 0 0 0 0 0 0 0 0 0 0 0 0 0 0 0 0 0 0 0 0 0 0 0 0 0 
0 0 0 0 1 0 0 0 0 0 0 0 0 0 0 0 0 0 0 0 0 0 0 0 0 0 0 0 0 0 0 0 0 0 0 
0 0 0 0 0 1 0 0 0 0 0 0 0 0 0 0 0 0 0 0 0 0 0 0 0 0 0 0 0 0 0 0 0 0 0 
0 0 0 0 0 0 1 0 0 0 0 0 0 0 0 0 0 0 0 0 0 0 0 0 0 0 0 0 0 0 0 0 0 0 0 
0 0 0 0 0 0 0 1 0 0 0 0 0 0 0 0 0 0 0 0 0 0 0 0 0 0 0 0 0 0 0 0 0 0 0 
0 0 0 0 0 0 0 0 1 0 0 0 0 0 0 0 0 0 0 0 0 0 0 0 0 0 0 0 0 0 0 0 0 0 0 
0 0 0 0 0 0 0 0 0 1 0 0 0 0 0 0 0 0 0 0 0 0 0 0 0 0 0 0 0 0 0 0 0 0 0 
0 0 0 0 0 0 0 0 0 0 1 0 0 0 0 0 0 0 0 0 0 0 0 0 0 0 0 0 0 0 0 0 0 0 0 
0 0 0 0 0 0 0 0 0 0 0 1 0 0 0 0 0 0 0 0 0 0 0 0 0 0 0 0 0 0 0 0 0 0 0 
0 0 0 0 0 0 0 0 0 0 0 0 1 0 0 0 0 0 0 0 0 0 0 0 0 0 0 0 0 0 0 0 0 0 0 
0 0 0 0 0 0 0 0 0 0 0 0 0 1 0 0 0 0 0 0 0 0 0 0 0 0 0 0 0 0 0 0 0 0 0 
0 0 0 0 0 0 0 0 0 0 0 0 0 0 1 0 0 0 0 0 0 0 0 0 0 0 0 0 0 0 0 0 0 0 0 
0 0 0 0 0 0 0 0 0 0 0 0 0 0 0 1 0 0 0 0 0 0 0 0 0 0 0 0 0 0 0 0 0 0 0 
0 0 0 0 0 0 0 0 0 0 0 0 0 0 0 0 1 0 0 0 0 0 0 0 0 0 0 0 0 0 0 0 0 0 0 
0 0 0 0 0 0 0 0 0 0 0 0 0 0 0 0 0 1 0 0 0 0 0 0 0 0 0 0 0 0 0 0 0 0 0 
0 0 0 0 0 0 0 0 0 0 0 0 0 0 0 0 0 0 1 0 0 0 0 0 0 0 0 0 0 0 0 0 0 0 0 
0 0 0 0 0 0 0 0 0 0 0 0 0 0 0 0 0 0 0 1 0 0 0 0 0 0 0 0 0 0 0 0 0 0 0 
0 0 0 0 0 0 0 0 0 0 0 0 0 0 0 0 0 0 0 0 1 0 0 0 0 0 0 0 0 0 0 0 0 0 0 
0 0 0 0 0 0 0 0 0 0 0 0 0 0 0 0 0 0 0 0 0 1 0 0 0 0 0 0 0 0 0 0 0 0 0 
0 0 0 0 0 0 0 0 0 0 0 0 0 0 0 0 0 0 0 0 0 0 1 0 0 0 0 0 0 0 0 0 0 0 0 
0 0 0 0 0 0 0 0 0 0 0 0 0 0 0 0 0 0 0 0 0 0 0 1 0 0 0 0 0 0 0 0 0 0 0 
0 0 0 0 0 0 0 0 0 0 0 0 0 0 0 0 0 0 0 0 0 0 0 0 1 0 0 0 0 0 0 0 0 0 0 
0 0 0 0 0 0 0 0 0 0 0 0 0 0 0 0 0 0 0 0 0 0 0 0 0 1 0 0 0 0 0 0 0 0 0 
0 0 0 0 0 0 0 0 0 0 0 0 0 0 0 0 0 0 0 0 0 0 0 0 0 0 1 0 0 0 0 0 0 0 0 
0 0 0 0 0 0 0 0 0 0 0 0 0 0 0 0 0 0 0 0 0 0 0 0 0 0 0 1 0 0 0 0 0 0 0 
0 0 0 0 0 0 0 0 0 0 0 0 0 0 0 0 0 0 0 0 0 0 0 0 0 0 0 0 1 0 0 0 0 0 0 
0 0 0 0 0 0 0 0 0 0 0 0 0 0 0 0 0 0 0 0 0 0 0 0 0 0 0 0 0 1 0 0 0 0 0 
0 0 0 0 0 0 0 0 0 0 0 0 0 0 0 0 0 0 0 0 0 0 0 0 0 0 0 0 0 0 1 0 0 0 0 
0 0 0 0 0 0 0 0 0 0 0 0 0 0 0 0 0 0 0 0 0 0 0 0 0 0 0 0 0 0 0 1 0 0 0 
0 0 0 0 0 0 0 0 0 0 0 0 0 0 0 0 0 0 0 0 0 0 0 0 0 0 0 0 0 0 0 0 1 0 0 
0 0 0 0 0 0 0 0 0 0 0 0 0 0 0 0 0 0 0 0 0 0 0 0 0 0 0 0 0 0 0 0 0 1 0 
0 0 0 0 0 0 0 0 0 0 0 0 0 0 0 0 0 0 0 0 0 0 0 0 0 0 0 0 0 0 0 0 0 0 1 

Free parameters:

initialization.B0
uniform: bounds from 5000 to 500000
current value: 264467
lower bound: 5000
upper bound: 500000

recruitment.YCS
lognormal with means 1 1 1 1 1 1 1 1 1 1 1 1 1 1 1 1 1 1 1 1 1 c.v.s 1 1 1 1 1 1 1 1 1 1 1 1 1 1 1 1 1 1 1 1 1 :
bounds of
1 1 1 1 1 1 1 1 1 1 1 1 1 1 1 1 1 1 1 1 1 
1 1 1 1 1 1 1 1 1 1 1 1 1 1 1 1 1 1 1 1 1 
current values: 1 1 1 1 1 1 1 1 1 1 1 1 1 1 1 1 1 1 1 1 1 
lower bounds: 1 1 1 1 1 1 1 1 1 1 1 1 1 1 1 1 1 1 1 1 1 
upper bounds: 1 1 1 1 1 1 1 1 1 1 1 1 1 1 1 1 1 1 1 1 1 


Q's:
qs are nuisance parameters

Penalties:
LL_Penalty :
Catch limit penalty of 1000 x the sum of squares of (log(actual catch) - log(specified catch)) for fishery LL to disencourage breaking exploitation rate limits
meanYCS_1 :
Vector average penalty of 100 x square of (mean(recruitment.YCS) - 1) 
Penalty_Tags2005_R1_LL :
'Fish-must-be-tagged' penalty of 1 x square of (actual number of tagged fish - nominal number of tagged fish) for tagging episode Tags2005_R1_LL
Penalty_Tags2006_R1_LL :
'Fish-must-be-tagged' penalty of 1 x square of (actual number of tagged fish - nominal number of tagged fish) for tagging episode Tags2006_R1_LL
Penalty_Tags2007_R1_LL :
'Fish-must-be-tagged' penalty of 1 x square of (actual number of tagged fish - nominal number of tagged fish) for tagging episode Tags2007_R1_LL
Penalty_Tags2008_R1_LL :
'Fish-must-be-tagged' penalty of 1 x square of (actual number of tagged fish - nominal number of tagged fish) for tagging episode Tags2008_R1_LL
Penalty_Tags2009_R1_LL :
'Fish-must-be-tagged' penalty of 1 x square of (actual number of tagged fish - nominal number of tagged fish) for tagging episode Tags2009_R1_LL

Components of the objective function are:
  LL_catchA
  Tags2005_R1_R1
  Tags2006_R1_R1
  Tags2007_R1_R1
  Tags2008_R1_R1
  Tags2009_R1_R1
  prior_on_initialization.B0
  prior_on_recruitment.YCS
  LL_Penalty
  meanYCS_1
  Penalty_Tags2005_R1_LL
  Penalty_Tags2006_R1_LL
  Penalty_Tags2007_R1_LL
  Penalty_Tags2008_R1_LL
  Penalty_Tags2009_R1_LL

Random number seed : 45515


Minimiser achieved convergence after 12 quasi-Newton iterations using 19 objective function evaluations



Approximate Covariance matrix (Inverse Hessian of parameters at point estimate):
15756.5 0 0 0 0 0 0 0 0 0 0 0 0 0 0 0 0 0 0 0 0 0 
0 0 0 0 0 0 0 0 0 0 0 0 0 0 0 0 0 0 0 0 0 0 
0 0 0 0 0 0 0 0 0 0 0 0 0 0 0 0 0 0 0 0 0 0 
0 0 0 0 0 0 0 0 0 0 0 0 0 0 0 0 0 0 0 0 0 0 
0 0 0 0 0 0 0 0 0 0 0 0 0 0 0 0 0 0 0 0 0 0 
0 0 0 0 0 0 0 0 0 0 0 0 0 0 0 0 0 0 0 0 0 0 
0 0 0 0 0 0 0 0 0 0 0 0 0 0 0 0 0 0 0 0 0 0 
0 0 0 0 0 0 0 0 0 0 0 0 0 0 0 0 0 0 0 0 0 0 
0 0 0 0 0 0 0 0 0 0 0 0 0 0 0 0 0 0 0 0 0 0 
0 0 0 0 0 0 0 0 0 0 0 0 0 0 0 0 0 0 0 0 0 0 
0 0 0 0 0 0 0 0 0 0 0 0 0 0 0 0 0 0 0 0 0 0 
0 0 0 0 0 0 0 0 0 0 0 0 0 0 0 0 0 0 0 0 0 0 
0 0 0 0 0 0 0 0 0 0 0 0 0 0 0 0 0 0 0 0 0 0 
0 0 0 0 0 0 0 0 0 0 0 0 0 0 0 0 0 0 0 0 0 0 
0 0 0 0 0 0 0 0 0 0 0 0 0 0 0 0 0 0 0 0 0 0 
0 0 0 0 0 0 0 0 0 0 0 0 0 0 0 0 0 0 0 0 0 0 
0 0 0 0 0 0 0 0 0 0 0 0 0 0 0 0 0 0 0 0 0 0 
0 0 0 0 0 0 0 0 0 0 0 0 0 0 0 0 0 0 0 0 0 0 
0 0 0 0 0 0 0 0 0 0 0 0 0 0 0 0 0 0 0 0 0 0 
0 0 0 0 0 0 0 0 0 0 0 0 0 0 0 0 0 0 0 0 0 0 
0 0 0 0 0 0 0 0 0 0 0 0 0 0 0 0 0 0 0 0 0 0 
0 0 0 0 0 0 0 0 0 0 0 0 0 0 0 0 0 0 0 0 0 0 

Correlation matrix:
1 -1.#IND -1.#IND -1.#IND -1.#IND -1.#IND -1.#IND -1.#IND -1.#IND -1.#IND -1.#IND -1.#IND -1.#IND -1.#IND -1.#IND -1.#IND -1.#IND -1.#IND -1.#IND -1.#IND -1.#IND -1.#IND 
-1.#IND -1.#IND -1.#IND -1.#IND -1.#IND -1.#IND -1.#IND -1.#IND -1.#IND -1.#IND -1.#IND -1.#IND -1.#IND -1.#IND -1.#IND -1.#IND -1.#IND -1.#IND -1.#IND -1.#IND -1.#IND -1.#IND 
-1.#IND -1.#IND -1.#IND -1.#IND -1.#IND -1.#IND -1.#IND -1.#IND -1.#IND -1.#IND -1.#IND -1.#IND -1.#IND -1.#IND -1.#IND -1.#IND -1.#IND -1.#IND -1.#IND -1.#IND -1.#IND -1.#IND 
-1.#IND -1.#IND -1.#IND -1.#IND -1.#IND -1.#IND -1.#IND -1.#IND -1.#IND -1.#IND -1.#IND -1.#IND -1.#IND -1.#IND -1.#IND -1.#IND -1.#IND -1.#IND -1.#IND -1.#IND -1.#IND -1.#IND 
-1.#IND -1.#IND -1.#IND -1.#IND -1.#IND -1.#IND -1.#IND -1.#IND -1.#IND -1.#IND -1.#IND -1.#IND -1.#IND -1.#IND -1.#IND -1.#IND -1.#IND -1.#IND -1.#IND -1.#IND -1.#IND -1.#IND 
-1.#IND -1.#IND -1.#IND -1.#IND -1.#IND -1.#IND -1.#IND -1.#IND -1.#IND -1.#IND -1.#IND -1.#IND -1.#IND -1.#IND -1.#IND -1.#IND -1.#IND -1.#IND -1.#IND -1.#IND -1.#IND -1.#IND 
-1.#IND -1.#IND -1.#IND -1.#IND -1.#IND -1.#IND -1.#IND -1.#IND -1.#IND -1.#IND -1.#IND -1.#IND -1.#IND -1.#IND -1.#IND -1.#IND -1.#IND -1.#IND -1.#IND -1.#IND -1.#IND -1.#IND 
-1.#IND -1.#IND -1.#IND -1.#IND -1.#IND -1.#IND -1.#IND -1.#IND -1.#IND -1.#IND -1.#IND -1.#IND -1.#IND -1.#IND -1.#IND -1.#IND -1.#IND -1.#IND -1.#IND -1.#IND -1.#IND -1.#IND 
-1.#IND -1.#IND -1.#IND -1.#IND -1.#IND -1.#IND -1.#IND -1.#IND -1.#IND -1.#IND -1.#IND -1.#IND -1.#IND -1.#IND -1.#IND -1.#IND -1.#IND -1.#IND -1.#IND -1.#IND -1.#IND -1.#IND 
-1.#IND -1.#IND -1.#IND -1.#IND -1.#IND -1.#IND -1.#IND -1.#IND -1.#IND -1.#IND -1.#IND -1.#IND -1.#IND -1.#IND -1.#IND -1.#IND -1.#IND -1.#IND -1.#IND -1.#IND -1.#IND -1.#IND 
-1.#IND -1.#IND -1.#IND -1.#IND -1.#IND -1.#IND -1.#IND -1.#IND -1.#IND -1.#IND -1.#IND -1.#IND -1.#IND -1.#IND -1.#IND -1.#IND -1.#IND -1.#IND -1.#IND -1.#IND -1.#IND -1.#IND 
-1.#IND -1.#IND -1.#IND -1.#IND -1.#IND -1.#IND -1.#IND -1.#IND -1.#IND -1.#IND -1.#IND -1.#IND -1.#IND -1.#IND -1.#IND -1.#IND -1.#IND -1.#IND -1.#IND -1.#IND -1.#IND -1.#IND 
-1.#IND -1.#IND -1.#IND -1.#IND -1.#IND -1.#IND -1.#IND -1.#IND -1.#IND -1.#IND -1.#IND -1.#IND -1.#IND -1.#IND -1.#IND -1.#IND -1.#IND -1.#IND -1.#IND -1.#IND -1.#IND -1.#IND 
-1.#IND -1.#IND -1.#IND -1.#IND -1.#IND -1.#IND -1.#IND -1.#IND -1.#IND -1.#IND -1.#IND -1.#IND -1.#IND -1.#IND -1.#IND -1.#IND -1.#IND -1.#IND -1.#IND -1.#IND -1.#IND -1.#IND 
-1.#IND -1.#IND -1.#IND -1.#IND -1.#IND -1.#IND -1.#IND -1.#IND -1.#IND -1.#IND -1.#IND -1.#IND -1.#IND -1.#IND -1.#IND -1.#IND -1.#IND -1.#IND -1.#IND -1.#IND -1.#IND -1.#IND 
-1.#IND -1.#IND -1.#IND -1.#IND -1.#IND -1.#IND -1.#IND -1.#IND -1.#IND -1.#IND -1.#IND -1.#IND -1.#IND -1.#IND -1.#IND -1.#IND -1.#IND -1.#IND -1.#IND -1.#IND -1.#IND -1.#IND 
-1.#IND -1.#IND -1.#IND -1.#IND -1.#IND -1.#IND -1.#IND -1.#IND -1.#IND -1.#IND -1.#IND -1.#IND -1.#IND -1.#IND -1.#IND -1.#IND -1.#IND -1.#IND -1.#IND -1.#IND -1.#IND -1.#IND 
-1.#IND -1.#IND -1.#IND -1.#IND -1.#IND -1.#IND -1.#IND -1.#IND -1.#IND -1.#IND -1.#IND -1.#IND -1.#IND -1.#IND -1.#IND -1.#IND -1.#IND -1.#IND -1.#IND -1.#IND -1.#IND -1.#IND 
-1.#IND -1.#IND -1.#IND -1.#IND -1.#IND -1.#IND -1.#IND -1.#IND -1.#IND -1.#IND -1.#IND -1.#IND -1.#IND -1.#IND -1.#IND -1.#IND -1.#IND -1.#IND -1.#IND -1.#IND -1.#IND -1.#IND 
-1.#IND -1.#IND -1.#IND -1.#IND -1.#IND -1.#IND -1.#IND -1.#IND -1.#IND -1.#IND -1.#IND -1.#IND -1.#IND -1.#IND -1.#IND -1.#IND -1.#IND -1.#IND -1.#IND -1.#IND -1.#IND -1.#IND 
-1.#IND -1.#IND -1.#IND -1.#IND -1.#IND -1.#IND -1.#IND -1.#IND -1.#IND -1.#IND -1.#IND -1.#IND -1.#IND -1.#IND -1.#IND -1.#IND -1.#IND -1.#IND -1.#IND -1.#IND -1.#IND -1.#IND 
-1.#IND -1.#IND -1.#IND -1.#IND -1.#IND -1.#IND -1.#IND -1.#IND -1.#IND -1.#IND -1.#IND -1.#IND -1.#IND -1.#IND -1.#IND -1.#IND -1.#IND -1.#IND -1.#IND -1.#IND -1.#IND -1.#IND 

List of parameter names, in the same order as the rows & cols of the covariance/correlation matrices:
initialization.B0 recruitment.YCS 21 



Start extracting output from here

Point estimate:
initialization.B0
current value: 15025.3
lower bound: 5000
upper bound: 500000

recruitment.YCS
current values: 1 1 1 1 1 1 1 1 1 1 1 1 1 1 1 1 1 1 1 1 1 
lower bounds: 1 1 1 1 1 1 1 1 1 1 1 1 1 1 1 1 1 1 1 1 1 
upper bounds: 1 1 1 1 1 1 1 1 1 1 1 1 1 1 1 1 1 1 1 1 1 


In a format suitable for -i :

initialization.B0 recruitment.YCS 21 
15025.3 1 1 1 1 1 1 1 1 1 1 1 1 1 1 1 1 1 1 1 1 1 

Objective function : 909.595

Components :
LL_catchA                                          326.177
Tags2005_R1_R1                                     162.645
Tags2006_R1_R1                                     140.663
Tags2007_R1_R1                                     125.018
Tags2008_R1_R1                                     100.046
Tags2009_R1_R1                                     53.2272
prior_on_initialization.B0                         0
prior_on_recruitment.YCS                           1.81951
LL_Penalty                                         0
meanYCS_1                                          0
Penalty_Tags2005_R1_LL                             2.06795e-025
Penalty_Tags2006_R1_LL                             8.27181e-025
Penalty_Tags2007_R1_LL                             2.06795e-025
Penalty_Tags2008_R1_LL                             1.86116e-024
Penalty_Tags2009_R1_LL                             8.27181e-025

Fits : 

The observations are:
LL_catchA
Tags2005_R1_R1
Tags2006_R1_R1
Tags2007_R1_R1
Tags2008_R1_R1
Tags2009_R1_R1
Fits follow:

LL_catchA :
catch proportions-at-age for fishery LL  with ageing error (not constrained to sum to 1):
obs (last class is a plus group):
class 1       2       3       4       5       6       7       8       9       10      11      12      13      14      15      16      17      18      19      20      21      22      23      24      25      26      27      28      29      30      31      32      33      34      35      
2000 0       0       0       0.002   0.002   0.018   0.091   0.129   0.211   0.117   0.111   0.067   0.063   0.061   0.018   0.033   0.029   0.006   0.011   0.007   0.003   0.003   0.005   0.007   0.003   0       0       0.001   0.001   0       0       0.001   0       0       0       
2001 0       0       0       0       0.006   0.025   0.066   0.151   0.194   0.178   0.086   0.081   0.043   0.04    0.045   0.014   0.022   0.019   0.005   0.008   0.004   0.004   0.002   0.006   0       0.001   0       0       0       0       0       0       0       0       0       
2002 0       0       0       0.002   0.002   0.022   0.048   0.15    0.225   0.171   0.129   0.058   0.047   0.036   0.033   0.023   0.009   0.01    0.007   0.002   0.012   0.004   0.001   0.002   0.005   0       0       0.002   0       0       0       0       0       0       0       
2003 0       0       0       0.003   0.003   0.008   0.074   0.093   0.187   0.193   0.116   0.096   0.051   0.045   0.032   0.026   0.023   0.008   0.016   0.005   0.005   0.004   0.004   0       0.001   0.003   0.001   0.001   0       0.001   0       0       0       0       0.001   
2004 0       0       0       0       0.003   0.024   0.052   0.124   0.144   0.191   0.138   0.093   0.084   0.034   0.034   0.028   0.014   0.011   0.003   0.007   0.009   0.002   0       0.002   0.001   0       0.001   0.001   0       0       0       0       0       0       0       
2005 0       0       0       0.001   0.006   0.025   0.068   0.09    0.192   0.13    0.136   0.108   0.066   0.06    0.036   0.027   0.018   0.011   0.009   0.002   0.001   0.007   0.001   0.003   0.001   0       0       0       0.001   0       0       0       0       0       0.001   
2006 0       0       0       0.003   0.003   0.02    0.085   0.135   0.109   0.185   0.105   0.098   0.086   0.052   0.024   0.025   0.014   0.01    0.011   0.013   0.006   0.005   0.004   0       0.001   0.001   0       0.002   0.001   0.002   0       0       0       0       0       
2007 0       0       0       0.002   0.009   0.014   0.057   0.174   0.198   0.106   0.126   0.061   0.075   0.066   0.036   0.031   0.011   0.008   0.006   0.008   0.003   0       0.002   0.002   0.001   0.002   0.001   0       0       0       0       0       0.001   0       0       
2008 0       0       0       0.001   0.005   0.029   0.045   0.107   0.249   0.177   0.064   0.089   0.046   0.045   0.054   0.03    0.022   0.007   0.009   0.003   0.005   0.006   0.001   0       0.002   0       0.003   0       0       0       0       0.001   0       0       0       
2009 0       0       0       0.001   0.013   0.019   0.064   0.109   0.144   0.238   0.126   0.05    0.06    0.043   0.045   0.031   0.014   0.012   0.009   0.008   0.004   0.005   0.002   0       0.002   0       0       0       0       0       0       0       0       0       0.001   
2010 0       0       0.002   0.002   0.003   0.025   0.092   0.123   0.161   0.141   0.16    0.094   0.027   0.055   0.022   0.025   0.015   0.016   0.007   0.008   0.004   0.004   0.006   0.004   0.001   0.001   0.001   0       0.001   0       0       0       0       0       0       
fits (last class is a plus group):
class 1       2       3       4       5       6       7       8       9       10      11      12      13      14      15      16      17      18      19      20      21      22      23      24      25      26      27      28      29      30      31      32      33      34      35      
2000 5.87613e-007 9.63304e-006 0.000111619 0.000914116 0.00529027 0.0216107 0.0620228 0.12356 0.167826 0.154382 0.11628 0.0870015 0.0647853 0.0480932 0.0356588 0.0265019 0.0198928 0.0152379 0.0119458 0.00942966 0.00738457 0.00572653 0.00438925 0.00331942 0.00247301 0.00181259 0.00130563 0.000923511 0.000641119 0.000436709 0.000291866 0.000191412 0.000123217 7.78853e-005 0.000348381 
2001 5.96787e-007 9.78763e-006 0.000113458 0.000929568 0.00538188 0.0219924 0.063123 0.125658 0.170257 0.155889 0.117017 0.0870112 0.0643988 0.0475234 0.0350187 0.0258078 0.0190842 0.0142627 0.0108817 0.0084971 0.00667935 0.00520656 0.00401637 0.00306001 0.00229842 0.00169925 0.00123489 0.000881245 0.000617078 0.000423803 0.000285422 0.000188505 0.000122115 7.76197e-005 0.000352893 
2002 6.05274e-007 9.93111e-006 0.00011517 0.000943996 0.00546766 0.0223507 0.0641569 0.127625 0.17251 0.157234 0.117353 0.0869692 0.0639785 0.0469368 0.0343919 0.0251983 0.0184845 0.0136152 0.0101392 0.00770849 0.00599664 0.00469387 0.00364101 0.00279279 0.00211392 0.00157605 0.00115556 0.000832129 0.000587959 0.000407355 0.000276637 0.000184125 0.000120126 7.68426e-005 0.00035631 
2003 6.13188e-007 1.00654e-005 0.000116777 0.000957579 0.00554862 0.0226897 0.0651364 0.129485 0.174619 0.158448 0.117598 0.086658 0.063545 0.046347 0.0337708 0.0246126 0.0179567 0.0131261 0.0096381 0.0071553 0.00542172 0.00420148 0.00327382 0.00252592 0.00192541 0.00144696 0.0010701 0.000777592 0.000554505 0.000387702 0.000265632 0.000178292 0.000117232 7.55289e-005 0.000358537 
2004 6.2062e-007 1.01919e-005 0.000118297 0.00097046 0.00562561 0.0230128 0.066071 0.131256 0.176608 0.159555 0.117772 0.0863051 0.0629365 0.0457659 0.0331625 0.0240431 0.0174554 0.0126955 0.00925516 0.00677759 0.00501685 0.0037882 0.00292335 0.00226645 0.00173828 0.00131587 0.000981128 0.000719245 0.000517633 0.000365313 0.000252613 0.000171075 0.000113443 7.36641e-005 0.000359462 
2005 6.27652e-007 1.0312e-005 0.000119745 0.000982766 0.00569935 0.0233229 0.0669692 0.132956 0.178499 0.160573 0.117886 0.0859196 0.0623166 0.0450745 0.0325732 0.023493 0.0169734 0.0122897 0.00891798 0.00648659 0.00473807 0.00349635 0.00262996 0.00201998 0.00155718 0.00118634 0.000891193 0.000658787 0.000478385 0.000340772 0.000237874 0.000162599 0.000108796 7.12503e-005 0.000358969 
2006 6.34452e-007 1.04287e-005 0.000121155 0.000994779 0.00577149 0.0236268 0.0678496 0.134617 0.180321 0.161511 0.117937 0.0854969 0.0616809 0.044383 0.0319127 0.0229627 0.0165108 0.011902 0.00860172 0.00623045 0.00452216 0.00329428 0.0024225 0.00181423 0.00138594 0.00106156 0.000802748 0.000597972 0.000437928 0.000314797 0.00022182 0.000153073 0.000103386 6.83221e-005 0.000357013 
2007 6.4098e-007 1.05411e-005 0.000122518 0.00100643 0.00584163 0.0239229 0.0687086 0.136235 0.182086 0.162392 0.117945 0.0850465 0.0610353 0.0436946 0.0312634 0.0223904 0.0160678 0.0115319 0.00830107 0.00599091 0.00433192 0.00313692 0.00227804 0.00166839 0.00124309 0.000943774 0.000717667 0.000538237 0.000397271 0.000288041 0.000204837 0.000142701 9.73067e-005 6.49128e-005 0.000353448 
2008 6.47299e-007 1.06502e-005 0.000123845 0.00101781 0.00591033 0.0242134 0.0695525 0.137823 0.183803 0.163222 0.117914 0.0845725 0.0603802 0.0430093 0.0306251 0.0218332 0.0156008 0.0111795 0.00801554 0.00576424 0.00415463 0.00299835 0.00216522 0.0015665 0.00114174 0.00084565 0.000637533 0.000480896 0.000357418 0.000261209 0.00018738 0.000131753 9.07031e-005 6.10917e-005 0.000348224 
2009 6.53469e-007 1.0757e-005 0.000125149 0.00102902 0.00597818 0.0245009 0.070388 0.139392 0.185484 0.164005 0.117846 0.0840759 0.0597152 0.0423248 0.0299961 0.0212896 0.015149 0.0108138 0.00774474 0.00554984 0.0039875 0.0028696 0.00206597 0.0014868 0.00107079 0.000776012 0.000570862 0.000426987 0.000319229 0.000234952 0.000169903 0.000120518 8.37446e-005 5.69486e-005 0.000341341 
2010 6.59551e-007 1.08627e-005 0.000126442 0.00104015 0.00604569 0.0247878 0.0712223 0.140956 0.187144 0.164752 0.11774 0.0835534 0.0590376 0.0416372 0.0293714 0.0207559 0.0147096 0.0104609 0.00746645 0.00534685 0.00382973 0.00274849 0.00197392 0.00141672 0.00101523 0.000727205 0.000523543 0.000382179 0.000283371 0.000209821 0.00015282 0.000109283 7.66122e-005 5.25881e-005 0.000332849 
resids (last class is a plus group):
class 1       2       3       4       5       6       7       8       9       10      11      12      13      14      15      16      17      18      19      20      21      22      23      24      25      26      27      28      29      30      31      32      33      34      35      
2000 -5.87613e-007 -9.63304e-006 -0.000111619 0.00108588 -0.00329027 -0.00361065 0.0289772 0.00544013 0.0431738 -0.0373823 -0.00528001 -0.0200015 -0.00178529 0.0129068 -0.0176588 0.00649814 0.00910722 -0.00923795 -0.000945837 -0.00242966 -0.00438457 -0.00272653 0.000610746 0.00368058 0.000526989 -0.00181259 -0.00130563 7.6489e-005 0.000358881 -0.000436709 -0.000291866 0.000808588 -0.000123217 -7.78853e-005 -0.000348381 
2001 -5.96787e-007 -9.78763e-006 -0.000113458 -0.000929568 0.000618117 0.00300759 0.00287703 0.0253424 0.0237432 0.022111 -0.0310167 -0.00601123 -0.0213988 -0.00752342 0.0099813 -0.0118078 0.00291581 0.00473726 -0.00588172 -0.000497096 -0.00267935 -0.00120656 -0.00201637 0.00293999 -0.00229842 -0.000699249 -0.00123489 -0.000881245 -0.000617078 -0.000423803 -0.000285422 -0.000188505 -0.000122115 -7.76197e-005 -0.000352893 
2002 -6.05274e-007 -9.93111e-006 -0.00011517 0.001056 -0.00346766 -0.000350711 -0.0161569 0.0223752 0.0524897 0.0137662 0.0116473 -0.0289692 -0.0169785 -0.0109368 -0.00139193 -0.00219827 -0.00948446 -0.00361516 -0.00313921 -0.00570849 0.00600336 -0.000693866 -0.00264101 -0.000792789 0.00288608 -0.00157605 -0.00115556 0.00116787 -0.000587959 -0.000407355 -0.000276637 -0.000184125 -0.000120126 -7.68426e-005 -0.00035631 
2003 -6.13188e-007 -1.00654e-005 -0.000116777 0.00204242 -0.00254862 -0.0146897 0.00886363 -0.0364847 0.012381 0.0345519 -0.00159836 0.00934196 -0.012545 -0.00134701 -0.00177076 0.00138739 0.00504331 -0.00512614 0.0063619 -0.0021553 -0.000421717 -0.000201485 0.000726181 -0.00252592 -0.000925406 0.00155304 -7.01011e-005 0.000222408 -0.000554505 0.000612298 -0.000265632 -0.000178292 -0.000117232 -7.55289e-005 0.000641463 
2004 -6.2062e-007 -1.01919e-005 -0.000118297 -0.00097046 -0.00262561 0.000987236 -0.014071 -0.00725644 -0.0326082 0.0314447 0.0202281 0.00669494 0.0210635 -0.0117659 0.000837504 0.00395693 -0.00345537 -0.00169555 -0.00625516 0.000222414 0.00398315 -0.0017882 -0.00292335 -0.000266447 -0.000738278 -0.00131587 1.88723e-005 0.000280755 -0.000517633 -0.000365313 -0.000252613 -0.000171075 -0.000113443 -7.36641e-005 -0.000359462 
2005 -6.27652e-007 -1.0312e-005 -0.000119745 1.72342e-005 0.000300648 0.00167711 0.00103081 -0.0429562 0.013501 -0.0305731 0.0181142 0.0220804 0.00368336 0.0149255 0.00342683 0.00350702 0.00102656 -0.00128968 8.20201e-005 -0.00448659 -0.00373807 0.00350365 -0.00162996 0.000980023 -0.000557185 -0.00118634 -0.000891193 -0.000658787 0.000521615 -0.000340772 -0.000237874 -0.000162599 -0.000108796 -7.12503e-005 0.000641031 
2006 -6.34452e-007 -1.04287e-005 -0.000121155 0.00200522 -0.00277149 -0.00362677 0.0171504 0.000383467 -0.0713215 0.0234891 -0.0129375 0.0125031 0.0243191 0.00761697 -0.00791268 0.00203732 -0.00251076 -0.00190197 0.00239828 0.00676955 0.00147784 0.00170572 0.0015775 -0.00181423 -0.000385942 -6.15633e-005 -0.000802748 0.00140203 0.000562072 0.0016852 -0.00022182 -0.000153073 -0.000103386 -6.83221e-005 -0.000357013 
2007 -6.4098e-007 -1.05411e-005 -0.000122518 0.000993571 0.00315837 -0.00992285 -0.0117086 0.0377647 0.0159138 -0.056392 0.00805524 -0.0240465 0.0139647 0.0223054 0.00473657 0.0086096 -0.00506777 -0.0035319 -0.00230107 0.00200909 -0.00133192 -0.00313692 -0.000278041 0.000331615 -0.000243088 0.00105623 0.000282333 -0.000538237 -0.000397271 -0.000288041 -0.000204837 -0.000142701 0.000902693 -6.49128e-005 -0.000353448 
2008 -6.47299e-007 -1.06502e-005 -0.000123845 -1.78138e-005 -0.000910328 0.00478657 -0.0245525 -0.0308232 0.0651972 0.0137781 -0.0539144 0.00442745 -0.0143802 0.00199071 0.0233749 0.00816685 0.00639925 -0.00417946 0.000984461 -0.00276424 0.000845371 0.00300165 -0.00116522 -0.0015665 0.000858264 -0.00084565 0.00236247 -0.000480896 -0.000357418 -0.000261209 -0.00018738 0.000868247 -9.07031e-005 -6.10917e-005 -0.000348224 
2009 -6.53469e-007 -1.0757e-005 -0.000125149 -2.90178e-005 0.00702182 -0.00550095 -0.00638802 -0.0303924 -0.0414838 0.0739947 0.00815428 -0.0340759 0.000284791 0.000675225 0.0150039 0.0097104 -0.00114898 0.00118622 0.00125526 0.00245016 1.25046e-005 0.0021304 -6.59738e-005 -0.0014868 0.000929208 -0.000776012 -0.000570862 -0.000426987 -0.000319229 -0.000234952 -0.000169903 -0.000120518 -8.37446e-005 -5.69486e-005 0.000658659 
2010 -6.59551e-007 -1.08627e-005 0.00187356 0.000959847 -0.00304569 0.000212156 0.0207777 -0.0179561 -0.0261442 -0.0237518 0.0422597 0.0104466 -0.0320376 0.0133628 -0.0073714 0.00424413 0.000290437 0.00553905 -0.000466453 0.00265315 0.000170266 0.00125151 0.00402608 0.00258328 -1.52344e-005 0.000272795 0.000476457 -0.000382179 0.000716629 -0.000209821 -0.00015282 -0.000109283 -7.66122e-005 -5.25881e-005 -0.000332849 
pearson_resids (last class is a plus group):
class 1       2       3       4       5       6       7       8       9       10      11      12      13      14      15      16      17      18      19      20      21      22      23      24      25      26      27      28      29      30      31      32      33      34      35      
2000 -0.00766559 -0.0310373 -0.105656 0.35932 -0.45357 -0.248311 1.20139 0.165314 1.15527 -1.03462 -0.164712 -0.709684 -0.0725296 0.603227 -0.952274 0.40456 0.652231 -0.754131 -0.0870598 -0.251394 -0.512122 -0.361337 0.092389 0.639892 0.106103 -0.426132 -0.361571 0.0251813 0.141782 -0.209022 -0.170866 0.5845  -0.11101 -0.0882561 -0.186682 
2001 -0.0077252 -0.0312853 -0.106523 -0.30503 0.0844842 0.205074 0.118307 0.764561 0.631706 0.609538 -0.964928 -0.213276 -0.871776 -0.353618 0.542972 -0.744684 0.213112 0.399526 -0.566933 -0.0541575 -0.328941 -0.167652 -0.318807 0.532291 -0.47997 -0.169775 -0.351628 -0.296989 -0.248487 -0.205908 -0.168968 -0.13731 -0.110512 -0.0881054 -0.187888 
2002 -0.00777994 -0.0315138 -0.107324 0.343863 -0.470247 -0.0237253 -0.65938 0.670575 1.38926 0.37817 0.361897 -1.02804 -0.693807 -0.517096 -0.0763814 -0.140261 -0.704142 -0.311956 -0.313352 -0.652705 0.777582 -0.101515 -0.438481 -0.150226 0.628381 -0.397308 -0.340131 0.405024 -0.24255 -0.201871 -0.166347 -0.135705 -0.109608 -0.0876633 -0.188795 
2003 -0.00783063 -0.0317261 -0.10807 0.660338 -0.3431 -0.986466 0.359191 -1.08671 0.326125 0.94621 -0.0496182 0.33206 -0.514264 -0.0640713 -0.098028 0.0895428 0.379784 -0.450393 0.65117 -0.255713 -0.0574293 -0.0311497 0.127125 -0.503221 -0.211101 0.408571 -0.021441 0.079789 -0.235545 0.311027 -0.163004 -0.133538 -0.10828 -0.0869106 0.33883 
2004 -0.00787795 -0.0319249 -0.108771 -0.311673 -0.351051 0.0658404 -0.566451 -0.214891 -0.855103 0.858692 0.627544 0.238412 0.867351 -0.563022 0.0467721 0.258314 -0.263848 -0.151446 -0.653229 0.0271082 0.563771 -0.291088 -0.541472 -0.0560313 -0.17723 -0.362988 0.00602802 0.104724 -0.227574 -0.191166 -0.158958 -0.130807 -0.106516 -0.0858309 -0.189629 
2005 -0.00792245 -0.0321125 -0.109435 0.00550023 0.0399381 0.111121 0.0412375 -1.26518 0.352569 -0.832743 0.561728 0.787896 0.152375 0.719413 0.193043 0.231543 0.0794724 -0.117057 0.00872433 -0.558883 -0.54435 0.593573 -0.318255 0.218274 -0.141308 -0.344638 -0.298662 -0.256753 0.238542 -0.184632 -0.15425 -0.127525 -0.104311 -0.0844129 0.338399 
2006 -0.00796525 -0.0322937 -0.110077 0.636085 -0.36587 -0.238787 0.681958 0.011235 -1.85513 0.638288 -0.40112 0.447148 1.01087 0.369856 -0.450178 0.136017 -0.197032 -0.175386 0.259706 0.860315 0.220262 0.297677 0.320895 -0.426324 -0.103741 -0.0189051 -0.283442 0.573517 0.26865 0.949961 -0.148953 -0.123732 -0.101684 -0.08266 -0.188982 
2007 -0.00800613 -0.0324672 -0.110695 0.313347 0.414447 -0.649364 -0.462867 1.10089 0.412365 -1.52902 0.249742 -0.862034 0.583331 1.09118 0.272172 0.581928 -0.403048 -0.330809 -0.253614 0.26035 -0.202806 -0.560962 -0.0583209 0.0812547 -0.0689893 0.343976 0.105428 -0.232062 -0.199356 -0.169742 -0.143136 -0.119466 0.915145 -0.0805711 -0.188035 
2008 -0.00804549 -0.0326348 -0.111293 -0.00558654 -0.118762 0.3114  -0.965145 -0.894166 1.68328 0.372816 -1.67173 0.159121 -0.603728 0.0981236 1.35664 0.558843 0.516381 -0.397512 0.110403 -0.36514 0.131427 0.548998 -0.250685 -0.396101 0.254148 -0.290924 0.93595 -0.219346 -0.189089 -0.161641 -0.1369 0.75647 -0.0952425 -0.0781635 -0.18664 
2009 -0.00808374 -0.0327981 -0.111877 -0.0090506 0.910892 -0.355822 -0.249727 -0.87749 -1.06727 1.99834 0.252905 -1.22795 0.0120186 0.0335384 0.8796  0.672708 -0.0940668 0.114693 0.143192 0.32981 0.00198422 0.398267 -0.0145298 -0.385878 0.284114 -0.278678 -0.238995 -0.206681 -0.178698 -0.153299 -0.130358 -0.109787 -0.0915159 -0.0754664 0.356566 
2010 -0.00812128 -0.0329589 1.66628 0.297769 -0.392898 0.0136454 0.807855 -0.516015 -0.670318 -0.640285 1.31119 0.377518 -1.35928 0.668945 -0.436577 0.297696 0.0241252 0.544419 -0.0541849 0.363811 0.0275662 0.239048 0.907084 0.686809 -0.0047837 0.101197 0.208286 -0.195531 0.425773 -0.144867 -0.12363 -0.104544 -0.0875318 -0.0725196 -0.182472 
objective function: multinomial likelihood, with delta = 1e-011, N =
100 100 100 100 100 100 100 100 100 100 100 100 100 100 100 100 100 100 100 100 100 100 100 100 100 100 100 100 100 100 100 100 100 100 100 
100 100 100 100 100 100 100 100 100 100 100 100 100 100 100 100 100 100 100 100 100 100 100 100 100 100 100 100 100 100 100 100 100 100 100 
100 100 100 100 100 100 100 100 100 100 100 100 100 100 100 100 100 100 100 100 100 100 100 100 100 100 100 100 100 100 100 100 100 100 100 
100 100 100 100 100 100 100 100 100 100 100 100 100 100 100 100 100 100 100 100 100 100 100 100 100 100 100 100 100 100 100 100 100 100 100 
100 100 100 100 100 100 100 100 100 100 100 100 100 100 100 100 100 100 100 100 100 100 100 100 100 100 100 100 100 100 100 100 100 100 100 
100 100 100 100 100 100 100 100 100 100 100 100 100 100 100 100 100 100 100 100 100 100 100 100 100 100 100 100 100 100 100 100 100 100 100 
100 100 100 100 100 100 100 100 100 100 100 100 100 100 100 100 100 100 100 100 100 100 100 100 100 100 100 100 100 100 100 100 100 100 100 
100 100 100 100 100 100 100 100 100 100 100 100 100 100 100 100 100 100 100 100 100 100 100 100 100 100 100 100 100 100 100 100 100 100 100 
100 100 100 100 100 100 100 100 100 100 100 100 100 100 100 100 100 100 100 100 100 100 100 100 100 100 100 100 100 100 100 100 100 100 100 
100 100 100 100 100 100 100 100 100 100 100 100 100 100 100 100 100 100 100 100 100 100 100 100 100 100 100 100 100 100 100 100 100 100 100 
100 100 100 100 100 100 100 100 100 100 100 100 100 100 100 100 100 100 100 100 100 100 100 100 100 100 100 100 100 100 100 100 100 100 100 

Tags2005_R1_R1 :
tag-recapture data for tag Tags2005_R1 in years 2006 2007 2008 2009 2010 , step 1, after proportion 0.5 of mortality, with sampling method size, detection probability 1.
Year 2006
class scanned recaptured expected_prop neg_log_likelihood
100 0 0 0 0
150 0 0 3.59695e-011 0
200 0 0 1.86525e-010 0
250 0 0 1.07828e-009 0
300 2 0 1.36784e-008 2.73568e-008
350 30 0 1.70569e-007 5.11706e-006
400 224 0 1.53107e-006 0.000342959
450 1160 0.2 9.74675e-006 0.822342
500 4146 0.8 4.42245e-005 1.46929
550 10206 3.4 0.000146811 2.43962
600 17728 10.1 0.000370839 2.89446
650 23168 21.4 0.000742962 2.9268
700 24848 33.6 0.00122369 2.84037
750 23434 40.5 0.00170773 2.77367
800 20126 39.7 0.00208265 2.82045
850 16034 33.2 0.0022935 2.85168
900 11984 24.7 0.00234795 2.7443
950 8452 16.9 0.0022789 2.4879
1000 5688 10.6 0.0021196 2.19821
1050 3742 6.2 0.0018992 1.90441
1100 2468 3.5 0.00164362 1.60846
1150 1654 2 0.00137506 1.32353
1200 1118 1.1 0.00111151 1.04864
1250 756 0.6 0.00086822 0.796002
1300 506 0.3 0.000657165 0.554367
1350 336 0.1 0.000485412 0.294423
1400 222 0.1 0.000353572 0.282871
1450 148 0 0.000256571 0.0379773
1500 98 0 0.000187484 0.0183751
1550 64 0 0.000140264 0.00897752
1600 42 0 0.000107773 0.0045267
1650 26 0 8.60713e-005 0.00223795
1700 16 0 7.1287e-005 0.00114063
1750 10 0 6.10067e-005 0.000610086
1800 6 0 5.39516e-005 0.000323719
1850 2 0 4.92117e-005 9.84258e-005
1900 2 0 4.60818e-005 9.21658e-005
1950 0 0 4.40374e-005 0
2000 0 0 4.27069e-005 0

total neg_log_likelihood: 37.1565


Year 2007
class scanned recaptured expected_prop neg_log_likelihood
100 0 0 0 0
150 0 0 1.2063e-013 0
200 0 0 1.17799e-011 0
250 0 0 1.3796e-010 0
300 2 0 2.38347e-009 4.76695e-009
350 32 0 3.19721e-008 1.02311e-006
400 226 0 3.08797e-007 6.97881e-005
450 1114 0.1 2.29419e-006 0.549584
500 3934 0.5 1.26058e-005 1.43074
550 10132 2.1 5.09996e-005 2.69062
600 18934 6.2 0.000156541 3.18446
650 25902 13.2 0.000378265 2.7475
700 27146 21.5 0.000742848 2.4997
750 23768 28.5 0.0012142 2.59846
800 19140 31.6 0.00168868 2.65545
850 14950 29.7 0.00205441 2.63326
900 11358 23.9 0.00225587 2.56766
950 8280 16.7 0.00229878 2.48028
1000 5754 10.3 0.00221676 2.34584
1050 3838 5.6 0.00204463 2.15296
1100 2510 2.8 0.00181299 1.85426
1150 1644 1.3 0.00154868 1.4854
1200 1090 0.6 0.00127452 1.0794
1250 730 0.2 0.00101014 0.713016
1300 488 0.1 0.000772489 0.424636
1350 322 0 0.000574015 0.184886
1400 212 0 0.00041934 0.0889187
1450 140 0 0.00030482 0.0426813
1500 92 0 0.000223127 0.02053
1550 60 0 0.00016732 0.01004
1600 40 0 0.000128795 0.00515213
1650 26 0 0.000102936 0.00267648
1700 16 0 8.51596e-005 0.00136261
1750 10 0 7.26282e-005 0.000726308
1800 6 0 6.3896e-005 0.000383388
1850 2 0 5.7941e-005 0.000115885
1900 2 0 5.39559e-005 0.000107915
1950 0 0 5.13255e-005 0
2000 0 0 4.96037e-005 0

total neg_log_likelihood: 36.4509


Year 2008
class scanned recaptured expected_prop neg_log_likelihood
100 0 0 0 0
150 0 0 0 0
200 0 0 3.51618e-013 0
250 0 0 1.42057e-011 0
300 2 0 4.08463e-010 8.16926e-010
350 32 0 6.66848e-009 2.13391e-007
400 236 0 6.56278e-008 1.54882e-005
450 1134 0 5.09925e-007 0.000578256
500 3804 0.2 3.23137e-006 0.806656
550 9466 0.8 1.55766e-005 1.60777
600 17940 2.9 5.75287e-005 2.60813
650 26018 7.5 0.000167155 2.87369
700 29048 14.1 0.000392152 2.54702
750 25826 20.6 0.00075726 2.46258
800 19792 24 0.00122252 2.51163
850 14456 23.5 0.00168354 2.51477
900 10648 19.9 0.00203316 2.49034
950 7838 15.1 0.00221838 2.43873
1000 5606 10.5 0.00224509 2.28531
1050 3848 6.8 0.00214682 2.0266
1100 2546 4.2 0.00195959 1.72157
1150 1656 2.5 0.00171496 1.43074
1200 1078 1.5 0.00144071 1.17671
1250 708 0.8 0.0011614 0.90717
1300 468 0.5 0.0008995 0.732258
1350 310 0.2 0.000673842 0.436383
1400 202 0.1 0.000494432 0.280139
1450 132 0 0.000360279 0.0475654
1500 86 0 0.000264276 0.0227307
1550 56 0 0.000198763 0.0111319
1600 36 0 0.00015351 0.00552678
1650 24 0 0.00012309 0.00295433
1700 14 0 0.000102069 0.00142904
1750 10 0 8.71095e-005 0.000871133
1800 6 0 7.65699e-005 0.000459437
1850 2 0 6.9304e-005 0.000138613
1900 2 0 6.4394e-005 0.000128792
1950 0 0 6.11271e-005 0
2000 0 0 5.89793e-005 0

total neg_log_likelihood: 33.9517


Year 2009
class scanned recaptured expected_prop neg_log_likelihood
100 0 0 0 0
150 0 0 0 0
200 0 0 1.19428e-015 0
250 0 0 9.71772e-013 0
300 2 0 5.88456e-011 1.17691e-010
350 32 0 1.40014e-009 4.48046e-008
400 250 0 1.59864e-008 3.99661e-006
450 1218 0 1.15591e-007 0.000140789
500 4030 0 7.83438e-007 0.00315726
550 9580 0.2 4.3276e-006 0.592688
600 17274 1 1.8877e-005 1.44667
650 24578 2.7 6.53877e-005 1.75418
700 28212 5.3 0.000182634 1.7705
750 26520 8.6 0.000416912 2.30015
800 21040 12.1 0.000786814 2.83435
850 15028 14.5 0.00124513 2.77607
900 10506 15 0.00168856 2.50159
950 7514 13.3 0.00201605 2.33611
1000 5416 10.3 0.00217941 2.19248
1050 3814 7.1 0.00218529 2.00632
1100 2590 4.4 0.00206738 1.76861
1150 1702 2.5 0.00186201 1.48586
1200 1100 1.3 0.0016021 1.17939
1250 712 0.7 0.00131725 0.886514
1300 464 0.3 0.00103598 0.591989
1350 304 0.2 0.000784356 0.439468
1400 198 0.1 0.000579198 0.281117
1450 130 0 0.0004236 0.0550797
1500 84 0 0.000311571 0.026176
1550 54 0 0.000235115 0.0126977
1600 36 0 0.000182316 0.00656398
1650 22 0 0.00014685 0.00323093
1700 14 0 0.000122293 0.0017122
1750 8 0 0.000104711 0.000837735
1800 6 0 9.22288e-005 0.000553399
1850 2 0 8.35557e-005 0.000167118
1900 2 0 7.76527e-005 0.000155311
1950 0 0 7.37008e-005 0
2000 0 0 7.10909e-005 0

total neg_log_likelihood: 29.2545


Year 2010
class scanned recaptured expected_prop neg_log_likelihood
100 0 0 0 0
150 0 0 0 0
200 0 0 0 0
250 0 0 3.00593e-014 0
300 4 0 6.35075e-012 2.54028e-011
350 36 0 2.59482e-010 9.34136e-009
400 256 0 4.39189e-009 1.12432e-006
450 1286 0 2.89545e-008 3.72355e-005
500 4372 0 1.92256e-007 0.000840543
550 10420 0 1.14543e-006 0.0119354
600 18240 0.2 5.71169e-006 0.471127
650 24730 0.8 2.31886e-005 0.947217
700 27342 2.2 7.64392e-005 1.3536
750 25696 4.5 0.000205391 1.74973
800 21108 7.2 0.000452956 2.2365
850 15564 9.3 0.000828648 2.59912
900 10772 10 0.00127836 2.64981
950 7412 9.4 0.0017003 2.4948
1000 5218 8.1 0.00200064 2.25913
1050 3702 6.4 0.00213672 2.01386
1100 2572 4.7 0.00211708 1.7631
1150 1730 3.1 0.00197498 1.52572
1200 1130 1.9 0.00174794 1.28396
1250 728 1.1 0.00147073 1.04024
1300 468 0.5 0.00117809 0.727729
1350 302 0.2 0.000903997 0.446962
1400 196 0 0.000673439 0.132039
1450 128 0 0.000495215 0.0634033
1500 82 0 0.000365622 0.0299865
1550 54 0 0.00027695 0.0149574
1600 34 0 0.000215687 0.00733414
1650 22 0 0.000174594 0.00384141
1700 14 0 0.000146145 0.00204618
1750 8 0 0.000125715 0.00100578
1800 6 0 0.000111139 0.00066687
1850 2 0 0.000100957 0.000201924
1900 2 0 9.3992e-005 0.000187993
1950 0 0 8.93083e-005 0
2000 0 0 8.62033e-005 0

total neg_log_likelihood: 25.8311


Tags2006_R1_R1 :
tag-recapture data for tag Tags2006_R1 in years 2007 2008 2009 2010 , step 1, after proportion 0.5 of mortality, with sampling method size, detection probability 1.
Year 2007
class scanned recaptured expected_prop neg_log_likelihood
100 0 0 0 0
150 0 0 1.85859e-011 0
200 0 0 1.2283e-010 0
250 0 0 8.92279e-010 0
300 2 0 1.17591e-008 2.35182e-008
350 32 0 1.46418e-007 4.68537e-006
400 226 0 1.374e-006 0.000310525
450 1114 0.2 9.23993e-006 0.840098
500 3934 0.8 4.36195e-005 1.51054
550 10132 3.8 0.000147858 2.84356
600 18934 11.1 0.000376225 3.07693
650 25902 22.6 0.000753626 2.71242
700 27146 34.6 0.00123779 2.70736
750 23768 42.2 0.00172473 2.80885
800 19140 42.7 0.00210914 2.86306
850 14950 37.1 0.00234316 2.78687
900 11358 28.9 0.00243365 2.63077
950 8280 20.6 0.00240363 2.44651
1000 5754 13.6 0.00227333 2.23911
1050 3838 8.3 0.0020633 1.99506
1100 2510 4.7 0.00179835 1.71328
1150 1644 2.5 0.00150541 1.40961
1200 1090 1.3 0.00120953 1.11265
1250 730 0.7 0.000932696 0.853652
1300 488 0.4 0.000692178 0.651905
1350 322 0.3 0.000498393 0.600743
1400 212 0.1 0.000352661 0.283999
1450 140 0.1 0.000248396 0.320446
1500 92 0.1 0.000176399 0.377949
1550 60 0 0.000128611 0.00771718
1600 40 0 9.65467e-005 0.00386206
1650 26 0 7.55539e-005 0.00196448
1700 16 0 6.14726e-005 0.000983592
1750 10 0 5.18016e-005 0.000518029
1800 6 0 4.52308e-005 0.000271391
1850 2 0 4.08509e-005 8.17035e-005
1900 2 0 3.79763e-005 7.59541e-005
1950 0 0 3.61077e-005 0
2000 0 0 3.48962e-005 0

total neg_log_likelihood: 38.8012


Year 2008
class scanned recaptured expected_prop neg_log_likelihood
100 0 0 0 0
150 0 0 6.09483e-014 0
200 0 0 6.69078e-012 0
250 0 0 1.06961e-010 0
300 2 0 2.12449e-009 4.24898e-009
350 32 0 2.8333e-008 9.06655e-007
400 236 0 2.74011e-007 6.46666e-005
450 1134 0 2.11177e-006 0.00239475
500 3804 0.3 1.21002e-005 0.861368
550 9466 1.6 5.04393e-005 2.0177
600 17940 5.6 0.000157319 2.85475
650 26018 13.1 0.000382444 2.66443
700 29048 22.5 0.000751441 2.48926
750 25826 29.2 0.00122666 2.70813
800 19792 30.8 0.00170622 2.76942
850 14456 28.1 0.00208437 2.65905
900 10648 23.2 0.00231089 2.53459
950 7838 17.9 0.00238944 2.38349
1000 5606 12.9 0.0023436 2.20504
1050 3848 8.7 0.0021962 2.01268
1100 2546 5.4 0.00197056 1.79078
1150 1656 3.1 0.0016933 1.52561
1200 1078 1.7 0.00139241 1.24462
1250 708 0.9 0.00109472 0.964784
1300 468 0.4 0.000824232 0.646737
1350 310 0.3 0.000598862 0.582182
1400 202 0.1 0.000425691 0.281223
1450 132 0.1 0.000300456 0.312164
1500 86 0 0.00021365 0.0183759
1550 56 0 0.000156055 0.00873974
1600 36 0 0.00011734 0.00422447
1650 24 0 9.1913e-005 0.00220601
1700 14 0 7.47287e-005 0.00104624
1750 10 0 6.27745e-005 0.000627765
1800 6 0 5.453e-005 0.000327189
1850 2 0 4.89518e-005 9.79059e-005
1900 2 0 4.52403e-005 9.04826e-005
1950 0 0 4.28001e-005 0
2000 0 0 4.12081e-005 0

total neg_log_likelihood: 35.5462


Year 2009
class scanned recaptured expected_prop neg_log_likelihood
100 0 0 0 0
150 0 0 0 0
200 0 0 1.81907e-013 0
250 0 0 9.54868e-012 0
300 2 0 3.54254e-010 7.08509e-010
350 32 0 6.0983e-009 1.95146e-007
400 250 0 5.90169e-008 1.47542e-005
450 1218 0 4.61641e-007 0.000562279
500 4030 0.1 3.02067e-006 0.403141
550 9580 0.7 1.50527e-005 1.40394
600 17274 2.8 5.69161e-005 2.57704
650 24578 6.9 0.000167542 2.67635
700 28212 13.1 0.000395264 2.37259
750 26520 19 0.000764379 2.43594
800 21040 22 0.00123428 2.7882
850 15028 21.7 0.00170264 2.77269
900 10506 18.8 0.00206749 2.59567
950 7514 14.9 0.00227943 2.42614
1000 5416 10.7 0.00234099 2.27437
1050 3814 7.2 0.00227555 2.05074
1100 2590 4.5 0.00210825 1.77867
1150 1702 2.9 0.00186466 1.49124
1200 1100 1.9 0.00157344 1.29051
1250 712 1.3 0.00126484 1.19011
1300 464 1 0.000969171 1.24813
1350 304 0.7 0.000712755 1.19064
1400 198 0.3 0.000510239 0.679904
1450 130 0.2 0.000361456 0.572504
1500 84 0.1 0.000257596 0.354538
1550 54 0 0.00018863 0.010187
1600 36 0 0.000142251 0.0051214
1650 22 0 0.000111785 0.00245941
1700 14 0 9.11255e-005 0.00127582
1750 8 0 7.66377e-005 0.000613125
1800 6 0 6.65434e-005 0.000399274
1850 2 0 5.96415e-005 0.000119287
1900 2 0 5.50047e-005 0.000110012
1950 0 0 5.19307e-005 0
2000 0 0 4.99132e-005 0

total neg_log_likelihood: 36.5939


Year 2010
class scanned recaptured expected_prop neg_log_likelihood
100 0 0 0 0
150 0 0 0 0
200 0 0 6.04001e-016 0
250 0 0 5.54079e-013 0
300 4 0 4.63489e-011 1.85396e-010
350 36 0 1.28125e-009 4.61251e-008
400 256 0 1.47426e-008 3.7741e-006
450 1286 0 1.04754e-007 0.000134714
500 4372 0 7.19594e-007 0.00314607
550 10420 0.2 4.08818e-006 0.588402
600 18240 0.7 1.83228e-005 1.00558
650 24730 2.3 6.46876e-005 1.50617
700 27342 5.5 0.000182684 1.81107
750 25696 10 0.000419301 2.1069
800 21108 14 0.000793135 2.4821
850 15564 16.2 0.00125702 2.62387
900 10772 15.9 0.00171002 2.48777
950 7412 13.7 0.00205537 2.31296
1000 5218 10.8 0.00224679 2.15286
1050 3702 7.8 0.00228617 1.98239
1100 2572 5.2 0.00219717 1.77681
1150 1730 3.3 0.00200623 1.5444
1200 1130 2 0.00174185 1.30622
1250 728 1.1 0.00143565 1.04126
1300 468 0.6 0.00112299 0.798308
1350 302 0.4 0.000838684 0.682343
1400 196 0.2 0.000606457 0.458951
1450 128 0.1 0.000432175 0.294529
1500 82 0.1 0.000309112 0.342409
1550 54 0.1 0.000227101 0.401652
1600 34 0 0.000171885 0.00584459
1650 22 0 0.000135647 0.00298443
1700 14 0 0.000111057 0.00155488
1750 8 0 9.37406e-005 0.00074996
1800 6 0 8.15992e-005 0.000489615
1850 2 0 7.32394e-005 0.000146484
1900 2 0 6.75853e-005 0.000135175
1950 0 0 6.3815e-005 0
2000 0 0 6.13283e-005 0

total neg_log_likelihood: 29.7221


Tags2007_R1_R1 :
tag-recapture data for tag Tags2007_R1 in years 2008 2009 2010 , step 1, after proportion 0.5 of mortality, with sampling method size, detection probability 1.
Year 2008
class scanned recaptured expected_prop neg_log_likelihood
100 0 0 0 0
150 0 0 3.54129e-011 0
200 0 0 1.66616e-010 0
250 0 0 1.03005e-009 0
300 2 0 1.35028e-008 2.70056e-008
350 32 0 1.65995e-007 5.31184e-006
400 236 0 1.50533e-006 0.000355257
450 1134 0.2 9.86068e-006 0.824425
500 3804 1.4 4.60215e-005 2.83157
550 9466 5.6 0.000155464 5.15127
600 17940 15.7 0.000394776 6.18321
650 26018 30.9 0.000787707 4.9205
700 29048 44.4 0.00128467 3.45083
750 25826 48.5 0.00177197 2.94091
800 19792 43 0.00214169 2.80479
850 14456 33.6 0.00235474 2.68038
900 10648 24.7 0.00243102 2.55219
950 7838 17.7 0.00240074 2.39321
1000 5606 12.1 0.00228231 2.1906
1050 3848 7.8 0.00208937 1.95929
1100 2546 4.7 0.00183973 1.70953
1150 1656 2.7 0.00155572 1.44841
1200 1078 1.5 0.00126051 1.18289
1250 708 0.8 0.00097669 0.914973
1300 468 0.5 0.000724442 0.75857
1350 310 0.3 0.000518353 0.600547
1400 202 0.2 0.000362998 0.510065
1450 132 0.1 0.000252792 0.323149
1500 86 0.1 0.000177886 0.382889
1550 56 0.1 0.00012909 0.449507
1600 36 0 9.68999e-005 0.00348857
1650 24 0 7.61091e-005 0.00182669
1700 14 0 6.22863e-005 0.000872035
1750 10 0 5.28348e-005 0.000528362
1800 6 0 4.64241e-005 0.000278551
1850 2 0 4.21517e-005 8.43052e-005
1900 2 0 3.93456e-005 7.86927e-005
1950 0 0 3.75195e-005 0
2000 0 0 3.63361e-005 0

total neg_log_likelihood: 49.1712


Year 2009
class scanned recaptured expected_prop neg_log_likelihood
100 0 0 0 0
150 0 0 1.2249e-013 0
200 0 0 1.07977e-011 0
250 0 0 1.26254e-010 0
300 2 0 2.36275e-009 4.7255e-009
350 32 0 3.16634e-008 1.01323e-006
400 250 0 3.02684e-007 7.5671e-005
450 1218 0 2.27872e-006 0.00277548
500 4030 0.5 1.28224e-005 1.41225
550 9580 2.3 5.30057e-005 3.0536
600 17274 7.6 0.000164798 4.65419
650 24578 17.5 0.000399711 4.78359
700 28212 28.9 0.000782383 3.56534
750 26520 35.9 0.00126884 2.78467
800 21040 35.1 0.00174858 2.73907
850 15028 28.8 0.00211367 2.74418
900 10506 21.6 0.00232201 2.6251
950 7514 15.5 0.0023891 2.46971
1000 5416 10.9 0.00234469 2.25414
1050 3814 7.3 0.00220941 2.00241
1100 2590 4.6 0.00199986 1.73295
1150 1702 2.7 0.00173596 1.45682
1200 1100 1.4 0.00144131 1.15647
1250 712 0.8 0.00114134 0.906968
1300 464 0.4 0.000861677 0.646472
1350 304 0.1 0.000624224 0.305938
1400 198 0.1 0.000440189 0.281037
1450 130 0 0.000307411 0.0399696
1500 84 0 0.000216394 0.0181791
1550 54 0 0.000156976 0.00847736
1600 36 0 0.000117706 0.00423767
1650 22 0 9.23048e-005 0.0020308
1700 14 0 7.53331e-005 0.0010547
1750 8 0 6.36101e-005 0.000508897
1800 6 0 5.55556e-005 0.000333343
1850 2 0 5.01148e-005 0.000100232
1900 2 0 4.64958e-005 9.29937e-005
1950 0 0 4.41147e-005 0
2000 0 0 4.25593e-005 0

total neg_log_likelihood: 41.6527


Year 2010
class scanned recaptured expected_prop neg_log_likelihood
100 0 0 0 0
150 0 0 0 0
200 0 0 3.46721e-013 0
250 0 0 1.26181e-011 0
300 4 0 3.91708e-010 1.56683e-009
350 36 0 6.67432e-009 2.40275e-007
400 256 0 6.46257e-008 1.65442e-005
450 1286 0 5.01238e-007 0.000644592
500 4372 0.2 3.22093e-006 0.781262
550 10420 0.7 1.58414e-005 1.33022
600 18240 2.5 5.95234e-005 2.08109
650 24730 6.9 0.00017475 2.54686
700 27342 14.1 0.000411412 2.58199
750 25696 21.9 0.000792824 2.5215
800 21108 26.2 0.00127248 2.56255
850 15564 25.5 0.00174044 2.5883
900 10772 21.2 0.00209344 2.49025
950 7412 16.2 0.00228987 2.33339
1000 5218 11.6 0.00234279 2.16679
1050 3702 8 0.00228051 1.97982
1100 2572 5.2 0.00212552 1.7649
1150 1730 3.2 0.00189671 1.52657
1200 1130 2 0.00161633 1.31398
1250 728 1.2 0.00131069 1.10663
1300 468 0.8 0.00100977 1.0004
1350 302 0.4 0.000742905 0.701939
1400 196 0.2 0.000529204 0.471068
1450 128 0.1 0.000371623 0.301876
1500 82 0 0.00026223 0.0215057
1550 54 0 0.000190463 0.010286
1600 34 0 0.000142918 0.00485954
1650 22 0 0.000112156 0.00246758
1700 14 0 9.15692e-005 0.00128203
1750 8 0 7.72711e-005 0.000618193
1800 6 0 6.73709e-005 0.000404239
1850 2 0 6.06259e-005 0.000121255
1900 2 0 5.61022e-005 0.000112207
1950 0 0 5.31042e-005 0
2000 0 0 5.1134e-005 0

total neg_log_likelihood: 34.1937


Tags2008_R1_R1 :
tag-recapture data for tag Tags2008_R1 in years 2009 2010 , step 1, after proportion 0.5 of mortality, with sampling method size, detection probability 1.
Year 2009
class scanned recaptured expected_prop neg_log_likelihood
100 0 0 0 0
150 0 0 3.65439e-011 0
200 0 0 1.82752e-010 0
250 0 0 1.09758e-009 0
300 2 0 1.43133e-008 2.86265e-008
350 32 0 1.76729e-007 5.65534e-006
400 250 0 1.5943e-006 0.000398576
450 1218 0.3 1.03478e-005 1.21647
500 4030 1.5 4.79857e-005 2.94272
550 9580 6.1 0.000161904 5.64166
600 17274 16.6 0.000412159 6.90308
650 24578 32.5 0.000825362 5.76819
700 28212 46.5 0.00134859 3.7173
750 26520 49.7 0.00185478 2.87533
800 21040 41.5 0.00221937 3.08384
850 15028 29.4 0.00239817 3.26583
900 10506 19.6 0.00242313 3.1441
950 7514 13.2 0.00234445 2.82243
1000 5416 8.9 0.00219564 2.43388
1050 3814 5.8 0.00199467 2.04603
1100 2590 3.7 0.00175487 1.67894
1150 1702 2.2 0.00149007 1.37351
1200 1100 1.2 0.00121506 1.08485
1250 712 0.7 0.000946761 0.853865
1300 464 0.3 0.000703476 0.553793
1350 304 0.1 0.00050136 0.290497
1400 198 0 0.000347907 0.0688976
1450 130 0 0.000239545 0.0311446
1500 84 0 0.000166974 0.014027
1550 54 0 0.000120685 0.00651739
1600 36 0 9.0848e-005 0.00327068
1650 22 0 7.19884e-005 0.0015838
1700 14 0 5.96734e-005 0.000835453
1750 8 0 5.13634e-005 0.000410918
1800 6 0 4.57754e-005 0.000274659
1850 2 0 4.20702e-005 8.41422e-005
1900 2 0 3.96425e-005 7.92866e-005
1950 0 0 3.80631e-005 0
2000 0 0 3.70381e-005 0

total neg_log_likelihood: 51.8239


Year 2010
class scanned recaptured expected_prop neg_log_likelihood
100 0 0 0 0
150 0 0 1.23837e-013 0
200 0 0 1.16893e-011 0
250 0 0 1.36858e-010 0
300 4 0 2.48852e-009 9.95408e-009
350 36 0 3.347e-008 1.20492e-006
400 256 0 3.20209e-007 8.19735e-005
450 1286 0.2 2.39758e-006 1.074
500 4372 0.8 1.33891e-005 2.2579
550 10420 2.8 5.50921e-005 3.67455
600 18240 8.1 0.000171231 4.71808
650 24730 17.8 0.000416424 4.60291
700 27342 29.9 0.000817874 3.76885
750 25696 38.6 0.00132829 3.02786
800 21108 39.4 0.00182417 2.76735
850 15564 33.3 0.00218226 2.67971
900 10772 24.7 0.00235667 2.53394
950 7412 17.2 0.00237515 2.34977
1000 5218 11.8 0.00228659 2.15964
1050 3702 8.3 0.00212526 1.99767
1100 2572 5.8 0.00191095 1.88653
1150 1730 4.1 0.00165851 1.87667
1200 1130 2.7 0.00138283 1.7849
1250 728 1.7 0.00110126 1.61162
1300 468 1.1 0.00083464 1.46946
1350 302 0.5 0.000604281 0.911572
1400 196 0.3 0.000423642 0.720766
1450 128 0.1 0.000293034 0.31558
1500 82 0 0.000204207 0.0167467
1550 54 0 0.000147103 0.00794413
1600 34 0 0.000110101 0.00374362
1650 22 0 8.66513e-005 0.00190641
1700 14 0 7.12823e-005 0.000997988
1750 8 0 6.08353e-005 0.000486697
1800 6 0 5.37422e-005 0.000322462
1850 2 0 4.8989e-005 9.79805e-005
1900 2 0 4.58428e-005 9.16877e-005
1950 0 0 4.37774e-005 0
2000 0 0 4.24273e-005 0

total neg_log_likelihood: 48.2218


Tags2009_R1_R1 :
tag-recapture data for tag Tags2009_R1 in years 2010 , step 1, after proportion 0.5 of mortality, with sampling method size, detection probability 1.
Year 2010
class scanned recaptured expected_prop neg_log_likelihood
100 0 0 0 0
150 0 0 3.65111e-011 0
200 0 0 1.7841e-010 0
250 0 0 1.05373e-009 0
300 4 0 1.35925e-008 5.43699e-008
350 36 0 1.6842e-007 6.06311e-006
400 256 0 1.51322e-006 0.000387384
450 1286 0.3 9.74163e-006 1.21821
500 4372 1.6 4.48671e-005 3.15974
550 10420 6.2 0.000151173 5.71553
600 18240 15.9 0.000387189 6.37494
650 24730 30.6 0.00078614 5.35556
700 27342 45.2 0.00131198 3.94658
750 25696 53.6 0.00185466 3.2669
800 21108 51.6 0.00229055 2.99827
850 15564 41.5 0.0025567 2.81868
900 10772 29.3 0.00266035 2.61639
950 7412 19.3 0.00263511 2.40339
1000 5218 12.5 0.0025096 2.20104
1050 3702 8.1 0.002305 1.98527
1100 2572 5.1 0.00204161 1.75108
1150 1730 3.2 0.00174079 1.53133
1200 1130 2 0.00142362 1.35018
1250 728 1.2 0.00111148 1.1595
1300 468 0.8 0.000826182 1.07508
1350 302 0.5 0.000587299 0.920701
1400 196 0.3 0.000405003 0.730615
1450 128 0.2 0.000276265 0.617737
1500 82 0 0.000190533 0.0156252
1550 54 0 0.000136412 0.00736675
1600 34 0 0.000101962 0.00346687
1650 22 0 8.04708e-005 0.00177043
1700 14 0 6.6603e-005 0.000932473
1750 8 0 5.73329e-005 0.000458676
1800 6 0 5.11421e-005 0.000306861
1850 2 0 4.70565e-005 9.41152e-005
1900 2 0 4.43875e-005 8.87769e-005
1950 0 0 4.26535e-005 0
2000 0 0 4.15278e-005 0

total neg_log_likelihood: 53.2272


Output quantities start here

* Scalar parameter values
initialization.B0 15025.3

* Vector parameter values
recruitment.YCS 1 1 1 1 1 1 1 1 1 1 1 1 1 1 1 1 1 1 1 1 1 

* Nuisance q's

* B0
15025.3

* R0
1.13557e+006

* SSBs
SSB 15025.3 14538.6 14022.9 13484.6 12930.6 12367.6 11802.5 11241 10688.2 10148.3 9624.28 9118.5 8632.48 8167.17 7723.04 7299.45 6896.84 6514.83 6152.85 5810.12 5486.54 
year 1990 1991 1992 1993 1994 1995 1996 1997 1998 1999 2000 2001 2002 2003 2004 2005 2006 2007 2008 2009 2010 

* recruitments
recruitment 1.13557e+006 1.13557e+006 1.13241e+006 1.12885e+006 1.12486e+006 1.12045e+006 1.11559e+006 1.11031e+006 1.10458e+006 1.09843e+006 1.09185e+006 1.08484e+006 1.07741e+006 1.06957e+006 1.06131e+006 1.05263e+006 1.04353e+006 1.03402e+006 1.02409e+006 1.01375e+006 1.003e+006 
year 1990 1991 1992 1993 1994 1995 1996 1997 1998 1999 2000 2001 2002 2003 2004 2005 2006 2007 2008 2009 2010 

* YCS
YCS 1 1 1 1 1 1 1 1 1 1 1 1 1 1 1 1 1 1 1 1 1 
year 1989 1990 1991 1992 1993 1994 1995 1996 1997 1998 1999 2000 2001 2002 2003 2004 2005 2006 2007 2008 2009 

* true_YCS
true_YCS 1 1 0.997218 0.994079 0.990569 0.98668 0.982408 0.977751 0.972711 0.967291 0.961494 0.955324 0.948783 0.941874 0.9346 0.926962 0.918948 0.910569 0.901827 0.892724 0.883258 
year 1989 1990 1991 1992 1993 1994 1995 1996 1997 1998 1999 2000 2001 2002 2003 2004 2005 2006 2007 2008 2009 

* fishing_pressures
pressure 0 0.0794573 0.0843966 0.0896642 0.0951474 0.100748 0.106383 0.11198 0.117486 0.122873 0.12813 0.133263 0.13828 0.143198 0.148039 0.15283 0.157634 0.162455 0.167327 0.172285 0.177372 
year 1990 1991 1992 1993 1994 1995 1996 1997 1998 1999 2000 2001 2002 2003 2004 2005 2006 2007 2008 2009 2010 

* Numbers_at_age_R1
1990  1.05405e+006 902701 773087 662083 567018 485603 415878 356164 305024 261227 223719 191596 164086 140526 120348 103068 88269.2 75595.1 64740.8 55445 47483.9 40666 34827 29826.3 25543.7 21876 18735 16044.9 13741.1 11768.1 10078.4 8631.27 7391.95 6330.58 37758.9 
1991  1.05405e+006 902701 773081 662036 566745 484491 412673 349636 295622 251652 215575 184765 158435 135916 116639 100125 85965.4 73816.9 63387.2 54428.8 46731.5 40116.6 34431.3 29545.3 25346.9 21740.1 18642.3 15982.7 13699.9 11741.1 10061 8620.22 7385.02 6326.3 37740.7 
1992  1.05111e+006 902701 773080 662022 566640 483916 410426 343397 283316 234282 197980 169795 145866 125504 108130 93263.9 80508.9 69536.4 60075.3 51901.7 44830.1 38705.7 33399.1 28800.7 24817.2 21368.6 18385.5 15807.5 13582.1 11663.1 10010 8587.32 7364.11 6313.18 37697.9 
1993  1.0478e+006 900189 773079 662018 566607 483735 409659 340908 277280 223407 183299 155089 133340 114964 99371.1 86077.3 74688.3 64884.3 56407.2 49049.1 42642.6 37052.1 32166.9 27895.8 24162.3 20901.4 18057 15580 13426.7 11558.5 9940.59 8541.96 7334.86 6294.59 37647.4 
1994  1.04411e+006 897355 770928 662014 566582 483613 409213 339623 274249 217490 173769 142761 121110 104528 90566.1 78733.8 68636.9 59959.8 52451.7 45914.6 40193.2 35165.2 30734.5 26824.4 23372.9 20328.5 17647.5 15291.6 13226.7 11421.8 9848.54 8480.88 7294.91 6268.84 37585.6 
1995  1.04001e+006 894187 768501 660168 566556 483493 408809 338590 272168 213932 168141 134529 110835 94413.1 81913.7 71408.1 62501.5 54880.2 48297.4 42560.9 37522.4 33068.3 29112.3 25588.2 22445.3 19643.2 17149 14934.6 12975 11247.1 9729.07 8400.41 7241.52 6233.93 37508 
1996  1.0355e+006 890676 765787 658085 564953 483373 408405 337584 270283 211123 164366 129376 103824 85913 73591.1 64265.3 56428.6 49769.7 44044.7 39064.7 34685.4 30798.1 27321.9 24197.6 21381.9 18842.9 16556.3 14502.7 12665.3 11028.5 9577.23 8296.56 7171.58 6187.53 37408.8 
1997  1.03059e+006 886820 762780 655758 563149 481909 408001 336582 268430 208483 161196 125694 99251.6 80019 66605.3 57447.5 50552.2 44748.8 39796.9 35510.5 31747.7 28402.1 25395.4 22671.8 20192.3 17930.4 15867.8 13991.8 12292.4 10760.8 9388.17 8165.17 7081.7 6126.99 37281.5 
1998  1.02528e+006 882616 759477 653179 561135 480274 406468 335591 266599 205898 158192 122515 95853.6 76059.9 61703.8 51735.9 44983.9 39924.5 35651.9 31983.5 28779.8 25935.4 23373.4 21038.5 18893.6 16914.4 15086.3 13400.8 11853 10439.7 9157.45 8002.13 6968.36 6049.45 37118.1 
1999  1.01957e+006 878067 755876 650347 558907 478463 404800 333688 264804 203368 155273 119506 92881.1 73043.7 58341 47693.8 40330 35383.5 31694.4 28562.4 25851 23456.5 21301.9 19332.1 17509.3 15809.6 14219.3 12732.1 11346.4 10062.5 8881.49 7803.7 6828.07 5951.91 36909.3 
2000  1.01346e+006 873174 751980 647260 556463 476473 402991 331693 262321 200907 152440 116603 90076.7 70388.1 55736.5 44877.4 37015.5 31597.3 27990.7 25313.6 23024.4 21021.6 19229.1 17591 16068.3 14635.9 13279.4 11992.5 10774.7 9628.59 8558.03 7566.85 6657.66 5831.39 36644.8 
2001  1.00696e+006 867941 747789 643920 553801 474301 401041 329604 259802 197967 149704 113808 87390.7 67893.2 53436.5 42671.4 34679.4 28887.8 24909.4 22288.2 20352.4 18681.6 17201 15854.7 14602.6 13417.6 12283.5 11192.6 10143.8 9139.98 8186.62 7289.69 6454.55 5685.19 36313 
2002  1.00006e+006 862371 743307 640329 550924 471947 398946 327419 257244 195045 146655 111123 84820.6 65518.3 51284.5 40720.9 32835.2 26961.6 22696.5 19776 17874.2 16477.7 15258.3 14161 13145 12181.5 11252 10346.7 9462.52 8601.51 7768.98 6971.84 6217.16 5511.12 35902 
2003  992779 856467 738537 636488 547832 469411 396706 325134 254642 192135 143663 108245 82366 63258.6 49246.9 38902.7 31203.9 25432.3 21112.8 17966.9 15819.9 14440.5 13434.2 12543 11726.5 10954.8 10207.4 9472.04 8743.18 8020.9 7309.25 6614.8 5945.17 5307.84 35399.4 
2004  985111 850230 733480 632400 544527 466695 394321 322748 251991 189231 140719 105445 79798.9 61110.5 47317.4 37189 29688.4 24079.6 19850.2 16665.5 14337.2 12754 11752.6 11027.5 10374.3 9763.2 9172.43 8587.47 8000.3 7408.48 6814 6222.09 5639.86 5075.08 34793.9 
2005  977061 843663 728138 628066 541010 463797 391782 320241 249263 186302 137797 102700 77307.3 58895 45485.1 35568.8 28262.4 22824.4 18732.1 15623.4 13265.6 11534.2 10361.5 9632.81 9109.72 8628.96 8168.37 7712.02 7249.72 6776.53 6292 5799.32 5304.23 4813.92 34075 
2006  968613 836768 722514 623490 537285 460721 389099 317626 246466 183339 134879 99992.3 74875.7 56752.6 43616.6 34033 26916.9 21645.8 17696.1 14700.2 12404.7 10649.1 9353.61 8479.96 7947.9 7569.67 7213.73 6863.57 6507.52 6138.5 5753.68 5353.93 4943.06 4526.93 33235.3 
2007  959781 829534 716609 618671 533351 457469 386272 314905 243609 180363 131981 97327.1 72505.3 54681.9 41824.5 32487.2 25648.3 20538.8 16727.1 13847.4 11642.9 9937.2 8620.71 7643.97 6988.39 6597.93 6323.35 6057.79 5788.89 5508.09 5210.55 4894.88 4562.76 4218.24 32270.4 
2008  950567 821970 710413 613611 529211 454040 383298 312072 240679 177359 129091 94695.4 70184.9 52673.2 40100.1 31010.4 24381.7 19497.8 15819.3 13051.4 10940.2 9307.26 8030.15 7034.71 6291.9 5795.79 5507.36 5306.86 5106.87 4898.06 4674.16 4431.91 4170.92 3893.27 31180 
2009  940972 814079 703935 608303 524864 450435 380176 309122 237670 174312 126196 92085.7 67903.4 50714.2 38432.7 29593.5 23174.7 18464.4 14966.9 12306.8 10285.3 8726.72 7507.55 6543.02 5783.35 5213.03 4834.01 4619.2 4471.68 4319.41 4155.34 3974.86 3775.85 3558.53 29968.6 
2010  930995 805862 697177 602753 520305 446657 376912 306064 234592 171235 123299 89498.7 65660.9 48802.2 36816.7 28230.8 22022 17483.5 14125.9 11609.5 9673.92 8186.66 7026.58 6108.08 5372.57 4786.96 4344.55 4051.94 3890.38 3780.78 3663.41 3532.92 3385.93 3221.11 28645.6 

Output quantities finish here

Unused parameters:
annual_cycle.fishery_areas annual_cycle.n_migrations annual_cycle.recruitment_areas annual_cycle.spawning_all_areas area_names recruitment.p_male recruitment.year_range tag[Tags2005_R1_LL].area tag[Tags2005_R1_LL].sex tag[Tags2006_R1_LL].area tag[Tags2006_R1_LL].sex tag[Tags2007_R1_LL].area tag[Tags2007_R1_LL].sex tag[Tags2008_R1_LL].area tag[Tags2008_R1_LL].sex tag[Tags2009_R1_LL].area tag[Tags2009_R1_LL].sex MCMC.adapt_at MCMC.adaptive_stepsize MCMC.burn_in MCMC.keep MCMC.length MCMC.start MCMC.stepsize estimate[1].lower_bound estimate[1].prior estimate[1].upper_bound profile[1].l profile[1].n profile[1].parameter profile[1].u tag_recapture[Tags2005_R1_R1].area tag_recapture[Tags2006_R1_R1].area tag_recapture[Tags2007_R1_R1].area tag_recapture[Tags2008_R1_R1].area tag_recapture[Tags2009_R1_R1].area n_projections numbers_at[Numbers_at_age_R1].area print.yields 
