CASAL (C++ algorithmic stock assessment laboratory)
Call: casal -e -O C:/Users/STA384/Documents/GitHub/planetfish2_bugs/Output/TOA_bug_17/casalout_mpd.dat -f C:/Users/STA384/Documents/GitHub/planetfish2_bugs/Output/TOA_bug_17/casal_ 
Date: Mon Sep 30 15:40:11 2019
v2.30-2012-03-21 00:22:59 UTC (rev.4648)  (c) Copyright 2002-2012, NIWA
User name: sta384
Machine name: MACKEREL-HF (Microsoft Windows, PID=8600)

Prefix for the input parameter filenames : C:/Users/STA384/Documents/GitHub/planetfish2_bugs/Output/TOA_bug_17/casal_

Random number seed : 22011

Estimation parameters:
Stored as strings: 
  MCMC.adapt_at                 	1e+05 2e+05 3e+05 4e+05
  MCMC.adaptive_stepsize        	True
  MCMC.burn_in                  	500
  MCMC.keep                     	1000
  MCMC.length                   	1500000
  MCMC.start                    	0
  MCMC.stepsize                 	0.01
  ageing_error.c                	0
  ageing_error.type             	normal
  catch_at[LL_catchA].2000      	0 0 0 0 0.012 0.019 0.06 0.102 0.033 0.157 0.093 0.101 0.107 0.092 0.054 0.056 0.016 0.015 0.017 0.021 0.013 0.014 0.004 0.007 0.001 0.002 0.001 0 0 0.003
  catch_at[LL_catchA].2001      	0 0 0 0 0.005 0.018 0.045 0.127 0.158 0.049 0.13 0.074 0.077 0.073 0.063 0.039 0.052 0.015 0.006 0.028 0.015 0.004 0.012 0.002 0.004 0.001 0 0.001 0.002 0
  catch_at[LL_catchA].2002      	0 0 0 0.002 0.004 0.007 0.055 0.117 0.159 0.146 0.039 0.097 0.09 0.063 0.072 0.053 0.032 0.014 0.007 0.006 0.005 0.008 0.009 0.004 0.003 0 0 0.001 0 0.007
  catch_at[LL_catchA].2003      	0 0 0 0 0.012 0.018 0.03 0.139 0.161 0.144 0.129 0.028 0.071 0.046 0.04 0.049 0.033 0.021 0.021 0.006 0.009 0.014 0.01 0.004 0.004 0.001 0.001 0.001 0.004 0.004
  catch_at[LL_catchA].2004      	0 0 0.001 0 0.017 0.029 0.058 0.05 0.153 0.188 0.137 0.1 0.023 0.062 0.036 0.033 0.028 0.026 0.013 0.015 0.003 0.007 0.005 0.002 0.003 0.002 0 0.005 0 0.004
  catch_at[LL_catchA].2005      	0 0 0 0.001 0.003 0.037 0.095 0.117 0.082 0.171 0.129 0.12 0.063 0.013 0.037 0.033 0.026 0.021 0.017 0.011 0.009 0.004 0.001 0.003 0.002 0 0.004 0 0 0.001
  catch_at[LL_catchA].2006      	0 0 0.001 0 0.004 0.006 0.099 0.146 0.168 0.081 0.134 0.091 0.072 0.056 0.014 0.026 0.017 0.018 0.016 0.014 0.009 0.011 0.004 0.002 0.001 0.002 0.002 0.001 0 0.005
  catch_at[LL_catchA].2007      	0 0 0 0 0.002 0.016 0.02 0.162 0.208 0.146 0.048 0.113 0.084 0.05 0.041 0.008 0.019 0.018 0.014 0.014 0.013 0.008 0.003 0.002 0.003 0.002 0.002 0.002 0 0.002
  catch_at[LL_catchA].2008      	0 0 0 0 0.003 0.011 0.067 0.035 0.223 0.221 0.114 0.061 0.068 0.053 0.057 0.021 0.007 0.014 0.008 0.012 0.006 0.006 0.004 0.003 0 0 0.004 0 0 0.002
  catch_at[LL_catchA].2009      	0 0 0 0 0 0.023 0.029 0.145 0.059 0.259 0.149 0.102 0.022 0.063 0.034 0.029 0.031 0.001 0.011 0.011 0.01 0.009 0.002 0.005 0.002 0 0 0 0 0.004
  catch_at[LL_catchA].2010      	0 0 0 0 0.001 0.005 0.027 0.063 0.21 0.067 0.227 0.129 0.078 0.026 0.052 0.039 0.018 0.014 0.003 0.015 0.003 0.008 0.007 0.003 0.001 0.001 0.002 0 0 0.001
  catch_at[LL_catchA].N_2000    	100
  catch_at[LL_catchA].N_2001    	100
  catch_at[LL_catchA].N_2002    	100
  catch_at[LL_catchA].N_2003    	100
  catch_at[LL_catchA].N_2004    	100
  catch_at[LL_catchA].N_2005    	100
  catch_at[LL_catchA].N_2006    	100
  catch_at[LL_catchA].N_2007    	100
  catch_at[LL_catchA].N_2008    	100
  catch_at[LL_catchA].N_2009    	100
  catch_at[LL_catchA].N_2010    	100
  catch_at[LL_catchA].at_size   	False
  catch_at[LL_catchA].dist      	multinomial
  catch_at[LL_catchA].fishery   	LL
  catch_at[LL_catchA].max_class 	30
  catch_at[LL_catchA].min_class 	1
  catch_at[LL_catchA].plus_group	True
  catch_at[LL_catchA].r         	1e-11
  catch_at[LL_catchA].sexed     	False
  catch_at[LL_catchA].sum_to_one	True
  catch_at[LL_catchA].years     	2000 2001 2002 2003 2004 2005 2006 2007 2008 2009 2010
  catch_limit_penalty[1].fishery	LL
  catch_limit_penalty[1].label  	LL_Penalty
  catch_limit_penalty[1].log_scale	True
  catch_limit_penalty[1].multiplier	1000
  estimate[1].lower_bound       	5000
  estimate[1].parameter         	initialization.B0
  estimate[1].prior             	uniform
  estimate[1].upper_bound       	5e+05
  estimator                     	Bayes
  fish_tagged_penalty[1].label  	Penalty_Tags2005_R1_LL
  fish_tagged_penalty[1].multiplier	1
  fish_tagged_penalty[1].tagging_episode	Tags2005_R1_LL
  fish_tagged_penalty[2].label  	Penalty_Tags2006_R1_LL
  fish_tagged_penalty[2].multiplier	1
  fish_tagged_penalty[2].tagging_episode	Tags2006_R1_LL
  fish_tagged_penalty[3].label  	Penalty_Tags2007_R1_LL
  fish_tagged_penalty[3].multiplier	1
  fish_tagged_penalty[3].tagging_episode	Tags2007_R1_LL
  fish_tagged_penalty[4].label  	Penalty_Tags2008_R1_LL
  fish_tagged_penalty[4].multiplier	1
  fish_tagged_penalty[4].tagging_episode	Tags2008_R1_LL
  fish_tagged_penalty[5].label  	Penalty_Tags2009_R1_LL
  fish_tagged_penalty[5].multiplier	1
  fish_tagged_penalty[5].tagging_episode	Tags2009_R1_LL
  grad_tol                      	0.001
  max_evals                     	10000
  max_iters                     	1600
  profile[1].l                  	40000
  profile[1].n                  	11
  profile[1].parameter          	initialization.B0
  profile[1].u                  	130000
  q_method                      	nuisance
  tag_recapture[Tags2005_R1_R1].area	R1
  tag_recapture[Tags2005_R1_R1].class_mins	100 150 200 250 300 350 400 450 500 550 600 650 700 750 800 850 900 950 1000 1050 1100 1150 1200 1250 1300 1350 1400 1450 1500 1550 1600 1650 1700 1750 1800 1850 1900 1950 2000 2050
  tag_recapture[Tags2005_R1_R1].detection_probability	1
  tag_recapture[Tags2005_R1_R1].dispersion	1
  tag_recapture[Tags2005_R1_R1].do_bootstrap	True
  tag_recapture[Tags2005_R1_R1].plus_group	False
  tag_recapture[Tags2005_R1_R1].proportion_mortality	0.5
  tag_recapture[Tags2005_R1_R1].r	1e-11
  tag_recapture[Tags2005_R1_R1].recaptured_2006	0 0 0 0 0 0 0 0 0.3 1.2 3.5 7 10.2 12.2 12.6 11.4 9 6.4 4.3 2.9 1.9 1.2 0.8 0.5 0.3 0.1 0.1 0 0 0 0 0 0 0 0 0 0 0 0
  tag_recapture[Tags2005_R1_R1].recaptured_2007	0 0 0 0 0 0 0 0 0.3 0.9 2.3 4.1 5.5 6.1 6.3 6 5.2 3.9 2.9 2.2 1.6 1.2 0.8 0.4 0.2 0.1 0 0 0 0 0 0 0 0 0 0 0 0 0
  tag_recapture[Tags2005_R1_R1].recaptured_2008	0 0 0 0 0 0 0 0 0 0.1 0.6 1.5 3 4.8 6.1 6.4 5.8 4.4 2.9 1.8 1.1 0.8 0.7 0.6 0.5 0.4 0.3 0.2 0.1 0 0 0 0 0 0 0 0 0 0
  tag_recapture[Tags2005_R1_R1].recaptured_2009	0 0 0 0 0 0 0 0 0 0.1 0.2 0.7 1.6 2.6 3.3 3.5 3.4 3 2.4 1.7 1.1 0.7 0.4 0.3 0.2 0.2 0.1 0.1 0.1 0 0 0 0 0 0 0 0 0 0
  tag_recapture[Tags2005_R1_R1].recaptured_2010	0 0 0 0 0 0 0 0 0 0 0.1 0.3 0.7 1.6 2.7 3.6 4.2 4.1 3.4 2.5 1.7 1 0.6 0.3 0.2 0.1 0 0 0 0 0 0 0 0 0 0 0 0 0
  tag_recapture[Tags2005_R1_R1].sample	size
  tag_recapture[Tags2005_R1_R1].scanned_2006	0 0 0 0 10 130 1104 5996 22320 57794 103478 133462 136164 122612 104230 83694 62694 44908 32400 24322 18720 14242 10448 7364 5042 3412 2312 1568 1052 682 420 240 128 62 26 10 4 2 0
  tag_recapture[Tags2005_R1_R1].scanned_2007	0 0 0 0 6 100 892 4998 18830 50738 100568 145700 157158 136266 106552 81820 62012 45222 31988 22800 16792 12618 9378 6756 4706 3206 2164 1458 974 632 390 224 118 58 26 10 4 2 0
  tag_recapture[Tags2005_R1_R1].scanned_2008	0 0 0 0 8 78 686 4040 15740 42830 86076 133306 160414 151282 118540 85740 62196 45414 32416 22638 15926 11512 8458 6160 4372 3022 2050 1378 914 590 364 210 112 54 24 10 4 2 0
  tag_recapture[Tags2005_R1_R1].scanned_2009	0 0 0 0 10 84 560 3158 12862 36478 74780 116388 144976 149092 128102 95540 66956 47148 33498 23444 16152 11208 7960 5738 4110 2888 1986 1340 886 570 350 202 108 52 24 10 4 2 0
  tag_recapture[Tags2005_R1_R1].scanned_2010	0 0 0 0 10 112 644 2722 10122 29634 63860 103520 131936 139316 127204 102368 74344 51342 35426 24582 16876 11466 7854 5494 3902 2764 1928 1316 874 560 342 196 104 52 22 10 4 2 0
  tag_recapture[Tags2005_R1_R1].step	1
  tag_recapture[Tags2005_R1_R1].tag_name	Tags2005_R1
  tag_recapture[Tags2005_R1_R1].years	2006 2007 2008 2009 2010
  tag_recapture[Tags2006_R1_R1].area	R1
  tag_recapture[Tags2006_R1_R1].class_mins	100 150 200 250 300 350 400 450 500 550 600 650 700 750 800 850 900 950 1000 1050 1100 1150 1200 1250 1300 1350 1400 1450 1500 1550 1600 1650 1700 1750 1800 1850 1900 1950 2000 2050
  tag_recapture[Tags2006_R1_R1].detection_probability	1
  tag_recapture[Tags2006_R1_R1].dispersion	1
  tag_recapture[Tags2006_R1_R1].do_bootstrap	True
  tag_recapture[Tags2006_R1_R1].plus_group	False
  tag_recapture[Tags2006_R1_R1].proportion_mortality	0.5
  tag_recapture[Tags2006_R1_R1].r	1e-11
  tag_recapture[Tags2006_R1_R1].recaptured_2007	0 0 0 0 0 0 0 0 0.3 1.3 3.7 7.3 10.5 11.6 10.6 8.5 6.2 4.3 2.9 2 1.4 1 0.6 0.4 0.2 0.1 0 0 0 0 0 0 0 0 0 0 0 0 0
  tag_recapture[Tags2006_R1_R1].recaptured_2008	0 0 0 0 0 0 0 0 0.1 0.5 1.7 3.7 6 7.5 7.9 7.4 6.3 5.1 3.9 2.8 1.9 1.3 1 0.7 0.5 0.3 0.2 0.1 0.1 0 0 0 0 0 0 0 0 0 0
  tag_recapture[Tags2006_R1_R1].recaptured_2009	0 0 0 0 0 0 0 0 0 0.2 0.7 1.8 3.5 5.1 5.8 5.5 4.7 3.7 2.6 1.6 0.9 0.5 0.2 0.1 0 0 0 0 0 0 0 0 0 0 0 0 0 0 0
  tag_recapture[Tags2006_R1_R1].recaptured_2010	0 0 0 0 0 0 0 0 0 0.1 0.4 1.3 2.8 4.6 6 6.3 5.5 4.3 3.2 2.1 1.3 0.8 0.5 0.3 0.2 0.1 0 0 0 0 0 0 0 0 0 0 0 0 0
  tag_recapture[Tags2006_R1_R1].sample	size
  tag_recapture[Tags2006_R1_R1].scanned_2007	0 0 0 0 6 100 892 4998 18830 50738 100568 145700 157158 136266 106552 81820 62012 45222 31988 22800 16792 12618 9378 6756 4706 3206 2164 1458 974 632 390 224 118 58 26 10 4 2 0
  tag_recapture[Tags2006_R1_R1].scanned_2008	0 0 0 0 8 78 686 4040 15740 42830 86076 133306 160414 151282 118540 85740 62196 45414 32416 22638 15926 11512 8458 6160 4372 3022 2050 1378 914 590 364 210 112 54 24 10 4 2 0
  tag_recapture[Tags2006_R1_R1].scanned_2009	0 0 0 0 10 84 560 3158 12862 36478 74780 116388 144976 149092 128102 95540 66956 47148 33498 23444 16152 11208 7960 5738 4110 2888 1986 1340 886 570 350 202 108 52 24 10 4 2 0
  tag_recapture[Tags2006_R1_R1].scanned_2010	0 0 0 0 10 112 644 2722 10122 29634 63860 103520 131936 139316 127204 102368 74344 51342 35426 24582 16876 11466 7854 5494 3902 2764 1928 1316 874 560 342 196 104 52 22 10 4 2 0
  tag_recapture[Tags2006_R1_R1].step	1
  tag_recapture[Tags2006_R1_R1].tag_name	Tags2006_R1
  tag_recapture[Tags2006_R1_R1].years	2007 2008 2009 2010
  tag_recapture[Tags2007_R1_R1].area	R1
  tag_recapture[Tags2007_R1_R1].class_mins	100 150 200 250 300 350 400 450 500 550 600 650 700 750 800 850 900 950 1000 1050 1100 1150 1200 1250 1300 1350 1400 1450 1500 1550 1600 1650 1700 1750 1800 1850 1900 1950 2000 2050
  tag_recapture[Tags2007_R1_R1].detection_probability	1
  tag_recapture[Tags2007_R1_R1].dispersion	1
  tag_recapture[Tags2007_R1_R1].do_bootstrap	True
  tag_recapture[Tags2007_R1_R1].plus_group	False
  tag_recapture[Tags2007_R1_R1].proportion_mortality	0.5
  tag_recapture[Tags2007_R1_R1].r	1e-11
  tag_recapture[Tags2007_R1_R1].recaptured_2008	0 0 0 0 0 0 0 0 0.2 0.9 3.1 7 10.9 12.5 11.6 9.5 7.2 5.1 3.4 2.1 1.2 0.7 0.4 0.2 0.1 0 0 0 0 0 0 0 0 0 0 0 0 0 0
  tag_recapture[Tags2007_R1_R1].recaptured_2009	0 0 0 0 0 0 0 0 0.1 0.5 1.8 4.7 8.5 11 10.6 8.1 5.3 3.3 1.9 1.1 0.5 0.2 0.1 0 0 0 0 0 0 0 0 0 0 0 0 0 0 0 0
  tag_recapture[Tags2007_R1_R1].recaptured_2010	0 0 0 0 0 0 0 0 0 0.2 0.6 1.7 3.5 5.5 6.8 6.6 5.5 4 2.7 1.7 1.1 0.7 0.5 0.3 0.2 0.1 0.1 0 0 0 0 0 0 0 0 0 0 0 0
  tag_recapture[Tags2007_R1_R1].sample	size
  tag_recapture[Tags2007_R1_R1].scanned_2008	0 0 0 0 8 78 686 4040 15740 42830 86076 133306 160414 151282 118540 85740 62196 45414 32416 22638 15926 11512 8458 6160 4372 3022 2050 1378 914 590 364 210 112 54 24 10 4 2 0
  tag_recapture[Tags2007_R1_R1].scanned_2009	0 0 0 0 10 84 560 3158 12862 36478 74780 116388 144976 149092 128102 95540 66956 47148 33498 23444 16152 11208 7960 5738 4110 2888 1986 1340 886 570 350 202 108 52 24 10 4 2 0
  tag_recapture[Tags2007_R1_R1].scanned_2010	0 0 0 0 10 112 644 2722 10122 29634 63860 103520 131936 139316 127204 102368 74344 51342 35426 24582 16876 11466 7854 5494 3902 2764 1928 1316 874 560 342 196 104 52 22 10 4 2 0
  tag_recapture[Tags2007_R1_R1].step	1
  tag_recapture[Tags2007_R1_R1].tag_name	Tags2007_R1
  tag_recapture[Tags2007_R1_R1].years	2008 2009 2010
  tag_recapture[Tags2008_R1_R1].area	R1
  tag_recapture[Tags2008_R1_R1].class_mins	100 150 200 250 300 350 400 450 500 550 600 650 700 750 800 850 900 950 1000 1050 1100 1150 1200 1250 1300 1350 1400 1450 1500 1550 1600 1650 1700 1750 1800 1850 1900 1950 2000 2050
  tag_recapture[Tags2008_R1_R1].detection_probability	1
  tag_recapture[Tags2008_R1_R1].dispersion	1
  tag_recapture[Tags2008_R1_R1].do_bootstrap	True
  tag_recapture[Tags2008_R1_R1].plus_group	False
  tag_recapture[Tags2008_R1_R1].proportion_mortality	0.5
  tag_recapture[Tags2008_R1_R1].r	1e-11
  tag_recapture[Tags2008_R1_R1].recaptured_2009	0 0 0 0 0 0 0 0 0.2 0.8 2.5 5.7 9.3 11.3 10.4 7.6 4.7 2.8 1.7 1.1 0.8 0.5 0.3 0.2 0.1 0 0 0 0 0 0 0 0 0 0 0 0 0 0
  tag_recapture[Tags2008_R1_R1].recaptured_2010	0 0 0 0 0 0 0 0 0.1 0.4 1.2 2.6 4.4 6 7 7 6 4.5 3.2 2.1 1.5 1 0.8 0.5 0.4 0.2 0.1 0.1 0 0 0 0 0 0 0 0 0 0 0
  tag_recapture[Tags2008_R1_R1].sample	size
  tag_recapture[Tags2008_R1_R1].scanned_2009	0 0 0 0 10 84 560 3158 12862 36478 74780 116388 144976 149092 128102 95540 66956 47148 33498 23444 16152 11208 7960 5738 4110 2888 1986 1340 886 570 350 202 108 52 24 10 4 2 0
  tag_recapture[Tags2008_R1_R1].scanned_2010	0 0 0 0 10 112 644 2722 10122 29634 63860 103520 131936 139316 127204 102368 74344 51342 35426 24582 16876 11466 7854 5494 3902 2764 1928 1316 874 560 342 196 104 52 22 10 4 2 0
  tag_recapture[Tags2008_R1_R1].step	1
  tag_recapture[Tags2008_R1_R1].tag_name	Tags2008_R1
  tag_recapture[Tags2008_R1_R1].years	2009 2010
  tag_recapture[Tags2009_R1_R1].area	R1
  tag_recapture[Tags2009_R1_R1].class_mins	100 150 200 250 300 350 400 450 500 550 600 650 700 750 800 850 900 950 1000 1050 1100 1150 1200 1250 1300 1350 1400 1450 1500 1550 1600 1650 1700 1750 1800 1850 1900 1950 2000 2050
  tag_recapture[Tags2009_R1_R1].detection_probability	1
  tag_recapture[Tags2009_R1_R1].dispersion	1
  tag_recapture[Tags2009_R1_R1].do_bootstrap	True
  tag_recapture[Tags2009_R1_R1].plus_group	False
  tag_recapture[Tags2009_R1_R1].proportion_mortality	0.5
  tag_recapture[Tags2009_R1_R1].r	1e-11
  tag_recapture[Tags2009_R1_R1].recaptured_2010	0 0 0 0 0 0 0 0 0.1 0.6 2 4.8 8.5 11.5 12.1 10.3 7.5 5 3.3 2.1 1.3 0.8 0.5 0.3 0.2 0.1 0.1 0 0 0 0 0 0 0 0 0 0 0 0
  tag_recapture[Tags2009_R1_R1].sample	size
  tag_recapture[Tags2009_R1_R1].scanned_2010	0 0 0 0 10 112 644 2722 10122 29634 63860 103520 131936 139316 127204 102368 74344 51342 35426 24582 16876 11466 7854 5494 3902 2764 1928 1316 874 560 342 196 104 52 22 10 4 2 0
  tag_recapture[Tags2009_R1_R1].step	1
  tag_recapture[Tags2009_R1_R1].tag_name	Tags2009_R1
  tag_recapture[Tags2009_R1_R1].years	2010
  vector_average_penalty[1].k   	1
  vector_average_penalty[1].label	meanYCS_1
  vector_average_penalty[1].multiplier	100
  vector_average_penalty[1].vector	recruitment.YCS
Stored as DOUBLEs: 
Stored as VECTORs: 
Stored as OGIVEs: 

Population parameters:
Stored as strings: 
  annual_cycle.M_props          	1
  annual_cycle.aging_time       	1
  annual_cycle.baranov          	False
  annual_cycle.fishery_areas    	R1
  annual_cycle.fishery_names    	LL
  annual_cycle.fishery_times    	1
  annual_cycle.growth_props     	0
  annual_cycle.migrate_from     	R1
  annual_cycle.migrate_to       	R2
  annual_cycle.migration_names  	MoveRec_1_2
  annual_cycle.migration_times  	1
  annual_cycle.n_migrations     	0
  annual_cycle.recruitment_areas	R1
  annual_cycle.recruitment_time 	1
  annual_cycle.spawning_all_areas	1
  annual_cycle.spawning_p       	1
  annual_cycle.spawning_part_mort	0.5
  annual_cycle.spawning_time    	1
  annual_cycle.spawning_use_total_B	False
  annual_cycle.time_steps       	1
  area_names                    	R1
  current                       	2010
  final                         	2045
  first_random_year             	2007
  fishery[LL].U_max             	0.95
  fishery[LL].catches           	0 6000 6000 6000 6000 6000 6000 6000 6000 6000 6000 6000 6000 6000 6000 6000 6000 6000 6000 6000 6000
  fishery[LL].future_constant_catches	200
  fishery[LL].selectivity       	SelLL
  fishery[LL].years             	1990 1991 1992 1993 1994 1995 1996 1997 1998 1999 2000 2001 2002 2003 2004 2005 2006 2007 2008 2009 2010
  initial                       	1990
  initialization.B0             	358904
  mature_partition              	False
  maturity_props.all            	allvalues  0 0 0 0 0 0 0 0 0 0 0 0.1667 0.3333 0.5 0.6667 0.8333 1 1 1 1 1 1 1 1 1 1 1 1 1 1
  max_age                       	30
  min_age                       	1
  n_areas                       	1
  n_stocks                      	1
  n_tags                        	5
  natural_mortality.all         	0.155
  plus_group                    	True
  randomisation_method          	lognormal
  recruitment.SR                	BH
  recruitment.YCS               	1 1 1 1 1 1 1 1 1 1 1 1 1 1 1 1 1 1 1 1 1
  recruitment.YCS_years         	1989 1990 1991 1992 1993 1994 1995 1996 1997 1998 1999 2000 2001 2002 2003 2004 2005 2006 2007 2008 2009
  recruitment.first_free        	1989
  recruitment.last_free         	2006
  recruitment.p_male            	0.5
  recruitment.rho               	0
  recruitment.sigma_r           	0.6
  recruitment.steepness         	0.7
  recruitment.year_range        	1989 2006
  selectivity[SelLL].all        	double_normal 10 2 10
  selectivity_names             	SelLL
  sex_partition                 	False
  size_at_age.Linf              	2870.8
  size_at_age.by_length         	True
  size_at_age.cv                	0.1
  size_at_age.k                 	0.02056
  size_at_age.t0                	-4.2897
  size_at_age_dist              	normal
  size_at_age_type              	von_Bert
  size_based                    	False
  size_weight.a                 	2.59e-12
  size_weight.b                 	3.2064
  size_weight.verify_size_weight	500 0.5 1.5
  standardise_YCS               	True
  tag[Tags2005_R1_LL].area      	R1
  tag[Tags2005_R1_LL].class_mins	100 150 200 250 300 350 400 450 500 550 600 650 700 750 800 850 900 950 1000 1050 1100 1150 1200 1250 1300 1350 1400 1450 1500 1550 1600 1650 1700 1750 1800 1850 1900 1950 2000 2050
  tag[Tags2005_R1_LL].mature_only	False
  tag[Tags2005_R1_LL].mortality 	0.1
  tag[Tags2005_R1_LL].number    	2500
  tag[Tags2005_R1_LL].ogive     	SelLL
  tag[Tags2005_R1_LL].plus_group	False
  tag[Tags2005_R1_LL].props_all 	0 0 0 0 0 1e-04 0.0011 0.0066 0.0245 0.0576 0.0934 0.1181 0.1291 0.127 0.1111 0.0866 0.0631 0.0461 0.0354 0.0281 0.0221 0.0165 0.0117 0.0079 0.0051 0.0032 0.0021 0.0013 9e-04 6e-04 4e-04 2e-04 1e-04 1e-04 0 0 0 0 0
  tag[Tags2005_R1_LL].release_type	deterministic
  tag[Tags2005_R1_LL].sex       	both
  tag[Tags2005_R1_LL].step      	1
  tag[Tags2005_R1_LL].tag_name  	Tags2005_R1
  tag[Tags2005_R1_LL].year      	2005
  tag[Tags2006_R1_LL].area      	R1
  tag[Tags2006_R1_LL].class_mins	100 150 200 250 300 350 400 450 500 550 600 650 700 750 800 850 900 950 1000 1050 1100 1150 1200 1250 1300 1350 1400 1450 1500 1550 1600 1650 1700 1750 1800 1850 1900 1950 2000 2050
  tag[Tags2006_R1_LL].mature_only	False
  tag[Tags2006_R1_LL].mortality 	0.1
  tag[Tags2006_R1_LL].number    	2500
  tag[Tags2006_R1_LL].ogive     	SelLL
  tag[Tags2006_R1_LL].plus_group	False
  tag[Tags2006_R1_LL].props_all 	0 0 0 0 0 2e-04 0.0011 0.0058 0.0224 0.0588 0.105 0.1348 0.1374 0.1244 0.106 0.0848 0.0629 0.0442 0.0311 0.0227 0.0171 0.013 0.0095 0.0067 0.0045 0.0029 0.0019 0.0012 7e-04 5e-04 3e-04 2e-04 1e-04 0 0 0 0 0 0
  tag[Tags2006_R1_LL].release_type	deterministic
  tag[Tags2006_R1_LL].sex       	both
  tag[Tags2006_R1_LL].step      	1
  tag[Tags2006_R1_LL].tag_name  	Tags2006_R1
  tag[Tags2006_R1_LL].year      	2006
  tag[Tags2007_R1_LL].area      	R1
  tag[Tags2007_R1_LL].class_mins	100 150 200 250 300 350 400 450 500 550 600 650 700 750 800 850 900 950 1000 1050 1100 1150 1200 1250 1300 1350 1400 1450 1500 1550 1600 1650 1700 1750 1800 1850 1900 1950 2000 2050
  tag[Tags2007_R1_LL].mature_only	False
  tag[Tags2007_R1_LL].mortality 	0.1
  tag[Tags2007_R1_LL].number    	2500
  tag[Tags2007_R1_LL].ogive     	SelLL
  tag[Tags2007_R1_LL].plus_group	False
  tag[Tags2007_R1_LL].props_all 	0 0 0 0 0 1e-04 8e-04 0.0047 0.0181 0.0502 0.1003 0.144 0.1529 0.1305 0.1015 0.0787 0.0606 0.0447 0.0318 0.0228 0.0167 0.0125 0.0092 0.0066 0.0045 0.0031 0.002 0.0014 9e-04 6e-04 3e-04 2e-04 1e-04 0 0 0 0 0 0
  tag[Tags2007_R1_LL].release_type	deterministic
  tag[Tags2007_R1_LL].sex       	both
  tag[Tags2007_R1_LL].step      	1
  tag[Tags2007_R1_LL].tag_name  	Tags2007_R1
  tag[Tags2007_R1_LL].year      	2007
  tag[Tags2008_R1_LL].area      	R1
  tag[Tags2008_R1_LL].class_mins	100 150 200 250 300 350 400 450 500 550 600 650 700 750 800 850 900 950 1000 1050 1100 1150 1200 1250 1300 1350 1400 1450 1500 1550 1600 1650 1700 1750 1800 1850 1900 1950 2000 2050
  tag[Tags2008_R1_LL].mature_only	False
  tag[Tags2008_R1_LL].mortality 	0.1
  tag[Tags2008_R1_LL].number    	2500
  tag[Tags2008_R1_LL].ogive     	SelLL
  tag[Tags2008_R1_LL].plus_group	False
  tag[Tags2008_R1_LL].props_all 	0 0 0 0 0 1e-04 7e-04 0.0038 0.0146 0.0398 0.0806 0.1264 0.155 0.1495 0.1197 0.0879 0.064 0.0465 0.0328 0.0227 0.0159 0.0116 0.0086 0.0063 0.0045 0.0031 0.0021 0.0014 0.001 6e-04 4e-04 2e-04 1e-04 1e-04 0 0 0 0 0
  tag[Tags2008_R1_LL].release_type	deterministic
  tag[Tags2008_R1_LL].sex       	both
  tag[Tags2008_R1_LL].step      	1
  tag[Tags2008_R1_LL].tag_name  	Tags2008_R1
  tag[Tags2008_R1_LL].year      	2008
  tag[Tags2009_R1_LL].area      	R1
  tag[Tags2009_R1_LL].class_mins	100 150 200 250 300 350 400 450 500 550 600 650 700 750 800 850 900 950 1000 1050 1100 1150 1200 1250 1300 1350 1400 1450 1500 1550 1600 1650 1700 1750 1800 1850 1900 1950 2000 2050
  tag[Tags2009_R1_LL].mature_only	False
  tag[Tags2009_R1_LL].mortality 	0.1
  tag[Tags2009_R1_LL].number    	2500
  tag[Tags2009_R1_LL].ogive     	SelLL
  tag[Tags2009_R1_LL].plus_group	False
  tag[Tags2009_R1_LL].props_all 	0 0 0 0 0 0 5e-04 0.0031 0.0126 0.0359 0.0749 0.1184 0.1483 0.1522 0.1302 0.097 0.0681 0.048 0.0341 0.0239 0.0165 0.0115 0.0081 0.0057 0.004 0.0027 0.0018 0.0011 7e-04 4e-04 2e-04 1e-04 1e-04 0 0 0 0 0 0
  tag[Tags2009_R1_LL].release_type	deterministic
  tag[Tags2009_R1_LL].sex       	both
  tag[Tags2009_R1_LL].step      	1
  tag[Tags2009_R1_LL].tag_name  	Tags2009_R1
  tag[Tags2009_R1_LL].year      	2009
  tag_growth_loss[Tags2005_R1].nogrowth_period	0
  tag_growth_loss[Tags2006_R1].nogrowth_period	0
  tag_growth_loss[Tags2007_R1].nogrowth_period	0
  tag_growth_loss[Tags2008_R1].nogrowth_period	0
  tag_growth_loss[Tags2009_R1].nogrowth_period	0
  tag_loss_props                	1
  tag_names                     	Tags2005_R1 Tags2006_R1 Tags2007_R1 Tags2008_R1 Tags2009_R1
  tag_shedding_rate             	0.0084 0.0084 0.0084 0.0084 0.0084
  y_enter                       	1
Stored as DOUBLEs: 
Stored as VECTORs: 
Stored as OGIVEs: 

Output parameters:
Stored as strings: 
  n_projections                 	100
  numbers_at[Numbers_at_age_R1].area	R1
  numbers_at[Numbers_at_age_R1].proportion_mortality	0.5
  numbers_at[Numbers_at_age_R1].step	1
  numbers_at[Numbers_at_age_R1].years	1990 1991 1992 1993 1994 1995 1996 1997 1998 1999 2000 2001 2002 2003 2004 2005 2006 2007 2008 2009 2010
  print.covariance              	true
  print.estimation_section      	true
  print.final_state             	false
  print.fits                    	true
  print.fits_every_eval         	false
  print.initial_state           	false
  print.normalised_resids       	true
  print.objective_every_eval    	false
  print.parameter_vector_every_eval	false
  print.parameters              	true
  print.parameters_every_eval   	false
  print.pearson_resids          	true
  print.requests                	false
  print.resids                  	true
  print.results                 	false
  print.state_annually          	false
  print.state_every_step        	false
  print.unused_parameters       	true
  print.yields                  	true
  quantities.B0                 	true
  quantities.R0                 	true
  quantities.SSBs               	true
  quantities.YCS                	true
  quantities.actual_catches     	false
  quantities.all_free_parameters	true
  quantities.fishing_pressures  	true
  quantities.nuisance_qs        	true
  quantities.recruitments       	true
  quantities.true_YCS           	true
Stored as DOUBLEs: 
Stored as VECTORs: 
Stored as OGIVEs: 

A fish of size 500 cm has a weight of 1.16755 kg in your model. This size-weight scale check assumes that the growth curve is in centimetres, and that the catch is in tonnes.

A fish of size 500 cm has a weight of 1.16755 kg in your model. This size-weight scale check assumes that the growth curve is in centimetres, and that the catch is in tonnes.

Estimation section :

Objective function: Bayes

Minimiser convergence threshold: 0.001


Observations:

The observations are:
LL_catchA
Tags2005_R1_R1
Tags2006_R1_R1
Tags2007_R1_R1
Tags2008_R1_R1
Tags2009_R1_R1
Fits follow:

LL_catchA :
catch proportions-at-age for fishery LL  with ageing error (constrained to sum to 1):
obs (last class is a plus group):
class 1       2       3       4       5       6       7       8       9       10      11      12      13      14      15      16      17      18      19      20      21      22      23      24      25      26      27      28      29      30      
2000 0       0       0       0       0.012   0.019   0.06    0.102   0.033   0.157   0.093   0.101   0.107   0.092   0.054   0.056   0.016   0.015   0.017   0.021   0.013   0.014   0.004   0.007   0.001   0.002   0.001   0       0       0.003   
2001 0       0       0       0       0.005   0.018   0.045   0.127   0.158   0.049   0.13    0.074   0.077   0.073   0.063   0.039   0.052   0.015   0.006   0.028   0.015   0.004   0.012   0.002   0.004   0.001   0       0.001   0.002   0       
2002 0       0       0       0.002   0.004   0.007   0.055   0.117   0.159   0.146   0.039   0.097   0.09    0.063   0.072   0.053   0.032   0.014   0.007   0.006   0.005   0.008   0.009   0.004   0.003   0       0       0.001   0       0.007   
2003 0       0       0       0       0.012   0.018   0.03    0.139   0.161   0.144   0.129   0.028   0.071   0.046   0.04    0.049   0.033   0.021   0.021   0.006   0.009   0.014   0.01    0.004   0.004   0.001   0.001   0.001   0.004   0.004   
2004 0       0       0.001   0       0.017   0.029   0.058   0.05    0.153   0.188   0.137   0.1     0.023   0.062   0.036   0.033   0.028   0.026   0.013   0.015   0.003   0.007   0.005   0.002   0.003   0.002   0       0.005   0       0.004   
2005 0       0       0       0.001   0.003   0.037   0.095   0.117   0.082   0.171   0.129   0.12    0.063   0.013   0.037   0.033   0.026   0.021   0.017   0.011   0.009   0.004   0.001   0.003   0.002   0       0.004   0       0       0.001   
2006 0       0       0.001   0       0.004   0.006   0.099   0.146   0.168   0.081   0.134   0.091   0.072   0.056   0.014   0.026   0.017   0.018   0.016   0.014   0.009   0.011   0.004   0.002   0.001   0.002   0.002   0.001   0       0.005   
2007 0       0       0       0       0.002   0.016   0.02    0.162   0.208   0.146   0.048   0.113   0.084   0.05    0.041   0.008   0.019   0.018   0.014   0.014   0.013   0.008   0.003   0.002   0.003   0.002   0.002   0.002   0       0.002   
2008 0       0       0       0       0.003   0.011   0.067   0.035   0.223   0.221   0.114   0.061   0.068   0.053   0.057   0.021   0.007   0.014   0.008   0.012   0.006   0.006   0.004   0.003   0       0       0.004   0       0       0.002   
2009 0       0       0       0       0       0.023   0.029   0.145   0.059   0.259   0.149   0.102   0.022   0.063   0.034   0.029   0.031   0.001   0.011   0.011   0.01    0.009   0.002   0.005   0.002   0       0       0       0       0.004   
2010 0       0       0       0       0.001   0.005   0.027   0.063   0.21    0.067   0.227   0.129   0.078   0.026   0.052   0.039   0.018   0.014   0.003   0.015   0.003   0.008   0.007   0.003   0.001   0.001   0.002   0       0       0.001   
objective function: multinomial likelihood, with delta = 1e-011, N =
100 100 100 100 100 100 100 100 100 100 100 100 100 100 100 100 100 100 100 100 100 100 100 100 100 100 100 100 100 100 
100 100 100 100 100 100 100 100 100 100 100 100 100 100 100 100 100 100 100 100 100 100 100 100 100 100 100 100 100 100 
100 100 100 100 100 100 100 100 100 100 100 100 100 100 100 100 100 100 100 100 100 100 100 100 100 100 100 100 100 100 
100 100 100 100 100 100 100 100 100 100 100 100 100 100 100 100 100 100 100 100 100 100 100 100 100 100 100 100 100 100 
100 100 100 100 100 100 100 100 100 100 100 100 100 100 100 100 100 100 100 100 100 100 100 100 100 100 100 100 100 100 
100 100 100 100 100 100 100 100 100 100 100 100 100 100 100 100 100 100 100 100 100 100 100 100 100 100 100 100 100 100 
100 100 100 100 100 100 100 100 100 100 100 100 100 100 100 100 100 100 100 100 100 100 100 100 100 100 100 100 100 100 
100 100 100 100 100 100 100 100 100 100 100 100 100 100 100 100 100 100 100 100 100 100 100 100 100 100 100 100 100 100 
100 100 100 100 100 100 100 100 100 100 100 100 100 100 100 100 100 100 100 100 100 100 100 100 100 100 100 100 100 100 
100 100 100 100 100 100 100 100 100 100 100 100 100 100 100 100 100 100 100 100 100 100 100 100 100 100 100 100 100 100 
100 100 100 100 100 100 100 100 100 100 100 100 100 100 100 100 100 100 100 100 100 100 100 100 100 100 100 100 100 100 

Tags2005_R1_R1 :
tag-recapture data for tag Tags2005_R1 in years 2006 2007 2008 2009 2010 , step 1, after proportion 0.5 of mortality, with sampling method size, detection probability 1.
Year 2006
class scanned recaptured
100 0 0
150 0 0
200 0 0
250 0 0
300 10 0
350 130 0
400 1104 0
450 5996 0
500 22320 0.3
550 57794 1.2
600 103478 3.5
650 133462 7
700 136164 10.2
750 122612 12.2
800 104230 12.6
850 83694 11.4
900 62694 9
950 44908 6.4
1000 32400 4.3
1050 24322 2.9
1100 18720 1.9
1150 14242 1.2
1200 10448 0.8
1250 7364 0.5
1300 5042 0.3
1350 3412 0.1
1400 2312 0.1
1450 1568 0
1500 1052 0
1550 682 0
1600 420 0
1650 240 0
1700 128 0
1750 62 0
1800 26 0
1850 10 0
1900 4 0
1950 2 0
2000 0 0


Year 2007
class scanned recaptured
100 0 0
150 0 0
200 0 0
250 0 0
300 6 0
350 100 0
400 892 0
450 4998 0
500 18830 0.3
550 50738 0.9
600 100568 2.3
650 145700 4.1
700 157158 5.5
750 136266 6.1
800 106552 6.3
850 81820 6
900 62012 5.2
950 45222 3.9
1000 31988 2.9
1050 22800 2.2
1100 16792 1.6
1150 12618 1.2
1200 9378 0.8
1250 6756 0.4
1300 4706 0.2
1350 3206 0.1
1400 2164 0
1450 1458 0
1500 974 0
1550 632 0
1600 390 0
1650 224 0
1700 118 0
1750 58 0
1800 26 0
1850 10 0
1900 4 0
1950 2 0
2000 0 0


Year 2008
class scanned recaptured
100 0 0
150 0 0
200 0 0
250 0 0
300 8 0
350 78 0
400 686 0
450 4040 0
500 15740 0
550 42830 0.1
600 86076 0.6
650 133306 1.5
700 160414 3
750 151282 4.8
800 118540 6.1
850 85740 6.4
900 62196 5.8
950 45414 4.4
1000 32416 2.9
1050 22638 1.8
1100 15926 1.1
1150 11512 0.8
1200 8458 0.7
1250 6160 0.6
1300 4372 0.5
1350 3022 0.4
1400 2050 0.3
1450 1378 0.2
1500 914 0.1
1550 590 0
1600 364 0
1650 210 0
1700 112 0
1750 54 0
1800 24 0
1850 10 0
1900 4 0
1950 2 0
2000 0 0


Year 2009
class scanned recaptured
100 0 0
150 0 0
200 0 0
250 0 0
300 10 0
350 84 0
400 560 0
450 3158 0
500 12862 0
550 36478 0.1
600 74780 0.2
650 116388 0.7
700 144976 1.6
750 149092 2.6
800 128102 3.3
850 95540 3.5
900 66956 3.4
950 47148 3
1000 33498 2.4
1050 23444 1.7
1100 16152 1.1
1150 11208 0.7
1200 7960 0.4
1250 5738 0.3
1300 4110 0.2
1350 2888 0.2
1400 1986 0.1
1450 1340 0.1
1500 886 0.1
1550 570 0
1600 350 0
1650 202 0
1700 108 0
1750 52 0
1800 24 0
1850 10 0
1900 4 0
1950 2 0
2000 0 0


Year 2010
class scanned recaptured
100 0 0
150 0 0
200 0 0
250 0 0
300 10 0
350 112 0
400 644 0
450 2722 0
500 10122 0
550 29634 0
600 63860 0.1
650 103520 0.3
700 131936 0.7
750 139316 1.6
800 127204 2.7
850 102368 3.6
900 74344 4.2
950 51342 4.1
1000 35426 3.4
1050 24582 2.5
1100 16876 1.7
1150 11466 1
1200 7854 0.6
1250 5494 0.3
1300 3902 0.2
1350 2764 0.1
1400 1928 0
1450 1316 0
1500 874 0
1550 560 0
1600 342 0
1650 196 0
1700 104 0
1750 52 0
1800 22 0
1850 10 0
1900 4 0
1950 2 0
2000 0 0


Tags2006_R1_R1 :
tag-recapture data for tag Tags2006_R1 in years 2007 2008 2009 2010 , step 1, after proportion 0.5 of mortality, with sampling method size, detection probability 1.
Year 2007
class scanned recaptured
100 0 0
150 0 0
200 0 0
250 0 0
300 6 0
350 100 0
400 892 0
450 4998 0
500 18830 0.3
550 50738 1.3
600 100568 3.7
650 145700 7.3
700 157158 10.5
750 136266 11.6
800 106552 10.6
850 81820 8.5
900 62012 6.2
950 45222 4.3
1000 31988 2.9
1050 22800 2
1100 16792 1.4
1150 12618 1
1200 9378 0.6
1250 6756 0.4
1300 4706 0.2
1350 3206 0.1
1400 2164 0
1450 1458 0
1500 974 0
1550 632 0
1600 390 0
1650 224 0
1700 118 0
1750 58 0
1800 26 0
1850 10 0
1900 4 0
1950 2 0
2000 0 0


Year 2008
class scanned recaptured
100 0 0
150 0 0
200 0 0
250 0 0
300 8 0
350 78 0
400 686 0
450 4040 0
500 15740 0.1
550 42830 0.5
600 86076 1.7
650 133306 3.7
700 160414 6
750 151282 7.5
800 118540 7.9
850 85740 7.4
900 62196 6.3
950 45414 5.1
1000 32416 3.9
1050 22638 2.8
1100 15926 1.9
1150 11512 1.3
1200 8458 1
1250 6160 0.7
1300 4372 0.5
1350 3022 0.3
1400 2050 0.2
1450 1378 0.1
1500 914 0.1
1550 590 0
1600 364 0
1650 210 0
1700 112 0
1750 54 0
1800 24 0
1850 10 0
1900 4 0
1950 2 0
2000 0 0


Year 2009
class scanned recaptured
100 0 0
150 0 0
200 0 0
250 0 0
300 10 0
350 84 0
400 560 0
450 3158 0
500 12862 0
550 36478 0.2
600 74780 0.7
650 116388 1.8
700 144976 3.5
750 149092 5.1
800 128102 5.8
850 95540 5.5
900 66956 4.7
950 47148 3.7
1000 33498 2.6
1050 23444 1.6
1100 16152 0.9
1150 11208 0.5
1200 7960 0.2
1250 5738 0.1
1300 4110 0
1350 2888 0
1400 1986 0
1450 1340 0
1500 886 0
1550 570 0
1600 350 0
1650 202 0
1700 108 0
1750 52 0
1800 24 0
1850 10 0
1900 4 0
1950 2 0
2000 0 0


Year 2010
class scanned recaptured
100 0 0
150 0 0
200 0 0
250 0 0
300 10 0
350 112 0
400 644 0
450 2722 0
500 10122 0
550 29634 0.1
600 63860 0.4
650 103520 1.3
700 131936 2.8
750 139316 4.6
800 127204 6
850 102368 6.3
900 74344 5.5
950 51342 4.3
1000 35426 3.2
1050 24582 2.1
1100 16876 1.3
1150 11466 0.8
1200 7854 0.5
1250 5494 0.3
1300 3902 0.2
1350 2764 0.1
1400 1928 0
1450 1316 0
1500 874 0
1550 560 0
1600 342 0
1650 196 0
1700 104 0
1750 52 0
1800 22 0
1850 10 0
1900 4 0
1950 2 0
2000 0 0


Tags2007_R1_R1 :
tag-recapture data for tag Tags2007_R1 in years 2008 2009 2010 , step 1, after proportion 0.5 of mortality, with sampling method size, detection probability 1.
Year 2008
class scanned recaptured
100 0 0
150 0 0
200 0 0
250 0 0
300 8 0
350 78 0
400 686 0
450 4040 0
500 15740 0.2
550 42830 0.9
600 86076 3.1
650 133306 7
700 160414 10.9
750 151282 12.5
800 118540 11.6
850 85740 9.5
900 62196 7.2
950 45414 5.1
1000 32416 3.4
1050 22638 2.1
1100 15926 1.2
1150 11512 0.7
1200 8458 0.4
1250 6160 0.2
1300 4372 0.1
1350 3022 0
1400 2050 0
1450 1378 0
1500 914 0
1550 590 0
1600 364 0
1650 210 0
1700 112 0
1750 54 0
1800 24 0
1850 10 0
1900 4 0
1950 2 0
2000 0 0


Year 2009
class scanned recaptured
100 0 0
150 0 0
200 0 0
250 0 0
300 10 0
350 84 0
400 560 0
450 3158 0
500 12862 0.1
550 36478 0.5
600 74780 1.8
650 116388 4.7
700 144976 8.5
750 149092 11
800 128102 10.6
850 95540 8.1
900 66956 5.3
950 47148 3.3
1000 33498 1.9
1050 23444 1.1
1100 16152 0.5
1150 11208 0.2
1200 7960 0.1
1250 5738 0
1300 4110 0
1350 2888 0
1400 1986 0
1450 1340 0
1500 886 0
1550 570 0
1600 350 0
1650 202 0
1700 108 0
1750 52 0
1800 24 0
1850 10 0
1900 4 0
1950 2 0
2000 0 0


Year 2010
class scanned recaptured
100 0 0
150 0 0
200 0 0
250 0 0
300 10 0
350 112 0
400 644 0
450 2722 0
500 10122 0
550 29634 0.2
600 63860 0.6
650 103520 1.7
700 131936 3.5
750 139316 5.5
800 127204 6.8
850 102368 6.6
900 74344 5.5
950 51342 4
1000 35426 2.7
1050 24582 1.7
1100 16876 1.1
1150 11466 0.7
1200 7854 0.5
1250 5494 0.3
1300 3902 0.2
1350 2764 0.1
1400 1928 0.1
1450 1316 0
1500 874 0
1550 560 0
1600 342 0
1650 196 0
1700 104 0
1750 52 0
1800 22 0
1850 10 0
1900 4 0
1950 2 0
2000 0 0


Tags2008_R1_R1 :
tag-recapture data for tag Tags2008_R1 in years 2009 2010 , step 1, after proportion 0.5 of mortality, with sampling method size, detection probability 1.
Year 2009
class scanned recaptured
100 0 0
150 0 0
200 0 0
250 0 0
300 10 0
350 84 0
400 560 0
450 3158 0
500 12862 0.2
550 36478 0.8
600 74780 2.5
650 116388 5.7
700 144976 9.3
750 149092 11.3
800 128102 10.4
850 95540 7.6
900 66956 4.7
950 47148 2.8
1000 33498 1.7
1050 23444 1.1
1100 16152 0.8
1150 11208 0.5
1200 7960 0.3
1250 5738 0.2
1300 4110 0.1
1350 2888 0
1400 1986 0
1450 1340 0
1500 886 0
1550 570 0
1600 350 0
1650 202 0
1700 108 0
1750 52 0
1800 24 0
1850 10 0
1900 4 0
1950 2 0
2000 0 0


Year 2010
class scanned recaptured
100 0 0
150 0 0
200 0 0
250 0 0
300 10 0
350 112 0
400 644 0
450 2722 0
500 10122 0.1
550 29634 0.4
600 63860 1.2
650 103520 2.6
700 131936 4.4
750 139316 6
800 127204 7
850 102368 7
900 74344 6
950 51342 4.5
1000 35426 3.2
1050 24582 2.1
1100 16876 1.5
1150 11466 1
1200 7854 0.8
1250 5494 0.5
1300 3902 0.4
1350 2764 0.2
1400 1928 0.1
1450 1316 0.1
1500 874 0
1550 560 0
1600 342 0
1650 196 0
1700 104 0
1750 52 0
1800 22 0
1850 10 0
1900 4 0
1950 2 0
2000 0 0


Tags2009_R1_R1 :
tag-recapture data for tag Tags2009_R1 in years 2010 , step 1, after proportion 0.5 of mortality, with sampling method size, detection probability 1.
Year 2010
class scanned recaptured
100 0 0
150 0 0
200 0 0
250 0 0
300 10 0
350 112 0
400 644 0
450 2722 0
500 10122 0.1
550 29634 0.6
600 63860 2
650 103520 4.8
700 131936 8.5
750 139316 11.5
800 127204 12.1
850 102368 10.3
900 74344 7.5
950 51342 5
1000 35426 3.3
1050 24582 2.1
1100 16876 1.3
1150 11466 0.8
1200 7854 0.5
1250 5494 0.3
1300 3902 0.2
1350 2764 0.1
1400 1928 0.1
1450 1316 0
1500 874 0
1550 560 0
1600 342 0
1650 196 0
1700 104 0
1750 52 0
1800 22 0
1850 10 0
1900 4 0
1950 2 0
2000 0 0



Ageing_error:
  Misclassification matrix:
1 0 0 0 0 0 0 0 0 0 0 0 0 0 0 0 0 0 0 0 0 0 0 0 0 0 0 0 0 0 
0 1 0 0 0 0 0 0 0 0 0 0 0 0 0 0 0 0 0 0 0 0 0 0 0 0 0 0 0 0 
0 0 1 0 0 0 0 0 0 0 0 0 0 0 0 0 0 0 0 0 0 0 0 0 0 0 0 0 0 0 
0 0 0 1 0 0 0 0 0 0 0 0 0 0 0 0 0 0 0 0 0 0 0 0 0 0 0 0 0 0 
0 0 0 0 1 0 0 0 0 0 0 0 0 0 0 0 0 0 0 0 0 0 0 0 0 0 0 0 0 0 
0 0 0 0 0 1 0 0 0 0 0 0 0 0 0 0 0 0 0 0 0 0 0 0 0 0 0 0 0 0 
0 0 0 0 0 0 1 0 0 0 0 0 0 0 0 0 0 0 0 0 0 0 0 0 0 0 0 0 0 0 
0 0 0 0 0 0 0 1 0 0 0 0 0 0 0 0 0 0 0 0 0 0 0 0 0 0 0 0 0 0 
0 0 0 0 0 0 0 0 1 0 0 0 0 0 0 0 0 0 0 0 0 0 0 0 0 0 0 0 0 0 
0 0 0 0 0 0 0 0 0 1 0 0 0 0 0 0 0 0 0 0 0 0 0 0 0 0 0 0 0 0 
0 0 0 0 0 0 0 0 0 0 1 0 0 0 0 0 0 0 0 0 0 0 0 0 0 0 0 0 0 0 
0 0 0 0 0 0 0 0 0 0 0 1 0 0 0 0 0 0 0 0 0 0 0 0 0 0 0 0 0 0 
0 0 0 0 0 0 0 0 0 0 0 0 1 0 0 0 0 0 0 0 0 0 0 0 0 0 0 0 0 0 
0 0 0 0 0 0 0 0 0 0 0 0 0 1 0 0 0 0 0 0 0 0 0 0 0 0 0 0 0 0 
0 0 0 0 0 0 0 0 0 0 0 0 0 0 1 0 0 0 0 0 0 0 0 0 0 0 0 0 0 0 
0 0 0 0 0 0 0 0 0 0 0 0 0 0 0 1 0 0 0 0 0 0 0 0 0 0 0 0 0 0 
0 0 0 0 0 0 0 0 0 0 0 0 0 0 0 0 1 0 0 0 0 0 0 0 0 0 0 0 0 0 
0 0 0 0 0 0 0 0 0 0 0 0 0 0 0 0 0 1 0 0 0 0 0 0 0 0 0 0 0 0 
0 0 0 0 0 0 0 0 0 0 0 0 0 0 0 0 0 0 1 0 0 0 0 0 0 0 0 0 0 0 
0 0 0 0 0 0 0 0 0 0 0 0 0 0 0 0 0 0 0 1 0 0 0 0 0 0 0 0 0 0 
0 0 0 0 0 0 0 0 0 0 0 0 0 0 0 0 0 0 0 0 1 0 0 0 0 0 0 0 0 0 
0 0 0 0 0 0 0 0 0 0 0 0 0 0 0 0 0 0 0 0 0 1 0 0 0 0 0 0 0 0 
0 0 0 0 0 0 0 0 0 0 0 0 0 0 0 0 0 0 0 0 0 0 1 0 0 0 0 0 0 0 
0 0 0 0 0 0 0 0 0 0 0 0 0 0 0 0 0 0 0 0 0 0 0 1 0 0 0 0 0 0 
0 0 0 0 0 0 0 0 0 0 0 0 0 0 0 0 0 0 0 0 0 0 0 0 1 0 0 0 0 0 
0 0 0 0 0 0 0 0 0 0 0 0 0 0 0 0 0 0 0 0 0 0 0 0 0 1 0 0 0 0 
0 0 0 0 0 0 0 0 0 0 0 0 0 0 0 0 0 0 0 0 0 0 0 0 0 0 1 0 0 0 
0 0 0 0 0 0 0 0 0 0 0 0 0 0 0 0 0 0 0 0 0 0 0 0 0 0 0 1 0 0 
0 0 0 0 0 0 0 0 0 0 0 0 0 0 0 0 0 0 0 0 0 0 0 0 0 0 0 0 1 0 
0 0 0 0 0 0 0 0 0 0 0 0 0 0 0 0 0 0 0 0 0 0 0 0 0 0 0 0 0 1 

Free parameters:

initialization.B0
uniform: bounds from 5000 to 500000
current value: 358904
lower bound: 5000
upper bound: 500000


Q's:
qs are nuisance parameters

Penalties:
LL_Penalty :
Catch limit penalty of 1000 x the sum of squares of (log(actual catch) - log(specified catch)) for fishery LL to disencourage breaking exploitation rate limits
meanYCS_1 :
Vector average penalty of 100 x square of (mean(recruitment.YCS) - 1) 
Penalty_Tags2005_R1_LL :
'Fish-must-be-tagged' penalty of 1 x square of (actual number of tagged fish - nominal number of tagged fish) for tagging episode Tags2005_R1_LL
Penalty_Tags2006_R1_LL :
'Fish-must-be-tagged' penalty of 1 x square of (actual number of tagged fish - nominal number of tagged fish) for tagging episode Tags2006_R1_LL
Penalty_Tags2007_R1_LL :
'Fish-must-be-tagged' penalty of 1 x square of (actual number of tagged fish - nominal number of tagged fish) for tagging episode Tags2007_R1_LL
Penalty_Tags2008_R1_LL :
'Fish-must-be-tagged' penalty of 1 x square of (actual number of tagged fish - nominal number of tagged fish) for tagging episode Tags2008_R1_LL
Penalty_Tags2009_R1_LL :
'Fish-must-be-tagged' penalty of 1 x square of (actual number of tagged fish - nominal number of tagged fish) for tagging episode Tags2009_R1_LL

Components of the objective function are:
  LL_catchA
  Tags2005_R1_R1
  Tags2006_R1_R1
  Tags2007_R1_R1
  Tags2008_R1_R1
  Tags2009_R1_R1
  prior_on_initialization.B0
  LL_Penalty
  meanYCS_1
  Penalty_Tags2005_R1_LL
  Penalty_Tags2006_R1_LL
  Penalty_Tags2007_R1_LL
  Penalty_Tags2008_R1_LL
  Penalty_Tags2009_R1_LL

Random number seed : 22011


Minimiser achieved convergence after 5 quasi-Newton iterations using 6 objective function evaluations



Approximate Covariance matrix (Inverse Hessian of parameters at point estimate):
4.8992e+007 

Correlation matrix:
1 

List of parameter names, in the same order as the rows & cols of the covariance/correlation matrices:
initialization.B0 



Start extracting output from here

Point estimate:
initialization.B0
current value: 228502
lower bound: 5000
upper bound: 500000


In a format suitable for -i :

initialization.B0 
228502 

Objective function : 761.918

Components :
LL_catchA                                          405.65
Tags2005_R1_R1                                     118.217
Tags2006_R1_R1                                     95.1817
Tags2007_R1_R1                                     68.6755
Tags2008_R1_R1                                     49.9606
Tags2009_R1_R1                                     24.2345
prior_on_initialization.B0                         0
LL_Penalty                                         0
meanYCS_1                                          0
Penalty_Tags2005_R1_LL                             0
Penalty_Tags2006_R1_LL                             8.27181e-025
Penalty_Tags2007_R1_LL                             1.86116e-024
Penalty_Tags2008_R1_LL                             0
Penalty_Tags2009_R1_LL                             8.27181e-025

Fits : 

The observations are:
LL_catchA
Tags2005_R1_R1
Tags2006_R1_R1
Tags2007_R1_R1
Tags2008_R1_R1
Tags2009_R1_R1
Fits follow:

LL_catchA :
catch proportions-at-age for fishery LL  with ageing error (constrained to sum to 1):
obs (last class is a plus group):
class 1       2       3       4       5       6       7       8       9       10      11      12      13      14      15      16      17      18      19      20      21      22      23      24      25      26      27      28      29      30      
2000 0       0       0       0       0.012   0.019   0.06    0.102   0.033   0.157   0.093   0.101   0.107   0.092   0.054   0.056   0.016   0.015   0.017   0.021   0.013   0.014   0.004   0.007   0.001   0.002   0.001   0       0       0.003   
2001 0       0       0       0       0.005   0.018   0.045   0.127   0.158   0.049   0.13    0.074   0.077   0.073   0.063   0.039   0.052   0.015   0.006   0.028   0.015   0.004   0.012   0.002   0.004   0.001   0       0.001   0.002   0       
2002 0       0       0       0.002   0.004   0.007   0.055   0.117   0.159   0.146   0.039   0.097   0.09    0.063   0.072   0.053   0.032   0.014   0.007   0.006   0.005   0.008   0.009   0.004   0.003   0       0       0.001   0       0.007   
2003 0       0       0       0       0.012   0.018   0.03    0.139   0.161   0.144   0.129   0.028   0.071   0.046   0.04    0.049   0.033   0.021   0.021   0.006   0.009   0.014   0.01    0.004   0.004   0.001   0.001   0.001   0.004   0.004   
2004 0       0       0.001   0       0.017   0.029   0.058   0.05    0.153   0.188   0.137   0.1     0.023   0.062   0.036   0.033   0.028   0.026   0.013   0.015   0.003   0.007   0.005   0.002   0.003   0.002   0       0.005   0       0.004   
2005 0       0       0       0.001   0.003   0.037   0.095   0.117   0.082   0.171   0.129   0.12    0.063   0.013   0.037   0.033   0.026   0.021   0.017   0.011   0.009   0.004   0.001   0.003   0.002   0       0.004   0       0       0.001   
2006 0       0       0.001   0       0.004   0.006   0.099   0.146   0.168   0.081   0.134   0.091   0.072   0.056   0.014   0.026   0.017   0.018   0.016   0.014   0.009   0.011   0.004   0.002   0.001   0.002   0.002   0.001   0       0.005   
2007 0       0       0       0       0.002   0.016   0.02    0.162   0.208   0.146   0.048   0.113   0.084   0.05    0.041   0.008   0.019   0.018   0.014   0.014   0.013   0.008   0.003   0.002   0.003   0.002   0.002   0.002   0       0.002   
2008 0       0       0       0       0.003   0.011   0.067   0.035   0.223   0.221   0.114   0.061   0.068   0.053   0.057   0.021   0.007   0.014   0.008   0.012   0.006   0.006   0.004   0.003   0       0       0.004   0       0       0.002   
2009 0       0       0       0       0       0.023   0.029   0.145   0.059   0.259   0.149   0.102   0.022   0.063   0.034   0.029   0.031   0.001   0.011   0.011   0.01    0.009   0.002   0.005   0.002   0       0       0       0       0.004   
2010 0       0       0       0       0.001   0.005   0.027   0.063   0.21    0.067   0.227   0.129   0.078   0.026   0.052   0.039   0.018   0.014   0.003   0.015   0.003   0.008   0.007   0.003   0.001   0.001   0.002   0       0       0.001   
fits (last class is a plus group):
class 1       2       3       4       5       6       7       8       9       10      11      12      13      14      15      16      17      18      19      20      21      22      23      24      25      26      27      28      29      30      
2000 4.8e-007 7.84262e-006 9.06053e-005 0.000740105 0.00427399 0.0174422 0.0502296 0.101692 0.143957 0.14211 0.116403 0.0941153 0.0751578 0.0593144 0.0462967 0.0357955 0.0275079 0.0211079 0.0161987 0.0123565 0.00931637 0.00693857 0.00510151 0.00370064 0.00264707 0.00186619 0.00129621 0.000886721 0.000597309 0.0028517 
2001 4.81083e-007 7.86019e-006 9.08109e-005 0.000741843 0.00428457 0.0174883 0.050371 0.101991 0.144377 0.142602 0.11682 0.0943955 0.0753321 0.0594079 0.0463206 0.0357332 0.0273141 0.0207559 0.0157509 0.0119545 0.0090182 0.00672347 0.00495073 0.00359802 0.00257933 0.00182288 0.00126943 0.000870732 0.000588113 0.00283945 
2002 4.81956e-007 7.87405e-006 9.09695e-005 0.000743161 0.00429252 0.0175229 0.050478 0.102219 0.144702 0.142901 0.11712 0.09465 0.0754904 0.0594944 0.0463546 0.0357224 0.0272449 0.0205939 0.0154768 0.0116158 0.00871881 0.006504 0.00479422 0.00348954 0.00250633 0.00177522 0.00123928 0.00085228 0.000577201 0.00282146 
2003 4.82697e-007 7.88558e-006 9.10981e-005 0.000744198 0.00429864 0.0175492 0.0505591 0.102393 0.144951 0.143131 0.117284 0.0948278 0.0756419 0.0595792 0.0463915 0.0357257 0.0272198 0.0205295 0.0153472 0.0114074 0.00846737 0.00628496 0.00463552 0.00337769 0.0024297 0.00172425 0.00120639 0.00083171 0.000564752 0.00279784 
2004 4.83364e-007 7.8958e-006 9.12095e-005 0.00074507 0.0043036 0.0175699 0.0506218 0.102527 0.145141 0.143306 0.117408 0.0949084 0.0757432 0.0596672 0.0464337 0.0357364 0.0272093 0.0205012 0.0152926 0.0113072 0.00831222 0.00610145 0.00447783 0.00326479 0.00235107 0.00167103 0.00117141 0.000809407 0.000550971 0.00276871 
2005 4.83998e-007 7.90542e-006 9.13128e-005 0.00074586 0.00430794 0.0175872 0.0506725 0.102631 0.145287 0.143438 0.117501 0.0949679 0.0757751 0.0597221 0.0464834 0.0357549 0.0272073 0.020486 0.0152664 0.0112634 0.00823678 0.00598798 0.00434595 0.00315296 0.00227197 0.0016166 0.00113501 0.000785781 0.000536094 0.00273423 
2006 4.84634e-007 7.915e-006 9.14148e-005 0.00074663 0.00431207 0.0176031 0.0507166 0.102718 0.145403 0.143537 0.117566 0.0950086 0.075796 0.0597268 0.0465108 0.0357819 0.0272132 0.0204787 0.0152511 0.0112414 0.008203 0.00593239 0.0042643 0.00305955 0.00219378 0.00156196 0.00109789 0.000761266 0.00052038 0.00269462 
2007 4.85284e-007 7.92479e-006 9.15186e-005 0.000747406 0.00431618 0.0176186 0.0507579 0.102795 0.145498 0.143613 0.117612 0.0950333 0.075806 0.059726 0.0465016 0.0357935 0.0272269 0.0204784 0.0152423 0.0112278 0.00818541 0.00590705 0.00422405 0.00300164 0.00212851 0.00150803 0.00106066 0.000736287 0.000504095 0.00265015 
2008 4.85957e-007 7.93493e-006 9.16262e-005 0.00074821 0.00432041 0.0176343 0.0507988 0.102868 0.145584 0.143674 0.117642 0.0950446 0.0758058 0.0597187 0.0464895 0.035778 0.0272297 0.0204844 0.0152391 0.0112194 0.00817421 0.0058935 0.00420544 0.00297293 0.00208798 0.001463 0.00102394 0.00071126 0.000487514 0.00260119 
2009 4.86657e-007 7.9455e-006 9.17384e-005 0.000749047 0.00432481 0.0176506 0.0508406 0.102941 0.145665 0.143727 0.117663 0.0950455 0.0757961 0.0597041 0.0464731 0.0357608 0.0272123 0.0204826 0.0152409 0.0112152 0.00816682 0.00588462 0.00419527 0.00295949 0.0020678 0.00143501 0.00099328 0.000686577 0.000470907 0.00254821 
2010 4.87382e-007 7.95648e-006 9.18553e-005 0.000749921 0.00432941 0.0176675 0.050884 0.103016 0.145747 0.143777 0.117678 0.0950391 0.0757788 0.0596827 0.0464513 0.0357406 0.0271938 0.0204656 0.0152368 0.0112147 0.00816255 0.0058785 0.00418842 0.002952 0.00205824 0.00142101 0.00097419 0.000665967 0.000454531 0.00249178 
resids (last class is a plus group):
class 1       2       3       4       5       6       7       8       9       10      11      12      13      14      15      16      17      18      19      20      21      22      23      24      25      26      27      28      29      30      
2000 -4.8e-007 -7.84262e-006 -9.06053e-005 -0.000740105 0.00772601 0.00155778 0.00977039 0.000308052 -0.110957 0.0148897 -0.0234027 0.00688472 0.0318422 0.0326856 0.00770332 0.0202045 -0.0115079 -0.0061079 0.000801329 0.00864347 0.00368363 0.00706143 -0.00110151 0.00329936 -0.00164707 0.000133811 -0.000296207 -0.000886721 -0.000597309 0.000148302 
2001 -4.81083e-007 -7.86019e-006 -9.08109e-005 -0.000741843 0.000715425 0.00051171 -0.00537101 0.0250094 0.0136228 -0.0936025 0.0131805 -0.0203955 0.00166786 0.0135921 0.0166794 0.00326676 0.0246859 -0.0057559 -0.00975093 0.0160455 0.0059818 -0.00272347 0.00704927 -0.00159802 0.00142067 -0.000822884 -0.00126943 0.000129268 0.00141189 -0.00283945 
2002 -4.81956e-007 -7.87405e-006 -9.09695e-005 0.00125684 -0.000292524 -0.0105229 0.004522 0.0147808 0.0142979 0.00309894 -0.0781204 0.00235003 0.0145096 0.00350557 0.0256454 0.0172776 0.0047551 -0.00659385 -0.00847679 -0.00561579 -0.00371881 0.001496 0.00420578 0.000510462 0.000493674 -0.00177522 -0.00123928 0.00014772 -0.000577201 0.00417854 
2003 -4.82697e-007 -7.88558e-006 -9.10981e-005 -0.000744198 0.00770136 0.000450818 -0.0205591 0.0366067 0.0160489 0.000868979 0.0117162 -0.0668278 -0.00464192 -0.0135792 -0.0063915 0.0132743 0.0057802 0.00047053 0.00565278 -0.00540741 0.000532626 0.00771504 0.00536448 0.000622313 0.0015703 -0.000724249 -0.000206386 0.00016829 0.00343525 0.00120216 
2004 -4.83364e-007 -7.8958e-006 0.000908791 -0.00074507 0.0126964 0.0114301 0.00737816 -0.0525267 0.00785896 0.044694 0.0195918 0.0050916 -0.0527432 0.00233277 -0.0104337 -0.00273638 0.000790687 0.00549882 -0.00229258 0.00369277 -0.00531222 0.000898553 0.000522168 -0.00126479 0.000648926 0.000328973 -0.00117141 0.00419059 -0.000550971 0.00123129 
2005 -4.83998e-007 -7.90542e-006 -9.13128e-005 0.00025414 -0.00130794 0.0194128 0.0443275 0.0143685 -0.0632871 0.0275623 0.0114995 0.0250321 -0.0127751 -0.0467221 -0.00948343 -0.0027549 -0.00120729 0.000513984 0.0017336 -0.000263425 0.000763215 -0.00198798 -0.00334595 -0.000152958 -0.000271968 -0.0016166 0.00286499 -0.000785781 -0.000536094 -0.00173423 
2006 -4.84634e-007 -7.915e-006 0.000908585 -0.00074663 -0.000312071 -0.0116031 0.0482834 0.0432816 0.0225974 -0.0625367 0.0164336 -0.00400861 -0.00379595 -0.00372683 -0.0325108 -0.00978188 -0.0102132 -0.00247871 0.000748935 0.00275863 0.000796999 0.00506761 -0.000264305 -0.00105955 -0.00119378 0.000438035 0.000902115 0.000238734 -0.00052038 0.00230538 
2007 -4.85284e-007 -7.92479e-006 -9.15186e-005 -0.000747406 -0.00231618 -0.00161861 -0.0307579 0.0592047 0.0625016 0.00238734 -0.0696119 0.0179667 0.00819396 -0.00972603 -0.00550157 -0.0277935 -0.00822695 -0.00247837 -0.00124229 0.00277219 0.00481459 0.00209295 -0.00122405 -0.00100164 0.000871495 0.000491974 0.000939339 0.00126371 -0.000504095 -0.000650153 
2008 -4.85957e-007 -7.93493e-006 -9.16262e-005 -0.00074821 -0.00132041 -0.0066343 0.0162012 -0.0678684 0.0774163 0.0773264 -0.00364247 -0.0340446 -0.00780576 -0.00671869 0.0105105 -0.014778 -0.0202297 -0.00648444 -0.00723911 0.000780642 -0.00217421 0.000106498 -0.000205435 2.70654e-005 -0.00208798 -0.001463 0.00297606 -0.00071126 -0.000487514 -0.000601192 
2009 -4.86657e-007 -7.9455e-006 -9.17384e-005 -0.000749047 -0.00432481 0.00534945 -0.0218406 0.0420585 -0.0866653 0.115273 0.0313371 0.00695448 -0.0537961 0.00329585 -0.0124731 -0.00676082 0.0037877 -0.0194826 -0.00424089 -0.00021516 0.00183318 0.00311538 -0.00219527 0.00204051 -6.7798e-005 -0.00143501 -0.00099328 -0.000686577 -0.000470907 0.00145179 
2010 -4.87382e-007 -7.95648e-006 -9.18553e-005 -0.000749921 -0.00332941 -0.0126675 -0.023884 -0.0400165 0.0642526 -0.0767768 0.109322 0.0339609 0.00222121 -0.0336827 0.00554865 0.00325945 -0.00919379 -0.0064656 -0.0122368 0.00378534 -0.00516255 0.0021215 0.00281158 4.79978e-005 -0.00105824 -0.000421007 0.00102581 -0.000665967 -0.000454531 -0.00149178 
pearson_resids (last class is a plus group):
class 1       2       3       4       5       6       7       8       9       10      11      12      13      14      15      16      17      18      19      20      21      22      23      24      25      26      27      28      29      30      
2000 -0.0069282 -0.0280048 -0.0951911 -0.272149 1.18432 0.118994 0.447325 0.0101922 -3.16076 0.42644 -0.72972 0.235787 1.20776 1.38374 0.366603 1.08755 -0.703596 -0.424915 0.0634771 0.782419 0.383429 0.850687 -0.154615 0.543371 -0.320557 0.0310041 -0.0823265 -0.297911 -0.244472 0.027811 
2001 -0.00693602 -0.0280361 -0.0952991 -0.272469 0.109532 0.0390374 -0.245578 0.826385 0.387592 -2.6769 0.410344 -0.697573 0.0631941 0.574995 0.793581 0.175988 1.5145  -0.403735 -0.783142 1.47638 0.63276 -0.333266 1.00436 -0.26689 0.280091 -0.19291 -0.356517 0.0438266 0.582367 -0.533623 
2002 -0.00694231 -0.0280609 -0.0953823 0.461211 -0.0447444 -0.801994 0.206551 0.487917 0.406421 0.0885483 -2.42939 0.0802794 0.54923 0.148197 1.21975 0.930921 0.292089 -0.46429 -0.686717 -0.524111 -0.400016 0.186105 0.60888 0.0865642 0.098734 -0.421708 -0.352252 0.0506214 -0.240319 0.787773 
2003 -0.00694764 -0.0280814 -0.0954497 -0.272902 1.17717 0.0343334 -0.938363 1.20749 0.455869 0.0248133 0.36413 -2.28099 -0.175548 -0.573674 -0.303877 0.71519 0.355216 0.033182 0.459839 -0.509198 0.0581292 0.976239 0.789745 0.107259 0.318959 -0.174567 -0.0594566 0.0583784 1.44595 0.227593 
2004 -0.00695244 -0.0280996 0.95162 -0.273062 1.93955 0.869993 0.336558 -1.73161 0.223112 1.27557 0.608618 0.173722 -1.99342 0.0984836 -0.495845 -0.147409 0.0486  0.388041 -0.186823 0.349255 -0.5851 0.115387 0.0782079 -0.221718 0.13399 0.0805438 -0.342459 1.47356 -0.234793 0.234327 
2005 -0.006957 -0.0281167 -0.0955621 0.0930907 -0.199706 1.47687 2.02106 0.473464 -1.79594 0.786328 0.357109 0.853842 -0.48274 -1.97164 -0.450456 -0.14837 -0.0742097 0.0362841 0.141391 -0.0249621 0.0844431 -0.257677 -0.508655 -0.0272834 -0.0571229 -0.402395 0.850881 -0.280428 -0.231599 -0.332112 
2006 -0.00696157 -0.0281337 0.950336 -0.273347 -0.0476264 -0.882342 2.20052 1.42566 0.64105 -1.78361 0.510211 -0.136707 -0.143421 -0.157263 -1.54381 -0.526627 -0.627717 -0.175012 0.0611127 0.261661 0.0883609 0.659903 -0.040561 -0.191848 -0.255155 0.110921 0.272409 0.0865587 -0.228178 0.444712 
2007 -0.00696623 -0.0281511 -0.0956697 -0.27349 -0.353315 -0.123032 -1.40125 1.9495  1.77258 0.0680742 -2.16087 0.612653 0.309571 -0.410418 -0.261272 -1.49608 -0.505514 -0.174989 -0.101399 0.263104 0.534347 0.273125 -0.188736 -0.183098 0.189099 0.126784 0.288579 0.465892 -0.224577 -0.126461 
2008 -0.00697106 -0.0281691 -0.095726 -0.273637 -0.20132 -0.504057 0.737804 -2.23408 2.19504 2.20455 -0.113055 -1.16084 -0.294905 -0.283531 0.49921 -0.795643 -1.24298 -0.457778 -0.590935 0.074117 -0.241468 0.0139136 -0.0317456 0.00497128 -0.457422 -0.382773 0.930525 -0.266789 -0.220851 -0.11803 
2009 -0.00697608 -0.0281879 -0.0957845 -0.27379 -0.65906 0.406253 -0.994238 1.38404 -2.45671 3.2859  0.972573 0.23713 -2.03256 0.139102 -0.592524 -0.364086 0.2328  -1.37546 -0.346168 -0.0204319 0.203685 0.407318 -0.339641 0.375641 -0.0149249 -0.379088 -0.31532 -0.262116 -0.217055 0.287965 
2010 -0.00698127 -0.0282073 -0.0958456 -0.27395 -0.507101 -0.961554 -1.08682 -1.31642 1.82095 -2.18822 3.39272 1.15801 0.0839322 -1.42182 0.263644 0.175576 -0.565258 -0.456654 -0.998978 0.359468 -0.573761 0.277517 0.435347 0.00884719 -0.233498 -0.111764 0.328819 -0.258149 -0.213246 -0.29922 
objective function: multinomial likelihood, with delta = 1e-011, N =
100 100 100 100 100 100 100 100 100 100 100 100 100 100 100 100 100 100 100 100 100 100 100 100 100 100 100 100 100 100 
100 100 100 100 100 100 100 100 100 100 100 100 100 100 100 100 100 100 100 100 100 100 100 100 100 100 100 100 100 100 
100 100 100 100 100 100 100 100 100 100 100 100 100 100 100 100 100 100 100 100 100 100 100 100 100 100 100 100 100 100 
100 100 100 100 100 100 100 100 100 100 100 100 100 100 100 100 100 100 100 100 100 100 100 100 100 100 100 100 100 100 
100 100 100 100 100 100 100 100 100 100 100 100 100 100 100 100 100 100 100 100 100 100 100 100 100 100 100 100 100 100 
100 100 100 100 100 100 100 100 100 100 100 100 100 100 100 100 100 100 100 100 100 100 100 100 100 100 100 100 100 100 
100 100 100 100 100 100 100 100 100 100 100 100 100 100 100 100 100 100 100 100 100 100 100 100 100 100 100 100 100 100 
100 100 100 100 100 100 100 100 100 100 100 100 100 100 100 100 100 100 100 100 100 100 100 100 100 100 100 100 100 100 
100 100 100 100 100 100 100 100 100 100 100 100 100 100 100 100 100 100 100 100 100 100 100 100 100 100 100 100 100 100 
100 100 100 100 100 100 100 100 100 100 100 100 100 100 100 100 100 100 100 100 100 100 100 100 100 100 100 100 100 100 
100 100 100 100 100 100 100 100 100 100 100 100 100 100 100 100 100 100 100 100 100 100 100 100 100 100 100 100 100 100 

Tags2005_R1_R1 :
tag-recapture data for tag Tags2005_R1 in years 2006 2007 2008 2009 2010 , step 1, after proportion 0.5 of mortality, with sampling method size, detection probability 1.
Year 2006
class scanned recaptured expected_prop neg_log_likelihood
100 0 0 0 0
150 0 0 1.26063e-012 0
200 0 0 8.93751e-012 0
250 0 0 6.0799e-011 0
300 10 0 7.72692e-010 7.72692e-009
350 130 0 9.77995e-009 1.27139e-006
400 1104 0 9.15684e-008 0.000101092
450 5996 0 6.03245e-007 0.00361706
500 22320 0.3 2.76791e-006 0.788853
550 57794 1.2 9.06854e-006 1.39632
600 103478 3.5 2.20764e-005 1.84676
650 133462 7 4.16569e-005 2.07605
700 136164 10.2 6.34646e-005 2.22103
750 122612 12.2 8.12889e-005 2.40976
800 104230 12.6 9.14159e-005 2.64151
850 83694 11.4 9.42462e-005 2.82942
900 62694 9 9.22493e-005 2.79027
950 44908 6.4 8.76163e-005 2.50818
1000 32400 4.3 8.15559e-005 2.10375
1050 24322 2.9 7.45639e-005 1.75477
1100 18720 1.9 6.67746e-005 1.42885
1150 14242 1.2 5.82246e-005 1.15085
1200 10448 0.8 4.91155e-005 0.975777
1250 7364 0.5 4.00108e-005 0.784827
1300 5042 0.3 3.1667e-005 0.601866
1350 3412 0.1 2.46878e-005 0.281762
1400 2312 0.1 1.93896e-005 0.305426
1450 1568 0 1.5639e-005 0.0245222
1500 1052 0 1.30757e-005 0.0137558
1550 682 0 1.13626e-005 0.00774935
1600 420 0 1.01923e-005 0.00428077
1650 240 0 9.4085e-006 0.00225805
1700 128 0 8.89813e-006 0.00113897
1750 62 0 8.57271e-006 0.000531511
1800 26 0 8.36767e-006 0.00021756
1850 10 0 8.23824e-006 8.23828e-005
1900 4 0 8.15269e-006 3.26109e-005
1950 2 0 8.08492e-006 1.61699e-005
2000 0 0 8.00848e-006 0

total neg_log_likelihood: 30.9543


Year 2007
class scanned recaptured expected_prop neg_log_likelihood
100 0 0 0 0
150 0 0 3.99489e-015 0
200 0 0 4.80053e-013 0
250 0 0 7.59323e-012 0
300 6 0 1.44893e-010 8.69357e-010
350 100 0 1.95458e-009 1.95458e-007
400 892 0 1.91052e-008 1.70418e-005
450 4998 0 1.46786e-007 0.000733634
500 18830 0.3 8.31754e-007 1.15444
550 50738 0.9 3.39678e-006 1.71578
600 100568 2.3 1.02222e-005 1.95155
650 145700 4.1 2.34763e-005 1.70813
700 157158 5.5 4.26738e-005 1.90213
750 136266 6.1 6.35669e-005 2.25973
800 106552 6.3 8.04328e-005 2.18387
850 81820 6 8.99682e-005 1.96309
900 62012 5.2 9.25451e-005 1.78537
950 45222 3.9 9.03992e-005 1.6251
1000 31988 2.9 8.55974e-005 1.48457
1050 22800 2.2 7.92863e-005 1.39053
1100 16792 1.6 7.19093e-005 1.26318
1150 12618 1.2 6.35941e-005 1.16347
1200 9378 0.8 5.45093e-005 0.97688
1250 6756 0.4 4.51518e-005 0.660321
1300 4706 0.2 3.6286e-005 0.438864
1350 3206 0.1 2.86175e-005 0.280731
1400 2164 0 2.26185e-005 0.048947
1450 1458 0 1.82608e-005 0.0266245
1500 974 0 1.52129e-005 0.0148175
1550 632 0 1.31351e-005 0.00830145
1600 390 0 1.16853e-005 0.0045573
1650 224 0 1.06945e-005 0.00239559
1700 118 0 1.00376e-005 0.00118444
1750 58 0 9.61252e-006 0.000557529
1800 26 0 9.3418e-006 0.000242888
1850 10 0 9.17015e-006 9.17019e-005
1900 4 0 9.05761e-006 3.62306e-005
1950 2 0 8.97163e-006 1.79433e-005
2000 0 0 8.8787e-006 0

total neg_log_likelihood: 26.0163


Year 2008
class scanned recaptured expected_prop neg_log_likelihood
100 0 0 0 0
150 0 0 0 0
200 0 0 1.21549e-014 0
250 0 0 6.97029e-013 0
300 8 0 2.58879e-011 2.07104e-010
350 78 0 4.55217e-010 3.55069e-008
400 686 0 4.47064e-009 3.06686e-006
450 4040 0 3.49688e-008 0.000141274
500 15740 0 2.28634e-007 0.00359869
550 42830 0.1 1.12776e-006 0.301457
600 86076 0.6 4.1416e-006 0.862763
650 133306 1.5 1.15372e-005 1.17695
700 160414 3 2.51023e-005 1.63963
750 151282 4.8 4.39779e-005 2.00663
800 118540 6.1 6.3941e-005 1.99156
850 85740 6.4 7.97639e-005 1.87446
900 62196 5.8 8.85917e-005 1.81967
950 45414 4.4 9.07939e-005 1.68768
1000 32416 2.9 8.84127e-005 1.48008
1050 22638 1.8 8.33441e-005 1.26067
1100 15926 1.1 7.6633e-005 1.04671
1150 11512 0.8 6.86839e-005 0.907451
1200 8458 0.7 5.97417e-005 0.887277
1250 6160 0.6 5.02807e-005 0.90033
1300 4372 0.5 4.10544e-005 0.91748
1350 3022 0.4 3.28299e-005 0.903747
1400 2050 0.3 2.6212e-005 0.822611
1450 1378 0.2 2.12846e-005 0.649722
1500 914 0.1 1.77614e-005 0.378376
1550 590 0 1.5315e-005 0.0090359
1600 364 0 1.35764e-005 0.00494186
1650 210 0 1.23687e-005 0.00259745
1700 112 0 1.15569e-005 0.00129438
1750 54 0 1.10259e-005 0.000595402
1800 24 0 1.06852e-005 0.000256447
1850 10 0 1.04687e-005 0.000104687
1900 4 0 1.03275e-005 4.13104e-005
1950 2 0 1.02219e-005 2.0444e-005
2000 0 0 1.01117e-005 0

total neg_log_likelihood: 23.5379


Year 2009
class scanned recaptured expected_prop neg_log_likelihood
100 0 0 0 0
150 0 0 0 0
200 0 0 3.89428e-017 0
250 0 0 3.99369e-014 0
300 10 0 3.62793e-012 3.62799e-011
350 84 0 1.06636e-010 8.95746e-009
400 560 0 1.26507e-009 7.08438e-007
450 3158 0 8.94255e-009 2.82406e-005
500 12862 0 6.13354e-008 0.000788896
550 36478 0.1 3.45926e-007 0.400003
600 74780 0.2 1.50942e-006 0.463795
650 116388 0.7 5.03986e-006 0.864182
700 144976 1.6 1.30727e-005 1.22969
750 149092 2.6 2.6987e-005 1.71684
800 128102 3.3 4.55214e-005 2.19368
850 95540 3.5 6.45e-005 2.25149
900 66956 3.4 7.9224e-005 1.94753
950 47148 3 8.72402e-005 1.66234
1000 33498 2.4 8.89568e-005 1.45166
1050 23444 1.7 8.62161e-005 1.25972
1100 16152 1.1 8.0713e-005 1.05737
1150 11208 0.7 7.33881e-005 0.863452
1200 7960 0.4 6.47393e-005 0.660871
1250 5738 0.3 5.53127e-005 0.553476
1300 4110 0.2 4.5877e-005 0.43683
1350 2888 0.2 3.72391e-005 0.468106
1400 1986 0.1 3.01097e-005 0.291579
1450 1340 0.1 2.46777e-005 0.324079
1500 886 0.1 2.0711e-005 0.368238
1550 570 0 1.79072e-005 0.0102072
1600 350 0 1.58801e-005 0.00555809
1650 202 0 1.4451e-005 0.00291912
1700 108 0 1.3479e-005 0.00145574
1750 52 0 1.28375e-005 0.000667554
1800 24 0 1.24236e-005 0.000298168
1850 10 0 1.21601e-005 0.000121602
1900 4 0 1.19894e-005 4.79578e-005
1950 2 0 1.18638e-005 2.37277e-005
2000 0 0 1.17351e-005 0

total neg_log_likelihood: 20.487


Year 2010
class scanned recaptured expected_prop neg_log_likelihood
100 0 0 0 0
150 0 0 0 0
200 0 0 0 0
250 0 0 1.04295e-015 0
300 10 0 3.50391e-013 3.50386e-012
350 112 0 2.1124e-011 2.36589e-009
400 644 0 4.09494e-010 2.63714e-007
450 2722 0 2.62955e-009 7.15763e-006
500 10122 0 1.72673e-008 0.00017478
550 29634 0 1.03263e-007 0.00306011
600 63860 0.1 5.12375e-007 0.324823
650 103520 0.3 2.00477e-006 0.571096
700 131936 0.7 6.13264e-006 0.861575
750 139316 1.6 1.48528e-005 1.26315
800 127204 2.7 2.9096e-005 1.59587
850 102368 3.6 4.72235e-005 1.75547
900 74344 4.2 6.51788e-005 1.70132
950 51342 4.1 7.87465e-005 1.64508
1000 35426 3.4 8.58592e-005 1.57555
1050 24582 2.5 8.69545e-005 1.43933
1100 16876 1.7 8.36643e-005 1.26028
1150 11466 1 7.74851e-005 1.00668
1200 7854 0.6 6.9394e-005 0.79655
1250 5494 0.3 6.01689e-005 0.554449
1300 3902 0.2 5.06707e-005 0.436501
1350 2764 0.1 4.17613e-005 0.281448
1400 1928 0 3.42396e-005 0.0660151
1450 1316 0 2.83889e-005 0.0373604
1500 874 0 2.40324e-005 0.0210046
1550 560 0 2.09005e-005 0.0117044
1600 342 0 1.85982e-005 0.00636063
1650 196 0 1.69516e-005 0.00332255
1700 104 0 1.58191e-005 0.0016452
1750 52 0 1.50656e-005 0.000783418
1800 22 0 1.45768e-005 0.000320693
1850 10 0 1.42652e-005 0.000142653
1900 4 0 1.40647e-005 5.62592e-005
1950 2 0 1.39198e-005 2.78397e-005
2000 0 0 1.37736e-005 0

total neg_log_likelihood: 17.2212


Tags2006_R1_R1 :
tag-recapture data for tag Tags2006_R1 in years 2007 2008 2009 2010 , step 1, after proportion 0.5 of mortality, with sampling method size, detection probability 1.
Year 2007
class scanned recaptured expected_prop neg_log_likelihood
100 0 0 0 0
150 0 0 2.23644e-012 0
200 0 0 9.85245e-012 0
250 0 0 6.23726e-011 0
300 6 0 8.14401e-010 4.88641e-009
350 100 0 1.00863e-008 1.00863e-006
400 892 0 9.23531e-008 8.2379e-005
450 4998 0 6.09861e-007 0.00304809
500 18830 0.3 2.84639e-006 0.823292
550 50738 1.3 9.4908e-006 1.58571
600 100568 3.7 2.33539e-005 1.92583
650 145700 7.3 4.41575e-005 1.98013
700 157158 10.5 6.6855e-005 2.10253
750 136266 11.6 8.45217e-005 2.15188
800 106552 10.6 9.33824e-005 2.12795
850 81820 8.5 9.43416e-005 2.03696
900 62012 6.2 9.0376e-005 1.87518
950 45222 4.3 8.39201e-005 1.69974
1000 31988 2.9 7.62852e-005 1.5207
1050 22800 2 6.8095e-005 1.36586
1100 16792 1.4 5.96431e-005 1.21621
1150 12618 1 5.10732e-005 1.08378
1200 9378 0.6 4.25407e-005 0.837682
1250 6756 0.4 3.44042e-005 0.696453
1300 4706 0.2 2.71465e-005 0.45389
1350 3206 0.1 2.11545e-005 0.287021
1400 2164 0 1.66306e-005 0.035989
1450 1458 0 1.34338e-005 0.0195865
1500 974 0 1.12493e-005 0.0109569
1550 632 0 9.78873e-006 0.00618651
1600 390 0 8.78932e-006 0.00342785
1650 224 0 8.11871e-006 0.0018186
1700 118 0 7.68113e-006 0.000906377
1750 58 0 7.40166e-006 0.000429298
1800 26 0 7.22534e-006 0.000187859
1850 10 0 7.11398e-006 7.114e-005
1900 4 0 7.04048e-006 2.8162e-005
1950 2 0 6.98288e-006 1.39658e-005
2000 0 0 6.91859e-006 0

total neg_log_likelihood: 25.8535


Year 2008
class scanned recaptured expected_prop neg_log_likelihood
100 0 0 0 0
150 0 0 7.93183e-015 0
200 0 0 6.39623e-013 0
250 0 0 7.60474e-012 0
300 8 0 1.4882e-010 1.19056e-009
350 78 0 2.03353e-009 1.58615e-007
400 686 0 1.95195e-008 1.33904e-005
450 4040 0 1.48553e-007 0.000600154
500 15740 0.1 8.47836e-007 0.395131
550 42830 0.5 3.51593e-006 0.976407
600 86076 1.7 1.07277e-005 1.4937
650 133306 3.7 2.48246e-005 1.61777
700 160414 6 4.51312e-005 1.94145
750 151282 7.5 6.67549e-005 2.30494
800 118540 7.9 8.33651e-005 2.17648
850 85740 7.4 9.163e-005 1.94441
900 62196 6.3 9.23713e-005 1.87835
950 45414 5.1 8.82912e-005 1.88622
1000 32416 3.9 8.1712e-005 1.87832
1050 22638 2.8 7.39145e-005 1.77817
1100 15926 1.9 6.54823e-005 1.56595
1150 11512 1.3 5.66948e-005 1.36151
1200 8458 1 4.77762e-005 1.31017
1250 6160 0.7 3.9112e-005 1.14136
1300 4372 0.5 3.12195e-005 1.01141
1350 3022 0.3 2.45484e-005 0.746326
1400 2050 0.2 1.93927e-005 0.599342
1450 1378 0.1 1.56694e-005 0.355227
1500 914 0.1 1.3072e-005 0.404746
1550 590 0 1.1303e-005 0.00666883
1600 364 0 1.00683e-005 0.00366489
1650 210 0 9.22363e-006 0.00193697
1700 112 0 8.66284e-006 0.000970243
1750 54 0 8.2995e-006 0.000448175
1800 24 0 8.06788e-006 0.00019363
1850 10 0 7.92096e-006 7.92099e-005
1900 4 0 7.82469e-006 3.12989e-005
1950 2 0 7.75141e-006 1.55029e-005
2000 0 0 7.67332e-006 0

total neg_log_likelihood: 28.782


Year 2009
class scanned recaptured expected_prop neg_log_likelihood
100 0 0 0 0
150 0 0 0 0
200 0 0 2.153e-014 0
250 0 0 7.42728e-013 0
300 10 0 2.57298e-011 2.57298e-010
350 84 0 4.71514e-010 3.96071e-008
400 560 0 4.61203e-009 2.58274e-006
450 3158 0 3.56479e-008 0.000112576
500 12862 0 2.32602e-007 0.00299172
550 36478 0.2 1.15796e-006 0.589741
600 74780 0.7 4.3089e-006 1.01917
650 116388 1.8 1.213e-005 1.30774
700 144976 3.5 2.65214e-005 1.58501
750 149092 5.1 4.63936e-005 2.01267
800 128102 5.8 6.6927e-005 2.31898
850 95540 5.5 8.23874e-005 2.18613
900 66956 4.7 8.9927e-005 1.86729
950 47148 3.7 9.03235e-005 1.63389
1000 33498 2.6 8.60519e-005 1.44288
1050 23444 1.6 7.92726e-005 1.22424
1100 16152 0.9 7.11914e-005 0.985179
1150 11208 0.5 6.2368e-005 0.757255
1200 7960 0.2 5.31637e-005 0.509789
1250 5738 0.1 4.40382e-005 0.340371
1300 4110 0 3.55663e-005 0.14618
1350 2888 0 2.82602e-005 0.0816165
1400 1986 0 2.2499e-005 0.0446834
1450 1340 0 1.82588e-005 0.0244669
1500 886 0 1.52466e-005 0.0135086
1550 570 0 1.31622e-005 0.00750253
1600 350 0 1.16832e-005 0.00408913
1650 202 0 1.06559e-005 0.0021525
1700 108 0 9.9651e-006 0.00107624
1750 52 0 9.51299e-006 0.000494678
1800 24 0 9.22276e-006 0.000221347
1850 10 0 9.03821e-006 9.03825e-005
1900 4 0 8.91802e-006 3.56723e-005
1950 2 0 8.82826e-006 1.76566e-005
2000 0 0 8.73499e-006 0

total neg_log_likelihood: 20.1096


Year 2010
class scanned recaptured expected_prop neg_log_likelihood
100 0 0 0 0
150 0 0 0 0
200 0 0 7.73039e-017 0
250 0 0 5.25562e-014 0
300 10 0 3.55924e-012 3.55926e-011
350 112 0 1.08365e-010 1.21368e-008
400 644 0 1.31353e-009 8.45917e-007
450 2722 0 9.18507e-009 2.50018e-005
500 10122 0 6.26205e-008 0.000633845
550 29634 0.1 3.54008e-007 0.416343
600 63860 0.4 1.55958e-006 0.902637
650 103520 1.3 5.26409e-006 1.48833
700 131936 2.8 1.37585e-005 1.69214
750 139316 4.6 2.84765e-005 1.74801
800 127204 6 4.78904e-005 1.82937
850 102368 6.3 6.7277e-005 1.87816
900 74344 5.5 8.15273e-005 1.81322
950 51342 4.3 8.82283e-005 1.67348
1000 35426 3.2 8.81681e-005 1.52736
1050 24582 2.1 8.35935e-005 1.32976
1100 16876 1.3 7.64734e-005 1.11311
1150 11466 0.8 6.79359e-005 0.907678
1200 7854 0.5 5.86232e-005 0.727414
1250 5494 0.3 4.91385e-005 0.554602
1300 3902 0.2 4.01539e-005 0.44199
1350 2764 0.1 3.22621e-005 0.281
1400 1928 0 2.59295e-005 0.0499927
1450 1316 0 2.1192e-005 0.0278889
1500 874 0 1.7773e-005 0.0155337
1550 560 0 1.53736e-005 0.00860926
1600 342 0 1.36462e-005 0.00466702
1650 196 0 1.24307e-005 0.00243644
1700 104 0 1.16047e-005 0.0012069
1750 52 0 1.10597e-005 0.000575107
1800 22 0 1.07079e-005 0.000235575
1850 10 0 1.04838e-005 0.000104838
1900 4 0 1.03386e-005 4.13548e-005
1950 2 0 1.02321e-005 2.04643e-005
2000 0 0 1.01233e-005 0

total neg_log_likelihood: 20.4366


Tags2007_R1_R1 :
tag-recapture data for tag Tags2007_R1 in years 2008 2009 2010 , step 1, after proportion 0.5 of mortality, with sampling method size, detection probability 1.
Year 2008
class scanned recaptured expected_prop neg_log_likelihood
100 0 0 0 0
150 0 0 1.18778e-012 0
200 0 0 6.89286e-012 0
250 0 0 4.90872e-011 0
300 8 0 6.74738e-010 5.39791e-009
350 78 0 8.43532e-009 6.57955e-007
400 686 0 7.90167e-008 5.42055e-005
450 4040 0 5.39713e-007 0.00218044
500 15740 0.2 2.61113e-006 0.594073
550 42830 0.9 9.00966e-006 1.20389
600 86076 3.1 2.28316e-005 1.78959
650 133306 7 4.41533e-005 2.00312
700 160414 10.9 6.78218e-005 2.12095
750 151282 12.5 8.62464e-005 2.20008
800 118540 11.6 9.50952e-005 2.15628
850 85740 9.5 9.53745e-005 2.15492
900 62196 7.2 9.0582e-005 2.11743
950 45414 5.1 8.3567e-005 1.95214
1000 32416 3.4 7.57377e-005 1.71739
1050 22638 2.1 6.7612e-005 1.42405
1100 15926 1.2 5.93512e-005 1.10973
1150 11512 0.7 5.1017e-005 0.864015
1200 8458 0.4 4.27219e-005 0.648878
1250 6160 0.2 3.47933e-005 0.436987
1300 4372 0.1 2.76886e-005 0.282322
1350 3022 0 2.17878e-005 0.0658435
1400 2050 0 1.73069e-005 0.0354795
1450 1378 0 1.41251e-005 0.0194645
1500 914 0 1.19427e-005 0.0109157
1550 590 0 1.04794e-005 0.00618288
1600 364 0 9.47534e-006 0.00344904
1650 210 0 8.79981e-006 0.00184797
1700 112 0 8.35797e-006 0.000936096
1750 54 0 8.07519e-006 0.000436062
1800 24 0 7.89653e-006 0.000189517
1850 10 0 7.7836e-006 7.78363e-005
1900 4 0 7.70911e-006 3.08366e-005
1950 2 0 7.65104e-006 1.53021e-005
2000 0 0 7.58723e-006 0

total neg_log_likelihood: 24.923


Year 2009
class scanned recaptured expected_prop neg_log_likelihood
100 0 0 0 0
150 0 0 3.99422e-015 0
200 0 0 3.95756e-013 0
250 0 0 5.82518e-012 0
300 10 0 1.24609e-010 1.24609e-009
350 84 0 1.75344e-009 1.47289e-007
400 560 0 1.67994e-008 9.40768e-006
450 3158 0 1.30065e-007 0.000410745
500 12862 0.1 7.64039e-007 0.422213
550 36478 0.5 3.2699e-006 1.06164
600 74780 1.8 1.02799e-005 1.75885
650 116388 4.7 2.44008e-005 2.21811
700 144976 8.5 4.52272e-005 2.26183
750 149092 11 6.77197e-005 2.1647
800 128102 10.6 8.49595e-005 2.11091
850 95540 8.1 9.31681e-005 2.01231
900 66956 5.3 9.32807e-005 1.84398
950 47148 3.3 8.8457e-005 1.63899
1000 33498 1.9 8.13827e-005 1.42351
1050 23444 1.1 7.34236e-005 1.16935
1100 16152 0.5 6.50722e-005 0.905365
1150 11208 0.2 5.64882e-005 0.639164
1200 7960 0.1 4.7812e-005 0.427315
1250 5738 0 3.9377e-005 0.225949
1300 4110 0 3.16676e-005 0.130156
1350 2888 0 2.51196e-005 0.0725462
1400 1986 0 2.00331e-005 0.0397861
1450 1340 0 1.6343e-005 0.0218998
1500 886 0 1.37591e-005 0.0121907
1550 570 0 1.19945e-005 0.00683691
1600 350 0 1.07596e-005 0.00376589
1650 202 0 9.91297e-006 0.00200243
1700 108 0 9.34985e-006 0.00100979
1750 52 0 8.98446e-006 0.000467194
1800 24 0 8.75129e-006 0.000210032
1850 10 0 8.60332e-006 8.60335e-005
1900 4 0 8.50642e-006 3.40258e-005
1950 2 0 8.43277e-006 1.68656e-005
2000 0 0 8.35473e-006 0

total neg_log_likelihood: 22.5756


Year 2010
class scanned recaptured expected_prop neg_log_likelihood
100 0 0 0 0
150 0 0 0 0
200 0 0 1.14396e-014 0
250 0 0 5.3112e-013 0
300 10 0 2.09696e-011 2.09696e-010
350 112 0 4.13395e-010 4.63002e-008
400 644 0 4.07601e-009 2.62495e-006
450 2722 0 3.12922e-008 8.51773e-005
500 10122 0 2.07618e-007 0.00210151
550 29634 0.2 1.06032e-006 0.638097
600 63860 0.6 4.05723e-006 0.956836
650 103520 1.7 1.17231e-005 1.31932
700 131936 3.5 2.6198e-005 1.56933
750 139316 5.5 4.65882e-005 1.86618
800 127204 6.8 6.78925e-005 2.10036
850 102368 6.6 8.38609e-005 2.12455
900 74344 5.5 9.12994e-005 1.91709
950 51342 4 9.11118e-005 1.68452
1000 35426 2.7 8.61769e-005 1.46749
1050 24582 1.7 7.89684e-005 1.24837
1100 16876 1.1 7.07656e-005 1.04438
1150 11466 0.7 6.20472e-005 0.853927
1200 7854 0.5 5.306e-005 0.733574
1250 5494 0.3 4.41746e-005 0.559278
1300 3902 0.2 3.59109e-005 0.44777
1350 2764 0.1 2.87568e-005 0.282814
1400 1928 0.1 2.30905e-005 0.305806
1450 1316 0 1.8903e-005 0.0248766
1500 874 0 1.59179e-005 0.0139124
1550 560 0 1.38467e-005 0.00775418
1600 342 0 1.23734e-005 0.00423172
1650 196 0 1.13481e-005 0.00222424
1700 104 0 1.06576e-005 0.0011084
1750 52 0 1.02052e-005 0.000530671
1800 22 0 9.91449e-006 0.00021812
1850 10 0 9.7296e-006 9.72965e-005
1900 4 0 9.60926e-006 3.84372e-005
1950 2 0 9.51955e-006 1.90392e-005
2000 0 0 9.42639e-006 0

total neg_log_likelihood: 21.1769


Tags2008_R1_R1 :
tag-recapture data for tag Tags2008_R1 in years 2009 2010 , step 1, after proportion 0.5 of mortality, with sampling method size, detection probability 1.
Year 2009
class scanned recaptured expected_prop neg_log_likelihood
100 0 0 0 0
150 0 0 1.16328e-012 0
200 0 0 5.99797e-012 0
250 0 0 4.07709e-011 0
300 10 0 5.69354e-010 5.69354e-009
350 84 0 7.16581e-009 6.01928e-007
400 560 0 6.64047e-008 3.71866e-005
450 3158 0 4.52981e-007 0.00143051
500 12862 0.2 2.2196e-006 0.654398
550 36478 0.8 7.84428e-006 1.21606
600 74780 2.5 2.05147e-005 1.66521
650 116388 5.7 4.11229e-005 1.88591
700 144976 9.3 6.56005e-005 2.04522
750 149092 11.3 8.6553e-005 2.24283
800 128102 10.4 9.85459e-005 2.30636
850 95540 7.6 0.000101145 2.18185
900 66956 4.7 9.71443e-005 1.9877
950 47148 2.8 8.95709e-005 1.73582
1000 33498 1.7 8.04252e-005 1.44409
1050 23444 1.1 7.07952e-005 1.14783
1100 16152 0.8 6.12164e-005 0.926697
1150 11208 0.5 5.19312e-005 0.731845
1200 7960 0.3 4.30822e-005 0.555806
1250 5738 0.2 3.49251e-005 0.436496
1300 4110 0.1 2.77966e-005 0.281301
1350 2888 0 2.19632e-005 0.0634304
1400 1986 0 1.7568e-005 0.0348903
1450 1340 0 1.44589e-005 0.019375
1500 886 0 1.23309e-005 0.0109252
1550 570 0 1.09062e-005 0.00621657
1600 350 0 9.92992e-006 0.00347549
1650 202 0 9.27384e-006 0.00187332
1700 108 0 8.84514e-006 0.000955279
1750 52 0 8.57096e-006 0.000445692
1800 24 0 8.39781e-006 0.000201548
1850 10 0 8.2884e-006 8.28844e-005
1900 4 0 8.21618e-006 3.28649e-005
1950 2 0 8.15969e-006 1.63194e-005
2000 0 0 8.0976e-006 0

total neg_log_likelihood: 23.5888


Year 2010
class scanned recaptured expected_prop neg_log_likelihood
100 0 0 0 0
150 0 0 3.99547e-015 0
200 0 0 3.64116e-013 0
250 0 0 4.86278e-012 0
300 10 0 1.03098e-010 1.03098e-009
350 112 0 1.49299e-009 1.67215e-007
400 644 0 1.43006e-008 9.20959e-006
450 2722 0 1.09695e-007 0.000298589
500 10122 0.1 6.46679e-007 0.459564
550 29634 0.4 2.81023e-006 0.957887
600 63860 1.2 9.05414e-006 1.33255
650 103520 2.6 2.21581e-005 1.44816
700 131936 4.4 4.24947e-005 1.81894
750 139316 6 6.59321e-005 2.45897
800 127204 7 8.56099e-005 2.70025
850 102368 7 9.67048e-005 2.37727
900 74344 6 9.88826e-005 1.96127
950 51342 4.5 9.46972e-005 1.70324
1000 35426 3.2 8.70189e-005 1.52863
1050 24582 2.1 7.77745e-005 1.33823
1100 16876 1.5 6.79922e-005 1.22578
1150 11466 1 5.8186e-005 1.07185
1200 7854 0.8 4.86567e-005 1.08058
1250 5494 0.5 3.9747e-005 0.858332
1300 3902 0.4 3.1852e-005 0.838699
1350 2764 0.2 2.52867e-005 0.516645
1400 1928 0.1 2.0252e-005 0.31345
1450 1316 0.1 1.66263e-005 0.35419
1500 874 0 1.40983e-005 0.012322
1550 560 0 1.23762e-005 0.00693074
1600 342 0 1.11733e-005 0.00382129
1650 196 0 1.03496e-005 0.00202853
1700 104 0 9.80226e-006 0.00101944
1750 52 0 9.44739e-006 0.000491267
1800 22 0 9.22104e-006 0.000202864
1850 10 0 9.07744e-006 9.07748e-005
1900 4 0 8.98341e-006 3.59338e-005
1950 2 0 8.91184e-006 1.78238e-005
2000 0 0 8.83564e-006 0

total neg_log_likelihood: 26.3718


Tags2009_R1_R1 :
tag-recapture data for tag Tags2009_R1 in years 2010 , step 1, after proportion 0.5 of mortality, with sampling method size, detection probability 1.
Year 2010
class scanned recaptured expected_prop neg_log_likelihood
100 0 0 0 0
150 0 0 1.32622e-013 0
200 0 0 3.61191e-012 0
250 0 0 3.14382e-011 0
300 10 0 4.59145e-010 4.59145e-009
350 112 0 5.9078e-009 6.61673e-007
400 644 0 5.69776e-008 3.66936e-005
450 2722 0 4.02894e-007 0.00109668
500 10122 0.1 2.02578e-006 0.359337
550 29634 0.6 7.30081e-006 1.02226
600 63860 2 1.94209e-005 1.50278
650 103520 4.8 3.95785e-005 1.77767
700 131936 8.5 6.4227e-005 1.99878
750 139316 11.5 8.62757e-005 2.15871
800 127204 12.1 0.000100005 2.18779
850 102368 10.3 0.000104294 2.09976
900 74344 7.5 0.000101358 1.93753
950 51342 5 9.40381e-005 1.74328
1000 35426 3.3 8.44742e-005 1.55631
1050 24582 2.1 7.40134e-005 1.34987
1100 16876 1.3 6.34277e-005 1.13611
1150 11466 0.8 5.31298e-005 0.934574
1200 7854 0.5 4.33733e-005 0.758285
1250 5494 0.3 3.44808e-005 0.580345
1300 3902 0.2 2.68124e-005 0.470704
1350 2764 0.1 2.06215e-005 0.293582
1400 1928 0.1 1.60153e-005 0.328753
1450 1316 0 1.27955e-005 0.0168389
1500 874 0 1.06176e-005 0.00927987
1550 560 0 9.17613e-006 0.00513866
1600 342 0 8.20031e-006 0.00280452
1650 196 0 7.55197e-006 0.00148019
1700 104 0 7.13239e-006 0.000741772
1750 52 0 6.86606e-006 0.000357036
1800 22 0 6.69867e-006 0.000147371
1850 10 0 6.59298e-006 6.593e-005
1900 4 0 6.52274e-006 2.60911e-005
1950 2 0 6.46681e-006 1.29337e-005
2000 0 0 6.4045e-006 0

total neg_log_likelihood: 24.2345


Output quantities start here

* Scalar parameter values
initialization.B0 228502

* Nuisance q's

* B0
228502

* R0
1.65645e+007

* SSBs
SSB 228502 227099 223720 220005 215988 211735 207335 202886 198482 194208 190130 186283 182680 179322 176201 173308 170630 168157 165876 163774 161841 
year 1990 1991 1992 1993 1994 1995 1996 1997 1998 1999 2000 2001 2002 2003 2004 2005 2006 2007 2008 2009 2010 

* recruitments
recruitment 1.65645e+007 1.65645e+007 1.65535e+007 1.65266e+007 1.64962e+007 1.64623e+007 1.64251e+007 1.63852e+007 1.63434e+007 1.63003e+007 1.62569e+007 1.62139e+007 1.61718e+007 1.61309e+007 1.60916e+007 1.60539e+007 1.60179e+007 1.59836e+007 1.59511e+007 1.59204e+007 1.58915e+007 
year 1990 1991 1992 1993 1994 1995 1996 1997 1998 1999 2000 2001 2002 2003 2004 2005 2006 2007 2008 2009 2010 

* YCS
YCS 1 1 1 1 1 1 1 1 1 1 1 1 1 1 1 1 1 1 1 1 1 
year 1989 1990 1991 1992 1993 1994 1995 1996 1997 1998 1999 2000 2001 2002 2003 2004 2005 2006 2007 2008 2009 

* true_YCS
true_YCS 1 1 0.999339 0.997715 0.995879 0.993831 0.991587 0.98918 0.986653 0.984053 0.981432 0.978834 0.976293 0.973829 0.971455 0.969178 0.967004 0.964935 0.962974 0.961121 0.959375 
year 1989 1990 1991 1992 1993 1994 1995 1996 1997 1998 1999 2000 2001 2002 2003 2004 2005 2006 2007 2008 2009 

* fishing_pressures
pressure 0 0.0324168 0.0332045 0.0339874 0.0347445 0.0354609 0.0361263 0.0367341 0.0372811 0.0377678 0.0381976 0.0385762 0.0389096 0.0392044 0.0394667 0.0397028 0.0399183 0.0401176 0.0403044 0.0404819 0.0406521 
year 1990 1991 1992 1993 1994 1995 1996 1997 1998 1999 2000 2001 2002 2003 2004 2005 2006 2007 2008 2009 2010 

* Numbers_at_age_R1
1990  1.53753e+007 1.31676e+007 1.12769e+007 9.65774e+006 8.27103e+006 7.08344e+006 6.06636e+006 5.19533e+006 4.44936e+006 3.8105e+006 3.26337e+006 2.7948e+006 2.39351e+006 2.04983e+006 1.75551e+006 1.50345e+006 1.28757e+006 1.1027e+006 944367 808770 692643 593190 508017 435073 372603 319103 273285 234045 200440 1.19553e+006 
1991  1.53753e+007 1.31676e+007 1.12769e+007 9.65745e+006 8.26941e+006 7.07682e+006 6.04729e+006 5.15648e+006 4.3934e+006 3.75351e+006 3.2149e+006 2.75414e+006 2.35988e+006 2.0224e+006 1.73343e+006 1.48593e+006 1.27386e+006 1.09212e+006 936311 802722 688165 589920 505662 433401 371432 318294 272733 233675 200194 1.19441e+006 
1992  1.53651e+007 1.31676e+007 1.12769e+007 9.65738e+006 8.26884e+006 7.07364e+006 6.03458e+006 5.1204e+006 4.32086e+006 3.64985e+006 3.10954e+006 2.66452e+006 2.28468e+006 1.96016e+006 1.68262e+006 1.44501e+006 1.24136e+006 1.06666e+006 916642 787736 676904 581576 499564 429006 368309 316105 271221 232644 199502 1.19186e+006 
1993  1.53401e+007 1.31589e+007 1.12769e+007 9.65737e+006 8.26874e+006 7.07296e+006 6.03125e+006 5.10824e+006 4.28837e+006 3.58693e+006 3.02122e+006 2.57515e+006 2.20862e+006 1.89628e+006 1.62969e+006 1.40173e+006 1.20645e+006 1.03887e+006 894836 770856 664018 571875 492364 423737 364506 313400 269323 231332 198607 1.18902e+006 
1994  1.53119e+007 1.31375e+007 1.12694e+007 9.65736e+006 8.26868e+006 7.07268e+006 6.03007e+006 5.10407e+006 4.27599e+006 3.55738e+006 2.96677e+006 2.50004e+006 2.1329e+006 1.83181e+006 1.57549e+006 1.35676e+006 1.16962e+006 1.00911e+006 871111 752200 649550 560811 484022 417536 359963 310118 266986 229691 197472 1.18577e+006 
1995  1.52804e+007 1.31133e+007 1.12511e+007 9.65097e+006 8.26863e+006 7.07244e+006 6.02925e+006 5.10178e+006 4.2704e+006 3.54465e+006 2.94009e+006 2.45314e+006 2.06918e+006 1.76777e+006 1.52091e+006 1.31082e+006 1.13145e+006 977805 845767 731959 633606 548426 474536 410374 354633 306209 264160 227678 196058 1.18197e+006 
1996  1.52459e+007 1.30864e+007 1.12304e+007 9.63528e+006 8.26312e+006 7.07223e+006 6.02851e+006 5.09988e+006 4.26652e+006 3.53772e+006 2.92748e+006 2.42936e+006 2.02896e+006 1.71382e+006 1.46683e+006 1.26468e+006 1.09256e+006 945438 819172 710392 616352 534812 463944 402251 348493 301635 260802 225249 194326 1.17747e+006 
1997  1.52089e+007 1.30568e+007 1.12073e+007 9.61754e+006 8.24965e+006 7.06736e+006 6.02784e+006 5.09815e+006 4.26313e+006 3.53238e+006 2.91981e+006 2.41735e+006 2.00802e+006 1.67949e+006 1.42125e+006 1.21905e+006 1.05359e+006 912535 791740 687812 598008 520111 452327 393200 341542 296375 256881 222368 192241 1.17209e+006 
1998  1.517e+007 1.30251e+007 1.1182e+007 9.59775e+006 8.23443e+006 7.05569e+006 6.02324e+006 5.09657e+006 4.26005e+006 3.52765e+006 2.91366e+006 2.4096e+006 1.99695e+006 1.66124e+006 1.39205e+006 1.1806e+006 1.01512e+006 879622 763908 664566 578839 504512 439805 383290 333811 290432 252379 219009 189772 1.16567e+006 
1999  1.51301e+007 1.29918e+007 1.11549e+007 9.57608e+006 8.21746e+006 7.04255e+006 6.01291e+006 5.09179e+006 4.25727e+006 3.52338e+006 2.90819e+006 2.40324e+006 1.98951e+006 1.65126e+006 1.37628e+006 1.15584e+006 982700 847199 736116 641021 559137 488235 426537 372623 325357 283828 247298 215157 186896 1.15804e+006 
2000  1.50898e+007 1.29576e+007 1.11264e+007 9.55283e+006 8.19888e+006 7.02793e+006 6.00136e+006 5.08226e+006 4.25198e+006 3.51956e+006 2.90329e+006 2.3976e+006 1.98335e+006 1.64439e+006 1.36744e+006 1.1423e+006 961750 819878 708778 617543 539208 471527 412710 361333 316268 276616 241658 210813 183601 1.14902e+006 
2001  1.50498e+007 1.29231e+007 1.10971e+007 9.52842e+006 8.17895e+006 7.01194e+006 5.98858e+006 5.0718e+006 4.24289e+006 3.51384e+006 2.89892e+006 2.39256e+006 1.9779e+006 1.63866e+006 1.36125e+006 1.13457e+006 950183 802170 685746 594475 519357 454645 398531 349579 306656 268867 235502 205995 179887 1.13848e+006 
2002  1.50108e+007 1.28889e+007 1.10675e+007 9.50331e+006 8.15803e+006 6.99481e+006 5.97469e+006 5.0604e+006 4.23316e+006 3.50515e+006 2.89313e+006 2.38809e+006 1.97304e+006 1.6336e+006 1.35607e+006 1.1291e+006 943498 792324 670785 575044 499871 437843 384214 337533 296654 260677 228892 200739 175770 1.12627e+006 
2003  1.49729e+007 1.28554e+007 1.10382e+007 9.47799e+006 8.13651e+006 6.97684e+006 5.95986e+006 5.04812e+006 4.22276e+006 3.49607e+006 2.88503e+006 2.38255e+006 1.96873e+006 1.62909e+006 1.35149e+006 1.1245e+006 938715 786575 662420 562399 483459 421361 369974 325378 286411 252160 221909 195097 171279 1.11231e+006 
2004  1.49364e+007 1.2823e+007 1.10095e+007 9.4529e+006 8.11482e+006 6.95837e+006 5.94434e+006 5.03511e+006 4.21173e+006 3.48656e+006 2.87672e+006 2.3752e+006 1.96362e+006 1.62509e+006 1.34742e+006 1.12044e+006 934693 782434 657499 555301 472765 407479 356012 313293 276078 243439 214649 189138 166461 1.09652e+006 
2005  1.49014e+007 1.27917e+007 1.09818e+007 9.42836e+006 8.09333e+006 6.93976e+006 5.92841e+006 5.02155e+006 4.20016e+006 3.47662e+006 2.86814e+006 2.36774e+006 1.95705e+006 1.62048e+006 1.34381e+006 1.11683e+006 931133 778941 653932 551097 466740 398424 344252 301447 265808 234645 207218 182945 161373 1.0789e+006 
2006  1.48679e+007 1.27617e+007 1.0955e+007 9.40456e+006 8.0723e+006 6.92132e+006 5.91237e+006 5.0077e+006 4.18821e+006 3.46631e+006 2.85926e+006 2.3601e+006 1.95045e+006 1.61471e+006 1.33971e+006 1.11361e+006 927961 775848 650918 548037 463155 393308 336575 291470 255743 225906 199725 176606 156085 1.05949e+006 
2007  1.48361e+007 1.27331e+007 1.09293e+007 9.38163e+006 8.05191e+006 6.90329e+006 5.89651e+006 4.9938e+006 4.17608e+006 3.45577e+006 2.85016e+006 2.3523e+006 1.94376e+006 1.60894e+006 1.33468e+006 1.11002e+006 925141 773092 648248 545448 460537 390254 332229 284953 247267 217344 192280 170216 150674 1.03838e+006 
2008  1.4806e+007 1.27059e+007 1.09048e+007 9.35964e+006 8.03227e+006 6.88581e+006 5.881e+006 4.98008e+006 4.16395e+006 3.44512e+006 2.84092e+006 2.34434e+006 1.93696e+006 1.60312e+006 1.32968e+006 1.10568e+006 922019 770638 645868 543153 458319 388017 329627 281258 241726 210132 184987 163867 145219 1.01571e+006 
2009  1.47775e+007 1.26801e+007 1.08815e+007 9.33864e+006 8.01343e+006 6.86897e+006 5.86597e+006 4.96667e+006 4.152e+006 3.43453e+006 2.83163e+006 2.3363e+006 1.93005e+006 1.59722e+006 1.32465e+006 1.10136e+006 918278 767938 643743 541103 456350 386119 327717 279040 238582 205416 178843 157648 139801 991673 
2010  1.47506e+007 1.26557e+007 1.08593e+007 9.31866e+006 7.99544e+006 6.85282e+006 5.8515e+006 4.95369e+006 4.14036e+006 3.42413e+006 2.82243e+006 2.32826e+006 1.92311e+006 1.59127e+006 1.31958e+006 1.09704e+006 914575 764731 641419 539272 454591 384433 326094 277409 236690 202737 174825 152409 134492 966503 

Output quantities finish here

Unused parameters:
annual_cycle.fishery_areas annual_cycle.migrate_from annual_cycle.migrate_to annual_cycle.migration_names annual_cycle.migration_times annual_cycle.n_migrations annual_cycle.recruitment_areas annual_cycle.spawning_all_areas area_names recruitment.p_male recruitment.year_range tag[Tags2005_R1_LL].area tag[Tags2005_R1_LL].sex tag[Tags2006_R1_LL].area tag[Tags2006_R1_LL].sex tag[Tags2007_R1_LL].area tag[Tags2007_R1_LL].sex tag[Tags2008_R1_LL].area tag[Tags2008_R1_LL].sex tag[Tags2009_R1_LL].area tag[Tags2009_R1_LL].sex MCMC.adapt_at MCMC.adaptive_stepsize MCMC.burn_in MCMC.keep MCMC.length MCMC.start MCMC.stepsize profile[1].l profile[1].n profile[1].parameter profile[1].u tag_recapture[Tags2005_R1_R1].area tag_recapture[Tags2006_R1_R1].area tag_recapture[Tags2007_R1_R1].area tag_recapture[Tags2008_R1_R1].area tag_recapture[Tags2009_R1_R1].area n_projections numbers_at[Numbers_at_age_R1].area print.yields 
