CASAL (C++ algorithmic stock assessment laboratory)
Call: casal -e -O C:/Users/STA384/Documents/GitHub/planetfish2_bugs/Output/TOA_bug_7/casalout_mpd.dat -f C:/Users/STA384/Documents/GitHub/planetfish2_bugs/Output/TOA_bug_7/casal_ 
Date: Thu Aug 01 17:07:20 2019
v2.30-2012-03-21 00:22:59 UTC (rev.4648)  (c) Copyright 2002-2012, NIWA
User name: sta384
Machine name: MACKEREL-HF (Microsoft Windows, PID=13876)

Prefix for the input parameter filenames : C:/Users/STA384/Documents/GitHub/planetfish2_bugs/Output/TOA_bug_7/casal_

Random number seed : 43240

Estimation parameters:
Stored as strings: 
  MCMC.adapt_at                 	1e+05 2e+05 3e+05 4e+05
  MCMC.adaptive_stepsize        	True
  MCMC.burn_in                  	500
  MCMC.keep                     	1000
  MCMC.length                   	1500000
  MCMC.start                    	0
  MCMC.stepsize                 	0.01
  ageing_error.c                	0
  ageing_error.type             	normal
  catch_at[LL_catchA].2000      	0 0 0 0.001 0.004 0.054 0.063 0.151 0.129 0.185 0.104 0.053 0.081 0.042 0.019 0.017 0.003 0.031 0.02 0.013 0.004 0.006 0.007 0.002 0.002 0.003 0.002 0 0 0.004
  catch_at[LL_catchA].2001      	0 0 0 0 0.002 0.023 0.141 0.157 0.185 0.09 0.129 0.091 0.041 0.035 0.027 0.014 0.017 0.005 0.014 0.008 0.002 0.002 0.005 0.005 0.001 0 0.002 0 0.001 0.003
  catch_at[LL_catchA].2002      	0 0 0 0 0.006 0.015 0.064 0.226 0.179 0.141 0.074 0.083 0.058 0.031 0.041 0.016 0.009 0.016 0.003 0.008 0.009 0.004 0.003 0 0.002 0.001 0.001 0.002 0.002 0.006
  catch_at[LL_catchA].2003      	0 0 0 0 0.001 0.014 0.041 0.146 0.319 0.151 0.095 0.048 0.047 0.036 0.016 0.026 0.02 0.007 0.01 0.003 0.006 0.007 0.002 0.001 0 0.001 0.001 0.001 0 0.001
  catch_at[LL_catchA].2004      	0 0 0 0 0.005 0.018 0.042 0.084 0.175 0.312 0.107 0.076 0.037 0.042 0.026 0.016 0.018 0.012 0.004 0.009 0.002 0.002 0.002 0.002 0.002 0.003 0.004 0 0 0
  catch_at[LL_catchA].2005      	0 0 0 0 0.006 0.023 0.041 0.087 0.127 0.178 0.236 0.095 0.052 0.037 0.041 0.021 0.01 0.013 0.01 0.002 0.006 0 0.003 0.004 0.002 0 0 0.001 0.001 0.004
  catch_at[LL_catchA].2006      	0 0 0 0 0.008 0.018 0.066 0.106 0.124 0.118 0.135 0.194 0.088 0.044 0.027 0.024 0.011 0.012 0.008 0.004 0 0.003 0.003 0.003 0.002 0.001 0 0 0 0.001
  catch_at[LL_catchA].2007      	0 0 0 0.001 0.007 0.019 0.062 0.142 0.142 0.113 0.1 0.095 0.147 0.053 0.031 0.021 0.024 0.015 0.007 0.003 0.004 0.001 0.005 0 0.002 0.003 0 0 0.002 0.001
  catch_at[LL_catchA].2008      	0 0 0 0 0.008 0.024 0.069 0.139 0.186 0.144 0.072 0.06 0.074 0.106 0.035 0.028 0.013 0.018 0.003 0.005 0.007 0.002 0.003 0 0.001 0.001 0.001 0.001 0 0
  catch_at[LL_catchA].2009      	0 0 0.001 0.001 0.007 0.031 0.06 0.15 0.159 0.163 0.095 0.067 0.034 0.054 0.088 0.019 0.024 0.009 0.02 0.007 0.001 0.003 0.002 0.001 0.001 0 0 0 0.001 0.002
  catch_at[LL_catchA].2010      	0 0 0.002 0.001 0.006 0.016 0.096 0.123 0.188 0.163 0.12 0.069 0.034 0.034 0.04 0.038 0.019 0.018 0.009 0.005 0.003 0.002 0.004 0.002 0.001 0.001 0 0 0 0.006
  catch_at[LL_catchA].N_2000    	100
  catch_at[LL_catchA].N_2001    	100
  catch_at[LL_catchA].N_2002    	100
  catch_at[LL_catchA].N_2003    	100
  catch_at[LL_catchA].N_2004    	100
  catch_at[LL_catchA].N_2005    	100
  catch_at[LL_catchA].N_2006    	100
  catch_at[LL_catchA].N_2007    	100
  catch_at[LL_catchA].N_2008    	100
  catch_at[LL_catchA].N_2009    	100
  catch_at[LL_catchA].N_2010    	100
  catch_at[LL_catchA].at_size   	False
  catch_at[LL_catchA].dist      	multinomial
  catch_at[LL_catchA].fishery   	LL
  catch_at[LL_catchA].max_class 	30
  catch_at[LL_catchA].min_class 	1
  catch_at[LL_catchA].plus_group	True
  catch_at[LL_catchA].r         	1e-11
  catch_at[LL_catchA].sexed     	False
  catch_at[LL_catchA].sum_to_one	False
  catch_at[LL_catchA].years     	2000 2001 2002 2003 2004 2005 2006 2007 2008 2009 2010
  catch_limit_penalty[1].fishery	LL
  catch_limit_penalty[1].label  	LL_Penalty
  catch_limit_penalty[1].log_scale	True
  catch_limit_penalty[1].multiplier	1000
  estimate[1].lower_bound       	1
  estimate[1].parameter         	q[qLL].q
  estimate[1].phase             	1
  estimate[1].prior             	uniform
  estimate[1].upper_bound       	1
  estimate[2].lower_bound       	5000
  estimate[2].parameter         	initialization.B0
  estimate[2].prior             	uniform
  estimate[2].upper_bound       	5e+05
  estimate[3].cv                	1 1 1 1 1 1 1 1 1 1 1 1 1 1 1 1 1 1 1 1 1
  estimate[3].lower_bound       	1 1 1 1 1 1 1 1 1 1 1 1 1 1 1 1 1 1 1 1 1
  estimate[3].mu                	1 1 1 1 1 1 1 1 1 1 1 1 1 1 1 1 1 1 1 1 1
  estimate[3].parameter         	recruitment.YCS
  estimate[3].prior             	lognormal
  estimate[3].upper_bound       	1 1 1 1 1 1 1 1 1 1 1 1 1 1 1 1 1 1 1 1 1
  estimator                     	Bayes
  fish_tagged_penalty[1].label  	Penalty_Tags2005_R1_LL
  fish_tagged_penalty[1].multiplier	1
  fish_tagged_penalty[1].tagging_episode	Tags2005_R1_LL
  fish_tagged_penalty[2].label  	Penalty_Tags2006_R1_LL
  fish_tagged_penalty[2].multiplier	1
  fish_tagged_penalty[2].tagging_episode	Tags2006_R1_LL
  fish_tagged_penalty[3].label  	Penalty_Tags2007_R1_LL
  fish_tagged_penalty[3].multiplier	1
  fish_tagged_penalty[3].tagging_episode	Tags2007_R1_LL
  fish_tagged_penalty[4].label  	Penalty_Tags2008_R1_LL
  fish_tagged_penalty[4].multiplier	1
  fish_tagged_penalty[4].tagging_episode	Tags2008_R1_LL
  fish_tagged_penalty[5].label  	Penalty_Tags2009_R1_LL
  fish_tagged_penalty[5].multiplier	1
  fish_tagged_penalty[5].tagging_episode	Tags2009_R1_LL
  grad_tol                      	0.001
  max_evals                     	10000
  max_iters                     	1600
  profile[1].l                  	40000
  profile[1].n                  	11
  profile[1].parameter          	initialization.B0
  profile[1].u                  	130000
  q_method                      	nuisance
  tag_recapture[Tags2005_R1_R1].area	R1
  tag_recapture[Tags2005_R1_R1].class_mins	100 150 200 250 300 350 400 450 500 550 600 650 700 750 800 850 900 950 1000 1050 1100 1150 1200 1250 1300 1350 1400 1450 1500 1550 1600 1650 1700 1750 1800 1850 1900 1950 2000 2050
  tag_recapture[Tags2005_R1_R1].detection_probability	1
  tag_recapture[Tags2005_R1_R1].dispersion	1
  tag_recapture[Tags2005_R1_R1].do_bootstrap	True
  tag_recapture[Tags2005_R1_R1].plus_group	False
  tag_recapture[Tags2005_R1_R1].proportion_mortality	0.5
  tag_recapture[Tags2005_R1_R1].r	1e-11
  tag_recapture[Tags2005_R1_R1].recaptured_2006	0 0 0 0 0 0 0 0.2 1.2 4 9.7 18.8 29.4 38.1 40.1 34.2 24.2 14.9 8.7 5.3 3.4 2.3 1.5 1 0.7 0.5 0.3 0.2 0.1 0.1 0 0 0 0 0 0 0 0 0
  tag_recapture[Tags2005_R1_R1].recaptured_2007	0 0 0 0 0 0 0 0 0.3 1.4 4.6 10.9 19.5 27.3 31.7 31 26 19.3 13 8.4 5.4 3.4 2.3 1.4 0.9 0.6 0.3 0.2 0.1 0 0 0 0 0 0 0 0 0 0
  tag_recapture[Tags2005_R1_R1].recaptured_2008	0 0 0 0 0 0 0 0 0.2 0.6 2 4.8 8.8 13.6 17.4 18.9 17.4 13.6 9.3 5.6 3.1 1.7 1 0.6 0.4 0.2 0.1 0.1 0 0 0 0 0 0 0 0 0 0 0
  tag_recapture[Tags2005_R1_R1].recaptured_2009	0 0 0 0 0 0 0 0 0 0.1 0.4 1.3 3.2 6.4 10.6 14.3 16 15.1 12.3 8.8 5.7 3.3 1.9 1 0.5 0.3 0.3 0.1 0.1 0.1 0 0 0 0 0 0 0 0 0
  tag_recapture[Tags2005_R1_R1].recaptured_2010	0 0 0 0 0 0 0 0 0 0 0.2 0.7 1.7 3.6 6.2 9.1 11.3 11.9 10.9 8.5 6 3.9 2.5 1.6 1 0.6 0.4 0.3 0.1 0.1 0 0 0 0 0 0 0 0 0
  tag_recapture[Tags2005_R1_R1].sample	size
  tag_recapture[Tags2005_R1_R1].scanned_2006	0 0 0 0 2 30 218 1048 3472 8164 14276 19798 23320 24396 22726 18510 13158 8458 5240 3306 2154 1436 974 674 480 350 260 192 138 94 60 36 20 10 4 2 0 0 0
  tag_recapture[Tags2005_R1_R1].scanned_2007	0 0 0 0 2 32 238 1130 3752 8982 15808 21250 23206 22326 20162 17180 13360 9312 5950 3672 2298 1484 984 668 466 336 248 182 132 92 58 36 20 10 4 2 0 0 0
  tag_recapture[Tags2005_R1_R1].scanned_2008	0 0 0 0 2 32 250 1224 4012 9530 16958 23046 24778 22454 18724 15366 12362 9308 6390 4062 2502 1558 1000 664 456 322 236 174 126 88 56 34 18 10 4 2 0 0 0
  tag_recapture[Tags2005_R1_R1].scanned_2009	0 0 0 0 2 32 244 1260 4318 10212 17864 24236 26214 23502 18668 14294 11122 8626 6336 4294 2718 1672 1040 670 448 312 226 166 120 84 54 32 18 8 4 2 0 0 0
  tag_recapture[Tags2005_R1_R1].scanned_2010	0 0 0 0 2 32 238 1208 4334 10832 19212 25614 27310 24398 19128 14024 10290 7776 5874 4228 2830 1786 1100 688 448 306 216 158 114 78 52 32 18 8 4 2 0 0 0
  tag_recapture[Tags2005_R1_R1].step	1
  tag_recapture[Tags2005_R1_R1].tag_name	Tags2005_R1
  tag_recapture[Tags2005_R1_R1].years	2006 2007 2008 2009 2010
  tag_recapture[Tags2006_R1_R1].area	R1
  tag_recapture[Tags2006_R1_R1].class_mins	100 150 200 250 300 350 400 450 500 550 600 650 700 750 800 850 900 950 1000 1050 1100 1150 1200 1250 1300 1350 1400 1450 1500 1550 1600 1650 1700 1750 1800 1850 1900 1950 2000 2050
  tag_recapture[Tags2006_R1_R1].detection_probability	1
  tag_recapture[Tags2006_R1_R1].dispersion	1
  tag_recapture[Tags2006_R1_R1].do_bootstrap	True
  tag_recapture[Tags2006_R1_R1].plus_group	False
  tag_recapture[Tags2006_R1_R1].proportion_mortality	0.5
  tag_recapture[Tags2006_R1_R1].r	1e-11
  tag_recapture[Tags2006_R1_R1].recaptured_2007	0 0 0 0 0 0 0 0.1 0.8 3.3 9.3 19.3 30.1 37.7 39 34.3 25.9 17.3 10.7 6.4 3.9 2.4 1.5 0.9 0.6 0.3 0.2 0 0 0 0 0 0 0 0 0 0 0 0
  tag_recapture[Tags2006_R1_R1].recaptured_2008	0 0 0 0 0 0 0 0 0.4 1.9 5.4 11.2 18.1 23.7 26.6 26.3 23.1 17.9 11.9 7 3.6 1.7 0.8 0.5 0.3 0.2 0.1 0.1 0.1 0.1 0 0 0 0 0 0 0 0 0
  tag_recapture[Tags2006_R1_R1].recaptured_2009	0 0 0 0 0 0 0 0 0.1 0.6 2.1 5.3 10.4 16.3 20.9 22.7 21.4 17.7 12.8 8.3 5 3 1.8 1.2 0.7 0.4 0.2 0.2 0 0 0 0 0 0 0 0 0 0 0
  tag_recapture[Tags2006_R1_R1].recaptured_2010	0 0 0 0 0 0 0 0 0 0.3 0.8 2.5 5.5 9.4 13.2 15.9 16.5 14.9 12 8.3 5.2 2.9 1.5 0.9 0.5 0.3 0.1 0.1 0 0 0 0 0 0 0 0 0 0 0
  tag_recapture[Tags2006_R1_R1].sample	size
  tag_recapture[Tags2006_R1_R1].scanned_2007	0 0 0 0 2 32 238 1130 3752 8982 15808 21250 23206 22326 20162 17180 13360 9312 5950 3672 2298 1484 984 668 466 336 248 182 132 92 58 36 20 10 4 2 0 0 0
  tag_recapture[Tags2006_R1_R1].scanned_2008	0 0 0 0 2 32 250 1224 4012 9530 16958 23046 24778 22454 18724 15366 12362 9308 6390 4062 2502 1558 1000 664 456 322 236 174 126 88 56 34 18 10 4 2 0 0 0
  tag_recapture[Tags2006_R1_R1].scanned_2009	0 0 0 0 2 32 244 1260 4318 10212 17864 24236 26214 23502 18668 14294 11122 8626 6336 4294 2718 1672 1040 670 448 312 226 166 120 84 54 32 18 8 4 2 0 0 0
  tag_recapture[Tags2006_R1_R1].scanned_2010	0 0 0 0 2 32 238 1208 4334 10832 19212 25614 27310 24398 19128 14024 10290 7776 5874 4228 2830 1786 1100 688 448 306 216 158 114 78 52 32 18 8 4 2 0 0 0
  tag_recapture[Tags2006_R1_R1].step	1
  tag_recapture[Tags2006_R1_R1].tag_name	Tags2006_R1
  tag_recapture[Tags2006_R1_R1].years	2007 2008 2009 2010
  tag_recapture[Tags2007_R1_R1].area	R1
  tag_recapture[Tags2007_R1_R1].class_mins	100 150 200 250 300 350 400 450 500 550 600 650 700 750 800 850 900 950 1000 1050 1100 1150 1200 1250 1300 1350 1400 1450 1500 1550 1600 1650 1700 1750 1800 1850 1900 1950 2000 2050
  tag_recapture[Tags2007_R1_R1].detection_probability	1
  tag_recapture[Tags2007_R1_R1].dispersion	1
  tag_recapture[Tags2007_R1_R1].do_bootstrap	True
  tag_recapture[Tags2007_R1_R1].plus_group	False
  tag_recapture[Tags2007_R1_R1].proportion_mortality	0.5
  tag_recapture[Tags2007_R1_R1].r	1e-11
  tag_recapture[Tags2007_R1_R1].recaptured_2008	0 0 0 0 0 0 0 0.1 0.9 3.5 9.7 19.3 28.3 32.9 32.3 28.5 23.1 16.8 10.8 6.3 3.4 1.8 1 0.6 0.3 0.1 0.1 0 0 0 0 0 0 0 0 0 0 0 0
  tag_recapture[Tags2007_R1_R1].recaptured_2009	0 0 0 0 0 0 0 0.1 0.5 2.4 7.1 15.7 25.6 32.3 33.1 29.8 24.7 19.4 13.9 9.1 5.6 3.3 2 1.2 0.6 0.3 0.1 0 0 0 0 0 0 0 0 0 0 0 0
  tag_recapture[Tags2007_R1_R1].recaptured_2010	0 0 0 0 0 0 0 0 0.1 0.7 2.6 6.6 12.4 18 20.7 20.3 17.6 14.3 10.8 7.7 5.2 3.3 2 1.1 0.6 0.3 0.1 0 0 0 0 0 0 0 0 0 0 0 0
  tag_recapture[Tags2007_R1_R1].sample	size
  tag_recapture[Tags2007_R1_R1].scanned_2008	0 0 0 0 2 32 250 1224 4012 9530 16958 23046 24778 22454 18724 15366 12362 9308 6390 4062 2502 1558 1000 664 456 322 236 174 126 88 56 34 18 10 4 2 0 0 0
  tag_recapture[Tags2007_R1_R1].scanned_2009	0 0 0 0 2 32 244 1260 4318 10212 17864 24236 26214 23502 18668 14294 11122 8626 6336 4294 2718 1672 1040 670 448 312 226 166 120 84 54 32 18 8 4 2 0 0 0
  tag_recapture[Tags2007_R1_R1].scanned_2010	0 0 0 0 2 32 238 1208 4334 10832 19212 25614 27310 24398 19128 14024 10290 7776 5874 4228 2830 1786 1100 688 448 306 216 158 114 78 52 32 18 8 4 2 0 0 0
  tag_recapture[Tags2007_R1_R1].step	1
  tag_recapture[Tags2007_R1_R1].tag_name	Tags2007_R1
  tag_recapture[Tags2007_R1_R1].years	2008 2009 2010
  tag_recapture[Tags2008_R1_R1].area	R1
  tag_recapture[Tags2008_R1_R1].class_mins	100 150 200 250 300 350 400 450 500 550 600 650 700 750 800 850 900 950 1000 1050 1100 1150 1200 1250 1300 1350 1400 1450 1500 1550 1600 1650 1700 1750 1800 1850 1900 1950 2000 2050
  tag_recapture[Tags2008_R1_R1].detection_probability	1
  tag_recapture[Tags2008_R1_R1].dispersion	1
  tag_recapture[Tags2008_R1_R1].do_bootstrap	True
  tag_recapture[Tags2008_R1_R1].plus_group	False
  tag_recapture[Tags2008_R1_R1].proportion_mortality	0.5
  tag_recapture[Tags2008_R1_R1].r	1e-11
  tag_recapture[Tags2008_R1_R1].recaptured_2009	0 0 0 0 0 0 0 0.2 0.9 3.9 11.2 22.7 33.5 37.9 35.5 30.4 25.2 20.4 15.2 10.4 6.4 3.5 1.7 0.8 0.3 0.1 0 0 0 0 0 0 0 0 0 0 0 0 0
  tag_recapture[Tags2008_R1_R1].recaptured_2010	0 0 0 0 0 0 0 0 0.6 2.4 7 15 24 30.6 32.2 29.2 23.8 17.9 12.3 7.8 4.6 2.4 1.3 0.6 0.4 0.2 0.1 0.1 0.1 0.1 0.1 0 0 0 0 0 0 0 0
  tag_recapture[Tags2008_R1_R1].sample	size
  tag_recapture[Tags2008_R1_R1].scanned_2009	0 0 0 0 2 32 244 1260 4318 10212 17864 24236 26214 23502 18668 14294 11122 8626 6336 4294 2718 1672 1040 670 448 312 226 166 120 84 54 32 18 8 4 2 0 0 0
  tag_recapture[Tags2008_R1_R1].scanned_2010	0 0 0 0 2 32 238 1208 4334 10832 19212 25614 27310 24398 19128 14024 10290 7776 5874 4228 2830 1786 1100 688 448 306 216 158 114 78 52 32 18 8 4 2 0 0 0
  tag_recapture[Tags2008_R1_R1].step	1
  tag_recapture[Tags2008_R1_R1].tag_name	Tags2008_R1
  tag_recapture[Tags2008_R1_R1].years	2009 2010
  tag_recapture[Tags2009_R1_R1].area	R1
  tag_recapture[Tags2009_R1_R1].class_mins	100 150 200 250 300 350 400 450 500 550 600 650 700 750 800 850 900 950 1000 1050 1100 1150 1200 1250 1300 1350 1400 1450 1500 1550 1600 1650 1700 1750 1800 1850 1900 1950 2000 2050
  tag_recapture[Tags2009_R1_R1].detection_probability	1
  tag_recapture[Tags2009_R1_R1].dispersion	1
  tag_recapture[Tags2009_R1_R1].do_bootstrap	True
  tag_recapture[Tags2009_R1_R1].plus_group	False
  tag_recapture[Tags2009_R1_R1].proportion_mortality	0.5
  tag_recapture[Tags2009_R1_R1].r	1e-11
  tag_recapture[Tags2009_R1_R1].recaptured_2010	0 0 0 0 0 0 0 0.3 1.7 6.4 16.6 30.8 42.9 46.6 41.6 32.6 24.6 18.8 14.2 10.1 6.2 3.5 1.7 0.8 0.3 0.1 0 0 0 0 0 0 0 0 0 0 0 0 0
  tag_recapture[Tags2009_R1_R1].sample	size
  tag_recapture[Tags2009_R1_R1].scanned_2010	0 0 0 0 2 32 238 1208 4334 10832 19212 25614 27310 24398 19128 14024 10290 7776 5874 4228 2830 1786 1100 688 448 306 216 158 114 78 52 32 18 8 4 2 0 0 0
  tag_recapture[Tags2009_R1_R1].step	1
  tag_recapture[Tags2009_R1_R1].tag_name	Tags2009_R1
  tag_recapture[Tags2009_R1_R1].years	2010
  vector_average_penalty[1].k   	1
  vector_average_penalty[1].label	meanYCS_1
  vector_average_penalty[1].multiplier	100
  vector_average_penalty[1].vector	recruitment.YCS
Stored as DOUBLEs: 
Stored as VECTORs: 
Stored as OGIVEs: 

Population parameters:
Stored as strings: 
  annual_cycle.M_props          	1
  annual_cycle.aging_time       	1
  annual_cycle.baranov          	False
  annual_cycle.fishery_areas    	R1
  annual_cycle.fishery_names    	LL
  annual_cycle.fishery_times    	1
  annual_cycle.growth_props     	0
  annual_cycle.n_migrations     	0
  annual_cycle.recruitment_areas	R1
  annual_cycle.recruitment_time 	1
  annual_cycle.spawning_all_areas	1
  annual_cycle.spawning_p       	1
  annual_cycle.spawning_part_mort	0.5
  annual_cycle.spawning_time    	1
  annual_cycle.spawning_use_total_B	False
  annual_cycle.time_steps       	1
  area_names                    	R1
  current                       	2010
  final                         	2045
  first_random_year             	2007
  fishery[LL].U_max             	0.95
  fishery[LL].catches           	0 1000 1000 1000 1000 1000 1000 1000 1000 1000 1000 1000 1000 1000 1000 1000 1000 1000 1000 1000 1000
  fishery[LL].future_constant_catches	200
  fishery[LL].selectivity       	SelLL
  fishery[LL].years             	1990 1991 1992 1993 1994 1995 1996 1997 1998 1999 2000 2001 2002 2003 2004 2005 2006 2007 2008 2009 2010
  initial                       	1990
  initialization.B0             	184735
  mature_partition              	False
  maturity_props.all            	allvalues  0 0 0 0 0 0 0 0 0 0 0 0.1667 0.3333 0.5 0.6667 0.8333 1 1 1 1 1 1 1 1 1 1 1 1 1 1
  max_age                       	30
  min_age                       	1
  n_areas                       	1
  n_stocks                      	1
  n_tags                        	5
  natural_mortality.all         	0.155
  plus_group                    	True
  randomisation_method          	lognormal
  recruitment.SR                	BH
  recruitment.YCS               	1 1 1 1 1 1 1 1 1 1 1 1 1 1 1 1 1 1 1 1 1
  recruitment.YCS_years         	1989 1990 1991 1992 1993 1994 1995 1996 1997 1998 1999 2000 2001 2002 2003 2004 2005 2006 2007 2008 2009
  recruitment.first_free        	1989
  recruitment.last_free         	2006
  recruitment.p_male            	0.5
  recruitment.rho               	0
  recruitment.sigma_r           	0.6
  recruitment.steepness         	0.7
  recruitment.year_range        	1989 2006
  selectivity[SelLL].all        	double_normal 10 2 10
  selectivity_names             	SelLL
  sex_partition                 	False
  size_at_age.Linf              	2870.8
  size_at_age.by_length         	True
  size_at_age.cv                	0.1
  size_at_age.k                 	0.02056
  size_at_age.t0                	-4.2897
  size_at_age_dist              	normal
  size_at_age_type              	von_Bert
  size_based                    	False
  size_weight.a                 	2.59e-12
  size_weight.b                 	3.2064
  size_weight.verify_size_weight	500 0.5 1.5
  standardise_YCS               	True
  tag[Tags2005_R1_LL].area      	R1
  tag[Tags2005_R1_LL].class_mins	100 150 200 250 300 350 400 450 500 550 600 650 700 750 800 850 900 950 1000 1050 1100 1150 1200 1250 1300 1350 1400 1450 1500 1550 1600 1650 1700 1750 1800 1850 1900 1950 2000 2050
  tag[Tags2005_R1_LL].mature_only	False
  tag[Tags2005_R1_LL].mortality 	0.1
  tag[Tags2005_R1_LL].number    	2500
  tag[Tags2005_R1_LL].ogive     	SelLL
  tag[Tags2005_R1_LL].plus_group	False
  tag[Tags2005_R1_LL].props_all 	0 0 0 0 0 1e-04 0.001 0.0053 0.0175 0.0409 0.0752 0.1153 0.1483 0.1584 0.1398 0.104 0.0688 0.0435 0.0277 0.018 0.0119 0.0079 0.0053 0.0036 0.0024 0.0017 0.0011 8e-04 5e-04 3e-04 2e-04 1e-04 1e-04 0 0 0 0 0 0
  tag[Tags2005_R1_LL].release_type	deterministic
  tag[Tags2005_R1_LL].sex       	both
  tag[Tags2005_R1_LL].step      	1
  tag[Tags2005_R1_LL].tag_name  	Tags2005_R1
  tag[Tags2005_R1_LL].year      	2005
  tag[Tags2006_R1_LL].area      	R1
  tag[Tags2006_R1_LL].class_mins	100 150 200 250 300 350 400 450 500 550 600 650 700 750 800 850 900 950 1000 1050 1100 1150 1200 1250 1300 1350 1400 1450 1500 1550 1600 1650 1700 1750 1800 1850 1900 1950 2000 2050
  tag[Tags2006_R1_LL].mature_only	False
  tag[Tags2006_R1_LL].mortality 	0.1
  tag[Tags2006_R1_LL].number    	2500
  tag[Tags2006_R1_LL].ogive     	SelLL
  tag[Tags2006_R1_LL].plus_group	False
  tag[Tags2006_R1_LL].props_all 	0 0 0 0 0 1e-04 0.0011 0.0059 0.0199 0.0469 0.082 0.1139 0.1346 0.1416 0.1326 0.1083 0.0766 0.0484 0.0292 0.0181 0.0118 0.008 0.0056 0.004 0.003 0.0022 0.0017 0.0013 0.001 7e-04 5e-04 3e-04 2e-04 1e-04 0 0 0 0 0
  tag[Tags2006_R1_LL].release_type	deterministic
  tag[Tags2006_R1_LL].sex       	both
  tag[Tags2006_R1_LL].step      	1
  tag[Tags2006_R1_LL].tag_name  	Tags2006_R1
  tag[Tags2006_R1_LL].year      	2006
  tag[Tags2007_R1_LL].area      	R1
  tag[Tags2007_R1_LL].class_mins	100 150 200 250 300 350 400 450 500 550 600 650 700 750 800 850 900 950 1000 1050 1100 1150 1200 1250 1300 1350 1400 1450 1500 1550 1600 1650 1700 1750 1800 1850 1900 1950 2000 2050
  tag[Tags2007_R1_LL].mature_only	False
  tag[Tags2007_R1_LL].mortality 	0.1
  tag[Tags2007_R1_LL].number    	2500
  tag[Tags2007_R1_LL].ogive     	SelLL
  tag[Tags2007_R1_LL].plus_group	False
  tag[Tags2007_R1_LL].props_all 	0 0 0 0 0 3e-04 0.0017 0.007 0.0223 0.0526 0.0924 0.1239 0.1348 0.1292 0.1161 0.0982 0.0757 0.0524 0.0334 0.0207 0.0131 0.0085 0.0057 0.0038 0.0026 0.0018 0.0013 9e-04 6e-04 4e-04 2e-04 1e-04 1e-04 0 0 0 0 0 0
  tag[Tags2007_R1_LL].release_type	deterministic
  tag[Tags2007_R1_LL].sex       	both
  tag[Tags2007_R1_LL].step      	1
  tag[Tags2007_R1_LL].tag_name  	Tags2007_R1
  tag[Tags2007_R1_LL].year      	2007
  tag[Tags2008_R1_LL].area      	R1
  tag[Tags2008_R1_LL].class_mins	100 150 200 250 300 350 400 450 500 550 600 650 700 750 800 850 900 950 1000 1050 1100 1150 1200 1250 1300 1350 1400 1450 1500 1550 1600 1650 1700 1750 1800 1850 1900 1950 2000 2050
  tag[Tags2008_R1_LL].mature_only	False
  tag[Tags2008_R1_LL].mortality 	0.1
  tag[Tags2008_R1_LL].number    	2500
  tag[Tags2008_R1_LL].ogive     	SelLL
  tag[Tags2008_R1_LL].plus_group	False
  tag[Tags2008_R1_LL].props_all 	0 0 0 0 0 2e-04 0.0014 0.0068 0.022 0.0516 0.0919 0.1262 0.1377 0.1275 0.1091 0.0914 0.074 0.0555 0.0379 0.024 0.0147 0.0091 0.0059 0.0039 0.0027 0.002 0.0015 0.0011 8e-04 5e-04 3e-04 2e-04 1e-04 1e-04 0 0 0 0 0
  tag[Tags2008_R1_LL].release_type	deterministic
  tag[Tags2008_R1_LL].sex       	both
  tag[Tags2008_R1_LL].step      	1
  tag[Tags2008_R1_LL].tag_name  	Tags2008_R1
  tag[Tags2008_R1_LL].year      	2008
  tag[Tags2009_R1_LL].area      	R1
  tag[Tags2009_R1_LL].class_mins	100 150 200 250 300 350 400 450 500 550 600 650 700 750 800 850 900 950 1000 1050 1100 1150 1200 1250 1300 1350 1400 1450 1500 1550 1600 1650 1700 1750 1800 1850 1900 1950 2000 2050
  tag[Tags2009_R1_LL].mature_only	False
  tag[Tags2009_R1_LL].mortality 	0.1
  tag[Tags2009_R1_LL].number    	2500
  tag[Tags2009_R1_LL].ogive     	SelLL
  tag[Tags2009_R1_LL].plus_group	False
  tag[Tags2009_R1_LL].props_all 	0 0 0 0 0 3e-04 0.0014 0.0063 0.0219 0.0537 0.0977 0.136 0.1483 0.1322 0.1043 0.0801 0.0633 0.0501 0.0372 0.0252 0.0157 0.0094 0.0057 0.0037 0.0025 0.0017 0.0012 8e-04 5e-04 3e-04 2e-04 1e-04 1e-04 0 0 0 0 0 0
  tag[Tags2009_R1_LL].release_type	deterministic
  tag[Tags2009_R1_LL].sex       	both
  tag[Tags2009_R1_LL].step      	1
  tag[Tags2009_R1_LL].tag_name  	Tags2009_R1
  tag[Tags2009_R1_LL].year      	2009
  tag_growth_loss[Tags2005_R1].nogrowth_period	0
  tag_growth_loss[Tags2006_R1].nogrowth_period	0
  tag_growth_loss[Tags2007_R1].nogrowth_period	0
  tag_growth_loss[Tags2008_R1].nogrowth_period	0
  tag_growth_loss[Tags2009_R1].nogrowth_period	0
  tag_loss_props                	1
  tag_names                     	Tags2005_R1 Tags2006_R1 Tags2007_R1 Tags2008_R1 Tags2009_R1
  tag_shedding_rate             	0.0084 0.0084 0.0084 0.0084 0.0084
  y_enter                       	1
Stored as DOUBLEs: 
Stored as VECTORs: 
Stored as OGIVEs: 

Output parameters:
Stored as strings: 
  n_projections                 	100
  numbers_at[Numbers_at_age_R1].area	R1
  numbers_at[Numbers_at_age_R1].proportion_mortality	0.5
  numbers_at[Numbers_at_age_R1].step	1
  numbers_at[Numbers_at_age_R1].years	1990 1991 1992 1993 1994 1995 1996 1997 1998 1999 2000 2001 2002 2003 2004 2005 2006 2007 2008 2009 2010
  print.covariance              	true
  print.estimation_section      	true
  print.final_state             	false
  print.fits                    	true
  print.fits_every_eval         	false
  print.initial_state           	false
  print.normalised_resids       	true
  print.objective_every_eval    	false
  print.parameter_vector_every_eval	false
  print.parameters              	true
  print.parameters_every_eval   	false
  print.pearson_resids          	true
  print.requests                	false
  print.resids                  	true
  print.results                 	false
  print.state_annually          	false
  print.state_every_step        	false
  print.unused_parameters       	true
  print.yields                  	true
  quantities.B0                 	true
  quantities.R0                 	true
  quantities.SSBs               	true
  quantities.YCS                	true
  quantities.actual_catches     	false
  quantities.all_free_parameters	true
  quantities.fishing_pressures  	true
  quantities.nuisance_qs        	true
  quantities.recruitments       	true
  quantities.true_YCS           	true
Stored as DOUBLEs: 
Stored as VECTORs: 
Stored as OGIVEs: 

A fish of size 500 cm has a weight of 1.16755 kg in your model. This size-weight scale check assumes that the growth curve is in centimetres, and that the catch is in tonnes.

A fish of size 500 cm has a weight of 1.16755 kg in your model. This size-weight scale check assumes that the growth curve is in centimetres, and that the catch is in tonnes.

Estimation section :

Objective function: Bayes

Minimiser convergence threshold: 0.001


Observations:

The observations are:
LL_catchA
Tags2005_R1_R1
Tags2006_R1_R1
Tags2007_R1_R1
Tags2008_R1_R1
Tags2009_R1_R1
Fits follow:

LL_catchA :
catch proportions-at-age for fishery LL  with ageing error (not constrained to sum to 1):
obs (last class is a plus group):
class 1       2       3       4       5       6       7       8       9       10      11      12      13      14      15      16      17      18      19      20      21      22      23      24      25      26      27      28      29      30      
2000 0       0       0       0.001   0.004   0.054   0.063   0.151   0.129   0.185   0.104   0.053   0.081   0.042   0.019   0.017   0.003   0.031   0.02    0.013   0.004   0.006   0.007   0.002   0.002   0.003   0.002   0       0       0.004   
2001 0       0       0       0       0.002   0.023   0.141   0.157   0.185   0.09    0.129   0.091   0.041   0.035   0.027   0.014   0.017   0.005   0.014   0.008   0.002   0.002   0.005   0.005   0.001   0       0.002   0       0.001   0.003   
2002 0       0       0       0       0.006   0.015   0.064   0.226   0.179   0.141   0.074   0.083   0.058   0.031   0.041   0.016   0.009   0.016   0.003   0.008   0.009   0.004   0.003   0       0.002   0.001   0.001   0.002   0.002   0.006   
2003 0       0       0       0       0.001   0.014   0.041   0.146   0.319   0.151   0.095   0.048   0.047   0.036   0.016   0.026   0.02    0.007   0.01    0.003   0.006   0.007   0.002   0.001   0       0.001   0.001   0.001   0       0.001   
2004 0       0       0       0       0.005   0.018   0.042   0.084   0.175   0.312   0.107   0.076   0.037   0.042   0.026   0.016   0.018   0.012   0.004   0.009   0.002   0.002   0.002   0.002   0.002   0.003   0.004   0       0       0       
2005 0       0       0       0       0.006   0.023   0.041   0.087   0.127   0.178   0.236   0.095   0.052   0.037   0.041   0.021   0.01    0.013   0.01    0.002   0.006   0       0.003   0.004   0.002   0       0       0.001   0.001   0.004   
2006 0       0       0       0       0.008   0.018   0.066   0.106   0.124   0.118   0.135   0.194   0.088   0.044   0.027   0.024   0.011   0.012   0.008   0.004   0       0.003   0.003   0.003   0.002   0.001   0       0       0       0.001   
2007 0       0       0       0.001   0.007   0.019   0.062   0.142   0.142   0.113   0.1     0.095   0.147   0.053   0.031   0.021   0.024   0.015   0.007   0.003   0.004   0.001   0.005   0       0.002   0.003   0       0       0.002   0.001   
2008 0       0       0       0       0.008   0.024   0.069   0.139   0.186   0.144   0.072   0.06    0.074   0.106   0.035   0.028   0.013   0.018   0.003   0.005   0.007   0.002   0.003   0       0.001   0.001   0.001   0.001   0       0       
2009 0       0       0.001   0.001   0.007   0.031   0.06    0.15    0.159   0.163   0.095   0.067   0.034   0.054   0.088   0.019   0.024   0.009   0.02    0.007   0.001   0.003   0.002   0.001   0.001   0       0       0       0.001   0.002   
2010 0       0       0.002   0.001   0.006   0.016   0.096   0.123   0.188   0.163   0.12    0.069   0.034   0.034   0.04    0.038   0.019   0.018   0.009   0.005   0.003   0.002   0.004   0.002   0.001   0.001   0       0       0       0.006   
objective function: multinomial likelihood, with delta = 1e-011, N =
100 100 100 100 100 100 100 100 100 100 100 100 100 100 100 100 100 100 100 100 100 100 100 100 100 100 100 100 100 100 
100 100 100 100 100 100 100 100 100 100 100 100 100 100 100 100 100 100 100 100 100 100 100 100 100 100 100 100 100 100 
100 100 100 100 100 100 100 100 100 100 100 100 100 100 100 100 100 100 100 100 100 100 100 100 100 100 100 100 100 100 
100 100 100 100 100 100 100 100 100 100 100 100 100 100 100 100 100 100 100 100 100 100 100 100 100 100 100 100 100 100 
100 100 100 100 100 100 100 100 100 100 100 100 100 100 100 100 100 100 100 100 100 100 100 100 100 100 100 100 100 100 
100 100 100 100 100 100 100 100 100 100 100 100 100 100 100 100 100 100 100 100 100 100 100 100 100 100 100 100 100 100 
100 100 100 100 100 100 100 100 100 100 100 100 100 100 100 100 100 100 100 100 100 100 100 100 100 100 100 100 100 100 
100 100 100 100 100 100 100 100 100 100 100 100 100 100 100 100 100 100 100 100 100 100 100 100 100 100 100 100 100 100 
100 100 100 100 100 100 100 100 100 100 100 100 100 100 100 100 100 100 100 100 100 100 100 100 100 100 100 100 100 100 
100 100 100 100 100 100 100 100 100 100 100 100 100 100 100 100 100 100 100 100 100 100 100 100 100 100 100 100 100 100 
100 100 100 100 100 100 100 100 100 100 100 100 100 100 100 100 100 100 100 100 100 100 100 100 100 100 100 100 100 100 

Tags2005_R1_R1 :
tag-recapture data for tag Tags2005_R1 in years 2006 2007 2008 2009 2010 , step 1, after proportion 0.5 of mortality, with sampling method size, detection probability 1.
Year 2006
class scanned recaptured
100 0 0
150 0 0
200 0 0
250 0 0
300 2 0
350 30 0
400 218 0
450 1048 0.2
500 3472 1.2
550 8164 4
600 14276 9.7
650 19798 18.8
700 23320 29.4
750 24396 38.1
800 22726 40.1
850 18510 34.2
900 13158 24.2
950 8458 14.9
1000 5240 8.7
1050 3306 5.3
1100 2154 3.4
1150 1436 2.3
1200 974 1.5
1250 674 1
1300 480 0.7
1350 350 0.5
1400 260 0.3
1450 192 0.2
1500 138 0.1
1550 94 0.1
1600 60 0
1650 36 0
1700 20 0
1750 10 0
1800 4 0
1850 2 0
1900 0 0
1950 0 0
2000 0 0


Year 2007
class scanned recaptured
100 0 0
150 0 0
200 0 0
250 0 0
300 2 0
350 32 0
400 238 0
450 1130 0
500 3752 0.3
550 8982 1.4
600 15808 4.6
650 21250 10.9
700 23206 19.5
750 22326 27.3
800 20162 31.7
850 17180 31
900 13360 26
950 9312 19.3
1000 5950 13
1050 3672 8.4
1100 2298 5.4
1150 1484 3.4
1200 984 2.3
1250 668 1.4
1300 466 0.9
1350 336 0.6
1400 248 0.3
1450 182 0.2
1500 132 0.1
1550 92 0
1600 58 0
1650 36 0
1700 20 0
1750 10 0
1800 4 0
1850 2 0
1900 0 0
1950 0 0
2000 0 0


Year 2008
class scanned recaptured
100 0 0
150 0 0
200 0 0
250 0 0
300 2 0
350 32 0
400 250 0
450 1224 0
500 4012 0.2
550 9530 0.6
600 16958 2
650 23046 4.8
700 24778 8.8
750 22454 13.6
800 18724 17.4
850 15366 18.9
900 12362 17.4
950 9308 13.6
1000 6390 9.3
1050 4062 5.6
1100 2502 3.1
1150 1558 1.7
1200 1000 1
1250 664 0.6
1300 456 0.4
1350 322 0.2
1400 236 0.1
1450 174 0.1
1500 126 0
1550 88 0
1600 56 0
1650 34 0
1700 18 0
1750 10 0
1800 4 0
1850 2 0
1900 0 0
1950 0 0
2000 0 0


Year 2009
class scanned recaptured
100 0 0
150 0 0
200 0 0
250 0 0
300 2 0
350 32 0
400 244 0
450 1260 0
500 4318 0
550 10212 0.1
600 17864 0.4
650 24236 1.3
700 26214 3.2
750 23502 6.4
800 18668 10.6
850 14294 14.3
900 11122 16
950 8626 15.1
1000 6336 12.3
1050 4294 8.8
1100 2718 5.7
1150 1672 3.3
1200 1040 1.9
1250 670 1
1300 448 0.5
1350 312 0.3
1400 226 0.3
1450 166 0.1
1500 120 0.1
1550 84 0.1
1600 54 0
1650 32 0
1700 18 0
1750 8 0
1800 4 0
1850 2 0
1900 0 0
1950 0 0
2000 0 0


Year 2010
class scanned recaptured
100 0 0
150 0 0
200 0 0
250 0 0
300 2 0
350 32 0
400 238 0
450 1208 0
500 4334 0
550 10832 0
600 19212 0.2
650 25614 0.7
700 27310 1.7
750 24398 3.6
800 19128 6.2
850 14024 9.1
900 10290 11.3
950 7776 11.9
1000 5874 10.9
1050 4228 8.5
1100 2830 6
1150 1786 3.9
1200 1100 2.5
1250 688 1.6
1300 448 1
1350 306 0.6
1400 216 0.4
1450 158 0.3
1500 114 0.1
1550 78 0.1
1600 52 0
1650 32 0
1700 18 0
1750 8 0
1800 4 0
1850 2 0
1900 0 0
1950 0 0
2000 0 0


Tags2006_R1_R1 :
tag-recapture data for tag Tags2006_R1 in years 2007 2008 2009 2010 , step 1, after proportion 0.5 of mortality, with sampling method size, detection probability 1.
Year 2007
class scanned recaptured
100 0 0
150 0 0
200 0 0
250 0 0
300 2 0
350 32 0
400 238 0
450 1130 0.1
500 3752 0.8
550 8982 3.3
600 15808 9.3
650 21250 19.3
700 23206 30.1
750 22326 37.7
800 20162 39
850 17180 34.3
900 13360 25.9
950 9312 17.3
1000 5950 10.7
1050 3672 6.4
1100 2298 3.9
1150 1484 2.4
1200 984 1.5
1250 668 0.9
1300 466 0.6
1350 336 0.3
1400 248 0.2
1450 182 0
1500 132 0
1550 92 0
1600 58 0
1650 36 0
1700 20 0
1750 10 0
1800 4 0
1850 2 0
1900 0 0
1950 0 0
2000 0 0


Year 2008
class scanned recaptured
100 0 0
150 0 0
200 0 0
250 0 0
300 2 0
350 32 0
400 250 0
450 1224 0
500 4012 0.4
550 9530 1.9
600 16958 5.4
650 23046 11.2
700 24778 18.1
750 22454 23.7
800 18724 26.6
850 15366 26.3
900 12362 23.1
950 9308 17.9
1000 6390 11.9
1050 4062 7
1100 2502 3.6
1150 1558 1.7
1200 1000 0.8
1250 664 0.5
1300 456 0.3
1350 322 0.2
1400 236 0.1
1450 174 0.1
1500 126 0.1
1550 88 0.1
1600 56 0
1650 34 0
1700 18 0
1750 10 0
1800 4 0
1850 2 0
1900 0 0
1950 0 0
2000 0 0


Year 2009
class scanned recaptured
100 0 0
150 0 0
200 0 0
250 0 0
300 2 0
350 32 0
400 244 0
450 1260 0
500 4318 0.1
550 10212 0.6
600 17864 2.1
650 24236 5.3
700 26214 10.4
750 23502 16.3
800 18668 20.9
850 14294 22.7
900 11122 21.4
950 8626 17.7
1000 6336 12.8
1050 4294 8.3
1100 2718 5
1150 1672 3
1200 1040 1.8
1250 670 1.2
1300 448 0.7
1350 312 0.4
1400 226 0.2
1450 166 0.2
1500 120 0
1550 84 0
1600 54 0
1650 32 0
1700 18 0
1750 8 0
1800 4 0
1850 2 0
1900 0 0
1950 0 0
2000 0 0


Year 2010
class scanned recaptured
100 0 0
150 0 0
200 0 0
250 0 0
300 2 0
350 32 0
400 238 0
450 1208 0
500 4334 0
550 10832 0.3
600 19212 0.8
650 25614 2.5
700 27310 5.5
750 24398 9.4
800 19128 13.2
850 14024 15.9
900 10290 16.5
950 7776 14.9
1000 5874 12
1050 4228 8.3
1100 2830 5.2
1150 1786 2.9
1200 1100 1.5
1250 688 0.9
1300 448 0.5
1350 306 0.3
1400 216 0.1
1450 158 0.1
1500 114 0
1550 78 0
1600 52 0
1650 32 0
1700 18 0
1750 8 0
1800 4 0
1850 2 0
1900 0 0
1950 0 0
2000 0 0


Tags2007_R1_R1 :
tag-recapture data for tag Tags2007_R1 in years 2008 2009 2010 , step 1, after proportion 0.5 of mortality, with sampling method size, detection probability 1.
Year 2008
class scanned recaptured
100 0 0
150 0 0
200 0 0
250 0 0
300 2 0
350 32 0
400 250 0
450 1224 0.1
500 4012 0.9
550 9530 3.5
600 16958 9.7
650 23046 19.3
700 24778 28.3
750 22454 32.9
800 18724 32.3
850 15366 28.5
900 12362 23.1
950 9308 16.8
1000 6390 10.8
1050 4062 6.3
1100 2502 3.4
1150 1558 1.8
1200 1000 1
1250 664 0.6
1300 456 0.3
1350 322 0.1
1400 236 0.1
1450 174 0
1500 126 0
1550 88 0
1600 56 0
1650 34 0
1700 18 0
1750 10 0
1800 4 0
1850 2 0
1900 0 0
1950 0 0
2000 0 0


Year 2009
class scanned recaptured
100 0 0
150 0 0
200 0 0
250 0 0
300 2 0
350 32 0
400 244 0
450 1260 0.1
500 4318 0.5
550 10212 2.4
600 17864 7.1
650 24236 15.7
700 26214 25.6
750 23502 32.3
800 18668 33.1
850 14294 29.8
900 11122 24.7
950 8626 19.4
1000 6336 13.9
1050 4294 9.1
1100 2718 5.6
1150 1672 3.3
1200 1040 2
1250 670 1.2
1300 448 0.6
1350 312 0.3
1400 226 0.1
1450 166 0
1500 120 0
1550 84 0
1600 54 0
1650 32 0
1700 18 0
1750 8 0
1800 4 0
1850 2 0
1900 0 0
1950 0 0
2000 0 0


Year 2010
class scanned recaptured
100 0 0
150 0 0
200 0 0
250 0 0
300 2 0
350 32 0
400 238 0
450 1208 0
500 4334 0.1
550 10832 0.7
600 19212 2.6
650 25614 6.6
700 27310 12.4
750 24398 18
800 19128 20.7
850 14024 20.3
900 10290 17.6
950 7776 14.3
1000 5874 10.8
1050 4228 7.7
1100 2830 5.2
1150 1786 3.3
1200 1100 2
1250 688 1.1
1300 448 0.6
1350 306 0.3
1400 216 0.1
1450 158 0
1500 114 0
1550 78 0
1600 52 0
1650 32 0
1700 18 0
1750 8 0
1800 4 0
1850 2 0
1900 0 0
1950 0 0
2000 0 0


Tags2008_R1_R1 :
tag-recapture data for tag Tags2008_R1 in years 2009 2010 , step 1, after proportion 0.5 of mortality, with sampling method size, detection probability 1.
Year 2009
class scanned recaptured
100 0 0
150 0 0
200 0 0
250 0 0
300 2 0
350 32 0
400 244 0
450 1260 0.2
500 4318 0.9
550 10212 3.9
600 17864 11.2
650 24236 22.7
700 26214 33.5
750 23502 37.9
800 18668 35.5
850 14294 30.4
900 11122 25.2
950 8626 20.4
1000 6336 15.2
1050 4294 10.4
1100 2718 6.4
1150 1672 3.5
1200 1040 1.7
1250 670 0.8
1300 448 0.3
1350 312 0.1
1400 226 0
1450 166 0
1500 120 0
1550 84 0
1600 54 0
1650 32 0
1700 18 0
1750 8 0
1800 4 0
1850 2 0
1900 0 0
1950 0 0
2000 0 0


Year 2010
class scanned recaptured
100 0 0
150 0 0
200 0 0
250 0 0
300 2 0
350 32 0
400 238 0
450 1208 0
500 4334 0.6
550 10832 2.4
600 19212 7
650 25614 15
700 27310 24
750 24398 30.6
800 19128 32.2
850 14024 29.2
900 10290 23.8
950 7776 17.9
1000 5874 12.3
1050 4228 7.8
1100 2830 4.6
1150 1786 2.4
1200 1100 1.3
1250 688 0.6
1300 448 0.4
1350 306 0.2
1400 216 0.1
1450 158 0.1
1500 114 0.1
1550 78 0.1
1600 52 0.1
1650 32 0
1700 18 0
1750 8 0
1800 4 0
1850 2 0
1900 0 0
1950 0 0
2000 0 0


Tags2009_R1_R1 :
tag-recapture data for tag Tags2009_R1 in years 2010 , step 1, after proportion 0.5 of mortality, with sampling method size, detection probability 1.
Year 2010
class scanned recaptured
100 0 0
150 0 0
200 0 0
250 0 0
300 2 0
350 32 0
400 238 0
450 1208 0.3
500 4334 1.7
550 10832 6.4
600 19212 16.6
650 25614 30.8
700 27310 42.9
750 24398 46.6
800 19128 41.6
850 14024 32.6
900 10290 24.6
950 7776 18.8
1000 5874 14.2
1050 4228 10.1
1100 2830 6.2
1150 1786 3.5
1200 1100 1.7
1250 688 0.8
1300 448 0.3
1350 306 0.1
1400 216 0
1450 158 0
1500 114 0
1550 78 0
1600 52 0
1650 32 0
1700 18 0
1750 8 0
1800 4 0
1850 2 0
1900 0 0
1950 0 0
2000 0 0



Ageing_error:
  Misclassification matrix:
1 0 0 0 0 0 0 0 0 0 0 0 0 0 0 0 0 0 0 0 0 0 0 0 0 0 0 0 0 0 
0 1 0 0 0 0 0 0 0 0 0 0 0 0 0 0 0 0 0 0 0 0 0 0 0 0 0 0 0 0 
0 0 1 0 0 0 0 0 0 0 0 0 0 0 0 0 0 0 0 0 0 0 0 0 0 0 0 0 0 0 
0 0 0 1 0 0 0 0 0 0 0 0 0 0 0 0 0 0 0 0 0 0 0 0 0 0 0 0 0 0 
0 0 0 0 1 0 0 0 0 0 0 0 0 0 0 0 0 0 0 0 0 0 0 0 0 0 0 0 0 0 
0 0 0 0 0 1 0 0 0 0 0 0 0 0 0 0 0 0 0 0 0 0 0 0 0 0 0 0 0 0 
0 0 0 0 0 0 1 0 0 0 0 0 0 0 0 0 0 0 0 0 0 0 0 0 0 0 0 0 0 0 
0 0 0 0 0 0 0 1 0 0 0 0 0 0 0 0 0 0 0 0 0 0 0 0 0 0 0 0 0 0 
0 0 0 0 0 0 0 0 1 0 0 0 0 0 0 0 0 0 0 0 0 0 0 0 0 0 0 0 0 0 
0 0 0 0 0 0 0 0 0 1 0 0 0 0 0 0 0 0 0 0 0 0 0 0 0 0 0 0 0 0 
0 0 0 0 0 0 0 0 0 0 1 0 0 0 0 0 0 0 0 0 0 0 0 0 0 0 0 0 0 0 
0 0 0 0 0 0 0 0 0 0 0 1 0 0 0 0 0 0 0 0 0 0 0 0 0 0 0 0 0 0 
0 0 0 0 0 0 0 0 0 0 0 0 1 0 0 0 0 0 0 0 0 0 0 0 0 0 0 0 0 0 
0 0 0 0 0 0 0 0 0 0 0 0 0 1 0 0 0 0 0 0 0 0 0 0 0 0 0 0 0 0 
0 0 0 0 0 0 0 0 0 0 0 0 0 0 1 0 0 0 0 0 0 0 0 0 0 0 0 0 0 0 
0 0 0 0 0 0 0 0 0 0 0 0 0 0 0 1 0 0 0 0 0 0 0 0 0 0 0 0 0 0 
0 0 0 0 0 0 0 0 0 0 0 0 0 0 0 0 1 0 0 0 0 0 0 0 0 0 0 0 0 0 
0 0 0 0 0 0 0 0 0 0 0 0 0 0 0 0 0 1 0 0 0 0 0 0 0 0 0 0 0 0 
0 0 0 0 0 0 0 0 0 0 0 0 0 0 0 0 0 0 1 0 0 0 0 0 0 0 0 0 0 0 
0 0 0 0 0 0 0 0 0 0 0 0 0 0 0 0 0 0 0 1 0 0 0 0 0 0 0 0 0 0 
0 0 0 0 0 0 0 0 0 0 0 0 0 0 0 0 0 0 0 0 1 0 0 0 0 0 0 0 0 0 
0 0 0 0 0 0 0 0 0 0 0 0 0 0 0 0 0 0 0 0 0 1 0 0 0 0 0 0 0 0 
0 0 0 0 0 0 0 0 0 0 0 0 0 0 0 0 0 0 0 0 0 0 1 0 0 0 0 0 0 0 
0 0 0 0 0 0 0 0 0 0 0 0 0 0 0 0 0 0 0 0 0 0 0 1 0 0 0 0 0 0 
0 0 0 0 0 0 0 0 0 0 0 0 0 0 0 0 0 0 0 0 0 0 0 0 1 0 0 0 0 0 
0 0 0 0 0 0 0 0 0 0 0 0 0 0 0 0 0 0 0 0 0 0 0 0 0 1 0 0 0 0 
0 0 0 0 0 0 0 0 0 0 0 0 0 0 0 0 0 0 0 0 0 0 0 0 0 0 1 0 0 0 
0 0 0 0 0 0 0 0 0 0 0 0 0 0 0 0 0 0 0 0 0 0 0 0 0 0 0 1 0 0 
0 0 0 0 0 0 0 0 0 0 0 0 0 0 0 0 0 0 0 0 0 0 0 0 0 0 0 0 1 0 
0 0 0 0 0 0 0 0 0 0 0 0 0 0 0 0 0 0 0 0 0 0 0 0 0 0 0 0 0 1 

Free parameters:

initialization.B0
uniform: bounds from 5000 to 500000
current value: 184735
lower bound: 5000
upper bound: 500000

recruitment.YCS
lognormal with means 1 1 1 1 1 1 1 1 1 1 1 1 1 1 1 1 1 1 1 1 1 c.v.s 1 1 1 1 1 1 1 1 1 1 1 1 1 1 1 1 1 1 1 1 1 :
bounds of
1 1 1 1 1 1 1 1 1 1 1 1 1 1 1 1 1 1 1 1 1 
1 1 1 1 1 1 1 1 1 1 1 1 1 1 1 1 1 1 1 1 1 
current values: 1 1 1 1 1 1 1 1 1 1 1 1 1 1 1 1 1 1 1 1 1 
lower bounds: 1 1 1 1 1 1 1 1 1 1 1 1 1 1 1 1 1 1 1 1 1 
upper bounds: 1 1 1 1 1 1 1 1 1 1 1 1 1 1 1 1 1 1 1 1 1 


Q's:
qs are nuisance parameters

Penalties:
LL_Penalty :
Catch limit penalty of 1000 x the sum of squares of (log(actual catch) - log(specified catch)) for fishery LL to disencourage breaking exploitation rate limits
meanYCS_1 :
Vector average penalty of 100 x square of (mean(recruitment.YCS) - 1) 
Penalty_Tags2005_R1_LL :
'Fish-must-be-tagged' penalty of 1 x square of (actual number of tagged fish - nominal number of tagged fish) for tagging episode Tags2005_R1_LL
Penalty_Tags2006_R1_LL :
'Fish-must-be-tagged' penalty of 1 x square of (actual number of tagged fish - nominal number of tagged fish) for tagging episode Tags2006_R1_LL
Penalty_Tags2007_R1_LL :
'Fish-must-be-tagged' penalty of 1 x square of (actual number of tagged fish - nominal number of tagged fish) for tagging episode Tags2007_R1_LL
Penalty_Tags2008_R1_LL :
'Fish-must-be-tagged' penalty of 1 x square of (actual number of tagged fish - nominal number of tagged fish) for tagging episode Tags2008_R1_LL
Penalty_Tags2009_R1_LL :
'Fish-must-be-tagged' penalty of 1 x square of (actual number of tagged fish - nominal number of tagged fish) for tagging episode Tags2009_R1_LL

Components of the objective function are:
  LL_catchA
  Tags2005_R1_R1
  Tags2006_R1_R1
  Tags2007_R1_R1
  Tags2008_R1_R1
  Tags2009_R1_R1
  prior_on_initialization.B0
  prior_on_recruitment.YCS
  LL_Penalty
  meanYCS_1
  Penalty_Tags2005_R1_LL
  Penalty_Tags2006_R1_LL
  Penalty_Tags2007_R1_LL
  Penalty_Tags2008_R1_LL
  Penalty_Tags2009_R1_LL

Random number seed : 43240


Minimiser achieved convergence after 11 quasi-Newton iterations using 18 objective function evaluations



Approximate Covariance matrix (Inverse Hessian of parameters at point estimate):
22620.9 0 0 0 0 0 0 0 0 0 0 0 0 0 0 0 0 0 0 0 0 0 
0 0 0 0 0 0 0 0 0 0 0 0 0 0 0 0 0 0 0 0 0 0 
0 0 0 0 0 0 0 0 0 0 0 0 0 0 0 0 0 0 0 0 0 0 
0 0 0 0 0 0 0 0 0 0 0 0 0 0 0 0 0 0 0 0 0 0 
0 0 0 0 0 0 0 0 0 0 0 0 0 0 0 0 0 0 0 0 0 0 
0 0 0 0 0 0 0 0 0 0 0 0 0 0 0 0 0 0 0 0 0 0 
0 0 0 0 0 0 0 0 0 0 0 0 0 0 0 0 0 0 0 0 0 0 
0 0 0 0 0 0 0 0 0 0 0 0 0 0 0 0 0 0 0 0 0 0 
0 0 0 0 0 0 0 0 0 0 0 0 0 0 0 0 0 0 0 0 0 0 
0 0 0 0 0 0 0 0 0 0 0 0 0 0 0 0 0 0 0 0 0 0 
0 0 0 0 0 0 0 0 0 0 0 0 0 0 0 0 0 0 0 0 0 0 
0 0 0 0 0 0 0 0 0 0 0 0 0 0 0 0 0 0 0 0 0 0 
0 0 0 0 0 0 0 0 0 0 0 0 0 0 0 0 0 0 0 0 0 0 
0 0 0 0 0 0 0 0 0 0 0 0 0 0 0 0 0 0 0 0 0 0 
0 0 0 0 0 0 0 0 0 0 0 0 0 0 0 0 0 0 0 0 0 0 
0 0 0 0 0 0 0 0 0 0 0 0 0 0 0 0 0 0 0 0 0 0 
0 0 0 0 0 0 0 0 0 0 0 0 0 0 0 0 0 0 0 0 0 0 
0 0 0 0 0 0 0 0 0 0 0 0 0 0 0 0 0 0 0 0 0 0 
0 0 0 0 0 0 0 0 0 0 0 0 0 0 0 0 0 0 0 0 0 0 
0 0 0 0 0 0 0 0 0 0 0 0 0 0 0 0 0 0 0 0 0 0 
0 0 0 0 0 0 0 0 0 0 0 0 0 0 0 0 0 0 0 0 0 0 
0 0 0 0 0 0 0 0 0 0 0 0 0 0 0 0 0 0 0 0 0 0 

Correlation matrix:
1 -1.#IND -1.#IND -1.#IND -1.#IND -1.#IND -1.#IND -1.#IND -1.#IND -1.#IND -1.#IND -1.#IND -1.#IND -1.#IND -1.#IND -1.#IND -1.#IND -1.#IND -1.#IND -1.#IND -1.#IND -1.#IND 
-1.#IND -1.#IND -1.#IND -1.#IND -1.#IND -1.#IND -1.#IND -1.#IND -1.#IND -1.#IND -1.#IND -1.#IND -1.#IND -1.#IND -1.#IND -1.#IND -1.#IND -1.#IND -1.#IND -1.#IND -1.#IND -1.#IND 
-1.#IND -1.#IND -1.#IND -1.#IND -1.#IND -1.#IND -1.#IND -1.#IND -1.#IND -1.#IND -1.#IND -1.#IND -1.#IND -1.#IND -1.#IND -1.#IND -1.#IND -1.#IND -1.#IND -1.#IND -1.#IND -1.#IND 
-1.#IND -1.#IND -1.#IND -1.#IND -1.#IND -1.#IND -1.#IND -1.#IND -1.#IND -1.#IND -1.#IND -1.#IND -1.#IND -1.#IND -1.#IND -1.#IND -1.#IND -1.#IND -1.#IND -1.#IND -1.#IND -1.#IND 
-1.#IND -1.#IND -1.#IND -1.#IND -1.#IND -1.#IND -1.#IND -1.#IND -1.#IND -1.#IND -1.#IND -1.#IND -1.#IND -1.#IND -1.#IND -1.#IND -1.#IND -1.#IND -1.#IND -1.#IND -1.#IND -1.#IND 
-1.#IND -1.#IND -1.#IND -1.#IND -1.#IND -1.#IND -1.#IND -1.#IND -1.#IND -1.#IND -1.#IND -1.#IND -1.#IND -1.#IND -1.#IND -1.#IND -1.#IND -1.#IND -1.#IND -1.#IND -1.#IND -1.#IND 
-1.#IND -1.#IND -1.#IND -1.#IND -1.#IND -1.#IND -1.#IND -1.#IND -1.#IND -1.#IND -1.#IND -1.#IND -1.#IND -1.#IND -1.#IND -1.#IND -1.#IND -1.#IND -1.#IND -1.#IND -1.#IND -1.#IND 
-1.#IND -1.#IND -1.#IND -1.#IND -1.#IND -1.#IND -1.#IND -1.#IND -1.#IND -1.#IND -1.#IND -1.#IND -1.#IND -1.#IND -1.#IND -1.#IND -1.#IND -1.#IND -1.#IND -1.#IND -1.#IND -1.#IND 
-1.#IND -1.#IND -1.#IND -1.#IND -1.#IND -1.#IND -1.#IND -1.#IND -1.#IND -1.#IND -1.#IND -1.#IND -1.#IND -1.#IND -1.#IND -1.#IND -1.#IND -1.#IND -1.#IND -1.#IND -1.#IND -1.#IND 
-1.#IND -1.#IND -1.#IND -1.#IND -1.#IND -1.#IND -1.#IND -1.#IND -1.#IND -1.#IND -1.#IND -1.#IND -1.#IND -1.#IND -1.#IND -1.#IND -1.#IND -1.#IND -1.#IND -1.#IND -1.#IND -1.#IND 
-1.#IND -1.#IND -1.#IND -1.#IND -1.#IND -1.#IND -1.#IND -1.#IND -1.#IND -1.#IND -1.#IND -1.#IND -1.#IND -1.#IND -1.#IND -1.#IND -1.#IND -1.#IND -1.#IND -1.#IND -1.#IND -1.#IND 
-1.#IND -1.#IND -1.#IND -1.#IND -1.#IND -1.#IND -1.#IND -1.#IND -1.#IND -1.#IND -1.#IND -1.#IND -1.#IND -1.#IND -1.#IND -1.#IND -1.#IND -1.#IND -1.#IND -1.#IND -1.#IND -1.#IND 
-1.#IND -1.#IND -1.#IND -1.#IND -1.#IND -1.#IND -1.#IND -1.#IND -1.#IND -1.#IND -1.#IND -1.#IND -1.#IND -1.#IND -1.#IND -1.#IND -1.#IND -1.#IND -1.#IND -1.#IND -1.#IND -1.#IND 
-1.#IND -1.#IND -1.#IND -1.#IND -1.#IND -1.#IND -1.#IND -1.#IND -1.#IND -1.#IND -1.#IND -1.#IND -1.#IND -1.#IND -1.#IND -1.#IND -1.#IND -1.#IND -1.#IND -1.#IND -1.#IND -1.#IND 
-1.#IND -1.#IND -1.#IND -1.#IND -1.#IND -1.#IND -1.#IND -1.#IND -1.#IND -1.#IND -1.#IND -1.#IND -1.#IND -1.#IND -1.#IND -1.#IND -1.#IND -1.#IND -1.#IND -1.#IND -1.#IND -1.#IND 
-1.#IND -1.#IND -1.#IND -1.#IND -1.#IND -1.#IND -1.#IND -1.#IND -1.#IND -1.#IND -1.#IND -1.#IND -1.#IND -1.#IND -1.#IND -1.#IND -1.#IND -1.#IND -1.#IND -1.#IND -1.#IND -1.#IND 
-1.#IND -1.#IND -1.#IND -1.#IND -1.#IND -1.#IND -1.#IND -1.#IND -1.#IND -1.#IND -1.#IND -1.#IND -1.#IND -1.#IND -1.#IND -1.#IND -1.#IND -1.#IND -1.#IND -1.#IND -1.#IND -1.#IND 
-1.#IND -1.#IND -1.#IND -1.#IND -1.#IND -1.#IND -1.#IND -1.#IND -1.#IND -1.#IND -1.#IND -1.#IND -1.#IND -1.#IND -1.#IND -1.#IND -1.#IND -1.#IND -1.#IND -1.#IND -1.#IND -1.#IND 
-1.#IND -1.#IND -1.#IND -1.#IND -1.#IND -1.#IND -1.#IND -1.#IND -1.#IND -1.#IND -1.#IND -1.#IND -1.#IND -1.#IND -1.#IND -1.#IND -1.#IND -1.#IND -1.#IND -1.#IND -1.#IND -1.#IND 
-1.#IND -1.#IND -1.#IND -1.#IND -1.#IND -1.#IND -1.#IND -1.#IND -1.#IND -1.#IND -1.#IND -1.#IND -1.#IND -1.#IND -1.#IND -1.#IND -1.#IND -1.#IND -1.#IND -1.#IND -1.#IND -1.#IND 
-1.#IND -1.#IND -1.#IND -1.#IND -1.#IND -1.#IND -1.#IND -1.#IND -1.#IND -1.#IND -1.#IND -1.#IND -1.#IND -1.#IND -1.#IND -1.#IND -1.#IND -1.#IND -1.#IND -1.#IND -1.#IND -1.#IND 
-1.#IND -1.#IND -1.#IND -1.#IND -1.#IND -1.#IND -1.#IND -1.#IND -1.#IND -1.#IND -1.#IND -1.#IND -1.#IND -1.#IND -1.#IND -1.#IND -1.#IND -1.#IND -1.#IND -1.#IND -1.#IND -1.#IND 

List of parameter names, in the same order as the rows & cols of the covariance/correlation matrices:
initialization.B0 recruitment.YCS 21 



Start extracting output from here

Point estimate:
initialization.B0
current value: 16291.5
lower bound: 5000
upper bound: 500000

recruitment.YCS
current values: 1 1 1 1 1 1 1 1 1 1 1 1 1 1 1 1 1 1 1 1 1 
lower bounds: 1 1 1 1 1 1 1 1 1 1 1 1 1 1 1 1 1 1 1 1 1 
upper bounds: 1 1 1 1 1 1 1 1 1 1 1 1 1 1 1 1 1 1 1 1 1 


In a format suitable for -i :

initialization.B0 recruitment.YCS 21 
16291.5 1 1 1 1 1 1 1 1 1 1 1 1 1 1 1 1 1 1 1 1 1 

Objective function : 929.583

Components :
LL_catchA                                          362.216
Tags2005_R1_R1                                     180.973
Tags2006_R1_R1                                     138.439
Tags2007_R1_R1                                     114.91
Tags2008_R1_R1                                     80.1711
Tags2009_R1_R1                                     51.0536
prior_on_initialization.B0                         0
prior_on_recruitment.YCS                           1.81951
LL_Penalty                                         0
meanYCS_1                                          0
Penalty_Tags2005_R1_LL                             0
Penalty_Tags2006_R1_LL                             0
Penalty_Tags2007_R1_LL                             0
Penalty_Tags2008_R1_LL                             2.06795e-025
Penalty_Tags2009_R1_LL                             2.06795e-025

Fits : 

The observations are:
LL_catchA
Tags2005_R1_R1
Tags2006_R1_R1
Tags2007_R1_R1
Tags2008_R1_R1
Tags2009_R1_R1
Fits follow:

LL_catchA :
catch proportions-at-age for fishery LL  with ageing error (not constrained to sum to 1):
obs (last class is a plus group):
class 1       2       3       4       5       6       7       8       9       10      11      12      13      14      15      16      17      18      19      20      21      22      23      24      25      26      27      28      29      30      
2000 0       0       0       0.001   0.004   0.054   0.063   0.151   0.129   0.185   0.104   0.053   0.081   0.042   0.019   0.017   0.003   0.031   0.02    0.013   0.004   0.006   0.007   0.002   0.002   0.003   0.002   0       0       0.004   
2001 0       0       0       0       0.002   0.023   0.141   0.157   0.185   0.09    0.129   0.091   0.041   0.035   0.027   0.014   0.017   0.005   0.014   0.008   0.002   0.002   0.005   0.005   0.001   0       0.002   0       0.001   0.003   
2002 0       0       0       0       0.006   0.015   0.064   0.226   0.179   0.141   0.074   0.083   0.058   0.031   0.041   0.016   0.009   0.016   0.003   0.008   0.009   0.004   0.003   0       0.002   0.001   0.001   0.002   0.002   0.006   
2003 0       0       0       0       0.001   0.014   0.041   0.146   0.319   0.151   0.095   0.048   0.047   0.036   0.016   0.026   0.02    0.007   0.01    0.003   0.006   0.007   0.002   0.001   0       0.001   0.001   0.001   0       0.001   
2004 0       0       0       0       0.005   0.018   0.042   0.084   0.175   0.312   0.107   0.076   0.037   0.042   0.026   0.016   0.018   0.012   0.004   0.009   0.002   0.002   0.002   0.002   0.002   0.003   0.004   0       0       0       
2005 0       0       0       0       0.006   0.023   0.041   0.087   0.127   0.178   0.236   0.095   0.052   0.037   0.041   0.021   0.01    0.013   0.01    0.002   0.006   0       0.003   0.004   0.002   0       0       0.001   0.001   0.004   
2006 0       0       0       0       0.008   0.018   0.066   0.106   0.124   0.118   0.135   0.194   0.088   0.044   0.027   0.024   0.011   0.012   0.008   0.004   0       0.003   0.003   0.003   0.002   0.001   0       0       0       0.001   
2007 0       0       0       0.001   0.007   0.019   0.062   0.142   0.142   0.113   0.1     0.095   0.147   0.053   0.031   0.021   0.024   0.015   0.007   0.003   0.004   0.001   0.005   0       0.002   0.003   0       0       0.002   0.001   
2008 0       0       0       0       0.008   0.024   0.069   0.139   0.186   0.144   0.072   0.06    0.074   0.106   0.035   0.028   0.013   0.018   0.003   0.005   0.007   0.002   0.003   0       0.001   0.001   0.001   0.001   0       0       
2009 0       0       0.001   0.001   0.007   0.031   0.06    0.15    0.159   0.163   0.095   0.067   0.034   0.054   0.088   0.019   0.024   0.009   0.02    0.007   0.001   0.003   0.002   0.001   0.001   0       0       0       0.001   0.002   
2010 0       0       0.002   0.001   0.006   0.016   0.096   0.123   0.188   0.163   0.12    0.069   0.034   0.034   0.04    0.038   0.019   0.018   0.009   0.005   0.003   0.002   0.004   0.002   0.001   0.001   0       0       0       0.006   
fits (last class is a plus group):
class 1       2       3       4       5       6       7       8       9       10      11      12      13      14      15      16      17      18      19      20      21      22      23      24      25      26      27      28      29      30      
2000 5.6558e-007 9.30166e-006 0.000108098 0.00088763 0.00514882 0.0210752 0.0606101 0.121109 0.165383 0.153137 0.116366 0.0877516 0.0657871 0.0491113 0.036574 0.0272657 0.0204968 0.0156936 0.0122734 0.00965435 0.00753168 0.00581722 0.0044406 0.00334471 0.00248213 0.00181257 0.00130114 0.000917469 0.000635147 0.00327515 
2001 5.71336e-007 9.40216e-006 0.00010934 0.000898484 0.00521579 0.0213652 0.0614764 0.122817 0.167434 0.15475 0.117161 0.0878842 0.0655402 0.0486733 0.0360474 0.0266649 0.0197638 0.0147808 0.0112626 0.0087661 0.00686121 0.00532389 0.00408757 0.00309961 0.00231747 0.00170581 0.00123457 0.000877684 0.000612488 0.00325969 
2002 5.76441e-007 9.49172e-006 0.00011045 0.000908218 0.00527612 0.0216279 0.0622653 0.124377 0.1693  0.155943 0.117745 0.0880024 0.0652886 0.0482403 0.03555 0.0261592 0.0192449 0.0141957 0.0105692 0.00801794 0.00621178 0.00483739 0.00373235 0.00284743 0.00214383 0.00159016 0.00116025 0.00083175 0.000585282 0.00322833 
2003 5.81054e-007 9.57312e-006 0.000111462 0.000917111 0.00533134 0.021869 0.062992 0.125816 0.17101 0.15701 0.118049 0.0879941 0.0650531 0.047826 0.035074 0.0256886 0.0188056 0.0137733 0.0101178 0.00750246 0.00566702 0.00436966 0.00338464 0.00259558 0.00196654 0.00146917 0.00108042 0.000780955 0.000554206 0.00318121 
2004 5.85301e-007 9.64858e-006 0.000112405 0.000925407 0.00538286 0.0220941 0.0636706 0.127157 0.172592 0.15797 0.118289 0.0878027 0.0647457 0.0474411 0.0346259 0.0252446 0.0184001 0.0134144 0.0097877 0.00716321 0.00529054 0.00397856 0.0030522 0.0023504 0.00179045 0.00134633 0.000997392 0.00072673 0.000520072 0.00311874 
2005 5.89288e-007 9.71987e-006 0.0001133 0.000933306 0.00543194 0.0223082 0.0643146 0.128425 0.174071 0.158839 0.118472 0.087585 0.0643209 0.0470175 0.0342101 0.0248294 0.0180206 0.0130848 0.00950661 0.00691288 0.00504085 0.0037077 0.00277492 0.00211696 0.00161972 0.00122481 0.000913432 0.000670567 0.000483791 0.00304161 
2006 5.93192e-007 9.79003e-006 0.000114183 0.000941116 0.00548047 0.0225195 0.0649472 0.129661 0.175486 0.159628 0.11859 0.0873284 0.0638807 0.046513 0.0337708 0.0244419 0.0176657 0.0127772 0.00924919 0.00669953 0.00485566 0.00352732 0.00258283 0.00192281 0.00145781 0.00110746 0.000830717 0.000614015 0.000446383 0.00295135 
2007 5.96981e-007 9.85854e-006 0.00011505 0.000948803 0.00552833 0.0227279 0.0655698 0.130869 0.176852 0.160364 0.118663 0.0870393 0.0634256 0.0460081 0.0332811 0.0240429 0.0173341 0.0124897 0.00900905 0.00650401 0.00469719 0.00339258 0.00245417 0.00178799 0.00132315 0.000996234 0.000750864 0.000558301 0.000408705 0.00284887 
2008 6.00719e-007 9.92634e-006 0.000115911 0.000956469 0.00557615 0.0229363 0.0661915 0.132069 0.17819 0.161054 0.118694 0.0867195 0.062952 0.0454978 0.0327959 0.0236117 0.0169972 0.0122208 0.00878465 0.00632181 0.00455209 0.00327717 0.00235776 0.00169746 0.00122961 0.000903835 0.000675298 0.000504594 0.000371638 0.00273594 
2009 6.04459e-007 9.99444e-006 0.000116778 0.000964204 0.00562451 0.0231472 0.0668203 0.133278 0.17952 0.161709 0.118684 0.086367 0.0624562 0.0449759 0.0323092 0.0231861 0.0166395 0.0119495 0.00857446 0.00615153 0.00441695 0.00317152 0.00227509 0.00162947 0.00116671 0.000839659 0.000612572 0.000453814 0.000335932 0.00261457 
2010 6.0825e-007 1.00637e-005 0.000117661 0.000972093 0.00567392 0.0233629 0.0674633 0.13451 0.18086 0.16234 0.118633 0.085977 0.061935 0.0444389 0.031816 0.0227613 0.0162874 0.011665 0.00836364 0.00599195 0.00429068 0.00307322 0.00219949 0.00157118 0.00111944 0.0007965 0.000569039 0.0004117 0.000302194 0.00248695 
resids (last class is a plus group):
class 1       2       3       4       5       6       7       8       9       10      11      12      13      14      15      16      17      18      19      20      21      22      23      24      25      26      27      28      29      30      
2000 -5.6558e-007 -9.30166e-006 -0.000108098 0.00011237 -0.00114882 0.0329248 0.00238989 0.0298907 -0.036383 0.0318635 -0.0123657 -0.0347516 0.0152129 -0.00711135 -0.017574 -0.0102657 -0.0174968 0.0153064 0.00772657 0.00334565 -0.00353168 0.000182781 0.0025594 -0.00134471 -0.000482132 0.00118743 0.000698856 -0.000917469 -0.000635147 0.000724852 
2001 -5.71336e-007 -9.40216e-006 -0.00010934 -0.000898484 -0.00321579 0.00163484 0.0795236 0.0341831 0.0175659 -0.0647496 0.011839 0.00311583 -0.0245402 -0.0136733 -0.00904737 -0.0126649 -0.00276378 -0.00978083 0.00273738 -0.000766102 -0.00486121 -0.00332389 0.000912428 0.00190039 -0.00131747 -0.00170581 0.000765433 -0.000877684 0.000387512 -0.000259685 
2002 -5.76441e-007 -9.49172e-006 -0.00011045 -0.000908218 0.000723881 -0.00662786 0.00173468 0.101623 0.0097001 -0.0149428 -0.0437452 -0.0050024 -0.00728863 -0.0172403 0.00544999 -0.0101592 -0.0102449 0.00180432 -0.00756924 -1.79356e-005 0.00278822 -0.000837391 -0.000732354 -0.00284743 -0.000143831 -0.000590155 -0.000160247 0.00116825 0.00141472 0.00277167 
2003 -5.81054e-007 -9.57312e-006 -0.000111462 -0.000917111 -0.00433134 -0.00786904 -0.021992 0.0201844 0.14799 -0.00601008 -0.0230488 -0.0399941 -0.0180531 -0.011826 -0.019074 0.000311439 0.00119438 -0.00677329 -0.00011782 -0.00450246 0.000332979 0.00263034 -0.00138464 -0.00159558 -0.00196654 -0.000469169 -8.04169e-005 0.000219045 -0.000554206 -0.00218121 
2004 -5.85301e-007 -9.64858e-006 -0.000112405 -0.000925407 -0.00038286 -0.00409412 -0.0216706 -0.043157 0.00240838 0.15403 -0.0112889 -0.0118027 -0.0277457 -0.0054411 -0.00862587 -0.00924458 -0.000400143 -0.00141442 -0.0057877 0.00183679 -0.00329054 -0.00197856 -0.0010522 -0.000350403 0.000209551 0.00165367 0.00300261 -0.00072673 -0.000520072 -0.00311874 
2005 -5.89288e-007 -9.71987e-006 -0.0001133 -0.000933306 0.000568064 0.000691804 -0.0233146 -0.0414253 -0.0470707 0.0191614 0.117528 0.00741499 -0.0123209 -0.0100175 0.00678993 -0.0038294 -0.00802055 -8.48317e-005 0.000493392 -0.00491288 0.000959147 -0.0037077 0.000225082 0.00188304 0.00038028 -0.00122481 -0.000913432 0.000329433 0.000516209 0.000958393 
2006 -5.93192e-007 -9.79003e-006 -0.000114183 -0.000941116 0.00251953 -0.00451949 0.00105277 -0.0236606 -0.0514855 -0.0416281 0.0164097 0.106672 0.0241193 -0.00251297 -0.00677076 -0.000441862 -0.00666565 -0.000777215 -0.00124919 -0.00269953 -0.00485566 -0.000527318 0.000417166 0.00107719 0.000542187 -0.000107458 -0.000830717 -0.000614015 -0.000446383 -0.00195135 
2007 -5.96981e-007 -9.85854e-006 -0.00011505 5.11974e-005 0.00147167 -0.00372788 -0.00356976 0.011131 -0.0348523 -0.0473638 -0.0186627 0.00796065 0.0835744 0.00699191 -0.00228112 -0.00304288 0.00666586 0.00251031 -0.00200905 -0.00350401 -0.000697191 -0.00239258 0.00254583 -0.00178799 0.000676854 0.00200377 -0.000750864 -0.000558301 0.00159129 -0.00184887 
2008 -6.00719e-007 -9.92634e-006 -0.000115911 -0.000956469 0.00242385 0.00106374 0.00280854 0.00693089 0.0078103 -0.0170535 -0.0466941 -0.0267195 0.011048 0.0605022 0.00220406 0.00438826 -0.00399723 0.00577923 -0.00578465 -0.00132181 0.00244791 -0.00127717 0.000642243 -0.00169746 -0.000229611 9.61646e-005 0.000324702 0.000495406 -0.000371638 -0.00273594 
2009 -6.04459e-007 -9.99444e-006 0.000883222 3.57961e-005 0.00137549 0.00785284 -0.0068203 0.0167217 -0.02052 0.00129131 -0.0236839 -0.019367 -0.0284562 0.00902415 0.0556908 -0.00418605 0.00736052 -0.00294949 0.0114255 0.000848474 -0.00341695 -0.000171524 -0.000275088 -0.00062947 -0.000166709 -0.000839659 -0.000612572 -0.000453814 0.000664068 -0.000614569 
2010 -6.0825e-007 -1.00637e-005 0.00188234 2.79072e-005 0.00032608 -0.00736291 0.0285367 -0.0115104 0.0071403 0.000660242 0.00136701 -0.016977 -0.027935 -0.0104389 0.00818401 0.0152387 0.00271258 0.00633501 0.000636356 -0.000991946 -0.00129068 -0.00107322 0.00180051 0.000428823 -0.00011944 0.0002035 -0.000569039 -0.0004117 -0.000302194 0.00351305 
pearson_resids (last class is a plus group):
class 1       2       3       4       5       6       7       8       9       10      11      12      13      14      15      16      17      18      19      20      21      22      23      24      25      26      27      28      29      30      
2000 -0.00752051 -0.0304988 -0.103976 0.0377334 -0.160517 2.29226 0.100157 0.916179 -0.979285 0.884804 -0.385629 -1.22826 0.613646 -0.329076 -0.936214 -0.630354 -1.23485 1.23153 0.701755 0.342157 -0.408486 0.0240348 0.384932 -0.232904 -0.0968932 0.279162 0.193869 -0.303037 -0.252101 0.126866 
2001 -0.00755868 -0.0306631 -0.104571 -0.299882 -0.44644 0.113061 3.3107  1.04145 0.470479 -1.79032 0.368114 0.110051 -0.991616 -0.635422 -0.485353 -0.786143 -0.198565 -0.810513 0.259403 -0.0821855 -0.588896 -0.456763 0.143006 0.341871 -0.273992 -0.413368 0.217981 -0.296387 0.156628 -0.0455584 
2002 -0.00759238 -0.0308088 -0.105101 -0.301504 0.0999214 -0.455632 0.0717885 3.07937 0.258658 -0.411874 -1.35726 -0.176577 -0.295045 -0.804595 0.294331 -0.636507 -0.745712 0.152524 -0.74018 -0.00201109 0.354872 -0.120691 -0.1201 -0.534375 -0.0310973 -0.148113 -0.0470724 0.405247 0.584944 0.488602 
2003 -0.00762269 -0.0309406 -0.105582 -0.302977 -0.594791 -0.538032 -0.905212 0.608622 3.93049 -0.165198 -0.714323 -1.41179 -0.732024 -0.554177 -1.03682 0.0196859 0.0879269 -0.581155 -0.0117729 -0.521775 0.0443582 0.398786 -0.238406 -0.313592 -0.443893 -0.122493 -0.0244786 0.0784132 -0.235481 -0.387341 
2004 -0.0076505 -0.0310623 -0.106027 -0.304346 -0.0523245 -0.278531 -0.887539 -1.29543 0.0637318 4.22332 -0.349555 -0.417046 -1.12752 -0.255955 -0.471796 -0.589325 -0.029774 -0.122949 -0.587897 0.217805 -0.453596 -0.314305 -0.190747 -0.0723616 0.0495675 0.45099 0.951223 -0.269677 -0.22811 -0.559329 
2005 -0.00767651 -0.0311769 -0.106448 -0.305643 0.0772864 0.0468436 -0.950406 -1.23819 -1.24141 0.524215 3.63678 0.262301 -0.502229 -0.473246 0.373549 -0.246098 -0.602933 -0.00746507 0.0508456 -0.592943 0.135435 -0.610041 0.0427877 0.409696 0.094566 -0.350187 -0.302368 0.12726 0.234748 0.174042 
2006 -0.0077019 -0.0312892 -0.106863 -0.306921 0.341274 -0.304618 0.0427205 -0.704333 -1.35352 -1.13657 0.507561 3.77845 0.986312 -0.119328 -0.374824 -0.028615 -0.505997 -0.0692015 -0.130495 -0.330922 -0.698523 -0.0889441 0.0821906 0.245892 0.142107 -0.0323084 -0.288341 -0.247869 -0.211325 -0.359722 
2007 -0.00772646 -0.0313985 -0.107267 0.016629 0.19848 -0.250135 -0.144216 0.330046 -0.913456 -1.29077 -0.577092 0.2824  3.42902 0.333738 -0.127174 -0.198644 0.510742 0.226037 -0.212626 -0.435905 -0.101966 -0.411472 0.51453 -0.423224 0.1862  0.63516 -0.274122 -0.23635 0.787289 -0.346888 
2008 -0.00775061 -0.0315063 -0.107668 -0.309416 0.325501 0.0710577 0.112967 0.204713 0.204099 -0.46394 -1.44372 -0.949441 0.454883 2.90327 0.123753 0.289013 -0.309238 0.526006 -0.619913 -0.166773 0.363648 -0.223466 0.132423 -0.412352 -0.0655203 0.0320013 0.124992 0.220597 -0.192815 -0.523779 
2009 -0.0077747 -0.0316141 0.817363 0.0115335 0.183925 0.522232 -0.273128 0.491994 -0.534671 0.0350726 -0.732303 -0.689449 -1.17596 0.435421 3.14958 -0.278154 0.575416 -0.271446 1.23921 0.108514 -0.515274 -0.0305057 -0.0577388 -0.156065 -0.0488349 -0.28989 -0.247578 -0.213077 0.362377 -0.120348 
2010 -0.00779904 -0.0317235 1.73543 0.00895516 0.0434128 -0.487438 1.13772 -0.337352 0.18551 0.0179043 0.0422755 -0.605608 -1.15895 -0.506573 0.466299 1.02176 0.2143  0.590001 0.0698757 -0.128531 -0.197464 -0.193892 0.384338 0.10827 -0.0357185 0.0721347 -0.238613 -0.202946 -0.173864 0.705328 
objective function: multinomial likelihood, with delta = 1e-011, N =
100 100 100 100 100 100 100 100 100 100 100 100 100 100 100 100 100 100 100 100 100 100 100 100 100 100 100 100 100 100 
100 100 100 100 100 100 100 100 100 100 100 100 100 100 100 100 100 100 100 100 100 100 100 100 100 100 100 100 100 100 
100 100 100 100 100 100 100 100 100 100 100 100 100 100 100 100 100 100 100 100 100 100 100 100 100 100 100 100 100 100 
100 100 100 100 100 100 100 100 100 100 100 100 100 100 100 100 100 100 100 100 100 100 100 100 100 100 100 100 100 100 
100 100 100 100 100 100 100 100 100 100 100 100 100 100 100 100 100 100 100 100 100 100 100 100 100 100 100 100 100 100 
100 100 100 100 100 100 100 100 100 100 100 100 100 100 100 100 100 100 100 100 100 100 100 100 100 100 100 100 100 100 
100 100 100 100 100 100 100 100 100 100 100 100 100 100 100 100 100 100 100 100 100 100 100 100 100 100 100 100 100 100 
100 100 100 100 100 100 100 100 100 100 100 100 100 100 100 100 100 100 100 100 100 100 100 100 100 100 100 100 100 100 
100 100 100 100 100 100 100 100 100 100 100 100 100 100 100 100 100 100 100 100 100 100 100 100 100 100 100 100 100 100 
100 100 100 100 100 100 100 100 100 100 100 100 100 100 100 100 100 100 100 100 100 100 100 100 100 100 100 100 100 100 
100 100 100 100 100 100 100 100 100 100 100 100 100 100 100 100 100 100 100 100 100 100 100 100 100 100 100 100 100 100 

Tags2005_R1_R1 :
tag-recapture data for tag Tags2005_R1 in years 2006 2007 2008 2009 2010 , step 1, after proportion 0.5 of mortality, with sampling method size, detection probability 1.
Year 2006
class scanned recaptured expected_prop neg_log_likelihood
100 0 0 0 0
150 0 0 1.86778e-011 0
200 0 0 1.18679e-010 0
250 0 0 7.61642e-010 0
300 2 0 1.00383e-008 2.00766e-008
350 30 0 1.26257e-007 3.78771e-006
400 218 0 1.15536e-006 0.000251868
450 1048 0.2 7.59593e-006 0.88916
500 3472 1.2 3.57576e-005 2.72461
550 8164 4 0.000123317 4.15817
600 14276 9.7 0.000323266 4.18451
650 19798 18.8 0.000669899 3.41266
700 23320 29.4 0.00113564 2.76687
750 24396 38.1 0.00162095 2.76721
800 22726 40.1 0.00200585 3.11058
850 18510 34.2 0.00221976 3.30043
900 13158 24.2 0.00225911 3.06449
950 8458 14.9 0.00215732 2.6026
1000 5240 8.7 0.00195631 2.13333
1050 3306 5.3 0.00169445 1.77599
1100 2154 3.4 0.00140306 1.5772
1150 1436 2.3 0.00110792 1.50945
1200 974 1.5 0.000833432 1.40874
1250 674 1 0.000602946 1.30636
1300 480 0.7 0.000428755 1.21611
1350 350 0.5 0.000307952 1.10032
1400 260 0.3 0.000230078 0.796103
1450 192 0.2 0.000181504 0.620372
1500 138 0.1 0.000151147 0.357647
1550 94 0.1 0.000132027 0.400968
1600 60 0 0.000119392 0.00716393
1650 36 0 0.000111081 0.00399915
1700 20 0 0.000105719 0.00211449
1750 10 0 0.000102313 0.00102319
1800 4 0 0.000100173 0.00040071
1850 2 0 9.88295e-005 0.000197669
1900 0 0 9.79623e-005 0
1950 0 0 9.73098e-005 0
2000 0 0 9.65981e-005 0

total neg_log_likelihood: 47.199


Year 2007
class scanned recaptured expected_prop neg_log_likelihood
100 0 0 0 0
150 0 0 6.04847e-014 0
200 0 0 6.84015e-012 0
250 0 0 9.55173e-011 0
300 2 0 1.78037e-009 3.56074e-009
350 32 0 2.45225e-008 7.84719e-007
400 238 0 2.36348e-007 5.62509e-005
450 1130 0 1.78024e-006 0.00201168
500 3752 0.3 1.00768e-005 0.91217
550 8982 1.4 4.22043e-005 1.95393
600 15808 4.6 0.000134205 2.78168
650 21250 10.9 0.000335192 2.98136
700 23206 19.5 0.000677649 2.82885
750 22326 27.3 0.00113476 2.64925
800 20162 31.7 0.00160771 2.65689
850 17180 31 0.00197849 2.77357
900 13360 26 0.00217825 2.72205
950 9312 19.3 0.00220298 2.43901
1000 5950 13 0.00208653 2.22034
1050 3672 8.4 0.00187076 2.15124
1100 2298 5.4 0.00159331 2.13661
1150 1484 3.4 0.00128731 2.02527
1200 984 2.3 0.000985674 2.02702
1250 668 1.4 0.000721247 1.72057
1300 466 0.9 0.000514991 1.48496
1350 336 0.6 0.00036879 1.26367
1400 248 0.3 0.000273248 0.766605
1450 182 0.2 0.000213178 0.602822
1500 132 0.1 0.000175393 0.349491
1550 92 0 0.000151467 0.013936
1600 58 0 0.000135506 0.00785987
1650 36 0 0.000124883 0.00449605
1700 20 0 0.000117941 0.00235897
1750 10 0 0.000113483 0.00113489
1800 4 0 0.000110653 0.000442636
1850 2 0 0.000108866 0.000217744
1900 0 0 0.000107714 0
1950 0 0 0.00010688 0
2000 0 0 0.000106031 0

total neg_log_likelihood: 41.4799


Year 2008
class scanned recaptured expected_prop neg_log_likelihood
100 0 0 0 0
150 0 0 0 0
200 0 0 1.84133e-013 0
250 0 0 9.24603e-012 0
300 2 0 3.01688e-010 6.03376e-010
350 32 0 5.25067e-009 1.68021e-007
400 250 0 5.23828e-008 1.30957e-005
450 1224 0 4.01422e-007 0.000491341
500 4012 0.2 2.58533e-006 0.8387
550 9530 0.6 1.28189e-005 1.27099
600 16958 2 4.88804e-005 1.89732
650 23046 4.8 0.000146495 1.98571
700 24778 8.8 0.000353277 2.01573
750 22454 13.6 0.000698399 2.37464
800 18724 17.4 0.00114961 2.77524
850 15366 18.9 0.00160664 3.13207
900 12362 17.4 0.00195692 3.41078
950 9308 13.6 0.00213577 3.34824
1000 6390 9.3 0.0021403 2.8335
1050 4062 5.6 0.00200343 2.24012
1100 2502 3.1 0.00176591 1.73097
1150 1558 1.7 0.00146692 1.31468
1200 1000 1 0.00114811 1.0095
1250 664 0.6 0.000853377 0.794416
1300 456 0.4 0.000614672 0.669026
1350 322 0.2 0.000440965 0.44671
1400 236 0.1 0.000325496 0.283367
1450 174 0.1 0.000252158 0.306365
1500 126 0 0.000205713 0.0259225
1550 88 0 0.000176185 0.0155056
1600 56 0 0.000156386 0.00875829
1650 34 0 0.000143131 0.00486681
1700 18 0 0.000134417 0.00241967
1750 10 0 0.000128787 0.00128796
1800 4 0 0.000125197 0.00050082
1850 2 0 0.000122923 0.000245861
1900 0 0 0.000121455 0
1950 0 0 0.000120402 0
2000 0 0 0.000119385 0

total neg_log_likelihood: 34.7381


Year 2009
class scanned recaptured expected_prop neg_log_likelihood
100 0 0 0 0
150 0 0 0 0
200 0 0 6.03779e-016 0
250 0 0 5.71286e-013 0
300 2 0 4.19923e-011 8.39846e-011
350 32 0 1.10246e-009 3.52786e-008
400 244 0 1.34687e-008 3.28637e-006
450 1260 0 9.44828e-008 0.000119048
500 4318 0 6.38051e-007 0.00275511
550 10212 0.1 3.58343e-006 0.317504
600 17864 0.4 1.60366e-005 0.666892
650 24236 1.3 5.7075e-005 1.11565
700 26214 3.2 0.000163412 1.67679
750 23502 6.4 0.000381035 2.26528
800 18668 10.6 0.00073227 2.48109
850 14294 14.3 0.0011766 2.45333
900 11122 16 0.00161391 2.41986
950 8626 15.1 0.00193791 2.36188
1000 6336 12.3 0.00208949 2.21373
1050 4294 8.8 0.0020666 2.01506
1100 2718 5.7 0.00190061 1.82949
1150 1672 3.3 0.00163305 1.59584
1200 1040 1.9 0.00131304 1.37568
1250 670 1 0.000996029 1.07113
1300 448 0.5 0.000727129 0.765254
1350 312 0.3 0.000525074 0.597888
1400 226 0.3 0.000387849 0.709223
1450 166 0.1 0.000299513 0.29969
1500 120 0.1 0.000243066 0.332369
1550 84 0.1 0.000206989 0.372164
1600 54 0 0.000182698 0.0098666
1650 32 0 0.000166381 0.00532463
1700 18 0 0.000155623 0.00280144
1750 8 0 0.000148656 0.00118934
1800 4 0 0.000144206 0.000576864
1850 2 0 0.000141383 0.000282787
1900 0 0 0.000139562 0
1950 0 0 0.000138255 0
2000 0 0 0.000137005 0

total neg_log_likelihood: 28.9587


Year 2010
class scanned recaptured expected_prop neg_log_likelihood
100 0 0 0 0
150 0 0 0 0
200 0 0 0 0
250 0 0 1.58808e-014 0
300 2 0 4.24e-012 8.48011e-012
350 32 0 2.00625e-010 6.41999e-009
400 238 0 3.8376e-009 9.13349e-007
450 1208 0 2.50081e-008 3.02098e-005
500 4334 0 1.62568e-007 0.000704568
550 10832 0 9.67947e-007 0.0104848
600 19212 0.2 4.9004e-006 0.481348
650 25614 0.7 2.03099e-005 0.881852
700 27310 1.7 6.83372e-005 1.24036
750 24398 3.6 0.000186959 1.69174
800 19128 6.2 0.000418761 2.0665
850 14024 9.1 0.000776704 2.18834
900 10290 11.3 0.00121233 2.19538
950 7776 11.9 0.00162598 2.18579
1000 5874 10.9 0.00191791 2.12605
1050 4228 8.5 0.00203426 1.99836
1100 2830 6 0.00197362 1.84269
1150 1786 3.9 0.0017677 1.70107
1200 1100 2.5 0.00146891 1.61641
1250 688 1.6 0.00114316 1.52749
1300 448 1 0.000850064 1.34555
1350 306 0.6 0.000620895 1.07315
1400 216 0.4 0.000460998 0.901981
1450 158 0.3 0.000356239 0.810544
1500 114 0.1 0.000288479 0.324065
1550 78 0.1 0.000244834 0.364449
1600 52 0 0.000215279 0.0111957
1650 32 0 0.000195355 0.00625197
1700 18 0 0.000182191 0.00327974
1750 8 0 0.000173656 0.00138937
1800 4 0 0.0001682 0.000672855
1850 2 0 0.000164741 0.000329509
1900 0 0 0.000162513 0
1950 0 0 0.000160916 0
2000 0 0 0.00015938 0

total neg_log_likelihood: 28.5975


Tags2006_R1_R1 :
tag-recapture data for tag Tags2006_R1 in years 2007 2008 2009 2010 , step 1, after proportion 0.5 of mortality, with sampling method size, detection probability 1.
Year 2007
class scanned recaptured expected_prop neg_log_likelihood
100 0 0 0 0
150 0 0 1.93096e-011 0
200 0 0 1.3125e-010 0
250 0 0 8.58134e-010 0
300 2 0 1.10686e-008 2.21371e-008
350 32 0 1.38759e-007 4.4403e-006
400 238 0 1.27665e-006 0.000303842
450 1130 0.1 8.35282e-006 0.42582
500 3752 0.8 3.87054e-005 1.61768
550 8982 3.3 0.000130466 2.82962
600 15808 9.3 0.000333752 3.29083
650 21250 19.3 0.000677121 3.15976
700 23206 30.1 0.00113137 2.89244
750 22326 37.7 0.00160621 2.78162
800 20162 39 0.00199689 2.7719
850 17180 34.3 0.00223973 2.92403
900 13360 25.9 0.00232281 2.99931
950 9312 17.3 0.00226317 2.70919
1000 5950 10.7 0.00209024 2.23856
1050 3672 6.4 0.00183936 1.86869
1100 2298 3.9 0.00154587 1.6364
1150 1484 2.4 0.00124133 1.46754
1200 984 1.5 0.000954384 1.31742
1250 668 0.9 0.0007111 1.10546
1300 466 0.6 0.000525707 0.975827
1350 336 0.3 0.000396268 0.629459
1400 248 0.2 0.000312446 0.50327
1450 182 0 0.000259984 0.0473232
1500 132 0 0.000227061 0.0299755
1550 92 0 0.000206229 0.018975
1600 58 0 0.000192344 0.0111571
1650 36 0 0.000183122 0.00659298
1700 20 0 0.000177112 0.00354256
1750 10 0 0.000173264 0.00173279
1800 4 0 0.00017083 0.000683378
1850 2 0 0.000169297 0.000338623
1900 0 0 0.000168312 0
1950 0 0 0.000167597 0
2000 0 0 0.000166857 0

total neg_log_likelihood: 40.2655


Year 2008
class scanned recaptured expected_prop neg_log_likelihood
100 0 0 0 0
150 0 0 6.13362e-014 0
200 0 0 7.37782e-012 0
250 0 0 1.07644e-010 0
300 2 0 1.98952e-009 3.97905e-009
350 32 0 2.67368e-008 8.55579e-007
400 250 0 2.58765e-007 6.46912e-005
450 1224 0 1.95502e-006 0.00239295
500 4012 0.4 1.09779e-005 1.17343
550 9530 1.9 4.52094e-005 2.63354
600 16958 5.4 0.000140671 3.17491
650 23046 11.2 0.000343767 2.73436
700 24778 18.1 0.000682546 2.41193
750 22454 23.7 0.00112981 2.56086
800 18724 26.6 0.00159573 2.74893
850 15366 26.3 0.00197543 2.84028
900 12362 23.1 0.00220493 2.82674
950 9308 17.9 0.00227161 2.62827
1000 6390 11.9 0.00219414 2.33275
1050 4062 7 0.0020034 1.98662
1100 2502 3.6 0.00173467 1.64892
1150 1558 1.7 0.00142477 1.29855
1200 1000 0.8 0.00111213 0.955674
1250 664 0.5 0.000834387 0.728142
1300 456 0.3 0.00061586 0.553328
1350 322 0.2 0.000460039 0.444382
1400 236 0.1 0.000357847 0.281526
1450 174 0.1 0.000293455 0.298382
1500 126 0.1 0.000252853 0.326251
1550 88 0.1 0.000227083 0.360866
1600 56 0 0.000209806 0.0117504
1650 34 0 0.000198235 0.00674065
1700 18 0 0.000190625 0.00343157
1750 10 0 0.000185708 0.00185725
1800 4 0 0.000182573 0.000730359
1850 2 0 0.000180588 0.000361209
1900 0 0 0.000179311 0
1950 0 0 0.000178398 0
2000 0 0 0.000177516 0

total neg_log_likelihood: 36.976


Year 2009
class scanned recaptured expected_prop neg_log_likelihood
100 0 0 0 0
150 0 0 0 0
200 0 0 1.90635e-013 0
250 0 0 1.02726e-011 0
300 2 0 3.40976e-010 6.81952e-010
350 32 0 5.74738e-009 1.83916e-007
400 244 0 5.6504e-008 1.3787e-005
450 1260 0 4.37399e-007 0.000551123
500 4318 0.1 2.81372e-006 0.403312
550 10212 0.6 1.38086e-005 1.20374
600 17864 2.1 5.17591e-005 1.87655
650 24236 5.3 0.000152064 2.07946
700 26214 10.4 0.000359919 2.14543
750 23502 16.3 0.000701167 2.32026
800 18668 20.9 0.00114435 2.44729
850 14294 22.7 0.0015979 2.48343
900 11122 21.4 0.0019603 2.45731
950 8626 17.7 0.00216972 2.38755
1000 6336 12.8 0.0022143 2.25483
1050 4294 8.3 0.00211302 2.02014
1100 2718 5 0.00189705 1.74178
1150 1672 3 0.00160373 1.51327
1200 1040 1.8 0.00127864 1.3327
1250 670 1.2 0.000971669 1.26236
1300 448 0.7 0.000720056 1.01813
1350 312 0.4 0.000535703 0.762543
1400 226 0.2 0.000412729 0.481922
1450 166 0.2 0.000334517 0.547784
1500 120 0 0.000284924 0.0341957
1550 84 0 0.000253367 0.0212855
1600 54 0 0.000232157 0.0125379
1650 32 0 0.000217911 0.00697392
1700 18 0 0.000208514 0.00375364
1750 8 0 0.000202423 0.00161955
1800 4 0 0.000198529 0.000794194
1850 2 0 0.000196058 0.000392155
1900 0 0 0.000194466 0
1950 0 0 0.00019333 0
2000 0 0 0.000192252 0

total neg_log_likelihood: 32.8219


Year 2010
class scanned recaptured expected_prop neg_log_likelihood
100 0 0 0 0
150 0 0 0 0
200 0 0 6.13048e-016 0
250 0 0 6.17444e-013 0
300 2 0 4.73184e-011 9.4637e-011
350 32 0 1.22479e-009 3.91933e-008
400 238 0 1.43056e-008 3.40474e-006
450 1208 0 1.01556e-007 0.00012268
500 4334 0 6.8911e-007 0.0029866
550 10832 0.3 3.85524e-006 0.88632
600 19212 0.8 1.70553e-005 1.14917
650 25614 2.5 5.9719e-005 1.668
700 27310 5.5 0.000168052 1.87123
750 24398 9.4 0.000385916 2.04798
800 19128 13.2 0.000733295 2.23987
850 14024 15.9 0.00117155 2.31542
900 10290 16.5 0.00160892 2.32496
950 7776 14.9 0.00194814 2.27631
1000 5874 12 0.00213097 2.17817
1050 4228 8.3 0.00214602 2.02013
1100 2830 5.2 0.00201193 1.78046
1150 1786 2.9 0.00176178 1.48905
1200 1100 1.5 0.00144385 1.1783
1250 688 0.9 0.00111843 0.96569
1300 448 0.5 0.000837271 0.744059
1350 306 0.3 0.000623867 0.579054
1400 216 0.1 0.000478222 0.280208
1450 158 0.1 0.000384314 0.290683
1500 114 0 0.000324271 0.0369729
1550 78 0 0.000285895 0.022303
1600 52 0 0.000260032 0.0135234
1650 32 0 0.000242636 0.0077653
1700 18 0 0.000231151 0.0041612
1750 8 0 0.000223703 0.00178982
1800 4 0 0.000218939 0.000875851
1850 2 0 0.000215916 0.000431879
1900 0 0 0.000213969 0
1950 0 0 0.000212578 0
2000 0 0 0.000211253 0

total neg_log_likelihood: 28.376


Tags2007_R1_R1 :
tag-recapture data for tag Tags2007_R1 in years 2008 2009 2010 , step 1, after proportion 0.5 of mortality, with sampling method size, detection probability 1.
Year 2008
class scanned recaptured expected_prop neg_log_likelihood
100 0 0 0 0
150 0 0 5.20993e-011 0
200 0 0 2.13461e-010 0
250 0 0 1.1554e-009 0
300 2 0 1.4546e-008 2.9092e-008
350 32 0 1.77893e-007 5.69259e-006
400 250 0 1.55686e-006 0.000389216
450 1224 0.1 9.74063e-006 0.404945
500 4012 0.9 4.3753e-005 1.70242
550 9530 3.5 0.000143946 2.71914
600 16958 9.7 0.000359869 2.96134
650 23046 19.3 0.000713177 2.63927
700 24778 28.3 0.00116416 2.59794
750 22454 32.9 0.00161888 2.83693
800 18724 32.3 0.00198391 2.98974
850 15366 28.5 0.00221539 3.07465
900 12362 23.1 0.00231366 3.05948
950 9308 16.8 0.00229169 2.85425
1000 6390 10.8 0.00216302 2.4737
1050 4062 6.3 0.00194605 2.02718
1100 2502 3.4 0.00166557 1.63012
1150 1558 1.8 0.00135085 1.28133
1200 1000 1 0.0010359 1.00013
1250 664 0.6 0.000757258 0.802297
1300 456 0.3 0.000539493 0.558225
1350 322 0.1 0.000386118 0.282785
1400 236 0.1 0.000287275 0.286839
1450 174 0 0.000226325 0.039385
1500 126 0 0.000188878 0.0238009
1550 88 0 0.00016574 0.0145864
1600 56 0 0.000150719 0.00844091
1650 34 0 0.000140978 0.00479359
1700 18 0 0.000134753 0.00242572
1750 10 0 0.000130824 0.00130833
1800 4 0 0.000128361 0.000513475
1850 2 0 0.000126811 0.000253638
1900 0 0 0.000125801 0
1950 0 0 0.000125042 0
2000 0 0 0.000124254 0

total neg_log_likelihood: 38.2786


Year 2009
class scanned recaptured expected_prop neg_log_likelihood
100 0 0 0 0
150 0 0 1.84603e-013 0
200 0 0 1.49956e-011 0
250 0 0 1.48159e-010 0
300 2 0 2.51295e-009 5.02589e-009
350 32 0 3.34586e-008 1.07068e-006
400 244 0 3.18571e-007 7.77313e-005
450 1260 0.1 2.32473e-006 0.536325
500 4318 0.5 1.26129e-005 1.38877
550 10212 2.4 5.05767e-005 3.19455
600 17864 7.1 0.000153837 4.2983
650 24236 15.7 0.00036782 4.40213
700 26214 25.6 0.000714491 3.67315
750 23502 32.3 0.00115784 3.10753
800 18668 33.1 0.00160564 2.82821
850 14294 29.8 0.00196404 2.67005
900 11122 24.7 0.00218675 2.52755
950 8626 19.4 0.00227113 2.40568
1000 6336 13.9 0.00223057 2.24171
1050 4294 9.1 0.00208023 2.03273
1100 2718 5.6 0.00183932 1.82895
1150 1672 3.3 0.00153505 1.63627
1200 1040 2 0.00120567 1.49384
1250 670 1.2 0.000897204 1.30819
1300 448 0.6 0.000645597 0.920399
1350 312 0.3 0.00046253 0.616431
1400 226 0.1 0.00034169 0.283237
1450 166 0 0.000265888 0.0441432
1500 120 0 0.00021867 0.0262433
1550 84 0 0.000189191 0.0158935
1600 54 0 0.00016984 0.00917212
1650 32 0 0.000157152 0.00502925
1700 18 0 0.000148959 0.00268147
1750 8 0 0.000143741 0.00115001
1800 4 0 0.000140446 0.000561822
1850 2 0 0.000138366 0.00027675
1900 0 0 0.000137012 0
1950 0 0 0.000136008 0
2000 0 0 0.000135001 0

total neg_log_likelihood: 43.4992


Year 2010
class scanned recaptured expected_prop neg_log_likelihood
100 0 0 0 0
150 0 0 0 0
200 0 0 5.14342e-013 0
250 0 0 1.60784e-011 0
300 2 0 4.30875e-010 8.61751e-010
350 32 0 6.99637e-009 2.23884e-007
400 238 0 6.82722e-008 1.62488e-005
450 1208 0 5.24536e-007 0.000633639
500 4334 0.1 3.2782e-006 0.389721
550 10832 0.7 1.56397e-005 1.31639
600 19212 2.6 5.72461e-005 2.16536
650 25614 6.6 0.000164659 2.44819
700 27310 12.4 0.0003819 2.35974
750 24398 18 0.000729277 2.36959
800 19128 20.7 0.00116787 2.49921
850 14024 20.3 0.00160521 2.54017
900 10290 17.6 0.00195061 2.51593
950 7776 14.3 0.00215787 2.44734
1000 5874 10.8 0.00222259 2.32307
1050 4228 7.7 0.00215698 2.06643
1100 2830 5.2 0.0019766 1.77258
1150 1786 3.3 0.00170341 1.55079
1200 1100 2 0.00137566 1.37708
1250 688 1.1 0.00104677 1.126
1300 448 0.6 0.000764769 0.872115
1350 306 0.3 0.000551794 0.593837
1400 216 0.1 0.000407297 0.280942
1450 158 0 0.000314858 0.0497555
1500 114 0 0.000256402 0.0292336
1550 78 0 0.000219502 0.017123
1600 52 0 0.00019504 0.0101431
1650 32 0 0.000178871 0.00572438
1700 18 0 0.000168364 0.0030308
1750 8 0 0.000161638 0.00129321
1800 4 0 0.000157376 0.000629554
1850 2 0 0.000154684 0.000309391
1900 0 0 0.000152936 0
1950 0 0 0.00015165 0
2000 0 0 0.000150369 0

total neg_log_likelihood: 33.1324


Tags2008_R1_R1 :
tag-recapture data for tag Tags2008_R1 in years 2009 2010 , step 1, after proportion 0.5 of mortality, with sampling method size, detection probability 1.
Year 2009
class scanned recaptured expected_prop neg_log_likelihood
100 0 0 0 0
150 0 0 3.63032e-011 0
200 0 0 1.79165e-010 0
250 0 0 1.06286e-009 0
300 2 0 1.35284e-008 2.70568e-008
350 32 0 1.66796e-007 5.33748e-006
400 244 0 1.49735e-006 0.000365353
450 1260 0.2 9.58592e-006 0.809909
500 4318 0.9 4.36634e-005 1.65112
550 10212 3.9 0.000144756 2.98256
600 17864 11.2 0.000363352 3.53527
650 24236 22.7 0.000721319 3.195
700 26214 33.5 0.00117752 2.78587
750 23502 37.9 0.00163614 2.7418
800 18668 35.5 0.00200515 2.75595
850 14294 30.4 0.00224682 2.67463
900 11122 25.2 0.00236757 2.55928
950 8626 20.4 0.00237973 2.43001
1000 6336 15.2 0.00228841 2.30057
1050 4294 10.4 0.00210077 2.19731
1100 2718 6.4 0.00183363 2.04376
1150 1672 3.5 0.00151401 1.73366
1200 1040 1.7 0.0011795 1.31346
1250 670 0.8 0.000874165 0.942015
1300 448 0.3 0.000630543 0.553215
1350 312 0.1 0.000456894 0.287327
1400 226 0 0.000344468 0.0778633
1450 166 0 0.000275212 0.0456914
1500 120 0 0.000232843 0.0279445
1550 84 0 0.000206829 0.0173754
1600 54 0 0.000190061 0.0102643
1650 32 0 0.000179262 0.00573689
1700 18 0 0.0001724 0.00310346
1750 8 0 0.000168086 0.0013448
1800 4 0 0.000165387 0.000661604
1850 2 0 0.000163691 0.000327408
1900 0 0 0.00016258 0
1950 0 0 0.000161736 0
2000 0 0 0.000160859 0

total neg_log_likelihood: 39.6834


Year 2010
class scanned recaptured expected_prop neg_log_likelihood
100 0 0 0 0
150 0 0 1.24977e-013 0
200 0 0 1.14668e-011 0
250 0 0 1.34733e-010 0
300 2 0 2.38493e-009 4.76985e-009
350 32 0 3.17097e-008 1.01471e-006
400 238 0 3.03647e-007 7.22679e-005
450 1208 0 2.25752e-006 0.00272708
500 4334 0.6 1.24509e-005 1.69302
550 10832 2.4 5.04517e-005 3.08903
600 19212 7 0.000154409 3.88022
650 25614 15 0.000370536 3.63547
700 27310 24 0.000721187 2.95074
750 24398 30.6 0.00116951 2.7047
800 19128 32.2 0.00162206 2.67861
850 14024 29.2 0.00198658 2.63963
900 10290 23.8 0.00222221 2.52497
950 7776 17.9 0.00233092 2.36625
1000 5874 12.3 0.00232426 2.24896
1050 4228 7.8 0.00220858 2.09026
1100 2830 4.6 0.00199247 1.80158
1150 1786 2.4 0.00169583 1.46096
1200 1100 1.3 0.00135621 1.12544
1250 688 0.6 0.0010254 0.801785
1300 448 0.4 0.000748136 0.652363
1350 306 0.2 0.000542841 0.439432
1400 216 0.1 0.000406025 0.28098
1450 158 0.1 0.000319919 0.298851
1500 114 0.1 0.000266324 0.329531
1550 78 0.1 0.000232973 0.36849
1600 52 0.1 0.000211193 0.411376
1650 32 0 0.000196993 0.00630438
1700 18 0 0.000187873 0.00338203
1750 8 0 0.000182088 0.00145684
1800 4 0 0.000178446 0.000713849
1850 2 0 0.00017615 0.000352331
1900 0 0 0.000174652 0
1950 0 0 0.000173531 0
2000 0 0 0.000172389 0

total neg_log_likelihood: 40.4877


Tags2009_R1_R1 :
tag-recapture data for tag Tags2009_R1 in years 2010 , step 1, after proportion 0.5 of mortality, with sampling method size, detection probability 1.
Year 2010
class scanned recaptured expected_prop neg_log_likelihood
100 0 0 0 0
150 0 0 5.23048e-011 0
200 0 0 2.00058e-010 0
250 0 0 1.13564e-009 0
300 2 0 1.46103e-008 2.92205e-008
350 32 0 1.7717e-007 5.66945e-006
400 238 0 1.56213e-006 0.000371786
450 1208 0.3 9.98253e-006 1.22918
500 4334 1.7 4.58098e-005 3.38193
550 10832 6.4 0.000153062 5.76332
600 19212 16.6 0.000385773 6.5277
650 25614 30.8 0.000765151 5.35921
700 27310 42.9 0.00124098 3.90444
750 24398 46.6 0.00170284 3.13675
800 19128 41.6 0.0020503 2.85496
850 14024 32.6 0.00225315 2.67824
900 10290 24.6 0.00233688 2.52884
950 7776 18.8 0.00233058 2.40162
1000 5874 14.2 0.002244 2.28869
1050 4228 10.1 0.00207715 2.17673
1100 2830 6.2 0.00183453 1.93585
1150 1786 3.5 0.00153229 1.66599
1200 1100 1.7 0.00120262 1.28131
1250 688 0.8 0.000890853 0.932901
1300 448 0.3 0.000635216 0.553093
1350 306 0.1 0.00044964 0.285904
1400 216 0 0.000328346 0.0709343
1450 158 0 0.000253496 0.0400574
1500 114 0 0.000207898 0.0237029
1550 78 0 0.000180132 0.0140515
1600 52 0 0.000162456 0.00844841
1650 32 0 0.00015123 0.00483973
1700 18 0 0.00014419 0.00259561
1750 8 0 0.000139812 0.00111858
1800 4 0 0.000137095 0.000548416
1850 2 0 0.00013539 0.000270799
1900 0 0 0.000134265 0
1950 0 0 0.000133387 0
2000 0 0 0.000132445 0

total neg_log_likelihood: 51.0536


Output quantities start here

* Scalar parameter values
initialization.B0 16291.5

* Vector parameter values
recruitment.YCS 1 1 1 1 1 1 1 1 1 1 1 1 1 1 1 1 1 1 1 1 1 

* Nuisance q's

* B0
16291.5

* R0
1.181e+006

* SSBs
SSB 16291.5 16057.7 15493.8 14874.6 14209 13510.6 12796 12081.2 11380 10703.6 10059.5 9450.8 8878.1 8340.54 7836.58 7364.19 6921.36 6506.52 6117.76 5753.2 5411.34 
year 1990 1991 1992 1993 1994 1995 1996 1997 1998 1999 2000 2001 2002 2003 2004 2005 2006 2007 2008 2009 2010 

* recruitments
recruitment 1.181e+006 1.181e+006 1.17916e+006 1.17452e+006 1.16906e+006 1.16274e+006 1.15551e+006 1.14741e+006 1.13848e+006 1.1288e+006 1.11844e+006 1.10748e+006 1.096e+006 1.08401e+006 1.07155e+006 1.05862e+006 1.04524e+006 1.03139e+006 1.01711e+006 1.00239e+006 987243 
year 1990 1991 1992 1993 1994 1995 1996 1997 1998 1999 2000 2001 2002 2003 2004 2005 2006 2007 2008 2009 2010 

* YCS
YCS 1 1 1 1 1 1 1 1 1 1 1 1 1 1 1 1 1 1 1 1 1 
year 1989 1990 1991 1992 1993 1994 1995 1996 1997 1998 1999 2000 2001 2002 2003 2004 2005 2006 2007 2008 2009 

* true_YCS
true_YCS 1 1 0.998443 0.994514 0.989897 0.98454 0.978423 0.971564 0.964004 0.955802 0.947029 0.937755 0.928029 0.917881 0.907328 0.896381 0.885046 0.873325 0.861231 0.848769 0.835941 
year 1989 1990 1991 1992 1993 1994 1995 1996 1997 1998 1999 2000 2001 2002 2003 2004 2005 2006 2007 2008 2009 

* fishing_pressures
pressure 0 0.0757788 0.0802279 0.0849405 0.0898103 0.0947457 0.0996693 0.104516 0.109238 0.113808 0.118223 0.122498 0.126656 0.130725 0.13474 0.138738 0.142787 0.146905 0.151132 0.155511 0.160087 
year 1990 1991 1992 1993 1994 1995 1996 1997 1998 1999 2000 2001 2002 2003 2004 2005 2006 2007 2008 2009 2010 

* Numbers_at_age_R1
1990  1.09621e+006 938810 804011 688567 589699 505027 432513 370411 317225 271677 232668 199260 170650 146147 125162 107191 91800 78619 67330.5 57662.8 49383.3 42292.6 36220 31019.4 26565.5 22751.1 19484.4 16686.7 14290.8 85237.6 
1991  1.09621e+006 938809 804005 688520 589428 503924 429335 363936 307900 262179 224590 192485 165045 141574 121483 104271 89515 76855.3 65987.9 56654.9 48637.1 41747.7 35827.6 30740.7 26370.3 22616.2 19392.5 16625 14249.8 85051.3 
1992  1.0945e+006 938809 804004 688507 589325 503358 427115 357765 295707 244951 207133 177632 152575 131245 113042 97466.4 84103.4 72610.5 62704 54149.5 46752.1 40349.2 34804.6 30002.7 25845.4 22248.1 19138 16451.4 14133.2 84619.7 
1993  1.0902e+006 937347 804003 688502 589294 503185 426374 355338 289776 234198 192568 163028 140137 120781 104348 90335 78329.3 67997.1 59067.8 51322.8 44585.3 38711.8 33584.8 29107.1 25197.3 21786 18813.1 16226.4 13979.5 84127.7 
1994  1.08513e+006 933659 802751 688499 589270 503071 425957 354121 286860 228422 183160 150789 127977 110407 95597.8 83039.8 72320.9 63110.5 55145.1 48216.2 42159.1 36843.9 32167.6 28047.7 24417.1 21219.9 18408.6 15941.7 13782.1 83552.1 
1995  1.07926e+006 929325 799592 687423 589246 502961 425585 353163 284912 225031 177688 142666 117763 100333 86983.3 75749.9 66219.4 58062.8 51020.5 44889.4 39512.2 34767.6 30562.7 26825.6 23500.7 20543.2 17916.7 15589.5 13533.8 82867.6 
1996  1.07256e+006 924295 795880 684714 588305 502852 425216 352242 283174 222412 174104 137667 110843 91868.1 78677.2 68624.8 60166.2 52973.7 46790.1 41415.7 36696.9 32517.4 28790.1 25450.2 22449.9 19753.2 17332 15163.7 13228.6 82047.6 
1997  1.06504e+006 918552 791571 681532 585967 501960 424850 351332 281482 219982 171150 134173 106406 86042.2 71704.2 61803.5 54291.3 47959.5 42553.5 37875.9 33775.5 30138.3 26880 23939.6 21273.8 18851.9 16652.6 14660 12861.3 81064.5 
1998  1.05675e+006 912113 786653 677839 583223 499880 423831 350439 279824 217621 168381 131206 103178 82196.1 66849 56086.2 48704.3 43124.5 38405.3 34352.1 30815.6 27683 24871 22319.8 19987.8 17847.5 15881 14077.1 12428.3 79891 
1999  1.04776e+006 905016 781139 673625 580045 497457 421817 349028 278213 215331 165710 128422 100395 79323.8 63575 52071.3 44030.8 38554.2 34428.5 30920.7 27884.2 25207.3 22807 20623.2 18614.4 16753.4 15023.9 13417 11928.8 78501.3 
2000  1.03814e+006 897315 775060 668899 576420 494667 419526 346820 276226 213121 163139 125756 97790 76827.5 61086.6 49321.2 40728.1 34738.8 30688.8 27647.1 25042.7 22765.9 20734 18886.5 17180.6 15588.4 14092.9 12685.8 11364.6 76872.8 
2001  1.02798e+006 889079 768465 663691 572359 491499 416935 344408 273647 210669 160673 123206 95310.5 74498.5 58914.2 47205 38439 32029.5 27572.6 24582.3 22342.9 20408.2 18696.7 17147.7 15717.2 14375.4 13103.9 11893.3 10740.7 74988.1 
2002  1.01731e+006 880373 761411 658041 567886 487963 414036 341772 270942 207807 158065 120772 92950.6 72292 56893 45352.5 36661.4 30134.3 25351.3 22032.2 19824.2 18175.3 16735.1 15443.4 14255.5 13140 12076.3 11053 10065.7 72836.8 
2003  1.00619e+006 871242 753955 651998 563035 484078 410835 338901 268091 204889 155187 118263 90705.8 70199.9 54985.4 43632.9 35102.4 28652.4 23786.2 20208.9 17731.1 16098.1 14882.1 13806.2 12825.8 11908.3 11031.3 10180.9 9350.72 70417.1 
2004  994620 861714 746135 645611 557848 479873 407347 335799 265083 201894 152301 115581 88428.1 68215 53181.8 42014.5 33657.9 27351 22555.8 18916.7 16230.7 14373.5 13162.1 12262.7 11454.8 10705.5 9990.93 9295.32 8609.66 67737.4 
2005  982621 851807 737975 638912 552367 475383 403589 332460 261893 198785 149366 112902 86031.3 66214.5 51468.1 40483.6 32298.3 26144.6 21472.5 17895.4 15161.7 13134.3 11734.9 10832.3 10164.1 9553.43 8976 8414.43 7857.63 64815.9 
2006  970195 841531 729490 631922 546620 470643 399596 328913 258537 195557 146362 110201 83649.2 64135 49750.9 39028.3 31012.3 25009.6 20468.2 16994.5 14313 12247.3 10707 9645.64 8969.29 8469.98 8004.82 7555.75 7110.14 61681.1 
2007  957346 830889 720689 624653 540624 465676 395396 325182 255035 192234 143305 107481 81277.8 62088.3 47991.2 37582.9 29793.9 23939.1 19525.6 16160.6 13564.2 11541.3 9969.16 8789.97 7978.7 7468.26 7092.39 6734.79 6382.02 58371 
2008  944089 819885 711575 617115 534389 460498 391006 321281 251390 188807 140186 104733 78903.4 60060.1 46265.2 36112.7 28588.6 22925 18636.9 15378.2 12871.2 10917.7 9380.24 8173.92 7263.43 6637.93 6249.46 5964.02 5686.29 54930.1 
2009  930428 808531 702150 609308 527924 455117 386435 317221 247608 185271 136995 101946 76516.4 58037.9 44560.4 34674.2 27369.5 21925 17795.2 14640.7 12221.1 10340.5 8859.46 7681.05 6747.19 6037.68 5550.85 5252.37 5033.42 51407.1 
2010  916366 796832 692427 601235 521229 449539 381697 313021 243715 181648 133739 99121.6 74116.4 56019.7 42871.6 33261.3 26182.3 20920.3 16968.8 13943.5 11609.1 9799.62 8377.72 7245.06 6333.52 5603.68 5045.4 4662.68 4430.94 47852.7 

Output quantities finish here

Unused parameters:
annual_cycle.fishery_areas annual_cycle.n_migrations annual_cycle.recruitment_areas annual_cycle.spawning_all_areas area_names recruitment.p_male recruitment.year_range tag[Tags2005_R1_LL].area tag[Tags2005_R1_LL].sex tag[Tags2006_R1_LL].area tag[Tags2006_R1_LL].sex tag[Tags2007_R1_LL].area tag[Tags2007_R1_LL].sex tag[Tags2008_R1_LL].area tag[Tags2008_R1_LL].sex tag[Tags2009_R1_LL].area tag[Tags2009_R1_LL].sex MCMC.adapt_at MCMC.adaptive_stepsize MCMC.burn_in MCMC.keep MCMC.length MCMC.start MCMC.stepsize estimate[1].lower_bound estimate[1].prior estimate[1].upper_bound profile[1].l profile[1].n profile[1].parameter profile[1].u tag_recapture[Tags2005_R1_R1].area tag_recapture[Tags2006_R1_R1].area tag_recapture[Tags2007_R1_R1].area tag_recapture[Tags2008_R1_R1].area tag_recapture[Tags2009_R1_R1].area n_projections numbers_at[Numbers_at_age_R1].area print.yields 
