CASAL (C++ algorithmic stock assessment laboratory)
Call: casal -e -O C:/Users/STA384/Documents/GitHub/planetfish2_bugs/Output/TOA_bug_18/casalout_mpd.dat -f C:/Users/STA384/Documents/GitHub/planetfish2_bugs/Output/TOA_bug_18/casal_ 
Date: Wed Oct 02 11:36:37 2019
v2.30-2012-03-21 00:22:59 UTC (rev.4648)  (c) Copyright 2002-2012, NIWA
User name: sta384
Machine name: MACKEREL-HF (Microsoft Windows, PID=14920)

Prefix for the input parameter filenames : C:/Users/STA384/Documents/GitHub/planetfish2_bugs/Output/TOA_bug_18/casal_

Random number seed : 80197

Estimation parameters:
Stored as strings: 
  MCMC.adapt_at                 	1e+05 2e+05 3e+05 4e+05
  MCMC.adaptive_stepsize        	True
  MCMC.burn_in                  	500
  MCMC.keep                     	1000
  MCMC.length                   	1500000
  MCMC.start                    	0
  MCMC.stepsize                 	0.01
  ageing_error.c                	0
  ageing_error.type             	normal
  catch_at[LL_catchA].2000      	0 0 0 0.001 0.009 0.039 0.054 0.052 0.157 0.192 0.086 0.077 0.062 0.057 0.02 0.042 0.068 0.01 0.01 0.022 0.019 0.007 0.002 0.003 0.006 0.001 0.001 0 0 0.003
  catch_at[LL_catchA].2001      	0 0 0 0.001 0 0.037 0.149 0.102 0.068 0.16 0.145 0.059 0.055 0.059 0.032 0.01 0.03 0.041 0.01 0.008 0.01 0.012 0 0.002 0 0.004 0.002 0.001 0 0.003
  catch_at[LL_catchA].2002      	0 0 0 0.002 0.007 0.014 0.092 0.209 0.125 0.062 0.116 0.117 0.041 0.056 0.03 0.027 0.007 0.026 0.035 0.005 0.004 0.01 0.005 0.003 0 0 0.002 0 0 0.005
  catch_at[LL_catchA].2003      	0 0 0 0 0.004 0.031 0.036 0.174 0.266 0.109 0.047 0.077 0.074 0.048 0.019 0.038 0.023 0.011 0.014 0.021 0.002 0.002 0.002 0.001 0.001 0 0 0 0 0
  catch_at[LL_catchA].2004      	0 0 0 0 0.004 0.017 0.108 0.061 0.216 0.261 0.075 0.036 0.058 0.053 0.029 0.011 0.017 0.009 0.004 0.015 0.013 0.003 0.002 0.004 0.001 0.001 0 0 0.001 0.001
  catch_at[LL_catchA].2005      	0 0 0 0 0.001 0.01 0.04 0.194 0.066 0.213 0.22 0.062 0.02 0.035 0.048 0.017 0.008 0.016 0.013 0.005 0.007 0.008 0.004 0.002 0.004 0.005 0 0 0 0.002
  catch_at[LL_catchA].2006      	0 0 0 0 0.002 0.011 0.019 0.094 0.274 0.082 0.167 0.172 0.045 0.016 0.036 0.037 0.011 0.002 0.01 0.004 0.005 0.002 0.006 0.001 0.002 0 0 0 0 0.002
  catch_at[LL_catchA].2007      	0 0 0 0 0.001 0.012 0.043 0.056 0.125 0.263 0.073 0.14 0.135 0.052 0.016 0.021 0.021 0.009 0.005 0.007 0.005 0.001 0 0.009 0.001 0 0.001 0.002 0 0.002
  catch_at[LL_catchA].2008      	0 0 0 0 0.003 0.007 0.039 0.105 0.09 0.118 0.241 0.042 0.106 0.113 0.041 0.015 0.026 0.025 0.01 0.001 0.003 0.004 0.001 0.001 0.003 0.002 0 0.002 0.001 0.001
  catch_at[LL_catchA].2009      	0 0 0 0.003 0.005 0.004 0.018 0.076 0.14 0.104 0.092 0.215 0.049 0.102 0.092 0.036 0.007 0.017 0.011 0.01 0.008 0.003 0 0.001 0.001 0.004 0 0 0.001 0.001
  catch_at[LL_catchA].2010      	0 0 0 0 0.004 0.008 0.017 0.03 0.142 0.162 0.067 0.086 0.181 0.031 0.09 0.089 0.02 0.014 0.012 0.02 0.007 0.004 0.005 0.005 0 0.001 0.003 0.001 0 0.001
  catch_at[LL_catchA].N_2000    	100
  catch_at[LL_catchA].N_2001    	100
  catch_at[LL_catchA].N_2002    	100
  catch_at[LL_catchA].N_2003    	100
  catch_at[LL_catchA].N_2004    	100
  catch_at[LL_catchA].N_2005    	100
  catch_at[LL_catchA].N_2006    	100
  catch_at[LL_catchA].N_2007    	100
  catch_at[LL_catchA].N_2008    	100
  catch_at[LL_catchA].N_2009    	100
  catch_at[LL_catchA].N_2010    	100
  catch_at[LL_catchA].at_size   	False
  catch_at[LL_catchA].dist      	multinomial
  catch_at[LL_catchA].fishery   	LL
  catch_at[LL_catchA].max_class 	30
  catch_at[LL_catchA].min_class 	1
  catch_at[LL_catchA].plus_group	True
  catch_at[LL_catchA].r         	1e-11
  catch_at[LL_catchA].sexed     	False
  catch_at[LL_catchA].sum_to_one	True
  catch_at[LL_catchA].years     	2000 2001 2002 2003 2004 2005 2006 2007 2008 2009 2010
  catch_limit_penalty[1].fishery	LL
  catch_limit_penalty[1].label  	LL_Penalty
  catch_limit_penalty[1].log_scale	True
  catch_limit_penalty[1].multiplier	1000
  estimate[1].lower_bound       	5000
  estimate[1].parameter         	initialization.B0
  estimate[1].prior             	uniform
  estimate[1].upper_bound       	5e+05
  estimator                     	Bayes
  fish_tagged_penalty[1].label  	Penalty_Tags2005_R1_LL
  fish_tagged_penalty[1].multiplier	1
  fish_tagged_penalty[1].tagging_episode	Tags2005_R1_LL
  fish_tagged_penalty[2].label  	Penalty_Tags2006_R1_LL
  fish_tagged_penalty[2].multiplier	1
  fish_tagged_penalty[2].tagging_episode	Tags2006_R1_LL
  fish_tagged_penalty[3].label  	Penalty_Tags2007_R1_LL
  fish_tagged_penalty[3].multiplier	1
  fish_tagged_penalty[3].tagging_episode	Tags2007_R1_LL
  fish_tagged_penalty[4].label  	Penalty_Tags2008_R1_LL
  fish_tagged_penalty[4].multiplier	1
  fish_tagged_penalty[4].tagging_episode	Tags2008_R1_LL
  fish_tagged_penalty[5].label  	Penalty_Tags2009_R1_LL
  fish_tagged_penalty[5].multiplier	1
  fish_tagged_penalty[5].tagging_episode	Tags2009_R1_LL
  grad_tol                      	0.001
  max_evals                     	10000
  max_iters                     	1600
  profile[1].l                  	40000
  profile[1].n                  	11
  profile[1].parameter          	initialization.B0
  profile[1].u                  	130000
  q_method                      	nuisance
  tag_recapture[Tags2005_R1_R1].area	R1
  tag_recapture[Tags2005_R1_R1].detection_probability	1
  tag_recapture[Tags2005_R1_R1].dispersion	1
  tag_recapture[Tags2005_R1_R1].do_bootstrap	True
  tag_recapture[Tags2005_R1_R1].proportion_mortality	0.5
  tag_recapture[Tags2005_R1_R1].r	1e-11
  tag_recapture[Tags2005_R1_R1].recaptured_2006	0 0 0 0 0 0 0 0 8 4 8 14 2 1 3 1 1 0 0 0 0 0 0 0 0 0 0 0 0 0
  tag_recapture[Tags2005_R1_R1].recaptured_2007	0 0 0 0 0 0 0 0 3 12 6 9 14 2 1 0 0 0 0 1 0 0 0 0 0 0 0 0 0 0
  tag_recapture[Tags2005_R1_R1].recaptured_2008	0 0 0 0 0 0 0 0 1 2 9 4 3 4 0 0 0 1 0 0 0 0 0 0 0 0 0 0 0 0
  tag_recapture[Tags2005_R1_R1].recaptured_2009	0 0 0 0 0 0 0 0 0 0 0 7 2 4 2 2 1 1 1 0 1 1 0 0 0 0 0 0 0 0
  tag_recapture[Tags2005_R1_R1].recaptured_2010	0 0 0 0 0 0 0 0 0 0 1 1 9 1 4 2 1 1 3 0 0 0 0 0 0 0 0 0 0 0
  tag_recapture[Tags2005_R1_R1].sample	age
  tag_recapture[Tags2005_R1_R1].scanned_2006	0 6 36 216 3122 16038 29430 79382 291858 78432 177504 169372 59292 20904 34576 32562 13706 9584 11126 7156 1900 4874 7116 1260 988 1176 1148 252 144 1366
  tag_recapture[Tags2005_R1_R1].scanned_2007	0 6 56 284 1212 12418 45036 58204 110140 283686 63384 141502 133236 46042 16028 26186 24362 10132 7000 8032 5104 1340 3394 4894 856 664 778 750 162 1232
  tag_recapture[Tags2005_R1_R1].scanned_2008	0 6 62 462 1644 4954 35856 91600 83068 110144 235902 51992 114534 106454 36324 12490 20158 18528 7614 5198 5892 3700 960 2400 3420 590 452 524 498 1164
  tag_recapture[Tags2005_R1_R1].scanned_2009	0 4 64 504 2700 6782 14432 73564 131866 83790 92382 195172 42446 92302 84710 28548 9696 15462 14044 5702 3846 4308 2672 684 1692 2380 406 306 350 1336
  tag_recapture[Tags2005_R1_R1].scanned_2010	0 8 40 532 2996 11326 20090 30112 107696 135250 71456 77714 162012 34782 74682 67696 22538 7564 11918 10696 4292 2860 3164 1940 490 1196 1662 280 208 1412
  tag_recapture[Tags2005_R1_R1].step	1
  tag_recapture[Tags2005_R1_R1].tag_name	Tags2005_R1
  tag_recapture[Tags2005_R1_R1].years	2006 2007 2008 2009 2010
  tag_recapture[Tags2006_R1_R1].area	R1
  tag_recapture[Tags2006_R1_R1].detection_probability	1
  tag_recapture[Tags2006_R1_R1].dispersion	1
  tag_recapture[Tags2006_R1_R1].do_bootstrap	True
  tag_recapture[Tags2006_R1_R1].proportion_mortality	0.5
  tag_recapture[Tags2006_R1_R1].r	1e-11
  tag_recapture[Tags2006_R1_R1].recaptured_2007	0 0 0 0 0 0 0 1 6 8 3 5 4 2 2 3 1 2 0 0 0 0 0 0 0 0 0 0 0 0
  tag_recapture[Tags2006_R1_R1].recaptured_2008	0 0 0 0 0 0 0 0 2 5 11 4 10 9 4 1 2 2 0 0 0 2 0 0 0 0 0 0 0 0
  tag_recapture[Tags2006_R1_R1].recaptured_2009	0 0 0 0 0 0 0 0 1 2 1 17 3 3 5 0 0 0 1 1 1 0 0 0 0 0 0 0 0 0
  tag_recapture[Tags2006_R1_R1].recaptured_2010	0 0 0 0 0 0 0 0 0 0 0 1 1 1 6 4 0 0 1 2 0 0 0 0 0 0 0 0 0 0
  tag_recapture[Tags2006_R1_R1].sample	age
  tag_recapture[Tags2006_R1_R1].scanned_2007	0 6 56 284 1212 12418 45036 58204 110140 283686 63384 141502 133236 46042 16028 26186 24362 10132 7000 8032 5104 1340 3394 4894 856 664 778 750 162 1232
  tag_recapture[Tags2006_R1_R1].scanned_2008	0 6 62 462 1644 4954 35856 91600 83068 110144 235902 51992 114534 106454 36324 12490 20158 18528 7614 5198 5892 3700 960 2400 3420 590 452 524 498 1164
  tag_recapture[Tags2006_R1_R1].scanned_2009	0 4 64 504 2700 6782 14432 73564 131866 83790 92382 195172 42446 92302 84710 28548 9696 15462 14044 5702 3846 4308 2672 684 1692 2380 406 306 350 1336
  tag_recapture[Tags2006_R1_R1].scanned_2010	0 8 40 532 2996 11326 20090 30112 107696 135250 71456 77714 162012 34782 74682 67696 22538 7564 11918 10696 4292 2860 3164 1940 490 1196 1662 280 208 1412
  tag_recapture[Tags2006_R1_R1].step	1
  tag_recapture[Tags2006_R1_R1].tag_name	Tags2006_R1
  tag_recapture[Tags2006_R1_R1].years	2007 2008 2009 2010
  tag_recapture[Tags2007_R1_R1].area	R1
  tag_recapture[Tags2007_R1_R1].detection_probability	1
  tag_recapture[Tags2007_R1_R1].dispersion	1
  tag_recapture[Tags2007_R1_R1].do_bootstrap	True
  tag_recapture[Tags2007_R1_R1].proportion_mortality	0.5
  tag_recapture[Tags2007_R1_R1].r	1e-11
  tag_recapture[Tags2007_R1_R1].recaptured_2008	0 0 0 0 0 0 0 1 6 5 13 4 4 4 1 0 1 1 1 1 0 0 0 0 1 0 0 0 0 0
  tag_recapture[Tags2007_R1_R1].recaptured_2009	0 0 0 0 0 0 0 0 2 2 2 16 2 7 3 2 0 1 2 0 0 0 0 0 0 0 0 0 0 0
  tag_recapture[Tags2007_R1_R1].recaptured_2010	0 0 0 0 0 0 0 0 1 0 2 10 13 4 6 5 1 1 0 1 0 0 0 0 0 0 0 0 0 0
  tag_recapture[Tags2007_R1_R1].sample	age
  tag_recapture[Tags2007_R1_R1].scanned_2008	0 6 62 462 1644 4954 35856 91600 83068 110144 235902 51992 114534 106454 36324 12490 20158 18528 7614 5198 5892 3700 960 2400 3420 590 452 524 498 1164
  tag_recapture[Tags2007_R1_R1].scanned_2009	0 4 64 504 2700 6782 14432 73564 131866 83790 92382 195172 42446 92302 84710 28548 9696 15462 14044 5702 3846 4308 2672 684 1692 2380 406 306 350 1336
  tag_recapture[Tags2007_R1_R1].scanned_2010	0 8 40 532 2996 11326 20090 30112 107696 135250 71456 77714 162012 34782 74682 67696 22538 7564 11918 10696 4292 2860 3164 1940 490 1196 1662 280 208 1412
  tag_recapture[Tags2007_R1_R1].step	1
  tag_recapture[Tags2007_R1_R1].tag_name	Tags2007_R1
  tag_recapture[Tags2007_R1_R1].years	2008 2009 2010
  tag_recapture[Tags2008_R1_R1].area	R1
  tag_recapture[Tags2008_R1_R1].detection_probability	1
  tag_recapture[Tags2008_R1_R1].dispersion	1
  tag_recapture[Tags2008_R1_R1].do_bootstrap	True
  tag_recapture[Tags2008_R1_R1].proportion_mortality	0.5
  tag_recapture[Tags2008_R1_R1].r	1e-11
  tag_recapture[Tags2008_R1_R1].recaptured_2009	0 0 0 0 0 0 0 0 3 8 4 15 2 1 5 3 0 0 1 0 0 0 0 0 0 0 0 0 0 0
  tag_recapture[Tags2008_R1_R1].recaptured_2010	0 0 0 0 0 0 0 0 1 7 4 7 9 3 1 3 0 0 0 0 0 0 0 0 0 0 0 0 0 0
  tag_recapture[Tags2008_R1_R1].sample	age
  tag_recapture[Tags2008_R1_R1].scanned_2009	0 4 64 504 2700 6782 14432 73564 131866 83790 92382 195172 42446 92302 84710 28548 9696 15462 14044 5702 3846 4308 2672 684 1692 2380 406 306 350 1336
  tag_recapture[Tags2008_R1_R1].scanned_2010	0 8 40 532 2996 11326 20090 30112 107696 135250 71456 77714 162012 34782 74682 67696 22538 7564 11918 10696 4292 2860 3164 1940 490 1196 1662 280 208 1412
  tag_recapture[Tags2008_R1_R1].step	1
  tag_recapture[Tags2008_R1_R1].tag_name	Tags2008_R1
  tag_recapture[Tags2008_R1_R1].years	2009 2010
  tag_recapture[Tags2009_R1_R1].area	R1
  tag_recapture[Tags2009_R1_R1].detection_probability	1
  tag_recapture[Tags2009_R1_R1].dispersion	1
  tag_recapture[Tags2009_R1_R1].do_bootstrap	True
  tag_recapture[Tags2009_R1_R1].proportion_mortality	0.5
  tag_recapture[Tags2009_R1_R1].r	1e-11
  tag_recapture[Tags2009_R1_R1].recaptured_2010	0 0 0 0 0 0 0 1 2 8 4 3 9 1 4 2 2 0 0 0 0 0 0 0 0 0 0 0 0 0
  tag_recapture[Tags2009_R1_R1].sample	age
  tag_recapture[Tags2009_R1_R1].scanned_2010	0 8 40 532 2996 11326 20090 30112 107696 135250 71456 77714 162012 34782 74682 67696 22538 7564 11918 10696 4292 2860 3164 1940 490 1196 1662 280 208 1412
  tag_recapture[Tags2009_R1_R1].step	1
  tag_recapture[Tags2009_R1_R1].tag_name	Tags2009_R1
  tag_recapture[Tags2009_R1_R1].years	2010
  vector_average_penalty[1].k   	1
  vector_average_penalty[1].label	meanYCS_1
  vector_average_penalty[1].multiplier	100
  vector_average_penalty[1].vector	recruitment.YCS
Stored as DOUBLEs: 
Stored as VECTORs: 
Stored as OGIVEs: 

Population parameters:
Stored as strings: 
  annual_cycle.M_props          	1
  annual_cycle.aging_time       	1
  annual_cycle.baranov          	False
  annual_cycle.fishery_areas    	R1
  annual_cycle.fishery_names    	LL
  annual_cycle.fishery_times    	1
  annual_cycle.growth_props     	0
  annual_cycle.migrate_from     	R1
  annual_cycle.migrate_to       	R2
  annual_cycle.migration_names  	MoveRec_1_2
  annual_cycle.migration_times  	1
  annual_cycle.n_migrations     	0
  annual_cycle.recruitment_areas	R1
  annual_cycle.recruitment_time 	1
  annual_cycle.spawning_all_areas	1
  annual_cycle.spawning_p       	1
  annual_cycle.spawning_part_mort	0.5
  annual_cycle.spawning_time    	1
  annual_cycle.spawning_use_total_B	False
  annual_cycle.time_steps       	1
  area_names                    	R1
  current                       	2010
  final                         	2045
  first_random_year             	2007
  fishery[LL].U_max             	0.95
  fishery[LL].catches           	0 6000 6000 6000 6000 6000 6000 6000 6000 6000 6000 6000 6000 6000 6000 6000 6000 6000 6000 6000 6000
  fishery[LL].future_constant_catches	200
  fishery[LL].selectivity       	SelLL
  fishery[LL].years             	1990 1991 1992 1993 1994 1995 1996 1997 1998 1999 2000 2001 2002 2003 2004 2005 2006 2007 2008 2009 2010
  initial                       	1990
  initialization.B0             	102577
  mature_partition              	False
  maturity_props.all            	allvalues  0 0 0 0 0 0 0 0 0 0 0 0.1667 0.3333 0.5 0.6667 0.8333 1 1 1 1 1 1 1 1 1 1 1 1 1 1
  max_age                       	30
  min_age                       	1
  n_areas                       	1
  n_stocks                      	1
  n_tags                        	5
  natural_mortality.all         	0.155
  plus_group                    	True
  randomisation_method          	lognormal
  recruitment.SR                	BH
  recruitment.YCS               	1 1 1 1 1 1 1 1 1 1 1 1 1 1 1 1 1 1 1 1 1
  recruitment.YCS_years         	1989 1990 1991 1992 1993 1994 1995 1996 1997 1998 1999 2000 2001 2002 2003 2004 2005 2006 2007 2008 2009
  recruitment.first_free        	1989
  recruitment.last_free         	2006
  recruitment.p_male            	0.5
  recruitment.rho               	0
  recruitment.sigma_r           	0.6
  recruitment.steepness         	0.7
  recruitment.year_range        	1989 2006
  selectivity[SelLL].all        	double_normal 10 2 10
  selectivity_names             	SelLL
  sex_partition                 	False
  size_at_age.Linf              	2870.8
  size_at_age.by_length         	True
  size_at_age.cv                	0.19
  size_at_age.k                 	0.02056
  size_at_age.t0                	-4.2897
  size_at_age_dist              	normal
  size_at_age_type              	von_Bert
  size_based                    	False
  size_weight.a                 	2.59e-12
  size_weight.b                 	3.2064
  size_weight.verify_size_weight	500 0.5 1.5
  standardise_YCS               	True
  tag[Tags2005_R1_LL].area      	R1
  tag[Tags2005_R1_LL].class_mins	1 2 3 4 5 6 7 8 9 10 11 12 13 14 15 16 17 18 19 20 21 22 23 24 25 26 27 28 29 30
  tag[Tags2005_R1_LL].mature_only	False
  tag[Tags2005_R1_LL].mortality 	0.1
  tag[Tags2005_R1_LL].number    	2500
  tag[Tags2005_R1_LL].ogive     	SelLL
  tag[Tags2005_R1_LL].props_all 	0 0 0 4e-04 0.0044 0.012 0.034 0.1936 0.0828 0.1964 0.21 0.0676 0.0276 0.0516 0.0388 0.0172 0.0096 0.0184 0.01 0.002 0.0088 0.008 8e-04 4e-04 0.002 0.0016 4e-04 0 0 0.0016
  tag[Tags2005_R1_LL].release_type	deterministic
  tag[Tags2005_R1_LL].sex       	both
  tag[Tags2005_R1_LL].step      	1
  tag[Tags2005_R1_LL].tag_name  	Tags2005_R1
  tag[Tags2005_R1_LL].year      	2005
  tag[Tags2006_R1_LL].area      	R1
  tag[Tags2006_R1_LL].class_mins	1 2 3 4 5 6 7 8 9 10 11 12 13 14 15 16 17 18 19 20 21 22 23 24 25 26 27 28 29 30
  tag[Tags2006_R1_LL].mature_only	False
  tag[Tags2006_R1_LL].mortality 	0.1
  tag[Tags2006_R1_LL].number    	2500
  tag[Tags2006_R1_LL].ogive     	SelLL
  tag[Tags2006_R1_LL].props_all 	0 0 0 0 0.0028 0.0152 0.0224 0.0768 0.2848 0.0728 0.1716 0.1596 0.0596 0.0208 0.0264 0.0336 0.0112 0.0048 0.0112 0.004 0.0016 0.0056 0.01 0.0012 4e-04 8e-04 8e-04 4e-04 4e-04 0.0012
  tag[Tags2006_R1_LL].release_type	deterministic
  tag[Tags2006_R1_LL].sex       	both
  tag[Tags2006_R1_LL].step      	1
  tag[Tags2006_R1_LL].tag_name  	Tags2006_R1
  tag[Tags2006_R1_LL].year      	2006
  tag[Tags2007_R1_LL].area      	R1
  tag[Tags2007_R1_LL].class_mins	1 2 3 4 5 6 7 8 9 10 11 12 13 14 15 16 17 18 19 20 21 22 23 24 25 26 27 28 29 30
  tag[Tags2007_R1_LL].mature_only	False
  tag[Tags2007_R1_LL].mortality 	0.1
  tag[Tags2007_R1_LL].number    	2500
  tag[Tags2007_R1_LL].ogive     	SelLL
  tag[Tags2007_R1_LL].props_all 	0 0 0 0.0012 8e-04 0.014 0.046 0.0536 0.1168 0.278 0.0652 0.1368 0.1344 0.0384 0.0156 0.0236 0.026 0.014 0.0076 0.0108 0.0056 4e-04 0.002 0.0056 0.0012 8e-04 0 0 0 0.0016
  tag[Tags2007_R1_LL].release_type	deterministic
  tag[Tags2007_R1_LL].sex       	both
  tag[Tags2007_R1_LL].step      	1
  tag[Tags2007_R1_LL].tag_name  	Tags2007_R1
  tag[Tags2007_R1_LL].year      	2007
  tag[Tags2008_R1_LL].area      	R1
  tag[Tags2008_R1_LL].class_mins	1 2 3 4 5 6 7 8 9 10 11 12 13 14 15 16 17 18 19 20 21 22 23 24 25 26 27 28 29 30
  tag[Tags2008_R1_LL].mature_only	False
  tag[Tags2008_R1_LL].mortality 	0.1
  tag[Tags2008_R1_LL].number    	2500
  tag[Tags2008_R1_LL].ogive     	SelLL
  tag[Tags2008_R1_LL].props_all 	0 0 0 4e-04 8e-04 0.0044 0.0392 0.0896 0.0856 0.1208 0.2584 0.0512 0.1096 0.1124 0.0412 0.0112 0.0224 0.0176 0.0076 0.0044 0.0056 0.0056 0.0012 0.0016 0.0032 8e-04 0.0016 0.0012 0 0.0024
  tag[Tags2008_R1_LL].release_type	deterministic
  tag[Tags2008_R1_LL].sex       	both
  tag[Tags2008_R1_LL].step      	1
  tag[Tags2008_R1_LL].tag_name  	Tags2008_R1
  tag[Tags2008_R1_LL].year      	2008
  tag[Tags2009_R1_LL].area      	R1
  tag[Tags2009_R1_LL].class_mins	1 2 3 4 5 6 7 8 9 10 11 12 13 14 15 16 17 18 19 20 21 22 23 24 25 26 27 28 29 30
  tag[Tags2009_R1_LL].mature_only	False
  tag[Tags2009_R1_LL].mortality 	0.1
  tag[Tags2009_R1_LL].number    	2500
  tag[Tags2009_R1_LL].ogive     	SelLL
  tag[Tags2009_R1_LL].props_all 	0 0 0 8e-04 0.0028 0.0084 0.0224 0.0776 0.1452 0.094 0.1012 0.2132 0.046 0.1008 0.0852 0.0344 0.0092 0.0176 0.0172 0.0052 0.0028 0.0036 0.0036 4e-04 0.002 0.0044 0.0012 4e-04 0 4e-04
  tag[Tags2009_R1_LL].release_type	deterministic
  tag[Tags2009_R1_LL].sex       	both
  tag[Tags2009_R1_LL].step      	1
  tag[Tags2009_R1_LL].tag_name  	Tags2009_R1
  tag[Tags2009_R1_LL].year      	2009
  tag_growth_loss[Tags2005_R1].nogrowth_period	0
  tag_growth_loss[Tags2006_R1].nogrowth_period	0
  tag_growth_loss[Tags2007_R1].nogrowth_period	0
  tag_growth_loss[Tags2008_R1].nogrowth_period	0
  tag_growth_loss[Tags2009_R1].nogrowth_period	0
  tag_loss_props                	1
  tag_names                     	Tags2005_R1 Tags2006_R1 Tags2007_R1 Tags2008_R1 Tags2009_R1
  tag_shedding_rate             	0.0084 0.0084 0.0084 0.0084 0.0084
  y_enter                       	1
Stored as DOUBLEs: 
Stored as VECTORs: 
Stored as OGIVEs: 

Output parameters:
Stored as strings: 
  n_projections                 	100
  numbers_at[Numbers_at_age_R1].area	R1
  numbers_at[Numbers_at_age_R1].proportion_mortality	0.5
  numbers_at[Numbers_at_age_R1].step	1
  numbers_at[Numbers_at_age_R1].years	1990 1991 1992 1993 1994 1995 1996 1997 1998 1999 2000 2001 2002 2003 2004 2005 2006 2007 2008 2009 2010
  print.covariance              	true
  print.estimation_section      	true
  print.final_state             	false
  print.fits                    	true
  print.fits_every_eval         	false
  print.initial_state           	false
  print.normalised_resids       	true
  print.objective_every_eval    	false
  print.parameter_vector_every_eval	false
  print.parameters              	true
  print.parameters_every_eval   	false
  print.pearson_resids          	true
  print.requests                	false
  print.resids                  	true
  print.results                 	false
  print.state_annually          	false
  print.state_every_step        	false
  print.unused_parameters       	true
  print.yields                  	true
  quantities.B0                 	true
  quantities.R0                 	true
  quantities.SSBs               	true
  quantities.YCS                	true
  quantities.actual_catches     	false
  quantities.all_free_parameters	true
  quantities.fishing_pressures  	true
  quantities.nuisance_qs        	true
  quantities.recruitments       	true
  quantities.true_YCS           	true
Stored as DOUBLEs: 
Stored as VECTORs: 
Stored as OGIVEs: 

A fish of size 500 cm has a weight of 1.16755 kg in your model. This size-weight scale check assumes that the growth curve is in centimetres, and that the catch is in tonnes.

A fish of size 500 cm has a weight of 1.16755 kg in your model. This size-weight scale check assumes that the growth curve is in centimetres, and that the catch is in tonnes.

Estimation section :

Objective function: Bayes

Minimiser convergence threshold: 0.001


Observations:

The observations are:
LL_catchA
Tags2005_R1_R1
Tags2006_R1_R1
Tags2007_R1_R1
Tags2008_R1_R1
Tags2009_R1_R1
Fits follow:

LL_catchA :
catch proportions-at-age for fishery LL  with ageing error (constrained to sum to 1):
obs (last class is a plus group):
class 1       2       3       4       5       6       7       8       9       10      11      12      13      14      15      16      17      18      19      20      21      22      23      24      25      26      27      28      29      30      
2000 0       0       0       0.001   0.009   0.039   0.054   0.052   0.157   0.192   0.086   0.077   0.062   0.057   0.02    0.042   0.068   0.01    0.01    0.022   0.019   0.007   0.002   0.003   0.006   0.001   0.001   0       0       0.003   
2001 0       0       0       0.001   0       0.037   0.149   0.102   0.068   0.16    0.145   0.059   0.055   0.059   0.032   0.01    0.03    0.041   0.01    0.008   0.01    0.012   0       0.002   0       0.004   0.002   0.001   0       0.003   
2002 0       0       0       0.002   0.007   0.014   0.092   0.209   0.125   0.062   0.116   0.117   0.041   0.056   0.03    0.027   0.007   0.026   0.035   0.005   0.004   0.01    0.005   0.003   0       0       0.002   0       0       0.005   
2003 0       0       0       0       0.004   0.031   0.036   0.174   0.266   0.109   0.047   0.077   0.074   0.048   0.019   0.038   0.023   0.011   0.014   0.021   0.002   0.002   0.002   0.001   0.001   0       0       0       0       0       
2004 0       0       0       0       0.004   0.017   0.108   0.061   0.216   0.261   0.075   0.036   0.058   0.053   0.029   0.011   0.017   0.009   0.004   0.015   0.013   0.003   0.002   0.004   0.001   0.001   0       0       0.001   0.001   
2005 0       0       0       0       0.001   0.01    0.04    0.194   0.066   0.213   0.22    0.062   0.02    0.035   0.048   0.017   0.008   0.016   0.013   0.005   0.007   0.008   0.004   0.002   0.004   0.005   0       0       0       0.002   
2006 0       0       0       0       0.002   0.011   0.019   0.094   0.274   0.082   0.167   0.172   0.045   0.016   0.036   0.037   0.011   0.002   0.01    0.004   0.005   0.002   0.006   0.001   0.002   0       0       0       0       0.002   
2007 0       0       0       0       0.001   0.012   0.043   0.056   0.125   0.263   0.073   0.14    0.135   0.052   0.016   0.021   0.021   0.009   0.005   0.007   0.005   0.001   0       0.009   0.001   0       0.001   0.002   0       0.002   
2008 0       0       0       0       0.003   0.007   0.039   0.105   0.09    0.118   0.241   0.042   0.106   0.113   0.041   0.015   0.026   0.025   0.01    0.001   0.003   0.004   0.001   0.001   0.003   0.002   0       0.002   0.001   0.001   
2009 0       0       0       0.003   0.005   0.004   0.018   0.076   0.14    0.104   0.092   0.215   0.049   0.102   0.092   0.036   0.007   0.017   0.011   0.01    0.008   0.003   0       0.001   0.001   0.004   0       0       0.001   0.001   
2010 0       0       0       0       0.004   0.008   0.017   0.03    0.142   0.162   0.067   0.086   0.181   0.031   0.09    0.089   0.02    0.014   0.012   0.02    0.007   0.004   0.005   0.005   0       0.001   0.003   0.001   0       0.001   
objective function: multinomial likelihood, with delta = 1e-011, N =
100 100 100 100 100 100 100 100 100 100 100 100 100 100 100 100 100 100 100 100 100 100 100 100 100 100 100 100 100 100 
100 100 100 100 100 100 100 100 100 100 100 100 100 100 100 100 100 100 100 100 100 100 100 100 100 100 100 100 100 100 
100 100 100 100 100 100 100 100 100 100 100 100 100 100 100 100 100 100 100 100 100 100 100 100 100 100 100 100 100 100 
100 100 100 100 100 100 100 100 100 100 100 100 100 100 100 100 100 100 100 100 100 100 100 100 100 100 100 100 100 100 
100 100 100 100 100 100 100 100 100 100 100 100 100 100 100 100 100 100 100 100 100 100 100 100 100 100 100 100 100 100 
100 100 100 100 100 100 100 100 100 100 100 100 100 100 100 100 100 100 100 100 100 100 100 100 100 100 100 100 100 100 
100 100 100 100 100 100 100 100 100 100 100 100 100 100 100 100 100 100 100 100 100 100 100 100 100 100 100 100 100 100 
100 100 100 100 100 100 100 100 100 100 100 100 100 100 100 100 100 100 100 100 100 100 100 100 100 100 100 100 100 100 
100 100 100 100 100 100 100 100 100 100 100 100 100 100 100 100 100 100 100 100 100 100 100 100 100 100 100 100 100 100 
100 100 100 100 100 100 100 100 100 100 100 100 100 100 100 100 100 100 100 100 100 100 100 100 100 100 100 100 100 100 
100 100 100 100 100 100 100 100 100 100 100 100 100 100 100 100 100 100 100 100 100 100 100 100 100 100 100 100 100 100 

Tags2005_R1_R1 :
tag-recapture data for tag Tags2005_R1 in years 2006 2007 2008 2009 2010 , step 1, after proportion 0.5 of mortality, with sampling method age, detection probability 1, using ageing error.
Year 2006
class scanned recaptured
1 0 0
2 6 0
3 36 0
4 216 0
5 3122 0
6 16038 0
7 29430 0
8 79382 0
9 291858 8
10 78432 4
11 177504 8
12 169372 14
13 59292 2
14 20904 1
15 34576 3
16 32562 1
17 13706 1
18 9584 0
19 11126 0
20 7156 0
21 1900 0
22 4874 0
23 7116 0
24 1260 0
25 988 0
26 1176 0
27 1148 0
28 252 0
29 144 0
30 1366 0


Year 2007
class scanned recaptured
1 0 0
2 6 0
3 56 0
4 284 0
5 1212 0
6 12418 0
7 45036 0
8 58204 0
9 110140 3
10 283686 12
11 63384 6
12 141502 9
13 133236 14
14 46042 2
15 16028 1
16 26186 0
17 24362 0
18 10132 0
19 7000 0
20 8032 1
21 5104 0
22 1340 0
23 3394 0
24 4894 0
25 856 0
26 664 0
27 778 0
28 750 0
29 162 0
30 1232 0


Year 2008
class scanned recaptured
1 0 0
2 6 0
3 62 0
4 462 0
5 1644 0
6 4954 0
7 35856 0
8 91600 0
9 83068 1
10 110144 2
11 235902 9
12 51992 4
13 114534 3
14 106454 4
15 36324 0
16 12490 0
17 20158 0
18 18528 1
19 7614 0
20 5198 0
21 5892 0
22 3700 0
23 960 0
24 2400 0
25 3420 0
26 590 0
27 452 0
28 524 0
29 498 0
30 1164 0


Year 2009
class scanned recaptured
1 0 0
2 4 0
3 64 0
4 504 0
5 2700 0
6 6782 0
7 14432 0
8 73564 0
9 131866 0
10 83790 0
11 92382 0
12 195172 7
13 42446 2
14 92302 4
15 84710 2
16 28548 2
17 9696 1
18 15462 1
19 14044 1
20 5702 0
21 3846 1
22 4308 1
23 2672 0
24 684 0
25 1692 0
26 2380 0
27 406 0
28 306 0
29 350 0
30 1336 0


Year 2010
class scanned recaptured
1 0 0
2 8 0
3 40 0
4 532 0
5 2996 0
6 11326 0
7 20090 0
8 30112 0
9 107696 0
10 135250 0
11 71456 1
12 77714 1
13 162012 9
14 34782 1
15 74682 4
16 67696 2
17 22538 1
18 7564 1
19 11918 3
20 10696 0
21 4292 0
22 2860 0
23 3164 0
24 1940 0
25 490 0
26 1196 0
27 1662 0
28 280 0
29 208 0
30 1412 0


Tags2006_R1_R1 :
tag-recapture data for tag Tags2006_R1 in years 2007 2008 2009 2010 , step 1, after proportion 0.5 of mortality, with sampling method age, detection probability 1, using ageing error.
Year 2007
class scanned recaptured
1 0 0
2 6 0
3 56 0
4 284 0
5 1212 0
6 12418 0
7 45036 0
8 58204 1
9 110140 6
10 283686 8
11 63384 3
12 141502 5
13 133236 4
14 46042 2
15 16028 2
16 26186 3
17 24362 1
18 10132 2
19 7000 0
20 8032 0
21 5104 0
22 1340 0
23 3394 0
24 4894 0
25 856 0
26 664 0
27 778 0
28 750 0
29 162 0
30 1232 0


Year 2008
class scanned recaptured
1 0 0
2 6 0
3 62 0
4 462 0
5 1644 0
6 4954 0
7 35856 0
8 91600 0
9 83068 2
10 110144 5
11 235902 11
12 51992 4
13 114534 10
14 106454 9
15 36324 4
16 12490 1
17 20158 2
18 18528 2
19 7614 0
20 5198 0
21 5892 0
22 3700 2
23 960 0
24 2400 0
25 3420 0
26 590 0
27 452 0
28 524 0
29 498 0
30 1164 0


Year 2009
class scanned recaptured
1 0 0
2 4 0
3 64 0
4 504 0
5 2700 0
6 6782 0
7 14432 0
8 73564 0
9 131866 1
10 83790 2
11 92382 1
12 195172 17
13 42446 3
14 92302 3
15 84710 5
16 28548 0
17 9696 0
18 15462 0
19 14044 1
20 5702 1
21 3846 1
22 4308 0
23 2672 0
24 684 0
25 1692 0
26 2380 0
27 406 0
28 306 0
29 350 0
30 1336 0


Year 2010
class scanned recaptured
1 0 0
2 8 0
3 40 0
4 532 0
5 2996 0
6 11326 0
7 20090 0
8 30112 0
9 107696 0
10 135250 0
11 71456 0
12 77714 1
13 162012 1
14 34782 1
15 74682 6
16 67696 4
17 22538 0
18 7564 0
19 11918 1
20 10696 2
21 4292 0
22 2860 0
23 3164 0
24 1940 0
25 490 0
26 1196 0
27 1662 0
28 280 0
29 208 0
30 1412 0


Tags2007_R1_R1 :
tag-recapture data for tag Tags2007_R1 in years 2008 2009 2010 , step 1, after proportion 0.5 of mortality, with sampling method age, detection probability 1, using ageing error.
Year 2008
class scanned recaptured
1 0 0
2 6 0
3 62 0
4 462 0
5 1644 0
6 4954 0
7 35856 0
8 91600 1
9 83068 6
10 110144 5
11 235902 13
12 51992 4
13 114534 4
14 106454 4
15 36324 1
16 12490 0
17 20158 1
18 18528 1
19 7614 1
20 5198 1
21 5892 0
22 3700 0
23 960 0
24 2400 0
25 3420 1
26 590 0
27 452 0
28 524 0
29 498 0
30 1164 0


Year 2009
class scanned recaptured
1 0 0
2 4 0
3 64 0
4 504 0
5 2700 0
6 6782 0
7 14432 0
8 73564 0
9 131866 2
10 83790 2
11 92382 2
12 195172 16
13 42446 2
14 92302 7
15 84710 3
16 28548 2
17 9696 0
18 15462 1
19 14044 2
20 5702 0
21 3846 0
22 4308 0
23 2672 0
24 684 0
25 1692 0
26 2380 0
27 406 0
28 306 0
29 350 0
30 1336 0


Year 2010
class scanned recaptured
1 0 0
2 8 0
3 40 0
4 532 0
5 2996 0
6 11326 0
7 20090 0
8 30112 0
9 107696 1
10 135250 0
11 71456 2
12 77714 10
13 162012 13
14 34782 4
15 74682 6
16 67696 5
17 22538 1
18 7564 1
19 11918 0
20 10696 1
21 4292 0
22 2860 0
23 3164 0
24 1940 0
25 490 0
26 1196 0
27 1662 0
28 280 0
29 208 0
30 1412 0


Tags2008_R1_R1 :
tag-recapture data for tag Tags2008_R1 in years 2009 2010 , step 1, after proportion 0.5 of mortality, with sampling method age, detection probability 1, using ageing error.
Year 2009
class scanned recaptured
1 0 0
2 4 0
3 64 0
4 504 0
5 2700 0
6 6782 0
7 14432 0
8 73564 0
9 131866 3
10 83790 8
11 92382 4
12 195172 15
13 42446 2
14 92302 1
15 84710 5
16 28548 3
17 9696 0
18 15462 0
19 14044 1
20 5702 0
21 3846 0
22 4308 0
23 2672 0
24 684 0
25 1692 0
26 2380 0
27 406 0
28 306 0
29 350 0
30 1336 0


Year 2010
class scanned recaptured
1 0 0
2 8 0
3 40 0
4 532 0
5 2996 0
6 11326 0
7 20090 0
8 30112 0
9 107696 1
10 135250 7
11 71456 4
12 77714 7
13 162012 9
14 34782 3
15 74682 1
16 67696 3
17 22538 0
18 7564 0
19 11918 0
20 10696 0
21 4292 0
22 2860 0
23 3164 0
24 1940 0
25 490 0
26 1196 0
27 1662 0
28 280 0
29 208 0
30 1412 0


Tags2009_R1_R1 :
tag-recapture data for tag Tags2009_R1 in years 2010 , step 1, after proportion 0.5 of mortality, with sampling method age, detection probability 1, using ageing error.
Year 2010
class scanned recaptured
1 0 0
2 8 0
3 40 0
4 532 0
5 2996 0
6 11326 0
7 20090 0
8 30112 1
9 107696 2
10 135250 8
11 71456 4
12 77714 3
13 162012 9
14 34782 1
15 74682 4
16 67696 2
17 22538 2
18 7564 0
19 11918 0
20 10696 0
21 4292 0
22 2860 0
23 3164 0
24 1940 0
25 490 0
26 1196 0
27 1662 0
28 280 0
29 208 0
30 1412 0



Ageing_error:
  Misclassification matrix:
1 0 0 0 0 0 0 0 0 0 0 0 0 0 0 0 0 0 0 0 0 0 0 0 0 0 0 0 0 0 
0 1 0 0 0 0 0 0 0 0 0 0 0 0 0 0 0 0 0 0 0 0 0 0 0 0 0 0 0 0 
0 0 1 0 0 0 0 0 0 0 0 0 0 0 0 0 0 0 0 0 0 0 0 0 0 0 0 0 0 0 
0 0 0 1 0 0 0 0 0 0 0 0 0 0 0 0 0 0 0 0 0 0 0 0 0 0 0 0 0 0 
0 0 0 0 1 0 0 0 0 0 0 0 0 0 0 0 0 0 0 0 0 0 0 0 0 0 0 0 0 0 
0 0 0 0 0 1 0 0 0 0 0 0 0 0 0 0 0 0 0 0 0 0 0 0 0 0 0 0 0 0 
0 0 0 0 0 0 1 0 0 0 0 0 0 0 0 0 0 0 0 0 0 0 0 0 0 0 0 0 0 0 
0 0 0 0 0 0 0 1 0 0 0 0 0 0 0 0 0 0 0 0 0 0 0 0 0 0 0 0 0 0 
0 0 0 0 0 0 0 0 1 0 0 0 0 0 0 0 0 0 0 0 0 0 0 0 0 0 0 0 0 0 
0 0 0 0 0 0 0 0 0 1 0 0 0 0 0 0 0 0 0 0 0 0 0 0 0 0 0 0 0 0 
0 0 0 0 0 0 0 0 0 0 1 0 0 0 0 0 0 0 0 0 0 0 0 0 0 0 0 0 0 0 
0 0 0 0 0 0 0 0 0 0 0 1 0 0 0 0 0 0 0 0 0 0 0 0 0 0 0 0 0 0 
0 0 0 0 0 0 0 0 0 0 0 0 1 0 0 0 0 0 0 0 0 0 0 0 0 0 0 0 0 0 
0 0 0 0 0 0 0 0 0 0 0 0 0 1 0 0 0 0 0 0 0 0 0 0 0 0 0 0 0 0 
0 0 0 0 0 0 0 0 0 0 0 0 0 0 1 0 0 0 0 0 0 0 0 0 0 0 0 0 0 0 
0 0 0 0 0 0 0 0 0 0 0 0 0 0 0 1 0 0 0 0 0 0 0 0 0 0 0 0 0 0 
0 0 0 0 0 0 0 0 0 0 0 0 0 0 0 0 1 0 0 0 0 0 0 0 0 0 0 0 0 0 
0 0 0 0 0 0 0 0 0 0 0 0 0 0 0 0 0 1 0 0 0 0 0 0 0 0 0 0 0 0 
0 0 0 0 0 0 0 0 0 0 0 0 0 0 0 0 0 0 1 0 0 0 0 0 0 0 0 0 0 0 
0 0 0 0 0 0 0 0 0 0 0 0 0 0 0 0 0 0 0 1 0 0 0 0 0 0 0 0 0 0 
0 0 0 0 0 0 0 0 0 0 0 0 0 0 0 0 0 0 0 0 1 0 0 0 0 0 0 0 0 0 
0 0 0 0 0 0 0 0 0 0 0 0 0 0 0 0 0 0 0 0 0 1 0 0 0 0 0 0 0 0 
0 0 0 0 0 0 0 0 0 0 0 0 0 0 0 0 0 0 0 0 0 0 1 0 0 0 0 0 0 0 
0 0 0 0 0 0 0 0 0 0 0 0 0 0 0 0 0 0 0 0 0 0 0 1 0 0 0 0 0 0 
0 0 0 0 0 0 0 0 0 0 0 0 0 0 0 0 0 0 0 0 0 0 0 0 1 0 0 0 0 0 
0 0 0 0 0 0 0 0 0 0 0 0 0 0 0 0 0 0 0 0 0 0 0 0 0 1 0 0 0 0 
0 0 0 0 0 0 0 0 0 0 0 0 0 0 0 0 0 0 0 0 0 0 0 0 0 0 1 0 0 0 
0 0 0 0 0 0 0 0 0 0 0 0 0 0 0 0 0 0 0 0 0 0 0 0 0 0 0 1 0 0 
0 0 0 0 0 0 0 0 0 0 0 0 0 0 0 0 0 0 0 0 0 0 0 0 0 0 0 0 1 0 
0 0 0 0 0 0 0 0 0 0 0 0 0 0 0 0 0 0 0 0 0 0 0 0 0 0 0 0 0 1 

Free parameters:

initialization.B0
uniform: bounds from 5000 to 500000
current value: 102577
lower bound: 5000
upper bound: 500000


Q's:
qs are nuisance parameters

Penalties:
LL_Penalty :
Catch limit penalty of 1000 x the sum of squares of (log(actual catch) - log(specified catch)) for fishery LL to disencourage breaking exploitation rate limits
meanYCS_1 :
Vector average penalty of 100 x square of (mean(recruitment.YCS) - 1) 
Penalty_Tags2005_R1_LL :
'Fish-must-be-tagged' penalty of 1 x square of (actual number of tagged fish - nominal number of tagged fish) for tagging episode Tags2005_R1_LL
Penalty_Tags2006_R1_LL :
'Fish-must-be-tagged' penalty of 1 x square of (actual number of tagged fish - nominal number of tagged fish) for tagging episode Tags2006_R1_LL
Penalty_Tags2007_R1_LL :
'Fish-must-be-tagged' penalty of 1 x square of (actual number of tagged fish - nominal number of tagged fish) for tagging episode Tags2007_R1_LL
Penalty_Tags2008_R1_LL :
'Fish-must-be-tagged' penalty of 1 x square of (actual number of tagged fish - nominal number of tagged fish) for tagging episode Tags2008_R1_LL
Penalty_Tags2009_R1_LL :
'Fish-must-be-tagged' penalty of 1 x square of (actual number of tagged fish - nominal number of tagged fish) for tagging episode Tags2009_R1_LL

Components of the objective function are:
  LL_catchA
  Tags2005_R1_R1
  Tags2006_R1_R1
  Tags2007_R1_R1
  Tags2008_R1_R1
  Tags2009_R1_R1
  prior_on_initialization.B0
  LL_Penalty
  meanYCS_1
  Penalty_Tags2005_R1_LL
  Penalty_Tags2006_R1_LL
  Penalty_Tags2007_R1_LL
  Penalty_Tags2008_R1_LL
  Penalty_Tags2009_R1_LL

Random number seed : 80197


Minimiser achieved convergence after 1 quasi-Newton iterations using 1 objective function evaluations



Approximate Covariance matrix (Inverse Hessian of parameters at point estimate):
4728.55 

Correlation matrix:
1 

List of parameter names, in the same order as the rows & cols of the covariance/correlation matrices:
initialization.B0 



Start extracting output from here

Point estimate:
initialization.B0
current value: 102577
lower bound: 5000
upper bound: 500000


In a format suitable for -i :

initialization.B0 
102577 

Objective function : 2.02354e+007

Components :
LL_catchA                                          454.103
Tags2005_R1_R1                                     688.8
Tags2006_R1_R1                                     641.05
Tags2007_R1_R1                                     546.484
Tags2008_R1_R1                                     291.315
Tags2009_R1_R1                                     194.262
prior_on_initialization.B0                         0
LL_Penalty                                         0
meanYCS_1                                          0
Penalty_Tags2005_R1_LL                             4.29318e+006
Penalty_Tags2006_R1_LL                             4.6829e+006
Penalty_Tags2007_R1_LL                             4.48169e+006
Penalty_Tags2008_R1_LL                             3.61e+006
Penalty_Tags2009_R1_LL                             3.16484e+006

Fits : 

The observations are:
LL_catchA
Tags2005_R1_R1
Tags2006_R1_R1
Tags2007_R1_R1
Tags2008_R1_R1
Tags2009_R1_R1
Fits follow:

LL_catchA :
catch proportions-at-age for fishery LL  with ageing error (constrained to sum to 1):
obs (last class is a plus group):
class 1       2       3       4       5       6       7       8       9       10      11      12      13      14      15      16      17      18      19      20      21      22      23      24      25      26      27      28      29      30      
2000 0       0       0       0.001   0.009   0.039   0.054   0.052   0.157   0.192   0.086   0.077   0.062   0.057   0.02    0.042   0.068   0.01    0.01    0.022   0.019   0.007   0.002   0.003   0.006   0.001   0.001   0       0       0.003   
2001 0       0       0       0.001   0       0.037   0.149   0.102   0.068   0.16    0.145   0.059   0.055   0.059   0.032   0.01    0.03    0.041   0.01    0.008   0.01    0.012   0       0.002   0       0.004   0.002   0.001   0       0.003   
2002 0       0       0       0.002   0.007   0.014   0.092   0.209   0.125   0.062   0.116   0.117   0.041   0.056   0.03    0.027   0.007   0.026   0.035   0.005   0.004   0.01    0.005   0.003   0       0       0.002   0       0       0.005   
2003 0       0       0       0       0.004   0.031   0.036   0.174   0.266   0.109   0.047   0.077   0.074   0.048   0.019   0.038   0.023   0.011   0.014   0.021   0.002   0.002   0.002   0.001   0.001   0       0       0       0       0       
2004 0       0       0       0       0.004   0.017   0.108   0.061   0.216   0.261   0.075   0.036   0.058   0.053   0.029   0.011   0.017   0.009   0.004   0.015   0.013   0.003   0.002   0.004   0.001   0.001   0       0       0.001   0.001   
2005 0       0       0       0       0.001   0.01    0.04    0.194   0.066   0.213   0.22    0.062   0.02    0.035   0.048   0.017   0.008   0.016   0.013   0.005   0.007   0.008   0.004   0.002   0.004   0.005   0       0       0       0.002   
2006 0       0       0       0       0.002   0.011   0.019   0.094   0.274   0.082   0.167   0.172   0.045   0.016   0.036   0.037   0.011   0.002   0.01    0.004   0.005   0.002   0.006   0.001   0.002   0       0       0       0       0.002   
2007 0       0       0       0       0.001   0.012   0.043   0.056   0.125   0.263   0.073   0.14    0.135   0.052   0.016   0.021   0.021   0.009   0.005   0.007   0.005   0.001   0       0.009   0.001   0       0.001   0.002   0       0.002   
2008 0       0       0       0       0.003   0.007   0.039   0.105   0.09    0.118   0.241   0.042   0.106   0.113   0.041   0.015   0.026   0.025   0.01    0.001   0.003   0.004   0.001   0.001   0.003   0.002   0       0.002   0.001   0.001   
2009 0       0       0       0.003   0.005   0.004   0.018   0.076   0.14    0.104   0.092   0.215   0.049   0.102   0.092   0.036   0.007   0.017   0.011   0.01    0.008   0.003   0       0.001   0.001   0.004   0       0       0.001   0.001   
2010 0       0       0       0       0.004   0.008   0.017   0.03    0.142   0.162   0.067   0.086   0.181   0.031   0.09    0.089   0.02    0.014   0.012   0.02    0.007   0.004   0.005   0.005   0       0.001   0.003   0.001   0       0.001   
fits (last class is a plus group):
class 1       2       3       4       5       6       7       8       9       10      11      12      13      14      15      16      17      18      19      20      21      22      23      24      25      26      27      28      29      30      
2000 5.56903e-007 9.15225e-006 0.000106295 0.000872353 0.00505799 0.0206977 0.0595352 0.119129 0.163297 0.152226 0.116576 0.0885271 0.0667761 0.0501081 0.0374716 0.0280191 0.0210966 0.0161493 0.0126036 0.00988319 0.00768391 0.00591346 0.00449749 0.00337521 0.00249591 0.00181651 0.00129991 0.000913984 0.000631118 0.00323146 
2001 5.62e-007 9.24074e-006 0.000107384 0.000881857 0.0051166 0.0209517 0.0602957 0.120637 0.165135 0.153729 0.117373 0.088723 0.0666155 0.049758 0.0370242 0.0274859 0.0204206 0.0152859 0.0116367 0.00903209 0.0070426 0.00544249 0.00416112 0.0031421 0.00233954 0.00171525 0.00123678 0.000876246 0.000609587 0.00321496 
2002 5.66481e-007 9.31874e-006 0.000108346 0.000890266 0.00516866 0.0211785 0.0609786 0.121996 0.166787 0.154829 0.117966 0.088906 0.0664525 0.0494149 0.0366074 0.0270474 0.019956 0.0147442 0.0109792 0.00831491 0.00641924 0.00497653 0.00382169 0.00290167 0.00217434 0.0016054 0.00116628 0.000832694 0.000583778 0.00318347 
2003 5.70501e-007 9.38898e-006 0.000109213 0.00089785 0.00521565 0.0213837 0.0615986 0.123232 0.168282 0.155803 0.118291 0.088968 0.0663068 0.0490918 0.036213 0.0266446 0.0195707 0.0143636 0.01056 0.00782502 0.00589605 0.0045269 0.0034883 0.00266084 0.00200524 0.00149027 0.00109046 0.000784513 0.000554315 0.00313715 
2004 5.74187e-007 9.45363e-006 0.000110013 0.000904849 0.00525895 0.0215727 0.0621693 0.124368 0.169646 0.156671 0.118555 0.0888554 0.0660931 0.0487993 0.0358471 0.026269 0.0192193 0.0140463 0.0102611 0.00750913 0.00553756 0.00415067 0.00316833 0.00242557 0.00183678 0.00137309 0.00101146 0.000733019 0.000521944 0.00307637 
2005 5.7764e-007 9.51442e-006 0.000110767 0.00091145 0.00529975 0.0217502 0.0627038 0.125427 0.170905 0.157449 0.118765 0.0887197 0.0657676 0.0484706 0.0355145 0.0259226 0.018894 0.0137583 0.0100111 0.00728166 0.00530453 0.00389232 0.00290123 0.00220068 0.00167286 0.0012568 0.000931363 0.000679585 0.000487497 0.0030018 
2006 5.80946e-007 9.57268e-006 0.000111492 0.000917801 0.00533898 0.0219205 0.0632139 0.126431 0.172082 0.158151 0.118925 0.08856 0.0654388 0.0480708 0.035164 0.0256067 0.0185948 0.0134927 0.00978478 0.00709091 0.00513552 0.00372342 0.00271754 0.00201327 0.00151662 0.00114396 0.000852102 0.000625562 0.000451854 0.00291441 
2007 5.84174e-007 9.62968e-006 0.000112201 0.000924017 0.00537738 0.0220869 0.0637104 0.1274  0.1732  0.158792 0.119041 0.0883747 0.0651018 0.0476766 0.0347682 0.0252826 0.0183211 0.0132484 0.00957641 0.0069184 0.00499351 0.00360028 0.00259697 0.00188427 0.00138659 0.00103664 0.000775344 0.000572202 0.000415886 0.00281551 
2008 5.87382e-007 9.68631e-006 0.000112905 0.000930187 0.00541551 0.0222519 0.0642016 0.128352 0.17428 0.159386 0.119117 0.088162 0.0647517 0.0472816 0.0343808 0.0249295 0.0180442 0.0130244 0.00938473 0.00675971 0.00486513 0.00349665 0.00250874 0.00179936 0.00129704 0.000947402 0.000702431 0.000520594 0.000380401 0.00270669 
2009 5.90618e-007 9.74337e-006 0.000113614 0.000936402 0.00545382 0.0224177 0.0646939 0.129301 0.175343 0.159944 0.119156 0.0879207 0.0643841 0.0468799 0.0339956 0.0245848 0.0177484 0.0127995 0.00920841 0.0066136 0.00474707 0.00340298 0.00243439 0.00173708 0.00123801 0.000885942 0.000641857 0.000471613 0.000346108 0.0025898 
2010 5.93926e-007 9.80164e-006 0.000114338 0.00094273 0.00549282 0.022586 0.0651929 0.130259 0.176404 0.160481 0.119163 0.0876504 0.0639956 0.0464665 0.0336069 0.024243 0.0174598 0.0125621 0.0090322 0.00647888 0.00463825 0.00331682 0.0023672 0.00168456 0.00119465 0.000845399 0.00060015 0.000430947 0.000313579 0.00246683 
resids (last class is a plus group):
class 1       2       3       4       5       6       7       8       9       10      11      12      13      14      15      16      17      18      19      20      21      22      23      24      25      26      27      28      29      30      
2000 -5.56903e-007 -9.15225e-006 -0.000106295 0.000127647 0.00394201 0.0183023 -0.00553524 -0.0671285 -0.00629723 0.0397742 -0.0305757 -0.0115271 -0.00477607 0.00689189 -0.0174716 0.0139809 0.0469034 -0.00614931 -0.00260357 0.0121168 0.0113161 0.00108654 -0.00249749 -0.000375207 0.00350409 -0.00081651 -0.000299906 -0.000913984 -0.000631118 -0.000231458 
2001 -5.62e-007 -9.24074e-006 -0.000107384 0.000118143 -0.0051166 0.0160483 0.0887043 -0.0186366 -0.0971355 0.00627051 0.0276271 -0.029723 -0.0116155 0.00924202 -0.00502425 -0.0174859 0.00957942 0.0257141 -0.00163667 -0.00103209 0.0029574 0.00655751 -0.00416112 -0.0011421 -0.00233954 0.00228475 0.000763218 0.000123754 -0.000609587 -0.000214961 
2002 -5.66481e-007 -9.31874e-006 -0.000108346 0.00110973 0.00183134 -0.00717847 0.0310214 0.087004 -0.0417874 -0.0928285 -0.00196629 0.028094 -0.0254525 0.00658507 -0.00660739 -4.7432e-005 -0.012956 0.0112558 0.0240208 -0.00331491 -0.00241924 0.00502347 0.00117831 9.83256e-005 -0.00217434 -0.0016054 0.000833719 -0.000832694 -0.000583778 0.00181653 
2003 -5.70501e-007 -9.38898e-006 -0.000109213 -0.00089785 -0.00121565 0.00961626 -0.0255986 0.0507682 0.0977178 -0.0468027 -0.0712908 -0.011968 0.00769322 -0.00109184 -0.017213 0.0113554 0.00342935 -0.0033636 0.00344002 0.013175 -0.00389605 -0.0025269 -0.0014883 -0.00166084 -0.00100524 -0.00149027 -0.00109046 -0.000784513 -0.000554315 -0.00313715 
2004 -5.74187e-007 -9.45363e-006 -0.000110013 -0.000904849 -0.00125895 -0.0045727 0.0458307 -0.063368 0.0463538 0.104329 -0.0435547 -0.0528554 -0.00809307 0.00420075 -0.00684713 -0.015269 -0.00221931 -0.00504632 -0.00626113 0.00749087 0.00746244 -0.00115067 -0.00116833 0.00157443 -0.000836779 -0.000373088 -0.00101146 -0.000733019 0.000478056 -0.00207637 
2005 -5.7764e-007 -9.51442e-006 -0.000110767 -0.00091145 -0.00429975 -0.0117502 -0.0227038 0.0685727 -0.104905 0.0555515 0.101235 -0.0267197 -0.0457676 -0.0134706 0.0124855 -0.00892257 -0.010894 0.0022417 0.00298886 -0.00228166 0.00169547 0.00410768 0.00109877 -0.000200676 0.00232714 0.0037432 -0.000931363 -0.000679585 -0.000487497 -0.0010018 
2006 -5.80946e-007 -9.57268e-006 -0.000111492 -0.000917801 -0.00333898 -0.0109205 -0.0442139 -0.0324312 0.101918 -0.0761511 0.0480746 0.08344 -0.0204388 -0.0320708 0.000835991 0.0113933 -0.00759479 -0.0114927 0.000215217 -0.00309091 -0.000135519 -0.00172342 0.00328246 -0.00101327 0.000483383 -0.00114396 -0.000852102 -0.000625562 -0.000451854 -0.000914409 
2007 -5.84174e-007 -9.62968e-006 -0.000112201 -0.000924017 -0.00437738 -0.0100869 -0.0207104 -0.0714001 -0.0481995 0.104208 -0.0460414 0.0516253 0.0698982 0.00432342 -0.0187682 -0.00428265 0.00267891 -0.00424844 -0.00457641 8.1601e-005 6.49388e-006 -0.00260028 -0.00259697 0.00711573 -0.000386592 -0.00103664 0.000224656 0.0014278 -0.000415886 -0.000815509 
2008 -5.87382e-007 -9.68631e-006 -0.000112905 -0.000930187 -0.00241551 -0.0152519 -0.0252016 -0.0233521 -0.0842801 -0.0413856 0.121883 -0.046162 0.0412483 0.0657184 0.00661917 -0.00992953 0.00795583 0.0119756 0.000615274 -0.00575971 -0.00186513 0.00050335 -0.00150874 -0.00079936 0.00170296 0.0010526 -0.000702431 0.00147941 0.000619599 -0.00170669 
2009 -5.90618e-007 -9.74337e-006 -0.000113614 0.0020636 -0.000453824 -0.0184177 -0.0466939 -0.0533014 -0.0353431 -0.0559443 -0.0271555 0.127079 -0.0153841 0.0551201 0.0580044 0.0114152 -0.0107484 0.00420054 0.00179159 0.0033864 0.00325293 -0.00040298 -0.00243439 -0.000737077 -0.000238007 0.00311406 -0.000641857 -0.000471613 0.000653892 -0.0015898 
2010 -5.93926e-007 -9.80164e-006 -0.000114338 -0.00094273 -0.00149282 -0.014586 -0.0481929 -0.100259 -0.034404 0.00151926 -0.0521631 -0.00165044 0.117004 -0.0154665 0.0563931 0.064757 0.00254023 0.00143788 0.0029678 0.0135211 0.00236175 0.000683176 0.0026328 0.00331544 -0.00119465 0.000154601 0.00239985 0.000569053 -0.000313579 -0.00146683 
pearson_resids (last class is a plus group):
class 1       2       3       4       5       6       7       8       9       10      11      12      13      14      15      16      17      18      19      20      21      22      23      24      25      26      27      28      29      30      
2000 -0.0074626 -0.0302528 -0.103105 0.0432368 0.555686 1.28554 -0.233926 -2.07225 -0.170363 1.10718 -0.952769 -0.405799 -0.191323 0.315898 -0.919971 0.84719 3.26384 -0.487848 -0.233387 1.22489 1.29593 0.141714 -0.373248 -0.0646926 0.70227 -0.191751 -0.083236 -0.30246 -0.2513 -0.0407826 
2001 -0.00749667 -0.0303987 -0.103632 0.0398014 -0.717141 1.12052 3.72654 -0.572193 -2.61607 0.173848 0.858347 -1.04532 -0.465823 0.425029 -0.266085 -1.06951 0.677307 2.09591 -0.152612 -0.109092 0.353654 0.891302 -0.646414 -0.20407 -0.484255 0.552139 0.217156 0.0418249 -0.246973 -0.0379727 
2002 -0.00752649 -0.0305267 -0.104095 0.372094 0.255391 -0.498578 1.29639 2.65839 -1.12095 -2.56616 -0.0609573 0.987111 -1.02189 0.303834 -0.351839 -0.0029239 -0.926428 0.933882 2.30516 -0.365053 -0.302925 0.713877 0.19097 0.0182799 -0.466806 -0.400996 0.244271 -0.288685 -0.241686 0.322467 
2003 -0.00755315 -0.0306416 -0.104511 -0.299776 -0.168768 0.66475 -1.06472 1.5445  2.61196 -1.29051 -2.20747 -0.420377 0.309191 -0.050534 -0.921368 0.705116 0.247571 -0.282693 0.336539 1.49525 -0.508895 -0.37642 -0.25243 -0.322401 -0.22471 -0.386329 -0.330402 -0.280202 -0.235504 -0.560983 
2004 -0.00757751 -0.0307469 -0.104893 -0.300943 -0.174062 -0.314743 1.89804 -1.92024 1.23504 2.87021 -1.34734 -1.85761 -0.325749 0.194977 -0.368306 -0.954704 -0.161646 -0.42881 -0.62129 0.867708 1.00561 -0.178976 -0.207893 0.320069 -0.195426 -0.100753 -0.318195 -0.270843 0.209306 -0.374934 
2005 -0.00760027 -0.0308456 -0.105252 -0.30204 -0.592201 -0.805543 -0.936511 2.07041 -2.78686 1.5252  3.12927 -0.939713 -1.84639 -0.627243 0.674612 -0.561506 -0.800145 0.192443 0.300226 -0.268364 0.233412 0.659689 0.204289 -0.0428249 0.569452 1.05653 -0.305325 -0.260777 -0.220847 -0.183123 
2006 -0.00762199 -0.0309399 -0.105596 -0.303091 -0.458192 -0.745812 -1.81691 -0.975861 2.70017 -2.087  1.48515 2.93691 -0.826482 -1.49923 0.0453864 0.721284 -0.562206 -0.996144 0.0218644 -0.368367 -0.0189594 -0.282963 0.630524 -0.226054 0.124218 -0.338419 -0.292032 -0.250191 -0.212617 -0.169629 
2007 -0.00764313 -0.0310319 -0.105931 -0.304117 -0.598549 -0.68634 -0.847967 -2.14144 -1.27371 2.85124 -1.42175 1.81882 2.83327 0.2029  -1.02451 -0.272811 0.199755 -0.371572 -0.469909 0.00984465 0.000921274 -0.434146 -0.510268 1.64081 -0.103892 -0.322135 0.0807121 0.597057 -0.203975 -0.153908 
2008 -0.00766409 -0.031123 -0.106263 -0.305132 -0.329131 -1.03402 -1.02817 -0.698157 -2.2217 -1.13064 3.76269 -1.62811 1.67617 3.09641 0.363281 -0.636874 0.597683 1.05625 0.0638124 -0.702926 -0.268054 0.0852717 -0.301601 -0.188614 0.47316 0.342138 -0.265127 0.648561 0.31774 -0.328492 
2009 -0.00768517 -0.0312145 -0.106596 0.67468 -0.0616203 -1.24412 -1.89824 -1.58856 -0.929445 -1.52622 -0.838208 4.48759 -0.626808 2.60761 3.20081 0.73715 -0.814051 0.373686 0.187567 0.417792 0.473255 -0.0691981 -0.493997 -0.177003 -0.0676857 1.04669 -0.25343 -0.217218 0.35154 -0.312804 
2010 -0.00770666 -0.0313077 -0.106935 -0.307184 -0.201978 -0.981695 -1.95219 -2.97869 -0.902605 0.0413909 -1.61007 -0.0583637 4.78067 -0.734775 3.12921 4.2104  0.193945 0.129103 0.313695 1.68529 0.347589 0.118821 0.54177 0.808472 -0.345843 0.0531944 0.979906 0.274179 -0.177109 -0.295697 
objective function: multinomial likelihood, with delta = 1e-011, N =
100 100 100 100 100 100 100 100 100 100 100 100 100 100 100 100 100 100 100 100 100 100 100 100 100 100 100 100 100 100 
100 100 100 100 100 100 100 100 100 100 100 100 100 100 100 100 100 100 100 100 100 100 100 100 100 100 100 100 100 100 
100 100 100 100 100 100 100 100 100 100 100 100 100 100 100 100 100 100 100 100 100 100 100 100 100 100 100 100 100 100 
100 100 100 100 100 100 100 100 100 100 100 100 100 100 100 100 100 100 100 100 100 100 100 100 100 100 100 100 100 100 
100 100 100 100 100 100 100 100 100 100 100 100 100 100 100 100 100 100 100 100 100 100 100 100 100 100 100 100 100 100 
100 100 100 100 100 100 100 100 100 100 100 100 100 100 100 100 100 100 100 100 100 100 100 100 100 100 100 100 100 100 
100 100 100 100 100 100 100 100 100 100 100 100 100 100 100 100 100 100 100 100 100 100 100 100 100 100 100 100 100 100 
100 100 100 100 100 100 100 100 100 100 100 100 100 100 100 100 100 100 100 100 100 100 100 100 100 100 100 100 100 100 
100 100 100 100 100 100 100 100 100 100 100 100 100 100 100 100 100 100 100 100 100 100 100 100 100 100 100 100 100 100 
100 100 100 100 100 100 100 100 100 100 100 100 100 100 100 100 100 100 100 100 100 100 100 100 100 100 100 100 100 100 
100 100 100 100 100 100 100 100 100 100 100 100 100 100 100 100 100 100 100 100 100 100 100 100 100 100 100 100 100 100 

Tags2005_R1_R1 :
tag-recapture data for tag Tags2005_R1 in years 2006 2007 2008 2009 2010 , step 1, after proportion 0.5 of mortality, with sampling method age, detection probability 1, using ageing error.
Year 2006
class scanned recaptured expected_prop neg_log_likelihood
1 0 0 8.86291e-108 0
2 6 0 4.60755e-005 0.000276459
3 36 0 1.35148e-005 0.000486535
4 216 0 1.11835e-005 0.00241566
5 3122 0 6.03006e-006 0.0188259
6 16038 0 2.49768e-006 0.0400579
7 29430 0 3.83052e-007 0.0112732
8 79382 0 1.13477e-007 0.009008
9 291858 8 2.69923e-007 31.0123
10 78432 4 4.53977e-007 16.5547
11 177504 8 5.39871e-007 29.4621
12 169372 14 5.36139e-007 58.8688
13 59292 2 5.251e-007 7.66319
14 20904 1 5.07206e-007 4.55725
15 34576 3 4.83176e-007 14.0845
16 32562 1 4.53946e-007 4.22917
17 13706 1 4.20613e-007 5.16173
18 9584 0 3.84361e-007 0.00368372
19 11126 0 3.46399e-007 0.00385403
20 7156 0 3.07888e-007 0.00220324
21 1900 0 2.69891e-007 0.000512792
22 4874 0 2.33326e-007 0.00113723
23 7116 0 1.98939e-007 0.00141565
24 1260 0 1.67285e-007 0.000210779
25 988 0 1.38731e-007 0.000137066
26 1176 0 1.13467e-007 0.000133437
27 1148 0 9.15261e-008 0.000105072
28 252 0 7.28118e-008 1.83486e-005
29 144 0 5.71266e-008 8.22623e-006
30 1366 0 3.48849e-008 4.76527e-005

total neg_log_likelihood: 171.69


Year 2007
class scanned recaptured expected_prop neg_log_likelihood
1 0 0 8.96574e-108 0
2 6 0 1.03489e-107 0
3 56 0 4.56901e-005 0.00255871
4 284 0 1.34017e-005 0.00380612
5 1212 0 1.109e-005 0.0134412
6 12418 0 5.97971e-006 0.0742562
7 45036 0 2.4769e-006 0.11155
8 58204 0 3.7988e-007 0.0221106
9 110140 3 1.12539e-007 14.9755
10 283686 12 2.6768e-007 50.9976
11 63384 6 4.50182e-007 27.9479
12 141502 9 5.35356e-007 36.1002
13 133236 14 5.31652e-007 62.3263
14 46042 2 5.20704e-007 8.17869
15 16028 1 5.02958e-007 4.82873
16 26186 0 4.79128e-007 0.0125465
17 24362 0 4.50143e-007 0.0109664
18 10132 0 4.17088e-007 0.00422593
19 7000 0 3.8114e-007 0.00266798
20 8032 1 3.43495e-007 5.89566
21 5104 0 3.05307e-007 0.00155829
22 1340 0 2.67629e-007 0.000358623
23 3394 0 2.31371e-007 0.000785274
24 4894 0 1.97272e-007 0.00096545
25 856 0 1.65883e-007 0.000141996
26 664 0 1.37569e-007 9.13456e-005
27 778 0 1.12517e-007 8.75379e-005
28 750 0 9.07598e-008 6.80699e-005
29 162 0 7.22023e-008 1.16968e-005
30 1232 0 3.69212e-008 4.54869e-005

total neg_log_likelihood: 211.513


Year 2008
class scanned recaptured expected_prop neg_log_likelihood
1 0 0 9.07329e-108 0
2 6 0 1.0469e-107 0
3 62 0 1.20842e-107 0
4 462 0 4.5308e-005 0.0209328
5 1644 0 1.32897e-005 0.0218484
6 4954 0 1.09974e-005 0.0544816
7 35856 0 5.92994e-006 0.212625
8 91600 0 2.45639e-006 0.225006
9 83068 1 3.76744e-007 3.49558
10 110144 2 1.11604e-007 9.50297
11 235902 9 2.65443e-007 37.8009
12 51992 4 4.46417e-007 18.2541
13 114534 3 5.30876e-007 10.2529
14 106454 4 5.27202e-007 14.7551
15 36324 0 5.16343e-007 0.0187556
16 12490 0 4.98745e-007 0.00622932
17 20158 0 4.75113e-007 0.00957733
18 18528 1 4.4637e-007 4.80335
19 7614 0 4.13592e-007 0.00314909
20 5198 0 3.77945e-007 0.00196456
21 5892 0 3.40616e-007 0.00200691
22 3700 0 3.02748e-007 0.00112017
23 960 0 2.65386e-007 0.000254771
24 2400 0 2.29433e-007 0.000550639
25 3420 0 1.9562e-007 0.00066902
26 590 0 1.64494e-007 9.70515e-005
27 452 0 1.36417e-007 6.16604e-005
28 524 0 1.11575e-007 5.84651e-005
29 498 0 9.00001e-008 4.482e-005
30 1164 0 4.01483e-008 4.67326e-005

total neg_log_likelihood: 99.4443


Year 2009
class scanned recaptured expected_prop neg_log_likelihood
1 0 0 9.18565e-108 0
2 4 0 1.05946e-107 0
3 64 0 1.22244e-107 0
4 504 0 1.41122e-107 0
5 2700 0 4.49292e-005 0.121312
6 6782 0 1.31787e-005 0.0893786
7 14432 0 1.09059e-005 0.157395
8 73564 0 5.88087e-006 0.432622
9 131866 0 2.43612e-006 0.321242
10 83790 0 3.73615e-007 0.0313052
11 92382 0 1.10672e-007 0.0102241
12 195172 7 2.63223e-007 29.357
13 42446 2 4.42681e-007 8.66082
14 92302 4 5.26432e-007 15.324
15 84710 2 5.22786e-007 6.97165
16 28548 2 5.12017e-007 9.15893
17 9696 1 4.94565e-007 5.34491
18 15462 1 4.71131e-007 4.92927
19 14044 1 4.42628e-007 5.0868
20 5702 0 4.10125e-007 0.00233853
21 3846 1 3.74777e-007 6.54359
22 4308 1 3.37762e-007 6.53415
23 2672 0 3.00212e-007 0.000802165
24 684 0 2.63163e-007 0.000180003
25 1692 0 2.27511e-007 0.000384949
26 2380 0 1.93981e-007 0.000461676
27 406 0 1.63117e-007 6.62253e-005
28 306 0 1.35275e-007 4.1394e-005
29 350 0 1.10641e-007 3.87242e-005
30 1336 0 4.45892e-008 5.95712e-005

total neg_log_likelihood: 99.079


Year 2010
class scanned recaptured expected_prop neg_log_likelihood
1 0 0 9.30288e-108 0
2 8 0 1.07258e-107 0
3 40 0 1.2371e-107 0
4 532 0 1.4276e-107 0
5 2996 0 1.6495e-107 0
6 11326 0 4.45541e-005 0.504631
7 20090 0 1.30691e-005 0.262559
8 30112 0 1.08157e-005 0.325684
9 107696 0 5.83235e-006 0.628123
10 135250 0 2.41589e-006 0.326749
11 71456 1 3.70492e-007 3.65807
12 77714 1 1.09746e-007 4.77284
13 162012 9 2.6102e-007 41.3135
14 34782 1 4.38975e-007 4.19724
15 74682 4 5.22022e-007 16.1954
16 67696 2 5.18406e-007 7.4277
17 22538 1 5.07726e-007 4.48181
18 7564 1 4.9042e-007 5.60056
19 11918 3 4.67182e-007 17.3698
20 10696 0 4.38918e-007 0.00469467
21 4292 0 4.06687e-007 0.0017455
22 2860 0 3.71636e-007 0.00106288
23 3164 0 3.34931e-007 0.00105972
24 1940 0 2.97696e-007 0.000577531
25 490 0 2.60958e-007 0.00012787
26 1196 0 2.25605e-007 0.000269824
27 1662 0 1.92357e-007 0.000319697
28 280 0 1.61751e-007 4.52902e-005
29 208 0 1.34142e-007 2.79016e-005
30 1412 0 5.02629e-008 7.09713e-005

total neg_log_likelihood: 107.075


Tags2006_R1_R1 :
tag-recapture data for tag Tags2006_R1 in years 2007 2008 2009 2010 , step 1, after proportion 0.5 of mortality, with sampling method age, detection probability 1, using ageing error.
Year 2007
class scanned recaptured expected_prop neg_log_likelihood
1 0 0 8.96574e-108 0
2 6 0 3.46975e-005 0.000208189
3 56 0 8.05846e-006 0.000451275
4 284 0 9.97095e-006 0.00283177
5 1212 0 9.45341e-006 0.0114576
6 12418 0 1.72082e-006 0.0213692
7 45036 0 9.9581e-007 0.0448473
8 58204 1 5.04604e-007 3.55715
9 110140 6 2.06463e-007 29.304
10 283686 8 3.47244e-007 29.2441
11 63384 3 4.12945e-007 12.7469
12 141502 5 4.10089e-007 19.0797
13 133236 4 4.01646e-007 14.9429
14 46042 2 3.87959e-007 8.76115
15 16028 2 3.69578e-007 10.9568
16 26186 3 3.4722e-007 15.9019
17 24362 1 3.21724e-007 4.85663
18 10132 2 2.93995e-007 12.3287
19 7000 0 2.64957e-007 0.0018547
20 8032 0 2.35501e-007 0.00189154
21 5104 0 2.06437e-007 0.00105365
22 1340 0 1.78469e-007 0.000239149
23 3394 0 1.52167e-007 0.000516453
24 4894 0 1.27954e-007 0.000626208
25 856 0 1.06114e-007 9.08332e-005
26 664 0 8.67895e-008 5.76283e-005
27 778 0 7.00074e-008 5.44657e-005
28 750 0 5.5693e-008 4.17697e-005
29 162 0 4.36955e-008 7.07867e-006
30 1232 0 2.66473e-008 3.28295e-005

total neg_log_likelihood: 161.768


Year 2008
class scanned recaptured expected_prop neg_log_likelihood
1 0 0 9.07329e-108 0
2 6 0 1.0469e-107 0
3 62 0 3.44074e-005 0.00213329
4 462 0 7.99107e-006 0.00369189
5 1644 0 9.88759e-006 0.0162553
6 4954 0 9.37448e-006 0.0464414
7 35856 0 1.7065e-006 0.0611884
8 91600 0 9.87567e-007 0.0904612
9 83068 2 5.00438e-007 7.09546
10 110144 5 2.04747e-007 23.7699
11 235902 11 3.44342e-007 45.1988
12 51992 4 4.09491e-007 18.5975
13 114534 10 4.06658e-007 45.818
14 106454 9 3.98283e-007 41.2903
15 36324 4 3.8471e-007 20.2744
16 12490 1 3.66482e-007 5.39121
17 20158 2 3.44311e-007 10.6409
18 18528 2 3.19027e-007 10.961
19 7614 0 2.91531e-007 0.00221972
20 5198 0 2.62737e-007 0.00136571
21 5892 0 2.33527e-007 0.00137594
22 3700 2 2.04707e-007 15.0654
23 960 0 1.76974e-007 0.000169895
24 2400 0 1.50892e-007 0.00036214
25 3420 0 1.26882e-007 0.000433938
26 590 0 1.05225e-007 6.20827e-005
27 452 0 8.60628e-008 3.89004e-005
28 524 0 6.94213e-008 3.63767e-005
29 498 0 5.52268e-008 2.75029e-005
30 1164 0 2.8133e-008 3.27468e-005

total neg_log_likelihood: 244.329


Year 2009
class scanned recaptured expected_prop neg_log_likelihood
1 0 0 9.18565e-108 0
2 4 0 1.05946e-107 0
3 64 0 1.22244e-107 0
4 504 0 3.41196e-005 0.0171966
5 2700 0 7.92426e-006 0.0213956
6 6782 0 9.80503e-006 0.066498
7 14432 0 9.29648e-006 0.134167
8 73564 0 1.69238e-006 0.124498
9 131866 1 9.79417e-007 2.17592
10 83790 2 4.96282e-007 7.09485
11 92382 1 2.03036e-007 3.99495
12 195172 17 3.41462e-007 79.6151
13 42446 3 4.06064e-007 13.9914
14 92302 3 4.03253e-007 11.7017
15 84710 5 3.94948e-007 21.8087
16 28548 0 3.81487e-007 0.0108907
17 9696 0 3.63411e-007 0.00352363
18 15462 0 3.41425e-007 0.00527911
19 14044 1 3.16353e-007 5.4209
20 5702 1 2.89087e-007 6.40961
21 3846 1 2.60534e-007 6.90674
22 4308 0 2.3157e-007 0.000997602
23 2672 0 2.02992e-007 0.000542394
24 684 0 1.75491e-007 0.000120036
25 1692 0 1.49628e-007 0.00025317
26 2380 0 1.2582e-007 0.000299451
27 406 0 1.04344e-007 4.23636e-005
28 306 0 8.53422e-008 2.61147e-005
29 350 0 6.88401e-008 2.4094e-005
30 1336 0 3.04938e-008 4.07397e-005

total neg_log_likelihood: 159.506


Year 2010
class scanned recaptured expected_prop neg_log_likelihood
1 0 0 9.30288e-108 0
2 8 0 1.07258e-107 0
3 40 0 1.2371e-107 0
4 532 0 1.4276e-107 0
5 2996 0 3.38343e-005 0.101369
6 11326 0 7.8581e-006 0.0890012
7 20090 0 9.72345e-006 0.195345
8 30112 0 9.21957e-006 0.277621
9 107696 0 1.67842e-006 0.180759
10 135250 0 9.71283e-007 0.131366
11 71456 0 4.92133e-007 0.0351659
12 77714 1 2.01338e-007 4.17314
13 162012 1 3.38604e-007 2.95787
14 34782 1 4.02665e-007 4.28231
15 74682 6 3.99876e-007 27.676
16 67696 4 3.91638e-007 17.7252
17 22538 0 3.78289e-007 0.00852589
18 7564 0 3.60365e-007 0.0027258
19 11918 1 3.38563e-007 5.51679
20 10696 2 3.13701e-007 12.091
21 4292 0 2.86664e-007 0.00123036
22 2860 0 2.58351e-007 0.000738883
23 3164 0 2.29629e-007 0.000726546
24 1940 0 2.01291e-007 0.000390504
25 490 0 1.74021e-007 8.52702e-005
26 1196 0 1.48374e-007 0.000177456
27 1662 0 1.24766e-007 0.000207361
28 280 0 1.0347e-007 2.89716e-005
29 208 0 8.46278e-008 1.76026e-005
30 1412 0 3.37491e-008 4.76538e-005

total neg_log_likelihood: 75.4479


Tags2007_R1_R1 :
tag-recapture data for tag Tags2007_R1 in years 2008 2009 2010 , step 1, after proportion 0.5 of mortality, with sampling method age, detection probability 1, using ageing error.
Year 2008
class scanned recaptured expected_prop neg_log_likelihood
1 0 0 9.07329e-108 0
2 6 0 3.40713e-005 0.000204431
3 62 0 2.02104e-005 0.00125306
4 462 0 1.2977e-005 0.00599541
5 1644 0 1.64709e-006 0.00270783
6 4954 0 5.53231e-006 0.0274071
7 35856 0 3.50947e-008 0.00125835
8 91600 1 1.18055e-007 4.53774
9 83068 6 2.80815e-007 29.1517
10 110144 5 4.72297e-007 19.6202
11 235902 13 5.61658e-007 48.9606
12 51992 4 5.57774e-007 17.369
13 114534 4 5.4629e-007 14.3266
14 106454 4 5.27673e-007 14.7516
15 36324 1 5.02673e-007 4.02135
16 12490 0 4.72264e-007 0.00589857
17 20158 1 4.37585e-007 4.73946
18 18528 1 3.9987e-007 4.9125
19 7614 1 3.60375e-007 5.90112
20 5198 1 3.2031e-007 6.39961
21 5892 0 2.8078e-007 0.00165435
22 3700 0 2.4274e-007 0.000898138
23 960 0 2.06965e-007 0.000198686
24 2400 0 1.74033e-007 0.00041768
25 3420 1 1.44327e-007 7.61428
26 590 0 1.18044e-007 6.96461e-005
27 452 0 9.52184e-008 4.30387e-005
28 524 0 7.57491e-008 3.96925e-005
29 498 0 5.94311e-008 2.95967e-005
30 1164 0 3.61946e-008 4.21305e-005

total neg_log_likelihood: 182.354


Year 2009
class scanned recaptured expected_prop neg_log_likelihood
1 0 0 9.18565e-108 0
2 4 0 1.05946e-107 0
3 64 0 3.37864e-005 0.00216236
4 504 0 2.00414e-005 0.010101
5 2700 0 1.28685e-005 0.0347452
6 6782 0 1.63334e-006 0.0110773
7 14432 0 5.48628e-006 0.0791782
8 73564 0 3.48043e-008 0.00256034
9 131866 2 1.1708e-007 9.05032
10 83790 2 2.78483e-007 8.23218
11 92382 2 4.68349e-007 7.01715
12 195172 16 5.5696e-007 66.2873
13 42446 2 5.53107e-007 8.2201
14 92302 7 5.41716e-007 29.5453
15 84710 3 5.23254e-007 11.1847
16 28548 2 4.98462e-007 9.21221
17 9696 0 4.68306e-007 0.0045407
18 15462 1 4.33917e-007 5.01098
19 14044 2 3.96518e-007 11.08
20 5702 0 3.57354e-007 0.00203763
21 3846 0 3.17625e-007 0.00122159
22 4308 0 2.78426e-007 0.00119946
23 2672 0 2.40706e-007 0.000643166
24 684 0 2.05231e-007 0.000140378
25 1692 0 1.72575e-007 0.000291998
26 2380 0 1.43118e-007 0.000340622
27 406 0 1.17056e-007 4.75246e-005
28 306 0 9.44212e-008 2.88929e-005
29 350 0 7.5115e-008 2.62902e-005
30 1336 0 3.81183e-008 5.09261e-005

total neg_log_likelihood: 164.991


Year 2010
class scanned recaptured expected_prop neg_log_likelihood
1 0 0 9.30288e-108 0
2 8 0 1.07258e-107 0
3 40 0 1.2371e-107 0
4 532 0 3.35038e-005 0.0178243
5 2996 0 1.98738e-005 0.0595426
6 11326 0 1.27611e-005 0.144533
7 20090 0 1.61975e-006 0.0325409
8 30112 0 5.44089e-006 0.163837
9 107696 1 3.45171e-008 5.59846
10 135250 0 1.16108e-007 0.0157036
11 71456 2 2.76155e-007 8.56383
12 77714 10 4.64432e-007 48.3577
13 162012 13 5.523e-007 54.0209
14 34782 4 5.48476e-007 19.0344
15 74682 6 5.37179e-007 25.9152
16 67696 5 5.1887e-007 21.5669
17 22538 1 4.94284e-007 4.50834
18 7564 1 4.64381e-007 5.65492
19 11918 0 4.3028e-007 0.00512807
20 10696 1 3.93194e-007 5.47554
21 4292 0 3.54359e-007 0.00152091
22 2860 0 3.14963e-007 0.000900794
23 3164 0 2.76093e-007 0.000873559
24 1940 0 2.38689e-007 0.000463057
25 490 0 2.03512e-007 9.97207e-005
26 1196 0 1.7113e-007 0.000204672
27 1662 0 1.4192e-007 0.000235871
28 280 0 1.16076e-007 3.25012e-005
29 208 0 9.36308e-008 1.94752e-005
30 1412 0 4.11863e-008 5.81551e-005

total neg_log_likelihood: 199.14


Tags2008_R1_R1 :
tag-recapture data for tag Tags2008_R1 in years 2009 2010 , step 1, after proportion 0.5 of mortality, with sampling method age, detection probability 1, using ageing error.
Year 2009
class scanned recaptured expected_prop neg_log_likelihood
1 0 0 9.18565e-108 0
2 4 0 7.26889e-005 0.000290766
3 64 0 1.99956e-005 0.00127973
4 504 0 9.77826e-006 0.00492827
5 2700 0 4.93062e-006 0.0133127
6 6782 0 3.96175e-006 0.0268686
7 14432 0 2.29303e-006 0.033093
8 73564 0 1.80703e-007 0.0132933
9 131866 3 4.29839e-007 10.4594
10 83790 8 7.22939e-007 33.0965
11 92382 4 8.59723e-007 13.3894
12 195172 15 8.53778e-007 54.9458
13 42446 2 8.36198e-007 7.40549
14 92302 1 8.07702e-007 2.6708
15 84710 5 7.69434e-007 18.5059
16 28548 3 7.22886e-007 13.4545
17 9696 0 6.69804e-007 0.00649442
18 15462 0 6.12074e-007 0.00946389
19 14044 1 5.51619e-007 4.8682
20 5702 0 4.90292e-007 0.00279565
21 3846 0 4.29784e-007 0.00165295
22 4308 0 3.71557e-007 0.00160067
23 2672 0 3.16797e-007 0.000846481
24 684 0 2.66389e-007 0.00018221
25 1692 0 2.20919e-007 0.000373794
26 2380 0 1.80688e-007 0.000430036
27 406 0 1.45749e-007 5.91739e-005
28 306 0 1.15947e-007 3.54799e-005
29 350 0 9.09698e-008 3.18394e-005
30 1336 0 5.53282e-008 7.39184e-005

total neg_log_likelihood: 158.913


Year 2010
class scanned recaptured expected_prop neg_log_likelihood
1 0 0 9.30288e-108 0
2 8 0 1.07258e-107 0
3 40 0 7.2081e-005 0.00288334
4 532 0 1.98284e-005 0.0105488
5 2996 0 9.69651e-006 0.0290509
6 11326 0 4.88945e-006 0.0553781
7 20090 0 3.92879e-006 0.0789295
8 30112 0 2.27406e-006 0.0684765
9 107696 1 1.79213e-007 3.96693
10 135250 7 4.26269e-007 28.5562
11 71456 4 7.16896e-007 15.1154
12 77714 7 8.52532e-007 27.5915
13 162012 9 8.46634e-007 30.8184
14 34782 3 8.29197e-007 12.4585
15 74682 1 8.00937e-007 2.8763
16 67696 3 7.62988e-007 10.7332
17 22538 0 7.16828e-007 0.0161559
18 7564 0 6.64189e-007 0.00502393
19 11918 0 6.06943e-007 0.00723355
20 10696 0 5.46995e-007 0.00585066
21 4292 0 4.86182e-007 0.0020867
22 2860 0 4.26182e-007 0.00121888
23 3164 0 3.68443e-007 0.00116575
24 1940 0 3.14142e-007 0.000609436
25 490 0 2.64157e-007 0.000129437
26 1196 0 2.19068e-007 0.000262006
27 1662 0 1.79174e-007 0.000297788
28 280 0 1.44528e-007 4.04679e-005
29 208 0 1.14977e-007 2.39152e-005
30 1412 0 5.81282e-008 8.2077e-005

total neg_log_likelihood: 132.402


Tags2009_R1_R1 :
tag-recapture data for tag Tags2009_R1 in years 2010 , step 1, after proportion 0.5 of mortality, with sampling method age, detection probability 1, using ageing error.
Year 2010
class scanned recaptured expected_prop neg_log_likelihood
1 0 0 9.30288e-108 0
2 8 0 9.81717e-005 0.000785412
3 40 0 1.34564e-005 0.000538258
4 532 0 1.46798e-005 0.00780971
5 2996 0 5.27176e-006 0.0157942
6 11326 0 4.44032e-006 0.0502911
7 20090 0 1.36934e-006 0.0275101
8 30112 1 3.07469e-008 6.98572
9 107696 2 7.31388e-008 10.3887
10 135250 8 1.23011e-007 43.3903
11 71456 4 1.46286e-007 21.432
12 77714 3 1.45275e-007 15.2546
13 162012 9 1.42283e-007 46.7553
14 34782 1 1.37434e-007 5.34804
15 74682 4 1.30923e-007 21.6986
16 67696 2 1.23002e-007 10.278
17 22538 2 1.1397e-007 12.6245
18 7564 0 1.04147e-007 0.000787769
19 11918 0 9.38604e-008 0.00111863
20 10696 0 8.34253e-008 0.000892317
21 4292 0 7.31295e-008 0.000313872
22 2860 0 6.32219e-008 0.000180815
23 3164 0 5.39042e-008 0.000170553
24 1940 0 4.53272e-008 8.79347e-005
25 490 0 3.75902e-008 1.84192e-005
26 1196 0 3.07447e-008 3.67706e-005
27 1662 0 2.47997e-008 4.12171e-005
28 280 0 1.97289e-008 5.52409e-006
29 208 0 1.54789e-008 3.2196e-006
30 1412 0 9.40207e-009 1.32757e-005

total neg_log_likelihood: 194.262


Output quantities start here

* Scalar parameter values
initialization.B0 102577

* Nuisance q's

* B0
102577

* R0
6.79428e+006

* SSBs
SSB 102577 101174 97791.4 94076.3 90080.3 85884.9 81587.4 77283.9 73058.8 68980.6 65094.7 61422.1 57967.1 54724.8 51686.4 48841.7 46180 43690.2 41360.4 39179.3 37135.7 
year 1990 1991 1992 1993 1994 1995 1996 1997 1998 1999 2000 2001 2002 2003 2004 2005 2006 2007 2008 2009 2010 

* recruitments
recruitment 6.79428e+006 6.79428e+006 6.7842e+006 6.75884e+006 6.72913e+006 6.69477e+006 6.65569e+006 6.61203e+006 6.56411e+006 6.51237e+006 6.45732e+006 6.39947e+006 6.33919e+006 6.27674e+006 6.21227e+006 6.14593e+006 6.07784e+006 6.00813e+006 5.93693e+006 5.86432e+006 5.79039e+006 
year 1990 1991 1992 1993 1994 1995 1996 1997 1998 1999 2000 2001 2002 2003 2004 2005 2006 2007 2008 2009 2010 

* YCS
YCS 1 1 1 1 1 1 1 1 1 1 1 1 1 1 1 1 1 1 1 1 1 
year 1989 1990 1991 1992 1993 1994 1995 1996 1997 1998 1999 2000 2001 2002 2003 2004 2005 2006 2007 2008 2009 

* true_YCS
true_YCS 1 1 0.998517 0.994784 0.990411 0.985354 0.979601 0.973175 0.966123 0.958507 0.950405 0.941891 0.933019 0.923826 0.914338 0.904574 0.894552 0.884293 0.873813 0.863126 0.852244 
year 1989 1990 1991 1992 1993 1994 1995 1996 1997 1998 1999 2000 2001 2002 2003 2004 2005 2006 2007 2008 2009 

* fishing_pressures
pressure 0 0.072212 0.076241 0.0804856 0.0848466 0.0892393 0.0935928 0.0978485 0.101963 0.105911 0.109692 0.113318 0.116809 0.120189 0.123488 0.126736 0.129967 0.133212 0.136503 0.139871 0.143345 
year 1990 1991 1992 1993 1994 1995 1996 1997 1998 1999 2000 2001 2002 2003 2004 2005 2006 2007 2008 2009 2010 

* Numbers_at_age_R1
1990  6.3065e+006 5.40098e+006 4.62549e+006 3.96134e+006 3.39255e+006 2.90543e+006 2.48825e+006 2.13098e+006 1.825e+006 1.56296e+006 1.33854e+006 1.14635e+006 981750 840786 720061 616672 528127 452296 387353 331735 284103 243310 208374 178455 152832 130887 112094 95998.9 82214.9 490373 
1991  6.3065e+006 5.40098e+006 4.62545e+006 3.96108e+006 3.39106e+006 2.89938e+006 2.47083e+006 2.09548e+006 1.77388e+006 1.51089e+006 1.29426e+006 1.1092e+006 951022 815716 699890 600665 515600 442627 379993 326209 280012 240323 206223 176927 151761 130148 111590 95660.4 81990.6 489352 
1992  6.29715e+006 5.40098e+006 4.62545e+006 3.96101e+006 3.3905e+006 2.89629e+006 2.45871e+006 2.06172e+006 1.70708e+006 1.41642e+006 1.19851e+006 1.02774e+006 882631 759070 653603 563352 485930 419357 361993 312478 269682 232660 200618 172884 148886 128132 110196 94709.8 81351.5 486988 
1993  6.27361e+006 5.39297e+006 4.62544e+006 3.96098e+006 3.39034e+006 2.89538e+006 2.45474e+006 2.04861e+006 1.67481e+006 1.35759e+006 1.11858e+006 947538 814329 701617 605880 524217 454254 394057 342059 296987 257812 223692 193940 167982 145340 125603 108419 93479.2 80511.4 484300 
1994  6.24603e+006 5.37281e+006 4.61858e+006 3.96096e+006 3.39021e+006 2.89478e+006 2.45256e+006 2.0422e+006 1.65924e+006 1.32632e+006 1.06715e+006 880304 747447 644568 557774 484129 421253 367233 320539 279955 244518 213464 186183 162187 141074 122509 106209 91923.6 79432.8 481161 
1995  6.21414e+006 5.34919e+006 4.60131e+006 3.95507e+006 3.39009e+006 2.89422e+006 2.45064e+006 2.03724e+006 1.64907e+006 1.30835e+006 1.03762e+006 835897 691252 589053 510317 443989 387679 339479 297879 261694 230002 202087 177396 155501 136063 118812 103522 90001.2 78078.2 477434 
1996  6.17786e+006 5.32188e+006 4.58109e+006 3.94026e+006 3.38494e+006 2.89366e+006 2.44876e+006 2.03253e+006 1.64012e+006 1.29473e+006 1.01868e+006 808943 653381 542384 464441 404656 354288 311432 274590 242592 214539 189742 167682 147972 130317 114494 100329 87677.2 76413.3 472974 
1997  6.13733e+006 5.29081e+006 4.55769e+006 3.92293e+006 3.37217e+006 2.88882e+006 2.4469e+006 2.0279e+006 1.63147e+006 1.28222e+006 1.00331e+006 790474 629452 510449 425899 366882 321781 283716 251201 223078 198458 176665 157199 139692 123878 109566 96618.1 84927.9 74409.4 467629 
1998  6.09286e+006 5.2561e+006 4.53108e+006 3.90288e+006 3.35723e+006 2.87749e+006 2.44147e+006 2.02339e+006 1.62305e+006 1.27015e+006 989028 775004 612360 489673 399224 335190 290754 256896 228223 203591 182117 163134 146148 130796 116828 104067 92399 81744.3 72047.2 461251 
1999  6.04483e+006 5.21801e+006 4.50136e+006 3.88007e+006 3.33998e+006 2.86433e+006 2.43062e+006 2.01605e+006 1.61493e+006 1.25851e+006 975340 760604 597805 474425 381496 313070 264766 231439 206105 184541 165875 149447 134761 121456 109281 98066.8 87706 78135.6 69319.5 453696 
2000  5.99373e+006 5.17688e+006 4.46873e+006 3.8546e+006 3.32037e+006 2.84922e+006 2.41828e+006 2.00436e+006 1.60477e+006 1.24737e+006 962245 746892 584277 461322 368243 298136 246513 210153 185212 166287 150066 135897 123284 111865 101382 91662.6 82598.8 74131.7 66234.7 444839 
2001  5.94004e+006 5.13312e+006 4.4335e+006 3.82665e+006 3.29849e+006 2.83212e+006 2.40436e+006 1.9916e+006 1.59136e+006 1.23491e+006 949774 733853 571467 449171 356792 286824 234042 195130 167769 149111 134973 122751 111957 102226 93291.9 84975 77159.8 69782.9 62818.2 434580 
2002  5.88409e+006 5.08713e+006 4.39603e+006 3.79647e+006 3.27449e+006 2.81311e+006 2.38882e+006 1.97765e+006 1.57731e+006 1.2202e+006 936523 721486 559341 437715 346197 277016 224504 184771 155411 134791 120818 110239 100999 92735.7 85179.2 78139.4 71490.4 65159.1 59112.8 422856 
2003  5.82611e+006 5.03922e+006 4.35664e+006 3.76437e+006 3.24859e+006 2.7923e+006 2.37171e+006 1.96249e+006 1.56252e+006 1.20522e+006 921784 708702 547875 426908 336241 267958 216213 176788 146827 124615 109028 98533.1 90592.4 83573.6 77207.2 71296.1 65704 60345.7 55177.7 409649 
2004  5.76628e+006 4.98957e+006 4.31561e+006 3.73063e+006 3.22104e+006 2.76988e+006 2.35313e+006 1.94614e+006 1.54692e+006 1.18987e+006 907030 694949 536221 416711 326872 259466 208566 169837 140174 117505 100628 88791.4 80876 74887.8 69522.7 64580.9 59918.3 55438.4 51085.3 394997 
2005  5.70468e+006 4.93832e+006 4.27308e+006 3.69548e+006 3.1921e+006 2.74606e+006 2.33323e+006 1.92866e+006 1.5305e+006 1.17406e+006 892148 681320 523945 406460 318043 251488 201410 163431 134371 111968 94731.3 81836.8 72794.6 66790.8 62247.6 58115.6 54246.8 50536.2 46916.2 378991 
2006  5.64148e+006 4.88555e+006 4.22919e+006 3.65905e+006 3.16195e+006 2.72107e+006 2.31218e+006 1.91015e+006 1.5133e+006 1.15777e+006 877051 667705 511857 395816 309236 243976 194692 157441 129025 107131 90121.3 76934.5 67015 60058.9 55473.5 52001.1 48791.3 45734.5 42754.3 361777 
2007  5.57678e+006 4.83143e+006 4.184e+006 3.62145e+006 3.1307e+006 2.69505e+006 2.29016e+006 1.89074e+006 1.49536e+006 1.14096e+006 861678 654013 499853 385376 300180 236520 188369 151822 124030 102675 86088.2 73089.5 62927.5 55237.3 49843 46312.5 43635.6 41118.5 38679.9 343550 
2008  5.51068e+006 4.77602e+006 4.13764e+006 3.58274e+006 3.09846e+006 2.66811e+006 2.26728e+006 1.87054e+006 1.47674e+006 1.12365e+006 845991 640178 487850 375052 291322 228910 182116 146532 119343 98512.8 82372.8 69721.3 59712.5 51817.8 45805 41585 38842.2 36758.7 34765.1 324545 
2009  5.44327e+006 4.7194e+006 4.09019e+006 3.54304e+006 3.06527e+006 2.64031e+006 2.24361e+006 1.84965e+006 1.45753e+006 1.10586e+006 829968 626154 475783 364767 282586 221479 175766 141313 114930 94607.1 78901.3 66617.4 56892.7 49121.7 42934.6 38191.1 34859.1 32707.3 31069 305021 
2010  5.37468e+006 4.66167e+006 4.0417e+006 3.50239e+006 3.03122e+006 2.6117e+006 2.21923e+006 1.8281e+006 1.43774e+006 1.08761e+006 813607 611907 463605 354463 273906 214164 169574 136036 110584 90926.6 75642.9 63716.6 54293.2 46754.4 40666.8 35773.7 31996.9 29340.9 27635.7 285249 

Output quantities finish here

Unused parameters:
annual_cycle.fishery_areas annual_cycle.migrate_from annual_cycle.migrate_to annual_cycle.migration_names annual_cycle.migration_times annual_cycle.n_migrations annual_cycle.recruitment_areas annual_cycle.spawning_all_areas area_names recruitment.p_male recruitment.year_range tag[Tags2005_R1_LL].area tag[Tags2005_R1_LL].sex tag[Tags2006_R1_LL].area tag[Tags2006_R1_LL].sex tag[Tags2007_R1_LL].area tag[Tags2007_R1_LL].sex tag[Tags2008_R1_LL].area tag[Tags2008_R1_LL].sex tag[Tags2009_R1_LL].area tag[Tags2009_R1_LL].sex MCMC.adapt_at MCMC.adaptive_stepsize MCMC.burn_in MCMC.keep MCMC.length MCMC.start MCMC.stepsize profile[1].l profile[1].n profile[1].parameter profile[1].u tag_recapture[Tags2005_R1_R1].area tag_recapture[Tags2006_R1_R1].area tag_recapture[Tags2007_R1_R1].area tag_recapture[Tags2008_R1_R1].area tag_recapture[Tags2009_R1_R1].area n_projections numbers_at[Numbers_at_age_R1].area print.yields 
