CASAL (C++ algorithmic stock assessment laboratory)
Call: casal -e -O C:/Users/STA384/Documents/GitHub/planetfish2_bugs/Output/TOA_bug_1/casalout_mpd.dat -f C:/Users/STA384/Documents/GitHub/planetfish2_bugs/Output/TOA_bug_1/casal_ 
Date: Tue Jun 25 08:55:31 2019
v2.30-2012-03-21 00:22:59 UTC (rev.4648)  (c) Copyright 2002-2012, NIWA
User name: sta384
Machine name: MACKEREL-HF (Microsoft Windows, PID=11920)

Prefix for the input parameter filenames : C:/Users/STA384/Documents/GitHub/planetfish2_bugs/Output/TOA_bug_1/casal_

Random number seed : 16931

Estimation parameters:
Stored as strings: 
  MCMC.adapt_at                 	1e+05 2e+05 3e+05 4e+05
  MCMC.adaptive_stepsize        	True
  MCMC.burn_in                  	500
  MCMC.keep                     	1000
  MCMC.length                   	1500000
  MCMC.start                    	0
  MCMC.stepsize                 	0.01
  ageing_error.c                	0
  ageing_error.type             	normal
  catch_at[LL_catchA].2000      	0 0 0 0 0.003 0.019 0.067 0.11 0.162 0.144 0.141 0.078 0.067 0.055 0.036 0.024 0.022 0.015 0.008 0.012 0.008 0.006 0.004 0.005 0.004 0.003 0.002 0.001 0 0.001 0 0.001 0 0.001 0.001
  catch_at[LL_catchA].2001      	0 0 0 0 0.006 0.023 0.064 0.119 0.159 0.15 0.111 0.092 0.066 0.038 0.033 0.032 0.022 0.015 0.019 0.011 0.007 0.01 0.004 0.006 0.001 0 0.002 0.002 0.003 0 0.002 0 0 0.001 0.002
  catch_at[LL_catchA].2002      	0 0 0 0 0.005 0.013 0.048 0.112 0.163 0.16 0.12 0.089 0.072 0.048 0.035 0.027 0.025 0.014 0.016 0.011 0.011 0.006 0.005 0.006 0.003 0.004 0.001 0.001 0.001 0.001 0.001 0 0 0 0.002
  catch_at[LL_catchA].2003      	0 0 0 0 0.002 0.023 0.085 0.134 0.186 0.146 0.097 0.083 0.064 0.047 0.036 0.023 0.018 0.013 0.008 0.008 0.007 0.002 0.005 0.003 0.004 0.002 0.002 0.001 0 0 0 0 0 0 0.001
  catch_at[LL_catchA].2004      	0 0 0 0.003 0.007 0.018 0.056 0.106 0.178 0.16 0.098 0.078 0.074 0.059 0.041 0.033 0.019 0.017 0.009 0.015 0.004 0.002 0.001 0.008 0.004 0.002 0 0.002 0 0.002 0.001 0.001 0.001 0 0.001
  catch_at[LL_catchA].2005      	0 0 0 0.001 0.006 0.019 0.073 0.116 0.191 0.171 0.114 0.087 0.041 0.051 0.041 0.02 0.013 0.016 0.004 0.011 0.005 0.003 0.002 0.005 0.004 0.002 0.001 0.001 0 0 0 0.001 0 0 0.001
  catch_at[LL_catchA].2006      	0 0 0 0.002 0.001 0.019 0.06 0.11 0.214 0.161 0.124 0.078 0.069 0.043 0.024 0.028 0.02 0.007 0.01 0.008 0.005 0.002 0.004 0.003 0.003 0.002 0 0.001 0.001 0 0 0 0 0 0.001
  catch_at[LL_catchA].2007      	0 0 0 0 0.009 0.027 0.069 0.124 0.18 0.162 0.113 0.101 0.049 0.049 0.034 0.021 0.013 0.016 0.009 0.006 0.005 0.003 0 0.002 0.002 0.001 0 0 0 0.002 0 0 0.001 0.001 0.001
  catch_at[LL_catchA].2008      	0 0 0.002 0.001 0.009 0.016 0.06 0.131 0.178 0.184 0.115 0.084 0.054 0.038 0.03 0.032 0.012 0.013 0.012 0.004 0.007 0.002 0.004 0.003 0.003 0.002 0.002 0.001 0 0 0 0 0 0 0.001
  catch_at[LL_catchA].2009      	0 0 0 0.001 0.003 0.021 0.059 0.149 0.187 0.152 0.099 0.1 0.064 0.043 0.034 0.027 0.021 0.011 0.008 0.007 0.003 0.003 0.001 0.002 0.002 0.002 0.001 0 0 0 0 0 0 0 0
  catch_at[LL_catchA].2010      	0 0 0 0.001 0.005 0.022 0.065 0.147 0.202 0.169 0.121 0.073 0.064 0.036 0.024 0.019 0.011 0.01 0.003 0.008 0.006 0.003 0.002 0.005 0.001 0.001 0.001 0 0.001 0 0 0 0 0 0
  catch_at[LL_catchA].N_2000    	100
  catch_at[LL_catchA].N_2001    	100
  catch_at[LL_catchA].N_2002    	100
  catch_at[LL_catchA].N_2003    	100
  catch_at[LL_catchA].N_2004    	100
  catch_at[LL_catchA].N_2005    	100
  catch_at[LL_catchA].N_2006    	100
  catch_at[LL_catchA].N_2007    	100
  catch_at[LL_catchA].N_2008    	100
  catch_at[LL_catchA].N_2009    	100
  catch_at[LL_catchA].N_2010    	100
  catch_at[LL_catchA].at_size   	False
  catch_at[LL_catchA].dist      	multinomial
  catch_at[LL_catchA].fishery   	LL
  catch_at[LL_catchA].max_class 	35
  catch_at[LL_catchA].min_class 	1
  catch_at[LL_catchA].plus_group	True
  catch_at[LL_catchA].r         	1e-11
  catch_at[LL_catchA].sexed     	False
  catch_at[LL_catchA].sum_to_one	False
  catch_at[LL_catchA].years     	2000 2001 2002 2003 2004 2005 2006 2007 2008 2009 2010
  catch_limit_penalty[1].fishery	LL
  catch_limit_penalty[1].label  	LL_Penalty
  catch_limit_penalty[1].log_scale	True
  catch_limit_penalty[1].multiplier	1000
  estimate[1].lower_bound       	1
  estimate[1].parameter         	q[qLL].q
  estimate[1].phase             	1
  estimate[1].prior             	uniform
  estimate[1].upper_bound       	1
  estimate[2].lower_bound       	5000
  estimate[2].parameter         	initialization.B0
  estimate[2].prior             	uniform
  estimate[2].upper_bound       	5e+05
  estimate[3].cv                	1 1 1 1 1 1 1 1 1 1 1 1 1 1 1 1 1 1 1 1 1
  estimate[3].lower_bound       	1 1 1 1 1 1 1 1 1 1 1 1 1 1 1 1 1 1 1 1 1
  estimate[3].mu                	1 1 1 1 1 1 1 1 1 1 1 1 1 1 1 1 1 1 1 1 1
  estimate[3].parameter         	recruitment.YCS
  estimate[3].prior             	lognormal
  estimate[3].upper_bound       	1 1 1 1 1 1 1 1 1 1 1 1 1 1 1 1 1 1 1 1 1
  estimator                     	Bayes
  fish_tagged_penalty[1].label  	Penalty_Tags2005_R1_LL
  fish_tagged_penalty[1].multiplier	1
  fish_tagged_penalty[1].tagging_episode	Tags2005_R1_LL
  fish_tagged_penalty[2].label  	Penalty_Tags2006_R1_LL
  fish_tagged_penalty[2].multiplier	1
  fish_tagged_penalty[2].tagging_episode	Tags2006_R1_LL
  fish_tagged_penalty[3].label  	Penalty_Tags2007_R1_LL
  fish_tagged_penalty[3].multiplier	1
  fish_tagged_penalty[3].tagging_episode	Tags2007_R1_LL
  fish_tagged_penalty[4].label  	Penalty_Tags2008_R1_LL
  fish_tagged_penalty[4].multiplier	1
  fish_tagged_penalty[4].tagging_episode	Tags2008_R1_LL
  fish_tagged_penalty[5].label  	Penalty_Tags2009_R1_LL
  fish_tagged_penalty[5].multiplier	1
  fish_tagged_penalty[5].tagging_episode	Tags2009_R1_LL
  grad_tol                      	0.001
  max_evals                     	10000
  max_iters                     	1600
  profile[1].l                  	40000
  profile[1].n                  	11
  profile[1].parameter          	initialization.B0
  profile[1].u                  	130000
  q_method                      	nuisance
  tag_recapture[Tags2005_R1_R1].area	R1
  tag_recapture[Tags2005_R1_R1].class_mins	100 150 200 250 300 350 400 450 500 550 600 650 700 750 800 850 900 950 1000 1050 1100 1150 1200 1250 1300 1350 1400 1450 1500 1550 1600 1650 1700 1750 1800 1850 1900 1950 2000 2050
  tag_recapture[Tags2005_R1_R1].detection_probability	1
  tag_recapture[Tags2005_R1_R1].dispersion	1
  tag_recapture[Tags2005_R1_R1].do_bootstrap	True
  tag_recapture[Tags2005_R1_R1].plus_group	False
  tag_recapture[Tags2005_R1_R1].proportion_mortality	0.5
  tag_recapture[Tags2005_R1_R1].r	1e-11
  tag_recapture[Tags2005_R1_R1].recaptured_2006	0 0 0 0 0 0 0 0 0 0 0 0 0.2 0.4 0.9 2.1 4.2 7.4 12 17.6 23.7 28.9 32.5 33.8 32.4 28.9 24 18.7 13.6 9.4 6.1 3.7 2.2 1.2 0.7 0.3 0.2 0 0
  tag_recapture[Tags2005_R1_R1].recaptured_2007	0 0 0 0 0 0 0 0 0 0 0 0 0 0.2 0.6 1.3 2.7 4.8 8.2 12.5 17.3 22.1 25.8 27.7 27.5 25.4 21.8 17.4 13.1 9.2 6.1 3.8 2.2 1.2 0.7 0.3 0.2 0 0
  tag_recapture[Tags2005_R1_R1].recaptured_2008	0 0 0 0 0 0 0 0 0 0 0 0 0 0 0.2 0.6 1.1 2.2 3.8 6.1 8.9 11.9 14.6 16.6 17.3 16.7 15 12.5 9.7 7.1 4.8 3 1.8 1 0.6 0.2 0.2 0 0
  tag_recapture[Tags2005_R1_R1].recaptured_2009	0 0 0 0 0 0 0 0 0 0 0 0 0 0 0 0.2 0.5 1 1.9 3.2 5 7.1 9.4 11.4 12.7 13 12.4 11 9.1 7 5 3.3 2.1 1.2 0.6 0.3 0.2 0 0
  tag_recapture[Tags2005_R1_R1].recaptured_2010	0 0 0 0 0 0 0 0 0 0 0 0 0 0 0 0.1 0.3 0.6 1.1 2 3.1 4.5 6.1 7.6 8.8 9.4 9.2 8.4 7.1 5.6 4.1 2.8 1.8 1.1 0.6 0.3 0.2 0 0
  tag_recapture[Tags2005_R1_R1].sample	size
  tag_recapture[Tags2005_R1_R1].scanned_2006	0 0 0 0 0 0 0 2 10 30 86 226 542 1184 2348 4240 6978 10500 14488 18400 21586 23494 23836 22648 20256 17136 13770 10546 7720 5408 3626 2326 1426 834 464 246 124 60 0
  tag_recapture[Tags2005_R1_R1].scanned_2007	0 0 0 0 0 0 0 4 10 30 88 230 552 1204 2388 4310 7088 10658 14694 18638 21836 23728 24024 22774 20316 17134 13722 10472 7636 5326 3556 2270 1386 808 448 236 118 56 0
  tag_recapture[Tags2005_R1_R1].scanned_2008	0 0 0 0 0 0 0 4 10 30 88 234 560 1224 2428 4378 7196 10812 14892 18870 22076 23948 24202 22892 20368 17128 13674 10400 7554 5250 3490 2220 1350 782 432 228 114 54 0
  tag_recapture[Tags2005_R1_R1].scanned_2009	0 0 0 0 0 0 0 4 10 32 90 238 570 1244 2466 4446 7304 10966 15090 19096 22310 24162 24370 23000 20412 17118 13622 10326 7474 5176 3428 2174 1316 760 418 220 110 52 0
  tag_recapture[Tags2005_R1_R1].scanned_2010	0 0 0 0 0 0 0 4 10 32 92 242 580 1266 2506 4516 7414 11120 15286 19320 22540 24372 24534 23102 20452 17102 13568 10252 7396 5104 3370 2128 1284 740 406 212 106 50 0
  tag_recapture[Tags2005_R1_R1].step	1
  tag_recapture[Tags2005_R1_R1].tag_name	Tags2005_R1
  tag_recapture[Tags2005_R1_R1].years	2006 2007 2008 2009 2010
  tag_recapture[Tags2006_R1_R1].area	R1
  tag_recapture[Tags2006_R1_R1].class_mins	100 150 200 250 300 350 400 450 500 550 600 650 700 750 800 850 900 950 1000 1050 1100 1150 1200 1250 1300 1350 1400 1450 1500 1550 1600 1650 1700 1750 1800 1850 1900 1950 2000 2050
  tag_recapture[Tags2006_R1_R1].detection_probability	1
  tag_recapture[Tags2006_R1_R1].dispersion	1
  tag_recapture[Tags2006_R1_R1].do_bootstrap	True
  tag_recapture[Tags2006_R1_R1].plus_group	False
  tag_recapture[Tags2006_R1_R1].proportion_mortality	0.5
  tag_recapture[Tags2006_R1_R1].r	1e-11
  tag_recapture[Tags2006_R1_R1].recaptured_2007	0 0 0 0 0 0 0 0 0 0 0 0 0.2 0.5 1.2 2.6 5 8.7 13.8 19.7 25.7 30.9 34 34.7 32.8 29 24 18.5 13.5 9.2 5.9 3.6 2.1 1.1 0.6 0.3 0.2 0 0
  tag_recapture[Tags2006_R1_R1].recaptured_2008	0 0 0 0 0 0 0 0 0 0 0 0 0 0.2 0.6 1.2 2.5 4.5 7.4 11.3 15.6 19.9 23.2 25.1 25.1 23.3 20.2 16.4 12.4 8.9 5.9 3.8 2.2 1.2 0.7 0.3 0.2 0 0
  tag_recapture[Tags2006_R1_R1].recaptured_2009	0 0 0 0 0 0 0 0 0 0 0 0 0 0 0.2 0.6 1.2 2.3 4.1 6.7 10 13.6 16.9 19.3 20.4 19.9 18 15.1 11.9 8.7 6 3.9 2.3 1.4 0.8 0.4 0.2 0 0
  tag_recapture[Tags2006_R1_R1].recaptured_2010	0 0 0 0 0 0 0 0 0 0 0 0 0 0 0.2 0.3 0.7 1.3 2.5 4.1 6.2 8.5 10.7 12.3 13.2 13.1 11.9 10.1 8 5.9 4.1 2.6 1.6 0.9 0.5 0.2 0.2 0 0
  tag_recapture[Tags2006_R1_R1].sample	size
  tag_recapture[Tags2006_R1_R1].scanned_2007	0 0 0 0 0 0 0 4 10 30 88 230 552 1204 2388 4310 7088 10658 14694 18638 21836 23728 24024 22774 20316 17134 13722 10472 7636 5326 3556 2270 1386 808 448 236 118 56 0
  tag_recapture[Tags2006_R1_R1].scanned_2008	0 0 0 0 0 0 0 4 10 30 88 234 560 1224 2428 4378 7196 10812 14892 18870 22076 23948 24202 22892 20368 17128 13674 10400 7554 5250 3490 2220 1350 782 432 228 114 54 0
  tag_recapture[Tags2006_R1_R1].scanned_2009	0 0 0 0 0 0 0 4 10 32 90 238 570 1244 2466 4446 7304 10966 15090 19096 22310 24162 24370 23000 20412 17118 13622 10326 7474 5176 3428 2174 1316 760 418 220 110 52 0
  tag_recapture[Tags2006_R1_R1].scanned_2010	0 0 0 0 0 0 0 4 10 32 92 242 580 1266 2506 4516 7414 11120 15286 19320 22540 24372 24534 23102 20452 17102 13568 10252 7396 5104 3370 2128 1284 740 406 212 106 50 0
  tag_recapture[Tags2006_R1_R1].step	1
  tag_recapture[Tags2006_R1_R1].tag_name	Tags2006_R1
  tag_recapture[Tags2006_R1_R1].years	2007 2008 2009 2010
  tag_recapture[Tags2007_R1_R1].area	R1
  tag_recapture[Tags2007_R1_R1].class_mins	100 150 200 250 300 350 400 450 500 550 600 650 700 750 800 850 900 950 1000 1050 1100 1150 1200 1250 1300 1350 1400 1450 1500 1550 1600 1650 1700 1750 1800 1850 1900 1950 2000 2050
  tag_recapture[Tags2007_R1_R1].detection_probability	1
  tag_recapture[Tags2007_R1_R1].dispersion	1
  tag_recapture[Tags2007_R1_R1].do_bootstrap	True
  tag_recapture[Tags2007_R1_R1].plus_group	False
  tag_recapture[Tags2007_R1_R1].proportion_mortality	0.5
  tag_recapture[Tags2007_R1_R1].r	1e-11
  tag_recapture[Tags2007_R1_R1].recaptured_2008	0 0 0 0 0 0 0 0 0 0 0 0 0.2 0.5 1.1 2.5 4.8 8.6 13.9 20.1 26.6 32 35.3 35.7 33.4 29 23.3 17.6 12.4 8.2 5.1 3.1 1.7 0.9 0.5 0.2 0.1 0 0
  tag_recapture[Tags2007_R1_R1].recaptured_2009	0 0 0 0 0 0 0 0 0 0 0 0 0 0.2 0.5 1.1 2.3 4.3 7.4 11.3 15.8 20.3 23.9 25.9 25.9 24.1 20.9 16.9 12.8 9.1 6 3.8 2.2 1.2 0.6 0.3 0.2 0 0
  tag_recapture[Tags2007_R1_R1].recaptured_2010	0 0 0 0 0 0 0 0 0 0 0 0 0 0.1 0.2 0.6 1.3 2.5 4.3 6.7 9.9 13.2 16.2 18.5 19.5 19.1 17.4 14.7 11.6 8.6 5.9 3.8 2.3 1.3 0.7 0.4 0.2 0 0
  tag_recapture[Tags2007_R1_R1].sample	size
  tag_recapture[Tags2007_R1_R1].scanned_2008	0 0 0 0 0 0 0 4 10 30 88 234 560 1224 2428 4378 7196 10812 14892 18870 22076 23948 24202 22892 20368 17128 13674 10400 7554 5250 3490 2220 1350 782 432 228 114 54 0
  tag_recapture[Tags2007_R1_R1].scanned_2009	0 0 0 0 0 0 0 4 10 32 90 238 570 1244 2466 4446 7304 10966 15090 19096 22310 24162 24370 23000 20412 17118 13622 10326 7474 5176 3428 2174 1316 760 418 220 110 52 0
  tag_recapture[Tags2007_R1_R1].scanned_2010	0 0 0 0 0 0 0 4 10 32 92 242 580 1266 2506 4516 7414 11120 15286 19320 22540 24372 24534 23102 20452 17102 13568 10252 7396 5104 3370 2128 1284 740 406 212 106 50 0
  tag_recapture[Tags2007_R1_R1].step	1
  tag_recapture[Tags2007_R1_R1].tag_name	Tags2007_R1
  tag_recapture[Tags2007_R1_R1].years	2008 2009 2010
  tag_recapture[Tags2008_R1_R1].area	R1
  tag_recapture[Tags2008_R1_R1].class_mins	100 150 200 250 300 350 400 450 500 550 600 650 700 750 800 850 900 950 1000 1050 1100 1150 1200 1250 1300 1350 1400 1450 1500 1550 1600 1650 1700 1750 1800 1850 1900 1950 2000 2050
  tag_recapture[Tags2008_R1_R1].detection_probability	1
  tag_recapture[Tags2008_R1_R1].dispersion	1
  tag_recapture[Tags2008_R1_R1].do_bootstrap	True
  tag_recapture[Tags2008_R1_R1].plus_group	False
  tag_recapture[Tags2008_R1_R1].proportion_mortality	0.5
  tag_recapture[Tags2008_R1_R1].r	1e-11
  tag_recapture[Tags2008_R1_R1].recaptured_2009	0 0 0 0 0 0 0 0 0 0 0 0 0.2 0.4 1.2 2.5 4.9 8.8 14.1 20.3 26.9 32.5 36.1 37.1 35.2 31.2 25.6 19.9 14.4 9.8 6.3 3.9 2.2 1.3 0.7 0.3 0.2 0 0
  tag_recapture[Tags2008_R1_R1].recaptured_2010	0 0 0 0 0 0 0 0 0 0 0 0 0 0.2 0.5 1.3 2.5 4.7 8 12.2 16.9 21.4 24.8 26.6 26.3 24.2 20.7 16.6 12.4 8.7 5.7 3.6 2.1 1.1 0.6 0.3 0.2 0 0
  tag_recapture[Tags2008_R1_R1].sample	size
  tag_recapture[Tags2008_R1_R1].scanned_2009	0 0 0 0 0 0 0 4 10 32 90 238 570 1244 2466 4446 7304 10966 15090 19096 22310 24162 24370 23000 20412 17118 13622 10326 7474 5176 3428 2174 1316 760 418 220 110 52 0
  tag_recapture[Tags2008_R1_R1].scanned_2010	0 0 0 0 0 0 0 4 10 32 92 242 580 1266 2506 4516 7414 11120 15286 19320 22540 24372 24534 23102 20452 17102 13568 10252 7396 5104 3370 2128 1284 740 406 212 106 50 0
  tag_recapture[Tags2008_R1_R1].step	1
  tag_recapture[Tags2008_R1_R1].tag_name	Tags2008_R1
  tag_recapture[Tags2008_R1_R1].years	2009 2010
  tag_recapture[Tags2009_R1_R1].area	R1
  tag_recapture[Tags2009_R1_R1].class_mins	100 150 200 250 300 350 400 450 500 550 600 650 700 750 800 850 900 950 1000 1050 1100 1150 1200 1250 1300 1350 1400 1450 1500 1550 1600 1650 1700 1750 1800 1850 1900 1950 2000 2050
  tag_recapture[Tags2009_R1_R1].detection_probability	1
  tag_recapture[Tags2009_R1_R1].dispersion	1
  tag_recapture[Tags2009_R1_R1].do_bootstrap	True
  tag_recapture[Tags2009_R1_R1].plus_group	False
  tag_recapture[Tags2009_R1_R1].proportion_mortality	0.5
  tag_recapture[Tags2009_R1_R1].r	1e-11
  tag_recapture[Tags2009_R1_R1].recaptured_2010	0 0 0 0 0 0 0 0 0 0 0 0 0.2 0.6 1.4 3.1 6 10.5 16.7 24 31.5 37.9 41.9 42.8 40.3 35.4 28.9 22 15.8 10.6 6.7 4 2.2 1.2 0.6 0.2 0.2 0 0
  tag_recapture[Tags2009_R1_R1].sample	size
  tag_recapture[Tags2009_R1_R1].scanned_2010	0 0 0 0 0 0 0 4 10 32 92 242 580 1266 2506 4516 7414 11120 15286 19320 22540 24372 24534 23102 20452 17102 13568 10252 7396 5104 3370 2128 1284 740 406 212 106 50 0
  tag_recapture[Tags2009_R1_R1].step	1
  tag_recapture[Tags2009_R1_R1].tag_name	Tags2009_R1
  tag_recapture[Tags2009_R1_R1].years	2010
  vector_average_penalty[1].k   	1
  vector_average_penalty[1].label	meanYCS_1
  vector_average_penalty[1].multiplier	100
  vector_average_penalty[1].vector	recruitment.YCS
Stored as DOUBLEs: 
Stored as VECTORs: 
Stored as OGIVEs: 

Population parameters:
Stored as strings: 
  annual_cycle.M_props          	1
  annual_cycle.aging_time       	1
  annual_cycle.baranov          	False
  annual_cycle.fishery_areas    	R1
  annual_cycle.fishery_names    	LL
  annual_cycle.fishery_times    	1
  annual_cycle.growth_props     	0
  annual_cycle.n_migrations     	0
  annual_cycle.recruitment_areas	R1
  annual_cycle.recruitment_time 	1
  annual_cycle.spawning_all_areas	1
  annual_cycle.spawning_p       	1
  annual_cycle.spawning_part_mort	1
  annual_cycle.spawning_time    	1
  annual_cycle.spawning_use_total_B	False
  annual_cycle.time_steps       	1
  area_names                    	R1
  current                       	2010
  final                         	2045
  first_random_year             	2007
  fishery[LL].U_max             	0.95
  fishery[LL].catches           	0 6000 6000 6000 6000 6000 6000 6000 6000 6000 6000 6000 6000 6000 6000 6000 6000 6000 6000 6000 6000
  fishery[LL].future_constant_catches	200
  fishery[LL].selectivity       	SelLL
  fishery[LL].years             	1990 1991 1992 1993 1994 1995 1996 1997 1998 1999 2000 2001 2002 2003 2004 2005 2006 2007 2008 2009 2010
  initial                       	1990
  initialization.B0             	81508
  mature_partition              	False
  maturity_props.all            	allvalues  0.0023 0.0035 0.0056 0.0087 0.0136 0.0213 0.0331 0.0511 0.0781 0.1176 0.1732 0.2479 0.3415 0.4492 0.562 0.6687 0.7604 0.8331 0.8871 0.9251 0.9511 0.9683 0.9796 0.987 0.9917 0.9947 0.9966 0.9978 0.9986 0.9991 0.9994 0.9996 0.9998 0.9999 0.9999
  max_age                       	35
  min_age                       	1
  n_areas                       	1
  n_stocks                      	1
  n_tags                        	5
  natural_mortality.all         	0.13
  plus_group                    	True
  randomisation_method          	lognormal
  recruitment.SR                	BH
  recruitment.YCS               	1 1 1 1 1 1 1 1 1 1 1 1 1 1 1 1 1 1 1 1 1
  recruitment.YCS_years         	1989 1990 1991 1992 1993 1994 1995 1996 1997 1998 1999 2000 2001 2002 2003 2004 2005 2006 2007 2008 2009
  recruitment.first_free        	1989
  recruitment.last_free         	2006
  recruitment.p_male            	0.5
  recruitment.rho               	0
  recruitment.sigma_r           	0
  recruitment.steepness         	0.75
  recruitment.year_range        	1989 2006
  selectivity[SelLL].all        	double_normal 10 2 10
  selectivity_names             	SelLL
  sex_partition                 	False
  size_at_age.Linf              	1565
  size_at_age.by_length         	True
  size_at_age.cv                	0.122
  size_at_age.k                 	0.146
  size_at_age.t0                	0.015
  size_at_age_dist              	normal
  size_at_age_type              	von_Bert
  size_based                    	False
  size_weight.a                 	3.0088e-12
  size_weight.b                 	3.2064
  size_weight.verify_size_weight	500 0.5 1.5
  standardise_YCS               	True
  tag[Tags2005_R1_LL].area      	R1
  tag[Tags2005_R1_LL].class_mins	100 150 200 250 300 350 400 450 500 550 600 650 700 750 800 850 900 950 1000 1050 1100 1150 1200 1250 1300 1350 1400 1450 1500 1550 1600 1650 1700 1750 1800 1850 1900 1950 2000 2050
  tag[Tags2005_R1_LL].mature_only	False
  tag[Tags2005_R1_LL].mortality 	0.1
  tag[Tags2005_R1_LL].number    	2499
  tag[Tags2005_R1_LL].ogive     	SelLL
  tag[Tags2005_R1_LL].plus_group	False
  tag[Tags2005_R1_LL].props_all 	0 0 0 0 0 0 0 0 0 1e-04 3e-04 8e-04 0.0021 0.0048 0.0097 0.0176 0.0291 0.044 0.0608 0.0774 0.091 0.0993 0.101 0.0963 0.0865 0.0736 0.0596 0.0461 0.034 0.0241 0.0164 0.0106 0.0066 0.0039 0.0022 0.0012 6e-04 3e-04 0
  tag[Tags2005_R1_LL].release_type	deterministic
  tag[Tags2005_R1_LL].sex       	both
  tag[Tags2005_R1_LL].step      	1
  tag[Tags2005_R1_LL].tag_name  	Tags2005_R1
  tag[Tags2005_R1_LL].year      	2005
  tag[Tags2006_R1_LL].area      	R1
  tag[Tags2006_R1_LL].class_mins	100 150 200 250 300 350 400 450 500 550 600 650 700 750 800 850 900 950 1000 1050 1100 1150 1200 1250 1300 1350 1400 1450 1500 1550 1600 1650 1700 1750 1800 1850 1900 1950 2000 2050
  tag[Tags2006_R1_LL].mature_only	False
  tag[Tags2006_R1_LL].mortality 	0.1
  tag[Tags2006_R1_LL].number    	2500
  tag[Tags2006_R1_LL].ogive     	SelLL
  tag[Tags2006_R1_LL].plus_group	False
  tag[Tags2006_R1_LL].props_all 	0 0 0 0 0 0 0 0 1e-04 2e-04 3e-04 8e-04 0.002 0.0047 0.0096 0.0177 0.0294 0.0445 0.0615 0.0783 0.092 0.1003 0.1019 0.097 0.0869 0.0736 0.0591 0.0453 0.0331 0.0231 0.0155 0.0099 0.006 0.0035 0.002 0.001 5e-04 2e-04 0
  tag[Tags2006_R1_LL].release_type	deterministic
  tag[Tags2006_R1_LL].sex       	both
  tag[Tags2006_R1_LL].step      	1
  tag[Tags2006_R1_LL].tag_name  	Tags2006_R1
  tag[Tags2006_R1_LL].year      	2006
  tag[Tags2007_R1_LL].area      	R1
  tag[Tags2007_R1_LL].class_mins	100 150 200 250 300 350 400 450 500 550 600 650 700 750 800 850 900 950 1000 1050 1100 1150 1200 1250 1300 1350 1400 1450 1500 1550 1600 1650 1700 1750 1800 1850 1900 1950 2000 2050
  tag[Tags2007_R1_LL].mature_only	False
  tag[Tags2007_R1_LL].mortality 	0.1
  tag[Tags2007_R1_LL].number    	2500
  tag[Tags2007_R1_LL].ogive     	SelLL
  tag[Tags2007_R1_LL].plus_group	False
  tag[Tags2007_R1_LL].props_all 	0 0 0 0 0 0 0 0 0 1e-04 4e-04 0.0011 0.0025 0.0054 0.0106 0.0189 0.0307 0.0458 0.0626 0.079 0.0921 0.1 0.1013 0.0962 0.086 0.0726 0.0582 0.0444 0.0323 0.0225 0.015 0.0095 0.0058 0.0034 0.0019 0.001 5e-04 2e-04 0
  tag[Tags2007_R1_LL].release_type	deterministic
  tag[Tags2007_R1_LL].sex       	both
  tag[Tags2007_R1_LL].step      	1
  tag[Tags2007_R1_LL].tag_name  	Tags2007_R1
  tag[Tags2007_R1_LL].year      	2007
  tag[Tags2008_R1_LL].area      	R1
  tag[Tags2008_R1_LL].class_mins	100 150 200 250 300 350 400 450 500 550 600 650 700 750 800 850 900 950 1000 1050 1100 1150 1200 1250 1300 1350 1400 1450 1500 1550 1600 1650 1700 1750 1800 1850 1900 1950 2000 2050
  tag[Tags2008_R1_LL].mature_only	False
  tag[Tags2008_R1_LL].mortality 	0.1
  tag[Tags2008_R1_LL].number    	2500
  tag[Tags2008_R1_LL].ogive     	SelLL
  tag[Tags2008_R1_LL].plus_group	False
  tag[Tags2008_R1_LL].props_all 	0 0 0 0 0 0 0 0 1e-04 2e-04 5e-04 0.0011 0.0026 0.0054 0.0106 0.0189 0.0308 0.0462 0.0635 0.0803 0.0938 0.1016 0.1024 0.0965 0.0855 0.0716 0.057 0.0432 0.0313 0.0217 0.0144 0.0091 0.0055 0.0032 0.0017 9e-04 5e-04 2e-04 0
  tag[Tags2008_R1_LL].release_type	deterministic
  tag[Tags2008_R1_LL].sex       	both
  tag[Tags2008_R1_LL].step      	1
  tag[Tags2008_R1_LL].tag_name  	Tags2008_R1
  tag[Tags2008_R1_LL].year      	2008
  tag[Tags2009_R1_LL].area      	R1
  tag[Tags2009_R1_LL].class_mins	100 150 200 250 300 350 400 450 500 550 600 650 700 750 800 850 900 950 1000 1050 1100 1150 1200 1250 1300 1350 1400 1450 1500 1550 1600 1650 1700 1750 1800 1850 1900 1950 2000 2050
  tag[Tags2009_R1_LL].mature_only	False
  tag[Tags2009_R1_LL].mortality 	0.1
  tag[Tags2009_R1_LL].number    	2500
  tag[Tags2009_R1_LL].ogive     	SelLL
  tag[Tags2009_R1_LL].plus_group	False
  tag[Tags2009_R1_LL].props_all 	0 0 0 0 0 0 0 0 0 1e-04 4e-04 0.0011 0.0027 0.0056 0.0108 0.0191 0.0311 0.0464 0.0637 0.0805 0.0939 0.1017 0.1024 0.0966 0.0856 0.0716 0.0569 0.043 0.031 0.0213 0.014 0.0088 0.0053 0.003 0.0017 9e-04 4e-04 2e-04 0
  tag[Tags2009_R1_LL].release_type	deterministic
  tag[Tags2009_R1_LL].sex       	both
  tag[Tags2009_R1_LL].step      	1
  tag[Tags2009_R1_LL].tag_name  	Tags2009_R1
  tag[Tags2009_R1_LL].year      	2009
  tag_growth_loss[Tags2005_R1].nogrowth_period	0
  tag_growth_loss[Tags2006_R1].nogrowth_period	0
  tag_growth_loss[Tags2007_R1].nogrowth_period	0
  tag_growth_loss[Tags2008_R1].nogrowth_period	0
  tag_growth_loss[Tags2009_R1].nogrowth_period	0
  tag_loss_props                	1
  tag_names                     	Tags2005_R1 Tags2006_R1 Tags2007_R1 Tags2008_R1 Tags2009_R1
  tag_shedding_rate             	0.0084 0.0084 0.0084 0.0084 0.0084
  y_enter                       	1
Stored as DOUBLEs: 
Stored as VECTORs: 
Stored as OGIVEs: 

Output parameters:
Stored as strings: 
  n_projections                 	100
  numbers_at[Numbers_at_age_R1].area	R1
  numbers_at[Numbers_at_age_R1].proportion_mortality	0.5
  numbers_at[Numbers_at_age_R1].step	1
  numbers_at[Numbers_at_age_R1].years	1990 1991 1992 1993 1994 1995 1996 1997 1998 1999 2000 2001 2002 2003 2004 2005 2006 2007 2008 2009 2010
  print.covariance              	true
  print.estimation_section      	true
  print.final_state             	false
  print.fits                    	true
  print.fits_every_eval         	false
  print.initial_state           	false
  print.normalised_resids       	true
  print.objective_every_eval    	false
  print.parameter_vector_every_eval	false
  print.parameters              	true
  print.parameters_every_eval   	false
  print.pearson_resids          	true
  print.requests                	false
  print.resids                  	true
  print.results                 	false
  print.state_annually          	false
  print.state_every_step        	false
  print.unused_parameters       	true
  print.yields                  	true
  quantities.B0                 	true
  quantities.R0                 	true
  quantities.SSBs               	true
  quantities.YCS                	true
  quantities.actual_catches     	false
  quantities.all_free_parameters	true
  quantities.fishing_pressures  	true
  quantities.nuisance_qs        	true
  quantities.recruitments       	true
  quantities.true_YCS           	true
Stored as DOUBLEs: 
Stored as VECTORs: 
Stored as OGIVEs: 

A fish of size 500 cm has a weight of 1.35635 kg in your model. This size-weight scale check assumes that the growth curve is in centimetres, and that the catch is in tonnes.

A fish of size 500 cm has a weight of 1.35635 kg in your model. This size-weight scale check assumes that the growth curve is in centimetres, and that the catch is in tonnes.

Estimation section :

Objective function: Bayes

Minimiser convergence threshold: 0.001


Observations:

The observations are:
LL_catchA
Tags2005_R1_R1
Tags2006_R1_R1
Tags2007_R1_R1
Tags2008_R1_R1
Tags2009_R1_R1
Fits follow:

LL_catchA :
catch proportions-at-age for fishery LL  with ageing error (not constrained to sum to 1):
obs (last class is a plus group):
class 1       2       3       4       5       6       7       8       9       10      11      12      13      14      15      16      17      18      19      20      21      22      23      24      25      26      27      28      29      30      31      32      33      34      35      
2000 0       0       0       0       0.003   0.019   0.067   0.11    0.162   0.144   0.141   0.078   0.067   0.055   0.036   0.024   0.022   0.015   0.008   0.012   0.008   0.006   0.004   0.005   0.004   0.003   0.002   0.001   0       0.001   0       0.001   0       0.001   0.001   
2001 0       0       0       0       0.006   0.023   0.064   0.119   0.159   0.15    0.111   0.092   0.066   0.038   0.033   0.032   0.022   0.015   0.019   0.011   0.007   0.01    0.004   0.006   0.001   0       0.002   0.002   0.003   0       0.002   0       0       0.001   0.002   
2002 0       0       0       0       0.005   0.013   0.048   0.112   0.163   0.16    0.12    0.089   0.072   0.048   0.035   0.027   0.025   0.014   0.016   0.011   0.011   0.006   0.005   0.006   0.003   0.004   0.001   0.001   0.001   0.001   0.001   0       0       0       0.002   
2003 0       0       0       0       0.002   0.023   0.085   0.134   0.186   0.146   0.097   0.083   0.064   0.047   0.036   0.023   0.018   0.013   0.008   0.008   0.007   0.002   0.005   0.003   0.004   0.002   0.002   0.001   0       0       0       0       0       0       0.001   
2004 0       0       0       0.003   0.007   0.018   0.056   0.106   0.178   0.16    0.098   0.078   0.074   0.059   0.041   0.033   0.019   0.017   0.009   0.015   0.004   0.002   0.001   0.008   0.004   0.002   0       0.002   0       0.002   0.001   0.001   0.001   0       0.001   
2005 0       0       0       0.001   0.006   0.019   0.073   0.116   0.191   0.171   0.114   0.087   0.041   0.051   0.041   0.02    0.013   0.016   0.004   0.011   0.005   0.003   0.002   0.005   0.004   0.002   0.001   0.001   0       0       0       0.001   0       0       0.001   
2006 0       0       0       0.002   0.001   0.019   0.06    0.11    0.214   0.161   0.124   0.078   0.069   0.043   0.024   0.028   0.02    0.007   0.01    0.008   0.005   0.002   0.004   0.003   0.003   0.002   0       0.001   0.001   0       0       0       0       0       0.001   
2007 0       0       0       0       0.009   0.027   0.069   0.124   0.18    0.162   0.113   0.101   0.049   0.049   0.034   0.021   0.013   0.016   0.009   0.006   0.005   0.003   0       0.002   0.002   0.001   0       0       0       0.002   0       0       0.001   0.001   0.001   
2008 0       0       0.002   0.001   0.009   0.016   0.06    0.131   0.178   0.184   0.115   0.084   0.054   0.038   0.03    0.032   0.012   0.013   0.012   0.004   0.007   0.002   0.004   0.003   0.003   0.002   0.002   0.001   0       0       0       0       0       0       0.001   
2009 0       0       0       0.001   0.003   0.021   0.059   0.149   0.187   0.152   0.099   0.1     0.064   0.043   0.034   0.027   0.021   0.011   0.008   0.007   0.003   0.003   0.001   0.002   0.002   0.002   0.001   0       0       0       0       0       0       0       0       
2010 0       0       0       0.001   0.005   0.022   0.065   0.147   0.202   0.169   0.121   0.073   0.064   0.036   0.024   0.019   0.011   0.01    0.003   0.008   0.006   0.003   0.002   0.005   0.001   0.001   0.001   0       0.001   0       0       0       0       0       0       
objective function: multinomial likelihood, with delta = 1e-011, N =
100 100 100 100 100 100 100 100 100 100 100 100 100 100 100 100 100 100 100 100 100 100 100 100 100 100 100 100 100 100 100 100 100 100 100 
100 100 100 100 100 100 100 100 100 100 100 100 100 100 100 100 100 100 100 100 100 100 100 100 100 100 100 100 100 100 100 100 100 100 100 
100 100 100 100 100 100 100 100 100 100 100 100 100 100 100 100 100 100 100 100 100 100 100 100 100 100 100 100 100 100 100 100 100 100 100 
100 100 100 100 100 100 100 100 100 100 100 100 100 100 100 100 100 100 100 100 100 100 100 100 100 100 100 100 100 100 100 100 100 100 100 
100 100 100 100 100 100 100 100 100 100 100 100 100 100 100 100 100 100 100 100 100 100 100 100 100 100 100 100 100 100 100 100 100 100 100 
100 100 100 100 100 100 100 100 100 100 100 100 100 100 100 100 100 100 100 100 100 100 100 100 100 100 100 100 100 100 100 100 100 100 100 
100 100 100 100 100 100 100 100 100 100 100 100 100 100 100 100 100 100 100 100 100 100 100 100 100 100 100 100 100 100 100 100 100 100 100 
100 100 100 100 100 100 100 100 100 100 100 100 100 100 100 100 100 100 100 100 100 100 100 100 100 100 100 100 100 100 100 100 100 100 100 
100 100 100 100 100 100 100 100 100 100 100 100 100 100 100 100 100 100 100 100 100 100 100 100 100 100 100 100 100 100 100 100 100 100 100 
100 100 100 100 100 100 100 100 100 100 100 100 100 100 100 100 100 100 100 100 100 100 100 100 100 100 100 100 100 100 100 100 100 100 100 
100 100 100 100 100 100 100 100 100 100 100 100 100 100 100 100 100 100 100 100 100 100 100 100 100 100 100 100 100 100 100 100 100 100 100 

Tags2005_R1_R1 :
tag-recapture data for tag Tags2005_R1 in years 2006 2007 2008 2009 2010 , step 1, after proportion 0.5 of mortality, with sampling method size, detection probability 1.
Year 2006
class scanned recaptured
100 0 0
150 0 0
200 0 0
250 0 0
300 0 0
350 0 0
400 0 0
450 2 0
500 10 0
550 30 0
600 86 0
650 226 0
700 542 0.2
750 1184 0.4
800 2348 0.9
850 4240 2.1
900 6978 4.2
950 10500 7.4
1000 14488 12
1050 18400 17.6
1100 21586 23.7
1150 23494 28.9
1200 23836 32.5
1250 22648 33.8
1300 20256 32.4
1350 17136 28.9
1400 13770 24
1450 10546 18.7
1500 7720 13.6
1550 5408 9.4
1600 3626 6.1
1650 2326 3.7
1700 1426 2.2
1750 834 1.2
1800 464 0.7
1850 246 0.3
1900 124 0.2
1950 60 0
2000 0 0


Year 2007
class scanned recaptured
100 0 0
150 0 0
200 0 0
250 0 0
300 0 0
350 0 0
400 0 0
450 4 0
500 10 0
550 30 0
600 88 0
650 230 0
700 552 0
750 1204 0.2
800 2388 0.6
850 4310 1.3
900 7088 2.7
950 10658 4.8
1000 14694 8.2
1050 18638 12.5
1100 21836 17.3
1150 23728 22.1
1200 24024 25.8
1250 22774 27.7
1300 20316 27.5
1350 17134 25.4
1400 13722 21.8
1450 10472 17.4
1500 7636 13.1
1550 5326 9.2
1600 3556 6.1
1650 2270 3.8
1700 1386 2.2
1750 808 1.2
1800 448 0.7
1850 236 0.3
1900 118 0.2
1950 56 0
2000 0 0


Year 2008
class scanned recaptured
100 0 0
150 0 0
200 0 0
250 0 0
300 0 0
350 0 0
400 0 0
450 4 0
500 10 0
550 30 0
600 88 0
650 234 0
700 560 0
750 1224 0
800 2428 0.2
850 4378 0.6
900 7196 1.1
950 10812 2.2
1000 14892 3.8
1050 18870 6.1
1100 22076 8.9
1150 23948 11.9
1200 24202 14.6
1250 22892 16.6
1300 20368 17.3
1350 17128 16.7
1400 13674 15
1450 10400 12.5
1500 7554 9.7
1550 5250 7.1
1600 3490 4.8
1650 2220 3
1700 1350 1.8
1750 782 1
1800 432 0.6
1850 228 0.2
1900 114 0.2
1950 54 0
2000 0 0


Year 2009
class scanned recaptured
100 0 0
150 0 0
200 0 0
250 0 0
300 0 0
350 0 0
400 0 0
450 4 0
500 10 0
550 32 0
600 90 0
650 238 0
700 570 0
750 1244 0
800 2466 0
850 4446 0.2
900 7304 0.5
950 10966 1
1000 15090 1.9
1050 19096 3.2
1100 22310 5
1150 24162 7.1
1200 24370 9.4
1250 23000 11.4
1300 20412 12.7
1350 17118 13
1400 13622 12.4
1450 10326 11
1500 7474 9.1
1550 5176 7
1600 3428 5
1650 2174 3.3
1700 1316 2.1
1750 760 1.2
1800 418 0.6
1850 220 0.3
1900 110 0.2
1950 52 0
2000 0 0


Year 2010
class scanned recaptured
100 0 0
150 0 0
200 0 0
250 0 0
300 0 0
350 0 0
400 0 0
450 4 0
500 10 0
550 32 0
600 92 0
650 242 0
700 580 0
750 1266 0
800 2506 0
850 4516 0.1
900 7414 0.3
950 11120 0.6
1000 15286 1.1
1050 19320 2
1100 22540 3.1
1150 24372 4.5
1200 24534 6.1
1250 23102 7.6
1300 20452 8.8
1350 17102 9.4
1400 13568 9.2
1450 10252 8.4
1500 7396 7.1
1550 5104 5.6
1600 3370 4.1
1650 2128 2.8
1700 1284 1.8
1750 740 1.1
1800 406 0.6
1850 212 0.3
1900 106 0.2
1950 50 0
2000 0 0


Tags2006_R1_R1 :
tag-recapture data for tag Tags2006_R1 in years 2007 2008 2009 2010 , step 1, after proportion 0.5 of mortality, with sampling method size, detection probability 1.
Year 2007
class scanned recaptured
100 0 0
150 0 0
200 0 0
250 0 0
300 0 0
350 0 0
400 0 0
450 4 0
500 10 0
550 30 0
600 88 0
650 230 0
700 552 0.2
750 1204 0.5
800 2388 1.2
850 4310 2.6
900 7088 5
950 10658 8.7
1000 14694 13.8
1050 18638 19.7
1100 21836 25.7
1150 23728 30.9
1200 24024 34
1250 22774 34.7
1300 20316 32.8
1350 17134 29
1400 13722 24
1450 10472 18.5
1500 7636 13.5
1550 5326 9.2
1600 3556 5.9
1650 2270 3.6
1700 1386 2.1
1750 808 1.1
1800 448 0.6
1850 236 0.3
1900 118 0.2
1950 56 0
2000 0 0


Year 2008
class scanned recaptured
100 0 0
150 0 0
200 0 0
250 0 0
300 0 0
350 0 0
400 0 0
450 4 0
500 10 0
550 30 0
600 88 0
650 234 0
700 560 0
750 1224 0.2
800 2428 0.6
850 4378 1.2
900 7196 2.5
950 10812 4.5
1000 14892 7.4
1050 18870 11.3
1100 22076 15.6
1150 23948 19.9
1200 24202 23.2
1250 22892 25.1
1300 20368 25.1
1350 17128 23.3
1400 13674 20.2
1450 10400 16.4
1500 7554 12.4
1550 5250 8.9
1600 3490 5.9
1650 2220 3.8
1700 1350 2.2
1750 782 1.2
1800 432 0.7
1850 228 0.3
1900 114 0.2
1950 54 0
2000 0 0


Year 2009
class scanned recaptured
100 0 0
150 0 0
200 0 0
250 0 0
300 0 0
350 0 0
400 0 0
450 4 0
500 10 0
550 32 0
600 90 0
650 238 0
700 570 0
750 1244 0
800 2466 0.2
850 4446 0.6
900 7304 1.2
950 10966 2.3
1000 15090 4.1
1050 19096 6.7
1100 22310 10
1150 24162 13.6
1200 24370 16.9
1250 23000 19.3
1300 20412 20.4
1350 17118 19.9
1400 13622 18
1450 10326 15.1
1500 7474 11.9
1550 5176 8.7
1600 3428 6
1650 2174 3.9
1700 1316 2.3
1750 760 1.4
1800 418 0.8
1850 220 0.4
1900 110 0.2
1950 52 0
2000 0 0


Year 2010
class scanned recaptured
100 0 0
150 0 0
200 0 0
250 0 0
300 0 0
350 0 0
400 0 0
450 4 0
500 10 0
550 32 0
600 92 0
650 242 0
700 580 0
750 1266 0
800 2506 0.2
850 4516 0.3
900 7414 0.7
950 11120 1.3
1000 15286 2.5
1050 19320 4.1
1100 22540 6.2
1150 24372 8.5
1200 24534 10.7
1250 23102 12.3
1300 20452 13.2
1350 17102 13.1
1400 13568 11.9
1450 10252 10.1
1500 7396 8
1550 5104 5.9
1600 3370 4.1
1650 2128 2.6
1700 1284 1.6
1750 740 0.9
1800 406 0.5
1850 212 0.2
1900 106 0.2
1950 50 0
2000 0 0


Tags2007_R1_R1 :
tag-recapture data for tag Tags2007_R1 in years 2008 2009 2010 , step 1, after proportion 0.5 of mortality, with sampling method size, detection probability 1.
Year 2008
class scanned recaptured
100 0 0
150 0 0
200 0 0
250 0 0
300 0 0
350 0 0
400 0 0
450 4 0
500 10 0
550 30 0
600 88 0
650 234 0
700 560 0.2
750 1224 0.5
800 2428 1.1
850 4378 2.5
900 7196 4.8
950 10812 8.6
1000 14892 13.9
1050 18870 20.1
1100 22076 26.6
1150 23948 32
1200 24202 35.3
1250 22892 35.7
1300 20368 33.4
1350 17128 29
1400 13674 23.3
1450 10400 17.6
1500 7554 12.4
1550 5250 8.2
1600 3490 5.1
1650 2220 3.1
1700 1350 1.7
1750 782 0.9
1800 432 0.5
1850 228 0.2
1900 114 0.1
1950 54 0
2000 0 0


Year 2009
class scanned recaptured
100 0 0
150 0 0
200 0 0
250 0 0
300 0 0
350 0 0
400 0 0
450 4 0
500 10 0
550 32 0
600 90 0
650 238 0
700 570 0
750 1244 0.2
800 2466 0.5
850 4446 1.1
900 7304 2.3
950 10966 4.3
1000 15090 7.4
1050 19096 11.3
1100 22310 15.8
1150 24162 20.3
1200 24370 23.9
1250 23000 25.9
1300 20412 25.9
1350 17118 24.1
1400 13622 20.9
1450 10326 16.9
1500 7474 12.8
1550 5176 9.1
1600 3428 6
1650 2174 3.8
1700 1316 2.2
1750 760 1.2
1800 418 0.6
1850 220 0.3
1900 110 0.2
1950 52 0
2000 0 0


Year 2010
class scanned recaptured
100 0 0
150 0 0
200 0 0
250 0 0
300 0 0
350 0 0
400 0 0
450 4 0
500 10 0
550 32 0
600 92 0
650 242 0
700 580 0
750 1266 0.1
800 2506 0.2
850 4516 0.6
900 7414 1.3
950 11120 2.5
1000 15286 4.3
1050 19320 6.7
1100 22540 9.9
1150 24372 13.2
1200 24534 16.2
1250 23102 18.5
1300 20452 19.5
1350 17102 19.1
1400 13568 17.4
1450 10252 14.7
1500 7396 11.6
1550 5104 8.6
1600 3370 5.9
1650 2128 3.8
1700 1284 2.3
1750 740 1.3
1800 406 0.7
1850 212 0.4
1900 106 0.2
1950 50 0
2000 0 0


Tags2008_R1_R1 :
tag-recapture data for tag Tags2008_R1 in years 2009 2010 , step 1, after proportion 0.5 of mortality, with sampling method size, detection probability 1.
Year 2009
class scanned recaptured
100 0 0
150 0 0
200 0 0
250 0 0
300 0 0
350 0 0
400 0 0
450 4 0
500 10 0
550 32 0
600 90 0
650 238 0
700 570 0.2
750 1244 0.4
800 2466 1.2
850 4446 2.5
900 7304 4.9
950 10966 8.8
1000 15090 14.1
1050 19096 20.3
1100 22310 26.9
1150 24162 32.5
1200 24370 36.1
1250 23000 37.1
1300 20412 35.2
1350 17118 31.2
1400 13622 25.6
1450 10326 19.9
1500 7474 14.4
1550 5176 9.8
1600 3428 6.3
1650 2174 3.9
1700 1316 2.2
1750 760 1.3
1800 418 0.7
1850 220 0.3
1900 110 0.2
1950 52 0
2000 0 0


Year 2010
class scanned recaptured
100 0 0
150 0 0
200 0 0
250 0 0
300 0 0
350 0 0
400 0 0
450 4 0
500 10 0
550 32 0
600 92 0
650 242 0
700 580 0
750 1266 0.2
800 2506 0.5
850 4516 1.3
900 7414 2.5
950 11120 4.7
1000 15286 8
1050 19320 12.2
1100 22540 16.9
1150 24372 21.4
1200 24534 24.8
1250 23102 26.6
1300 20452 26.3
1350 17102 24.2
1400 13568 20.7
1450 10252 16.6
1500 7396 12.4
1550 5104 8.7
1600 3370 5.7
1650 2128 3.6
1700 1284 2.1
1750 740 1.1
1800 406 0.6
1850 212 0.3
1900 106 0.2
1950 50 0
2000 0 0


Tags2009_R1_R1 :
tag-recapture data for tag Tags2009_R1 in years 2010 , step 1, after proportion 0.5 of mortality, with sampling method size, detection probability 1.
Year 2010
class scanned recaptured
100 0 0
150 0 0
200 0 0
250 0 0
300 0 0
350 0 0
400 0 0
450 4 0
500 10 0
550 32 0
600 92 0
650 242 0
700 580 0.2
750 1266 0.6
800 2506 1.4
850 4516 3.1
900 7414 6
950 11120 10.5
1000 15286 16.7
1050 19320 24
1100 22540 31.5
1150 24372 37.9
1200 24534 41.9
1250 23102 42.8
1300 20452 40.3
1350 17102 35.4
1400 13568 28.9
1450 10252 22
1500 7396 15.8
1550 5104 10.6
1600 3370 6.7
1650 2128 4
1700 1284 2.2
1750 740 1.2
1800 406 0.6
1850 212 0.2
1900 106 0.2
1950 50 0
2000 0 0



Ageing_error:
  Misclassification matrix:
1 0 0 0 0 0 0 0 0 0 0 0 0 0 0 0 0 0 0 0 0 0 0 0 0 0 0 0 0 0 0 0 0 0 0 
0 1 0 0 0 0 0 0 0 0 0 0 0 0 0 0 0 0 0 0 0 0 0 0 0 0 0 0 0 0 0 0 0 0 0 
0 0 1 0 0 0 0 0 0 0 0 0 0 0 0 0 0 0 0 0 0 0 0 0 0 0 0 0 0 0 0 0 0 0 0 
0 0 0 1 0 0 0 0 0 0 0 0 0 0 0 0 0 0 0 0 0 0 0 0 0 0 0 0 0 0 0 0 0 0 0 
0 0 0 0 1 0 0 0 0 0 0 0 0 0 0 0 0 0 0 0 0 0 0 0 0 0 0 0 0 0 0 0 0 0 0 
0 0 0 0 0 1 0 0 0 0 0 0 0 0 0 0 0 0 0 0 0 0 0 0 0 0 0 0 0 0 0 0 0 0 0 
0 0 0 0 0 0 1 0 0 0 0 0 0 0 0 0 0 0 0 0 0 0 0 0 0 0 0 0 0 0 0 0 0 0 0 
0 0 0 0 0 0 0 1 0 0 0 0 0 0 0 0 0 0 0 0 0 0 0 0 0 0 0 0 0 0 0 0 0 0 0 
0 0 0 0 0 0 0 0 1 0 0 0 0 0 0 0 0 0 0 0 0 0 0 0 0 0 0 0 0 0 0 0 0 0 0 
0 0 0 0 0 0 0 0 0 1 0 0 0 0 0 0 0 0 0 0 0 0 0 0 0 0 0 0 0 0 0 0 0 0 0 
0 0 0 0 0 0 0 0 0 0 1 0 0 0 0 0 0 0 0 0 0 0 0 0 0 0 0 0 0 0 0 0 0 0 0 
0 0 0 0 0 0 0 0 0 0 0 1 0 0 0 0 0 0 0 0 0 0 0 0 0 0 0 0 0 0 0 0 0 0 0 
0 0 0 0 0 0 0 0 0 0 0 0 1 0 0 0 0 0 0 0 0 0 0 0 0 0 0 0 0 0 0 0 0 0 0 
0 0 0 0 0 0 0 0 0 0 0 0 0 1 0 0 0 0 0 0 0 0 0 0 0 0 0 0 0 0 0 0 0 0 0 
0 0 0 0 0 0 0 0 0 0 0 0 0 0 1 0 0 0 0 0 0 0 0 0 0 0 0 0 0 0 0 0 0 0 0 
0 0 0 0 0 0 0 0 0 0 0 0 0 0 0 1 0 0 0 0 0 0 0 0 0 0 0 0 0 0 0 0 0 0 0 
0 0 0 0 0 0 0 0 0 0 0 0 0 0 0 0 1 0 0 0 0 0 0 0 0 0 0 0 0 0 0 0 0 0 0 
0 0 0 0 0 0 0 0 0 0 0 0 0 0 0 0 0 1 0 0 0 0 0 0 0 0 0 0 0 0 0 0 0 0 0 
0 0 0 0 0 0 0 0 0 0 0 0 0 0 0 0 0 0 1 0 0 0 0 0 0 0 0 0 0 0 0 0 0 0 0 
0 0 0 0 0 0 0 0 0 0 0 0 0 0 0 0 0 0 0 1 0 0 0 0 0 0 0 0 0 0 0 0 0 0 0 
0 0 0 0 0 0 0 0 0 0 0 0 0 0 0 0 0 0 0 0 1 0 0 0 0 0 0 0 0 0 0 0 0 0 0 
0 0 0 0 0 0 0 0 0 0 0 0 0 0 0 0 0 0 0 0 0 1 0 0 0 0 0 0 0 0 0 0 0 0 0 
0 0 0 0 0 0 0 0 0 0 0 0 0 0 0 0 0 0 0 0 0 0 1 0 0 0 0 0 0 0 0 0 0 0 0 
0 0 0 0 0 0 0 0 0 0 0 0 0 0 0 0 0 0 0 0 0 0 0 1 0 0 0 0 0 0 0 0 0 0 0 
0 0 0 0 0 0 0 0 0 0 0 0 0 0 0 0 0 0 0 0 0 0 0 0 1 0 0 0 0 0 0 0 0 0 0 
0 0 0 0 0 0 0 0 0 0 0 0 0 0 0 0 0 0 0 0 0 0 0 0 0 1 0 0 0 0 0 0 0 0 0 
0 0 0 0 0 0 0 0 0 0 0 0 0 0 0 0 0 0 0 0 0 0 0 0 0 0 1 0 0 0 0 0 0 0 0 
0 0 0 0 0 0 0 0 0 0 0 0 0 0 0 0 0 0 0 0 0 0 0 0 0 0 0 1 0 0 0 0 0 0 0 
0 0 0 0 0 0 0 0 0 0 0 0 0 0 0 0 0 0 0 0 0 0 0 0 0 0 0 0 1 0 0 0 0 0 0 
0 0 0 0 0 0 0 0 0 0 0 0 0 0 0 0 0 0 0 0 0 0 0 0 0 0 0 0 0 1 0 0 0 0 0 
0 0 0 0 0 0 0 0 0 0 0 0 0 0 0 0 0 0 0 0 0 0 0 0 0 0 0 0 0 0 1 0 0 0 0 
0 0 0 0 0 0 0 0 0 0 0 0 0 0 0 0 0 0 0 0 0 0 0 0 0 0 0 0 0 0 0 1 0 0 0 
0 0 0 0 0 0 0 0 0 0 0 0 0 0 0 0 0 0 0 0 0 0 0 0 0 0 0 0 0 0 0 0 1 0 0 
0 0 0 0 0 0 0 0 0 0 0 0 0 0 0 0 0 0 0 0 0 0 0 0 0 0 0 0 0 0 0 0 0 1 0 
0 0 0 0 0 0 0 0 0 0 0 0 0 0 0 0 0 0 0 0 0 0 0 0 0 0 0 0 0 0 0 0 0 0 1 

Free parameters:

initialization.B0
uniform: bounds from 5000 to 500000
current value: 81508
lower bound: 5000
upper bound: 500000

recruitment.YCS
lognormal with means 1 1 1 1 1 1 1 1 1 1 1 1 1 1 1 1 1 1 1 1 1 c.v.s 1 1 1 1 1 1 1 1 1 1 1 1 1 1 1 1 1 1 1 1 1 :
bounds of
1 1 1 1 1 1 1 1 1 1 1 1 1 1 1 1 1 1 1 1 1 
1 1 1 1 1 1 1 1 1 1 1 1 1 1 1 1 1 1 1 1 1 
current values: 1 1 1 1 1 1 1 1 1 1 1 1 1 1 1 1 1 1 1 1 1 
lower bounds: 1 1 1 1 1 1 1 1 1 1 1 1 1 1 1 1 1 1 1 1 1 
upper bounds: 1 1 1 1 1 1 1 1 1 1 1 1 1 1 1 1 1 1 1 1 1 


Q's:
qs are nuisance parameters

Penalties:
LL_Penalty :
Catch limit penalty of 1000 x the sum of squares of (log(actual catch) - log(specified catch)) for fishery LL to disencourage breaking exploitation rate limits
meanYCS_1 :
Vector average penalty of 100 x square of (mean(recruitment.YCS) - 1) 
Penalty_Tags2005_R1_LL :
'Fish-must-be-tagged' penalty of 1 x square of (actual number of tagged fish - nominal number of tagged fish) for tagging episode Tags2005_R1_LL
Penalty_Tags2006_R1_LL :
'Fish-must-be-tagged' penalty of 1 x square of (actual number of tagged fish - nominal number of tagged fish) for tagging episode Tags2006_R1_LL
Penalty_Tags2007_R1_LL :
'Fish-must-be-tagged' penalty of 1 x square of (actual number of tagged fish - nominal number of tagged fish) for tagging episode Tags2007_R1_LL
Penalty_Tags2008_R1_LL :
'Fish-must-be-tagged' penalty of 1 x square of (actual number of tagged fish - nominal number of tagged fish) for tagging episode Tags2008_R1_LL
Penalty_Tags2009_R1_LL :
'Fish-must-be-tagged' penalty of 1 x square of (actual number of tagged fish - nominal number of tagged fish) for tagging episode Tags2009_R1_LL

Components of the objective function are:
  LL_catchA
  Tags2005_R1_R1
  Tags2006_R1_R1
  Tags2007_R1_R1
  Tags2008_R1_R1
  Tags2009_R1_R1
  prior_on_initialization.B0
  prior_on_recruitment.YCS
  LL_Penalty
  meanYCS_1
  Penalty_Tags2005_R1_LL
  Penalty_Tags2006_R1_LL
  Penalty_Tags2007_R1_LL
  Penalty_Tags2008_R1_LL
  Penalty_Tags2009_R1_LL

Random number seed : 16931


Minimiser achieved convergence after 8 quasi-Newton iterations using 12 objective function evaluations



Approximate Covariance matrix (Inverse Hessian of parameters at point estimate):
161411 0 0 0 0 0 0 0 0 0 0 0 0 0 0 0 0 0 0 0 0 0 
0 0 0 0 0 0 0 0 0 0 0 0 0 0 0 0 0 0 0 0 0 0 
0 0 0 0 0 0 0 0 0 0 0 0 0 0 0 0 0 0 0 0 0 0 
0 0 0 0 0 0 0 0 0 0 0 0 0 0 0 0 0 0 0 0 0 0 
0 0 0 0 0 0 0 0 0 0 0 0 0 0 0 0 0 0 0 0 0 0 
0 0 0 0 0 0 0 0 0 0 0 0 0 0 0 0 0 0 0 0 0 0 
0 0 0 0 0 0 0 0 0 0 0 0 0 0 0 0 0 0 0 0 0 0 
0 0 0 0 0 0 0 0 0 0 0 0 0 0 0 0 0 0 0 0 0 0 
0 0 0 0 0 0 0 0 0 0 0 0 0 0 0 0 0 0 0 0 0 0 
0 0 0 0 0 0 0 0 0 0 0 0 0 0 0 0 0 0 0 0 0 0 
0 0 0 0 0 0 0 0 0 0 0 0 0 0 0 0 0 0 0 0 0 0 
0 0 0 0 0 0 0 0 0 0 0 0 0 0 0 0 0 0 0 0 0 0 
0 0 0 0 0 0 0 0 0 0 0 0 0 0 0 0 0 0 0 0 0 0 
0 0 0 0 0 0 0 0 0 0 0 0 0 0 0 0 0 0 0 0 0 0 
0 0 0 0 0 0 0 0 0 0 0 0 0 0 0 0 0 0 0 0 0 0 
0 0 0 0 0 0 0 0 0 0 0 0 0 0 0 0 0 0 0 0 0 0 
0 0 0 0 0 0 0 0 0 0 0 0 0 0 0 0 0 0 0 0 0 0 
0 0 0 0 0 0 0 0 0 0 0 0 0 0 0 0 0 0 0 0 0 0 
0 0 0 0 0 0 0 0 0 0 0 0 0 0 0 0 0 0 0 0 0 0 
0 0 0 0 0 0 0 0 0 0 0 0 0 0 0 0 0 0 0 0 0 0 
0 0 0 0 0 0 0 0 0 0 0 0 0 0 0 0 0 0 0 0 0 0 
0 0 0 0 0 0 0 0 0 0 0 0 0 0 0 0 0 0 0 0 0 0 

Correlation matrix:
1 -1.#IND -1.#IND -1.#IND -1.#IND -1.#IND -1.#IND -1.#IND -1.#IND -1.#IND -1.#IND -1.#IND -1.#IND -1.#IND -1.#IND -1.#IND -1.#IND -1.#IND -1.#IND -1.#IND -1.#IND -1.#IND 
-1.#IND -1.#IND -1.#IND -1.#IND -1.#IND -1.#IND -1.#IND -1.#IND -1.#IND -1.#IND -1.#IND -1.#IND -1.#IND -1.#IND -1.#IND -1.#IND -1.#IND -1.#IND -1.#IND -1.#IND -1.#IND -1.#IND 
-1.#IND -1.#IND -1.#IND -1.#IND -1.#IND -1.#IND -1.#IND -1.#IND -1.#IND -1.#IND -1.#IND -1.#IND -1.#IND -1.#IND -1.#IND -1.#IND -1.#IND -1.#IND -1.#IND -1.#IND -1.#IND -1.#IND 
-1.#IND -1.#IND -1.#IND -1.#IND -1.#IND -1.#IND -1.#IND -1.#IND -1.#IND -1.#IND -1.#IND -1.#IND -1.#IND -1.#IND -1.#IND -1.#IND -1.#IND -1.#IND -1.#IND -1.#IND -1.#IND -1.#IND 
-1.#IND -1.#IND -1.#IND -1.#IND -1.#IND -1.#IND -1.#IND -1.#IND -1.#IND -1.#IND -1.#IND -1.#IND -1.#IND -1.#IND -1.#IND -1.#IND -1.#IND -1.#IND -1.#IND -1.#IND -1.#IND -1.#IND 
-1.#IND -1.#IND -1.#IND -1.#IND -1.#IND -1.#IND -1.#IND -1.#IND -1.#IND -1.#IND -1.#IND -1.#IND -1.#IND -1.#IND -1.#IND -1.#IND -1.#IND -1.#IND -1.#IND -1.#IND -1.#IND -1.#IND 
-1.#IND -1.#IND -1.#IND -1.#IND -1.#IND -1.#IND -1.#IND -1.#IND -1.#IND -1.#IND -1.#IND -1.#IND -1.#IND -1.#IND -1.#IND -1.#IND -1.#IND -1.#IND -1.#IND -1.#IND -1.#IND -1.#IND 
-1.#IND -1.#IND -1.#IND -1.#IND -1.#IND -1.#IND -1.#IND -1.#IND -1.#IND -1.#IND -1.#IND -1.#IND -1.#IND -1.#IND -1.#IND -1.#IND -1.#IND -1.#IND -1.#IND -1.#IND -1.#IND -1.#IND 
-1.#IND -1.#IND -1.#IND -1.#IND -1.#IND -1.#IND -1.#IND -1.#IND -1.#IND -1.#IND -1.#IND -1.#IND -1.#IND -1.#IND -1.#IND -1.#IND -1.#IND -1.#IND -1.#IND -1.#IND -1.#IND -1.#IND 
-1.#IND -1.#IND -1.#IND -1.#IND -1.#IND -1.#IND -1.#IND -1.#IND -1.#IND -1.#IND -1.#IND -1.#IND -1.#IND -1.#IND -1.#IND -1.#IND -1.#IND -1.#IND -1.#IND -1.#IND -1.#IND -1.#IND 
-1.#IND -1.#IND -1.#IND -1.#IND -1.#IND -1.#IND -1.#IND -1.#IND -1.#IND -1.#IND -1.#IND -1.#IND -1.#IND -1.#IND -1.#IND -1.#IND -1.#IND -1.#IND -1.#IND -1.#IND -1.#IND -1.#IND 
-1.#IND -1.#IND -1.#IND -1.#IND -1.#IND -1.#IND -1.#IND -1.#IND -1.#IND -1.#IND -1.#IND -1.#IND -1.#IND -1.#IND -1.#IND -1.#IND -1.#IND -1.#IND -1.#IND -1.#IND -1.#IND -1.#IND 
-1.#IND -1.#IND -1.#IND -1.#IND -1.#IND -1.#IND -1.#IND -1.#IND -1.#IND -1.#IND -1.#IND -1.#IND -1.#IND -1.#IND -1.#IND -1.#IND -1.#IND -1.#IND -1.#IND -1.#IND -1.#IND -1.#IND 
-1.#IND -1.#IND -1.#IND -1.#IND -1.#IND -1.#IND -1.#IND -1.#IND -1.#IND -1.#IND -1.#IND -1.#IND -1.#IND -1.#IND -1.#IND -1.#IND -1.#IND -1.#IND -1.#IND -1.#IND -1.#IND -1.#IND 
-1.#IND -1.#IND -1.#IND -1.#IND -1.#IND -1.#IND -1.#IND -1.#IND -1.#IND -1.#IND -1.#IND -1.#IND -1.#IND -1.#IND -1.#IND -1.#IND -1.#IND -1.#IND -1.#IND -1.#IND -1.#IND -1.#IND 
-1.#IND -1.#IND -1.#IND -1.#IND -1.#IND -1.#IND -1.#IND -1.#IND -1.#IND -1.#IND -1.#IND -1.#IND -1.#IND -1.#IND -1.#IND -1.#IND -1.#IND -1.#IND -1.#IND -1.#IND -1.#IND -1.#IND 
-1.#IND -1.#IND -1.#IND -1.#IND -1.#IND -1.#IND -1.#IND -1.#IND -1.#IND -1.#IND -1.#IND -1.#IND -1.#IND -1.#IND -1.#IND -1.#IND -1.#IND -1.#IND -1.#IND -1.#IND -1.#IND -1.#IND 
-1.#IND -1.#IND -1.#IND -1.#IND -1.#IND -1.#IND -1.#IND -1.#IND -1.#IND -1.#IND -1.#IND -1.#IND -1.#IND -1.#IND -1.#IND -1.#IND -1.#IND -1.#IND -1.#IND -1.#IND -1.#IND -1.#IND 
-1.#IND -1.#IND -1.#IND -1.#IND -1.#IND -1.#IND -1.#IND -1.#IND -1.#IND -1.#IND -1.#IND -1.#IND -1.#IND -1.#IND -1.#IND -1.#IND -1.#IND -1.#IND -1.#IND -1.#IND -1.#IND -1.#IND 
-1.#IND -1.#IND -1.#IND -1.#IND -1.#IND -1.#IND -1.#IND -1.#IND -1.#IND -1.#IND -1.#IND -1.#IND -1.#IND -1.#IND -1.#IND -1.#IND -1.#IND -1.#IND -1.#IND -1.#IND -1.#IND -1.#IND 
-1.#IND -1.#IND -1.#IND -1.#IND -1.#IND -1.#IND -1.#IND -1.#IND -1.#IND -1.#IND -1.#IND -1.#IND -1.#IND -1.#IND -1.#IND -1.#IND -1.#IND -1.#IND -1.#IND -1.#IND -1.#IND -1.#IND 
-1.#IND -1.#IND -1.#IND -1.#IND -1.#IND -1.#IND -1.#IND -1.#IND -1.#IND -1.#IND -1.#IND -1.#IND -1.#IND -1.#IND -1.#IND -1.#IND -1.#IND -1.#IND -1.#IND -1.#IND -1.#IND -1.#IND 

List of parameter names, in the same order as the rows & cols of the covariance/correlation matrices:
initialization.B0 recruitment.YCS 21 



Start extracting output from here

Point estimate:
initialization.B0
current value: 52508.4
lower bound: 5000
upper bound: 500000

recruitment.YCS
current values: 1 1 1 1 1 1 1 1 1 1 1 1 1 1 1 1 1 1 1 1 1 
lower bounds: 1 1 1 1 1 1 1 1 1 1 1 1 1 1 1 1 1 1 1 1 1 
upper bounds: 1 1 1 1 1 1 1 1 1 1 1 1 1 1 1 1 1 1 1 1 1 


In a format suitable for -i :

initialization.B0 recruitment.YCS 21 
52508.4 1 1 1 1 1 1 1 1 1 1 1 1 1 1 1 1 1 1 1 1 1 

Objective function : 1078.93

Components :
LL_catchA                                          320.609
Tags2005_R1_R1                                     224.558
Tags2006_R1_R1                                     198.431
Tags2007_R1_R1                                     154.482
Tags2008_R1_R1                                     111.732
Tags2009_R1_R1                                     67.3023
prior_on_initialization.B0                         0
prior_on_recruitment.YCS                           1.81951
LL_Penalty                                         0
meanYCS_1                                          0
Penalty_Tags2005_R1_LL                             2.06795e-025
Penalty_Tags2006_R1_LL                             8.27181e-025
Penalty_Tags2007_R1_LL                             0
Penalty_Tags2008_R1_LL                             2.06795e-025
Penalty_Tags2009_R1_LL                             8.27181e-025

Fits : 

The observations are:
LL_catchA
Tags2005_R1_R1
Tags2006_R1_R1
Tags2007_R1_R1
Tags2008_R1_R1
Tags2009_R1_R1
Fits follow:

LL_catchA :
catch proportions-at-age for fishery LL  with ageing error (not constrained to sum to 1):
obs (last class is a plus group):
class 1       2       3       4       5       6       7       8       9       10      11      12      13      14      15      16      17      18      19      20      21      22      23      24      25      26      27      28      29      30      31      32      33      34      35      
2000 0       0       0       0       0.003   0.019   0.067   0.11    0.162   0.144   0.141   0.078   0.067   0.055   0.036   0.024   0.022   0.015   0.008   0.012   0.008   0.006   0.004   0.005   0.004   0.003   0.002   0.001   0       0.001   0       0.001   0       0.001   0.001   
2001 0       0       0       0       0.006   0.023   0.064   0.119   0.159   0.15    0.111   0.092   0.066   0.038   0.033   0.032   0.022   0.015   0.019   0.011   0.007   0.01    0.004   0.006   0.001   0       0.002   0.002   0.003   0       0.002   0       0       0.001   0.002   
2002 0       0       0       0       0.005   0.013   0.048   0.112   0.163   0.16    0.12    0.089   0.072   0.048   0.035   0.027   0.025   0.014   0.016   0.011   0.011   0.006   0.005   0.006   0.003   0.004   0.001   0.001   0.001   0.001   0.001   0       0       0       0.002   
2003 0       0       0       0       0.002   0.023   0.085   0.134   0.186   0.146   0.097   0.083   0.064   0.047   0.036   0.023   0.018   0.013   0.008   0.008   0.007   0.002   0.005   0.003   0.004   0.002   0.002   0.001   0       0       0       0       0       0       0.001   
2004 0       0       0       0.003   0.007   0.018   0.056   0.106   0.178   0.16    0.098   0.078   0.074   0.059   0.041   0.033   0.019   0.017   0.009   0.015   0.004   0.002   0.001   0.008   0.004   0.002   0       0.002   0       0.002   0.001   0.001   0.001   0       0.001   
2005 0       0       0       0.001   0.006   0.019   0.073   0.116   0.191   0.171   0.114   0.087   0.041   0.051   0.041   0.02    0.013   0.016   0.004   0.011   0.005   0.003   0.002   0.005   0.004   0.002   0.001   0.001   0       0       0       0.001   0       0       0.001   
2006 0       0       0       0.002   0.001   0.019   0.06    0.11    0.214   0.161   0.124   0.078   0.069   0.043   0.024   0.028   0.02    0.007   0.01    0.008   0.005   0.002   0.004   0.003   0.003   0.002   0       0.001   0.001   0       0       0       0       0       0.001   
2007 0       0       0       0       0.009   0.027   0.069   0.124   0.18    0.162   0.113   0.101   0.049   0.049   0.034   0.021   0.013   0.016   0.009   0.006   0.005   0.003   0       0.002   0.002   0.001   0       0       0       0.002   0       0       0.001   0.001   0.001   
2008 0       0       0.002   0.001   0.009   0.016   0.06    0.131   0.178   0.184   0.115   0.084   0.054   0.038   0.03    0.032   0.012   0.013   0.012   0.004   0.007   0.002   0.004   0.003   0.003   0.002   0.002   0.001   0       0       0       0       0       0       0.001   
2009 0       0       0       0.001   0.003   0.021   0.059   0.149   0.187   0.152   0.099   0.1     0.064   0.043   0.034   0.027   0.021   0.011   0.008   0.007   0.003   0.003   0.001   0.002   0.002   0.002   0.001   0       0       0       0       0       0       0       0       
2010 0       0       0       0.001   0.005   0.022   0.065   0.147   0.202   0.169   0.121   0.073   0.064   0.036   0.024   0.019   0.011   0.01    0.003   0.008   0.006   0.003   0.002   0.005   0.001   0.001   0.001   0       0.001   0       0       0       0       0       0       
fits (last class is a plus group):
class 1       2       3       4       5       6       7       8       9       10      11      12      13      14      15      16      17      18      19      20      21      22      23      24      25      26      27      28      29      30      31      32      33      34      35      
2000 4.86229e-007 8.2134e-006 9.80169e-005 0.000826332 0.00492004 0.020658 0.0607962 0.123437 0.168827 0.154105 0.114436 0.084732 0.0627176 0.0465126 0.0346433 0.0260237 0.0198896 0.0156521 0.0127188 0.0104581 0.00854337 0.00691687 0.00553669 0.00437195 0.00339875 0.00259691 0.00194764 0.00143239 0.00103239 0.000729005 0.000504326 0.000341883 0.000227193 0.000148076 0.000812429 
2001 4.96547e-007 8.39508e-006 0.000100275 0.000846136 0.00504256 0.02119 0.0623879 0.126564 0.172507 0.156372 0.115474 0.0846872 0.0620976 0.0456337 0.0336742 0.0250014 0.0187467 0.0143146 0.0112593 0.00914491 0.0075132 0.00612857 0.00495014 0.003949 0.00310425 0.00239964 0.0018211 0.0013551 0.000987808 0.000705042 0.000492626 0.000336992 0.000225766 0.000148198 0.000830955 
2002 5.06066e-007 8.56358e-006 0.000102377 0.00086465 0.00515752 0.021691 0.0638915 0.129515 0.175939 0.158402 0.115963 0.0845794 0.0614425 0.0447458 0.0327343 0.0240925 0.0178664 0.0133933 0.0102289 0.00804732 0.00653495 0.00536429 0.00436785 0.00351784 0.00279502 0.00218559 0.00167863 0.00126429 0.000932684 0.000673407 0.000475667 0.000328684 0.000222226 0.000147073 0.000846763 
2003 5.14944e-007 8.72167e-006 0.000104359 0.000882166 0.00526662 0.0221678 0.0653252 0.132323 0.179164 0.160228 0.116302 0.0841004 0.0607734 0.0438637 0.0318155 0.0232278 0.0170865 0.0126765 0.00951125 0.00727049 0.00572261 0.00464597 0.00380902 0.00309413 0.00248302 0.00196323 0.00152579 0.00116334 0.000868863 0.000634983 0.000453789 0.000317033 0.000216538 0.000144638 0.000859645 
2004 5.23326e-007 8.87198e-006 0.000106254 0.000898969 0.00537159 0.0226276 0.0667086 0.135025 0.182223 0.161875 0.116504 0.0835373 0.0598638 0.0429962 0.0309234 0.0223974 0.0163538 0.0120435 0.00894936 0.0067254 0.00514686 0.0040526 0.00328799 0.00269066 0.00217878 0.00174064 0.00136831 0.00105598 0.000798583 0.000590977 0.000427559 0.00030225 0.000208743 0.000140865 0.000869364 
2005 5.31341e-007 9.0169e-006 0.000108091 0.000915337 0.00547414 0.0230776 0.0680627 0.137658 0.185157 0.163368 0.116579 0.0828913 0.0589148 0.0419786 0.0300595 0.0216013 0.0156579 0.011454 0.00845474 0.00629701 0.00474083 0.00363175 0.00285939 0.0023168 0.00189081 0.00152485 0.00121159 0.000946028 0.000724319 0.000542855 0.000397755 0.00028469 0.000198966 0.000135775 0.000875675 
2006 5.39193e-007 9.16038e-006 0.000109921 0.000931711 0.005577 0.0235294 0.069421 0.140282 0.188018 0.164719 0.116517 0.0821489 0.057913 0.0409438 0.0291016 0.020835 0.0149951 0.0108978 0.00799659 0.00592075 0.00442101 0.00333408 0.00255549 0.00201046 0.00162538 0.00132167 0.00106046 0.000837197 0.000648697 0.00049232 0.000365389 0.000264897 0.000187463 0.000129464 0.000878521 
2007 5.46897e-007 9.30254e-006 0.000111752 0.000948176 0.00568081 0.0239864 0.0707946 0.142924 0.190849 0.165964 0.116328 0.0813065 0.0568514 0.0398842 0.028144 0.0200139 0.0143613 0.0103711 0.00756669 0.00557368 0.00414047 0.00309907 0.00233991 0.00179311 0.00140828 0.00113487 0.000918476 0.000732454 0.00057397 0.000440934 0.000331441 0.000243422 0.000174505 0.000122041 0.000877576 
2008 5.54538e-007 9.44534e-006 0.000113605 0.000964975 0.00578716 0.0244557 0.0722049 0.145622 0.193689 0.167119 0.116016 0.0803573 0.0557178 0.0387879 0.0271766 0.0192005 0.0136959 0.0098695 0.00716129 0.00524932 0.00388258 0.00289325 0.00216957 0.00163875 0.00125433 0.000982409 0.000788264 0.000634271 0.000502205 0.000390261 0.000296991 0.000220944 0.000160476 0.000113699 0.000872758 
2009 5.62192e-007 9.59049e-006 0.000115508 0.000982327 0.0058977 0.0249448 0.0736753 0.148421 0.196578 0.168194 0.115575 0.0792931 0.054501 0.0376425 0.0261885 0.0183858 0.013041 0.00935036 0.00677636 0.00494441 0.00364233 0.00270458 0.00202063 0.00151679 0.00114499 0.000874406 0.000682174 0.000544388 0.000435042 0.000341668 0.000263066 0.000198164 0.00014581 0.000104677 0.000864106 
2010 5.69931e-007 9.73973e-006 0.000117486 0.00100051 0.00601404 0.0254619 0.0752309 0.151369 0.19956 0.169197 0.114989 0.0780976 0.053189 0.0364365 0.0251684 0.0175605 0.0123889 0.00884171 0.00638198 0.00465557 0.00341703 0.00252926 0.00188441 0.00141032 0.00105868 0.000797776 0.000607142 0.000471271 0.000373627 0.000296237 0.000230561 0.000175747 0.000130956 9.52506e-005 0.00085181 
resids (last class is a plus group):
class 1       2       3       4       5       6       7       8       9       10      11      12      13      14      15      16      17      18      19      20      21      22      23      24      25      26      27      28      29      30      31      32      33      34      35      
2000 -4.86229e-007 -8.2134e-006 -9.80169e-005 -0.000826332 -0.00192004 -0.00165802 0.00620378 -0.0134369 -0.00682741 -0.0101045 0.026564 -0.00673204 0.00428236 0.00848744 0.00135665 -0.00202371 0.00211042 -0.000652099 -0.00471883 0.00154189 -0.000543372 -0.000916873 -0.00153669 0.000628054 0.000601247 0.000403093 5.2355e-005 -0.000432391 -0.00103239 0.000270995 -0.000504326 0.000658117 -0.000227193 0.000851924 0.000187571 
2001 -4.96547e-007 -8.39508e-006 -0.000100275 -0.000846136 0.000957444 0.00181003 0.00161205 -0.00756383 -0.0135066 -0.00637192 -0.00447389 0.00731277 0.00390244 -0.00763371 -0.000674159 0.00699857 0.00325331 0.000685411 0.00774068 0.00185509 -0.000513204 0.00387143 -0.000950136 0.002051 -0.00210425 -0.00239964 0.000178896 0.0006449 0.00201219 -0.000705042 0.00150737 -0.000336992 -0.000225766 0.000851802 0.00116905 
2002 -5.06066e-007 -8.56358e-006 -0.000102377 -0.00086465 -0.000157519 -0.008691 -0.0158915 -0.0175147 -0.0129386 0.00159776 0.00403705 0.0044206 0.0105575 0.00325416 0.00226569 0.00290752 0.00713359 0.000606659 0.00577109 0.00295268 0.00446505 0.000635713 0.000632148 0.00248216 0.000204976 0.00181441 -0.000678626 -0.000264292 6.73158e-005 0.000326593 0.000524333 -0.000328684 -0.000222226 -0.000147073 0.00115324 
2003 -5.14944e-007 -8.72167e-006 -0.000104359 -0.000882166 -0.00326662 0.000832154 0.0196748 0.0016768 0.00683601 -0.0142275 -0.0193017 -0.00110044 0.0032266 0.00313635 0.00418448 -0.000227818 0.000913454 0.000323533 -0.00151125 0.000729512 0.00127739 -0.00264597 0.00119098 -9.41345e-005 0.00151698 3.67671e-005 0.000474209 -0.000163341 -0.000868863 -0.000634983 -0.000453789 -0.000317033 -0.000216538 -0.000144638 0.000140355 
2004 -5.23326e-007 -8.87198e-006 -0.000106254 0.00210103 0.00162841 -0.00462761 -0.0107086 -0.0290251 -0.00422303 -0.0018748 -0.0185044 -0.00553725 0.0141362 0.0160038 0.0100766 0.0106026 0.0026462 0.00495646 5.06386e-005 0.0082746 -0.00114686 -0.0020526 -0.00228799 0.00530934 0.00182122 0.000259364 -0.00136831 0.000944019 -0.000798583 0.00140902 0.000572441 0.00069775 0.000791257 -0.000140865 0.000130636 
2005 -5.31341e-007 -9.0169e-006 -0.000108091 8.46629e-005 0.000525861 -0.00407757 0.00493735 -0.0216582 0.00584342 0.00763247 -0.0025792 0.0041087 -0.0179148 0.00902144 0.0109405 -0.00160125 -0.00265794 0.00454603 -0.00445474 0.00470299 0.000259172 -0.000631746 -0.000859394 0.0026832 0.00210919 0.000475148 -0.000211587 5.39723e-005 -0.000724319 -0.000542855 -0.000397755 0.00071531 -0.000198966 -0.000135775 0.000124325 
2006 -5.39193e-007 -9.16038e-006 -0.000109921 0.00106829 -0.004577 -0.00452945 -0.009421 -0.0302823 0.025982 -0.00371905 0.00748302 -0.00414891 0.011087 0.0020562 -0.00510158 0.00716503 0.00500487 -0.00389776 0.00200341 0.00207925 0.000578987 -0.00133408 0.00144451 0.00098954 0.00137462 0.000678331 -0.00106046 0.000162803 0.000351303 -0.00049232 -0.000365389 -0.000264897 -0.000187463 -0.000129464 0.000121479 
2007 -5.46897e-007 -9.30254e-006 -0.000111752 -0.000948176 0.00331919 0.00301357 -0.00179459 -0.0189239 -0.0108494 -0.00396381 -0.0033281 0.0196935 -0.0078514 0.00911584 0.00585599 0.000986141 -0.00136129 0.00562889 0.00143331 0.000426319 0.000859528 -9.90702e-005 -0.00233991 0.000206887 0.00059172 -0.000134871 -0.000918476 -0.000732454 -0.00057397 0.00155907 -0.000331441 -0.000243422 0.000825495 0.000877959 0.000122424 
2008 -5.54538e-007 -9.44534e-006 0.0018864 3.50253e-005 0.00321284 -0.00845568 -0.0122049 -0.0146224 -0.0156892 0.0168811 -0.0010163 0.00364274 -0.00171777 -0.000787948 0.00282341 0.0127995 -0.00169593 0.0031305 0.00483871 -0.00124932 0.00311742 -0.00089325 0.00183043 0.00136125 0.00174567 0.00101759 0.00121174 0.000365729 -0.000502205 -0.000390261 -0.000296991 -0.000220944 -0.000160476 -0.000113699 0.000127242 
2009 -5.62192e-007 -9.59049e-006 -0.000115508 1.76727e-005 -0.0028977 -0.00394478 -0.0146753 0.000578543 -0.00957799 -0.0161941 -0.0165748 0.0207069 0.00949898 0.00535747 0.00781155 0.00861424 0.007959 0.00164964 0.00122364 0.00205559 -0.00064233 0.000295422 -0.00102063 0.000483206 0.000855008 0.00112559 0.000317826 -0.000544388 -0.000435042 -0.000341668 -0.000263066 -0.000198164 -0.00014581 -0.000104677 -0.000864106 
2010 -5.69931e-007 -9.73973e-006 -0.000117486 -5.09453e-007 -0.00101404 -0.00346192 -0.0102309 -0.00436874 0.00244006 -0.000196925 0.00601103 -0.00509757 0.010811 -0.000436473 -0.00116838 0.00143955 -0.00138895 0.00115829 -0.00338198 0.00334443 0.00258297 0.000470744 0.000115589 0.00358968 -5.86769e-005 0.000202224 0.000392858 -0.000471271 0.000626373 -0.000296237 -0.000230561 -0.000175747 -0.000130956 -9.52506e-005 -0.00085181 
pearson_resids (last class is a plus group):
class 1       2       3       4       5       6       7       8       9       10      11      12      13      14      15      16      17      18      19      20      21      22      23      24      25      26      27      28      29      30      31      32      33      34      35      
2000 -0.00697301 -0.0286591 -0.0990083 -0.287579 -0.274408 -0.116568 0.25962 -0.408494 -0.182259 -0.279866 0.834453 -0.24174 0.176625 0.403027 0.0741847 -0.127113 0.151153 -0.0525355 -0.421105 0.151568 -0.0590399 -0.110627 -0.207093 0.0951943 0.103308 0.079203 0.0118748 -0.114329 -0.321474 0.100405 -0.224629 0.355991 -0.150746 0.70015 0.0658338 
2001 -0.00704661 -0.0289744 -0.100142 -0.291007 0.135172 0.125681 0.0666526 -0.227495 -0.357487 -0.175435 -0.139987 0.262656 0.161704 -0.365793 -0.0373725 0.448255 0.239868 0.0577023 0.733638 0.194881 -0.0594312 0.496052 -0.13538 0.327025 -0.378263 -0.49045 0.0419595 0.175308 0.640542 -0.26562 0.679312 -0.183604 -0.150272 0.699759 0.405717 
2002 -0.00711384 -0.0292637 -0.101187 -0.294177 -0.0219905 -0.596612 -0.6498 -0.521629 -0.339802 0.0437602 0.126087 0.158869 0.439639 0.1574  0.127329 0.189617 0.538523 0.052775 0.573556 0.33048 0.554153 0.0870308 0.0958595 0.419234 0.0388256 0.388532 -0.165775 -0.0743764 0.0220522 0.125897 0.240469 -0.181326 -0.149089 -0.121283 0.39648 
2003 -0.00717596 -0.0295326 -0.102162 -0.297144 -0.451315 0.056521 0.796234 0.0494862 0.178258 -0.387865 -0.602075 -0.03965 0.135053 0.153148 0.23842 -0.0151247 0.0704858 0.0289194 -0.155701 0.0858688 0.169345 -0.389097 0.193343 -0.0169493 0.30481 0.00830615 0.121494 -0.0479174 -0.294893 -0.252069 -0.213072 -0.178083 -0.147168 -0.120274 0.047891 
2004 -0.00723413 -0.029786 -0.103085 0.70106 0.222783 -0.311177 -0.429175 -0.849307 -0.109397 -0.0508991 -0.576768 -0.200123 0.595875 0.788954 0.582092 0.716531 0.208638 0.454387 0.00537697 1.0124  -0.160272 -0.323087 -0.399672 1.02493 0.390596 0.0622206 -0.37016 0.290658 -0.282705 0.579777 0.276902 0.401405 0.547718 -0.118695 0.0443253 
2005 -0.00728931 -0.0300283 -0.103972 0.0279964 0.0712697 -0.271566 0.196041 -0.628611 0.150439 0.20645 -0.0803695 0.149018 -0.760825 0.449857 0.640728 -0.110144 -0.214094 0.427225 -0.486537 0.594536 0.0377305 -0.105021 -0.160945 0.558099 0.485516 0.121772 -0.0608241 0.017556 -0.269229 -0.233056 -0.199478 0.424003 -0.141069 -0.11653 0.0420317 
2006 -0.00734298 -0.0302663 -0.104849 0.350147 -0.614603 -0.29882 -0.370659 -0.871986 0.664967 -0.100264 0.233229 -0.151094 0.47466 0.103765 -0.3035 0.501642 0.411812 -0.375427 0.224937 0.271024 0.087271 -0.231429 0.286113 0.220914 0.34124 0.18671 -0.32582 0.0562898 0.137975 -0.221938 -0.191186 -0.162778 -0.13693 -0.11379 0.041003 
2007 -0.00739525 -0.0305002 -0.105719 -0.308071 0.441635 0.196957 -0.0699698 -0.540689 -0.276087 -0.10654 -0.103803 0.720569 -0.339068 0.465838 0.354084 0.0704148 -0.114418 0.555614 0.1654  0.0572634 0.133855 -0.0178238 -0.484293 0.0489012 0.15779 -0.0400583 -0.303203 -0.270738 -0.239645 0.742632 -0.182085 -0.156039 0.624955 0.79478 0.041344 
2008 -0.00744673 -0.0307334 1.76994 0.0112806 0.423561 -0.547438 -0.471548 -0.414551 -0.397006 0.452476 -0.031735 0.134   -0.0748887 -0.0408075 0.173644 0.932712 -0.145917 0.316679 0.573844 -0.172888 0.50128 -0.166306 0.393402 0.33654 0.493206 0.324819 0.431761 0.145264 -0.224156 -0.197589 -0.17236 -0.148658 -0.126689 -0.106636 0.0430898 
2009 -0.00749795 -0.0309687 -0.107481 0.00564141 -0.37844 -0.25294 -0.561752 0.0162733 -0.24101 -0.432953 -0.518425 0.766365 0.418451 0.281483 0.489153 0.641218 0.701541 0.171401 0.149153 0.293059 -0.106625 0.0568828 -0.227281 0.124165 0.252824 0.380816 0.121728 -0.233385 -0.208622 -0.184874 -0.162214 -0.140785 -0.120761 -0.102317 -0.294084 
2010 -0.00754938 -0.0312087 -0.108397 -0.000161143 -0.131154 -0.219772 -0.387883 -0.121893 0.061052 -0.00525236 0.188428 -0.189977 0.48175 -0.0232943 -0.0745918 0.109598 -0.125567 0.123731 -0.424702 0.491303 0.442627 0.0937212 0.0266525 0.956538 -0.0180433 0.071625 0.159486 -0.217139 0.324112 -0.172141 -0.15186 -0.132581 -0.114444 -0.0976011 -0.291982 
objective function: multinomial likelihood, with delta = 1e-011, N =
100 100 100 100 100 100 100 100 100 100 100 100 100 100 100 100 100 100 100 100 100 100 100 100 100 100 100 100 100 100 100 100 100 100 100 
100 100 100 100 100 100 100 100 100 100 100 100 100 100 100 100 100 100 100 100 100 100 100 100 100 100 100 100 100 100 100 100 100 100 100 
100 100 100 100 100 100 100 100 100 100 100 100 100 100 100 100 100 100 100 100 100 100 100 100 100 100 100 100 100 100 100 100 100 100 100 
100 100 100 100 100 100 100 100 100 100 100 100 100 100 100 100 100 100 100 100 100 100 100 100 100 100 100 100 100 100 100 100 100 100 100 
100 100 100 100 100 100 100 100 100 100 100 100 100 100 100 100 100 100 100 100 100 100 100 100 100 100 100 100 100 100 100 100 100 100 100 
100 100 100 100 100 100 100 100 100 100 100 100 100 100 100 100 100 100 100 100 100 100 100 100 100 100 100 100 100 100 100 100 100 100 100 
100 100 100 100 100 100 100 100 100 100 100 100 100 100 100 100 100 100 100 100 100 100 100 100 100 100 100 100 100 100 100 100 100 100 100 
100 100 100 100 100 100 100 100 100 100 100 100 100 100 100 100 100 100 100 100 100 100 100 100 100 100 100 100 100 100 100 100 100 100 100 
100 100 100 100 100 100 100 100 100 100 100 100 100 100 100 100 100 100 100 100 100 100 100 100 100 100 100 100 100 100 100 100 100 100 100 
100 100 100 100 100 100 100 100 100 100 100 100 100 100 100 100 100 100 100 100 100 100 100 100 100 100 100 100 100 100 100 100 100 100 100 
100 100 100 100 100 100 100 100 100 100 100 100 100 100 100 100 100 100 100 100 100 100 100 100 100 100 100 100 100 100 100 100 100 100 100 

Tags2005_R1_R1 :
tag-recapture data for tag Tags2005_R1 in years 2006 2007 2008 2009 2010 , step 1, after proportion 0.5 of mortality, with sampling method size, detection probability 1.
Year 2006
class scanned recaptured expected_prop neg_log_likelihood
100 0 0 0 0
150 0 0 0 0
200 0 0 2.44312e-016 0
250 0 0 1.13943e-011 0
300 0 0 1.54998e-010 0
350 0 0 1.80211e-009 0
400 0 0 1.57431e-008 0
450 2 0 8.46806e-008 1.69361e-007
500 10 0 2.23044e-007 2.23044e-006
550 30 0 5.40052e-007 1.62016e-005
600 86 0 1.60597e-006 0.000138113
650 226 0 4.53855e-006 0.00102571
700 542 0.2 1.12754e-005 0.940111
750 1184 0.4 2.60393e-005 1.30281
800 2348 0.9 5.60748e-005 1.91737
850 4240 2.1 0.000109876 2.85738
900 6978 4.2 0.000196127 3.53466
950 10500 7.4 0.000322678 3.70039
1000 14488 12 0.000493561 3.53178
1050 18400 17.6 0.000704539 3.10262
1100 21586 23.7 0.000945856 2.75569
1150 23494 28.9 0.00120037 2.61172
1200 23836 32.5 0.00144135 2.71258
1250 22648 33.8 0.0016412 2.83874
1300 20256 32.4 0.00177469 2.84127
1350 17136 28.9 0.00182525 2.6958
1400 13770 24 0.00178995 2.51917
1450 10546 18.7 0.00168139 2.41277
1500 7720 13.6 0.00152863 2.36006
1550 5408 9.4 0.00135424 2.31755
1600 3626 6.1 0.0011789 2.18006
1650 2326 3.7 0.00102069 1.91099
1700 1426 2.2 0.00087879 1.64164
1750 834 1.2 0.000755667 1.28066
1800 464 0.7 0.000653098 1.04237
1850 246 0.3 0.000570828 0.620618
1900 124 0.2 0.000507609 0.529943
1950 60 0 0.000458951 0.0275434
2000 0 0 0.00042459 0

total neg_log_likelihood: 56.1875


Year 2007
class scanned recaptured expected_prop neg_log_likelihood
100 0 0 0 0
150 0 0 0 0
200 0 0 0 0
250 0 0 1.1076e-015 0
300 0 0 5.33092e-012 0
350 0 0 2.45552e-010 0
400 0 0 4.14959e-009 0
450 4 0 3.18828e-008 1.27531e-007
500 10 0 8.64833e-008 8.64833e-007
550 30 0 1.81263e-007 5.4379e-006
600 88 0 5.01076e-007 4.40947e-005
650 230 0 1.40259e-006 0.000322596
700 552 0 3.58774e-006 0.00198044
750 1204 0.2 8.76618e-006 0.835353
800 2388 0.6 2.03355e-005 1.75087
850 4310 1.3 4.33461e-005 2.52189
900 7088 2.7 8.45531e-005 3.40983
950 10658 4.8 0.00015205 3.75346
1000 14694 8.2 0.00025359 3.97542
1050 18638 12.5 0.000393712 3.68512
1100 21836 17.3 0.000572959 3.16709
1150 23728 22.1 0.000786373 2.76968
1200 24024 25.8 0.00101824 2.58279
1250 22774 27.7 0.00124463 2.58946
1300 20316 27.5 0.00143732 2.62896
1350 17134 25.4 0.00156863 2.58026
1400 13722 21.8 0.00162106 2.46739
1450 10472 17.4 0.0015927 2.36653
1500 7636 13.1 0.00150252 2.32115
1550 5326 9.2 0.00137104 2.26474
1600 3556 6.1 0.00122086 2.15228
1650 2270 3.8 0.00107562 1.93038
1700 1386 2.2 0.000938684 1.607
1750 808 1.2 0.000815771 1.25571
1800 448 0.7 0.000710699 1.02309
1850 236 0.3 0.000625253 0.612855
1900 118 0.2 0.000558339 0.523711
1950 56 0 0.000507065 0.0284029
2000 0 0 0.00046992 0

total neg_log_likelihood: 54.8058


Year 2008
class scanned recaptured expected_prop neg_log_likelihood
100 0 0 0 0
150 0 0 0 0
200 0 0 0 0
250 0 0 0 0
300 0 0 5.1868e-016 0
350 0 0 2.19889e-011 0
400 0 0 8.57702e-010 0
450 4 0 1.12474e-008 4.49894e-008
500 10 0 4.2137e-008 4.2137e-007
550 30 0 7.83392e-008 2.35018e-006
600 88 0 1.94891e-007 1.71504e-005
650 234 0 5.18296e-007 0.000121281
700 560 0 1.29708e-006 0.000726365
750 1224 0 3.19417e-006 0.00390967
800 2428 0.2 7.66547e-006 0.729995
850 4378 0.6 1.72417e-005 1.51315
900 7196 1.1 3.59617e-005 1.79114
950 10812 2.2 6.96363e-005 2.2627
1000 14892 3.8 0.000125327 2.37651
1050 18870 6.1 0.000209891 2.33181
1100 22076 8.9 0.000328872 2.19382
1150 23948 11.9 0.000485332 2.16724
1200 24202 14.6 0.000675236 2.36126
1250 22892 16.6 0.000884887 2.68054
1300 20368 17.3 0.00109195 2.94394
1350 17128 16.7 0.00126801 2.96235
1400 13674 15 0.00138656 2.72427
1450 10400 12.5 0.0014326 2.39259
1500 7554 9.7 0.00141166 2.10793
1550 5250 7.1 0.00133626 1.91055
1600 3490 4.8 0.00122541 1.75072
1650 2220 3 0.00110496 1.55221
1700 1350 1.8 0.000981878 1.33439
1750 782 1 0.000865358 1.06665
1800 432 0.6 0.000761985 0.882671
1850 228 0.2 0.000675977 0.442316
1900 114 0.2 0.000607148 0.517147
1950 54 0 0.000554296 0.0299403
2000 0 0 0.000514882 0

total neg_log_likelihood: 43.0306


Year 2009
class scanned recaptured expected_prop neg_log_likelihood
100 0 0 0 0
150 0 0 0 0
200 0 0 0 0
250 0 0 0 0
300 0 0 0 0
350 0 0 8.19306e-013 0
400 0 0 1.25846e-010 0
450 4 0 3.16799e-009 1.2672e-008
500 10 0 2.19397e-008 2.19397e-007
550 32 0 3.99855e-008 1.27954e-006
600 90 0 8.86771e-008 7.98094e-006
650 238 0 2.23741e-007 5.32504e-005
700 570 0 5.39618e-007 0.000307583
750 1244 0 1.3047e-006 0.00162305
800 2466 0 3.14262e-006 0.00774973
850 4446 0.2 7.24896e-006 0.633814
900 7304 0.5 1.5784e-005 1.07465
950 10966 1 3.23108e-005 1.39185
1000 15090 1.9 6.19069e-005 1.66639
1050 19096 3.2 0.000110667 1.7674
1100 22310 5 0.00018505 1.82633
1150 24162 7.1 0.000291185 1.91086
1200 24370 9.4 0.000432015 2.11072
1250 23000 11.4 0.000603731 2.38005
1300 20412 12.7 0.000793154 2.6028
1350 17118 13 0.000978181 2.66179
1400 13622 12.4 0.00113183 2.50114
1450 10326 11 0.00123114 2.24601
1500 7474 9.1 0.0012703 2.03993
1550 5176 7 0.00125231 1.92331
1600 3428 5 0.00118852 1.83771
1650 2174 3.3 0.00110244 1.69265
1700 1316 2.1 0.00100218 1.52445
1750 760 1.2 0.000899222 1.23654
1800 418 0.6 0.0008028 0.877498
1850 220 0.3 0.000719763 0.602425
1900 110 0.2 0.000651508 0.512606
1950 52 0 0.000598482 0.0311304
2000 0 0 0.00055792 0

total neg_log_likelihood: 37.0618


Year 2010
class scanned recaptured expected_prop neg_log_likelihood
100 0 0 0 0
150 0 0 0 0
200 0 0 0 0
250 0 0 0 0
300 0 0 0 0
350 0 0 7.98178e-017 0
400 0 0 1.15962e-011 0
450 4 0 6.60619e-010 2.64248e-009
500 10 0 1.10117e-008 1.10117e-007
550 32 0 2.32435e-008 7.43792e-007
600 92 0 4.5409e-008 4.17763e-006
650 242 0 1.09367e-007 2.64668e-005
700 580 0 2.54705e-007 0.000147729
750 1266 0 6.00306e-007 0.000759988
800 2506 0 1.42935e-006 0.00358195
850 4516 0.1 3.31468e-006 0.385263
900 7414 0.3 7.38095e-006 0.818176
950 11120 0.6 1.56785e-005 1.10977
1000 15286 1.1 3.14982e-005 1.33087
1050 19320 2 5.93876e-005 1.56554
1100 22540 3.1 0.000104947 1.61515
1150 24372 4.5 0.000174508 1.69641
1200 24534 6.1 0.000273613 1.86548
1250 23102 7.6 0.0004045 2.11796
1300 20452 8.8 0.000562376 2.36131
1350 17102 9.4 0.000732992 2.47786
1400 13568 9.2 0.000894711 2.42626
1450 10252 8.4 0.00102278 2.21549
1500 7396 7.1 0.00110403 1.98305
1550 5104 5.6 0.00113399 1.79772
1600 3370 4.1 0.00111589 1.65901
1650 2128 2.8 0.00106795 1.51974
1700 1284 1.8 0.000996686 1.35186
1750 740 1.1 0.000913613 1.15149
1800 406 0.6 0.000829495 0.876534
1850 212 0.3 0.000753439 0.601176
1900 106 0.2 0.000688682 0.510218
1950 50 0 0.000637341 0.0318772
2000 0 0 0.000597137 0

total neg_log_likelihood: 33.4727


Tags2006_R1_R1 :
tag-recapture data for tag Tags2006_R1 in years 2007 2008 2009 2010 , step 1, after proportion 0.5 of mortality, with sampling method size, detection probability 1.
Year 2007
class scanned recaptured expected_prop neg_log_likelihood
100 0 0 0 0
150 0 0 0 0
200 0 0 1.09441e-014 0
250 0 0 3.10953e-011 0
300 0 0 2.18672e-010 0
350 0 0 1.98065e-009 0
400 0 0 1.69641e-008 0
450 4 0 9.19698e-008 3.67879e-007
500 10 0 2.44711e-007 2.44711e-006
550 30 0 5.90906e-007 1.77272e-005
600 88 0 1.72587e-006 0.000151876
650 230 0 4.78342e-006 0.00110019
700 552 0.2 1.173e-005 0.928916
750 1204 0.5 2.69139e-005 1.62624
800 2388 1.2 5.77974e-005 2.61138
850 4310 2.6 0.000113128 3.66829
900 7088 5 0.000201865 4.42763
950 10658 8.7 0.00033214 4.6741
1000 14694 13.8 0.000508255 4.37972
1050 18638 19.7 0.000726126 3.64383
1100 21836 25.7 0.000976137 2.96825
1150 23728 30.9 0.00124113 2.67155
1200 24024 34 0.00149393 2.7346
1250 22774 34.7 0.00170602 2.92463
1300 20316 32.8 0.00185065 2.9865
1350 17134 29 0.0019093 2.82431
1400 13722 24 0.0018773 2.57224
1450 10472 18.5 0.00176633 2.38144
1500 7636 13.5 0.00160624 2.28583
1550 5326 9.2 0.00142146 2.20093
1600 3556 5.9 0.00123425 2.05453
1650 2270 3.6 0.00106482 1.8332
1700 1386 2.1 0.000912796 1.55813
1750 808 1.1 0.000781066 1.18231
1800 448 0.6 0.000671603 0.908347
1850 236 0.3 0.000584076 0.623582
1900 118 0.2 0.000517087 0.5342
1950 56 0 0.000465656 0.0260828
2000 0 0 0.000429545 0

total neg_log_likelihood: 61.232


Year 2008
class scanned recaptured expected_prop neg_log_likelihood
100 0 0 0 0
150 0 0 0 0
200 0 0 0 0
250 0 0 4.9664e-014 0
300 0 0 1.44031e-011 0
350 0 0 2.68939e-010 0
400 0 0 4.33863e-009 0
450 4 0 3.31035e-008 1.32414e-007
500 10 0 8.95545e-008 8.95545e-007
550 30 0 1.88997e-007 5.6699e-006
600 88 0 5.24897e-007 4.6191e-005
650 234 0 1.46467e-006 0.000342733
700 560 0 3.72258e-006 0.00208465
750 1224 0.2 9.03893e-006 0.826441
800 2428 0.6 2.08702e-005 1.72744
850 4378 1.2 4.43594e-005 2.25774
900 7196 2.5 8.6399e-005 3.01091
950 10812 4.5 0.000155277 3.30533
1000 14892 7.4 0.000258999 3.20986
1050 18870 11.3 0.000402418 2.92408
1100 22076 15.6 0.00058647 2.55269
1150 23948 19.9 0.000806645 2.42677
1200 24202 23.2 0.00104743 2.58807
1250 22892 25.1 0.00128465 2.86578
1300 20368 25.1 0.00148912 3.01315
1350 17128 23.3 0.00163132 2.90548
1400 13674 20.2 0.00169154 2.61945
1450 10400 16.4 0.00166604 2.34716
1500 7554 12.4 0.00157343 2.19467
1550 5250 8.9 0.00143534 2.13733
1600 3490 5.9 0.00127586 2.03317
1650 2220 3.8 0.00112088 1.90504
1700 1350 2.2 0.00097456 1.597
1750 782 1.2 0.00084332 1.25541
1800 432 0.7 0.000731343 1.02603
1850 228 0.3 0.000640533 0.61442
1900 114 0.2 0.000569645 0.525629
1950 54 0 0.000515468 0.0278424
2000 0 0 0.000476388 0

total neg_log_likelihood: 51.8994


Year 2009
class scanned recaptured expected_prop neg_log_likelihood
100 0 0 0 0
150 0 0 0 0
200 0 0 0 0
250 0 0 0 0
300 0 0 2.32641e-014 0
350 0 0 2.83822e-011 0
400 0 0 8.91236e-010 0
450 4 0 1.15318e-008 4.61271e-008
500 10 0 4.27251e-008 4.27251e-007
550 32 0 7.94288e-008 2.54172e-006
600 90 0 1.98826e-007 1.78944e-005
650 238 0 5.29938e-007 0.000126125
700 570 0 1.32589e-006 0.000755758
750 1244 0 3.25796e-006 0.00405291
800 2466 0.2 7.79554e-006 0.724137
850 4446 0.6 1.74879e-005 1.49767
900 7304 1.2 3.64059e-005 1.95236
950 10966 2.3 7.0425e-005 2.35372
1000 15090 4.1 0.000126728 2.584
1050 19096 6.7 0.000212388 2.60138
1100 22310 10 0.000333307 2.47698
1150 24162 13.6 0.000493085 2.34393
1200 24370 16.9 0.000688262 2.33766
1250 23000 19.3 0.000905522 2.46034
1300 20412 20.4 0.00112234 2.57317
1350 17118 19.9 0.00130918 2.56427
1400 13622 18 0.00143752 2.43387
1450 10326 15.1 0.00149015 2.28378
1500 7474 11.9 0.00147128 2.19962
1550 5176 8.7 0.00139352 2.15329
1600 3428 6 0.00127674 2.0977
1650 2174 3.9 0.00114888 1.95588
1700 1316 2.3 0.00101786 1.65379
1750 760 1.4 0.000893817 1.43695
1800 418 0.8 0.00078391 1.14849
1850 220 0.4 0.00069268 0.784533
1900 110 0.2 0.000619854 0.51909
1950 52 0 0.000564081 0.0293405
2000 0 0 0.000522612 0

total neg_log_likelihood: 45.1709


Year 2010
class scanned recaptured expected_prop neg_log_likelihood
100 0 0 0 0
150 0 0 0 0
200 0 0 0 0
250 0 0 0 0
300 0 0 0 0
350 0 0 2.20858e-012 0
400 0 0 1.33401e-010 0
450 4 0 3.22115e-009 1.28846e-008
500 10 0 2.19587e-008 2.19587e-007
550 32 0 3.9779e-008 1.27293e-006
600 92 0 8.86661e-008 8.15728e-006
650 242 0 2.24241e-007 5.42664e-005
700 580 0 5.4147e-007 0.000314053
750 1266 0 1.30941e-006 0.00165771
800 2506 0.2 3.15119e-006 0.890748
850 4516 0.3 7.25872e-006 0.949958
900 7414 0.7 1.57858e-005 1.5229
950 11120 1.3 3.22915e-005 1.84472
1000 15286 2.5 6.18718e-005 2.28613
1050 19320 4.1 0.000110702 2.35159
1100 22540 6.2 0.000185446 2.26889
1150 24372 8.5 0.000292633 2.12216
1200 24534 10.7 0.000435802 2.11163
1250 23102 12.3 0.000611805 2.30481
1300 20452 13.2 0.000807866 2.57432
1350 17102 13.1 0.00100157 2.72774
1400 13568 11.9 0.00116461 2.69138
1450 10252 10.1 0.001272 2.44309
1500 7396 8 0.00131617 2.13334
1550 5104 5.9 0.00129939 1.86198
1600 3370 4.1 0.00123312 1.64448
1650 2128 2.6 0.00114239 1.43373
1700 1284 1.6 0.00103619 1.23044
1750 740 0.9 0.000927012 0.985632
1800 406 0.5 0.000824836 0.760505
1850 212 0.2 0.000737012 0.441669
1900 106 0.2 0.000664964 0.514716
1950 50 0 0.000609128 0.0304657
2000 0 0 0.000566504 0

total neg_log_likelihood: 40.1291


Tags2007_R1_R1 :
tag-recapture data for tag Tags2007_R1 in years 2008 2009 2010 , step 1, after proportion 0.5 of mortality, with sampling method size, detection probability 1.
Year 2008
class scanned recaptured expected_prop neg_log_likelihood
100 0 0 0 0
150 0 0 0 0
200 0 0 2.58635e-016 0
250 0 0 1.39286e-011 0
300 0 0 1.94255e-010 0
350 0 0 2.07302e-009 0
400 0 0 1.74682e-008 0
450 4 0 9.28805e-008 3.71522e-007
500 10 0 2.44962e-007 2.44962e-006
550 30 0 5.98076e-007 1.79423e-005
600 88 0 1.78403e-006 0.000156995
650 234 0 5.02656e-006 0.00117622
700 560 0.2 1.24155e-005 0.91516
750 1224 0.5 2.84761e-005 1.59224
800 2428 1.1 6.09004e-005 2.29586
850 4378 2.5 0.000118599 3.3589
900 7196 4.8 0.000210616 3.97008
950 10812 8.6 0.000345169 4.31667
1000 14892 13.9 0.000526637 4.13941
1050 18870 20.1 0.000750929 3.52065
1100 22076 26.6 0.0010086 2.95918
1150 23948 32 0.00128262 2.68024
1200 24202 35.3 0.00154563 2.7631
1250 22892 35.7 0.00176864 3.00352
1300 20368 33.4 0.00192376 3.12517
1350 17128 29 0.00199074 3.00693
1400 13674 23.3 0.0019631 2.74125
1450 10400 17.6 0.00185137 2.4301
1500 7554 12.4 0.00168576 2.18812
1550 5250 8.2 0.00149223 1.9888
1600 3490 5.1 0.00129449 1.7852
1650 2220 3.1 0.00111481 1.58385
1700 1350 1.7 0.000953288 1.29234
1750 782 0.9 0.000813292 1.00379
1800 432 0.5 0.000697037 0.779928
1850 228 0.2 0.00060419 0.448407
1900 114 0.1 0.000533284 0.290516
1950 54 0 0.000478896 0.0258666
2000 0 0 0.000440854 0

total neg_log_likelihood: 58.2066


Year 2009
class scanned recaptured expected_prop neg_log_likelihood
100 0 0 0 0
150 0 0 0 0
200 0 0 0 0
250 0 0 1.17498e-015 0
300 0 0 6.52083e-012 0
350 0 0 2.92239e-010 0
400 0 0 4.60324e-009 0
450 4 0 3.42437e-008 1.36975e-007
500 10 0 9.15502e-008 9.15502e-007
550 32 0 1.93327e-007 6.18647e-006
600 90 0 5.39193e-007 4.85273e-005
650 238 0 1.51369e-006 0.000360258
700 570 0 3.8709e-006 0.00220642
750 1244 0.2 9.43013e-006 0.815393
800 2466 0.5 2.17727e-005 1.3951
850 4446 1.1 4.61627e-005 1.99258
900 7304 2.3 8.95917e-005 2.61687
950 10966 4.3 0.000160439 2.96979
1000 15090 7.4 0.000266822 3.0612
1050 19096 11.3 0.000413725 2.78323
1100 22310 15.8 0.00060237 2.50022
1150 24162 20.3 0.000828639 2.42986
1200 24370 23.9 0.00107729 2.61779
1250 23000 25.9 0.0013242 2.90841
1300 20412 25.9 0.0015395 3.06623
1350 17118 24.1 0.0016922 2.94741
1400 13622 20.9 0.00176051 2.64945
1450 10326 16.9 0.00173878 2.36836
1500 7474 12.8 0.00164499 2.20958
1550 5176 9.1 0.00150167 2.13891
1600 3428 6 0.00133412 2.03054
1650 2174 3.8 0.00117046 1.87632
1700 1316 2.2 0.00101558 1.58323
1750 760 1.2 0.000876594 1.24993
1800 418 0.6 0.000758056 0.893217
1850 220 0.3 0.000662035 0.614815
1900 110 0.2 0.000587198 0.526326
1950 52 0 0.000530067 0.0275708
2000 0 0 0.000488974 0

total neg_log_likelihood: 50.275


Year 2010
class scanned recaptured expected_prop neg_log_likelihood
100 0 0 0 0
150 0 0 0 0
200 0 0 0 0
250 0 0 0 0
300 0 0 5.50584e-016 0
350 0 0 2.76803e-011 0
400 0 0 9.66145e-010 0
450 4 0 1.19608e-008 4.78434e-008
500 10 0 4.32954e-008 4.32954e-007
550 32 0 8.05201e-008 2.57664e-006
600 92 0 2.02456e-007 1.8626e-005
650 242 0 5.40793e-007 0.000130872
700 580 0 1.35669e-006 0.000786883
750 1266 0.1 3.34214e-006 0.500851
800 2506 0.2 8.00625e-006 0.716425
850 4516 0.6 1.79501e-005 1.47595
900 7414 1.3 3.73003e-005 2.10172
950 11120 2.5 7.19859e-005 2.55782
1000 15286 4.3 0.00012926 2.68721
1050 19320 6.7 0.000216311 2.52397
1100 22540 9.9 0.000339292 2.37672
1150 24372 13.2 0.000502233 2.25177
1200 24534 16.2 0.000702198 2.34756
1250 23102 18.5 0.000926323 2.58812
1300 20452 19.5 0.0011521 2.78068
1350 17102 19.1 0.00134914 2.76164
1400 13568 17.4 0.00148716 2.55224
1450 10252 14.7 0.00154676 2.31118
1500 7396 11.6 0.00153071 2.15425
1550 5104 8.6 0.00145157 2.09481
1600 3370 5.9 0.00132991 2.02382
1650 2128 3.8 0.00119564 1.87644
1700 1284 2.3 0.00105757 1.64077
1750 740 1.3 0.000926755 1.32969
1800 406 0.7 0.000810858 1.01045
1850 212 0.4 0.000714761 0.785909
1900 106 0.2 0.00063814 0.520111
1950 50 0 0.000579537 0.0289852
2000 0 0 0.000536043 0

total neg_log_likelihood: 46


Tags2008_R1_R1 :
tag-recapture data for tag Tags2008_R1 in years 2009 2010 , step 1, after proportion 0.5 of mortality, with sampling method size, detection probability 1.
Year 2009
class scanned recaptured expected_prop neg_log_likelihood
100 0 0 0 0
150 0 0 0 0
200 0 0 1.13915e-014 0
250 0 0 3.59461e-011 0
300 0 0 2.75071e-010 0
350 0 0 2.30605e-009 0
400 0 0 1.89687e-008 0
450 4 0 1.01652e-007 4.06609e-007
500 10 0 2.71174e-007 2.71174e-006
550 32 0 6.61358e-007 2.11635e-005
600 90 0 1.93847e-006 0.000174463
650 238 0 5.35328e-006 0.00127408
700 570 0.2 1.30312e-005 0.902416
750 1244 0.4 2.96404e-005 1.23727
800 2466 1.2 6.31093e-005 2.4849
850 4446 2.5 0.000122612 3.26306
900 7304 4.9 0.000217474 3.93919
950 10966 8.8 0.000356206 4.26996
1000 15090 14.1 0.000543465 3.99075
1050 19096 20.3 0.000775307 3.34133
1100 22310 26.9 0.00104243 2.83933
1150 24162 32.5 0.00132779 2.66416
1200 24370 36.1 0.00160352 2.83028
1250 23000 37.1 0.00183975 3.06313
1300 20412 35.2 0.00200702 3.12826
1350 17118 31.2 0.00208309 2.9326
1400 13622 25.6 0.00205955 2.65349
1450 10326 19.9 0.00194591 2.41846
1500 7474 14.4 0.00177302 2.30585
1550 5176 9.8 0.00156881 2.23083
1600 3428 6.3 0.00135873 2.11237
1650 2174 3.9 0.00116731 1.93386
1700 1316 2.2 0.000995202 1.60102
1750 760 1.3 0.000846196 1.3706
1800 418 0.7 0.000722687 1.04356
1850 220 0.3 0.00062425 0.624138
1900 110 0.2 0.00054929 0.535509
1950 52 0 0.000491849 0.0255824
2000 0 0 0.000451857 0

total neg_log_likelihood: 59.7434


Year 2010
class scanned recaptured expected_prop neg_log_likelihood
100 0 0 0 0
150 0 0 0 0
200 0 0 0 0
250 0 0 5.18181e-014 0
300 0 0 1.66789e-011 0
350 0 0 3.27553e-010 0
400 0 0 4.85053e-009 0
450 4 0 3.573e-008 1.4292e-007
500 10 0 9.52161e-008 9.52161e-007
550 32 0 2.02953e-007 6.49448e-006
600 92 0 5.6911e-007 5.23581e-005
650 242 0 1.59299e-006 0.000385504
700 580 0 4.04594e-006 0.00234665
750 1266 0.2 9.78545e-006 0.805148
800 2506 0.5 2.24593e-005 1.37412
850 4516 1.3 4.74243e-005 2.37164
900 7414 2.5 9.18036e-005 2.84349
950 11120 4.7 0.000164165 3.2809
1000 15286 8 0.00027288 3.35035
1050 19320 12.2 0.000423256 3.03479
1100 22540 16.9 0.000616947 2.63874
1150 24372 21.4 0.000850336 2.46499
1200 24534 24.8 0.00110844 2.63598
1250 23102 26.6 0.00136693 2.97742
1300 20452 26.3 0.00159504 3.21367
1350 17102 24.2 0.00175983 3.13541
1400 13568 20.7 0.00183712 2.81833
1450 10252 16.6 0.00181917 2.44511
1500 7396 12.4 0.00172342 2.18843
1550 5104 8.7 0.0015735 2.03647
1600 3370 5.7 0.00139637 1.9014
1650 2128 3.6 0.00122263 1.75273
1700 1284 2.1 0.00105805 1.50185
1750 740 1.1 0.000910506 1.15294
1800 406 0.6 0.000784881 0.891603
1850 212 0.3 0.000683345 0.615621
1900 106 0.2 0.000604398 0.527404
1950 50 0 0.000544224 0.0272186
2000 0 0 0.00050109 0

total neg_log_likelihood: 51.9885


Tags2009_R1_R1 :
tag-recapture data for tag Tags2009_R1 in years 2010 , step 1, after proportion 0.5 of mortality, with sampling method size, detection probability 1.
Year 2010
class scanned recaptured expected_prop neg_log_likelihood
100 0 0 0 0
150 0 0 0 0
200 0 0 2.69696e-016 0
250 0 0 1.45949e-011 0
300 0 0 2.07941e-010 0
350 0 0 2.23521e-009 0
400 0 0 1.88355e-008 0
450 4 0 9.91702e-008 3.96681e-007
500 10 0 2.6008e-007 2.6008e-006
550 32 0 6.36432e-007 2.03658e-005
600 92 0 1.90181e-006 0.000174966
650 242 0 5.35906e-006 0.0012969
700 580 0.2 1.32325e-005 0.896122
750 1266 0.6 3.03282e-005 1.88158
800 2506 1.4 6.47929e-005 2.92428
850 4516 3.1 0.00012604 4.23529
900 7414 6 0.000223636 5.20435
950 11120 10.5 0.000366379 5.61861
1000 15286 16.7 0.000559263 5.36459
1050 19320 24 0.000798637 4.54467
1100 22540 31.5 0.00107558 3.63844
1150 24372 37.9 0.00137328 3.01931
1200 24534 41.9 0.00166361 2.80203
1250 23102 42.8 0.00191587 2.82263
1300 20452 40.3 0.00209883 2.85033
1350 17102 35.4 0.00218777 2.75901
1400 13568 28.9 0.00217173 2.60816
1450 10252 22 0.00205855 2.48596
1500 7396 15.8 0.00187953 2.42757
1550 5104 10.6 0.00166455 2.34799
1600 3370 6.7 0.00144115 2.19435
1650 2128 4 0.00123662 1.93882
1700 1284 2.2 0.00105232 1.57385
1750 740 1.2 0.000892707 1.25446
1800 406 0.6 0.000760477 0.900654
1850 212 0.2 0.000655209 0.447862
1900 106 0.2 0.000575185 0.53422
1950 50 0 0.000513905 0.0257018
2000 0 0 0.000471372 0

total neg_log_likelihood: 67.3023


Output quantities start here

* Scalar parameter values
initialization.B0 52508.4

* Vector parameter values
recruitment.YCS 1 1 1 1 1 1 1 1 1 1 1 1 1 1 1 1 1 1 1 1 1 

* Nuisance q's

* B0
52508.4

* R0
932938

* SSBs
SSB 52508.4 50128.9 47554.7 44836.9 42036.4 39217.6 36441.3 33758.8 31208.3 28813.3 26583.9 24520.3 22615.4 20858.5 19236.8 17735.2 16342.8 15047.9 13839.6 12708.1 11646.5 
year 1990 1991 1992 1993 1994 1995 1996 1997 1998 1999 2000 2001 2002 2003 2004 2005 2006 2007 2008 2009 2010 

* recruitments
recruitment 932938 932938 929262 924909 919823 913964 907314 899875 891669 882731 873103 862820 851905 840371 828212 815411 801913 787681 772650 756739 739845 
year 1990 1991 1992 1993 1994 1995 1996 1997 1998 1999 2000 2001 2002 2003 2004 2005 2006 2007 2008 2009 2010 

* YCS
YCS 1 1 1 1 1 1 1 1 1 1 1 1 1 1 1 1 1 1 1 1 1 
year 1989 1990 1991 1992 1993 1994 1995 1996 1997 1998 1999 2000 2001 2002 2003 2004 2005 2006 2007 2008 2009 

* true_YCS
true_YCS 1 1 0.99606 0.991394 0.985942 0.979662 0.972534 0.96456 0.955764 0.946185 0.935864 0.924842 0.913143 0.900779 0.887747 0.874025 0.859557 0.844301 0.82819 0.811135 0.793027 
year 1989 1990 1991 1992 1993 1994 1995 1996 1997 1998 1999 2000 2001 2002 2003 2004 2005 2006 2007 2008 2009 

* fishing_pressures
pressure 0 0.0956843 0.103157 0.111158 0.119474 0.127923 0.136358 0.14467 0.152794 0.160718 0.168482 0.17614 0.183756 0.191402 0.199162 0.207131 0.21546 0.224227 0.233562 0.243618 0.254577 
year 1990 1991 1992 1993 1994 1995 1996 1997 1998 1999 2000 2001 2002 2003 2004 2005 2006 2007 2008 2009 2010 

* Numbers_at_age_R1
1990  876073 769276 675498 593151 520843 457350 401597 352641 309652 271904 238758 209652 184095 161653 141946 124642 109448 96105.8 84390.1 74102.5 65069.1 57136.9 50171.6 44055.5 38684.9 33969 29828.1 26191.9 22999 20195.3 17733.4 15571.6 13673.4 12006.5 86484.6 
1991  876073 769275 675491 593100 520537 456072 397820 344753 298003 259740 228150 200529 176357 155180 136607 120298 105962 93346.8 82236.7 72445 63810.8 56194.8 49476 43548.9 38321.1 33711.3 29648 26067.9 22914.7 20138.8 17696.1 15547.3 13657.7 11996.6 86433.8 
1992  872621 769275 675490 593084 520416 455398 395148 337214 282880 237968 205571 180830 159396 140770 124526 110307 97809.9 86786.3 77029.3 68368.8 60664.3 53799.9 47678.8 42219.1 37350.9 33013.5 29153.2 25721.8 22676.1 19976.6 17587.4 15475.4 13610.9 11966.5 86315.8 
1993  868534 766244 675489 593078 520373 455162 394152 334019 275197 224150 186737 161567 142567 126240 112134 99867.3 89127.7 79659.7 71258 63759.1 57034.1 50981.8 45522.6 40593.4 36143.2 32129.4 28515.4 25268.6 22358.7 19757.5 17438.3 15375.4 13544.8 11923.4 86176.9 
1994  863757 762655 672827 593072 520336 454987 393516 332205 271031 216277 174300 145454 126275 111975 99774.8 89277.2 80158.1 72155.1 65059.3 58707.6 52974.7 47766.5 43013.5 38664.7 34683.2 31041.1 27716.6 24691.1 21947.6 19469.2 17239.2 15239.9 13453.9 11863.3 86008 
1995  858256 758461 669675 590730 520300 454816 392925 330675 267971 211197 166596 134507 112658 98326.2 87783.5 78840.5 71165.9 64492.2 58606.5 53342.8 48574.9 44209.6 40180.6 36443.1 32968.3 29738.3 26742.6 23974.6 21428.8 19099.5 16979.7 15060.7 13331.9 11781.6 85797.5 
1996  852011 753630 665992 587957 518214 454645 392336 329183 265151 207016 161125 127348 103225 86954.8 76447.9 68835.4 62408.1 56897.9 52090.5 47817.7 43950.1 40392.3 37076.3 33957.8 31010.3 28221 25586.4 23108.1 20790.1 18636.5 16649.5 14828.8 13171.7 11672.5 85531.5 
1997  845025 748146 661749 584718 515750 452685 391752 327708 262391 203075 156420 122001 96833.3 78975.1 67049 59488.4 54108.1 49582.8 45700.8 42294.3 39232.4 36415.8 33773.1 31256.2 28836.5 26501.3 24249 22086.1 20022.6 18069.9 16238.2 14535.3 12965.6 11530.1 85193.2 
1998  837319 742012 656933 580988 512879 450399 389638 326259 259690 199251 151981 117326 91922.9 73441.1 60398.4 51779.8 46438.2 42721.7 39606.2 36927.8 34556.8 32392.2 30358.2 28401.6 26489 24603.5 22741.8 20910.3 19121.9 17392.2 15737.3 14171.5 12705.8 11347.6 84762.5 
1999  828927 735245 651546 576756 509579 447762 387258 323567 257063 195548 147720 112943 87607.9 69119.7 55713.9 46296.2 40146.1 36442.2 33941.3 31852.2 30049.5 28433.2 26925.5 25468.4 24022.5 22564.8 21086.6 19591.1 18089.9 16600 15140.3 13729.7 12384.6 11118.2 84216 
2000  819886 727876 645604 572022 505838 444755 384589 320685 253508 191972 143632 108774 83588.1 65318.7 52019.7 42392.2 35654.7 31315.5 28798.6 27169.8 25815.8 24640.7 23567.4 22535.4 21500.1 20431.9 19315.3 18147.5 16935.8 15695 14444.3 13204.5 11995.6 10835.3 83527.3 
2001  810229 719937 639133 566801 501658 441366 381613 317591 249854 187769 139710 104807 79796.4 61800 48772.7 39293.8 32432.2 27647 24617.4 22947.6 21934.1 21098.2 20366.6 19679.1 18988 18258.5 17468.3 16607.2 15676.2 14685.3 13651 12593.4 11534.1 10493.2 82667.5 
2002  799980 711457 632161 561115 497052 437598 378320 314264 246074 183553 135398 101023 76212.2 58503.6 45783.4 36574.3 29863.6 24999.6 21620 19526.6 18453 17866.3 17390.1 16967.3 16550.1 16100.7 15591.3 15004.8 14335.1 13585.4 12767.3 11898 10997.7 10087.7 81606.2 
2003  789148 702457 624715 554990 492039 433459 374706 310689 242144 179293 131135 97013.3 72812.5 55405.6 42999.3 34082.4 27612.5 22883 19447.3 17070.8 15640.4 14980.8 14685.2 14454.2 14242.7 14012.3 13732.1 13379.9 12942.4 12416.2 11806.1 11124.3 10388 9616.94 80313.1 
2004  777731 692946 616812 548448 486641 428967 370778 306859 238040 174957 126885 93087.2 69294.1 52481 40395.5 31772.8 25558.2 21030.7 17706.2 15284.2 13619 12654.6 12278.7 12177.5 12110 12040.2 11936.3 11773.1 11532.2 11203.5 10785.3 10283.4 9710.14 9082.17 78760.3 
2005  765710 682921 608460 541505 480877 424136 366537 302751 233721 170494 122601 89199.5 65866.5 49498.9 37942.9 29618.3 23659.1 19343.8 16182.8 13848.7 12143.2 10980.5 10341.7 10157.3 10182.4 10221 10243.4 10223.3 10139.5 9976.91 9727.61 9391.15 8973.96 8488.04 76923.8 
2006  753034 672365 599656 534169 474761 418985 362005 298383 229183 165876 118242 85311.6 62493.9 46608.8 35472.1 27594.4 21892.3 17788.5 14798.2 12593.2 10955 9754.64 8945.99 8533.23 8475.61 8579.77 8684.23 8764.23 8797.68 8766.62 8658.52 8467.23 8193.22 7843.05 74787 
2007  739670 661235 590387 526435 468299 413526 357193 293764 224437 161112 113804 81407.4 59157.2 43790.7 33095.9 25580.4 20240.6 16347.8 13526.6 11455.7 9917.28 8766.85 7922.13 7362.33 7105.32 7129.39 7279.83 7422.27 7535.8 7601.64 7604.52 7533.97 7385.21 7159.33 72343.2 
2008  725555 649499 580613 518293 461489 407760 352102 288886 219464 156179 109267 77465.4 55831.8 41020.7 30791.6 23652.5 18610.7 15004.7 12351.7 10413.2 8978.56 7904.5 7096 6501.66 6116.52 5965.9 6040.47 6214.9 6376.34 6506.94 6590.62 6614.35 6569.38 6451.98 69596.7 
2009  710614 637106 570308 509707 454319 401685 346731 283741 214242 151048 104606 73467.5 52499.2 38278.7 28540 21792.5 17057.1 13688.3 11258.7 9451.85 8119.74 7125.37 6374.92 5806.34 5388.41 5125.66 5046.87 5150.58 5334.08 5501.81 5638.44 5730.15 5765.78 5737.99 66564.7 
2010  694749 623985 559425 500655 446758 395291 341081 278334 208774 145713 99809.8 69403 49152.2 35555.7 26329.4 19987.8 15567.1 12439.9 10195 8560.26 7329.73 6413.98 5724.38 5199.73 4799.7 4506.12 4328.91 4297.79 4416.17 4598.97 4764.7 4900.16 4993.42 5034.92 63277.4 

Output quantities finish here

Unused parameters:
annual_cycle.fishery_areas annual_cycle.n_migrations annual_cycle.recruitment_areas annual_cycle.spawning_all_areas area_names recruitment.p_male recruitment.year_range tag[Tags2005_R1_LL].area tag[Tags2005_R1_LL].sex tag[Tags2006_R1_LL].area tag[Tags2006_R1_LL].sex tag[Tags2007_R1_LL].area tag[Tags2007_R1_LL].sex tag[Tags2008_R1_LL].area tag[Tags2008_R1_LL].sex tag[Tags2009_R1_LL].area tag[Tags2009_R1_LL].sex MCMC.adapt_at MCMC.adaptive_stepsize MCMC.burn_in MCMC.keep MCMC.length MCMC.start MCMC.stepsize estimate[1].lower_bound estimate[1].prior estimate[1].upper_bound profile[1].l profile[1].n profile[1].parameter profile[1].u tag_recapture[Tags2005_R1_R1].area tag_recapture[Tags2006_R1_R1].area tag_recapture[Tags2007_R1_R1].area tag_recapture[Tags2008_R1_R1].area tag_recapture[Tags2009_R1_R1].area n_projections numbers_at[Numbers_at_age_R1].area print.yields 
