CASAL (C++ algorithmic stock assessment laboratory)
Call: casal -e -O C:/Users/STA384/Documents/GitHub/planetfish2_bugs/Output/TOA_bug_1/casalout_mpd.dat -f C:/Users/STA384/Documents/GitHub/planetfish2_bugs/Output/TOA_bug_1/casal_ 
Date: Mon May 27 11:43:09 2019
v2.30-2012-03-21 00:22:59 UTC (rev.4648)  (c) Copyright 2002-2012, NIWA
User name: STA384
Machine name: MACKEREL-HF (Microsoft Windows, PID=18840)

Prefix for the input parameter filenames : C:/Users/STA384/Documents/GitHub/planetfish2_bugs/Output/TOA_bug_1/casal_

Random number seed : 21389

Estimation parameters:
Stored as strings: 
  MCMC.adapt_at                 	1e+05 2e+05 3e+05 4e+05
  MCMC.adaptive_stepsize        	True
  MCMC.burn_in                  	500
  MCMC.keep                     	1000
  MCMC.length                   	1500000
  MCMC.start                    	0
  MCMC.stepsize                 	0.01
  ageing_error.c                	0
  ageing_error.type             	normal
  catch_at[LL_catchA].2000      	0 0 0 0 0 0 0.1 0.1 0 0.2 0.4 0 0.1 0 0 0 0 0 0.1 0 0
  catch_at[LL_catchA].2001      	0 0 0 0 0 0 0 0.2 0.2 0 0.3 0.1 0.1 0 0 0 0 0.1 0 0 0
  catch_at[LL_catchA].2002      	0 0 0 0 0 0 0 0.1 0.2 0.2 0.1 0.2 0.1 0 0.1 0 0 0 0 0 0
  catch_at[LL_catchA].2003      	0 0 0 0 0 0 0.1 0.1 0.3 0 0.1 0 0 0.1 0.2 0 0 0 0 0 0.1
  catch_at[LL_catchA].2004      	0 0 0 0 0 0 0.2 0 0.2 0.1 0.4 0 0 0 0.1 0 0 0 0 0 0
  catch_at[LL_catchA].2005      	0 0 0 0 0 0.1 0 0.1 0.3 0 0.2 0 0.2 0.1 0 0 0 0 0 0 0
  catch_at[LL_catchA].2006      	0 0 0 0 0 0.1 0.1 0.3 0 0 0 0.1 0 0.1 0.1 0 0 0.1 0.1 0 0
  catch_at[LL_catchA].2007      	0 0 0 0 0 0 0 0.4 0.1 0.1 0.3 0.1 0 0 0 0 0 0 0 0 0
  catch_at[LL_catchA].2008      	0 0 0 0 0 0 0 0.2 0.3 0.1 0.1 0 0.2 0.1 0 0 0 0 0 0 0
  catch_at[LL_catchA].2009      	0 0 0 0 0 0 0.1 0.1 0.2 0.2 0.1 0.1 0 0.1 0 0 0 0 0.1 0 0
  catch_at[LL_catchA].2010      	0 0 0 0 0 0 0 0.1 0.2 0.1 0.1 0 0.1 0.2 0 0.2 0 0 0 0 0
  catch_at[LL_catchA].N_2000    	100
  catch_at[LL_catchA].N_2001    	100
  catch_at[LL_catchA].N_2002    	100
  catch_at[LL_catchA].N_2003    	100
  catch_at[LL_catchA].N_2004    	100
  catch_at[LL_catchA].N_2005    	100
  catch_at[LL_catchA].N_2006    	100
  catch_at[LL_catchA].N_2007    	100
  catch_at[LL_catchA].N_2008    	100
  catch_at[LL_catchA].N_2009    	100
  catch_at[LL_catchA].N_2010    	100
  catch_at[LL_catchA].at_size   	False
  catch_at[LL_catchA].dist      	multinomial
  catch_at[LL_catchA].fishery   	LL
  catch_at[LL_catchA].max_class 	21
  catch_at[LL_catchA].min_class 	1
  catch_at[LL_catchA].plus_group	True
  catch_at[LL_catchA].r         	1e-11
  catch_at[LL_catchA].sexed     	False
  catch_at[LL_catchA].sum_to_one	False
  catch_at[LL_catchA].years     	2000 2001 2002 2003 2004 2005 2006 2007 2008 2009 2010
  catch_limit_penalty[1].fishery	LL
  catch_limit_penalty[1].label  	LL_Penalty
  catch_limit_penalty[1].log_scale	True
  catch_limit_penalty[1].multiplier	1000
  estimate[1].lower_bound       	1
  estimate[1].parameter         	q[qLL].q
  estimate[1].phase             	1
  estimate[1].prior             	uniform
  estimate[1].upper_bound       	1
  estimate[2].lower_bound       	5000
  estimate[2].parameter         	initialization.B0
  estimate[2].prior             	uniform
  estimate[2].upper_bound       	5e+05
  estimate[3].cv                	1 1 1 1 1 1 1 1 1 1 1 1 1 1 1 1 1 1 1 1 1
  estimate[3].lower_bound       	0.001 0.001 0.001 0.001 0.001 0.001 0.001 0.001 0.001 0.001 0.001 0.001 0.001 0.001 0.001 0.001 0.001 0.001 1 1 1
  estimate[3].mu                	1 1 1 1 1 1 1 1 1 1 1 1 1 1 1 1 1 1 1 1 1
  estimate[3].parameter         	recruitment.YCS
  estimate[3].prior             	lognormal
  estimate[3].upper_bound       	100 100 100 100 100 100 100 100 100 100 100 100 100 100 100 100 100 100 1 1 1
  estimator                     	Bayes
  fish_tagged_penalty[1].label  	Penalty_Tags2005_R1_LL
  fish_tagged_penalty[1].multiplier	1
  fish_tagged_penalty[1].tagging_episode	Tags2005_R1_LL
  fish_tagged_penalty[2].label  	Penalty_Tags2006_R1_LL
  fish_tagged_penalty[2].multiplier	1
  fish_tagged_penalty[2].tagging_episode	Tags2006_R1_LL
  fish_tagged_penalty[3].label  	Penalty_Tags2007_R1_LL
  fish_tagged_penalty[3].multiplier	1
  fish_tagged_penalty[3].tagging_episode	Tags2007_R1_LL
  fish_tagged_penalty[4].label  	Penalty_Tags2008_R1_LL
  fish_tagged_penalty[4].multiplier	1
  fish_tagged_penalty[4].tagging_episode	Tags2008_R1_LL
  fish_tagged_penalty[5].label  	Penalty_Tags2009_R1_LL
  fish_tagged_penalty[5].multiplier	1
  fish_tagged_penalty[5].tagging_episode	Tags2009_R1_LL
  grad_tol                      	0.001
  max_evals                     	10000
  max_iters                     	1600
  profile[1].l                  	40000
  profile[1].n                  	11
  profile[1].parameter          	initialization.B0
  profile[1].u                  	130000
  q_method                      	nuisance
  tag_recapture[Tags2006_R1_R1].area	R1
  tag_recapture[Tags2006_R1_R1].class_mins	100 150 200 250 300 350 400 450 500 550 600 650 700 750 800 850 900 950 1000 1050 1100 1150 1200 1250 1300 1350 1400 1450 1500 1550 1600 1650 1700 1750 1800 1850 1900 1950 2000 2050 2100 2150 2200 2250 2300 2350 2400 2450 2500 2550 2600 2650 2700 2750 2800 2850 2900 2950 3000 3050
  tag_recapture[Tags2006_R1_R1].detection_probability	1
  tag_recapture[Tags2006_R1_R1].dispersion	1
  tag_recapture[Tags2006_R1_R1].do_bootstrap	True
  tag_recapture[Tags2006_R1_R1].plus_group	False
  tag_recapture[Tags2006_R1_R1].proportion_mortality	0.5
  tag_recapture[Tags2006_R1_R1].r	1e-11
  tag_recapture[Tags2006_R1_R1].recaptured_2007	0 0 0 0 0 0 0 0 0 0 0 0 0 0 0 0 0 0 0 0 0 0.1 0.1 0.1 0.1 0.1 0.1 0.1 0.1 0 0 0 0 0 0 0 0 0 0 0 0 0 0 0 0 0 0 0 0 0 0 0 0 0 0 0 0 0 0
  tag_recapture[Tags2006_R1_R1].recaptured_2008	0 0 0 0 0 0 0 0 0 0 0 0 0 0 0 0 0 0 0 0 0 0 0 0 0 0 0 0 0 0 0 0 0 0 0 0 0 0 0 0 0 0 0 0 0 0 0 0 0 0 0 0 0 0 0 0 0 0 0
  tag_recapture[Tags2006_R1_R1].recaptured_2009	0 0 0 0 0 0 0 0 0 0 0 0 0 0 0 0 0 0 0 0 0 0 0 0 0 0 0 0 0 0 0 0 0 0 0 0 0 0 0 0 0 0 0 0 0 0 0 0 0 0 0 0 0 0 0 0 0 0 0
  tag_recapture[Tags2006_R1_R1].recaptured_2010	0 0 0 0 0 0 0 0 0 0 0 0 0 0 0 0 0 0 0 0 0 0 0 0 0 0 0 0 0 0 0 0 0 0 0 0 0 0 0 0 0 0 0 0 0 0 0 0 0 0 0 0 0 0 0 0 0 0 0
  tag_recapture[Tags2006_R1_R1].sample	size
  tag_recapture[Tags2006_R1_R1].scanned_2007	0 0 0 0 0 0 0 4 10 30 88 230 552 1204 2388 4310 7088 10658 14694 18638 21836 23728 24024 22774 20316 17134 13722 10472 7636 5326 3556 2270 1386 808 448 236 118 56 26 10 4 2 0 0 0 0 0 0 0 0 0 0 0 0 0 0 0 0 0
  tag_recapture[Tags2006_R1_R1].scanned_2008	0 0 0 0 0 0 0 4 10 30 88 234 560 1224 2428 4378 7196 10812 14892 18870 22076 23948 24202 22892 20368 17128 13674 10400 7554 5250 3490 2220 1350 782 432 228 114 54 24 10 4 2 0 0 0 0 0 0 0 0 0 0 0 0 0 0 0 0 0
  tag_recapture[Tags2006_R1_R1].scanned_2009	0 0 0 0 0 0 0 4 10 32 90 238 570 1244 2466 4446 7304 10966 15090 19096 22310 24162 24370 23000 20412 17118 13622 10326 7474 5176 3428 2174 1316 760 418 220 110 52 24 10 4 2 0 0 0 0 0 0 0 0 0 0 0 0 0 0 0 0 0
  tag_recapture[Tags2006_R1_R1].scanned_2010	0 0 0 0 0 0 0 4 10 32 92 242 580 1266 2506 4516 7414 11120 15286 19320 22540 24372 24534 23102 20452 17102 13568 10252 7396 5104 3370 2128 1284 740 406 212 106 50 22 10 4 2 0 0 0 0 0 0 0 0 0 0 0 0 0 0 0 0 0
  tag_recapture[Tags2006_R1_R1].step	1
  tag_recapture[Tags2006_R1_R1].tag_name	Tags2006_R1
  tag_recapture[Tags2006_R1_R1].years	2007 2008 2009 2010
  tag_recapture[Tags2007_R1_R1].area	R1
  tag_recapture[Tags2007_R1_R1].class_mins	100 150 200 250 300 350 400 450 500 550 600 650 700 750 800 850 900 950 1000 1050 1100 1150 1200 1250 1300 1350 1400 1450 1500 1550 1600 1650 1700 1750 1800 1850 1900 1950 2000 2050 2100 2150 2200 2250 2300 2350 2400 2450 2500 2550 2600 2650 2700 2750 2800 2850 2900 2950 3000 3050
  tag_recapture[Tags2007_R1_R1].detection_probability	1
  tag_recapture[Tags2007_R1_R1].dispersion	1
  tag_recapture[Tags2007_R1_R1].do_bootstrap	True
  tag_recapture[Tags2007_R1_R1].plus_group	False
  tag_recapture[Tags2007_R1_R1].proportion_mortality	0.5
  tag_recapture[Tags2007_R1_R1].r	1e-11
  tag_recapture[Tags2007_R1_R1].recaptured_2008	0 0 0 0 0 0 0 0 0 0 0 0 0 0 0 0 0 0 0 0 0 0 0 0 0 0 0 0 0 0 0 0 0 0 0 0 0 0 0 0 0 0 0 0 0 0 0 0 0 0 0 0 0 0 0 0 0 0 0
  tag_recapture[Tags2007_R1_R1].recaptured_2009	0 0 0 0 0 0 0 0 0 0 0 0 0 0 0 0 0 0.1 0.1 0.1 0.1 0.1 0.1 0.1 0.1 0.1 0 0 0 0 0 0 0 0 0 0 0 0 0 0 0 0 0 0 0 0 0 0 0 0 0 0 0 0 0 0 0 0 0
  tag_recapture[Tags2007_R1_R1].recaptured_2010	0 0 0 0 0 0 0 0 0 0 0 0 0 0 0 0 0 0 0 0 0 0 0 0 0 0 0 0 0 0 0 0 0 0 0 0 0 0 0 0 0 0 0 0 0 0 0 0 0 0 0 0 0 0 0 0 0 0 0
  tag_recapture[Tags2007_R1_R1].sample	size
  tag_recapture[Tags2007_R1_R1].scanned_2008	0 0 0 0 0 0 0 4 10 30 88 234 560 1224 2428 4378 7196 10812 14892 18870 22076 23948 24202 22892 20368 17128 13674 10400 7554 5250 3490 2220 1350 782 432 228 114 54 24 10 4 2 0 0 0 0 0 0 0 0 0 0 0 0 0 0 0 0 0
  tag_recapture[Tags2007_R1_R1].scanned_2009	0 0 0 0 0 0 0 4 10 32 90 238 570 1244 2466 4446 7304 10966 15090 19096 22310 24162 24370 23000 20412 17118 13622 10326 7474 5176 3428 2174 1316 760 418 220 110 52 24 10 4 2 0 0 0 0 0 0 0 0 0 0 0 0 0 0 0 0 0
  tag_recapture[Tags2007_R1_R1].scanned_2010	0 0 0 0 0 0 0 4 10 32 92 242 580 1266 2506 4516 7414 11120 15286 19320 22540 24372 24534 23102 20452 17102 13568 10252 7396 5104 3370 2128 1284 740 406 212 106 50 22 10 4 2 0 0 0 0 0 0 0 0 0 0 0 0 0 0 0 0 0
  tag_recapture[Tags2007_R1_R1].step	1
  tag_recapture[Tags2007_R1_R1].tag_name	Tags2007_R1
  tag_recapture[Tags2007_R1_R1].years	2008 2009 2010
  vector_average_penalty[1].k   	1
  vector_average_penalty[1].label	meanYCS_1
  vector_average_penalty[1].multiplier	100
  vector_average_penalty[1].vector	recruitment.YCS
Stored as DOUBLEs: 
Stored as VECTORs: 
Stored as OGIVEs: 

Population parameters:
Stored as strings: 
  annual_cycle.M_props          	1
  annual_cycle.aging_time       	1
  annual_cycle.baranov          	False
  annual_cycle.fishery_areas    	R1
  annual_cycle.fishery_names    	LL
  annual_cycle.fishery_times    	1
  annual_cycle.growth_props     	0
  annual_cycle.n_migrations     	0
  annual_cycle.recruitment_areas	R1
  annual_cycle.recruitment_time 	1
  annual_cycle.spawning_all_areas	1
  annual_cycle.spawning_p       	1
  annual_cycle.spawning_part_mort	1
  annual_cycle.spawning_time    	1
  annual_cycle.spawning_use_total_B	False
  annual_cycle.time_steps       	1
  area_names                    	R1
  current                       	2010
  final                         	2045
  first_random_year             	2007
  fishery[LL].U_max             	0.95
  fishery[LL].catches           	0 6000 6000 6000 6000 6000 6000 6000 6000 6000 6000 6000 6000 6000 6000 6000 6000 6000 6000 6000 6000
  fishery[LL].future_constant_catches	200
  fishery[LL].selectivity       	SelLL
  fishery[LL].years             	1990 1991 1992 1993 1994 1995 1996 1997 1998 1999 2000 2001 2002 2003 2004 2005 2006 2007 2008 2009 2010
  initial                       	1990
  initialization.B0             	304693
  mature_partition              	False
  maturity_props.all            	allvalues  0.0023 0.0035 0.0056 0.0087 0.0136 0.0213 0.0331 0.0511 0.0781 0.1176 0.1732 0.2479 0.3415 0.4492 0.562 0.6687 0.7604 0.8331 0.8871 0.9251 0.9511 0.9683 0.9796 0.987 0.9917 0.9947 0.9966 0.9978 0.9986 0.9991 0.9994 0.9996 0.9998 0.9999 0.9999
  max_age                       	35
  min_age                       	1
  n_areas                       	1
  n_stocks                      	1
  n_tags                        	5
  natural_mortality.all         	0.13
  plus_group                    	True
  randomisation_method          	lognormal
  recruitment.SR                	BH
  recruitment.YCS               	1 1 1 1 1 1 1 1 1 1 1 1 1 1 1 1 1 1 1 1 1
  recruitment.YCS_years         	1989 1990 1991 1992 1993 1994 1995 1996 1997 1998 1999 2000 2001 2002 2003 2004 2005 2006 2007 2008 2009
  recruitment.first_free        	1989
  recruitment.last_free         	2006
  recruitment.p_male            	0.5
  recruitment.rho               	0
  recruitment.sigma_r           	0.6
  recruitment.steepness         	0.75
  recruitment.year_range        	1989 2006
  selectivity[SelLL].all        	double_normal 10 2 10
  selectivity_names             	SelLL
  sex_partition                 	False
  size_at_age.Linf              	1565
  size_at_age.by_length         	True
  size_at_age.cv                	0.122
  size_at_age.k                 	0.146
  size_at_age.t0                	0.015
  size_at_age_dist              	normal
  size_at_age_type              	von_Bert
  size_based                    	False
  size_weight.a                 	3.0088e-12
  size_weight.b                 	3.2064
  size_weight.verify_size_weight	500 0.5 1.5
  standardise_YCS               	True
  tag[Tags2005_R1_LL].area      	R1
  tag[Tags2005_R1_LL].class_mins	100 150 200 250 300 350 400 450 500 550 600 650 700 750 800 850 900 950 1000 1050 1100 1150 1200 1250 1300 1350 1400 1450 1500 1550 1600 1650 1700 1750 1800 1850 1900 1950 2000 2050 2100 2150 2200 2250 2300 2350 2400 2450 2500 2550 2600 2650 2700 2750 2800 2850 2900 2950 3000 3050
  tag[Tags2005_R1_LL].mature_only	False
  tag[Tags2005_R1_LL].mortality 	0.1
  tag[Tags2005_R1_LL].number    	2
  tag[Tags2005_R1_LL].ogive     	SelLL
  tag[Tags2005_R1_LL].plus_group	False
  tag[Tags2005_R1_LL].props_all 	0 0 0 0 0 0 0 0 0 0 1e-04 4e-04 0.0013 0.0035 0.0081 0.0164 0.0291 0.0451 0.0616 0.0741 0.0791 0.0764 0.0686 0.0603 0.0549 0.0533 0.0543 0.0554 0.0546 0.0507 0.044 0.0356 0.0268 0.0187 0.0121 0.0073 0.0041 0.0021 0.001 5e-04 2e-04 1e-04 0 0 0 0 0 0 0 0 0 0 0 0 0 0 0 0 0
  tag[Tags2005_R1_LL].release_type	deterministic
  tag[Tags2005_R1_LL].sex       	both
  tag[Tags2005_R1_LL].step      	1
  tag[Tags2005_R1_LL].tag_name  	Tags2005_R1
  tag[Tags2005_R1_LL].year      	2005
  tag[Tags2006_R1_LL].area      	R1
  tag[Tags2006_R1_LL].class_mins	100 150 200 250 300 350 400 450 500 550 600 650 700 750 800 850 900 950 1000 1050 1100 1150 1200 1250 1300 1350 1400 1450 1500 1550 1600 1650 1700 1750 1800 1850 1900 1950 2000 2050 2100 2150 2200 2250 2300 2350 2400 2450 2500 2550 2600 2650 2700 2750 2800 2850 2900 2950 3000 3050
  tag[Tags2006_R1_LL].mature_only	False
  tag[Tags2006_R1_LL].mortality 	0.1
  tag[Tags2006_R1_LL].number    	2
  tag[Tags2006_R1_LL].ogive     	SelLL
  tag[Tags2006_R1_LL].plus_group	False
  tag[Tags2006_R1_LL].props_all 	0 0 0 0 0 0 0 0 0 0 0 0 2e-04 5e-04 0.0013 0.0031 0.0068 0.0138 0.0252 0.0418 0.063 0.0862 0.1071 0.1208 0.1237 0.115 0.097 0.0743 0.0516 0.0326 0.0187 0.0097 0.0046 0.002 8e-04 3e-04 1e-04 0 0 0 0 0 0 0 0 0 0 0 0 0 0 0 0 0 0 0 0 0 0
  tag[Tags2006_R1_LL].release_type	deterministic
  tag[Tags2006_R1_LL].sex       	both
  tag[Tags2006_R1_LL].step      	1
  tag[Tags2006_R1_LL].tag_name  	Tags2006_R1
  tag[Tags2006_R1_LL].year      	2006
  tag[Tags2007_R1_LL].area      	R1
  tag[Tags2007_R1_LL].class_mins	100 150 200 250 300 350 400 450 500 550 600 650 700 750 800 850 900 950 1000 1050 1100 1150 1200 1250 1300 1350 1400 1450 1500 1550 1600 1650 1700 1750 1800 1850 1900 1950 2000 2050 2100 2150 2200 2250 2300 2350 2400 2450 2500 2550 2600 2650 2700 2750 2800 2850 2900 2950 3000 3050
  tag[Tags2007_R1_LL].mature_only	False
  tag[Tags2007_R1_LL].mortality 	0.1
  tag[Tags2007_R1_LL].number    	2
  tag[Tags2007_R1_LL].ogive     	SelLL
  tag[Tags2007_R1_LL].plus_group	False
  tag[Tags2007_R1_LL].props_all 	0 0 0 0 0 0 0 0 0 1e-04 4e-04 0.0014 0.004 0.0098 0.0207 0.0381 0.0608 0.0849 0.1046 0.1152 0.1155 0.1074 0.0938 0.0774 0.06 0.0432 0.0286 0.0171 0.0093 0.0045 0.002 8e-04 3e-04 1e-04 0 0 0 0 0 0 0 0 0 0 0 0 0 0 0 0 0 0 0 0 0 0 0 0 0
  tag[Tags2007_R1_LL].release_type	deterministic
  tag[Tags2007_R1_LL].sex       	both
  tag[Tags2007_R1_LL].step      	1
  tag[Tags2007_R1_LL].tag_name  	Tags2007_R1
  tag[Tags2007_R1_LL].year      	2007
  tag[Tags2008_R1_LL].area      	R1
  tag[Tags2008_R1_LL].class_mins	100 150 200 250 300 350 400 450 500 550 600 650 700 750 800 850 900 950 1000 1050 1100 1150 1200 1250 1300 1350 1400 1450 1500 1550 1600 1650 1700 1750 1800 1850 1900 1950 2000 2050 2100 2150 2200 2250 2300 2350 2400 2450 2500 2550 2600 2650 2700 2750 2800 2850 2900 2950 3000 3050
  tag[Tags2008_R1_LL].mature_only	False
  tag[Tags2008_R1_LL].mortality 	0.1
  tag[Tags2008_R1_LL].number    	2
  tag[Tags2008_R1_LL].ogive     	SelLL
  tag[Tags2008_R1_LL].plus_group	False
  tag[Tags2008_R1_LL].props_all 	0 0 0 0 0 0 0 0 0 0 0 2e-04 5e-04 0.0015 0.0038 0.0083 0.0161 0.0279 0.043 0.0592 0.0732 0.082 0.0845 0.0819 0.0767 0.0714 0.0668 0.0624 0.0571 0.0501 0.0415 0.0322 0.0232 0.0156 0.0097 0.0056 0.003 0.0015 7e-04 3e-04 1e-04 0 0 0 0 0 0 0 0 0 0 0 0 0 0 0 0 0 0
  tag[Tags2008_R1_LL].release_type	deterministic
  tag[Tags2008_R1_LL].sex       	both
  tag[Tags2008_R1_LL].step      	1
  tag[Tags2008_R1_LL].tag_name  	Tags2008_R1
  tag[Tags2008_R1_LL].year      	2008
  tag[Tags2009_R1_LL].area      	R1
  tag[Tags2009_R1_LL].class_mins	100 150 200 250 300 350 400 450 500 550 600 650 700 750 800 850 900 950 1000 1050 1100 1150 1200 1250 1300 1350 1400 1450 1500 1550 1600 1650 1700 1750 1800 1850 1900 1950 2000 2050 2100 2150 2200 2250 2300 2350 2400 2450 2500 2550 2600 2650 2700 2750 2800 2850 2900 2950 3000 3050
  tag[Tags2009_R1_LL].mature_only	False
  tag[Tags2009_R1_LL].mortality 	0.1
  tag[Tags2009_R1_LL].number    	2
  tag[Tags2009_R1_LL].ogive     	SelLL
  tag[Tags2009_R1_LL].plus_group	False
  tag[Tags2009_R1_LL].props_all 	0 0 0 0 0 0 0 0 0 0 0 1e-04 3e-04 9e-04 0.0023 0.0053 0.0112 0.0212 0.0361 0.0556 0.0774 0.0978 0.1125 0.118 0.1135 0.1003 0.0817 0.0615 0.0429 0.0277 0.0165 0.0091 0.0046 0.0022 9e-04 4e-04 1e-04 0 0 0 0 0 0 0 0 0 0 0 0 0 0 0 0 0 0 0 0 0 0
  tag[Tags2009_R1_LL].release_type	deterministic
  tag[Tags2009_R1_LL].sex       	both
  tag[Tags2009_R1_LL].step      	1
  tag[Tags2009_R1_LL].tag_name  	Tags2009_R1
  tag[Tags2009_R1_LL].year      	2009
  tag_growth_loss[Tags2005_R1].nogrowth_period	0
  tag_growth_loss[Tags2006_R1].nogrowth_period	0
  tag_growth_loss[Tags2007_R1].nogrowth_period	0
  tag_growth_loss[Tags2008_R1].nogrowth_period	0
  tag_growth_loss[Tags2009_R1].nogrowth_period	0
  tag_loss_props                	1
  tag_names                     	Tags2005_R1 Tags2006_R1 Tags2007_R1 Tags2008_R1 Tags2009_R1
  tag_shedding_rate             	0.0084 0.0084 0.0084 0.0084 0.0084
  y_enter                       	1
Stored as DOUBLEs: 
Stored as VECTORs: 
Stored as OGIVEs: 

Output parameters:
Stored as strings: 
  n_projections                 	100
  numbers_at[Numbers_at_age_R1].area	R1
  numbers_at[Numbers_at_age_R1].proportion_mortality	0.5
  numbers_at[Numbers_at_age_R1].step	1
  numbers_at[Numbers_at_age_R1].years	1990 1991 1992 1993 1994 1995 1996 1997 1998 1999 2000 2001 2002 2003 2004 2005 2006 2007 2008 2009 2010
  print.covariance              	true
  print.estimation_section      	true
  print.final_state             	false
  print.fits                    	true
  print.fits_every_eval         	false
  print.initial_state           	false
  print.normalised_resids       	true
  print.objective_every_eval    	false
  print.parameter_vector_every_eval	false
  print.parameters              	true
  print.parameters_every_eval   	false
  print.pearson_resids          	true
  print.requests                	false
  print.resids                  	true
  print.results                 	false
  print.state_annually          	false
  print.state_every_step        	false
  print.unused_parameters       	true
  print.yields                  	true
  quantities.B0                 	true
  quantities.R0                 	true
  quantities.SSBs               	true
  quantities.YCS                	true
  quantities.actual_catches     	false
  quantities.all_free_parameters	true
  quantities.fishing_pressures  	true
  quantities.nuisance_qs        	true
  quantities.recruitments       	true
  quantities.true_YCS           	true
Stored as DOUBLEs: 
Stored as VECTORs: 
Stored as OGIVEs: 

A fish of size 500 cm has a weight of 1.35635 kg in your model. This size-weight scale check assumes that the growth curve is in centimetres, and that the catch is in tonnes.

A fish of size 500 cm has a weight of 1.35635 kg in your model. This size-weight scale check assumes that the growth curve is in centimetres, and that the catch is in tonnes.

Estimation section :

Objective function: Bayes

Minimiser convergence threshold: 0.001


Observations:

The observations are:
LL_catchA
Tags2006_R1_R1
Tags2007_R1_R1
Fits follow:

LL_catchA :
catch proportions-at-age for fishery LL  with ageing error (not constrained to sum to 1):
obs (last class is a plus group):
class 1       2       3       4       5       6       7       8       9       10      11      12      13      14      15      16      17      18      19      20      21      
2000 0       0       0       0       0       0       0.1     0.1     0       0.2     0.4     0       0.1     0       0       0       0       0       0.1     0       0       
2001 0       0       0       0       0       0       0       0.2     0.2     0       0.3     0.1     0.1     0       0       0       0       0.1     0       0       0       
2002 0       0       0       0       0       0       0       0.1     0.2     0.2     0.1     0.2     0.1     0       0.1     0       0       0       0       0       0       
2003 0       0       0       0       0       0       0.1     0.1     0.3     0       0.1     0       0       0.1     0.2     0       0       0       0       0       0.1     
2004 0       0       0       0       0       0       0.2     0       0.2     0.1     0.4     0       0       0       0.1     0       0       0       0       0       0       
2005 0       0       0       0       0       0.1     0       0.1     0.3     0       0.2     0       0.2     0.1     0       0       0       0       0       0       0       
2006 0       0       0       0       0       0.1     0.1     0.3     0       0       0       0.1     0       0.1     0.1     0       0       0.1     0.1     0       0       
2007 0       0       0       0       0       0       0       0.4     0.1     0.1     0.3     0.1     0       0       0       0       0       0       0       0       0       
2008 0       0       0       0       0       0       0       0.2     0.3     0.1     0.1     0       0.2     0.1     0       0       0       0       0       0       0       
2009 0       0       0       0       0       0       0.1     0.1     0.2     0.2     0.1     0.1     0       0.1     0       0       0       0       0.1     0       0       
2010 0       0       0       0       0       0       0       0.1     0.2     0.1     0.1     0       0.1     0.2     0       0.2     0       0       0       0       0       
objective function: multinomial likelihood, with delta = 1e-011, N =
100 100 100 100 100 100 100 100 100 100 100 100 100 100 100 100 100 100 100 100 100 
100 100 100 100 100 100 100 100 100 100 100 100 100 100 100 100 100 100 100 100 100 
100 100 100 100 100 100 100 100 100 100 100 100 100 100 100 100 100 100 100 100 100 
100 100 100 100 100 100 100 100 100 100 100 100 100 100 100 100 100 100 100 100 100 
100 100 100 100 100 100 100 100 100 100 100 100 100 100 100 100 100 100 100 100 100 
100 100 100 100 100 100 100 100 100 100 100 100 100 100 100 100 100 100 100 100 100 
100 100 100 100 100 100 100 100 100 100 100 100 100 100 100 100 100 100 100 100 100 
100 100 100 100 100 100 100 100 100 100 100 100 100 100 100 100 100 100 100 100 100 
100 100 100 100 100 100 100 100 100 100 100 100 100 100 100 100 100 100 100 100 100 
100 100 100 100 100 100 100 100 100 100 100 100 100 100 100 100 100 100 100 100 100 
100 100 100 100 100 100 100 100 100 100 100 100 100 100 100 100 100 100 100 100 100 

Tags2006_R1_R1 :
tag-recapture data for tag Tags2006_R1 in years 2007 2008 2009 2010 , step 1, after proportion 0.5 of mortality, with sampling method size, detection probability 1.
Year 2007
class scanned recaptured
100 0 0
150 0 0
200 0 0
250 0 0
300 0 0
350 0 0
400 0 0
450 4 0
500 10 0
550 30 0
600 88 0
650 230 0
700 552 0
750 1204 0
800 2388 0
850 4310 0
900 7088 0
950 10658 0
1000 14694 0
1050 18638 0
1100 21836 0
1150 23728 0.1
1200 24024 0.1
1250 22774 0.1
1300 20316 0.1
1350 17134 0.1
1400 13722 0.1
1450 10472 0.1
1500 7636 0.1
1550 5326 0
1600 3556 0
1650 2270 0
1700 1386 0
1750 808 0
1800 448 0
1850 236 0
1900 118 0
1950 56 0
2000 26 0
2050 10 0
2100 4 0
2150 2 0
2200 0 0
2250 0 0
2300 0 0
2350 0 0
2400 0 0
2450 0 0
2500 0 0
2550 0 0
2600 0 0
2650 0 0
2700 0 0
2750 0 0
2800 0 0
2850 0 0
2900 0 0
2950 0 0
3000 0 0


Year 2008
class scanned recaptured
100 0 0
150 0 0
200 0 0
250 0 0
300 0 0
350 0 0
400 0 0
450 4 0
500 10 0
550 30 0
600 88 0
650 234 0
700 560 0
750 1224 0
800 2428 0
850 4378 0
900 7196 0
950 10812 0
1000 14892 0
1050 18870 0
1100 22076 0
1150 23948 0
1200 24202 0
1250 22892 0
1300 20368 0
1350 17128 0
1400 13674 0
1450 10400 0
1500 7554 0
1550 5250 0
1600 3490 0
1650 2220 0
1700 1350 0
1750 782 0
1800 432 0
1850 228 0
1900 114 0
1950 54 0
2000 24 0
2050 10 0
2100 4 0
2150 2 0
2200 0 0
2250 0 0
2300 0 0
2350 0 0
2400 0 0
2450 0 0
2500 0 0
2550 0 0
2600 0 0
2650 0 0
2700 0 0
2750 0 0
2800 0 0
2850 0 0
2900 0 0
2950 0 0
3000 0 0


Year 2009
class scanned recaptured
100 0 0
150 0 0
200 0 0
250 0 0
300 0 0
350 0 0
400 0 0
450 4 0
500 10 0
550 32 0
600 90 0
650 238 0
700 570 0
750 1244 0
800 2466 0
850 4446 0
900 7304 0
950 10966 0
1000 15090 0
1050 19096 0
1100 22310 0
1150 24162 0
1200 24370 0
1250 23000 0
1300 20412 0
1350 17118 0
1400 13622 0
1450 10326 0
1500 7474 0
1550 5176 0
1600 3428 0
1650 2174 0
1700 1316 0
1750 760 0
1800 418 0
1850 220 0
1900 110 0
1950 52 0
2000 24 0
2050 10 0
2100 4 0
2150 2 0
2200 0 0
2250 0 0
2300 0 0
2350 0 0
2400 0 0
2450 0 0
2500 0 0
2550 0 0
2600 0 0
2650 0 0
2700 0 0
2750 0 0
2800 0 0
2850 0 0
2900 0 0
2950 0 0
3000 0 0


Year 2010
class scanned recaptured
100 0 0
150 0 0
200 0 0
250 0 0
300 0 0
350 0 0
400 0 0
450 4 0
500 10 0
550 32 0
600 92 0
650 242 0
700 580 0
750 1266 0
800 2506 0
850 4516 0
900 7414 0
950 11120 0
1000 15286 0
1050 19320 0
1100 22540 0
1150 24372 0
1200 24534 0
1250 23102 0
1300 20452 0
1350 17102 0
1400 13568 0
1450 10252 0
1500 7396 0
1550 5104 0
1600 3370 0
1650 2128 0
1700 1284 0
1750 740 0
1800 406 0
1850 212 0
1900 106 0
1950 50 0
2000 22 0
2050 10 0
2100 4 0
2150 2 0
2200 0 0
2250 0 0
2300 0 0
2350 0 0
2400 0 0
2450 0 0
2500 0 0
2550 0 0
2600 0 0
2650 0 0
2700 0 0
2750 0 0
2800 0 0
2850 0 0
2900 0 0
2950 0 0
3000 0 0


Tags2007_R1_R1 :
tag-recapture data for tag Tags2007_R1 in years 2008 2009 2010 , step 1, after proportion 0.5 of mortality, with sampling method size, detection probability 1.
Year 2008
class scanned recaptured
100 0 0
150 0 0
200 0 0
250 0 0
300 0 0
350 0 0
400 0 0
450 4 0
500 10 0
550 30 0
600 88 0
650 234 0
700 560 0
750 1224 0
800 2428 0
850 4378 0
900 7196 0
950 10812 0
1000 14892 0
1050 18870 0
1100 22076 0
1150 23948 0
1200 24202 0
1250 22892 0
1300 20368 0
1350 17128 0
1400 13674 0
1450 10400 0
1500 7554 0
1550 5250 0
1600 3490 0
1650 2220 0
1700 1350 0
1750 782 0
1800 432 0
1850 228 0
1900 114 0
1950 54 0
2000 24 0
2050 10 0
2100 4 0
2150 2 0
2200 0 0
2250 0 0
2300 0 0
2350 0 0
2400 0 0
2450 0 0
2500 0 0
2550 0 0
2600 0 0
2650 0 0
2700 0 0
2750 0 0
2800 0 0
2850 0 0
2900 0 0
2950 0 0
3000 0 0


Year 2009
class scanned recaptured
100 0 0
150 0 0
200 0 0
250 0 0
300 0 0
350 0 0
400 0 0
450 4 0
500 10 0
550 32 0
600 90 0
650 238 0
700 570 0
750 1244 0
800 2466 0
850 4446 0
900 7304 0
950 10966 0.1
1000 15090 0.1
1050 19096 0.1
1100 22310 0.1
1150 24162 0.1
1200 24370 0.1
1250 23000 0.1
1300 20412 0.1
1350 17118 0.1
1400 13622 0
1450 10326 0
1500 7474 0
1550 5176 0
1600 3428 0
1650 2174 0
1700 1316 0
1750 760 0
1800 418 0
1850 220 0
1900 110 0
1950 52 0
2000 24 0
2050 10 0
2100 4 0
2150 2 0
2200 0 0
2250 0 0
2300 0 0
2350 0 0
2400 0 0
2450 0 0
2500 0 0
2550 0 0
2600 0 0
2650 0 0
2700 0 0
2750 0 0
2800 0 0
2850 0 0
2900 0 0
2950 0 0
3000 0 0


Year 2010
class scanned recaptured
100 0 0
150 0 0
200 0 0
250 0 0
300 0 0
350 0 0
400 0 0
450 4 0
500 10 0
550 32 0
600 92 0
650 242 0
700 580 0
750 1266 0
800 2506 0
850 4516 0
900 7414 0
950 11120 0
1000 15286 0
1050 19320 0
1100 22540 0
1150 24372 0
1200 24534 0
1250 23102 0
1300 20452 0
1350 17102 0
1400 13568 0
1450 10252 0
1500 7396 0
1550 5104 0
1600 3370 0
1650 2128 0
1700 1284 0
1750 740 0
1800 406 0
1850 212 0
1900 106 0
1950 50 0
2000 22 0
2050 10 0
2100 4 0
2150 2 0
2200 0 0
2250 0 0
2300 0 0
2350 0 0
2400 0 0
2450 0 0
2500 0 0
2550 0 0
2600 0 0
2650 0 0
2700 0 0
2750 0 0
2800 0 0
2850 0 0
2900 0 0
2950 0 0
3000 0 0



Ageing_error:
  Misclassification matrix:
1 0 0 0 0 0 0 0 0 0 0 0 0 0 0 0 0 0 0 0 0 0 0 0 0 0 0 0 0 0 0 0 0 0 0 
0 1 0 0 0 0 0 0 0 0 0 0 0 0 0 0 0 0 0 0 0 0 0 0 0 0 0 0 0 0 0 0 0 0 0 
0 0 1 0 0 0 0 0 0 0 0 0 0 0 0 0 0 0 0 0 0 0 0 0 0 0 0 0 0 0 0 0 0 0 0 
0 0 0 1 0 0 0 0 0 0 0 0 0 0 0 0 0 0 0 0 0 0 0 0 0 0 0 0 0 0 0 0 0 0 0 
0 0 0 0 1 0 0 0 0 0 0 0 0 0 0 0 0 0 0 0 0 0 0 0 0 0 0 0 0 0 0 0 0 0 0 
0 0 0 0 0 1 0 0 0 0 0 0 0 0 0 0 0 0 0 0 0 0 0 0 0 0 0 0 0 0 0 0 0 0 0 
0 0 0 0 0 0 1 0 0 0 0 0 0 0 0 0 0 0 0 0 0 0 0 0 0 0 0 0 0 0 0 0 0 0 0 
0 0 0 0 0 0 0 1 0 0 0 0 0 0 0 0 0 0 0 0 0 0 0 0 0 0 0 0 0 0 0 0 0 0 0 
0 0 0 0 0 0 0 0 1 0 0 0 0 0 0 0 0 0 0 0 0 0 0 0 0 0 0 0 0 0 0 0 0 0 0 
0 0 0 0 0 0 0 0 0 1 0 0 0 0 0 0 0 0 0 0 0 0 0 0 0 0 0 0 0 0 0 0 0 0 0 
0 0 0 0 0 0 0 0 0 0 1 0 0 0 0 0 0 0 0 0 0 0 0 0 0 0 0 0 0 0 0 0 0 0 0 
0 0 0 0 0 0 0 0 0 0 0 1 0 0 0 0 0 0 0 0 0 0 0 0 0 0 0 0 0 0 0 0 0 0 0 
0 0 0 0 0 0 0 0 0 0 0 0 1 0 0 0 0 0 0 0 0 0 0 0 0 0 0 0 0 0 0 0 0 0 0 
0 0 0 0 0 0 0 0 0 0 0 0 0 1 0 0 0 0 0 0 0 0 0 0 0 0 0 0 0 0 0 0 0 0 0 
0 0 0 0 0 0 0 0 0 0 0 0 0 0 1 0 0 0 0 0 0 0 0 0 0 0 0 0 0 0 0 0 0 0 0 
0 0 0 0 0 0 0 0 0 0 0 0 0 0 0 1 0 0 0 0 0 0 0 0 0 0 0 0 0 0 0 0 0 0 0 
0 0 0 0 0 0 0 0 0 0 0 0 0 0 0 0 1 0 0 0 0 0 0 0 0 0 0 0 0 0 0 0 0 0 0 
0 0 0 0 0 0 0 0 0 0 0 0 0 0 0 0 0 1 0 0 0 0 0 0 0 0 0 0 0 0 0 0 0 0 0 
0 0 0 0 0 0 0 0 0 0 0 0 0 0 0 0 0 0 1 0 0 0 0 0 0 0 0 0 0 0 0 0 0 0 0 
0 0 0 0 0 0 0 0 0 0 0 0 0 0 0 0 0 0 0 1 0 0 0 0 0 0 0 0 0 0 0 0 0 0 0 
0 0 0 0 0 0 0 0 0 0 0 0 0 0 0 0 0 0 0 0 1 0 0 0 0 0 0 0 0 0 0 0 0 0 0 
0 0 0 0 0 0 0 0 0 0 0 0 0 0 0 0 0 0 0 0 0 1 0 0 0 0 0 0 0 0 0 0 0 0 0 
0 0 0 0 0 0 0 0 0 0 0 0 0 0 0 0 0 0 0 0 0 0 1 0 0 0 0 0 0 0 0 0 0 0 0 
0 0 0 0 0 0 0 0 0 0 0 0 0 0 0 0 0 0 0 0 0 0 0 1 0 0 0 0 0 0 0 0 0 0 0 
0 0 0 0 0 0 0 0 0 0 0 0 0 0 0 0 0 0 0 0 0 0 0 0 1 0 0 0 0 0 0 0 0 0 0 
0 0 0 0 0 0 0 0 0 0 0 0 0 0 0 0 0 0 0 0 0 0 0 0 0 1 0 0 0 0 0 0 0 0 0 
0 0 0 0 0 0 0 0 0 0 0 0 0 0 0 0 0 0 0 0 0 0 0 0 0 0 1 0 0 0 0 0 0 0 0 
0 0 0 0 0 0 0 0 0 0 0 0 0 0 0 0 0 0 0 0 0 0 0 0 0 0 0 1 0 0 0 0 0 0 0 
0 0 0 0 0 0 0 0 0 0 0 0 0 0 0 0 0 0 0 0 0 0 0 0 0 0 0 0 1 0 0 0 0 0 0 
0 0 0 0 0 0 0 0 0 0 0 0 0 0 0 0 0 0 0 0 0 0 0 0 0 0 0 0 0 1 0 0 0 0 0 
0 0 0 0 0 0 0 0 0 0 0 0 0 0 0 0 0 0 0 0 0 0 0 0 0 0 0 0 0 0 1 0 0 0 0 
0 0 0 0 0 0 0 0 0 0 0 0 0 0 0 0 0 0 0 0 0 0 0 0 0 0 0 0 0 0 0 1 0 0 0 
0 0 0 0 0 0 0 0 0 0 0 0 0 0 0 0 0 0 0 0 0 0 0 0 0 0 0 0 0 0 0 0 1 0 0 
0 0 0 0 0 0 0 0 0 0 0 0 0 0 0 0 0 0 0 0 0 0 0 0 0 0 0 0 0 0 0 0 0 1 0 
0 0 0 0 0 0 0 0 0 0 0 0 0 0 0 0 0 0 0 0 0 0 0 0 0 0 0 0 0 0 0 0 0 0 1 

Free parameters:

initialization.B0
uniform: bounds from 5000 to 500000
current value: 304693
lower bound: 5000
upper bound: 500000

recruitment.YCS
lognormal with means 1 1 1 1 1 1 1 1 1 1 1 1 1 1 1 1 1 1 1 1 1 c.v.s 1 1 1 1 1 1 1 1 1 1 1 1 1 1 1 1 1 1 1 1 1 :
bounds of
0.001 0.001 0.001 0.001 0.001 0.001 0.001 0.001 0.001 0.001 0.001 0.001 0.001 0.001 0.001 0.001 0.001 0.001 1 1 1 
100 100 100 100 100 100 100 100 100 100 100 100 100 100 100 100 100 100 1 1 1 
current values: 1 1 1 1 1 1 1 1 1 1 1 1 1 1 1 1 1 1 1 1 1 
lower bounds: 0.001 0.001 0.001 0.001 0.001 0.001 0.001 0.001 0.001 0.001 0.001 0.001 0.001 0.001 0.001 0.001 0.001 0.001 1 1 1 
upper bounds: 100 100 100 100 100 100 100 100 100 100 100 100 100 100 100 100 100 100 1 1 1 


Q's:
qs are nuisance parameters

Penalties:
LL_Penalty :
Catch limit penalty of 1000 x the sum of squares of (log(actual catch) - log(specified catch)) for fishery LL to disencourage breaking exploitation rate limits
meanYCS_1 :
Vector average penalty of 100 x square of (mean(recruitment.YCS) - 1) 
Penalty_Tags2005_R1_LL :
'Fish-must-be-tagged' penalty of 1 x square of (actual number of tagged fish - nominal number of tagged fish) for tagging episode Tags2005_R1_LL
Penalty_Tags2006_R1_LL :
'Fish-must-be-tagged' penalty of 1 x square of (actual number of tagged fish - nominal number of tagged fish) for tagging episode Tags2006_R1_LL
Penalty_Tags2007_R1_LL :
'Fish-must-be-tagged' penalty of 1 x square of (actual number of tagged fish - nominal number of tagged fish) for tagging episode Tags2007_R1_LL
Penalty_Tags2008_R1_LL :
'Fish-must-be-tagged' penalty of 1 x square of (actual number of tagged fish - nominal number of tagged fish) for tagging episode Tags2008_R1_LL
Penalty_Tags2009_R1_LL :
'Fish-must-be-tagged' penalty of 1 x square of (actual number of tagged fish - nominal number of tagged fish) for tagging episode Tags2009_R1_LL

Components of the objective function are:
  LL_catchA
  Tags2006_R1_R1
  Tags2007_R1_R1
  prior_on_initialization.B0
  prior_on_recruitment.YCS
  LL_Penalty
  meanYCS_1
  Penalty_Tags2005_R1_LL
  Penalty_Tags2006_R1_LL
  Penalty_Tags2007_R1_LL
  Penalty_Tags2008_R1_LL
  Penalty_Tags2009_R1_LL

Random number seed : 21389


Minimiser achieved convergence after 36 quasi-Newton iterations using 65 objective function evaluations



Approximate Covariance matrix (Inverse Hessian of parameters at point estimate):
1.14202e+007 -299.59 -163.203 0.861134 -66.8066 -42.2768 -42.5696 7.88021 14.7415 59.7218 87.3301 293.503 215.367 153.797 244.962 24.3829 37.6589 -32.029 -16.1241 0 0 0 
-299.59 0.0522936 0.015764 0.000469653 0.0119072 0.0109987 0.0126288 0.00711575 0.0104665 0.00493387 0.00462766 0.01176 0.00622774 0.00358174 -0.00128656 0.00162495 0.000920902 0.00220555 -0.00451139 0 0 0 
-163.203 0.015764 0.0284273 0.0011594 0.00869558 0.0078727 0.0101068 0.00462514 0.00754975 0.00570328 0.00431113 0.0092569 0.00367471 0.00234157 0.00106849 0.00112042 0.00110387 -0.00103623 -0.000180322 0 0 0 
0.861134 0.000469653 0.0011594 0.00322961 0.00148387 0.00136284 0.00261115 0.000689768 0.00196066 0.00149602 0.00152672 0.0037904 0.00167792 0.00100364 0.00137877 0.000730763 -0.000525111 -0.00164624 0.00127573 0 0 0 
-66.8066 0.0119072 0.00869558 0.00148387 0.0194669 0.00740119 0.00952395 0.00572781 0.00746997 0.00569119 0.00502563 0.0118211 0.00669946 0.00432865 0.00271361 0.000777317 9.13065e-005 -0.000974693 -0.0024311 0 0 0 
-42.2768 0.0109987 0.0078727 0.00136284 0.00740119 0.0175191 0.00866858 0.00507263 0.00769748 0.00542679 0.00501474 0.0117327 0.00672869 0.00437757 0.00278333 0.00089533 0.000397729 -0.00112962 -0.00203211 0 0 0 
-42.5696 0.0126288 0.0101068 0.00261115 0.00952395 0.00866858 0.0245559 0.00592641 0.0093815 0.00738412 0.0065819 0.0151815 0.00743765 0.00510866 0.00345517 0.00112006 4.71166e-006 -0.00356779 -0.00318684 0 0 0 
7.88021 0.00711575 0.00462514 0.000689768 0.00572781 0.00507263 0.00592641 0.0126265 0.00530588 0.00408577 0.0030751 0.0101837 0.00576537 0.00342777 0.0027011 0.0011315 0.00159295 -0.00184667 -0.00109528 0 0 0 
14.7415 0.0104665 0.00754975 0.00196066 0.00746997 0.00769748 0.0093815 0.00530588 0.0222241 0.006309 0.00637802 0.0149247 0.00839152 0.0054847 0.00393249 0.00103009 0.000238013 -0.00309629 -0.00340786 0 0 0 
59.7218 0.00493387 0.00570328 0.00149602 0.00569119 0.00542679 0.00738412 0.00408577 0.006309 0.0163483 0.00448222 0.0134966 0.00726654 0.00482183 0.00401449 0.0011637 0.00118318 -0.00221714 -0.00250912 0 0 0 
87.3301 0.00462766 0.00431113 0.00152672 0.00502563 0.00501474 0.0065819 0.0030751 0.00637802 0.00448222 0.0159813 0.0138024 0.00698381 0.00470715 0.00447496 0.00067029 0.000659214 -0.00304736 -0.0022889 0 0 0 
293.503 0.01176 0.0092569 0.0037904 0.0118211 0.0117327 0.0151815 0.0101837 0.0149247 0.0134966 0.0138024 0.0604203 0.0212762 0.0146687 0.0143259 0.00382145 0.0031256 -0.00428162 -0.00861121 0 0 0 
215.367 0.00622774 0.00367471 0.00167792 0.00669946 0.00672869 0.00743765 0.00576537 0.00839152 0.00726654 0.00698381 0.0212762 0.0346447 0.00761847 0.00765869 0.0012275 0.000400017 -0.00578817 -0.00578917 0 0 0 
153.797 0.00358174 0.00234157 0.00100364 0.00432865 0.00437757 0.00510866 0.00342777 0.0054847 0.00482183 0.00470715 0.0146687 0.00761847 0.0250445 0.0049971 -5.91401e-005 0.000808934 -0.00250932 -0.00648827 0 0 0 
244.962 -0.00128656 0.00106849 0.00137877 0.00271361 0.00278333 0.00345517 0.0027011 0.00393249 0.00401449 0.00447496 0.0143259 0.00765869 0.0049971 0.0388637 3.6384e-005 -0.000117926 -0.00449418 -0.00437961 0 0 0 
24.3829 0.00162495 0.00112042 0.000730763 0.000777317 0.00089533 0.00112006 0.0011315 0.00103009 0.0011637 0.00067029 0.00382145 0.0012275 -5.91401e-005 3.6384e-005 0.00722307 0.000930793 -0.00222803 6.63735e-005 0 0 0 
37.6589 0.000920902 0.00110387 -0.000525111 9.13065e-005 0.000397729 4.71166e-006 0.00159295 0.000238013 0.00118318 0.000659214 0.0031256 0.000400017 0.000808934 -0.000117926 0.000930793 0.0200963 -0.00194993 -0.00140496 0 0 0 
-32.029 0.00220555 -0.00103623 -0.00164624 -0.000974693 -0.00112962 -0.00356779 -0.00184667 -0.00309629 -0.00221714 -0.00304736 -0.00428162 -0.00578817 -0.00250932 -0.00449418 -0.00222803 -0.00194993 0.0409938 -0.0110363 0 0 0 
-16.1241 -0.00451139 -0.000180322 0.00127573 -0.0024311 -0.00203211 -0.00318684 -0.00109528 -0.00340786 -0.00250912 -0.0022889 -0.00861121 -0.00578917 -0.00648827 -0.00437961 6.63735e-005 -0.00140496 -0.0110363 0.0744071 0 0 0 
0 0 0 0 0 0 0 0 0 0 0 0 0 0 0 0 0 0 0 0 0 0 
0 0 0 0 0 0 0 0 0 0 0 0 0 0 0 0 0 0 0 0 0 0 
0 0 0 0 0 0 0 0 0 0 0 0 0 0 0 0 0 0 0 0 0 0 

Correlation matrix:
1 -0.387674 -0.286434 0.00448393 -0.141688 -0.0945169 -0.0803869 0.020752 0.0292612 0.138217 0.204419 0.353333 0.342392 0.287577 0.367697 0.0848962 0.0786093 -0.0468109 -0.0174917 -1.#IND -1.#IND -1.#IND 
-0.387674 1 0.40886 0.0361392 0.373196 0.363382 0.352419 0.27692 0.307018 0.168744 0.160078 0.209215 0.146315 0.0989724 -0.0285387 0.0836095 0.0284074 0.0476358 -0.0723235 -1.#IND -1.#IND -1.#IND 
-0.286434 0.40886 1 0.121001 0.369642 0.352777 0.382533 0.244127 0.300367 0.264558 0.202263 0.223361 0.117095 0.0877574 0.0321463 0.07819 0.0461839 -0.0303548 -0.00392079 -1.#IND -1.#IND -1.#IND 
0.00448393 0.0361392 0.121001 1 0.187143 0.181182 0.29321 0.108016 0.231427 0.205885 0.212509 0.271343 0.158628 0.111596 0.123068 0.151301 -0.0651806 -0.143073 0.0822958 -1.#IND -1.#IND -1.#IND 
-0.141688 0.373196 0.369642 0.187143 1 0.400772 0.435603 0.365341 0.359135 0.31902 0.284928 0.344682 0.257972 0.196042 0.0986568 0.0655524 0.00461631 -0.0345032 -0.0638774 -1.#IND -1.#IND -1.#IND 
-0.0945169 0.363382 0.352777 0.181182 0.400772 1 0.417941 0.341064 0.390104 0.320665 0.2997 0.36062 0.273122 0.208988 0.106669 0.0795915 0.021197 -0.0421521 -0.056284 -1.#IND -1.#IND -1.#IND 
-0.0803869 0.352419 0.382533 0.29321 0.435603 0.417941 1 0.336568 0.401589 0.36854 0.332252 0.394136 0.255 0.206003 0.111846 0.0841013 0.000212099 -0.112451 -0.0745548 -1.#IND -1.#IND -1.#IND 
0.020752 0.27692 0.244127 0.108016 0.365341 0.341064 0.336568 1 0.31674 0.284378 0.216477 0.368701 0.275656 0.192759 0.121935 0.118482 0.100001 -0.0811686 -0.0357335 -1.#IND -1.#IND -1.#IND 
0.0292612 0.307018 0.300367 0.231427 0.359135 0.390104 0.401589 0.31674 1 0.330987 0.338429 0.407287 0.30242 0.232479 0.133808 0.0813018 0.0112624 -0.102582 -0.0838035 -1.#IND -1.#IND -1.#IND 
0.138217 0.168744 0.264558 0.205885 0.31902 0.320665 0.36854 0.284378 0.330987 1 0.277301 0.429436 0.305333 0.238298 0.159266 0.107089 0.0652764 -0.0856441 -0.0719413 -1.#IND -1.#IND -1.#IND 
0.204419 0.160078 0.202263 0.212509 0.284928 0.2997 0.332252 0.216477 0.338429 0.277301 1 0.444176 0.296803 0.235286 0.179561 0.0623872 0.0367843 -0.119058 -0.0663763 -1.#IND -1.#IND -1.#IND 
0.353333 0.209215 0.223361 0.271343 0.344682 0.36062 0.394136 0.368701 0.407287 0.429436 0.444176 1 0.465034 0.377091 0.295637 0.182926 0.0896984 -0.0860316 -0.12843 -1.#IND -1.#IND -1.#IND 
0.342392 0.146315 0.117095 0.158628 0.257972 0.273122 0.255 0.275656 0.30242 0.305333 0.296803 0.465034 1 0.258639 0.20872 0.0775966 0.0151601 -0.15359 -0.114023 -1.#IND -1.#IND -1.#IND 
0.287577 0.0989724 0.0877574 0.111596 0.196042 0.208988 0.206003 0.192759 0.232479 0.238298 0.235286 0.377091 0.258639 1 0.160173 -0.00439709 0.0360579 -0.0783142 -0.150303 -1.#IND -1.#IND -1.#IND 
0.367697 -0.0285387 0.0321463 0.123068 0.0986568 0.106669 0.111846 0.121935 0.133808 0.159266 0.179561 0.295637 0.20872 0.160173 1 0.00217159 -0.0042197 -0.112595 -0.0814435 -1.#IND -1.#IND -1.#IND 
0.0848962 0.0836095 0.07819 0.151301 0.0655524 0.0795915 0.0841013 0.118482 0.0813018 0.107089 0.0623872 0.182926 0.0775966 -0.00439709 0.00217159 1 0.0772565 -0.129479 0.00286304 -1.#IND -1.#IND -1.#IND 
0.0786093 0.0284074 0.0461839 -0.0651806 0.00461631 0.021197 0.000212099 0.100001 0.0112624 0.0652764 0.0367843 0.0896984 0.0151601 0.0360579 -0.0042197 0.0772565 1 -0.0679363 -0.0363327 -1.#IND -1.#IND -1.#IND 
-0.0468109 0.0476358 -0.0303548 -0.143073 -0.0345032 -0.0421521 -0.112451 -0.0811686 -0.102582 -0.0856441 -0.119058 -0.0860316 -0.15359 -0.0783142 -0.112595 -0.129479 -0.0679363 1 -0.199829 -1.#IND -1.#IND -1.#IND 
-0.0174917 -0.0723235 -0.00392079 0.0822958 -0.0638774 -0.056284 -0.0745548 -0.0357335 -0.0838035 -0.0719413 -0.0663763 -0.12843 -0.114023 -0.150303 -0.0814435 0.00286304 -0.0363327 -0.199829 1 -1.#IND -1.#IND -1.#IND 
-1.#IND -1.#IND -1.#IND -1.#IND -1.#IND -1.#IND -1.#IND -1.#IND -1.#IND -1.#IND -1.#IND -1.#IND -1.#IND -1.#IND -1.#IND -1.#IND -1.#IND -1.#IND -1.#IND -1.#IND -1.#IND -1.#IND 
-1.#IND -1.#IND -1.#IND -1.#IND -1.#IND -1.#IND -1.#IND -1.#IND -1.#IND -1.#IND -1.#IND -1.#IND -1.#IND -1.#IND -1.#IND -1.#IND -1.#IND -1.#IND -1.#IND -1.#IND -1.#IND -1.#IND 
-1.#IND -1.#IND -1.#IND -1.#IND -1.#IND -1.#IND -1.#IND -1.#IND -1.#IND -1.#IND -1.#IND -1.#IND -1.#IND -1.#IND -1.#IND -1.#IND -1.#IND -1.#IND -1.#IND -1.#IND -1.#IND -1.#IND 

List of parameter names, in the same order as the rows & cols of the covariance/correlation matrices:
initialization.B0 recruitment.YCS 21 



Start extracting output from here

Point estimate:
initialization.B0
current value: 50873.9
lower bound: 5000
upper bound: 500000

recruitment.YCS
current values: 1.8445 1.36883 0.408821 1.04991 0.992556 1.20529 0.779333 1.03226 0.839985 0.768659 1.69781 0.992849 0.669154 0.762791 0.134507 0.221051 0.314759 0.357494 1 1 1 
lower bounds: 0.001 0.001 0.001 0.001 0.001 0.001 0.001 0.001 0.001 0.001 0.001 0.001 0.001 0.001 0.001 0.001 0.001 0.001 1 1 1 
upper bounds: 100 100 100 100 100 100 100 100 100 100 100 100 100 100 100 100 100 100 1 1 1 


In a format suitable for -i :

initialization.B0 recruitment.YCS 21 
50873.9 1.8445 1.36883 0.408821 1.04991 0.992556 1.20529 0.779333 1.03226 0.839985 0.768659 1.69781 0.992849 0.669154 0.762791 0.134507 0.221051 0.314759 0.357494 1 1 1 

Objective function : 799.874

Components :
LL_catchA                                          790.838
Tags2006_R1_R1                                     3.35254
Tags2007_R1_R1                                     4.03907
prior_on_initialization.B0                         0
prior_on_recruitment.YCS                           0.158752
LL_Penalty                                         0
meanYCS_1                                          1.48544
Penalty_Tags2005_R1_LL                             0
Penalty_Tags2006_R1_LL                             4.43734e-031
Penalty_Tags2007_R1_LL                             0
Penalty_Tags2008_R1_LL                             4.93038e-032
Penalty_Tags2009_R1_LL                             0

Fits : 

The observations are:
LL_catchA
Tags2006_R1_R1
Tags2007_R1_R1
Fits follow:

LL_catchA :
catch proportions-at-age for fishery LL  with ageing error (not constrained to sum to 1):
obs (last class is a plus group):
class 1       2       3       4       5       6       7       8       9       10      11      12      13      14      15      16      17      18      19      20      21      
2000 0       0       0       0       0       0       0.1     0.1     0       0.2     0.4     0       0.1     0       0       0       0       0       0.1     0       0       
2001 0       0       0       0       0       0       0       0.2     0.2     0       0.3     0.1     0.1     0       0       0       0       0.1     0       0       0       
2002 0       0       0       0       0       0       0       0.1     0.2     0.2     0.1     0.2     0.1     0       0.1     0       0       0       0       0       0       
2003 0       0       0       0       0       0       0.1     0.1     0.3     0       0.1     0       0       0.1     0.2     0       0       0       0       0       0.1     
2004 0       0       0       0       0       0       0.2     0       0.2     0.1     0.4     0       0       0       0.1     0       0       0       0       0       0       
2005 0       0       0       0       0       0.1     0       0.1     0.3     0       0.2     0       0.2     0.1     0       0       0       0       0       0       0       
2006 0       0       0       0       0       0.1     0.1     0.3     0       0       0       0.1     0       0.1     0.1     0       0       0.1     0.1     0       0       
2007 0       0       0       0       0       0       0       0.4     0.1     0.1     0.3     0.1     0       0       0       0       0       0       0       0       0       
2008 0       0       0       0       0       0       0       0.2     0.3     0.1     0.1     0       0.2     0.1     0       0       0       0       0       0       0       
2009 0       0       0       0       0       0       0.1     0.1     0.2     0.2     0.1     0.1     0       0.1     0       0       0       0       0.1     0       0       
2010 0       0       0       0       0       0       0       0.1     0.2     0.1     0.1     0       0.1     0.2     0       0.2     0       0       0       0       0       
fits (last class is a plus group):
class 1       2       3       4       5       6       7       8       9       10      11      12      13      14      15      16      17      18      19      20      21      
2000 7.95393e-007 6.06644e-006 7.89706e-005 0.000817472 0.00367425 0.0238691 0.0579395 0.12503 0.06731 0.209144 0.212175 0.0733912 0.0541801 0.0399341 0.0295307 0.0220262 0.0167262 0.0130935 0.0105984 0.00868795 0.0317871 
2001 4.75902e-007 1.37117e-005 7.39482e-005 0.000680663 0.00498099 0.0158052 0.0720875 0.121087 0.176848 0.0637751 0.161187 0.161458 0.0552678 0.0404612 0.0296288 0.0218009 0.0161983 0.0122628 0.00957369 0.00772878 0.0290799 
2002 3.22866e-007 8.07176e-006 0.000164447 0.000627098 0.00408048 0.0210793 0.046948 0.148054 0.168025 0.164017 0.0480575 0.119934 0.118905 0.0403726 0.0293739 0.0214108 0.0157003 0.0116349 0.00878846 0.00684615 0.0259723 
2003 3.7422e-007 5.53134e-006 9.77822e-005 0.00140861 0.00379725 0.0174418 0.0632334 0.0973286 0.207166 0.156932 0.124381 0.0359868 0.0888976 0.0874345 0.0295094 0.0213761 0.0155318 0.0113624 0.00840377 0.00633561 0.0233697 
2004 6.7931e-008 6.49228e-006 6.78556e-005 0.000848178 0.00863742 0.0164358 0.0529709 0.132637 0.13762 0.1952  0.119959 0.0938882 0.0268913 0.0659132 0.0644551 0.0216645 0.0156487 0.0113473 0.00828779 0.00612 0.0214012 
2005 1.1439e-007 1.17366e-006 7.93151e-005 0.000586159 0.00517939 0.0372284 0.049691 0.11051 0.186175 0.128401 0.14756 0.0895533 0.0693976 0.0197277 0.0480934 0.0468567 0.015712 0.0113318 0.008208 0.00598849 0.0197189 
2006 1.63794e-007 1.941e-006 1.40819e-005 0.000672894 0.00351531 0.0219227 0.110495 0.101668 0.151798 0.169505 0.0945803 0.107347 0.0645164 0.0496361 0.0140396 0.0341173 0.033179 0.0111151 0.00801234 0.0058007 0.0180633 
2007 1.82473e-007 2.71285e-006 2.2732e-005 0.000116613 0.00393898 0.0145225 0.0634909 0.220415 0.135919 0.134202 0.121096 0.0667357 0.0750211 0.0447753 0.0342874 0.00967108 0.0234687 0.0228124 0.00764197 0.00550859 0.0163511 
2008 4.32336e-007 3.04354e-006 3.19957e-005 0.000189572 0.000687439 0.0163872 0.0423519 0.127505 0.296525 0.120846 0.09639 0.0859051 0.0468923 0.0523515 0.0311022 0.0237528 0.00669115 0.0162316 0.0157791 0.00528638 0.015089 
2009 4.557e-007 7.69991e-006 3.8329e-005 0.000284912 0.00119329 0.00305383 0.0510326 0.090838 0.18326 0.281787 0.0927922 0.0731005 0.0645282 0.0349796 0.0388706 0.0230292 0.0175635 0.00494544 0.0119968 0.0116625 0.0150349 
2010 5.14251e-007 8.70075e-006 0.000103955 0.000365897 0.00192261 0.00568243 0.0101912 0.117182 0.139484 0.185544 0.230197 0.0748736 0.0584335 0.0512393 0.027658 0.0306641 0.018152 0.0138455 0.00390076 0.00946798 0.0210821 
resids (last class is a plus group):
class 1       2       3       4       5       6       7       8       9       10      11      12      13      14      15      16      17      18      19      20      21      
2000 -7.95393e-007 -6.06644e-006 -7.89706e-005 -0.000817472 -0.00367425 -0.0238691 0.0420605 -0.0250298 -0.06731 -0.00914379 0.187825 -0.0733912 0.0458199 -0.0399341 -0.0295307 -0.0220262 -0.0167262 -0.0130935 0.0894016 -0.00868795 -0.0317871 
2001 -4.75902e-007 -1.37117e-005 -7.39482e-005 -0.000680663 -0.00498099 -0.0158052 -0.0720875 0.0789129 0.0231521 -0.0637751 0.138813 -0.0614583 0.0447322 -0.0404612 -0.0296288 -0.0218009 -0.0161983 0.0877372 -0.00957369 -0.00772878 -0.0290799 
2002 -3.22866e-007 -8.07176e-006 -0.000164447 -0.000627098 -0.00408048 -0.0210793 -0.046948 -0.0480543 0.031975 0.035983 0.0519425 0.0800657 -0.0189049 -0.0403726 0.0706261 -0.0214108 -0.0157003 -0.0116349 -0.00878846 -0.00684615 -0.0259723 
2003 -3.7422e-007 -5.53134e-006 -9.77822e-005 -0.00140861 -0.00379725 -0.0174418 0.0367666 0.00267142 0.0928339 -0.156932 -0.0243812 -0.0359868 -0.0888976 0.0125655 0.170491 -0.0213761 -0.0155318 -0.0113624 -0.00840377 -0.00633561 0.0766303 
2004 -6.7931e-008 -6.49228e-006 -6.78556e-005 -0.000848178 -0.00863742 -0.0164358 0.147029 -0.132637 0.0623799 -0.0951998 0.280041 -0.0938882 -0.0268913 -0.0659132 0.0355449 -0.0216645 -0.0156487 -0.0113473 -0.00828779 -0.00612 -0.0214012 
2005 -1.1439e-007 -1.17366e-006 -7.93151e-005 -0.000586159 -0.00517939 0.0627716 -0.049691 -0.0105103 0.113825 -0.128401 0.0524397 -0.0895533 0.130602 0.0802723 -0.0480934 -0.0468567 -0.015712 -0.0113318 -0.008208 -0.00598849 -0.0197189 
2006 -1.63794e-007 -1.941e-006 -1.40819e-005 -0.000672894 -0.00351531 0.0780773 -0.0104954 0.198332 -0.151798 -0.169505 -0.0945803 -0.00734675 -0.0645164 0.0503639 0.0859604 -0.0341173 -0.033179 0.0888849 0.0919877 -0.0058007 -0.0180633 
2007 -1.82473e-007 -2.71285e-006 -2.2732e-005 -0.000116613 -0.00393898 -0.0145225 -0.0634909 0.179585 -0.0359194 -0.0342017 0.178904 0.0332643 -0.0750211 -0.0447753 -0.0342874 -0.00967108 -0.0234687 -0.0228124 -0.00764197 -0.00550859 -0.0163511 
2008 -4.32336e-007 -3.04354e-006 -3.19957e-005 -0.000189572 -0.000687439 -0.0163872 -0.0423519 0.0724945 0.00347459 -0.0208463 0.00361002 -0.0859051 0.153108 0.0476485 -0.0311022 -0.0237528 -0.00669115 -0.0162316 -0.0157791 -0.00528638 -0.015089 
2009 -4.557e-007 -7.69991e-006 -3.8329e-005 -0.000284912 -0.00119329 -0.00305383 0.0489674 0.00916195 0.0167395 -0.0817869 0.00720784 0.0268995 -0.0645282 0.0650204 -0.0388706 -0.0230292 -0.0175635 -0.00494544 0.0880032 -0.0116625 -0.0150349 
2010 -5.14251e-007 -8.70075e-006 -0.000103955 -0.000365897 -0.00192261 -0.00568243 -0.0101912 -0.0171818 0.0605156 -0.0855445 -0.130197 -0.0748736 0.0415665 0.148761 -0.027658 0.169336 -0.018152 -0.0138455 -0.00390076 -0.00946798 -0.0210821 
pearson_resids (last class is a plus group):
class 1       2       3       4       5       6       7       8       9       10      11      12      13      14      15      16      17      18      19      20      21      
2000 -0.00891849 -0.0246302 -0.0888689 -0.286032 -0.607272 -1.56374 1.80031 -0.756754 -2.6864 -0.22483 4.59401 -2.81432 2.02409 -2.03949 -1.7444 -1.50074 -1.30425 -1.15183 8.73048 -0.936167 -1.81192 
2001 -0.00689857 -0.0370296 -0.0859963 -0.260984 -0.707526 -1.26724 -2.78725 2.41895 0.606808 -2.60997 3.77513 -1.67027 1.95763 -2.05347 -1.74738 -1.49288 -1.28316 7.972   -0.98317 -0.882552 -1.73063 
2002 -0.00568214 -0.028411 -0.128247 -0.250498 -0.640094 -1.46742 -2.21948 -1.35306 0.855202 0.971749 2.42849 2.46443 -0.584067 -2.05112 4.18271 -1.47916 -1.26296 -1.08498 -0.941615 -0.830262 -1.63294 
2003 -0.00611735 -0.0235189 -0.0988897 -0.375579 -0.617392 -1.33234 1.51065 0.0901275 2.29064 -4.31443 -0.738789 -1.9321 -3.12364 0.444843 10.0745 -1.47794 -1.25606 -1.07205 -0.920597 -0.798499 5.07234 
2004 -0.00260636 -0.02548 -0.0823773 -0.291359 -0.933417 -1.29269 6.56452 -3.91049 1.81073 -2.40189 8.61892 -3.21895 -1.66236 -2.65639 1.44749 -1.4881 -1.26085 -1.07133 -0.914169 -0.784709 -1.47883 
2005 -0.00338216 -0.0108336 -0.0890625 -0.242178 -0.721551 3.31562 -2.28669 -0.335231 2.92423 -3.83818 1.47857 -3.13627 5.13922 5.77236 -2.24774 -2.21721 -1.26344 -1.07059 -0.909721 -0.776181 -1.41829 
2006 -0.00404714 -0.013932 -0.0375262 -0.259489 -0.593946 5.33201 -0.334776 6.56271 -4.23042 -4.51775 -3.23203 -0.237334 -2.62613 2.31887 7.3062  -1.87943 -1.8525 8.4781  10.318  -0.763842 -1.3563 
2007 -0.00427168 -0.0164708 -0.0476787 -0.107994 -0.628853 -1.21394 -2.60375 4.3323  -1.04812 -1.00337 5.48383 1.3329  -2.84791 -2.16504 -1.88427 -0.988207 -1.55025 -1.52791 -0.877543 -0.744251 -1.2893 
2008 -0.00657522 -0.0174458 -0.0565657 -0.137698 -0.262281 -1.29075 -2.10297 2.1735  0.0760761 -0.639558 0.122322 -3.06559 7.24227 2.13924 -1.79166 -1.55983 -0.820745 -1.2845 -1.26618 -0.729004 -1.23774 
2009 -0.00675056 -0.0277488 -0.0619116 -0.168817 -0.345647 -0.55346 2.22514 0.318811 0.43268 -1.81801 0.248425 1.0334  -2.62639 3.53895 -2.01104 -1.53532 -1.33707 -0.704983 8.08326 -1.08628 -1.23549 
2010 -0.00717113 -0.0294972 -0.101964 -0.191319 -0.438898 -0.75597 -1.0147 -0.534199 1.74673 -2.20057 -3.09287 -2.84488 1.7721  6.74696 -1.68656 9.82193 -1.35969 -1.1849 -0.625782 -0.977675 -1.46752 
objective function: multinomial likelihood, with delta = 1e-011, N =
100 100 100 100 100 100 100 100 100 100 100 100 100 100 100 100 100 100 100 100 100 
100 100 100 100 100 100 100 100 100 100 100 100 100 100 100 100 100 100 100 100 100 
100 100 100 100 100 100 100 100 100 100 100 100 100 100 100 100 100 100 100 100 100 
100 100 100 100 100 100 100 100 100 100 100 100 100 100 100 100 100 100 100 100 100 
100 100 100 100 100 100 100 100 100 100 100 100 100 100 100 100 100 100 100 100 100 
100 100 100 100 100 100 100 100 100 100 100 100 100 100 100 100 100 100 100 100 100 
100 100 100 100 100 100 100 100 100 100 100 100 100 100 100 100 100 100 100 100 100 
100 100 100 100 100 100 100 100 100 100 100 100 100 100 100 100 100 100 100 100 100 
100 100 100 100 100 100 100 100 100 100 100 100 100 100 100 100 100 100 100 100 100 
100 100 100 100 100 100 100 100 100 100 100 100 100 100 100 100 100 100 100 100 100 
100 100 100 100 100 100 100 100 100 100 100 100 100 100 100 100 100 100 100 100 100 

Tags2006_R1_R1 :
tag-recapture data for tag Tags2006_R1 in years 2007 2008 2009 2010 , step 1, after proportion 0.5 of mortality, with sampling method size, detection probability 1.
Year 2007
class scanned recaptured expected_prop neg_log_likelihood
100 0 0 0 0
150 0 0 0 0
200 0 0 0 0
250 0 0 1.2219e-017 0
300 0 0 1.31886e-014 0
350 0 0 7.77778e-013 0
400 0 0 1.80778e-011 0
450 4 0 1.34419e-010 5.37677e-010
500 10 0 4.20322e-010 4.20322e-009
550 30 0 9.18781e-010 2.75634e-008
600 88 0 2.39816e-009 2.11038e-007
650 230 0 5.41915e-009 1.24641e-006
700 552 0 1.02489e-008 5.65741e-006
750 1204 0 1.87121e-008 2.25294e-005
800 2388 0 3.46017e-008 8.2629e-005
850 4310 0 6.26525e-008 0.000270032
900 7088 0 1.0773e-007 0.000763593
950 10658 0 1.72968e-007 0.00184349
1000 14694 0 2.60619e-007 0.00382954
1050 18638 0 3.74498e-007 0.0069799
1100 21836 0 5.18472e-007 0.0113214
1150 23728 0.1 6.95859e-007 0.377008
1200 24024 0.1 8.95715e-007 0.355528
1250 22774 0.1 1.09684e-006 0.344075
1300 20316 0.1 1.26844e-006 0.341751
1350 17134 0.1 1.38167e-006 0.348138
1400 13722 0.1 1.42271e-006 0.363266
1450 10472 0.1 1.3968e-006 0.387237
1500 7636 0.1 1.3236e-006 0.419681
1550 5326 0 1.2185e-006 0.00648973
1600 3556 0 1.0972e-006 0.00390163
1650 2270 0 9.75518e-007 0.00221443
1700 1386 0 8.56011e-007 0.00118643
1750 808 0 7.44443e-007 0.00060151
1800 448 0 6.45555e-007 0.000289209
1850 236 0 5.62786e-007 0.000132818
1900 118 0 4.96791e-007 5.86213e-005
1950 56 0 4.45584e-007 2.49527e-005
2000 26 0 4.08435e-007 1.06193e-005
2050 10 0 3.80771e-007 3.80772e-006
2100 4 0 3.62879e-007 1.45152e-006
2150 2 0 3.46477e-007 6.92953e-007
2200 0 0 3.34644e-007 0
2250 0 0 3.12958e-007 0
2300 0 0 3.55585e-007 0
2350 0 0 2.67186e-007 0
2400 0 0 2.4783e-007 0
2450 0 0 1.514e-007 0
2500 0 0 3.16274e-008 0
2550 0 0 0 0
2600 0 0 0 0
2650 0 0 0 0
2700 0 0 0 0
2750 0 0 0 0
2800 0 0 0 0
2850 0 0 0 0
2900 0 0 0 0
2950 0 0 0 0
3000 0 0 0 0

total neg_log_likelihood: 2.97672


Year 2008
class scanned recaptured expected_prop neg_log_likelihood
100 0 0 0 0
150 0 0 0 0
200 0 0 0 0
250 0 0 0 0
300 0 0 5.5122e-018 0
350 0 0 3.9933e-014 0
400 0 0 4.4256e-012 0
450 4 0 3.93873e-011 1.5755e-010
500 10 0 1.51948e-010 1.51948e-009
550 30 0 3.0514e-010 9.1542e-009
600 88 0 8.41334e-010 7.40374e-008
650 234 0 2.44132e-009 5.7127e-007
700 560 0 5.85329e-009 3.27784e-006
750 1224 0 1.20555e-008 1.47559e-005
800 2428 0 2.23071e-008 5.41616e-005
850 4378 0 3.82794e-008 0.000167587
900 7196 0 6.34881e-008 0.00045686
950 10812 0 1.02327e-007 0.00110636
1000 14892 0 1.59321e-007 0.00237261
1050 18870 0 2.38029e-007 0.00449161
1100 22076 0 3.40494e-007 0.00751676
1150 23948 0 4.68846e-007 0.0112279
1200 24202 0 6.22664e-007 0.0150697
1250 22892 0 7.94785e-007 0.0181942
1300 20368 0 9.69904e-007 0.019755
1350 17128 0 1.12413e-006 0.019254
1400 13674 0 1.23314e-006 0.016862
1450 10400 0 1.27981e-006 0.01331
1500 7554 0 1.26841e-006 0.00958161
1550 5250 0 1.20991e-006 0.00635201
1600 3490 0 1.12074e-006 0.0039114
1650 2220 0 1.01987e-006 0.0022641
1700 1350 0 9.12688e-007 0.00123213
1750 782 0 8.07096e-007 0.00063115
1800 432 0 7.09777e-007 0.000306624
1850 228 0 6.26363e-007 0.000142811
1900 114 0 5.57903e-007 6.3601e-005
1950 54 0 5.04365e-007 2.72357e-005
2000 24 0 4.64188e-007 1.11405e-005
2050 10 0 4.35311e-007 4.35311e-006
2100 4 0 4.13422e-007 1.65369e-006
2150 2 0 4.00811e-007 8.01622e-007
2200 0 0 3.85057e-007 0
2250 0 0 3.73156e-007 0
2300 0 0 3.74423e-007 0
2350 0 0 3.59099e-007 0
2400 0 0 2.92024e-007 0
2450 0 0 1.80988e-007 0
2500 0 0 3.50696e-008 0
2550 0 0 0 0
2600 0 0 0 0
2650 0 0 0 0
2700 0 0 0 0
2750 0 0 0 0
2800 0 0 0 0
2850 0 0 0 0
2900 0 0 0 0
2950 0 0 0 0
3000 0 0 0 0

total neg_log_likelihood: 0.154388


Year 2009
class scanned recaptured expected_prop neg_log_likelihood
100 0 0 0 0
150 0 0 0 0
200 0 0 0 0
250 0 0 0 0
300 0 0 0 0
350 0 0 7.48697e-016 0
400 0 0 1.67326e-013 0
450 4 0 8.14708e-012 3.25882e-011
500 10 0 6.74602e-011 6.74603e-010
550 32 0 1.35901e-010 4.34882e-009
600 90 0 3.2319e-010 2.90871e-008
650 238 0 8.92024e-010 2.12302e-007
700 570 0 2.307e-009 1.31499e-006
750 1244 0 5.7186e-009 7.11394e-006
800 2466 0 1.29672e-008 3.19772e-005
850 4446 0 2.54552e-008 0.000113174
900 7304 0 4.40657e-008 0.000321856
950 10966 0 7.08177e-008 0.000776587
1000 15090 0 1.09008e-007 0.00164493
1050 19096 0 1.62655e-007 0.00310605
1100 22310 0 2.34967e-007 0.0052421
1150 24162 0 3.29187e-007 0.00795383
1200 24370 0 4.47036e-007 0.0108943
1250 23000 0 5.85569e-007 0.0134681
1300 20412 0 7.3727e-007 0.0150492
1350 17118 0 8.87824e-007 0.0151978
1400 13622 0 1.01906e-006 0.0138817
1450 10326 0 1.11219e-006 0.0114845
1500 7474 0 1.15742e-006 0.0086506
1550 5176 0 1.15257e-006 0.00596572
1600 3428 0 1.10622e-006 0.00379213
1650 2174 0 1.0362e-006 0.00225271
1700 1316 0 9.49683e-007 0.00124978
1750 760 0 8.56545e-007 0.000650974
1800 418 0 7.65759e-007 0.000320087
1850 220 0 6.84801e-007 0.000150656
1900 110 0 6.16263e-007 6.77889e-005
1950 52 0 5.62221e-007 2.92355e-005
2000 24 0 5.20187e-007 1.24845e-005
2050 10 0 4.89665e-007 4.89665e-006
2100 4 0 4.68582e-007 1.87433e-006
2150 2 0 4.5117e-007 9.02341e-007
2200 0 0 4.43046e-007 0
2250 0 0 4.26246e-007 0
2300 0 0 4.22007e-007 0
2350 0 0 4.3931e-007 0
2400 0 0 3.42962e-007 0
2450 0 0 2.16236e-007 0
2500 0 0 4.00449e-008 0
2550 0 0 0 0
2600 0 0 0 0
2650 0 0 0 0
2700 0 0 0 0
2750 0 0 0 0
2800 0 0 0 0
2850 0 0 0 0
2900 0 0 0 0
2950 0 0 0 0
3000 0 0 0 0

total neg_log_likelihood: 0.122325


Year 2010
class scanned recaptured expected_prop neg_log_likelihood
100 0 0 0 0
150 0 0 0 0
200 0 0 0 0
250 0 0 0 0
300 0 0 0 0
350 0 0 3.51835e-019 0
400 0 0 9.15656e-015 0
450 4 0 1.6385e-012 6.55387e-012
500 10 0 1.61655e-011 1.61655e-010
550 32 0 3.91461e-011 1.25268e-009
600 92 0 9.48292e-011 8.72428e-009
650 242 0 3.16778e-010 7.66603e-008
700 580 0 9.21138e-010 5.3426e-007
750 1266 0 2.39609e-009 3.03345e-006
800 2506 0 5.979e-009 1.49834e-005
850 4516 0 1.37338e-008 6.20217e-005
900 7414 0 2.79643e-008 0.000207327
950 11120 0 5.03839e-008 0.000560269
1000 15286 0 8.18167e-008 0.00125065
1050 19320 0 1.23817e-007 0.00239214
1100 22540 0 1.7846e-007 0.00402249
1150 24372 0 2.4925e-007 0.00607471
1200 24534 0 3.38497e-007 0.00830469
1250 23102 0 4.47193e-007 0.010331
1300 20452 0 5.72536e-007 0.0117095
1350 17102 0 7.06198e-007 0.0120774
1400 13568 0 8.34113e-007 0.0113172
1450 10252 0 9.41687e-007 0.00965418
1500 7396 0 1.01828e-006 0.00753118
1550 5104 0 1.05547e-006 0.00538713
1600 3370 0 1.05178e-006 0.00354451
1650 2128 0 1.01805e-006 0.00216641
1700 1284 0 9.59301e-007 0.00123174
1750 740 0 8.85406e-007 0.000655201
1800 406 0 8.06701e-007 0.000327521
1850 212 0 7.32471e-007 0.000155284
1900 106 0 6.67305e-007 7.07344e-005
1950 50 0 6.14413e-007 3.07206e-005
2000 22 0 5.72054e-007 1.25852e-005
2050 10 0 5.41395e-007 5.41395e-006
2100 4 0 5.19622e-007 2.07849e-006
2150 2 0 5.05508e-007 1.01102e-006
2200 0 0 4.91187e-007 0
2250 0 0 4.86634e-007 0
2300 0 0 4.90956e-007 0
2350 0 0 4.48487e-007 0
2400 0 0 4.55827e-007 0
2450 0 0 2.58031e-007 0
2500 0 0 4.67144e-008 0
2550 0 0 0 0
2600 0 0 0 0
2650 0 0 0 0
2700 0 0 0 0
2750 0 0 0 0
2800 0 0 0 0
2850 0 0 0 0
2900 0 0 0 0
2950 0 0 0 0
3000 0 0 0 0

total neg_log_likelihood: 0.0991039


Tags2007_R1_R1 :
tag-recapture data for tag Tags2007_R1 in years 2008 2009 2010 , step 1, after proportion 0.5 of mortality, with sampling method size, detection probability 1.
Year 2008
class scanned recaptured expected_prop neg_log_likelihood
100 0 0 0 0
150 0 0 0 0
200 0 0 1.03429e-019 0
250 0 0 4.4093e-015 0
300 0 0 8.97397e-014 0
350 0 0 4.1409e-012 0
400 0 0 5.22866e-011 0
450 4 0 2.2574e-010 9.02961e-010
500 10 0 6.3054e-010 6.3054e-009
550 30 0 1.62238e-009 4.86713e-008
600 88 0 5.39661e-009 4.74901e-007
650 234 0 1.6971e-008 3.97121e-006
700 560 0 4.13256e-008 2.31423e-005
750 1224 0 8.12467e-008 9.9446e-005
800 2428 0 1.36696e-007 0.000331898
850 4378 0 2.06211e-007 0.000902792
900 7196 0 2.93917e-007 0.00211503
950 10812 0 4.01779e-007 0.00434403
1000 14892 0 5.27148e-007 0.0078503
1050 18870 0 6.60456e-007 0.0124628
1100 22076 0 7.88573e-007 0.0174085
1150 23948 0 9.01671e-007 0.0215932
1200 24202 0 9.89972e-007 0.0239593
1250 22892 0 1.04666e-006 0.02396
1300 20368 0 1.06443e-006 0.0216802
1350 17128 0 1.03853e-006 0.017788
1400 13674 0 9.7167e-007 0.0132866
1450 10400 0 8.74803e-007 0.00909796
1500 7554 0 7.64611e-007 0.00577588
1550 5250 0 6.53557e-007 0.00343117
1600 3490 0 5.5007e-007 0.00191975
1650 2220 0 4.60222e-007 0.00102169
1700 1350 0 3.82785e-007 0.00051676
1750 782 0 3.17767e-007 0.000248494
1800 432 0 2.65264e-007 0.000114594
1850 228 0 2.236e-007 5.09807e-005
1900 114 0 1.92642e-007 2.19612e-005
1950 54 0 1.68831e-007 9.1169e-006
2000 24 0 1.52848e-007 3.66835e-006
2050 10 0 1.41102e-007 1.41102e-006
2100 4 0 1.31383e-007 5.25532e-007
2150 2 0 1.26235e-007 2.5247e-007
2200 0 0 1.17837e-007 0
2250 0 0 1.11552e-007 0
2300 0 0 1.09625e-007 0
2350 0 0 1.01175e-007 0
2400 0 0 7.52048e-008 0
2450 0 0 4.16227e-008 0
2500 0 0 8.48259e-009 0
2550 0 0 0 0
2600 0 0 0 0
2650 0 0 0 0
2700 0 0 0 0
2750 0 0 0 0
2800 0 0 0 0
2850 0 0 0 0
2900 0 0 0 0
2950 0 0 0 0
3000 0 0 0 0

total neg_log_likelihood: 0.190024


Year 2009
class scanned recaptured expected_prop neg_log_likelihood
100 0 0 0 0
150 0 0 0 0
200 0 0 0 0
250 0 0 4.66501e-019 0
300 0 0 1.74167e-015 0
350 0 0 2.46762e-013 0
400 0 0 5.07887e-012 0
450 4 0 6.06321e-011 2.42529e-010
500 10 0 2.08778e-010 2.08778e-009
550 32 0 4.83661e-010 1.54772e-008
600 90 0 1.44375e-009 1.29937e-007
650 238 0 4.40981e-009 1.04953e-006
700 570 0 1.21751e-008 6.93983e-006
750 1244 0 3.08155e-008 3.83345e-005
800 2466 0 6.80045e-008 0.000167699
850 4446 0 1.24439e-007 0.000553258
900 7304 0 1.94153e-007 0.00141809
950 10966 0.1 2.74532e-007 0.533698
1000 15090 0.1 3.66445e-007 0.475417
1050 19096 0.1 4.70691e-007 0.430296
1100 22310 0.1 5.83449e-007 0.397294
1150 24162 0.1 6.98144e-007 0.375225
1200 24370 0.1 8.04598e-007 0.362915
1250 23000 0.1 8.91272e-007 0.359361
1300 20412 0.1 9.48275e-007 0.363956
1350 17118 0.1 9.68514e-007 0.376666
1400 13622 0 9.48658e-007 0.0129226
1450 10326 0 8.91714e-007 0.00920784
1500 7474 0 8.08362e-007 0.0060417
1550 5176 0 7.10996e-007 0.00368012
1600 3428 0 6.11435e-007 0.002096
1650 2174 0 5.19955e-007 0.00113038
1700 1316 0 4.37969e-007 0.000576367
1750 760 0 3.67359e-007 0.000279193
1800 418 0 3.09042e-007 0.00012918
1850 220 0 2.62704e-007 5.7795e-005
1900 110 0 2.27611e-007 2.50372e-005
1950 52 0 2.00249e-007 1.04129e-005
2000 24 0 1.81625e-007 4.35899e-006
2050 10 0 1.68106e-007 1.68106e-006
2100 4 0 1.58392e-007 6.33566e-007
2150 2 0 1.48731e-007 2.97462e-007
2200 0 0 1.44497e-007 0
2250 0 0 1.33963e-007 0
2300 0 0 1.29745e-007 0
2350 0 0 1.3028e-007 0
2400 0 0 9.16023e-008 0
2450 0 0 5.08002e-008 0
2500 0 0 9.37594e-009 0
2550 0 0 0 0
2600 0 0 0 0
2650 0 0 0 0
2700 0 0 0 0
2750 0 0 0 0
2800 0 0 0 0
2850 0 0 0 0
2900 0 0 0 0
2950 0 0 0 0
3000 0 0 0 0

total neg_log_likelihood: 3.71318


Year 2010
class scanned recaptured expected_prop neg_log_likelihood
100 0 0 0 0
150 0 0 0 0
200 0 0 0 0
250 0 0 0 0
300 0 0 2.17951e-019 0
350 0 0 5.13266e-015 0
400 0 0 8.8138e-013 0
450 4 0 1.78644e-011 7.14575e-011
500 10 0 4.74989e-011 4.74989e-010
550 32 0 9.96617e-011 3.18918e-009
600 92 0 3.19875e-010 2.94285e-008
650 242 0 1.17391e-009 2.84086e-007
700 580 0 3.67255e-009 2.13008e-006
750 1266 0 1.00184e-008 1.26833e-005
800 2506 0 2.53394e-008 6.35006e-005
850 4516 0 5.67984e-008 0.000256502
900 7414 0 1.08851e-007 0.000807018
950 11120 0 1.79175e-007 0.00199242
1000 15286 0 2.60246e-007 0.00397813
1050 19320 0 3.47856e-007 0.00672058
1100 22540 0 4.40591e-007 0.00993092
1150 24372 0 5.39492e-007 0.0131485
1200 24534 0 6.38825e-007 0.0156729
1250 23102 0 7.31578e-007 0.0169009
1300 20452 0 8.08832e-007 0.0165422
1350 17102 0 8.6007e-007 0.0147089
1400 13568 0 8.77962e-007 0.0119122
1450 10252 0 8.60329e-007 0.00882009
1500 7396 0 8.11916e-007 0.00600493
1550 5104 0 7.40149e-007 0.00377772
1600 3370 0 6.55526e-007 0.00220912
1650 2128 0 5.70354e-007 0.00121371
1700 1284 0 4.88965e-007 0.000627831
1750 740 0 4.15812e-007 0.000307701
1800 406 0 3.53543e-007 0.000143539
1850 212 0 3.03215e-007 6.42816e-005
1900 106 0 2.64062e-007 2.79906e-005
1950 50 0 2.34359e-007 1.1718e-005
2000 22 0 2.13431e-007 4.69549e-006
2050 10 0 1.97367e-007 1.97367e-006
2100 4 0 1.86575e-007 7.46299e-007
2150 2 0 1.7832e-007 3.56639e-007
2200 0 0 1.67683e-007 0
2250 0 0 1.63866e-007 0
2300 0 0 1.61209e-007 0
2350 0 0 1.34767e-007 0
2400 0 0 1.30564e-007 0
2450 0 0 6.21609e-008 0
2500 0 0 1.06713e-008 0
2550 0 0 0 0
2600 0 0 0 0
2650 0 0 0 0
2700 0 0 0 0
2750 0 0 0 0
2800 0 0 0 0
2850 0 0 0 0
2900 0 0 0 0
2950 0 0 0 0
3000 0 0 0 0

total neg_log_likelihood: 0.135866


Output quantities start here

* Scalar parameter values
initialization.B0 50873.9

* Vector parameter values
recruitment.YCS 1.8445 1.36883 0.408821 1.04991 0.992556 1.20529 0.779333 1.03226 0.839985 0.768659 1.69781 0.992849 0.669154 0.762791 0.134507 0.221051 0.314759 0.357494 1 1 1 

* Nuisance q's

* B0
50873.9

* R0
903896

* SSBs
SSB 50874 48496.3 45928.6 43227.7 40464.3 37725.9 35122.2 32768.5 30707.8 28877.8 27213.9 25712.2 24358.4 23102.4 21894.1 20713.7 19571.9 18504.8 17513.6 16513.2 15399.6 
year 1990 1991 1992 1993 1994 1995 1996 1997 1998 1999 2000 2001 2002 2003 2004 2005 2006 2007 2008 2009 2010 

* recruitments
recruitment 1.9436e+006 1.44238e+006 429033 1.09648e+006 1.03069e+006 1.24339e+006 798028 1.04853e+006 846155 767931 1.68224e+006 975516 651941 736925 128829 209787 295781 332399 788899 780071 770322 
year 1990 1991 1992 1993 1994 1995 1996 1997 1998 1999 2000 2001 2002 2003 2004 2005 2006 2007 2008 2009 2010 

* YCS
YCS 2.15024 1.59573 0.476588 1.22394 1.15708 1.40508 0.908517 1.20336 0.979222 0.896073 1.97924 1.15743 0.780075 0.889232 0.156804 0.257693 0.366934 0.416752 1 1 1 
year 1989 1990 1991 1992 1993 1994 1995 1996 1997 1998 1999 2000 2001 2002 2003 2004 2005 2006 2007 2008 2009 

* true_YCS
true_YCS 2.15024 1.59573 0.474649 1.21306 1.14028 1.37559 0.882876 1.16001 0.93612 0.849579 1.8611 1.07923 0.721257 0.815277 0.142526 0.232092 0.327229 0.367741 0.872777 0.86301 0.852224 
year 1989 1990 1991 1992 1993 1994 1995 1996 1997 1998 1999 2000 2001 2002 2003 2004 2005 2006 2007 2008 2009 

* fishing_pressures
pressure 0 0.0987587 0.106738 0.115315 0.124164 0.132473 0.138079 0.138392 0.135567 0.136905 0.143429 0.14877 0.151902 0.15581 0.161691 0.168265 0.173568 0.17495 0.17396 0.180235 0.198174 
year 1990 1991 1992 1993 1994 1995 1996 1997 1998 1999 2000 2001 2002 2003 2004 2005 2006 2007 2008 2009 2010 

* Numbers_at_age_R1
1990  1.82513e+006 745328 654469 574687 504630 443113 389096 341663 300013 263440 231325 203126 178364 156620 137528 120762 106041 93114 81763 71795.7 63043.5 55358.2 48609.8 42684 37480.7 32911.6 28899.5 25376.5 22283 19566.6 17181.4 15086.9 13247.7 11632.8 83792.4 
1991  1.35446e+006 1.60264e+006 654463 574635 504324 441834 385319 333775 288364 251276 220718 194003 170626 150148 132188 116418 102555 90355 79609.6 70138.2 61785.2 54416.1 47914.2 42177.5 37116.8 32653.9 28719.5 25252.5 22198.8 19510.2 17144 15062.5 13232.1 11622.8 83741.5 
1992  402882 1.18935e+006 1.40725e+006 574619 504202 441158 382637 326221 273230 229507 198148 174311 153671 135742 120110 106428 94403.1 83794.1 74401.4 66060.9 58637.6 52020.2 46116 40846.8 36146 31955.6 28224.2 24906.2 21960 19347.8 17035.2 14990.6 13185.2 11592.7 83623.4 
1993  1.02964e+006 353769 1.04435e+006 1.23556e+006 504157 440916 381623 322987 265497 215663 179329 155078 136866 121231 107731 95997.4 85725.7 76669.2 68629.5 61449.2 55004.7 49199.1 43956.9 39218.6 34936.1 31069.7 27585.2 24451.9 21641.8 19128.2 16885.8 14890.4 13118.9 11549.5 83484.1 
1994  967868 904125 310639 916920 1.08398e+006 440736 380968 321127 261257 207721 166874 139004 120632 107014 95409.5 85434.8 76775 69176.3 62437 56399.8 50944.6 45981.5 41444.7 37286.6 33473 29978.7 26784.1 23872.7 21229.4 18839 16686 14754.4 13027.7 11489.2 83314.3 
1995  1.1676e+006 849879 793897 272734 804384 947328 380385 319606 258194 202622 159165 128110 107122 93480.7 83514.6 75075.3 67842.4 61557.5 56015.3 51055.7 46557.6 42431.6 38615 35065.8 31757.5 28674.6 25808.6 23154.8 20709.4 18468.2 16425.8 14574.6 12905.4 11407.2 83103 
1996  749386 1.02527e+006 746265 697020 239250 702824 816924 318376 255749 198812 153994 121209 97954.9 82391.8 72440.4 65287.1 59261.2 54103.9 49608.9 45613.9 41994.6 38658.9 35542.1 32601.8 29813.7 27166.4 24658 22291.6 20072.6 18006.3 16096.1 14343 12745.2 11298.2 82837.9 
1997  984619 658032 900268 655199 611442 209033 605943 683253 254312 196311 150519 116826 92335.7 75073.8 63633.7 56454 51388.5 47139.5 43503 40316.8 37454.1 34819 32342.1 29976.7 27695.5 25486.3 23348.4 21288.7 19317.9 17448.1 15690.4 14053 12541.4 11157.1 82506.4 
1998  794580 864588 577806 790411 574765 534259 180267 507122 546358 195450 148803 114323 89096.1 70842.4 58039.4 49636.2 44472.8 40907.7 37928.2 35375 33121 31067.4 29139.9 27285.7 25471.5 23680.1 21907.7 20160.4 18450.4 16793.2 15204.8 13699.3 12288.1 10978.9 82093.6 
1999  721124 697716 759180 507298 693375 502202 460721 150869 405629 420255 148328 113155 87289.7 68434.3 54826.9 45317.7 39137.7 35431.7 32938.3 30861.6 29077.4 27486.2 26010.6 24592.3 23191.2 21783.3 20358.7 18919.1 17474.5 16040.5 14635.1 13276.1 11979.3 10757.5 81576.6 
2000  1.57971e+006 633215 612652 666535 445000 605716 432776 384919 120300 310768 317622 112339 86061.2 66798.1 52778.9 42671.7 35628 31099.2 28462.7 26746.9 25323.1 24094.6 22983.6 21928.7 20884.4 19819.8 18717.9 17574 16393.2 15188.2 13976.4 12776.8 11608 10486.4 80925.4 
2001  916056 1.38713e+006 556014 537886 584660 388663 521587 360829 305653 91598.5 233239 238905 84871.3 65438.8 51208.6 40850.1 33378.1 28181.6 24881.7 23031.1 21880.1 20929.4 20103.8 19341.9 18595 17827.1 17014.5 16145.5 15218.8 14242.1 13229.4 12198.7 11169.4 10159.9 80110.6 
2002  612204 804383 1.21801e+006 488158 471801 510576 334516 434274 285695 231692 68394.7 174547 179604 64230.9 49944.9 39472.6 31834 26313.4 22480.4 20081.2 18798.3 18049.4 17435 16896 16383.6 15858.9 15293.2 14668.1 13975.8 13217.4 12402.1 11544.5 10662.5 9775.06 79105.9 
2003  692008 537573 706314 1.06936e+006 428171 411962 439227 278153 342965 215769 172297 50979.4 130713 135423 48852.9 38374.9 30670.5 25030.2 20941.3 18106.4 16361.9 15484.1 15017 14637.8 14299.7 13963.4 13597.4 13178.5 12692.7 12134.8 11507.7 10821.1 10089.7 9330.78 77884.6 
2004  120976 607648 472032 620109 937918 373791 354138 364531 218872 257701 159560 127720 37973.7 98058.5 102510 37370.6 29698 24028.6 19856.6 16819.9 14717.5 13449.8 12860.7 12590 12374.3 12176 11963.3 11710.4 11398.6 11017 10562.3 10038.7 9456.04 8828.55 76420.3 
2005  197000 106229 533564 414418 543860 818604 321050 293241 285545 163381 189178 117428 94473.2 28297.8 73762.9 77963.4 28768.8 23157 18982.5 15890.6 13628.9 12065.9 11146.2 10762.3 10627.1 10523.7 10421.8 10295.2 10122.7 9889.16 9586.03 9211.65 8770.69 8272.97 74691 
2006  277752 172985 93277.2 468437 363447 474579 702574 265294 228734 211801 119076 138237 86262.8 69938.7 21155.3 55780.4 59706.7 22328 18218.6 15136.5 12836.1 11144.1 9977.25 9310.49 9070.77 9026.9 8998.89 8961.89 8894.21 8778.31 8601.8 8358.09 8046.61 7672.32 72683.4 
2007  312139 243893 151894 81891.6 410816 317124 407182 580000 206482 169040 153688 86633.9 101121 63602.9 52087.8 15941.8 42582 46206.9 17522 14495.3 12203.8 10478.9 9202.61 8324.79 7839.99 7699.27 7714.45 7734.73 7739.55 7710.83 7633.96 7498.76 7300.16 7038.33 70395.2 
2008  740814 274087 214157 133354 71818.8 358462 272102 336170 451422 152553 122602 111763 63343.5 74524.7 47349.1 39235.9 12165.4 32943.5 36250.7 13937.6 11684.4 9960.95 8652.04 7677.48 7009.24 6654.02 6579.41 6630.37 6679.49 6709.58 6705.47 6654.91 6549.51 6385.34 67835.1 
2009  732524 650505 240670 188016 116947 62655.2 307389 224330 261031 332640 110370 88942 81527.9 46580.9 55366.3 35599.2 29890.2 9397.35 25810.3 28801.2 11223.4 9528.79 8218.43 7213.87 6461.11 5946.65 5684.45 5653.48 5724.74 5789.78 5834.16 5845.04 5812.15 5728.53 65018.4 
2010  723369 643225 571193 211289 164864 101967 53620.3 252125 172537 189910 237419 79009.7 64051.2 59224.1 34211.9 41189.3 26860.6 22891.4 7306.85 20371.1 23061.1 9108.9 7830.25 6829.56 6054.49 5469.63 5071.32 4877.81 4876.13 4958.2 5031.3 5083.23 5103.14 5082.37 61966 

Output quantities finish here

Unused parameters:
annual_cycle.fishery_areas annual_cycle.n_migrations annual_cycle.recruitment_areas annual_cycle.spawning_all_areas area_names recruitment.p_male recruitment.year_range tag[Tags2005_R1_LL].area tag[Tags2005_R1_LL].sex tag[Tags2006_R1_LL].area tag[Tags2006_R1_LL].sex tag[Tags2007_R1_LL].area tag[Tags2007_R1_LL].sex tag[Tags2008_R1_LL].area tag[Tags2008_R1_LL].sex tag[Tags2009_R1_LL].area tag[Tags2009_R1_LL].sex MCMC.adapt_at MCMC.adaptive_stepsize MCMC.burn_in MCMC.keep MCMC.length MCMC.start MCMC.stepsize estimate[1].lower_bound estimate[1].prior estimate[1].upper_bound profile[1].l profile[1].n profile[1].parameter profile[1].u tag_recapture[Tags2006_R1_R1].area tag_recapture[Tags2007_R1_R1].area n_projections numbers_at[Numbers_at_age_R1].area print.yields 
