CASAL (C++ algorithmic stock assessment laboratory)
Call: casal -e -O C:/Users/sta384/Documents/GitHub/planetfish2_bugs/Output/TOA_bug_14/casalout_mpd.dat -f C:/Users/sta384/Documents/GitHub/planetfish2_bugs/Output/TOA_bug_14/casal_ 
Date: Thu Sep 26 09:34:44 2019
v2.30-2012-03-21 00:22:59 UTC (rev.4648)  (c) Copyright 2002-2012, NIWA
User name: sta384
Machine name: MACKEREL-HF (Microsoft Windows, PID=15444)

Prefix for the input parameter filenames : C:/Users/sta384/Documents/GitHub/planetfish2_bugs/Output/TOA_bug_14/casal_

Random number seed : 54484

Estimation parameters:
Stored as strings: 
  MCMC.adapt_at                 	1e+05 2e+05 3e+05 4e+05
  MCMC.adaptive_stepsize        	True
  MCMC.burn_in                  	500
  MCMC.keep                     	1000
  MCMC.length                   	1500000
  MCMC.start                    	0
  MCMC.stepsize                 	0.01
  ageing_error.c                	0
  ageing_error.type             	normal
  catch_at[LL_catchA].2000      	0 0 0 0.001 0.004 0.017 0.043 0.127 0.136 0.15 0.111 0.088 0.085 0.048 0.041 0.044 0.022 0.017 0.016 0.01 0.012 0.01 0.006 0 0.004 0.002 0.003 0 0 0.003
  catch_at[LL_catchA].2001      	0 0 0 0 0.002 0.013 0.047 0.087 0.139 0.135 0.14 0.121 0.065 0.057 0.048 0.029 0.036 0.014 0.014 0.013 0.012 0.004 0.006 0.004 0.003 0.005 0.002 0 0 0.004
  catch_at[LL_catchA].2002      	0 0 0 0 0.003 0.016 0.049 0.104 0.16 0.125 0.132 0.099 0.069 0.065 0.038 0.034 0.028 0.02 0.012 0.009 0.009 0.009 0.007 0.002 0.004 0.002 0.001 0.001 0 0.002
  catch_at[LL_catchA].2003      	0 0 0 0 0.007 0.011 0.067 0.105 0.147 0.151 0.12 0.093 0.074 0.057 0.04 0.028 0.021 0.027 0.012 0.01 0.006 0.008 0.007 0.001 0.003 0 0.001 0.001 0.001 0.002
  catch_at[LL_catchA].2004      	0 0 0 0.001 0.002 0.017 0.058 0.099 0.149 0.139 0.119 0.087 0.069 0.07 0.057 0.035 0.025 0.016 0.016 0.007 0.014 0.008 0.003 0.001 0.003 0.002 0 0.001 0.001 0.001
  catch_at[LL_catchA].2005      	0 0 0 0.002 0.007 0.022 0.05 0.099 0.164 0.145 0.114 0.087 0.068 0.051 0.049 0.031 0.03 0.017 0.021 0.019 0.005 0.003 0.005 0.002 0.002 0.001 0.001 0.002 0 0.003
  catch_at[LL_catchA].2006      	0 0 0 0.001 0.003 0.018 0.051 0.096 0.148 0.132 0.127 0.092 0.072 0.064 0.05 0.036 0.03 0.021 0.018 0.008 0.01 0.007 0.004 0.001 0.002 0.003 0.001 0.004 0 0.001
  catch_at[LL_catchA].2007      	0 0 0 0.001 0.004 0.018 0.051 0.106 0.132 0.159 0.102 0.1 0.083 0.058 0.057 0.028 0.03 0.017 0.015 0.009 0.007 0.007 0.003 0.005 0.002 0.002 0.001 0.001 0.002 0
  catch_at[LL_catchA].2008      	0 0 0 0.002 0.005 0.023 0.051 0.093 0.139 0.145 0.126 0.106 0.077 0.052 0.041 0.036 0.023 0.022 0.013 0.013 0.009 0.004 0.005 0.004 0.002 0.003 0.001 0.002 0 0.003
  catch_at[LL_catchA].2009      	0 0 0.001 0.003 0.005 0.014 0.048 0.113 0.164 0.142 0.117 0.114 0.077 0.046 0.042 0.031 0.027 0.014 0.009 0.01 0.004 0.01 0.002 0.004 0 0 0 0 0 0.003
  catch_at[LL_catchA].2010      	0 0 0 0.001 0.004 0.014 0.042 0.104 0.142 0.167 0.122 0.087 0.073 0.054 0.048 0.039 0.03 0.016 0.013 0.012 0.006 0.006 0.007 0.005 0.001 0 0 0.001 0.001 0.005
  catch_at[LL_catchA].N_2000    	100
  catch_at[LL_catchA].N_2001    	100
  catch_at[LL_catchA].N_2002    	100
  catch_at[LL_catchA].N_2003    	100
  catch_at[LL_catchA].N_2004    	100
  catch_at[LL_catchA].N_2005    	100
  catch_at[LL_catchA].N_2006    	100
  catch_at[LL_catchA].N_2007    	100
  catch_at[LL_catchA].N_2008    	100
  catch_at[LL_catchA].N_2009    	100
  catch_at[LL_catchA].N_2010    	100
  catch_at[LL_catchA].at_size   	False
  catch_at[LL_catchA].dist      	multinomial
  catch_at[LL_catchA].fishery   	LL
  catch_at[LL_catchA].max_class 	30
  catch_at[LL_catchA].min_class 	1
  catch_at[LL_catchA].plus_group	True
  catch_at[LL_catchA].r         	1e-11
  catch_at[LL_catchA].sexed     	False
  catch_at[LL_catchA].sum_to_one	True
  catch_at[LL_catchA].years     	2000 2001 2002 2003 2004 2005 2006 2007 2008 2009 2010
  catch_limit_penalty[1].fishery	LL
  catch_limit_penalty[1].label  	LL_Penalty
  catch_limit_penalty[1].log_scale	True
  catch_limit_penalty[1].multiplier	1000
  estimate[1].lower_bound       	5000
  estimate[1].parameter         	initialization.B0
  estimate[1].prior             	uniform
  estimate[1].upper_bound       	5e+05
  estimator                     	Bayes
  fish_tagged_penalty[1].label  	Penalty_Tags2005_R1_LL
  fish_tagged_penalty[1].multiplier	1
  fish_tagged_penalty[1].tagging_episode	Tags2005_R1_LL
  fish_tagged_penalty[2].label  	Penalty_Tags2006_R1_LL
  fish_tagged_penalty[2].multiplier	1
  fish_tagged_penalty[2].tagging_episode	Tags2006_R1_LL
  fish_tagged_penalty[3].label  	Penalty_Tags2007_R1_LL
  fish_tagged_penalty[3].multiplier	1
  fish_tagged_penalty[3].tagging_episode	Tags2007_R1_LL
  fish_tagged_penalty[4].label  	Penalty_Tags2008_R1_LL
  fish_tagged_penalty[4].multiplier	1
  fish_tagged_penalty[4].tagging_episode	Tags2008_R1_LL
  fish_tagged_penalty[5].label  	Penalty_Tags2009_R1_LL
  fish_tagged_penalty[5].multiplier	1
  fish_tagged_penalty[5].tagging_episode	Tags2009_R1_LL
  grad_tol                      	0.001
  max_evals                     	10000
  max_iters                     	1600
  profile[1].l                  	40000
  profile[1].n                  	11
  profile[1].parameter          	initialization.B0
  profile[1].u                  	130000
  q_method                      	nuisance
  tag_recapture[Tags2005_R1_R1].area	R1
  tag_recapture[Tags2005_R1_R1].class_mins	100 150 200 250 300 350 400 450 500 550 600 650 700 750 800 850 900 950 1000 1050 1100 1150 1200 1250 1300 1350 1400 1450 1500 1550 1600 1650 1700 1750 1800 1850 1900 1950 2000 2050
  tag_recapture[Tags2005_R1_R1].detection_probability	1
  tag_recapture[Tags2005_R1_R1].dispersion	1
  tag_recapture[Tags2005_R1_R1].do_bootstrap	True
  tag_recapture[Tags2005_R1_R1].plus_group	False
  tag_recapture[Tags2005_R1_R1].proportion_mortality	0.5
  tag_recapture[Tags2005_R1_R1].r	1e-11
  tag_recapture[Tags2005_R1_R1].recaptured_2006	0 0 0 0 0 0 0 0.3 2.2 9.6 28 57.8 88.3 105 102.7 87.2 67.8 50.2 36.1 25.3 16.9 10.6 6.1 3.3 1.7 0.9 0.5 0.3 0.2 0.1 0.1 0 0 0 0 0 0 0 0
  tag_recapture[Tags2005_R1_R1].recaptured_2007	0 0 0 0 0 0 0 0.1 1 4.6 14.9 34.5 59 77.7 83.1 76 62.3 47.1 33.4 22.4 14.4 9 5.5 3.2 1.8 1 0.5 0.2 0.1 0 0 0 0 0 0 0 0 0 0
  tag_recapture[Tags2005_R1_R1].recaptured_2008	0 0 0 0 0 0 0 0 0.3 1.8 6.3 16.4 32.6 51.5 66.3 71.4 65.8 53.6 39.7 27.6 18.4 11.9 7.6 4.7 2.8 1.6 0.9 0.5 0.2 0.1 0 0 0 0 0 0 0 0 0
  tag_recapture[Tags2005_R1_R1].recaptured_2009	0 0 0 0 0 0 0 0 0.1 0.6 2.7 8 18.1 32.1 46.1 55.1 56 49.4 39 28.3 19.6 13.2 8.8 5.7 3.6 2.2 1.2 0.7 0.3 0.2 0.1 0 0 0 0 0 0 0 0
  tag_recapture[Tags2005_R1_R1].recaptured_2010	0 0 0 0 0 0 0 0 0 0.2 0.8 2.8 7.8 16.3 27 36.2 40.2 37.9 31.3 23.4 16.5 11.3 7.5 4.8 3 1.8 1 0.6 0.3 0.2 0.1 0 0 0 0 0 0 0 0
  tag_recapture[Tags2005_R1_R1].sample	size
  tag_recapture[Tags2005_R1_R1].scanned_2006	0 0 0 0 12 136 1000 4906 16734 41272 76258 109356 126608 123954 107946 87526 68156 51728 38450 28026 20046 14082 9736 6646 4498 3034 2042 1368 904 578 352 200 106 52 22 8 4 2 0
  tag_recapture[Tags2005_R1_R1].scanned_2007	0 0 0 0 12 136 1002 4918 16774 41370 76434 109600 126882 124210 108156 87686 68274 51810 38504 28054 20050 14066 9704 6604 4454 2992 2006 1340 884 564 344 196 104 50 22 8 4 0 0
  tag_recapture[Tags2005_R1_R1].scanned_2008	0 0 0 0 12 136 1004 4928 16808 41452 76582 109802 127104 124414 108320 87808 68360 51870 38544 28076 20056 14060 9686 6578 4422 2960 1978 1316 866 552 336 192 102 50 22 8 4 0 0
  tag_recapture[Tags2005_R1_R1].scanned_2009	0 0 0 0 12 136 1006 4938 16840 41528 76712 109978 127294 124582 108452 87902 68424 51912 38570 28092 20062 14056 9676 6560 4400 2936 1954 1296 850 542 330 188 100 48 22 8 2 0 0
  tag_recapture[Tags2005_R1_R1].scanned_2010	0 0 0 0 12 136 1008 4946 16870 41596 76832 110138 127460 124726 108560 87974 68470 51942 38588 28100 20064 14054 9668 6548 4386 2918 1938 1280 836 532 322 184 98 46 20 8 2 0 0
  tag_recapture[Tags2005_R1_R1].step	1
  tag_recapture[Tags2005_R1_R1].tag_name	Tags2005_R1
  tag_recapture[Tags2005_R1_R1].years	2006 2007 2008 2009 2010
  tag_recapture[Tags2006_R1_R1].area	R1
  tag_recapture[Tags2006_R1_R1].class_mins	100 150 200 250 300 350 400 450 500 550 600 650 700 750 800 850 900 950 1000 1050 1100 1150 1200 1250 1300 1350 1400 1450 1500 1550 1600 1650 1700 1750 1800 1850 1900 1950 2000 2050
  tag_recapture[Tags2006_R1_R1].detection_probability	1
  tag_recapture[Tags2006_R1_R1].dispersion	1
  tag_recapture[Tags2006_R1_R1].do_bootstrap	True
  tag_recapture[Tags2006_R1_R1].plus_group	False
  tag_recapture[Tags2006_R1_R1].proportion_mortality	0.5
  tag_recapture[Tags2006_R1_R1].r	1e-11
  tag_recapture[Tags2006_R1_R1].recaptured_2007	0 0 0 0 0 0 0 0.4 2.5 10.1 27.6 54.3 80.8 95.1 92.7 78.5 60.9 44.8 31.7 21.5 14 8.8 5.5 3.5 2.2 1.3 0.8 0.5 0.3 0.1 0.1 0 0 0 0 0 0 0 0
  tag_recapture[Tags2006_R1_R1].recaptured_2008	0 0 0 0 0 0 0 0.1 0.9 4.1 13.3 31.5 56.3 78.4 88.5 84.2 70.5 54 38.8 26.5 17.2 10.7 6.3 3.6 2 1.1 0.5 0.3 0.1 0 0 0 0 0 0 0 0 0 0
  tag_recapture[Tags2006_R1_R1].recaptured_2009	0 0 0 0 0 0 0 0.1 0.4 2 6.7 16.9 32.8 50.9 64.7 68.7 62.7 50.5 37.3 26.2 18 12.1 7.8 4.8 2.8 1.6 0.9 0.5 0.3 0.1 0.1 0 0 0 0 0 0 0 0
  tag_recapture[Tags2006_R1_R1].recaptured_2010	0 0 0 0 0 0 0 0 0.1 0.5 2.1 6.1 13.8 24.8 36.5 44.3 45.3 40.1 32 23.8 16.8 11.2 7.1 4.3 2.5 1.4 0.8 0.5 0.3 0.2 0.2 0.1 0.1 0 0 0 0 0 0
  tag_recapture[Tags2006_R1_R1].sample	size
  tag_recapture[Tags2006_R1_R1].scanned_2007	0 0 0 0 12 136 1002 4918 16774 41370 76434 109600 126882 124210 108156 87686 68274 51810 38504 28054 20050 14066 9704 6604 4454 2992 2006 1340 884 564 344 196 104 50 22 8 4 0 0
  tag_recapture[Tags2006_R1_R1].scanned_2008	0 0 0 0 12 136 1004 4928 16808 41452 76582 109802 127104 124414 108320 87808 68360 51870 38544 28076 20056 14060 9686 6578 4422 2960 1978 1316 866 552 336 192 102 50 22 8 4 0 0
  tag_recapture[Tags2006_R1_R1].scanned_2009	0 0 0 0 12 136 1006 4938 16840 41528 76712 109978 127294 124582 108452 87902 68424 51912 38570 28092 20062 14056 9676 6560 4400 2936 1954 1296 850 542 330 188 100 48 22 8 2 0 0
  tag_recapture[Tags2006_R1_R1].scanned_2010	0 0 0 0 12 136 1008 4946 16870 41596 76832 110138 127460 124726 108560 87974 68470 51942 38588 28100 20064 14054 9668 6548 4386 2918 1938 1280 836 532 322 184 98 46 20 8 2 0 0
  tag_recapture[Tags2006_R1_R1].step	1
  tag_recapture[Tags2006_R1_R1].tag_name	Tags2006_R1
  tag_recapture[Tags2006_R1_R1].years	2007 2008 2009 2010
  tag_recapture[Tags2007_R1_R1].area	R1
  tag_recapture[Tags2007_R1_R1].class_mins	100 150 200 250 300 350 400 450 500 550 600 650 700 750 800 850 900 950 1000 1050 1100 1150 1200 1250 1300 1350 1400 1450 1500 1550 1600 1650 1700 1750 1800 1850 1900 1950 2000 2050
  tag_recapture[Tags2007_R1_R1].detection_probability	1
  tag_recapture[Tags2007_R1_R1].dispersion	1
  tag_recapture[Tags2007_R1_R1].do_bootstrap	True
  tag_recapture[Tags2007_R1_R1].plus_group	False
  tag_recapture[Tags2007_R1_R1].proportion_mortality	0.5
  tag_recapture[Tags2007_R1_R1].r	1e-11
  tag_recapture[Tags2007_R1_R1].recaptured_2008	0 0 0 0 0 0 0 0.4 2.4 10.5 30.6 62.5 94.5 110.9 106.7 88.7 66.9 47.6 32.8 22 14.5 9.5 6.2 4.1 2.6 1.6 1 0.5 0.3 0.1 0.1 0 0 0 0 0 0 0 0
  tag_recapture[Tags2007_R1_R1].recaptured_2009	0 0 0 0 0 0 0 0.2 1.1 5 15.4 34.7 59.5 80 87.6 81.2 66.5 50.7 37 26 17.4 11 6.6 3.9 2.3 1.3 0.8 0.5 0.3 0.1 0.1 0 0 0 0 0 0 0 0
  tag_recapture[Tags2007_R1_R1].recaptured_2010	0 0 0 0 0 0 0 0 0.2 1.1 4.7 13.9 30 49.5 64.8 69.7 63.8 51.4 37.8 26.2 17.5 11.4 7.2 4.3 2.5 1.4 0.8 0.4 0.2 0.1 0.1 0 0 0 0 0 0 0 0
  tag_recapture[Tags2007_R1_R1].sample	size
  tag_recapture[Tags2007_R1_R1].scanned_2008	0 0 0 0 12 136 1004 4928 16808 41452 76582 109802 127104 124414 108320 87808 68360 51870 38544 28076 20056 14060 9686 6578 4422 2960 1978 1316 866 552 336 192 102 50 22 8 4 0 0
  tag_recapture[Tags2007_R1_R1].scanned_2009	0 0 0 0 12 136 1006 4938 16840 41528 76712 109978 127294 124582 108452 87902 68424 51912 38570 28092 20062 14056 9676 6560 4400 2936 1954 1296 850 542 330 188 100 48 22 8 2 0 0
  tag_recapture[Tags2007_R1_R1].scanned_2010	0 0 0 0 12 136 1008 4946 16870 41596 76832 110138 127460 124726 108560 87974 68470 51942 38588 28100 20064 14054 9668 6548 4386 2918 1938 1280 836 532 322 184 98 46 20 8 2 0 0
  tag_recapture[Tags2007_R1_R1].step	1
  tag_recapture[Tags2007_R1_R1].tag_name	Tags2007_R1
  tag_recapture[Tags2007_R1_R1].years	2008 2009 2010
  tag_recapture[Tags2008_R1_R1].area	R1
  tag_recapture[Tags2008_R1_R1].class_mins	100 150 200 250 300 350 400 450 500 550 600 650 700 750 800 850 900 950 1000 1050 1100 1150 1200 1250 1300 1350 1400 1450 1500 1550 1600 1650 1700 1750 1800 1850 1900 1950 2000 2050
  tag_recapture[Tags2008_R1_R1].detection_probability	1
  tag_recapture[Tags2008_R1_R1].dispersion	1
  tag_recapture[Tags2008_R1_R1].do_bootstrap	True
  tag_recapture[Tags2008_R1_R1].plus_group	False
  tag_recapture[Tags2008_R1_R1].proportion_mortality	0.5
  tag_recapture[Tags2008_R1_R1].r	1e-11
  tag_recapture[Tags2008_R1_R1].recaptured_2009	0 0 0 0 0 0 0 0.3 2.2 9.6 28.5 59.4 90.3 105.7 101 83.8 63.4 45.3 31.3 20.9 13.6 8.6 5.3 3.1 1.8 1 0.5 0.2 0.1 0 0 0 0 0 0 0 0 0 0
  tag_recapture[Tags2008_R1_R1].recaptured_2010	0 0 0 0 0 0 0 0.1 1 4.9 15.8 36.6 63 84.4 91.3 83 66.3 48.5 33.6 22.5 14.6 9.3 5.7 3.4 1.9 1 0.5 0.3 0.1 0.1 0 0 0 0 0 0 0 0 0
  tag_recapture[Tags2008_R1_R1].sample	size
  tag_recapture[Tags2008_R1_R1].scanned_2009	0 0 0 0 12 136 1006 4938 16840 41528 76712 109978 127294 124582 108452 87902 68424 51912 38570 28092 20062 14056 9676 6560 4400 2936 1954 1296 850 542 330 188 100 48 22 8 2 0 0
  tag_recapture[Tags2008_R1_R1].scanned_2010	0 0 0 0 12 136 1008 4946 16870 41596 76832 110138 127460 124726 108560 87974 68470 51942 38588 28100 20064 14054 9668 6548 4386 2918 1938 1280 836 532 322 184 98 46 20 8 2 0 0
  tag_recapture[Tags2008_R1_R1].step	1
  tag_recapture[Tags2008_R1_R1].tag_name	Tags2008_R1
  tag_recapture[Tags2008_R1_R1].years	2009 2010
  tag_recapture[Tags2009_R1_R1].area	R1
  tag_recapture[Tags2009_R1_R1].class_mins	100 150 200 250 300 350 400 450 500 550 600 650 700 750 800 850 900 950 1000 1050 1100 1150 1200 1250 1300 1350 1400 1450 1500 1550 1600 1650 1700 1750 1800 1850 1900 1950 2000 2050
  tag_recapture[Tags2009_R1_R1].detection_probability	1
  tag_recapture[Tags2009_R1_R1].dispersion	1
  tag_recapture[Tags2009_R1_R1].do_bootstrap	True
  tag_recapture[Tags2009_R1_R1].plus_group	False
  tag_recapture[Tags2009_R1_R1].proportion_mortality	0.5
  tag_recapture[Tags2009_R1_R1].r	1e-11
  tag_recapture[Tags2009_R1_R1].recaptured_2010	0 0 0 0 0 0 0 0.3 2 9 27.2 57.6 89.5 107.4 105 88.7 68.2 49.4 34 22.4 14.2 8.9 5.5 3.4 2.1 1.3 0.8 0.5 0.3 0.2 0.1 0.1 0 0 0 0 0 0 0
  tag_recapture[Tags2009_R1_R1].sample	size
  tag_recapture[Tags2009_R1_R1].scanned_2010	0 0 0 0 12 136 1008 4946 16870 41596 76832 110138 127460 124726 108560 87974 68470 51942 38588 28100 20064 14054 9668 6548 4386 2918 1938 1280 836 532 322 184 98 46 20 8 2 0 0
  tag_recapture[Tags2009_R1_R1].step	1
  tag_recapture[Tags2009_R1_R1].tag_name	Tags2009_R1
  tag_recapture[Tags2009_R1_R1].years	2010
  vector_average_penalty[1].k   	1
  vector_average_penalty[1].label	meanYCS_1
  vector_average_penalty[1].multiplier	100
  vector_average_penalty[1].vector	recruitment.YCS
Stored as DOUBLEs: 
Stored as VECTORs: 
Stored as OGIVEs: 

Population parameters:
Stored as strings: 
  annual_cycle.M_props          	1
  annual_cycle.aging_time       	1
  annual_cycle.baranov          	False
  annual_cycle.fishery_areas    	R1
  annual_cycle.fishery_names    	LL
  annual_cycle.fishery_times    	1
  annual_cycle.growth_props     	0
  annual_cycle.migrate_from     	R1
  annual_cycle.migrate_to       	R2
  annual_cycle.migration_names  	MoveRec_1_2
  annual_cycle.migration_times  	1
  annual_cycle.n_migrations     	0
  annual_cycle.recruitment_areas	R1
  annual_cycle.recruitment_time 	1
  annual_cycle.spawning_all_areas	1
  annual_cycle.spawning_p       	1
  annual_cycle.spawning_part_mort	1
  annual_cycle.spawning_time    	1
  annual_cycle.spawning_use_total_B	False
  annual_cycle.time_steps       	1
  area_names                    	R1
  current                       	2010
  final                         	2045
  first_random_year             	2007
  fishery[LL].U_max             	0.95
  fishery[LL].catches           	0 6000 6000 6000 6000 6000 6000 6000 6000 6000 6000 6000 6000 6000 6000 6000 6000 6000 6000 6000 6000
  fishery[LL].future_constant_catches	200
  fishery[LL].selectivity       	SelLL
  fishery[LL].years             	1990 1991 1992 1993 1994 1995 1996 1997 1998 1999 2000 2001 2002 2003 2004 2005 2006 2007 2008 2009 2010
  initial                       	1990
  initialization.B0             	109534
  mature_partition              	False
  maturity_props.all            	allvalues  0 0 0 0 0 0 0 0 0 0 0 0.1667 0.3333 0.5 0.6667 0.8333 1 1 1 1 1 1 1 1 1 1 1 1 1 1
  max_age                       	30
  min_age                       	1
  n_areas                       	1
  n_stocks                      	1
  n_tags                        	5
  natural_mortality.all         	0.155
  plus_group                    	True
  randomisation_method          	lognormal
  recruitment.SR                	BH
  recruitment.YCS               	1 1 1 1 1 1 1 1 1 1 1 1 1 1 1 1 1 1 1 1 1
  recruitment.YCS_years         	1989 1990 1991 1992 1993 1994 1995 1996 1997 1998 1999 2000 2001 2002 2003 2004 2005 2006 2007 2008 2009
  recruitment.first_free        	1989
  recruitment.last_free         	2006
  recruitment.p_male            	0.5
  recruitment.rho               	0
  recruitment.sigma_r           	0.6
  recruitment.steepness         	0.7
  recruitment.year_range        	1989 2006
  selectivity[SelLL].all        	double_normal 10 2 10
  selectivity_names             	SelLL
  sex_partition                 	False
  size_at_age.Linf              	2870.8
  size_at_age.by_length         	True
  size_at_age.cv                	0.1
  size_at_age.k                 	0.02056
  size_at_age.t0                	-4.2897
  size_at_age_dist              	normal
  size_at_age_type              	von_Bert
  size_based                    	False
  size_weight.a                 	2.59e-12
  size_weight.b                 	3.2064
  size_weight.verify_size_weight	500 0.5 1.5
  standardise_YCS               	True
  tag[Tags2005_R1_LL].area      	R1
  tag[Tags2005_R1_LL].class_mins	100 150 200 250 300 350 400 450 500 550 600 650 700 750 800 850 900 950 1000 1050 1100 1150 1200 1250 1300 1350 1400 1450 1500 1550 1600 1650 1700 1750 1800 1850 1900 1950 2000 2050
  tag[Tags2005_R1_LL].mature_only	False
  tag[Tags2005_R1_LL].mortality 	0.1
  tag[Tags2005_R1_LL].number    	25000
  tag[Tags2005_R1_LL].ogive     	SelLL
  tag[Tags2005_R1_LL].plus_group	False
  tag[Tags2005_R1_LL].props_all 	0 0 0 0 0 1e-04 0.0011 0.0052 0.0175 0.0431 0.0801 0.1156 0.1344 0.1316 0.1145 0.0927 0.0722 0.0548 0.0407 0.0296 0.0211 0.0148 0.0103 0.0071 0.0048 0.0032 0.0021 0.0014 9e-04 6e-04 3e-04 2e-04 1e-04 0 0 0 0 0 0
  tag[Tags2005_R1_LL].release_type	deterministic
  tag[Tags2005_R1_LL].sex       	both
  tag[Tags2005_R1_LL].step      	1
  tag[Tags2005_R1_LL].tag_name  	Tags2005_R1
  tag[Tags2005_R1_LL].year      	2005
  tag[Tags2006_R1_LL].area      	R1
  tag[Tags2006_R1_LL].class_mins	100 150 200 250 300 350 400 450 500 550 600 650 700 750 800 850 900 950 1000 1050 1100 1150 1200 1250 1300 1350 1400 1450 1500 1550 1600 1650 1700 1750 1800 1850 1900 1950 2000 2050
  tag[Tags2006_R1_LL].mature_only	False
  tag[Tags2006_R1_LL].mortality 	0.1
  tag[Tags2006_R1_LL].number    	25000
  tag[Tags2006_R1_LL].ogive     	SelLL
  tag[Tags2006_R1_LL].plus_group	False
  tag[Tags2006_R1_LL].props_all 	0 0 0 0 0 2e-04 0.0011 0.0052 0.0177 0.0439 0.0811 0.1162 0.1344 0.1316 0.1143 0.0924 0.0716 0.0541 0.0401 0.0292 0.021 0.0148 0.0103 0.007 0.0048 0.0032 0.0022 0.0015 0.001 6e-04 4e-04 2e-04 1e-04 1e-04 0 0 0 0 0
  tag[Tags2006_R1_LL].release_type	deterministic
  tag[Tags2006_R1_LL].sex       	both
  tag[Tags2006_R1_LL].step      	1
  tag[Tags2006_R1_LL].tag_name  	Tags2006_R1
  tag[Tags2006_R1_LL].year      	2006
  tag[Tags2007_R1_LL].area      	R1
  tag[Tags2007_R1_LL].class_mins	100 150 200 250 300 350 400 450 500 550 600 650 700 750 800 850 900 950 1000 1050 1100 1150 1200 1250 1300 1350 1400 1450 1500 1550 1600 1650 1700 1750 1800 1850 1900 1950 2000 2050
  tag[Tags2007_R1_LL].mature_only	False
  tag[Tags2007_R1_LL].mortality 	0.1
  tag[Tags2007_R1_LL].number    	25000
  tag[Tags2007_R1_LL].ogive     	SelLL
  tag[Tags2007_R1_LL].plus_group	False
  tag[Tags2007_R1_LL].props_all 	0 0 0 0 0 2e-04 0.0011 0.0051 0.0173 0.043 0.0799 0.1152 0.1341 0.1317 0.1147 0.0928 0.0721 0.0546 0.0406 0.0296 0.0212 0.0149 0.0104 0.0072 0.0049 0.0033 0.0023 0.0015 0.001 7e-04 4e-04 2e-04 1e-04 1e-04 0 0 0 0 0
  tag[Tags2007_R1_LL].release_type	deterministic
  tag[Tags2007_R1_LL].sex       	both
  tag[Tags2007_R1_LL].step      	1
  tag[Tags2007_R1_LL].tag_name  	Tags2007_R1
  tag[Tags2007_R1_LL].year      	2007
  tag[Tags2008_R1_LL].area      	R1
  tag[Tags2008_R1_LL].class_mins	100 150 200 250 300 350 400 450 500 550 600 650 700 750 800 850 900 950 1000 1050 1100 1150 1200 1250 1300 1350 1400 1450 1500 1550 1600 1650 1700 1750 1800 1850 1900 1950 2000 2050
  tag[Tags2008_R1_LL].mature_only	False
  tag[Tags2008_R1_LL].mortality 	0.1
  tag[Tags2008_R1_LL].number    	25000
  tag[Tags2008_R1_LL].ogive     	SelLL
  tag[Tags2008_R1_LL].plus_group	False
  tag[Tags2008_R1_LL].props_all 	0 0 0 0 0 2e-04 0.0011 0.0052 0.0179 0.0442 0.0814 0.1164 0.1346 0.1316 0.1145 0.0928 0.0721 0.0544 0.04 0.0289 0.0206 0.0144 0.01 0.0068 0.0046 0.0031 0.002 0.0013 8e-04 5e-04 3e-04 2e-04 1e-04 0 0 0 0 0 0
  tag[Tags2008_R1_LL].release_type	deterministic
  tag[Tags2008_R1_LL].sex       	both
  tag[Tags2008_R1_LL].step      	1
  tag[Tags2008_R1_LL].tag_name  	Tags2008_R1
  tag[Tags2008_R1_LL].year      	2008
  tag[Tags2009_R1_LL].area      	R1
  tag[Tags2009_R1_LL].class_mins	100 150 200 250 300 350 400 450 500 550 600 650 700 750 800 850 900 950 1000 1050 1100 1150 1200 1250 1300 1350 1400 1450 1500 1550 1600 1650 1700 1750 1800 1850 1900 1950 2000 2050
  tag[Tags2009_R1_LL].mature_only	False
  tag[Tags2009_R1_LL].mortality 	0.1
  tag[Tags2009_R1_LL].number    	25000
  tag[Tags2009_R1_LL].ogive     	SelLL
  tag[Tags2009_R1_LL].plus_group	False
  tag[Tags2009_R1_LL].props_all 	0 0 0 0 0 1e-04 0.0011 0.0052 0.0176 0.0433 0.0802 0.1152 0.1334 0.1309 0.1145 0.0931 0.0726 0.055 0.0408 0.0296 0.0211 0.0148 0.0102 0.007 0.0048 0.0032 0.0022 0.0015 0.001 6e-04 4e-04 2e-04 1e-04 1e-04 0 0 0 0 0
  tag[Tags2009_R1_LL].release_type	deterministic
  tag[Tags2009_R1_LL].sex       	both
  tag[Tags2009_R1_LL].step      	1
  tag[Tags2009_R1_LL].tag_name  	Tags2009_R1
  tag[Tags2009_R1_LL].year      	2009
  tag_growth_loss[Tags2005_R1].nogrowth_period	0
  tag_growth_loss[Tags2006_R1].nogrowth_period	0
  tag_growth_loss[Tags2007_R1].nogrowth_period	0
  tag_growth_loss[Tags2008_R1].nogrowth_period	0
  tag_growth_loss[Tags2009_R1].nogrowth_period	0
  tag_loss_props                	1
  tag_names                     	Tags2005_R1 Tags2006_R1 Tags2007_R1 Tags2008_R1 Tags2009_R1
  tag_shedding_rate             	0.0084 0.0084 0.0084 0.0084 0.0084
  y_enter                       	1
Stored as DOUBLEs: 
Stored as VECTORs: 
Stored as OGIVEs: 

Output parameters:
Stored as strings: 
  n_projections                 	100
  numbers_at[Numbers_at_age_R1].area	R1
  numbers_at[Numbers_at_age_R1].proportion_mortality	0.5
  numbers_at[Numbers_at_age_R1].step	1
  numbers_at[Numbers_at_age_R1].years	1990 1991 1992 1993 1994 1995 1996 1997 1998 1999 2000 2001 2002 2003 2004 2005 2006 2007 2008 2009 2010
  print.covariance              	true
  print.estimation_section      	true
  print.final_state             	false
  print.fits                    	true
  print.fits_every_eval         	false
  print.initial_state           	false
  print.normalised_resids       	true
  print.objective_every_eval    	false
  print.parameter_vector_every_eval	false
  print.parameters              	true
  print.parameters_every_eval   	false
  print.pearson_resids          	true
  print.requests                	false
  print.resids                  	true
  print.results                 	false
  print.state_annually          	false
  print.state_every_step        	false
  print.unused_parameters       	true
  print.yields                  	true
  quantities.B0                 	true
  quantities.R0                 	true
  quantities.SSBs               	true
  quantities.YCS                	true
  quantities.actual_catches     	false
  quantities.all_free_parameters	true
  quantities.fishing_pressures  	true
  quantities.nuisance_qs        	true
  quantities.recruitments       	true
  quantities.true_YCS           	true
Stored as DOUBLEs: 
Stored as VECTORs: 
Stored as OGIVEs: 

A fish of size 500 cm has a weight of 1.16755 kg in your model. This size-weight scale check assumes that the growth curve is in centimetres, and that the catch is in tonnes.

A fish of size 500 cm has a weight of 1.16755 kg in your model. This size-weight scale check assumes that the growth curve is in centimetres, and that the catch is in tonnes.

Estimation section :

Objective function: Bayes

Minimiser convergence threshold: 0.001


Observations:

The observations are:
LL_catchA
Tags2005_R1_R1
Tags2006_R1_R1
Tags2007_R1_R1
Tags2008_R1_R1
Tags2009_R1_R1
Fits follow:

LL_catchA :
catch proportions-at-age for fishery LL  with ageing error (constrained to sum to 1):
obs (last class is a plus group):
class 1       2       3       4       5       6       7       8       9       10      11      12      13      14      15      16      17      18      19      20      21      22      23      24      25      26      27      28      29      30      
2000 0       0       0       0.001   0.004   0.017   0.043   0.127   0.136   0.15    0.111   0.088   0.085   0.048   0.041   0.044   0.022   0.017   0.016   0.01    0.012   0.01    0.006   0       0.004   0.002   0.003   0       0       0.003   
2001 0       0       0       0       0.002   0.013   0.047   0.087   0.139   0.135   0.14    0.121   0.065   0.057   0.048   0.029   0.036   0.014   0.014   0.013   0.012   0.004   0.006   0.004   0.003   0.005   0.002   0       0       0.004   
2002 0       0       0       0       0.003   0.016   0.049   0.104   0.16    0.125   0.132   0.099   0.069   0.065   0.038   0.034   0.028   0.02    0.012   0.009   0.009   0.009   0.007   0.002   0.004   0.002   0.001   0.001   0       0.002   
2003 0       0       0       0       0.007   0.011   0.067   0.105   0.147   0.151   0.12    0.093   0.074   0.057   0.04    0.028   0.021   0.027   0.012   0.01    0.006   0.008   0.007   0.001   0.003   0       0.001   0.001   0.001   0.002   
2004 0       0       0       0.001   0.002   0.017   0.058   0.099   0.149   0.139   0.119   0.087   0.069   0.07    0.057   0.035   0.025   0.016   0.016   0.007   0.014   0.008   0.003   0.001   0.003   0.002   0       0.001   0.001   0.001   
2005 0       0       0       0.002   0.007   0.022   0.05    0.099   0.164   0.145   0.114   0.087   0.068   0.051   0.049   0.031   0.03    0.017   0.021   0.019   0.005   0.003   0.005   0.002   0.002   0.001   0.001   0.002   0       0.003   
2006 0       0       0       0.001   0.003   0.018   0.051   0.096   0.148   0.132   0.127   0.092   0.072   0.064   0.05    0.036   0.03    0.021   0.018   0.008   0.01    0.007   0.004   0.001   0.002   0.003   0.001   0.004   0       0.001   
2007 0       0       0       0.001   0.004   0.018   0.051   0.106   0.132   0.159   0.102   0.1     0.083   0.058   0.057   0.028   0.03    0.017   0.015   0.009   0.007   0.007   0.003   0.005   0.002   0.002   0.001   0.001   0.002   0       
2008 0       0       0       0.002   0.005   0.023   0.051   0.093   0.139   0.145   0.126   0.106   0.077   0.052   0.041   0.036   0.023   0.022   0.013   0.013   0.009   0.004   0.005   0.004   0.002   0.003   0.001   0.002   0       0.003   
2009 0       0       0.001   0.003   0.005   0.014   0.048   0.113   0.164   0.142   0.117   0.114   0.077   0.046   0.042   0.031   0.027   0.014   0.009   0.01    0.004   0.01    0.002   0.004   0       0       0       0       0       0.003   
2010 0       0       0       0.001   0.004   0.014   0.042   0.104   0.142   0.167   0.122   0.087   0.073   0.054   0.048   0.039   0.03    0.016   0.013   0.012   0.006   0.006   0.007   0.005   0.001   0       0       0.001   0.001   0.005   
objective function: multinomial likelihood, with delta = 1e-011, N =
100 100 100 100 100 100 100 100 100 100 100 100 100 100 100 100 100 100 100 100 100 100 100 100 100 100 100 100 100 100 
100 100 100 100 100 100 100 100 100 100 100 100 100 100 100 100 100 100 100 100 100 100 100 100 100 100 100 100 100 100 
100 100 100 100 100 100 100 100 100 100 100 100 100 100 100 100 100 100 100 100 100 100 100 100 100 100 100 100 100 100 
100 100 100 100 100 100 100 100 100 100 100 100 100 100 100 100 100 100 100 100 100 100 100 100 100 100 100 100 100 100 
100 100 100 100 100 100 100 100 100 100 100 100 100 100 100 100 100 100 100 100 100 100 100 100 100 100 100 100 100 100 
100 100 100 100 100 100 100 100 100 100 100 100 100 100 100 100 100 100 100 100 100 100 100 100 100 100 100 100 100 100 
100 100 100 100 100 100 100 100 100 100 100 100 100 100 100 100 100 100 100 100 100 100 100 100 100 100 100 100 100 100 
100 100 100 100 100 100 100 100 100 100 100 100 100 100 100 100 100 100 100 100 100 100 100 100 100 100 100 100 100 100 
100 100 100 100 100 100 100 100 100 100 100 100 100 100 100 100 100 100 100 100 100 100 100 100 100 100 100 100 100 100 
100 100 100 100 100 100 100 100 100 100 100 100 100 100 100 100 100 100 100 100 100 100 100 100 100 100 100 100 100 100 
100 100 100 100 100 100 100 100 100 100 100 100 100 100 100 100 100 100 100 100 100 100 100 100 100 100 100 100 100 100 

Tags2005_R1_R1 :
tag-recapture data for tag Tags2005_R1 in years 2006 2007 2008 2009 2010 , step 1, after proportion 0.5 of mortality, with sampling method size, detection probability 1.
Year 2006
class scanned recaptured
100 0 0
150 0 0
200 0 0
250 0 0
300 12 0
350 136 0
400 1000 0
450 4906 0.3
500 16734 2.2
550 41272 9.6
600 76258 28
650 109356 57.8
700 126608 88.3
750 123954 105
800 107946 102.7
850 87526 87.2
900 68156 67.8
950 51728 50.2
1000 38450 36.1
1050 28026 25.3
1100 20046 16.9
1150 14082 10.6
1200 9736 6.1
1250 6646 3.3
1300 4498 1.7
1350 3034 0.9
1400 2042 0.5
1450 1368 0.3
1500 904 0.2
1550 578 0.1
1600 352 0.1
1650 200 0
1700 106 0
1750 52 0
1800 22 0
1850 8 0
1900 4 0
1950 2 0
2000 0 0


Year 2007
class scanned recaptured
100 0 0
150 0 0
200 0 0
250 0 0
300 12 0
350 136 0
400 1002 0
450 4918 0.1
500 16774 1
550 41370 4.6
600 76434 14.9
650 109600 34.5
700 126882 59
750 124210 77.7
800 108156 83.1
850 87686 76
900 68274 62.3
950 51810 47.1
1000 38504 33.4
1050 28054 22.4
1100 20050 14.4
1150 14066 9
1200 9704 5.5
1250 6604 3.2
1300 4454 1.8
1350 2992 1
1400 2006 0.5
1450 1340 0.2
1500 884 0.1
1550 564 0
1600 344 0
1650 196 0
1700 104 0
1750 50 0
1800 22 0
1850 8 0
1900 4 0
1950 0 0
2000 0 0


Year 2008
class scanned recaptured
100 0 0
150 0 0
200 0 0
250 0 0
300 12 0
350 136 0
400 1004 0
450 4928 0
500 16808 0.3
550 41452 1.8
600 76582 6.3
650 109802 16.4
700 127104 32.6
750 124414 51.5
800 108320 66.3
850 87808 71.4
900 68360 65.8
950 51870 53.6
1000 38544 39.7
1050 28076 27.6
1100 20056 18.4
1150 14060 11.9
1200 9686 7.6
1250 6578 4.7
1300 4422 2.8
1350 2960 1.6
1400 1978 0.9
1450 1316 0.5
1500 866 0.2
1550 552 0.1
1600 336 0
1650 192 0
1700 102 0
1750 50 0
1800 22 0
1850 8 0
1900 4 0
1950 0 0
2000 0 0


Year 2009
class scanned recaptured
100 0 0
150 0 0
200 0 0
250 0 0
300 12 0
350 136 0
400 1006 0
450 4938 0
500 16840 0.1
550 41528 0.6
600 76712 2.7
650 109978 8
700 127294 18.1
750 124582 32.1
800 108452 46.1
850 87902 55.1
900 68424 56
950 51912 49.4
1000 38570 39
1050 28092 28.3
1100 20062 19.6
1150 14056 13.2
1200 9676 8.8
1250 6560 5.7
1300 4400 3.6
1350 2936 2.2
1400 1954 1.2
1450 1296 0.7
1500 850 0.3
1550 542 0.2
1600 330 0.1
1650 188 0
1700 100 0
1750 48 0
1800 22 0
1850 8 0
1900 2 0
1950 0 0
2000 0 0


Year 2010
class scanned recaptured
100 0 0
150 0 0
200 0 0
250 0 0
300 12 0
350 136 0
400 1008 0
450 4946 0
500 16870 0
550 41596 0.2
600 76832 0.8
650 110138 2.8
700 127460 7.8
750 124726 16.3
800 108560 27
850 87974 36.2
900 68470 40.2
950 51942 37.9
1000 38588 31.3
1050 28100 23.4
1100 20064 16.5
1150 14054 11.3
1200 9668 7.5
1250 6548 4.8
1300 4386 3
1350 2918 1.8
1400 1938 1
1450 1280 0.6
1500 836 0.3
1550 532 0.2
1600 322 0.1
1650 184 0
1700 98 0
1750 46 0
1800 20 0
1850 8 0
1900 2 0
1950 0 0
2000 0 0


Tags2006_R1_R1 :
tag-recapture data for tag Tags2006_R1 in years 2007 2008 2009 2010 , step 1, after proportion 0.5 of mortality, with sampling method size, detection probability 1.
Year 2007
class scanned recaptured
100 0 0
150 0 0
200 0 0
250 0 0
300 12 0
350 136 0
400 1002 0
450 4918 0.4
500 16774 2.5
550 41370 10.1
600 76434 27.6
650 109600 54.3
700 126882 80.8
750 124210 95.1
800 108156 92.7
850 87686 78.5
900 68274 60.9
950 51810 44.8
1000 38504 31.7
1050 28054 21.5
1100 20050 14
1150 14066 8.8
1200 9704 5.5
1250 6604 3.5
1300 4454 2.2
1350 2992 1.3
1400 2006 0.8
1450 1340 0.5
1500 884 0.3
1550 564 0.1
1600 344 0.1
1650 196 0
1700 104 0
1750 50 0
1800 22 0
1850 8 0
1900 4 0
1950 0 0
2000 0 0


Year 2008
class scanned recaptured
100 0 0
150 0 0
200 0 0
250 0 0
300 12 0
350 136 0
400 1004 0
450 4928 0.1
500 16808 0.9
550 41452 4.1
600 76582 13.3
650 109802 31.5
700 127104 56.3
750 124414 78.4
800 108320 88.5
850 87808 84.2
900 68360 70.5
950 51870 54
1000 38544 38.8
1050 28076 26.5
1100 20056 17.2
1150 14060 10.7
1200 9686 6.3
1250 6578 3.6
1300 4422 2
1350 2960 1.1
1400 1978 0.5
1450 1316 0.3
1500 866 0.1
1550 552 0
1600 336 0
1650 192 0
1700 102 0
1750 50 0
1800 22 0
1850 8 0
1900 4 0
1950 0 0
2000 0 0


Year 2009
class scanned recaptured
100 0 0
150 0 0
200 0 0
250 0 0
300 12 0
350 136 0
400 1006 0
450 4938 0.1
500 16840 0.4
550 41528 2
600 76712 6.7
650 109978 16.9
700 127294 32.8
750 124582 50.9
800 108452 64.7
850 87902 68.7
900 68424 62.7
950 51912 50.5
1000 38570 37.3
1050 28092 26.2
1100 20062 18
1150 14056 12.1
1200 9676 7.8
1250 6560 4.8
1300 4400 2.8
1350 2936 1.6
1400 1954 0.9
1450 1296 0.5
1500 850 0.3
1550 542 0.1
1600 330 0.1
1650 188 0
1700 100 0
1750 48 0
1800 22 0
1850 8 0
1900 2 0
1950 0 0
2000 0 0


Year 2010
class scanned recaptured
100 0 0
150 0 0
200 0 0
250 0 0
300 12 0
350 136 0
400 1008 0
450 4946 0
500 16870 0.1
550 41596 0.5
600 76832 2.1
650 110138 6.1
700 127460 13.8
750 124726 24.8
800 108560 36.5
850 87974 44.3
900 68470 45.3
950 51942 40.1
1000 38588 32
1050 28100 23.8
1100 20064 16.8
1150 14054 11.2
1200 9668 7.1
1250 6548 4.3
1300 4386 2.5
1350 2918 1.4
1400 1938 0.8
1450 1280 0.5
1500 836 0.3
1550 532 0.2
1600 322 0.2
1650 184 0.1
1700 98 0.1
1750 46 0
1800 20 0
1850 8 0
1900 2 0
1950 0 0
2000 0 0


Tags2007_R1_R1 :
tag-recapture data for tag Tags2007_R1 in years 2008 2009 2010 , step 1, after proportion 0.5 of mortality, with sampling method size, detection probability 1.
Year 2008
class scanned recaptured
100 0 0
150 0 0
200 0 0
250 0 0
300 12 0
350 136 0
400 1004 0
450 4928 0.4
500 16808 2.4
550 41452 10.5
600 76582 30.6
650 109802 62.5
700 127104 94.5
750 124414 110.9
800 108320 106.7
850 87808 88.7
900 68360 66.9
950 51870 47.6
1000 38544 32.8
1050 28076 22
1100 20056 14.5
1150 14060 9.5
1200 9686 6.2
1250 6578 4.1
1300 4422 2.6
1350 2960 1.6
1400 1978 1
1450 1316 0.5
1500 866 0.3
1550 552 0.1
1600 336 0.1
1650 192 0
1700 102 0
1750 50 0
1800 22 0
1850 8 0
1900 4 0
1950 0 0
2000 0 0


Year 2009
class scanned recaptured
100 0 0
150 0 0
200 0 0
250 0 0
300 12 0
350 136 0
400 1006 0
450 4938 0.2
500 16840 1.1
550 41528 5
600 76712 15.4
650 109978 34.7
700 127294 59.5
750 124582 80
800 108452 87.6
850 87902 81.2
900 68424 66.5
950 51912 50.7
1000 38570 37
1050 28092 26
1100 20062 17.4
1150 14056 11
1200 9676 6.6
1250 6560 3.9
1300 4400 2.3
1350 2936 1.3
1400 1954 0.8
1450 1296 0.5
1500 850 0.3
1550 542 0.1
1600 330 0.1
1650 188 0
1700 100 0
1750 48 0
1800 22 0
1850 8 0
1900 2 0
1950 0 0
2000 0 0


Year 2010
class scanned recaptured
100 0 0
150 0 0
200 0 0
250 0 0
300 12 0
350 136 0
400 1008 0
450 4946 0
500 16870 0.2
550 41596 1.1
600 76832 4.7
650 110138 13.9
700 127460 30
750 124726 49.5
800 108560 64.8
850 87974 69.7
900 68470 63.8
950 51942 51.4
1000 38588 37.8
1050 28100 26.2
1100 20064 17.5
1150 14054 11.4
1200 9668 7.2
1250 6548 4.3
1300 4386 2.5
1350 2918 1.4
1400 1938 0.8
1450 1280 0.4
1500 836 0.2
1550 532 0.1
1600 322 0.1
1650 184 0
1700 98 0
1750 46 0
1800 20 0
1850 8 0
1900 2 0
1950 0 0
2000 0 0


Tags2008_R1_R1 :
tag-recapture data for tag Tags2008_R1 in years 2009 2010 , step 1, after proportion 0.5 of mortality, with sampling method size, detection probability 1.
Year 2009
class scanned recaptured
100 0 0
150 0 0
200 0 0
250 0 0
300 12 0
350 136 0
400 1006 0
450 4938 0.3
500 16840 2.2
550 41528 9.6
600 76712 28.5
650 109978 59.4
700 127294 90.3
750 124582 105.7
800 108452 101
850 87902 83.8
900 68424 63.4
950 51912 45.3
1000 38570 31.3
1050 28092 20.9
1100 20062 13.6
1150 14056 8.6
1200 9676 5.3
1250 6560 3.1
1300 4400 1.8
1350 2936 1
1400 1954 0.5
1450 1296 0.2
1500 850 0.1
1550 542 0
1600 330 0
1650 188 0
1700 100 0
1750 48 0
1800 22 0
1850 8 0
1900 2 0
1950 0 0
2000 0 0


Year 2010
class scanned recaptured
100 0 0
150 0 0
200 0 0
250 0 0
300 12 0
350 136 0
400 1008 0
450 4946 0.1
500 16870 1
550 41596 4.9
600 76832 15.8
650 110138 36.6
700 127460 63
750 124726 84.4
800 108560 91.3
850 87974 83
900 68470 66.3
950 51942 48.5
1000 38588 33.6
1050 28100 22.5
1100 20064 14.6
1150 14054 9.3
1200 9668 5.7
1250 6548 3.4
1300 4386 1.9
1350 2918 1
1400 1938 0.5
1450 1280 0.3
1500 836 0.1
1550 532 0.1
1600 322 0
1650 184 0
1700 98 0
1750 46 0
1800 20 0
1850 8 0
1900 2 0
1950 0 0
2000 0 0


Tags2009_R1_R1 :
tag-recapture data for tag Tags2009_R1 in years 2010 , step 1, after proportion 0.5 of mortality, with sampling method size, detection probability 1.
Year 2010
class scanned recaptured
100 0 0
150 0 0
200 0 0
250 0 0
300 12 0
350 136 0
400 1008 0
450 4946 0.3
500 16870 2
550 41596 9
600 76832 27.2
650 110138 57.6
700 127460 89.5
750 124726 107.4
800 108560 105
850 87974 88.7
900 68470 68.2
950 51942 49.4
1000 38588 34
1050 28100 22.4
1100 20064 14.2
1150 14054 8.9
1200 9668 5.5
1250 6548 3.4
1300 4386 2.1
1350 2918 1.3
1400 1938 0.8
1450 1280 0.5
1500 836 0.3
1550 532 0.2
1600 322 0.1
1650 184 0.1
1700 98 0
1750 46 0
1800 20 0
1850 8 0
1900 2 0
1950 0 0
2000 0 0



Ageing_error:
  Misclassification matrix:
1 0 0 0 0 0 0 0 0 0 0 0 0 0 0 0 0 0 0 0 0 0 0 0 0 0 0 0 0 0 
0 1 0 0 0 0 0 0 0 0 0 0 0 0 0 0 0 0 0 0 0 0 0 0 0 0 0 0 0 0 
0 0 1 0 0 0 0 0 0 0 0 0 0 0 0 0 0 0 0 0 0 0 0 0 0 0 0 0 0 0 
0 0 0 1 0 0 0 0 0 0 0 0 0 0 0 0 0 0 0 0 0 0 0 0 0 0 0 0 0 0 
0 0 0 0 1 0 0 0 0 0 0 0 0 0 0 0 0 0 0 0 0 0 0 0 0 0 0 0 0 0 
0 0 0 0 0 1 0 0 0 0 0 0 0 0 0 0 0 0 0 0 0 0 0 0 0 0 0 0 0 0 
0 0 0 0 0 0 1 0 0 0 0 0 0 0 0 0 0 0 0 0 0 0 0 0 0 0 0 0 0 0 
0 0 0 0 0 0 0 1 0 0 0 0 0 0 0 0 0 0 0 0 0 0 0 0 0 0 0 0 0 0 
0 0 0 0 0 0 0 0 1 0 0 0 0 0 0 0 0 0 0 0 0 0 0 0 0 0 0 0 0 0 
0 0 0 0 0 0 0 0 0 1 0 0 0 0 0 0 0 0 0 0 0 0 0 0 0 0 0 0 0 0 
0 0 0 0 0 0 0 0 0 0 1 0 0 0 0 0 0 0 0 0 0 0 0 0 0 0 0 0 0 0 
0 0 0 0 0 0 0 0 0 0 0 1 0 0 0 0 0 0 0 0 0 0 0 0 0 0 0 0 0 0 
0 0 0 0 0 0 0 0 0 0 0 0 1 0 0 0 0 0 0 0 0 0 0 0 0 0 0 0 0 0 
0 0 0 0 0 0 0 0 0 0 0 0 0 1 0 0 0 0 0 0 0 0 0 0 0 0 0 0 0 0 
0 0 0 0 0 0 0 0 0 0 0 0 0 0 1 0 0 0 0 0 0 0 0 0 0 0 0 0 0 0 
0 0 0 0 0 0 0 0 0 0 0 0 0 0 0 1 0 0 0 0 0 0 0 0 0 0 0 0 0 0 
0 0 0 0 0 0 0 0 0 0 0 0 0 0 0 0 1 0 0 0 0 0 0 0 0 0 0 0 0 0 
0 0 0 0 0 0 0 0 0 0 0 0 0 0 0 0 0 1 0 0 0 0 0 0 0 0 0 0 0 0 
0 0 0 0 0 0 0 0 0 0 0 0 0 0 0 0 0 0 1 0 0 0 0 0 0 0 0 0 0 0 
0 0 0 0 0 0 0 0 0 0 0 0 0 0 0 0 0 0 0 1 0 0 0 0 0 0 0 0 0 0 
0 0 0 0 0 0 0 0 0 0 0 0 0 0 0 0 0 0 0 0 1 0 0 0 0 0 0 0 0 0 
0 0 0 0 0 0 0 0 0 0 0 0 0 0 0 0 0 0 0 0 0 1 0 0 0 0 0 0 0 0 
0 0 0 0 0 0 0 0 0 0 0 0 0 0 0 0 0 0 0 0 0 0 1 0 0 0 0 0 0 0 
0 0 0 0 0 0 0 0 0 0 0 0 0 0 0 0 0 0 0 0 0 0 0 1 0 0 0 0 0 0 
0 0 0 0 0 0 0 0 0 0 0 0 0 0 0 0 0 0 0 0 0 0 0 0 1 0 0 0 0 0 
0 0 0 0 0 0 0 0 0 0 0 0 0 0 0 0 0 0 0 0 0 0 0 0 0 1 0 0 0 0 
0 0 0 0 0 0 0 0 0 0 0 0 0 0 0 0 0 0 0 0 0 0 0 0 0 0 1 0 0 0 
0 0 0 0 0 0 0 0 0 0 0 0 0 0 0 0 0 0 0 0 0 0 0 0 0 0 0 1 0 0 
0 0 0 0 0 0 0 0 0 0 0 0 0 0 0 0 0 0 0 0 0 0 0 0 0 0 0 0 1 0 
0 0 0 0 0 0 0 0 0 0 0 0 0 0 0 0 0 0 0 0 0 0 0 0 0 0 0 0 0 1 

Free parameters:

initialization.B0
uniform: bounds from 5000 to 500000
current value: 109534
lower bound: 5000
upper bound: 500000


Q's:
qs are nuisance parameters

Penalties:
LL_Penalty :
Catch limit penalty of 1000 x the sum of squares of (log(actual catch) - log(specified catch)) for fishery LL to disencourage breaking exploitation rate limits
meanYCS_1 :
Vector average penalty of 100 x square of (mean(recruitment.YCS) - 1) 
Penalty_Tags2005_R1_LL :
'Fish-must-be-tagged' penalty of 1 x square of (actual number of tagged fish - nominal number of tagged fish) for tagging episode Tags2005_R1_LL
Penalty_Tags2006_R1_LL :
'Fish-must-be-tagged' penalty of 1 x square of (actual number of tagged fish - nominal number of tagged fish) for tagging episode Tags2006_R1_LL
Penalty_Tags2007_R1_LL :
'Fish-must-be-tagged' penalty of 1 x square of (actual number of tagged fish - nominal number of tagged fish) for tagging episode Tags2007_R1_LL
Penalty_Tags2008_R1_LL :
'Fish-must-be-tagged' penalty of 1 x square of (actual number of tagged fish - nominal number of tagged fish) for tagging episode Tags2008_R1_LL
Penalty_Tags2009_R1_LL :
'Fish-must-be-tagged' penalty of 1 x square of (actual number of tagged fish - nominal number of tagged fish) for tagging episode Tags2009_R1_LL

Components of the objective function are:
  LL_catchA
  Tags2005_R1_R1
  Tags2006_R1_R1
  Tags2007_R1_R1
  Tags2008_R1_R1
  Tags2009_R1_R1
  prior_on_initialization.B0
  LL_Penalty
  meanYCS_1
  Penalty_Tags2005_R1_LL
  Penalty_Tags2006_R1_LL
  Penalty_Tags2007_R1_LL
  Penalty_Tags2008_R1_LL
  Penalty_Tags2009_R1_LL

Random number seed : 54484


Minimiser achieved convergence after 13 quasi-Newton iterations using 16 objective function evaluations



Approximate Covariance matrix (Inverse Hessian of parameters at point estimate):
3.57561e+006 

Correlation matrix:
1 

List of parameter names, in the same order as the rows & cols of the covariance/correlation matrices:
initialization.B0 



Start extracting output from here

Point estimate:
initialization.B0
current value: 202344
lower bound: 5000
upper bound: 500000


In a format suitable for -i :

initialization.B0 
202344 

Objective function : 1120.2

Components :
LL_catchA                                          323.684
Tags2005_R1_R1                                     246.412
Tags2006_R1_R1                                     211.313
Tags2007_R1_R1                                     166.706
Tags2008_R1_R1                                     114.102
Tags2009_R1_R1                                     57.9809
prior_on_initialization.B0                         0
LL_Penalty                                         0
meanYCS_1                                          0
Penalty_Tags2005_R1_LL                             1.32349e-023
Penalty_Tags2006_R1_LL                             5.29396e-023
Penalty_Tags2007_R1_LL                             0
Penalty_Tags2008_R1_LL                             0
Penalty_Tags2009_R1_LL                             5.29396e-023

Fits : 

The observations are:
LL_catchA
Tags2005_R1_R1
Tags2006_R1_R1
Tags2007_R1_R1
Tags2008_R1_R1
Tags2009_R1_R1
Fits follow:

LL_catchA :
catch proportions-at-age for fishery LL  with ageing error (constrained to sum to 1):
obs (last class is a plus group):
class 1       2       3       4       5       6       7       8       9       10      11      12      13      14      15      16      17      18      19      20      21      22      23      24      25      26      27      28      29      30      
2000 0       0       0       0.001   0.004   0.017   0.043   0.127   0.136   0.15    0.111   0.088   0.085   0.048   0.041   0.044   0.022   0.017   0.016   0.01    0.012   0.01    0.006   0       0.004   0.002   0.003   0       0       0.003   
2001 0       0       0       0       0.002   0.013   0.047   0.087   0.139   0.135   0.14    0.121   0.065   0.057   0.048   0.029   0.036   0.014   0.014   0.013   0.012   0.004   0.006   0.004   0.003   0.005   0.002   0       0       0.004   
2002 0       0       0       0       0.003   0.016   0.049   0.104   0.16    0.125   0.132   0.099   0.069   0.065   0.038   0.034   0.028   0.02    0.012   0.009   0.009   0.009   0.007   0.002   0.004   0.002   0.001   0.001   0       0.002   
2003 0       0       0       0       0.007   0.011   0.067   0.105   0.147   0.151   0.12    0.093   0.074   0.057   0.04    0.028   0.021   0.027   0.012   0.01    0.006   0.008   0.007   0.001   0.003   0       0.001   0.001   0.001   0.002   
2004 0       0       0       0.001   0.002   0.017   0.058   0.099   0.149   0.139   0.119   0.087   0.069   0.07    0.057   0.035   0.025   0.016   0.016   0.007   0.014   0.008   0.003   0.001   0.003   0.002   0       0.001   0.001   0.001   
2005 0       0       0       0.002   0.007   0.022   0.05    0.099   0.164   0.145   0.114   0.087   0.068   0.051   0.049   0.031   0.03    0.017   0.021   0.019   0.005   0.003   0.005   0.002   0.002   0.001   0.001   0.002   0       0.003   
2006 0       0       0       0.001   0.003   0.018   0.051   0.096   0.148   0.132   0.127   0.092   0.072   0.064   0.05    0.036   0.03    0.021   0.018   0.008   0.01    0.007   0.004   0.001   0.002   0.003   0.001   0.004   0       0.001   
2007 0       0       0       0.001   0.004   0.018   0.051   0.106   0.132   0.159   0.102   0.1     0.083   0.058   0.057   0.028   0.03    0.017   0.015   0.009   0.007   0.007   0.003   0.005   0.002   0.002   0.001   0.001   0.002   0       
2008 0       0       0       0.002   0.005   0.023   0.051   0.093   0.139   0.145   0.126   0.106   0.077   0.052   0.041   0.036   0.023   0.022   0.013   0.013   0.009   0.004   0.005   0.004   0.002   0.003   0.001   0.002   0       0.003   
2009 0       0       0.001   0.003   0.005   0.014   0.048   0.113   0.164   0.142   0.117   0.114   0.077   0.046   0.042   0.031   0.027   0.014   0.009   0.01    0.004   0.01    0.002   0.004   0       0       0       0       0       0.003   
2010 0       0       0       0.001   0.004   0.014   0.042   0.104   0.142   0.167   0.122   0.087   0.073   0.054   0.048   0.039   0.03    0.016   0.013   0.012   0.006   0.006   0.007   0.005   0.001   0       0       0.001   0.001   0.005   
fits (last class is a plus group):
class 1       2       3       4       5       6       7       8       9       10      11      12      13      14      15      16      17      18      19      20      21      22      23      24      25      26      27      28      29      30      
2000 4.81781e-007 7.87312e-006 9.0973e-005 0.000743225 0.00429263 0.0175202 0.0504546 0.102119 0.14444 0.142483 0.116493 0.0940214 0.074958 0.0590663 0.0460405 0.0355575 0.0273046 0.0209479 0.0160828 0.0122776 0.00926493 0.00690674 0.00508309 0.00369094 0.00264272 0.00186489 0.00129646 0.000887625 0.000598368 0.00286293 
2001 4.82983e-007 7.89266e-006 9.12022e-005 0.000745165 0.00430443 0.0175715 0.0506114 0.102449 0.144903 0.142903 0.116942 0.0943218 0.0751433 0.0591644 0.0460645 0.0354914 0.0271023 0.0205823 0.0156185 0.0118607 0.00895562 0.00668353 0.00492656 0.00358438 0.00257238 0.00181991 0.00126866 0.000871039 0.00058884 0.00285062 
2002 4.83956e-007 7.90819e-006 9.13805e-005 0.000746649 0.00431338 0.0176104 0.0507314 0.102704 0.145263 0.143233 0.117174 0.0945946 0.0753114 0.059255 0.0460987 0.0354782 0.0270284 0.0204127 0.0153335 0.0115094 0.00864511 0.0064558 0.00476408 0.00347171 0.00249652 0.00177038 0.00123732 0.000851865 0.000577507 0.00283225 
2003 4.84781e-007 7.92112e-006 9.15257e-005 0.000747827 0.00432034 0.0176403 0.0508234 0.1029  0.145542 0.143488 0.117354 0.0947097 0.0754722 0.0593435 0.0461358 0.0354796 0.0270001 0.0203439 0.0151977 0.0112927 0.00838428 0.00622859 0.00459938 0.00335555 0.0024169 0.00171739 0.00120312 0.000830469 0.000564558 0.00280793 
2004 4.85521e-007 7.93255e-006 9.16513e-005 0.000748818 0.00432602 0.017664 0.0508953 0.103053 0.145758 0.143685 0.117492 0.0947976 0.0755188 0.0594353 0.0461784 0.0354886 0.0269868 0.0203122 0.0151391 0.0111876 0.00822286 0.0060382 0.00443579 0.00323836 0.00233522 0.00166206 0.00116673 0.000807261 0.000550215 0.00277781 
2005 4.86221e-007 7.94324e-006 9.17672e-005 0.000749712 0.00433098 0.017684 0.0509537 0.103174 0.145925 0.143834 0.117595 0.0948628 0.0755526 0.0594441 0.0462288 0.0355057 0.0269824 0.0202942 0.0151099 0.0111405 0.00814362 0.00592011 0.00429895 0.00312233 0.00225308 0.00160551 0.00112889 0.000782677 0.000534727 0.00274204 
2006 4.86951e-007 7.95443e-006 9.18878e-005 0.000750635 0.004336 0.0177036 0.0510085 0.103281 0.146064 0.143947 0.117666 0.0949043 0.0755715 0.0594454 0.0462167 0.0355307 0.0269857 0.0202841 0.015092 0.011116 0.00810742 0.00586182 0.0042141 0.00302552 0.00217205 0.00154885 0.00109036 0.000757223 0.000518403 0.00270108 
2007 4.87687e-007 7.96563e-006 9.20087e-005 0.000751553 0.00434094 0.0177225 0.0510596 0.103377 0.146183 0.144038 0.117716 0.0949273 0.0755777 0.0594397 0.0462023 0.0355102 0.0269965 0.0202809 0.0150805 0.0111001 0.00808776 0.00583455 0.0041718 0.00296528 0.00210437 0.00149293 0.00105174 0.000731287 0.000501483 0.00265499 
2008 4.88439e-007 7.97707e-006 9.21312e-005 0.000752484 0.00434591 0.0177412 0.0511093 0.103467 0.14629 0.144116 0.117753 0.0949367 0.0755719 0.059426 0.0461839 0.0354889 0.0269736 0.0202839 0.0150745 0.0110892 0.00807453 0.00581932 0.00415169 0.00293507 0.00206218 0.00144622 0.00101364 0.000705305 0.000484256 0.00260416 
2009 4.89212e-007 7.98882e-006 9.22572e-005 0.000753434 0.00435099 0.0177603 0.0511592 0.103556 0.146392 0.144184 0.117781 0.0949379 0.0755569 0.0594041 0.0461603 0.0354653 0.0269506 0.0202618 0.0150734 0.0110826 0.00806512 0.00580882 0.00414022 0.00292051 0.00204091 0.00141706 0.000981823 0.00067969 0.000467008 0.00254911 
2010 4.90006e-007 8.00092e-006 9.23868e-005 0.000754412 0.00435619 0.0177798 0.0512099 0.103645 0.146492 0.144248 0.117803 0.0949334 0.0755364 0.0593757 0.0461308 0.0354379 0.026926 0.0202398 0.0150537 0.0110795 0.0080588 0.00580107 0.00413211 0.00291203 0.00203052 0.00140227 0.000961921 0.000658287 0.000450004 0.00249043 
resids (last class is a plus group):
class 1       2       3       4       5       6       7       8       9       10      11      12      13      14      15      16      17      18      19      20      21      22      23      24      25      26      27      28      29      30      
2000 -4.81781e-007 -7.87312e-006 -9.0973e-005 0.000256775 -0.000292629 -0.000520237 -0.0074546 0.0248813 -0.00844045 0.0075171 -0.00549266 -0.00602143 0.010042 -0.0110663 -0.00504047 0.00844248 -0.00530455 -0.00394792 -8.27658e-005 -0.0022776 0.00273507 0.00309326 0.000916906 -0.00369094 0.00135728 0.000135115 0.00170354 -0.000887625 -0.000598368 0.000137073 
2001 -4.82983e-007 -7.89266e-006 -9.12022e-005 -0.000745165 -0.00230443 -0.00457147 -0.00361143 -0.0154489 -0.00590267 -0.00790348 0.0230578 0.0266782 -0.0101433 -0.00216444 0.00193546 -0.00649139 0.00889775 -0.0065823 -0.00161846 0.00113929 0.00304438 -0.00268353 0.00107344 0.00041562 0.000427624 0.00318009 0.000731342 -0.000871039 -0.00058884 0.00114938 
2002 -4.83956e-007 -7.90819e-006 -9.13805e-005 -0.000746649 -0.00131338 -0.00161039 -0.00173138 0.00129597 0.0147367 -0.0182326 0.0148259 0.00440545 -0.0063114 0.00574498 -0.00809869 -0.00147819 0.000971585 -0.000412728 -0.00333351 -0.00250939 0.000354889 0.0025442 0.00223592 -0.00147171 0.00150348 0.00022962 -0.000237324 0.000148135 -0.000577507 -0.000832249 
2003 -4.84781e-007 -7.92112e-006 -9.15257e-005 -0.000747827 0.00267966 -0.0066403 0.0161766 0.00209954 0.0014576 0.00751177 0.00264609 -0.0017097 -0.00147215 -0.00234352 -0.00613583 -0.00747956 -0.00600006 0.00665614 -0.0031977 -0.00129268 -0.00238428 0.00177141 0.00240062 -0.00235555 0.0005831 -0.00171739 -0.000203116 0.000169531 0.000435442 -0.000807931 
2004 -4.85521e-007 -7.93255e-006 -9.16513e-005 0.000251182 -0.00232602 -0.000664042 0.00710473 -0.00405276 0.00324221 -0.00468464 0.0015082 -0.00779758 -0.00651878 0.0105647 0.0108216 -0.000488559 -0.00198679 -0.00431223 0.000860861 -0.00418756 0.00577714 0.0019618 -0.00143579 -0.00223836 0.00066478 0.000337935 -0.00116673 0.000192739 0.000449785 -0.00177781 
2005 -4.86221e-007 -7.94324e-006 -9.17672e-005 0.00125029 0.00266902 0.00431599 -0.000953717 -0.00417357 0.0180747 0.00116566 -0.00359517 -0.00786282 -0.00755261 -0.00844413 0.00277125 -0.00450574 0.00301763 -0.00329421 0.00589006 0.00785948 -0.00314362 -0.00292011 0.000701049 -0.00112233 -0.000253083 -0.000605507 -0.000128887 0.00121732 -0.000534727 0.00025796 
2006 -4.86951e-007 -7.95443e-006 -9.18878e-005 0.000249365 -0.001336 0.000296369 -8.54021e-006 -0.00728071 0.00193629 -0.011947 0.00933393 -0.00290433 -0.00357152 0.0045546 0.00378329 0.000469263 0.00301431 0.00071586 0.00290803 -0.00311602 0.00189258 0.00113818 -0.000214098 -0.00202552 -0.000172053 0.00145115 -9.03613e-005 0.00324278 -0.000518403 -0.00170108 
2007 -4.87687e-007 -7.96563e-006 -9.20087e-005 0.000248447 -0.000340937 0.000277528 -5.95704e-005 0.00262332 -0.0141829 0.0149618 -0.0157158 0.00507266 0.00742225 -0.00143971 0.0107977 -0.00751017 0.00300345 -0.00328089 -8.05018e-005 -0.00210008 -0.00108776 0.00116545 -0.0011718 0.00203472 -0.000104369 0.000507074 -5.17386e-005 0.000268713 0.00149852 -0.00265499 
2008 -4.88439e-007 -7.97707e-006 -9.21312e-005 0.00124752 0.000654091 0.00525876 -0.000109296 -0.0104672 -0.00729031 0.000884472 0.0082475 0.0110633 0.00142813 -0.00742603 -0.00518393 0.000511147 -0.00397357 0.00171613 -0.0020745 0.0019108 0.000925469 -0.00181932 0.000848305 0.00106493 -6.21797e-005 0.00155378 -1.36422e-005 0.00129469 -0.000484256 0.000395837 
2009 -4.89212e-007 -7.98882e-006 0.000907743 0.00224657 0.000649007 -0.00376028 -0.00315918 0.00944402 0.0176081 -0.00218389 -0.000780501 0.0190621 0.0014431 -0.0134041 -0.00416034 -0.00446526 4.94417e-005 -0.0062618 -0.0060734 -0.00108255 -0.00406512 0.00419118 -0.00214022 0.00107949 -0.00204091 -0.00141706 -0.000981823 -0.00067969 -0.000467008 0.000450886 
2010 -4.90006e-007 -8.00092e-006 -9.23868e-005 0.000245588 -0.000356186 -0.00377978 -0.0092099 0.000354636 -0.00449194 0.022752 0.00419727 -0.00793342 -0.00253643 -0.00537574 0.00186923 0.00356209 0.00307402 -0.00423982 -0.00205375 0.000920481 -0.0020588 0.000198929 0.00286789 0.00208797 -0.00103052 -0.00140227 -0.000961921 0.000341713 0.000549996 0.00250957 
pearson_resids (last class is a plus group):
class 1       2       3       4       5       6       7       8       9       10      11      12      13      14      15      16      17      18      19      20      21      22      23      24      25      26      27      28      29      30      
2000 -0.00694105 -0.0280592 -0.0953841 0.0942222 -0.04476 -0.0396524 -0.340578 0.821695 -0.240102 0.215054 -0.17121 -0.206313 0.381357 -0.469411 -0.240512 0.455896 -0.325494 -0.275674 -0.00657948 -0.206825 0.285476 0.373495 0.128934 -0.608656 0.264374 0.0313171 0.47343 -0.298063 -0.244689 0.0256549 
2001 -0.0069497 -0.028094 -0.0955042 -0.273079 -0.351999 -0.347938 -0.164753 -0.509464 -0.167688 -0.22583 0.717525 0.912776 -0.384766 -0.0917398 0.0923298 -0.350851 0.547953 -0.463604 -0.130527 0.105237 0.32315 -0.329351 0.153312 0.0695456 0.0844217 0.74612 0.205458 -0.295262 -0.242732 0.215582 
2002 -0.00695669 -0.0281216 -0.0955975 -0.273351 -0.200411 -0.122435 -0.0788967 0.0426908 0.418222 -0.520471 0.460966 0.150534 -0.239165 0.243327 -0.386206 -0.0799086 0.0599129 -0.0291872 -0.271291 -0.235264 0.0383347 0.317675 0.324715 -0.250211 0.301282 0.0546212 -0.0675101 0.050776 -0.240383 -0.156604 
2003 -0.00696262 -0.0281446 -0.0956734 -0.273567 0.408564 -0.504428 0.736517 0.0691026 0.0413331 0.214273 0.0822171 -0.0583886 -0.0557314 -0.0991895 -0.29249 -0.404325 -0.370183 0.471486 -0.261381 -0.122337 -0.261488 0.225154 0.354793 -0.407325 0.118752 -0.41477 -0.0585938 0.0588527 0.183315 -0.152683 
2004 -0.00696794 -0.0281649 -0.0957391 0.0918253 -0.354414 -0.0504105 0.32326 -0.133302 0.091883 -0.133553 0.0468378 -0.266188 -0.246712 0.446829 0.515632 -0.026407 -0.122608 -0.305689 0.070501 -0.39814 0.639727 0.253231 -0.216058 -0.393977 0.137728 0.0829604 -0.341774 0.0678636 0.191804 -0.337783 
2005 -0.00697295 -0.0281839 -0.0957996 0.456799 0.406445 0.327464 -0.0433698 -0.137205 0.511986 0.0332171 -0.111607 -0.268333 -0.28578 -0.357115 0.131977 -0.243482 0.186237 -0.233624 0.48283 0.748813 -0.349781 -0.380649 0.107153 -0.201168 -0.0533781 -0.151238 -0.0383822 0.435296 -0.231303 0.0493301 
2006 -0.00697819 -0.0282037 -0.0958625 0.0910507 -0.203332 0.022474 -0.000388165 -0.239241 0.054826 -0.340336 0.289682 -0.0990959 -0.135126 0.192619 0.180196 0.0253495 0.186021 0.0507808 0.238521 -0.297203 0.211047 0.149098 -0.0330504 -0.368803 -0.0369573 0.369015 -0.0273801 1.17888 -0.227744 -0.327751 
2007 -0.00698346 -0.0282236 -0.0959256 0.0906605 -0.0518593 0.0210343 -0.00270628 0.0861658 -0.401452 0.426106 -0.487657 0.173061 0.280804 -0.0608896 0.514366 -0.405812 0.185314 -0.232754 -0.00660537 -0.200446 -0.121446 0.153024 -0.181803 0.374211 -0.0227755 0.131334 -0.0159621 0.0994041 0.669334 -0.515951 
2008 -0.00698885 -0.0282438 -0.0959894 0.454947 0.099436 0.398363 -0.00496301 -0.343673 -0.206292 0.0251838 0.255883 0.377421 0.0540322 -0.314103 -0.246991 0.0276278 -0.245272 0.121738 -0.170252 0.182468 0.10341 -0.239189 0.13193 0.196857 -0.0137067 0.408872 -0.0042871 0.487677 -0.220111 0.0776692 
2009 -0.00699437 -0.0282646 0.945111 0.818767 0.0986057 -0.2847 -0.143389 0.309961 0.498111 -0.0621702 -0.024213 0.650295 0.0546035 -0.567059 -0.19827 -0.241427 0.00305311 -0.444432 -0.498453 -0.103407 -0.454492 0.551515 -0.33331 0.200044 -0.452226 -0.376705 -0.313495 -0.260797 -0.216154 0.0894184 
2010 -0.00700005 -0.028286 -0.0961225 0.0894471 -0.0540843 -0.286022 -0.417824 0.0116351 -0.127035 0.647575 0.130199 -0.270652 -0.0959842 -0.227471 0.0891091 0.192666 0.18991 -0.301082 -0.168662 0.0879374 -0.230269 0.0261943 0.44707 0.38749 -0.228926 -0.374732 -0.310298 0.133228 0.259328 0.503504 
objective function: multinomial likelihood, with delta = 1e-011, N =
100 100 100 100 100 100 100 100 100 100 100 100 100 100 100 100 100 100 100 100 100 100 100 100 100 100 100 100 100 100 
100 100 100 100 100 100 100 100 100 100 100 100 100 100 100 100 100 100 100 100 100 100 100 100 100 100 100 100 100 100 
100 100 100 100 100 100 100 100 100 100 100 100 100 100 100 100 100 100 100 100 100 100 100 100 100 100 100 100 100 100 
100 100 100 100 100 100 100 100 100 100 100 100 100 100 100 100 100 100 100 100 100 100 100 100 100 100 100 100 100 100 
100 100 100 100 100 100 100 100 100 100 100 100 100 100 100 100 100 100 100 100 100 100 100 100 100 100 100 100 100 100 
100 100 100 100 100 100 100 100 100 100 100 100 100 100 100 100 100 100 100 100 100 100 100 100 100 100 100 100 100 100 
100 100 100 100 100 100 100 100 100 100 100 100 100 100 100 100 100 100 100 100 100 100 100 100 100 100 100 100 100 100 
100 100 100 100 100 100 100 100 100 100 100 100 100 100 100 100 100 100 100 100 100 100 100 100 100 100 100 100 100 100 
100 100 100 100 100 100 100 100 100 100 100 100 100 100 100 100 100 100 100 100 100 100 100 100 100 100 100 100 100 100 
100 100 100 100 100 100 100 100 100 100 100 100 100 100 100 100 100 100 100 100 100 100 100 100 100 100 100 100 100 100 
100 100 100 100 100 100 100 100 100 100 100 100 100 100 100 100 100 100 100 100 100 100 100 100 100 100 100 100 100 100 

Tags2005_R1_R1 :
tag-recapture data for tag Tags2005_R1 in years 2006 2007 2008 2009 2010 , step 1, after proportion 0.5 of mortality, with sampling method size, detection probability 1.
Year 2006
class scanned recaptured expected_prop neg_log_likelihood
100 0 0 0 0
150 0 0 1.31457e-011 0
200 0 0 8.26938e-011 0
250 0 0 5.1433e-010 0
300 12 0 6.7565e-009 8.1078e-008
350 136 0 8.55811e-008 1.1639e-005
400 1000 0 7.85836e-007 0.000785836
450 4906 0.3 5.15816e-006 1.02012
500 16734 2.2 2.41251e-005 3.28468
550 41272 9.6 8.17798e-005 5.86898
600 76258 28 0.000207123 6.41428
650 109356 57.8 0.000406457 4.77952
700 126608 88.3 0.000642022 3.45444
750 123954 105 0.000849162 3.2466
800 107946 102.7 0.000981983 3.28718
850 87526 87.2 0.00103639 3.22241
900 68156 67.8 0.00103278 3.07625
950 51728 50.2 0.000991543 2.88981
1000 38450 36.1 0.000925002 2.71791
1050 28026 25.3 0.000840142 2.60102
1100 20046 16.9 0.000741887 2.46961
1150 14082 10.6 0.000634823 2.2524
1200 9736 6.1 0.000524632 1.92714
1250 6646 3.3 0.000419187 1.58561
1300 4498 1.7 0.000326449 1.24995
1350 3034 0.9 0.000251466 0.967327
1400 2042 0.5 0.00019597 0.7372
1450 1368 0.3 0.000157369 0.567742
1500 904 0.2 0.000131288 0.459461
1550 578 0.1 0.000113974 0.287916
1600 352 0.1 0.00010218 0.318473
1650 200 0 9.42856e-005 0.018858
1700 106 0 8.91415e-005 0.00944942
1750 52 0 8.58576e-005 0.00446479
1800 22 0 8.37861e-005 0.00184337
1850 8 0 8.24781e-005 0.000659852
1900 4 0 8.16158e-005 0.000326477
1950 2 0 8.09387e-005 0.000161884
2000 0 0 8.01804e-005 0

total neg_log_likelihood: 58.7226


Year 2007
class scanned recaptured expected_prop neg_log_likelihood
100 0 0 0 0
150 0 0 4.17414e-014 0
200 0 0 4.82962e-012 0
250 0 0 6.48116e-011 0
300 12 0 1.22812e-009 1.47375e-008
350 136 0 1.71797e-008 2.33644e-006
400 1002 0 1.66577e-007 0.00016691
450 4918 0.1 1.26261e-006 0.464495
500 16774 1 7.18675e-006 2.23623
550 41370 4.6 3.00089e-005 4.36651
600 76434 14.9 9.33448e-005 5.48242
650 109600 34.5 0.000222441 4.55059
700 126882 59 0.000419407 3.26262
750 124210 77.7 0.000646426 3.13847
800 108156 83.1 0.000843401 3.50242
850 87686 76 0.000969022 3.57645
900 68274 62.3 0.00101934 3.38259
950 51810 47.1 0.00101248 3.13
1000 38504 33.4 0.000967739 2.88289
1050 28054 22.4 0.000897159 2.63515
1100 20050 14.4 0.000807494 2.3609
1150 14066 9 0.000703736 2.06861
1200 9704 5.5 0.000591849 1.7914
1250 6604 3.2 0.000480413 1.52635
1300 4454 1.8 0.000378908 1.26215
1350 2992 1 0.000294286 1.0076
1400 2006 0.5 0.000230049 0.727232
1450 1340 0.2 0.000184444 0.441255
1500 884 0.1 0.000153071 0.285402
1550 564 0 0.00013192 0.074408
1600 344 0 0.000117264 0.040341
1650 196 0 0.000107282 0.0210283
1700 104 0 0.000100672 0.0104704
1750 50 0 9.63945e-005 0.00481996
1800 22 0 9.36687e-005 0.00206081
1850 8 0 9.19387e-005 0.000735543
1900 4 0 9.08054e-005 0.000363238
1950 0 0 8.99452e-005 0
2000 0 0 8.90257e-005 0

total neg_log_likelihood: 54.2361


Year 2008
class scanned recaptured expected_prop neg_log_likelihood
100 0 0 0 0
150 0 0 0 0
200 0 0 1.26797e-013 0
250 0 0 6.38356e-012 0
300 12 0 2.14186e-010 2.57024e-009
350 136 0 3.93891e-009 5.35691e-007
400 1004 0 3.95596e-008 3.97179e-005
450 4928 0 3.04238e-007 0.00149929
500 16808 0.3 1.9782e-006 0.946182
550 41452 1.8 9.8564e-006 2.53645
600 76582 6.3 3.7082e-005 3.41219
650 109802 16.4 0.000106662 3.15615
700 127104 32.6 0.000240253 2.7317
750 124414 51.5 0.000435572 2.95913
800 108320 66.3 0.00065397 3.16564
850 87808 71.4 0.000839894 3.0917
900 68360 65.8 0.000956994 3.01414
950 51870 53.6 0.00100175 2.93636
1000 38544 39.7 0.000990536 2.79112
1050 28076 27.6 0.00094112 2.60624
1100 20056 18.4 0.000864849 2.41064
1150 14060 11.9 0.000768366 2.21771
1200 9686 7.6 0.000658172 2.05445
1250 6578 4.7 0.000543448 1.87113
1300 4422 2.8 0.000435006 1.63794
1350 2960 1.6 0.000341687 1.35047
1400 1978 0.9 0.000268973 1.0608
1450 1316 0.5 0.000216261 0.791982
1500 866 0.2 0.00017936 0.442283
1550 552 0.1 0.000154135 0.281533
1600 336 0 0.000136412 0.0458375
1650 192 0 0.000124187 0.0238453
1700 102 0 0.000116001 0.0118328
1750 50 0 0.000110657 0.00553317
1800 22 0 0.00010723 0.00235918
1850 8 0 0.000105048 0.000840427
1900 4 0 0.000103623 0.000414514
1950 0 0 0.00010256 0
2000 0 0 0.000101463 0

total neg_log_likelihood: 47.5581


Year 2009
class scanned recaptured expected_prop neg_log_likelihood
100 0 0 0 0
150 0 0 0 0
200 0 0 4.0706e-016 0
250 0 0 4.01273e-013 0
300 12 0 3.0562e-011 3.66744e-010
350 136 0 8.93305e-010 1.2149e-007
400 1006 0 1.12969e-008 1.13647e-005
450 4938 0 7.88119e-008 0.000389173
500 16840 0.1 5.3496e-007 0.43009
550 41528 0.6 3.01729e-006 1.25892
600 76712 2.7 1.33561e-005 2.3871
650 109978 8 4.57382e-005 2.71113
700 127294 18.1 0.000122355 2.56588
750 124582 32.1 0.00026093 2.6584
800 108452 46.1 0.00045446 2.94133
850 87902 55.1 0.000663667 3.01632
900 68424 56 0.000837919 2.94834
950 51912 49.4 0.000945294 2.87122
1000 38570 39 0.00098313 2.76762
1050 28092 28.3 0.000966041 2.61736
1100 20062 19.6 0.000910034 2.45873
1150 14056 13.2 0.00082569 2.31976
1200 9676 8.8 0.000721152 2.23504
1250 6560 5.7 0.000606398 2.1318
1300 4400 3.6 0.000493449 1.97389
1350 2936 2.2 0.000392942 1.72439
1400 1954 1.2 0.000312458 1.29936
1450 1296 0.7 0.000252828 1.01268
1500 850 0.3 0.000210326 0.586919
1550 542 0.2 0.000180862 0.47698
1600 330 0.1 0.000159893 0.296935
1650 188 0 0.000145272 0.0273131
1700 100 0 0.000135397 0.0135406
1750 48 0 0.000128908 0.00618797
1800 22 0 0.000124727 0.00274417
1850 8 0 0.000122062 0.000976555
1900 2 0 0.000120327 0.000240669
1950 0 0 0.000119046 0
2000 0 0 0.000117745 0

total neg_log_likelihood: 45.7416


Year 2010
class scanned recaptured expected_prop neg_log_likelihood
100 0 0 0 0
150 0 0 0 0
200 0 0 0 0
250 0 0 1.08798e-014 0
300 12 0 3.18854e-012 3.82627e-011
350 136 0 1.7274e-010 2.34926e-008
400 1008 0 3.63218e-009 3.66123e-006
450 4946 0 2.34691e-008 0.000116078
500 16870 0 1.52362e-007 0.00257034
550 41596 0.2 9.04869e-007 0.608206
600 76832 0.8 4.51366e-006 1.12293
650 110138 2.8 1.79723e-005 1.61387
700 127460 7.8 5.64104e-005 1.98182
750 124726 16.3 0.000140704 2.36514
800 108560 27 0.000284155 2.82053
850 87974 36.2 0.000475214 3.10971
900 68470 40.2 0.000674753 3.17563
950 51942 37.9 0.000836651 3.11008
1000 38588 31.3 0.000933184 2.96566
1050 28100 23.4 0.000962454 2.75615
1100 20064 16.5 0.000937278 2.47288
1150 14054 11.3 0.0008719 2.17646
1200 9668 7.5 0.000777917 1.93714
1250 6548 4.8 0.00066702 1.74096
1300 4386 3 0.000552586 1.55928
1350 2918 1.8 0.000446983 1.34254
1400 1938 1 0.000359931 1.0575
1450 1280 0.6 0.000293935 0.849952
1500 836 0.3 0.000245996 0.571774
1550 532 0.2 0.000212264 0.463577
1600 322 0.1 0.000187939 0.290975
1650 184 0 0.000170797 0.0314293
1700 98 0 0.000159127 0.0155957
1750 46 0 0.000151413 0.00696555
1800 20 0 0.000146427 0.00292875
1850 8 0 0.000143245 0.00114604
1900 2 0 0.000141182 0.000282384
1950 0 0 0.000139672 0
2000 0 0 0.000138152 0

total neg_log_likelihood: 40.1538


Tags2006_R1_R1 :
tag-recapture data for tag Tags2006_R1 in years 2007 2008 2009 2010 , step 1, after proportion 0.5 of mortality, with sampling method size, detection probability 1.
Year 2007
class scanned recaptured expected_prop neg_log_likelihood
100 0 0 0 0
150 0 0 2.33593e-011 0
200 0 0 9.73491e-011 0
250 0 0 5.5877e-010 0
300 12 0 7.29025e-009 8.7483e-008
350 136 0 9.07975e-008 1.23485e-005
400 1002 0 8.13517e-007 0.000815145
450 4918 0.4 5.26488e-006 1.36777
500 16774 2.5 2.44891e-005 3.83605
550 41370 10.1 8.28082e-005 6.32985
600 76434 27.6 0.00020933 6.02989
650 109600 54.3 0.000410018 3.83164
700 126882 80.8 0.000646421 3.12475
750 124210 95.1 0.000853367 3.77772
800 108156 92.7 0.000985009 4.12488
850 87686 78.5 0.00103773 4.00196
900 68274 60.9 0.00103248 3.65945
950 51810 44.8 0.000990105 3.25192
1000 38504 31.7 0.000923262 2.86587
1050 28054 21.5 0.000839085 2.54757
1100 20050 14 0.000742405 2.27095
1150 14066 8.8 0.000637446 2.01702
1200 9704 5.5 0.000529313 1.79874
1250 6604 3.5 0.000425337 1.64763
1300 4454 2.2 0.00033329 1.50056
1350 2992 1.3 0.000258427 1.26159
1400 2006 0.8 0.000202828 1.05503
1450 1340 0.5 0.000164123 0.856219
1500 884 0.3 0.000138003 0.644802
1550 564 0.1 0.000120701 0.286829
1600 344 0.1 0.000108943 0.315869
1650 196 0 0.000101085 0.0198138
1700 104 0 9.59705e-005 0.00998141
1750 50 0 9.27068e-005 0.00463556
1800 22 0 9.06478e-005 0.00199434
1850 8 0 8.93463e-005 0.000714803
1900 4 0 8.8487e-005 0.000353964
1950 0 0 8.7816e-005 0
2000 0 0 8.70727e-005 0

total neg_log_likelihood: 62.4429


Year 2008
class scanned recaptured expected_prop neg_log_likelihood
100 0 0 0 0
150 0 0 8.28875e-014 0
200 0 0 6.60125e-012 0
250 0 0 7.01035e-011 0
300 12 0 1.29514e-009 1.55417e-008
350 136 0 1.80875e-008 2.4599e-006
400 1004 0 1.73597e-007 0.000174291
450 4928 0.1 1.29677e-006 0.461803
500 16808 0.9 7.31612e-006 1.97021
550 41452 4.1 3.04283e-005 3.6393
600 76582 13.3 9.44444e-005 4.25362
650 109802 31.5 0.000224665 3.51561
700 127104 56.3 0.000422863 2.99524
750 124414 78.4 0.000650595 3.141
800 108320 88.5 0.000847315 3.22038
850 87808 84.2 0.000971774 3.14356
900 68360 70.5 0.00102048 3.05132
950 51870 54 0.00101212 2.93574
1000 38544 38.8 0.000966435 2.78162
1050 28076 26.5 0.000895796 2.5958
1100 20056 17.2 0.000807064 2.37692
1150 14060 10.7 0.000705066 2.14191
1200 9686 6.3 0.000595285 1.87612
1250 6578 3.6 0.000485678 1.60691
1300 4422 2 0.000385307 1.331
1350 2960 1.1 0.000301125 1.06313
1400 1978 0.5 0.000236921 0.726692
1450 1316 0.3 0.000191223 0.557277
1500 866 0.1 0.000159771 0.286221
1550 552 0 0.000138593 0.0765084
1600 336 0 0.000123945 0.041648
1650 192 0 0.000113988 0.021887
1700 102 0 0.000107406 0.010956
1750 50 0 0.000103151 0.00515781
1800 22 0 0.000100441 0.00220981
1850 8 0 9.87198e-005 0.000789798
1900 4 0 9.75894e-005 0.000390377
1950 0 0 9.67286e-005 0
2000 0 0 9.58183e-005 0

total neg_log_likelihood: 49.8311


Year 2009
class scanned recaptured expected_prop neg_log_likelihood
100 0 0 0 0
150 0 0 0 0
200 0 0 2.24964e-013 0
250 0 0 7.28851e-012 0
300 12 0 2.24209e-010 2.6905e-009
350 136 0 4.09218e-009 5.56537e-007
400 1006 0 4.10588e-008 4.13052e-005
450 4938 0.1 3.13827e-007 0.598639
500 16840 0.4 2.02139e-006 1.2665
550 41528 2 1.00135e-005 2.86389
600 76712 6.7 3.75608e-005 3.71759
650 109978 16.9 0.000107835 3.28281
700 127294 32.8 0.000242501 2.72576
750 124582 50.9 0.000438936 3.01938
800 108452 64.7 0.00065792 3.32527
850 87902 68.7 0.000843517 3.23995
900 68424 62.7 0.000959468 3.05638
950 51912 50.5 0.00100271 2.9045
1000 38570 37.3 0.000990147 2.74065
1050 28092 26.2 0.000940028 2.55535
1100 20062 18 0.00086399 2.38097
1150 14056 12.1 0.000768726 2.24671
1200 9676 7.8 0.000660433 2.10154
1250 6560 4.8 0.0005477 1.90357
1300 4400 2.8 0.000440766 1.63084
1350 2936 1.6 0.000348254 1.34411
1400 1954 0.9 0.000275793 1.05612
1450 1296 0.5 0.000223065 0.788639
1500 850 0.3 0.00018608 0.603058
1550 542 0.1 0.000160788 0.281198
1600 330 0.1 0.000143035 0.302515
1650 188 0 0.000130808 0.0245936
1700 100 0 0.000122636 0.0122643
1750 48 0 0.000117307 0.00563108
1800 22 0 0.000113893 0.00250579
1850 8 0 0.00011172 0.000893811
1900 2 0 0.000110299 0.00022061
1950 0 0 0.000109231 0
2000 0 0 0.000108127 0

total neg_log_likelihood: 49.9821


Year 2010
class scanned recaptured expected_prop neg_log_likelihood
100 0 0 0 0
150 0 0 0 0
200 0 0 8.08135e-016 0
250 0 0 5.42107e-013 0
300 12 0 3.23993e-011 3.88792e-010
350 136 0 9.22519e-010 1.25463e-007
400 1008 0 1.16121e-008 1.1705e-005
450 4946 0 8.11948e-008 0.000401589
500 16870 0.1 5.48137e-007 0.427717
550 41596 0.5 3.07251e-006 1.03565
600 76832 2.1 1.35466e-005 1.74418
650 110138 6.1 4.6282e-005 1.92941
700 127460 13.8 0.000123603 2.36385
750 124726 24.8 0.000263199 3.60095
800 108560 36.5 0.000457716 4.65048
850 87974 44.3 0.000667363 4.75137
900 68470 45.3 0.000841204 4.24585
950 51942 40.1 0.000947443 3.66822
1000 38588 32 0.000983873 3.14984
1050 28100 23.8 0.000965654 2.72094
1100 20064 16.8 0.000909252 2.39288
1150 14054 11.2 0.000825504 2.14097
1200 9668 7.1 0.000722463 1.91129
1250 6548 4.3 0.000609639 1.67886
1300 4386 2.5 0.000498429 1.4315
1350 2918 1.4 0.000399068 1.16792
1400 1938 0.8 0.000319109 0.931604
1450 1280 0.5 0.00025961 0.762192
1500 836 0.3 0.000217068 0.585124
1550 532 0.2 0.000187525 0.475202
1600 322 0.2 0.00016649 0.553163
1650 184 0.1 0.000151832 0.335587
1700 98 0.1 0.000141943 0.391078
1750 46 0 0.000135451 0.00623118
1800 20 0 0.000131273 0.00262563
1850 8 0 0.000128611 0.00102896
1900 2 0 0.000126878 0.000253771
1950 0 0 0.000125591 0
2000 0 0 0.000124272 0

total neg_log_likelihood: 49.0564


Tags2007_R1_R1 :
tag-recapture data for tag Tags2007_R1 in years 2008 2009 2010 , step 1, after proportion 0.5 of mortality, with sampling method size, detection probability 1.
Year 2008
class scanned recaptured expected_prop neg_log_likelihood
100 0 0 0 0
150 0 0 2.34197e-011 0
200 0 0 9.68839e-011 0
250 0 0 5.52374e-010 0
300 12 0 7.21699e-009 8.66039e-008
350 136 0 8.9886e-008 1.22245e-005
400 1004 0 8.04032e-007 0.000807248
450 4928 0.4 5.19982e-006 1.37166
500 16808 2.4 2.4208e-005 3.65739
550 41452 10.5 8.20184e-005 6.8432
600 76582 30.6 0.000207845 7.95076
650 109802 62.5 0.000408176 6.09157
700 127104 94.5 0.00064521 4.10074
750 124414 110.9 0.000853969 3.37413
800 108320 106.7 0.00098817 3.25477
850 87808 88.7 0.00104354 3.20945
900 68360 66.9 0.0010406 3.15007
950 51870 47.6 0.00100002 3.03269
1000 38544 32.8 0.000934478 2.81469
1050 28076 22 0.000851224 2.54544
1100 20056 14.5 0.000755204 2.2754
1150 14060 9.5 0.000650643 2.05971
1200 9686 6.2 0.000542481 1.92475
1250 6578 4.1 0.000437845 1.87257
1300 4422 2.6 0.000344503 1.74171
1350 2960 1.6 0.000268002 1.52105
1400 1978 1 0.000210841 1.29144
1450 1316 0.5 0.000170904 0.849995
1500 866 0.3 0.000143913 0.641023
1550 552 0.1 0.000126043 0.286147
1600 336 0.1 0.000113915 0.314554
1650 192 0 0.000105825 0.0203196
1700 102 0 0.000100567 0.0102583
1750 50 0 9.72149e-005 0.00486098
1800 22 0 9.51016e-005 0.00209233
1850 8 0 9.37654e-005 0.000750158
1900 4 0 9.28807e-005 0.00037154
1950 0 0 9.21874e-005 0
2000 0 0 9.14274e-005 0

total neg_log_likelihood: 66.2144


Year 2009
class scanned recaptured expected_prop neg_log_likelihood
100 0 0 0 0
150 0 0 8.3107e-014 0
200 0 0 6.60454e-012 0
250 0 0 6.93426e-011 0
300 12 0 1.27897e-009 1.53477e-008
350 136 0 1.79001e-008 2.43442e-006
400 1006 0 1.71734e-007 0.000172765
450 4938 0.2 1.28137e-006 0.933509
500 16840 1.1 7.22889e-006 2.48367
550 41528 5 3.01007e-005 4.92182
600 76712 15.4 9.36129e-005 5.82171
650 109978 34.7 0.000223215 4.55273
700 127294 59.5 0.000421189 3.27502
750 124582 80 0.000649668 3.11612
800 108452 87.6 0.000848235 3.26255
850 87902 81.2 0.000975211 3.23956
900 68424 66.5 0.00102651 3.11968
950 51912 50.7 0.00102038 2.93246
1000 38570 37 0.000976438 2.73201
1050 28092 26 0.00090708 2.55597
1100 20062 17.4 0.000819278 2.37926
1150 14056 11 0.000717921 2.16485
1200 9676 6.6 0.000608411 1.91631
1250 6560 3.9 0.000498516 1.67756
1300 4400 2.3 0.000397205 1.45048
1350 2936 1.3 0.000311602 1.18453
1400 1954 0.8 0.000245874 0.995622
1450 1296 0.5 0.000198857 0.814709
1500 850 0.3 0.000166399 0.619868
1550 542 0.1 0.000144515 0.283049
1600 330 0.1 0.000129383 0.308042
1650 188 0 0.000119108 0.0223937
1700 100 0 0.000112324 0.011233
1750 48 0 0.000107944 0.00518158
1800 22 0 0.000105156 0.00231356
1850 8 0 0.000103387 0.000827137
1900 2 0 0.000102223 0.000204456
1950 0 0 0.000101331 0
2000 0 0 0.000100385 0

total neg_log_likelihood: 56.7834


Year 2010
class scanned recaptured expected_prop neg_log_likelihood
100 0 0 0 0
150 0 0 0 0
200 0 0 2.25495e-013 0
250 0 0 7.24535e-012 0
300 12 0 2.21098e-010 2.65317e-009
350 136 0 4.04332e-009 5.49891e-007
400 1008 0 4.06388e-008 4.09639e-005
450 4946 0 3.10305e-007 0.00153477
500 16870 0.2 1.99756e-006 0.626378
550 41596 1.1 9.89936e-006 1.43321
600 76832 4.7 3.71832e-005 2.20712
650 110138 13.9 0.000106962 2.42097
700 127460 30 0.000241089 2.63092
750 124726 49.5 0.000437432 3.11368
800 108560 64.8 0.000657272 3.31639
850 87974 69.7 0.000844741 3.18833
900 68470 63.8 0.000963164 3.03305
950 51942 51.4 0.00100892 2.8996
1000 38588 37.8 0.000998531 2.7438
1050 28100 26.2 0.000950118 2.55922
1100 20064 17.5 0.000875364 2.35448
1150 14054 11.4 0.000781035 2.15071
1200 9668 7.2 0.000673315 1.95258
1250 6548 4.3 0.000560648 1.71832
1300 4386 2.5 0.000453146 1.47102
1350 2918 1.4 0.000359502 1.19866
1400 1938 0.8 0.000285653 0.955377
1450 1280 0.4 0.000231609 0.663032
1500 836 0.2 0.000193539 0.440586
1550 532 0.1 0.000167435 0.280936
1600 322 0.1 0.000149088 0.301625
1650 184 0 0.000136451 0.0251086
1700 98 0 0.000128008 0.0125456
1750 46 0 0.000122507 0.00563568
1800 20 0 0.000118985 0.00237985
1850 8 0 0.000116746 0.000934019
1900 2 0 0.00011528 0.000230574
1950 0 0 0.000114175 0
2000 0 0 0.000113022 0

total neg_log_likelihood: 43.7084


Tags2008_R1_R1 :
tag-recapture data for tag Tags2008_R1 in years 2009 2010 , step 1, after proportion 0.5 of mortality, with sampling method size, detection probability 1.
Year 2009
class scanned recaptured expected_prop neg_log_likelihood
100 0 0 0 0
150 0 0 2.34842e-011 0
200 0 0 9.79626e-011 0
250 0 0 5.64023e-010 0
300 12 0 7.35642e-009 8.82771e-008
350 136 0 9.16359e-008 1.24625e-005
400 1006 0 8.21742e-007 0.000826672
450 4938 0.3 5.32173e-006 1.00978
500 16840 2.2 2.47561e-005 3.22717
550 41528 9.6 8.36848e-005 5.68859
600 76712 28.5 0.000211456 6.38097
650 109978 59.4 0.000414042 4.88722
700 127294 90.3 0.000652649 3.47644
750 124582 105.7 0.000861579 3.26217
800 108452 101 0.000994584 3.4503
850 87902 83.8 0.0010479 3.521
900 68424 63.4 0.00104248 3.45317
950 51912 45.3 0.000999187 3.26224
1000 38570 31.3 0.000930826 2.9517
1050 28092 20.9 0.000844892 2.61902
1100 20062 13.6 0.000746643 2.29534
1150 14056 8.6 0.000640536 2.01338
1200 9676 5.3 0.000531511 1.7706
1250 6560 3.1 0.000426466 1.52698
1300 4400 1.8 0.00033289 1.29424
1350 2936 1 0.000256192 1.0368
1400 1954 0.5 0.000198881 0.740291
1450 1296 0.2 0.000158887 0.436522
1500 850 0.1 0.000131935 0.28101
1550 542 0 0.000114167 0.0618821
1600 330 0 0.000102181 0.0337214
1650 188 0 9.4236e-005 0.0177172
1700 100 0 8.91015e-005 0.00891055
1750 48 0 8.5844e-005 0.00412069
1800 22 0 8.37966e-005 0.0018436
1850 8 0 8.25029e-005 0.00066005
1900 2 0 8.1642e-005 0.000163291
1950 0 0 8.0958e-005 0
2000 0 0 8.02028e-005 0

total neg_log_likelihood: 58.7148


Year 2010
class scanned recaptured expected_prop neg_log_likelihood
100 0 0 0 0
150 0 0 8.33281e-014 0
200 0 0 6.63491e-012 0
250 0 0 7.06932e-011 0
300 12 0 1.30758e-009 1.56909e-008
350 136 0 1.82505e-008 2.48207e-006
400 1008 0 1.75226e-007 0.000176628
450 4946 0.1 1.30987e-006 0.460522
500 16870 1 7.39283e-006 2.20642
550 41596 4.9 3.07456e-005 4.6914
600 76832 15.8 9.54009e-005 5.96971
650 110138 36.6 0.000226868 5.07876
700 127460 63 0.000426917 3.63608
750 124726 84.4 0.000656783 3.17462
800 108560 91.3 0.000855413 3.18976
850 87974 83 0.000981164 3.19352
900 68470 66.3 0.00103039 3.14766
950 51942 48.5 0.00102176 3.06404
1000 38588 33.6 0.000975096 2.90208
1050 28100 22.5 0.000902988 2.64842
1100 20064 14.6 0.000812673 2.35734
1150 14054 9.3 0.000709338 2.06556
1200 9668 5.7 0.000598527 1.80413
1250 6548 3.4 0.000487902 1.56146
1300 4386 1.9 0.00038617 1.29521
1350 2918 1 0.00030025 1.0082
1400 1938 0.5 0.000234252 0.72792
1450 1280 0.3 0.000187041 0.559992
1500 836 0.1 0.000154485 0.283896
1550 532 0.1 0.000132585 0.285734
1600 322 0 0.000117499 0.037837
1650 184 0 0.000107304 0.019745
1700 98 0 0.000100603 0.00985956
1750 46 0 9.62928e-005 0.00442968
1800 20 0 9.35579e-005 0.00187125
1850 8 0 9.1824e-005 0.000734626
1900 2 0 9.06802e-005 0.000181369
1950 0 0 8.97939e-005 0
2000 0 0 8.88403e-005 0

total neg_log_likelihood: 55.3873


Tags2009_R1_R1 :
tag-recapture data for tag Tags2009_R1 in years 2010 , step 1, after proportion 0.5 of mortality, with sampling method size, detection probability 1.
Year 2010
class scanned recaptured expected_prop neg_log_likelihood
100 0 0 0 0
150 0 0 1.32831e-011 0
200 0 0 8.35906e-011 0
250 0 0 5.20836e-010 0
300 12 0 6.83737e-009 8.20485e-008
350 136 0 8.66205e-008 1.17804e-005
400 1008 0 7.95994e-007 0.000802362
450 4946 0.3 5.22702e-006 1.01426
500 16870 2 2.44434e-005 2.87724
550 41596 9 8.28134e-005 5.11525
600 76832 27.2 0.000209615 5.73429
650 110138 57.6 0.000411199 4.48706
700 127460 89.5 0.000649544 3.4316
750 124726 107.4 0.000859572 3.25773
800 108560 105 0.000995035 3.28891
850 87974 88.7 0.00105166 3.242
900 68470 68.2 0.00104977 3.12673
950 51942 49.4 0.00100979 2.96068
1000 38588 34 0.000944213 2.76747
1050 28100 22.4 0.000860414 2.54386
1100 20064 14.2 0.000763665 2.29324
1150 14054 8.9 0.000658514 2.0279
1200 9668 5.5 0.000549962 1.78928
1250 6548 3.4 0.00044488 1.59363
1300 4386 2.1 0.000350737 1.42104
1350 2918 1.3 0.000273055 1.24612
1400 1938 0.8 0.000214611 1.04648
1450 1280 0.5 0.000173578 0.853367
1500 836 0.3 0.00014579 0.644959
1550 532 0.2 0.000127405 0.520533
1600 322 0.1 0.00011497 0.316628
1650 184 0.1 0.000106714 0.362551
1700 98 0 0.000101374 0.00993515
1750 46 0 9.79846e-005 0.00450751
1800 20 0 9.5854e-005 0.00191717
1850 8 0 9.45082e-005 0.000756102
1900 2 0 9.36133e-005 0.000187235
1950 0 0 9.29016e-005 0
2000 0 0 9.21124e-005 0

total neg_log_likelihood: 57.9809


Output quantities start here

* Scalar parameter values
initialization.B0 202344

* Nuisance q's

* B0
202344

* R0
1.58979e+007

* SSBs
SSB 202344 199539 196418 192992 189293 185382 181340 177256 173215 169294 165551 162018 158707 155617 152741 150061 147577 145276 143148 141182 139378 
year 1990 1991 1992 1993 1994 1995 1996 1997 1998 1999 2000 2001 2002 2003 2004 2005 2006 2007 2008 2009 2010 

* recruitments
recruitment 1.58979e+007 1.58979e+007 1.5874e+007 1.58466e+007 1.58158e+007 1.57813e+007 1.57435e+007 1.5703e+007 1.56604e+007 1.56165e+007 1.55722e+007 1.55281e+007 1.54849e+007 1.54429e+007 1.54023e+007 1.53633e+007 1.53258e+007 1.52899e+007 1.52558e+007 1.52234e+007 1.51927e+007 
year 1990 1991 1992 1993 1994 1995 1996 1997 1998 1999 2000 2001 2002 2003 2004 2005 2006 2007 2008 2009 2010 

* YCS
YCS 1 1 1 1 1 1 1 1 1 1 1 1 1 1 1 1 1 1 1 1 1 
year 1989 1990 1991 1992 1993 1994 1995 1996 1997 1998 1999 2000 2001 2002 2003 2004 2005 2006 2007 2008 2009 

* true_YCS
true_YCS 1 1 0.998496 0.996778 0.994835 0.992667 0.990292 0.987742 0.985062 0.982301 0.979512 0.976742 0.974025 0.971384 0.968831 0.966375 0.964014 0.961759 0.959611 0.957573 0.955643 
year 1989 1990 1991 1992 1993 1994 1995 1996 1997 1998 1999 2000 2001 2002 2003 2004 2005 2006 2007 2008 2009 

* fishing_pressures
pressure 0 0.033776 0.034632 0.0354844 0.0363104 0.0370935 0.0378223 0.0384896 0.0390918 0.0396297 0.0401072 0.0405299 0.0409039 0.0412359 0.0415326 0.0418006 0.0420498 0.0422814 0.0424992 0.0427064 0.0429055 
year 1990 1991 1992 1993 1994 1995 1996 1997 1998 1999 2000 2001 2002 2003 2004 2005 2006 2007 2008 2009 2010 

* Numbers_at_age_R1
1990  1.47565e+007 1.26377e+007 1.08231e+007 9.26909e+006 7.93819e+006 6.79839e+006 5.82224e+006 4.98626e+006 4.2703e+006 3.65715e+006 3.13204e+006 2.68233e+006 2.29719e+006 1.96735e+006 1.68486e+006 1.44294e+006 1.23576e+006 1.05832e+006 906364 776224 664770 569319 487573 417565 357609 306262 262287 224627 192374 1.14742e+006 
1991  1.47565e+007 1.26377e+007 1.08231e+007 9.26881e+006 7.93656e+006 6.79177e+006 5.80317e+006 4.94741e+006 4.21435e+006 3.60017e+006 3.08358e+006 2.64168e+006 2.26356e+006 1.93991e+006 1.66279e+006 1.42543e+006 1.22205e+006 1.04774e+006 898308 770176 660292 566049 485219 415893 356438 305453 261736 224256 192128 1.1463e+006 
1992  1.47343e+007 1.26377e+007 1.08231e+007 9.26874e+006 7.936e+006 6.78858e+006 5.79044e+006 4.9113e+006 4.14179e+006 3.49651e+006 2.97824e+006 2.55207e+006 2.18837e+006 1.87768e+006 1.61198e+006 1.38451e+006 1.18955e+006 1.02228e+006 878638 755188 649029 557703 479119 411497 353314 303263 260223 223225 191435 1.14375e+006 
1993  1.4709e+007 1.26187e+007 1.08231e+007 9.26872e+006 7.93589e+006 6.78789e+006 5.78708e+006 4.89907e+006 4.10921e+006 3.43354e+006 2.88994e+006 2.46275e+006 2.11235e+006 1.81383e+006 1.55907e+006 1.34124e+006 1.15464e+006 994502 856832 738306 636140 547999 471915 406224 349509 300556 258324 221912 190540 1.14091e+006 
1994  1.46803e+007 1.2597e+007 1.08068e+007 9.26871e+006 7.93583e+006 6.7876e+006 5.78586e+006 4.89481e+006 4.09668e+006 3.40385e+006 2.83543e+006 2.38768e+006 2.03672e+006 1.74943e+006 1.50492e+006 1.29631e+006 1.11784e+006 964755 833112 719650 621669 536931 463569 400019 344961 297271 255984 220269 189403 1.13765e+006 
1995  1.46483e+007 1.25724e+007 1.07882e+007 9.25477e+006 7.93578e+006 6.78735e+006 5.785e+006 4.89243e+006 4.09092e+006 3.39089e+006 2.80856e+006 2.34072e+006 1.97306e+006 1.6855e+006 1.45043e+006 1.25044e+006 1.07972e+006 933477 807786 699417 605727 524543 454079 392853 339627 293357 253155 218253 187987 1.13385e+006 
1996  1.46133e+007 1.2545e+007 1.07672e+007 9.23883e+006 7.9238e+006 6.78713e+006 5.78423e+006 4.89044e+006 4.08687e+006 3.38371e+006 2.79568e+006 2.31674e+006 1.9328e+006 1.63163e+006 1.39647e+006 1.2044e+006 1.0409e+006 901163 781226 677872 588483 510932 443486 384726 333482 288778 249793 215820 186253 1.12933e+006 
1997  1.45756e+007 1.2515e+007 1.07437e+007 9.22082e+006 7.91011e+006 6.77671e+006 5.78352e+006 4.88862e+006 4.08331e+006 3.37813e+006 2.78773e+006 2.30447e+006 1.91167e+006 1.59727e+006 1.35099e+006 1.15891e+006 1.00203e+006 868343 753852 655330 570164 496245 431873 375675 326528 283515 245867 212936 184164 1.12393e+006 
1998  1.45361e+007 1.24828e+007 1.0718e+007 9.20072e+006 7.89466e+006 6.76486e+006 5.77418e+006 4.88696e+006 4.08007e+006 3.37317e+006 2.7813e+006 2.29642e+006 1.90033e+006 1.57884e+006 1.32178e+006 1.12056e+006 963711 835543 726107 632146 551035 480670 419365 365770 318798 277569 241361 209573 181692 1.1175e+006 
1999  1.44954e+007 1.24489e+007 1.06904e+007 9.1787e+006 7.87742e+006 6.75151e+006 5.76366e+006 4.87812e+006 4.07714e+006 3.36867e+006 2.77556e+006 2.28977e+006 1.89261e+006 1.56862e+006 1.30586e+006 1.0958e+006 931413 803266 698429 608687 531394 464435 406123 355117 310350 270967 236279 205718 178812 1.10985e+006 
2000  1.44542e+007 1.2414e+007 1.06614e+007 9.15506e+006 7.85854e+006 6.73665e+006 5.75191e+006 4.86839e+006 4.06839e+006 3.36464e+006 2.77039e+006 2.28385e+006 1.88617e+006 1.56149e+006 1.2968e+006 1.08214e+006 910472 776067 671234 585320 511549 447786 392336 343852 301275 263761 230641 201373 175515 1.10081e+006 
2001  1.44133e+007 1.23788e+007 1.06315e+007 9.13022e+006 7.83828e+006 6.7204e+006 5.73892e+006 4.85772e+006 4.05906e+006 3.35599e+006 2.76577e+006 2.27854e+006 1.88044e+006 1.5555e+006 1.29038e+006 1.07422e+006 898802 758377 648322 562388 491804 430983 378212 332135 291686 256025 224491 196557 171801 1.09025e+006 
2002  1.43732e+007 1.23438e+007 1.06013e+007 9.10462e+006 7.81698e+006 6.70298e+006 5.72479e+006 4.84609e+006 4.0491e+006 3.34703e+006 2.75751e+006 2.27381e+006 1.87532e+006 1.55019e+006 1.28496e+006 1.06854e+006 891953 748446 633385 543071 472445 414280 363969 320142 281720 247858 217894 191307 167685 1.07803e+006 
2003  1.43343e+007 1.23094e+007 1.05714e+007 9.07876e+006 7.79505e+006 6.68469e+006 5.70969e+006 4.83358e+006 4.03846e+006 3.3377e+006 2.74914e+006 2.26619e+006 1.87076e+006 1.54544e+006 1.28016e+006 1.06374e+006 886990 742558 624951 530455 456140 397914 349819 308054 271524 239372 210931 185677 163201 1.06405e+006 
2004  1.42966e+007 1.22761e+007 1.0542e+007 9.05309e+006 7.7729e+006 6.66586e+006 5.69388e+006 4.82032e+006 4.02718e+006 3.32794e+006 2.74057e+006 2.25858e+006 1.86391e+006 1.54122e+006 1.27588e+006 1.05948e+006 882789 738262 619911 523300 445475 384131 335963 296051 261252 230695 203700 179736 158393 1.04826e+006 
2005  1.42603e+007 1.22438e+007 1.05134e+007 9.0279e+006 7.75089e+006 6.64683e+006 5.67759e+006 4.80639e+006 4.0152e+006 3.31757e+006 2.73159e+006 2.25075e+006 1.85701e+006 1.53506e+006 1.27199e+006 1.05563e+006 879020 734588 616192 518982 439395 375097 324287 284296 251052 221953 196305 173567 153320 1.03064e+006 
2006  1.42255e+007 1.22128e+007 1.04857e+007 9.00342e+006 7.72932e+006 6.62795e+006 5.66117e+006 4.79215e+006 4.00278e+006 3.30669e+006 2.72214e+006 2.2426e+006 1.84995e+006 1.52888e+006 1.26652e+006 1.05211e+006 875591 731275 612993 515770 435696 369924 316622 274388 241064 213273 188856 167259 148053 1.01124e+006 
2007  1.41922e+007 1.21829e+007 1.04591e+007 8.97976e+006 7.70835e+006 6.60945e+006 5.64492e+006 4.7779e+006 3.99027e+006 3.2957e+006 2.71252e+006 2.23427e+006 1.84279e+006 1.5227e+006 1.26114e+006 1.04737e+006 872503 728293 610132 513020 432946 366772 312228 267883 232648 204777 181463 160907 142669 990153 
2008  1.41605e+007 1.21544e+007 1.04336e+007 8.95699e+006 7.68807e+006 6.59146e+006 5.62899e+006 4.76381e+006 3.97781e+006 3.2847e+006 2.70285e+006 2.22584e+006 1.83552e+006 1.51647e+006 1.25577e+006 1.0427e+006 868408 725604 607553 510558 430589 364421 309542 264146 227119 197619 174228 154604 137247 967531 
2009  1.41304e+007 1.21273e+007 1.04092e+007 8.9351e+006 7.66857e+006 6.57407e+006 5.61352e+006 4.75002e+006 3.96551e+006 3.27377e+006 2.69323e+006 2.21741e+006 1.82819e+006 1.51016e+006 1.25038e+006 1.03807e+006 864392 722084 605224 508336 428476 362403 307533 261856 223939 192914 168132 148435 131868 943567 
2010  1.4102e+007 1.21015e+007 1.03859e+007 8.9142e+006 7.64982e+006 6.55737e+006 5.59862e+006 4.73675e+006 3.95368e+006 3.26321e+006 2.68386e+006 2.20919e+006 1.821e+006 1.50391e+006 1.245e+006 1.03348e+006 860447 718665 602228 506343 426578 360601 305813 260145 221989 190207 164124 143239 126604 918496 

Output quantities finish here

Unused parameters:
annual_cycle.fishery_areas annual_cycle.migrate_from annual_cycle.migrate_to annual_cycle.migration_names annual_cycle.migration_times annual_cycle.n_migrations annual_cycle.recruitment_areas annual_cycle.spawning_all_areas area_names recruitment.p_male recruitment.year_range tag[Tags2005_R1_LL].area tag[Tags2005_R1_LL].sex tag[Tags2006_R1_LL].area tag[Tags2006_R1_LL].sex tag[Tags2007_R1_LL].area tag[Tags2007_R1_LL].sex tag[Tags2008_R1_LL].area tag[Tags2008_R1_LL].sex tag[Tags2009_R1_LL].area tag[Tags2009_R1_LL].sex MCMC.adapt_at MCMC.adaptive_stepsize MCMC.burn_in MCMC.keep MCMC.length MCMC.start MCMC.stepsize profile[1].l profile[1].n profile[1].parameter profile[1].u tag_recapture[Tags2005_R1_R1].area tag_recapture[Tags2006_R1_R1].area tag_recapture[Tags2007_R1_R1].area tag_recapture[Tags2008_R1_R1].area tag_recapture[Tags2009_R1_R1].area n_projections numbers_at[Numbers_at_age_R1].area print.yields 
