CASAL (C++ algorithmic stock assessment laboratory)
Call: casal -e -O C:/Users/STA384/Documents/GitHub/planetfish2_bugs/Output/TOA_bug_3/casalout_mpd.dat -f C:/Users/STA384/Documents/GitHub/planetfish2_bugs/Output/TOA_bug_3/casal_ 
Date: Mon Jun 24 12:22:21 2019
v2.30-2012-03-21 00:22:59 UTC (rev.4648)  (c) Copyright 2002-2012, NIWA
User name: sta384
Machine name: MACKEREL-HF (Microsoft Windows, PID=340)

Prefix for the input parameter filenames : C:/Users/STA384/Documents/GitHub/planetfish2_bugs/Output/TOA_bug_3/casal_

Random number seed : 42941

Estimation parameters:
Stored as strings: 
  MCMC.adapt_at                 	1e+05 2e+05 3e+05 4e+05
  MCMC.adaptive_stepsize        	True
  MCMC.burn_in                  	500
  MCMC.keep                     	1000
  MCMC.length                   	1500000
  MCMC.start                    	0
  MCMC.stepsize                 	0.01
  ageing_error.c                	0
  ageing_error.type             	normal
  catch_at[LL_catchA].2000      	0 0.013 0.127 0.383 0.2 0.132 0.078 0.028 0.027 0.004 0.004 0.004
  catch_at[LL_catchA].2001      	0.001 0.018 0.117 0.246 0.317 0.133 0.081 0.053 0.018 0.006 0.004 0.006
  catch_at[LL_catchA].2002      	0 0.016 0.157 0.252 0.208 0.213 0.079 0.049 0.018 0.002 0.004 0.002
  catch_at[LL_catchA].2003      	0 0.009 0.099 0.342 0.196 0.141 0.122 0.043 0.026 0.01 0.003 0.009
  catch_at[LL_catchA].2004      	0 0.03 0.125 0.233 0.269 0.141 0.096 0.071 0.019 0.006 0.003 0.007
  catch_at[LL_catchA].2005      	0.001 0.028 0.203 0.242 0.175 0.168 0.086 0.037 0.036 0.013 0.002 0.009
  catch_at[LL_catchA].2006      	0 0.014 0.217 0.321 0.165 0.098 0.097 0.044 0.02 0.015 0.005 0.004
  catch_at[LL_catchA].2007      	0 0.014 0.153 0.345 0.265 0.091 0.066 0.034 0.018 0.005 0.003 0.006
  catch_at[LL_catchA].2008      	0 0.026 0.172 0.254 0.256 0.177 0.062 0.025 0.016 0.004 0.003 0.005
  catch_at[LL_catchA].2009      	0 0.026 0.202 0.247 0.202 0.168 0.101 0.026 0.01 0.012 0.002 0.004
  catch_at[LL_catchA].2010      	0.003 0.018 0.191 0.309 0.18 0.119 0.104 0.052 0.011 0.003 0.001 0.009
  catch_at[LL_catchA].N_2000    	100
  catch_at[LL_catchA].N_2001    	100
  catch_at[LL_catchA].N_2002    	100
  catch_at[LL_catchA].N_2003    	100
  catch_at[LL_catchA].N_2004    	100
  catch_at[LL_catchA].N_2005    	100
  catch_at[LL_catchA].N_2006    	100
  catch_at[LL_catchA].N_2007    	100
  catch_at[LL_catchA].N_2008    	100
  catch_at[LL_catchA].N_2009    	100
  catch_at[LL_catchA].N_2010    	100
  catch_at[LL_catchA].at_size   	False
  catch_at[LL_catchA].dist      	multinomial
  catch_at[LL_catchA].fishery   	LL
  catch_at[LL_catchA].max_class 	12
  catch_at[LL_catchA].min_class 	1
  catch_at[LL_catchA].plus_group	True
  catch_at[LL_catchA].r         	1e-11
  catch_at[LL_catchA].sexed     	False
  catch_at[LL_catchA].sum_to_one	False
  catch_at[LL_catchA].years     	2000 2001 2002 2003 2004 2005 2006 2007 2008 2009 2010
  catch_limit_penalty[1].fishery	LL
  catch_limit_penalty[1].label  	LL_Penalty
  catch_limit_penalty[1].log_scale	True
  catch_limit_penalty[1].multiplier	1000
  estimate[1].lower_bound       	1
  estimate[1].parameter         	q[qLL].q
  estimate[1].phase             	1
  estimate[1].prior             	uniform
  estimate[1].upper_bound       	1
  estimate[2].lower_bound       	5000
  estimate[2].parameter         	initialization.B0
  estimate[2].prior             	uniform
  estimate[2].upper_bound       	5e+05
  estimate[3].cv                	1 1 1 1 1 1 1 1 1 1 1 1 1 1 1 1 1 1 1 1 1
  estimate[3].lower_bound       	1 1 1 1 1 1 1 1 1 1 1 1 1 1 1 1 1 1 1 1 1
  estimate[3].mu                	1 1 1 1 1 1 1 1 1 1 1 1 1 1 1 1 1 1 1 1 1
  estimate[3].parameter         	recruitment.YCS
  estimate[3].prior             	lognormal
  estimate[3].upper_bound       	1 1 1 1 1 1 1 1 1 1 1 1 1 1 1 1 1 1 1 1 1
  estimator                     	Bayes
  fish_tagged_penalty[1].label  	Penalty_Tags2005_R1_LL
  fish_tagged_penalty[1].multiplier	1
  fish_tagged_penalty[1].tagging_episode	Tags2005_R1_LL
  fish_tagged_penalty[2].label  	Penalty_Tags2006_R1_LL
  fish_tagged_penalty[2].multiplier	1
  fish_tagged_penalty[2].tagging_episode	Tags2006_R1_LL
  fish_tagged_penalty[3].label  	Penalty_Tags2007_R1_LL
  fish_tagged_penalty[3].multiplier	1
  fish_tagged_penalty[3].tagging_episode	Tags2007_R1_LL
  fish_tagged_penalty[4].label  	Penalty_Tags2008_R1_LL
  fish_tagged_penalty[4].multiplier	1
  fish_tagged_penalty[4].tagging_episode	Tags2008_R1_LL
  fish_tagged_penalty[5].label  	Penalty_Tags2009_R1_LL
  fish_tagged_penalty[5].multiplier	1
  fish_tagged_penalty[5].tagging_episode	Tags2009_R1_LL
  grad_tol                      	0.001
  max_evals                     	10000
  max_iters                     	1600
  profile[1].l                  	40000
  profile[1].n                  	11
  profile[1].parameter          	initialization.B0
  profile[1].u                  	130000
  q_method                      	nuisance
  tag_recapture[Tags2005_R1_R1].area	R1
  tag_recapture[Tags2005_R1_R1].class_mins	100 150 200 250 300 350 400 450 500 550 600 650 700 750 800 850 900 950 1000 1050 1100 1150 1200 1250 1300 1350 1400 1450 1500 1550 1600 1650 1700 1750 1800 1850 1900 1950 2000 2050
  tag_recapture[Tags2005_R1_R1].detection_probability	1
  tag_recapture[Tags2005_R1_R1].dispersion	1
  tag_recapture[Tags2005_R1_R1].do_bootstrap	True
  tag_recapture[Tags2005_R1_R1].plus_group	False
  tag_recapture[Tags2005_R1_R1].proportion_mortality	0.5
  tag_recapture[Tags2005_R1_R1].r	1e-11
  tag_recapture[Tags2005_R1_R1].recaptured_2006	0 0 0 0 0 0 0 0 0.2 0.4 1.3 3 5.8 9.2 12 13.1 12.4 10 7.2 4.6 2.5 1.3 0.6 0.2 0 0 0 0 0 0 0 0 0 0 0 0 0 0 0
  tag_recapture[Tags2005_R1_R1].recaptured_2007	0 0 0 0 0 0 0 0 0 0.1 0.3 0.8 1.9 3.3 4.8 6.1 6.4 5.9 4.6 3.2 1.9 1 0.4 0.2 0 0 0 0 0 0 0 0 0 0 0 0 0 0 0
  tag_recapture[Tags2005_R1_R1].recaptured_2008	0 0 0 0 0 0 0 0 0 0 0.1 0.3 0.7 1.5 2.6 3.8 4.7 4.9 4.5 3.4 2.3 1.2 0.6 0.3 0.1 0 0 0 0 0 0 0 0 0 0 0 0 0 0
  tag_recapture[Tags2005_R1_R1].recaptured_2009	0 0 0 0 0 0 0 0 0 0 0 0 0.2 0.5 0.9 1.4 1.9 2.3 2.1 1.8 1.2 0.7 0.4 0.2 0 0 0 0 0 0 0 0 0 0 0 0 0 0 0
  tag_recapture[Tags2005_R1_R1].recaptured_2010	0 0 0 0 0 0 0 0 0 0 0 0 0 0.1 0.3 0.4 0.5 0.8 0.8 0.7 0.6 0.4 0.2 0.1 0 0 0 0 0 0 0 0 0 0 0 0 0 0 0
  tag_recapture[Tags2005_R1_R1].sample	size
  tag_recapture[Tags2005_R1_R1].scanned_2006	0 0 0 2 10 38 108 340 1022 2490 5058 8746 12818 15986 17300 16610 14376 11340 8204 5440 3282 1784 864 372 142 48 14 4 0 0 0 0 0 0 0 0 0 0 0
  tag_recapture[Tags2005_R1_R1].scanned_2007	0 0 0 2 12 44 108 304 874 2084 4222 7482 11500 15202 17398 17416 15372 12058 8484 5400 3120 1634 774 328 124 42 12 4 0 0 0 0 0 0 0 0 0 0 0
  tag_recapture[Tags2005_R1_R1].scanned_2008	0 0 0 2 16 56 134 366 996 2206 4150 6982 10470 13812 16086 16660 15348 12552 9110 5878 3378 1736 798 328 122 40 12 4 0 0 0 0 0 0 0 0 0 0 0
  tag_recapture[Tags2005_R1_R1].scanned_2009	0 0 0 2 12 46 136 434 1214 2678 4932 7988 11386 14222 15812 15924 14588 12086 8990 5970 3526 1846 856 352 128 42 12 4 0 0 0 0 0 0 0 0 0 0 0
  tag_recapture[Tags2005_R1_R1].scanned_2010	0 0 0 2 14 54 128 358 1056 2572 5196 8880 12828 15798 17014 16426 14404 11512 8378 5532 3292 1752 828 346 128 42 12 4 0 0 0 0 0 0 0 0 0 0 0
  tag_recapture[Tags2005_R1_R1].step	1
  tag_recapture[Tags2005_R1_R1].tag_name	Tags2005_R1
  tag_recapture[Tags2005_R1_R1].years	2006 2007 2008 2009 2010
  tag_recapture[Tags2006_R1_R1].area	R1
  tag_recapture[Tags2006_R1_R1].class_mins	100 150 200 250 300 350 400 450 500 550 600 650 700 750 800 850 900 950 1000 1050 1100 1150 1200 1250 1300 1350 1400 1450 1500 1550 1600 1650 1700 1750 1800 1850 1900 1950 2000 2050
  tag_recapture[Tags2006_R1_R1].detection_probability	1
  tag_recapture[Tags2006_R1_R1].dispersion	1
  tag_recapture[Tags2006_R1_R1].do_bootstrap	True
  tag_recapture[Tags2006_R1_R1].plus_group	False
  tag_recapture[Tags2006_R1_R1].proportion_mortality	0.5
  tag_recapture[Tags2006_R1_R1].r	1e-11
  tag_recapture[Tags2006_R1_R1].recaptured_2007	0 0 0 0 0 0 0 0 0.1 0.4 1.3 3.1 6.2 10.2 13.7 15.3 14.5 11.7 8.1 4.9 2.6 1.2 0.5 0.2 0 0 0 0 0 0 0 0 0 0 0 0 0 0 0
  tag_recapture[Tags2006_R1_R1].recaptured_2008	0 0 0 0 0 0 0 0 0 0.1 0.3 1 2.2 4.1 6.5 8.6 9.6 9.2 7.6 5.3 3.3 1.7 0.8 0.3 0.1 0 0 0 0 0 0 0 0 0 0 0 0 0 0
  tag_recapture[Tags2006_R1_R1].recaptured_2009	0 0 0 0 0 0 0 0 0 0 0.1 0.4 0.9 1.9 3.2 4.5 5.5 5.7 5 3.7 2.4 1.4 0.7 0.3 0.1 0 0 0 0 0 0 0 0 0 0 0 0 0 0
  tag_recapture[Tags2006_R1_R1].recaptured_2010	0 0 0 0 0 0 0 0 0 0 0 0.1 0.3 0.7 1.3 2 2.7 3 2.9 2.4 1.6 1 0.5 0.2 0 0 0 0 0 0 0 0 0 0 0 0 0 0 0
  tag_recapture[Tags2006_R1_R1].sample	size
  tag_recapture[Tags2006_R1_R1].scanned_2007	0 0 0 2 12 44 108 304 874 2084 4222 7482 11500 15202 17398 17416 15372 12058 8484 5400 3120 1634 774 328 124 42 12 4 0 0 0 0 0 0 0 0 0 0 0
  tag_recapture[Tags2006_R1_R1].scanned_2008	0 0 0 2 16 56 134 366 996 2206 4150 6982 10470 13812 16086 16660 15348 12552 9110 5878 3378 1736 798 328 122 40 12 4 0 0 0 0 0 0 0 0 0 0 0
  tag_recapture[Tags2006_R1_R1].scanned_2009	0 0 0 2 12 46 136 434 1214 2678 4932 7988 11386 14222 15812 15924 14588 12086 8990 5970 3526 1846 856 352 128 42 12 4 0 0 0 0 0 0 0 0 0 0 0
  tag_recapture[Tags2006_R1_R1].scanned_2010	0 0 0 2 14 54 128 358 1056 2572 5196 8880 12828 15798 17014 16426 14404 11512 8378 5532 3292 1752 828 346 128 42 12 4 0 0 0 0 0 0 0 0 0 0 0
  tag_recapture[Tags2006_R1_R1].step	1
  tag_recapture[Tags2006_R1_R1].tag_name	Tags2006_R1
  tag_recapture[Tags2006_R1_R1].years	2007 2008 2009 2010
  tag_recapture[Tags2007_R1_R1].area	R1
  tag_recapture[Tags2007_R1_R1].class_mins	100 150 200 250 300 350 400 450 500 550 600 650 700 750 800 850 900 950 1000 1050 1100 1150 1200 1250 1300 1350 1400 1450 1500 1550 1600 1650 1700 1750 1800 1850 1900 1950 2000 2050
  tag_recapture[Tags2007_R1_R1].detection_probability	1
  tag_recapture[Tags2007_R1_R1].dispersion	1
  tag_recapture[Tags2007_R1_R1].do_bootstrap	True
  tag_recapture[Tags2007_R1_R1].plus_group	False
  tag_recapture[Tags2007_R1_R1].proportion_mortality	0.5
  tag_recapture[Tags2007_R1_R1].r	1e-11
  tag_recapture[Tags2007_R1_R1].recaptured_2008	0 0 0 0 0 0 0 0 0.1 0.3 1.1 2.7 5.5 9.4 13.3 15.8 15.7 13.4 9.6 5.9 3.1 1.4 0.6 0.2 0 0 0 0 0 0 0 0 0 0 0 0 0 0 0
  tag_recapture[Tags2007_R1_R1].recaptured_2009	0 0 0 0 0 0 0 0 0 0 0.3 0.7 1.7 3.4 5.6 7.8 9 8.8 7.2 5.1 3 1.5 0.7 0.2 0 0 0 0 0 0 0 0 0 0 0 0 0 0 0
  tag_recapture[Tags2007_R1_R1].recaptured_2010	0 0 0 0 0 0 0 0 0 0 0 0.2 0.7 1.4 2.6 3.9 5.1 5.7 5.3 4.2 2.8 1.6 0.8 0.3 0.2 0 0 0 0 0 0 0 0 0 0 0 0 0 0
  tag_recapture[Tags2007_R1_R1].sample	size
  tag_recapture[Tags2007_R1_R1].scanned_2008	0 0 0 2 16 56 134 366 996 2206 4150 6982 10470 13812 16086 16660 15348 12552 9110 5878 3378 1736 798 328 122 40 12 4 0 0 0 0 0 0 0 0 0 0 0
  tag_recapture[Tags2007_R1_R1].scanned_2009	0 0 0 2 12 46 136 434 1214 2678 4932 7988 11386 14222 15812 15924 14588 12086 8990 5970 3526 1846 856 352 128 42 12 4 0 0 0 0 0 0 0 0 0 0 0
  tag_recapture[Tags2007_R1_R1].scanned_2010	0 0 0 2 14 54 128 358 1056 2572 5196 8880 12828 15798 17014 16426 14404 11512 8378 5532 3292 1752 828 346 128 42 12 4 0 0 0 0 0 0 0 0 0 0 0
  tag_recapture[Tags2007_R1_R1].step	1
  tag_recapture[Tags2007_R1_R1].tag_name	Tags2007_R1
  tag_recapture[Tags2007_R1_R1].years	2008 2009 2010
  tag_recapture[Tags2008_R1_R1].area	R1
  tag_recapture[Tags2008_R1_R1].class_mins	100 150 200 250 300 350 400 450 500 550 600 650 700 750 800 850 900 950 1000 1050 1100 1150 1200 1250 1300 1350 1400 1450 1500 1550 1600 1650 1700 1750 1800 1850 1900 1950 2000 2050
  tag_recapture[Tags2008_R1_R1].detection_probability	1
  tag_recapture[Tags2008_R1_R1].dispersion	1
  tag_recapture[Tags2008_R1_R1].do_bootstrap	True
  tag_recapture[Tags2008_R1_R1].plus_group	False
  tag_recapture[Tags2008_R1_R1].proportion_mortality	0.5
  tag_recapture[Tags2008_R1_R1].r	1e-11
  tag_recapture[Tags2008_R1_R1].recaptured_2009	0 0 0 0 0 0 0 0 0 0.3 1 2.5 5.2 8.9 12.4 14.4 14.3 11.9 8.6 5.3 2.8 1.3 0.5 0.2 0 0 0 0 0 0 0 0 0 0 0 0 0 0 0
  tag_recapture[Tags2008_R1_R1].recaptured_2010	0 0 0 0 0 0 0 0 0 0.1 0.4 1 2.2 4.2 6.3 8.1 8.9 8.3 6.6 4.6 2.7 1.4 0.7 0.3 0.1 0 0 0 0 0 0 0 0 0 0 0 0 0 0
  tag_recapture[Tags2008_R1_R1].sample	size
  tag_recapture[Tags2008_R1_R1].scanned_2009	0 0 0 2 12 46 136 434 1214 2678 4932 7988 11386 14222 15812 15924 14588 12086 8990 5970 3526 1846 856 352 128 42 12 4 0 0 0 0 0 0 0 0 0 0 0
  tag_recapture[Tags2008_R1_R1].scanned_2010	0 0 0 2 14 54 128 358 1056 2572 5196 8880 12828 15798 17014 16426 14404 11512 8378 5532 3292 1752 828 346 128 42 12 4 0 0 0 0 0 0 0 0 0 0 0
  tag_recapture[Tags2008_R1_R1].step	1
  tag_recapture[Tags2008_R1_R1].tag_name	Tags2008_R1
  tag_recapture[Tags2008_R1_R1].years	2009 2010
  tag_recapture[Tags2009_R1_R1].area	R1
  tag_recapture[Tags2009_R1_R1].class_mins	100 150 200 250 300 350 400 450 500 550 600 650 700 750 800 850 900 950 1000 1050 1100 1150 1200 1250 1300 1350 1400 1450 1500 1550 1600 1650 1700 1750 1800 1850 1900 1950 2000 2050
  tag_recapture[Tags2009_R1_R1].detection_probability	1
  tag_recapture[Tags2009_R1_R1].dispersion	1
  tag_recapture[Tags2009_R1_R1].do_bootstrap	True
  tag_recapture[Tags2009_R1_R1].plus_group	False
  tag_recapture[Tags2009_R1_R1].proportion_mortality	0.5
  tag_recapture[Tags2009_R1_R1].r	1e-11
  tag_recapture[Tags2009_R1_R1].recaptured_2010	0 0 0 0 0 0 0 0 0.2 0.5 1.6 3.7 6.8 10.3 12.9 13.7 12.4 9.7 6.8 4.1 2.3 1.1 0.5 0.2 0 0 0 0 0 0 0 0 0 0 0 0 0 0 0
  tag_recapture[Tags2009_R1_R1].sample	size
  tag_recapture[Tags2009_R1_R1].scanned_2010	0 0 0 2 14 54 128 358 1056 2572 5196 8880 12828 15798 17014 16426 14404 11512 8378 5532 3292 1752 828 346 128 42 12 4 0 0 0 0 0 0 0 0 0 0 0
  tag_recapture[Tags2009_R1_R1].step	1
  tag_recapture[Tags2009_R1_R1].tag_name	Tags2009_R1
  tag_recapture[Tags2009_R1_R1].years	2010
  vector_average_penalty[1].k   	1
  vector_average_penalty[1].label	meanYCS_1
  vector_average_penalty[1].multiplier	100
  vector_average_penalty[1].vector	recruitment.YCS
Stored as DOUBLEs: 
Stored as VECTORs: 
Stored as OGIVEs: 

Population parameters:
Stored as strings: 
  annual_cycle.M_props          	1
  annual_cycle.aging_time       	1
  annual_cycle.baranov          	False
  annual_cycle.fishery_areas    	R1
  annual_cycle.fishery_names    	LL
  annual_cycle.fishery_times    	1
  annual_cycle.growth_props     	0
  annual_cycle.n_migrations     	0
  annual_cycle.recruitment_areas	R1
  annual_cycle.recruitment_time 	1
  annual_cycle.spawning_all_areas	1
  annual_cycle.spawning_p       	1
  annual_cycle.spawning_part_mort	1
  annual_cycle.spawning_time    	1
  annual_cycle.spawning_use_total_B	False
  annual_cycle.time_steps       	1
  area_names                    	R1
  current                       	2010
  final                         	2045
  first_random_year             	2007
  fishery[LL].U_max             	0.95
  fishery[LL].catches           	0 1000 1000 1000 1000 1000 1000 1000 1000 1000 1000 1000 1000 1000 1000 1000 1000 1000 1000 1000 1000
  fishery[LL].future_constant_catches	200
  fishery[LL].selectivity       	SelLL
  fishery[LL].years             	1990 1991 1992 1993 1994 1995 1996 1997 1998 1999 2000 2001 2002 2003 2004 2005 2006 2007 2008 2009 2010
  initial                       	1990
  initialization.B0             	101812
  mature_partition              	False
  maturity_props.all            	allvalues  0.05 0.1866 0.5 0.8134 0.95 0.9881 0.9972 0.9994 0.9999 1 1 1
  max_age                       	12
  min_age                       	1
  n_areas                       	1
  n_stocks                      	1
  n_tags                        	5
  natural_mortality.all         	0.13
  plus_group                    	True
  randomisation_method          	lognormal
  recruitment.SR                	BH
  recruitment.YCS               	1 1 1 1 1 1 1 1 1 1 1 1 1 1 1 1 1 1 1 1 1
  recruitment.YCS_years         	1989 1990 1991 1992 1993 1994 1995 1996 1997 1998 1999 2000 2001 2002 2003 2004 2005 2006 2007 2008 2009
  recruitment.first_free        	1989
  recruitment.last_free         	2006
  recruitment.p_male            	0.5
  recruitment.rho               	0
  recruitment.sigma_r           	0.6
  recruitment.steepness         	0.75
  recruitment.year_range        	1989 2006
  selectivity[SelLL].all        	double_normal 4 1 3
  selectivity_names             	SelLL
  sex_partition                 	False
  size_at_age.Linf              	1080
  size_at_age.by_length         	True
  size_at_age.cv                	0.122
  size_at_age.k                 	0.32
  size_at_age.t0                	0
  size_at_age_dist              	normal
  size_at_age_type              	von_Bert
  size_based                    	False
  size_weight.a                 	3.0088e-12
  size_weight.b                 	3.2064
  size_weight.verify_size_weight	500 0.5 1.5
  standardise_YCS               	True
  tag[Tags2005_R1_LL].area      	R1
  tag[Tags2005_R1_LL].class_mins	100 150 200 250 300 350 400 450 500 550 600 650 700 750 800 850 900 950 1000 1050 1100 1150 1200 1250 1300 1350 1400 1450 1500 1550 1600 1650 1700 1750 1800 1850 1900 1950 2000 2050
  tag[Tags2005_R1_LL].mature_only	False
  tag[Tags2005_R1_LL].mortality 	0.1
  tag[Tags2005_R1_LL].number    	2500
  tag[Tags2005_R1_LL].ogive     	SelLL
  tag[Tags2005_R1_LL].plus_group	False
  tag[Tags2005_R1_LL].props_all 	0 0 0 0 2e-04 7e-04 0.0015 0.0037 0.01 0.0224 0.042 0.0679 0.0945 0.1145 0.1241 0.1237 0.1142 0.0964 0.0736 0.0503 0.0306 0.0165 0.0079 0.0033 0.0012 4e-04 1e-04 0 0 0 0 0 0 0 0 0 0 0 0
  tag[Tags2005_R1_LL].release_type	deterministic
  tag[Tags2005_R1_LL].sex       	both
  tag[Tags2005_R1_LL].step      	1
  tag[Tags2005_R1_LL].tag_name  	Tags2005_R1
  tag[Tags2005_R1_LL].year      	2005
  tag[Tags2006_R1_LL].area      	R1
  tag[Tags2006_R1_LL].class_mins	100 150 200 250 300 350 400 450 500 550 600 650 700 750 800 850 900 950 1000 1050 1100 1150 1200 1250 1300 1350 1400 1450 1500 1550 1600 1650 1700 1750 1800 1850 1900 1950 2000 2050
  tag[Tags2006_R1_LL].mature_only	False
  tag[Tags2006_R1_LL].mortality 	0.1
  tag[Tags2006_R1_LL].number    	2500
  tag[Tags2006_R1_LL].ogive     	SelLL
  tag[Tags2006_R1_LL].plus_group	False
  tag[Tags2006_R1_LL].props_all 	0 0 0 0 0 1e-04 6e-04 0.0028 0.0087 0.0209 0.0418 0.0712 0.1031 0.1271 0.1362 0.1298 0.112 0.0882 0.0639 0.0424 0.0257 0.014 0.0068 0.003 0.0011 4e-04 1e-04 0 0 0 0 0 0 0 0 0 0 0 0
  tag[Tags2006_R1_LL].release_type	deterministic
  tag[Tags2006_R1_LL].sex       	both
  tag[Tags2006_R1_LL].step      	1
  tag[Tags2006_R1_LL].tag_name  	Tags2006_R1
  tag[Tags2006_R1_LL].year      	2006
  tag[Tags2007_R1_LL].area      	R1
  tag[Tags2007_R1_LL].class_mins	100 150 200 250 300 350 400 450 500 550 600 650 700 750 800 850 900 950 1000 1050 1100 1150 1200 1250 1300 1350 1400 1450 1500 1550 1600 1650 1700 1750 1800 1850 1900 1950 2000 2050
  tag[Tags2007_R1_LL].mature_only	False
  tag[Tags2007_R1_LL].mortality 	0.1
  tag[Tags2007_R1_LL].number    	2500
  tag[Tags2007_R1_LL].ogive     	SelLL
  tag[Tags2007_R1_LL].plus_group	False
  tag[Tags2007_R1_LL].props_all 	0 0 0 0 0 2e-04 6e-04 0.0022 0.0066 0.0164 0.0343 0.0617 0.0949 0.1249 0.1419 0.1409 0.1233 0.0959 0.067 0.0423 0.0243 0.0127 0.006 0.0025 0.001 3e-04 1e-04 0 0 0 0 0 0 0 0 0 0 0 0
  tag[Tags2007_R1_LL].release_type	deterministic
  tag[Tags2007_R1_LL].sex       	both
  tag[Tags2007_R1_LL].step      	1
  tag[Tags2007_R1_LL].tag_name  	Tags2007_R1
  tag[Tags2007_R1_LL].year      	2007
  tag[Tags2008_R1_LL].area      	R1
  tag[Tags2008_R1_LL].class_mins	100 150 200 250 300 350 400 450 500 550 600 650 700 750 800 850 900 950 1000 1050 1100 1150 1200 1250 1300 1350 1400 1450 1500 1550 1600 1650 1700 1750 1800 1850 1900 1950 2000 2050
  tag[Tags2008_R1_LL].mature_only	False
  tag[Tags2008_R1_LL].mortality 	0.1
  tag[Tags2008_R1_LL].number    	2500
  tag[Tags2008_R1_LL].ogive     	SelLL
  tag[Tags2008_R1_LL].plus_group	False
  tag[Tags2008_R1_LL].props_all 	0 0 0 0 1e-04 3e-04 9e-04 0.0027 0.0077 0.0176 0.034 0.0581 0.0876 0.1154 0.1337 0.1376 0.126 0.1026 0.0744 0.0481 0.0278 0.0144 0.0066 0.0028 0.001 3e-04 1e-04 0 0 0 0 0 0 0 0 0 0 0 0
  tag[Tags2008_R1_LL].release_type	deterministic
  tag[Tags2008_R1_LL].sex       	both
  tag[Tags2008_R1_LL].step      	1
  tag[Tags2008_R1_LL].tag_name  	Tags2008_R1
  tag[Tags2008_R1_LL].year      	2008
  tag[Tags2009_R1_LL].area      	R1
  tag[Tags2009_R1_LL].class_mins	100 150 200 250 300 350 400 450 500 550 600 650 700 750 800 850 900 950 1000 1050 1100 1150 1200 1250 1300 1350 1400 1450 1500 1550 1600 1650 1700 1750 1800 1850 1900 1950 2000 2050
  tag[Tags2009_R1_LL].mature_only	False
  tag[Tags2009_R1_LL].mortality 	0.1
  tag[Tags2009_R1_LL].number    	2500
  tag[Tags2009_R1_LL].ogive     	SelLL
  tag[Tags2009_R1_LL].plus_group	False
  tag[Tags2009_R1_LL].props_all 	0 0 0 0 0 1e-04 9e-04 0.0036 0.0105 0.023 0.0416 0.0664 0.0935 0.1156 0.1276 0.1281 0.1173 0.0973 0.0724 0.0481 0.0283 0.0147 0.0068 0.0027 0.001 3e-04 1e-04 0 0 0 0 0 0 0 0 0 0 0 0
  tag[Tags2009_R1_LL].release_type	deterministic
  tag[Tags2009_R1_LL].sex       	both
  tag[Tags2009_R1_LL].step      	1
  tag[Tags2009_R1_LL].tag_name  	Tags2009_R1
  tag[Tags2009_R1_LL].year      	2009
  tag_growth_loss[Tags2005_R1].nogrowth_period	0
  tag_growth_loss[Tags2006_R1].nogrowth_period	0
  tag_growth_loss[Tags2007_R1].nogrowth_period	0
  tag_growth_loss[Tags2008_R1].nogrowth_period	0
  tag_growth_loss[Tags2009_R1].nogrowth_period	0
  tag_loss_props                	1
  tag_names                     	Tags2005_R1 Tags2006_R1 Tags2007_R1 Tags2008_R1 Tags2009_R1
  tag_shedding_rate             	0.0084 0.0084 0.0084 0.0084 0.0084
  y_enter                       	1
Stored as DOUBLEs: 
Stored as VECTORs: 
Stored as OGIVEs: 

Output parameters:
Stored as strings: 
  n_projections                 	100
  numbers_at[Numbers_at_age_R1].area	R1
  numbers_at[Numbers_at_age_R1].proportion_mortality	0.5
  numbers_at[Numbers_at_age_R1].step	1
  numbers_at[Numbers_at_age_R1].years	1990 1991 1992 1993 1994 1995 1996 1997 1998 1999 2000 2001 2002 2003 2004 2005 2006 2007 2008 2009 2010
  print.covariance              	true
  print.estimation_section      	true
  print.final_state             	false
  print.fits                    	true
  print.fits_every_eval         	false
  print.initial_state           	false
  print.normalised_resids       	true
  print.objective_every_eval    	false
  print.parameter_vector_every_eval	false
  print.parameters              	true
  print.parameters_every_eval   	false
  print.pearson_resids          	true
  print.requests                	false
  print.resids                  	true
  print.results                 	false
  print.state_annually          	false
  print.state_every_step        	false
  print.unused_parameters       	true
  print.yields                  	true
  quantities.B0                 	true
  quantities.R0                 	true
  quantities.SSBs               	true
  quantities.YCS                	true
  quantities.actual_catches     	false
  quantities.all_free_parameters	true
  quantities.fishing_pressures  	true
  quantities.nuisance_qs        	true
  quantities.recruitments       	true
  quantities.true_YCS           	true
Stored as DOUBLEs: 
Stored as VECTORs: 
Stored as OGIVEs: 

A fish of size 500 cm has a weight of 1.35635 kg in your model. This size-weight scale check assumes that the growth curve is in centimetres, and that the catch is in tonnes.

A fish of size 500 cm has a weight of 1.35635 kg in your model. This size-weight scale check assumes that the growth curve is in centimetres, and that the catch is in tonnes.

Estimation section :

Objective function: Bayes

Minimiser convergence threshold: 0.001


Observations:

The observations are:
LL_catchA
Tags2005_R1_R1
Tags2006_R1_R1
Tags2007_R1_R1
Tags2008_R1_R1
Tags2009_R1_R1
Fits follow:

LL_catchA :
catch proportions-at-age for fishery LL  with ageing error (not constrained to sum to 1):
obs (last class is a plus group):
class 1       2       3       4       5       6       7       8       9       10      11      12      
2000 0       0.013   0.127   0.383   0.2     0.132   0.078   0.028   0.027   0.004   0.004   0.004   
2001 0.001   0.018   0.117   0.246   0.317   0.133   0.081   0.053   0.018   0.006   0.004   0.006   
2002 0       0.016   0.157   0.252   0.208   0.213   0.079   0.049   0.018   0.002   0.004   0.002   
2003 0       0.009   0.099   0.342   0.196   0.141   0.122   0.043   0.026   0.01    0.003   0.009   
2004 0       0.03    0.125   0.233   0.269   0.141   0.096   0.071   0.019   0.006   0.003   0.007   
2005 0.001   0.028   0.203   0.242   0.175   0.168   0.086   0.037   0.036   0.013   0.002   0.009   
2006 0       0.014   0.217   0.321   0.165   0.098   0.097   0.044   0.02    0.015   0.005   0.004   
2007 0       0.014   0.153   0.345   0.265   0.091   0.066   0.034   0.018   0.005   0.003   0.006   
2008 0       0.026   0.172   0.254   0.256   0.177   0.062   0.025   0.016   0.004   0.003   0.005   
2009 0       0.026   0.202   0.247   0.202   0.168   0.101   0.026   0.01    0.012   0.002   0.004   
2010 0.003   0.018   0.191   0.309   0.18    0.119   0.104   0.052   0.011   0.003   0.001   0.009   
objective function: multinomial likelihood, with delta = 1e-011, N =
100 100 100 100 100 100 100 100 100 100 100 100 
100 100 100 100 100 100 100 100 100 100 100 100 
100 100 100 100 100 100 100 100 100 100 100 100 
100 100 100 100 100 100 100 100 100 100 100 100 
100 100 100 100 100 100 100 100 100 100 100 100 
100 100 100 100 100 100 100 100 100 100 100 100 
100 100 100 100 100 100 100 100 100 100 100 100 
100 100 100 100 100 100 100 100 100 100 100 100 
100 100 100 100 100 100 100 100 100 100 100 100 
100 100 100 100 100 100 100 100 100 100 100 100 
100 100 100 100 100 100 100 100 100 100 100 100 

Tags2005_R1_R1 :
tag-recapture data for tag Tags2005_R1 in years 2006 2007 2008 2009 2010 , step 1, after proportion 0.5 of mortality, with sampling method size, detection probability 1.
Year 2006
class scanned recaptured
100 0 0
150 0 0
200 0 0
250 2 0
300 10 0
350 38 0
400 108 0
450 340 0
500 1022 0.2
550 2490 0.4
600 5058 1.3
650 8746 3
700 12818 5.8
750 15986 9.2
800 17300 12
850 16610 13.1
900 14376 12.4
950 11340 10
1000 8204 7.2
1050 5440 4.6
1100 3282 2.5
1150 1784 1.3
1200 864 0.6
1250 372 0.2
1300 142 0
1350 48 0
1400 14 0
1450 4 0
1500 0 0
1550 0 0
1600 0 0
1650 0 0
1700 0 0
1750 0 0
1800 0 0
1850 0 0
1900 0 0
1950 0 0
2000 0 0


Year 2007
class scanned recaptured
100 0 0
150 0 0
200 0 0
250 2 0
300 12 0
350 44 0
400 108 0
450 304 0
500 874 0
550 2084 0.1
600 4222 0.3
650 7482 0.8
700 11500 1.9
750 15202 3.3
800 17398 4.8
850 17416 6.1
900 15372 6.4
950 12058 5.9
1000 8484 4.6
1050 5400 3.2
1100 3120 1.9
1150 1634 1
1200 774 0.4
1250 328 0.2
1300 124 0
1350 42 0
1400 12 0
1450 4 0
1500 0 0
1550 0 0
1600 0 0
1650 0 0
1700 0 0
1750 0 0
1800 0 0
1850 0 0
1900 0 0
1950 0 0
2000 0 0


Year 2008
class scanned recaptured
100 0 0
150 0 0
200 0 0
250 2 0
300 16 0
350 56 0
400 134 0
450 366 0
500 996 0
550 2206 0
600 4150 0.1
650 6982 0.3
700 10470 0.7
750 13812 1.5
800 16086 2.6
850 16660 3.8
900 15348 4.7
950 12552 4.9
1000 9110 4.5
1050 5878 3.4
1100 3378 2.3
1150 1736 1.2
1200 798 0.6
1250 328 0.3
1300 122 0.1
1350 40 0
1400 12 0
1450 4 0
1500 0 0
1550 0 0
1600 0 0
1650 0 0
1700 0 0
1750 0 0
1800 0 0
1850 0 0
1900 0 0
1950 0 0
2000 0 0


Year 2009
class scanned recaptured
100 0 0
150 0 0
200 0 0
250 2 0
300 12 0
350 46 0
400 136 0
450 434 0
500 1214 0
550 2678 0
600 4932 0
650 7988 0
700 11386 0.2
750 14222 0.5
800 15812 0.9
850 15924 1.4
900 14588 1.9
950 12086 2.3
1000 8990 2.1
1050 5970 1.8
1100 3526 1.2
1150 1846 0.7
1200 856 0.4
1250 352 0.2
1300 128 0
1350 42 0
1400 12 0
1450 4 0
1500 0 0
1550 0 0
1600 0 0
1650 0 0
1700 0 0
1750 0 0
1800 0 0
1850 0 0
1900 0 0
1950 0 0
2000 0 0


Year 2010
class scanned recaptured
100 0 0
150 0 0
200 0 0
250 2 0
300 14 0
350 54 0
400 128 0
450 358 0
500 1056 0
550 2572 0
600 5196 0
650 8880 0
700 12828 0
750 15798 0.1
800 17014 0.3
850 16426 0.4
900 14404 0.5
950 11512 0.8
1000 8378 0.8
1050 5532 0.7
1100 3292 0.6
1150 1752 0.4
1200 828 0.2
1250 346 0.1
1300 128 0
1350 42 0
1400 12 0
1450 4 0
1500 0 0
1550 0 0
1600 0 0
1650 0 0
1700 0 0
1750 0 0
1800 0 0
1850 0 0
1900 0 0
1950 0 0
2000 0 0


Tags2006_R1_R1 :
tag-recapture data for tag Tags2006_R1 in years 2007 2008 2009 2010 , step 1, after proportion 0.5 of mortality, with sampling method size, detection probability 1.
Year 2007
class scanned recaptured
100 0 0
150 0 0
200 0 0
250 2 0
300 12 0
350 44 0
400 108 0
450 304 0
500 874 0.1
550 2084 0.4
600 4222 1.3
650 7482 3.1
700 11500 6.2
750 15202 10.2
800 17398 13.7
850 17416 15.3
900 15372 14.5
950 12058 11.7
1000 8484 8.1
1050 5400 4.9
1100 3120 2.6
1150 1634 1.2
1200 774 0.5
1250 328 0.2
1300 124 0
1350 42 0
1400 12 0
1450 4 0
1500 0 0
1550 0 0
1600 0 0
1650 0 0
1700 0 0
1750 0 0
1800 0 0
1850 0 0
1900 0 0
1950 0 0
2000 0 0


Year 2008
class scanned recaptured
100 0 0
150 0 0
200 0 0
250 2 0
300 16 0
350 56 0
400 134 0
450 366 0
500 996 0
550 2206 0.1
600 4150 0.3
650 6982 1
700 10470 2.2
750 13812 4.1
800 16086 6.5
850 16660 8.6
900 15348 9.6
950 12552 9.2
1000 9110 7.6
1050 5878 5.3
1100 3378 3.3
1150 1736 1.7
1200 798 0.8
1250 328 0.3
1300 122 0.1
1350 40 0
1400 12 0
1450 4 0
1500 0 0
1550 0 0
1600 0 0
1650 0 0
1700 0 0
1750 0 0
1800 0 0
1850 0 0
1900 0 0
1950 0 0
2000 0 0


Year 2009
class scanned recaptured
100 0 0
150 0 0
200 0 0
250 2 0
300 12 0
350 46 0
400 136 0
450 434 0
500 1214 0
550 2678 0
600 4932 0.1
650 7988 0.4
700 11386 0.9
750 14222 1.9
800 15812 3.2
850 15924 4.5
900 14588 5.5
950 12086 5.7
1000 8990 5
1050 5970 3.7
1100 3526 2.4
1150 1846 1.4
1200 856 0.7
1250 352 0.3
1300 128 0.1
1350 42 0
1400 12 0
1450 4 0
1500 0 0
1550 0 0
1600 0 0
1650 0 0
1700 0 0
1750 0 0
1800 0 0
1850 0 0
1900 0 0
1950 0 0
2000 0 0


Year 2010
class scanned recaptured
100 0 0
150 0 0
200 0 0
250 2 0
300 14 0
350 54 0
400 128 0
450 358 0
500 1056 0
550 2572 0
600 5196 0
650 8880 0.1
700 12828 0.3
750 15798 0.7
800 17014 1.3
850 16426 2
900 14404 2.7
950 11512 3
1000 8378 2.9
1050 5532 2.4
1100 3292 1.6
1150 1752 1
1200 828 0.5
1250 346 0.2
1300 128 0
1350 42 0
1400 12 0
1450 4 0
1500 0 0
1550 0 0
1600 0 0
1650 0 0
1700 0 0
1750 0 0
1800 0 0
1850 0 0
1900 0 0
1950 0 0
2000 0 0


Tags2007_R1_R1 :
tag-recapture data for tag Tags2007_R1 in years 2008 2009 2010 , step 1, after proportion 0.5 of mortality, with sampling method size, detection probability 1.
Year 2008
class scanned recaptured
100 0 0
150 0 0
200 0 0
250 2 0
300 16 0
350 56 0
400 134 0
450 366 0
500 996 0.1
550 2206 0.3
600 4150 1.1
650 6982 2.7
700 10470 5.5
750 13812 9.4
800 16086 13.3
850 16660 15.8
900 15348 15.7
950 12552 13.4
1000 9110 9.6
1050 5878 5.9
1100 3378 3.1
1150 1736 1.4
1200 798 0.6
1250 328 0.2
1300 122 0
1350 40 0
1400 12 0
1450 4 0
1500 0 0
1550 0 0
1600 0 0
1650 0 0
1700 0 0
1750 0 0
1800 0 0
1850 0 0
1900 0 0
1950 0 0
2000 0 0


Year 2009
class scanned recaptured
100 0 0
150 0 0
200 0 0
250 2 0
300 12 0
350 46 0
400 136 0
450 434 0
500 1214 0
550 2678 0
600 4932 0.3
650 7988 0.7
700 11386 1.7
750 14222 3.4
800 15812 5.6
850 15924 7.8
900 14588 9
950 12086 8.8
1000 8990 7.2
1050 5970 5.1
1100 3526 3
1150 1846 1.5
1200 856 0.7
1250 352 0.2
1300 128 0
1350 42 0
1400 12 0
1450 4 0
1500 0 0
1550 0 0
1600 0 0
1650 0 0
1700 0 0
1750 0 0
1800 0 0
1850 0 0
1900 0 0
1950 0 0
2000 0 0


Year 2010
class scanned recaptured
100 0 0
150 0 0
200 0 0
250 2 0
300 14 0
350 54 0
400 128 0
450 358 0
500 1056 0
550 2572 0
600 5196 0
650 8880 0.2
700 12828 0.7
750 15798 1.4
800 17014 2.6
850 16426 3.9
900 14404 5.1
950 11512 5.7
1000 8378 5.3
1050 5532 4.2
1100 3292 2.8
1150 1752 1.6
1200 828 0.8
1250 346 0.3
1300 128 0.2
1350 42 0
1400 12 0
1450 4 0
1500 0 0
1550 0 0
1600 0 0
1650 0 0
1700 0 0
1750 0 0
1800 0 0
1850 0 0
1900 0 0
1950 0 0
2000 0 0


Tags2008_R1_R1 :
tag-recapture data for tag Tags2008_R1 in years 2009 2010 , step 1, after proportion 0.5 of mortality, with sampling method size, detection probability 1.
Year 2009
class scanned recaptured
100 0 0
150 0 0
200 0 0
250 2 0
300 12 0
350 46 0
400 136 0
450 434 0
500 1214 0
550 2678 0.3
600 4932 1
650 7988 2.5
700 11386 5.2
750 14222 8.9
800 15812 12.4
850 15924 14.4
900 14588 14.3
950 12086 11.9
1000 8990 8.6
1050 5970 5.3
1100 3526 2.8
1150 1846 1.3
1200 856 0.5
1250 352 0.2
1300 128 0
1350 42 0
1400 12 0
1450 4 0
1500 0 0
1550 0 0
1600 0 0
1650 0 0
1700 0 0
1750 0 0
1800 0 0
1850 0 0
1900 0 0
1950 0 0
2000 0 0


Year 2010
class scanned recaptured
100 0 0
150 0 0
200 0 0
250 2 0
300 14 0
350 54 0
400 128 0
450 358 0
500 1056 0
550 2572 0.1
600 5196 0.4
650 8880 1
700 12828 2.2
750 15798 4.2
800 17014 6.3
850 16426 8.1
900 14404 8.9
950 11512 8.3
1000 8378 6.6
1050 5532 4.6
1100 3292 2.7
1150 1752 1.4
1200 828 0.7
1250 346 0.3
1300 128 0.1
1350 42 0
1400 12 0
1450 4 0
1500 0 0
1550 0 0
1600 0 0
1650 0 0
1700 0 0
1750 0 0
1800 0 0
1850 0 0
1900 0 0
1950 0 0
2000 0 0


Tags2009_R1_R1 :
tag-recapture data for tag Tags2009_R1 in years 2010 , step 1, after proportion 0.5 of mortality, with sampling method size, detection probability 1.
Year 2010
class scanned recaptured
100 0 0
150 0 0
200 0 0
250 2 0
300 14 0
350 54 0
400 128 0
450 358 0
500 1056 0.2
550 2572 0.5
600 5196 1.6
650 8880 3.7
700 12828 6.8
750 15798 10.3
800 17014 12.9
850 16426 13.7
900 14404 12.4
950 11512 9.7
1000 8378 6.8
1050 5532 4.1
1100 3292 2.3
1150 1752 1.1
1200 828 0.5
1250 346 0.2
1300 128 0
1350 42 0
1400 12 0
1450 4 0
1500 0 0
1550 0 0
1600 0 0
1650 0 0
1700 0 0
1750 0 0
1800 0 0
1850 0 0
1900 0 0
1950 0 0
2000 0 0



Ageing_error:
  Misclassification matrix:
1 0 0 0 0 0 0 0 0 0 0 0 
0 1 0 0 0 0 0 0 0 0 0 0 
0 0 1 0 0 0 0 0 0 0 0 0 
0 0 0 1 0 0 0 0 0 0 0 0 
0 0 0 0 1 0 0 0 0 0 0 0 
0 0 0 0 0 1 0 0 0 0 0 0 
0 0 0 0 0 0 1 0 0 0 0 0 
0 0 0 0 0 0 0 1 0 0 0 0 
0 0 0 0 0 0 0 0 1 0 0 0 
0 0 0 0 0 0 0 0 0 1 0 0 
0 0 0 0 0 0 0 0 0 0 1 0 
0 0 0 0 0 0 0 0 0 0 0 1 

Free parameters:

initialization.B0
uniform: bounds from 5000 to 500000
current value: 101812
lower bound: 5000
upper bound: 500000

recruitment.YCS
lognormal with means 1 1 1 1 1 1 1 1 1 1 1 1 1 1 1 1 1 1 1 1 1 c.v.s 1 1 1 1 1 1 1 1 1 1 1 1 1 1 1 1 1 1 1 1 1 :
bounds of
1 1 1 1 1 1 1 1 1 1 1 1 1 1 1 1 1 1 1 1 1 
1 1 1 1 1 1 1 1 1 1 1 1 1 1 1 1 1 1 1 1 1 
current values: 1 1 1 1 1 1 1 1 1 1 1 1 1 1 1 1 1 1 1 1 1 
lower bounds: 1 1 1 1 1 1 1 1 1 1 1 1 1 1 1 1 1 1 1 1 1 
upper bounds: 1 1 1 1 1 1 1 1 1 1 1 1 1 1 1 1 1 1 1 1 1 


Q's:
qs are nuisance parameters

Penalties:
LL_Penalty :
Catch limit penalty of 1000 x the sum of squares of (log(actual catch) - log(specified catch)) for fishery LL to disencourage breaking exploitation rate limits
meanYCS_1 :
Vector average penalty of 100 x square of (mean(recruitment.YCS) - 1) 
Penalty_Tags2005_R1_LL :
'Fish-must-be-tagged' penalty of 1 x square of (actual number of tagged fish - nominal number of tagged fish) for tagging episode Tags2005_R1_LL
Penalty_Tags2006_R1_LL :
'Fish-must-be-tagged' penalty of 1 x square of (actual number of tagged fish - nominal number of tagged fish) for tagging episode Tags2006_R1_LL
Penalty_Tags2007_R1_LL :
'Fish-must-be-tagged' penalty of 1 x square of (actual number of tagged fish - nominal number of tagged fish) for tagging episode Tags2007_R1_LL
Penalty_Tags2008_R1_LL :
'Fish-must-be-tagged' penalty of 1 x square of (actual number of tagged fish - nominal number of tagged fish) for tagging episode Tags2008_R1_LL
Penalty_Tags2009_R1_LL :
'Fish-must-be-tagged' penalty of 1 x square of (actual number of tagged fish - nominal number of tagged fish) for tagging episode Tags2009_R1_LL

Components of the objective function are:
  LL_catchA
  Tags2005_R1_R1
  Tags2006_R1_R1
  Tags2007_R1_R1
  Tags2008_R1_R1
  Tags2009_R1_R1
  prior_on_initialization.B0
  prior_on_recruitment.YCS
  LL_Penalty
  meanYCS_1
  Penalty_Tags2005_R1_LL
  Penalty_Tags2006_R1_LL
  Penalty_Tags2007_R1_LL
  Penalty_Tags2008_R1_LL
  Penalty_Tags2009_R1_LL

Random number seed : 42941


Minimiser achieved convergence after 3 quasi-Newton iterations using 5 objective function evaluations



Approximate Covariance matrix (Inverse Hessian of parameters at point estimate):
6.62666e+006 0 0 0 0 0 0 0 0 0 0 0 0 0 0 0 0 0 0 0 0 0 
0 0 0 0 0 0 0 0 0 0 0 0 0 0 0 0 0 0 0 0 0 0 
0 0 0 0 0 0 0 0 0 0 0 0 0 0 0 0 0 0 0 0 0 0 
0 0 0 0 0 0 0 0 0 0 0 0 0 0 0 0 0 0 0 0 0 0 
0 0 0 0 0 0 0 0 0 0 0 0 0 0 0 0 0 0 0 0 0 0 
0 0 0 0 0 0 0 0 0 0 0 0 0 0 0 0 0 0 0 0 0 0 
0 0 0 0 0 0 0 0 0 0 0 0 0 0 0 0 0 0 0 0 0 0 
0 0 0 0 0 0 0 0 0 0 0 0 0 0 0 0 0 0 0 0 0 0 
0 0 0 0 0 0 0 0 0 0 0 0 0 0 0 0 0 0 0 0 0 0 
0 0 0 0 0 0 0 0 0 0 0 0 0 0 0 0 0 0 0 0 0 0 
0 0 0 0 0 0 0 0 0 0 0 0 0 0 0 0 0 0 0 0 0 0 
0 0 0 0 0 0 0 0 0 0 0 0 0 0 0 0 0 0 0 0 0 0 
0 0 0 0 0 0 0 0 0 0 0 0 0 0 0 0 0 0 0 0 0 0 
0 0 0 0 0 0 0 0 0 0 0 0 0 0 0 0 0 0 0 0 0 0 
0 0 0 0 0 0 0 0 0 0 0 0 0 0 0 0 0 0 0 0 0 0 
0 0 0 0 0 0 0 0 0 0 0 0 0 0 0 0 0 0 0 0 0 0 
0 0 0 0 0 0 0 0 0 0 0 0 0 0 0 0 0 0 0 0 0 0 
0 0 0 0 0 0 0 0 0 0 0 0 0 0 0 0 0 0 0 0 0 0 
0 0 0 0 0 0 0 0 0 0 0 0 0 0 0 0 0 0 0 0 0 0 
0 0 0 0 0 0 0 0 0 0 0 0 0 0 0 0 0 0 0 0 0 0 
0 0 0 0 0 0 0 0 0 0 0 0 0 0 0 0 0 0 0 0 0 0 
0 0 0 0 0 0 0 0 0 0 0 0 0 0 0 0 0 0 0 0 0 0 

Correlation matrix:
1 -1.#IND -1.#IND -1.#IND -1.#IND -1.#IND -1.#IND -1.#IND -1.#IND -1.#IND -1.#IND -1.#IND -1.#IND -1.#IND -1.#IND -1.#IND -1.#IND -1.#IND -1.#IND -1.#IND -1.#IND -1.#IND 
-1.#IND -1.#IND -1.#IND -1.#IND -1.#IND -1.#IND -1.#IND -1.#IND -1.#IND -1.#IND -1.#IND -1.#IND -1.#IND -1.#IND -1.#IND -1.#IND -1.#IND -1.#IND -1.#IND -1.#IND -1.#IND -1.#IND 
-1.#IND -1.#IND -1.#IND -1.#IND -1.#IND -1.#IND -1.#IND -1.#IND -1.#IND -1.#IND -1.#IND -1.#IND -1.#IND -1.#IND -1.#IND -1.#IND -1.#IND -1.#IND -1.#IND -1.#IND -1.#IND -1.#IND 
-1.#IND -1.#IND -1.#IND -1.#IND -1.#IND -1.#IND -1.#IND -1.#IND -1.#IND -1.#IND -1.#IND -1.#IND -1.#IND -1.#IND -1.#IND -1.#IND -1.#IND -1.#IND -1.#IND -1.#IND -1.#IND -1.#IND 
-1.#IND -1.#IND -1.#IND -1.#IND -1.#IND -1.#IND -1.#IND -1.#IND -1.#IND -1.#IND -1.#IND -1.#IND -1.#IND -1.#IND -1.#IND -1.#IND -1.#IND -1.#IND -1.#IND -1.#IND -1.#IND -1.#IND 
-1.#IND -1.#IND -1.#IND -1.#IND -1.#IND -1.#IND -1.#IND -1.#IND -1.#IND -1.#IND -1.#IND -1.#IND -1.#IND -1.#IND -1.#IND -1.#IND -1.#IND -1.#IND -1.#IND -1.#IND -1.#IND -1.#IND 
-1.#IND -1.#IND -1.#IND -1.#IND -1.#IND -1.#IND -1.#IND -1.#IND -1.#IND -1.#IND -1.#IND -1.#IND -1.#IND -1.#IND -1.#IND -1.#IND -1.#IND -1.#IND -1.#IND -1.#IND -1.#IND -1.#IND 
-1.#IND -1.#IND -1.#IND -1.#IND -1.#IND -1.#IND -1.#IND -1.#IND -1.#IND -1.#IND -1.#IND -1.#IND -1.#IND -1.#IND -1.#IND -1.#IND -1.#IND -1.#IND -1.#IND -1.#IND -1.#IND -1.#IND 
-1.#IND -1.#IND -1.#IND -1.#IND -1.#IND -1.#IND -1.#IND -1.#IND -1.#IND -1.#IND -1.#IND -1.#IND -1.#IND -1.#IND -1.#IND -1.#IND -1.#IND -1.#IND -1.#IND -1.#IND -1.#IND -1.#IND 
-1.#IND -1.#IND -1.#IND -1.#IND -1.#IND -1.#IND -1.#IND -1.#IND -1.#IND -1.#IND -1.#IND -1.#IND -1.#IND -1.#IND -1.#IND -1.#IND -1.#IND -1.#IND -1.#IND -1.#IND -1.#IND -1.#IND 
-1.#IND -1.#IND -1.#IND -1.#IND -1.#IND -1.#IND -1.#IND -1.#IND -1.#IND -1.#IND -1.#IND -1.#IND -1.#IND -1.#IND -1.#IND -1.#IND -1.#IND -1.#IND -1.#IND -1.#IND -1.#IND -1.#IND 
-1.#IND -1.#IND -1.#IND -1.#IND -1.#IND -1.#IND -1.#IND -1.#IND -1.#IND -1.#IND -1.#IND -1.#IND -1.#IND -1.#IND -1.#IND -1.#IND -1.#IND -1.#IND -1.#IND -1.#IND -1.#IND -1.#IND 
-1.#IND -1.#IND -1.#IND -1.#IND -1.#IND -1.#IND -1.#IND -1.#IND -1.#IND -1.#IND -1.#IND -1.#IND -1.#IND -1.#IND -1.#IND -1.#IND -1.#IND -1.#IND -1.#IND -1.#IND -1.#IND -1.#IND 
-1.#IND -1.#IND -1.#IND -1.#IND -1.#IND -1.#IND -1.#IND -1.#IND -1.#IND -1.#IND -1.#IND -1.#IND -1.#IND -1.#IND -1.#IND -1.#IND -1.#IND -1.#IND -1.#IND -1.#IND -1.#IND -1.#IND 
-1.#IND -1.#IND -1.#IND -1.#IND -1.#IND -1.#IND -1.#IND -1.#IND -1.#IND -1.#IND -1.#IND -1.#IND -1.#IND -1.#IND -1.#IND -1.#IND -1.#IND -1.#IND -1.#IND -1.#IND -1.#IND -1.#IND 
-1.#IND -1.#IND -1.#IND -1.#IND -1.#IND -1.#IND -1.#IND -1.#IND -1.#IND -1.#IND -1.#IND -1.#IND -1.#IND -1.#IND -1.#IND -1.#IND -1.#IND -1.#IND -1.#IND -1.#IND -1.#IND -1.#IND 
-1.#IND -1.#IND -1.#IND -1.#IND -1.#IND -1.#IND -1.#IND -1.#IND -1.#IND -1.#IND -1.#IND -1.#IND -1.#IND -1.#IND -1.#IND -1.#IND -1.#IND -1.#IND -1.#IND -1.#IND -1.#IND -1.#IND 
-1.#IND -1.#IND -1.#IND -1.#IND -1.#IND -1.#IND -1.#IND -1.#IND -1.#IND -1.#IND -1.#IND -1.#IND -1.#IND -1.#IND -1.#IND -1.#IND -1.#IND -1.#IND -1.#IND -1.#IND -1.#IND -1.#IND 
-1.#IND -1.#IND -1.#IND -1.#IND -1.#IND -1.#IND -1.#IND -1.#IND -1.#IND -1.#IND -1.#IND -1.#IND -1.#IND -1.#IND -1.#IND -1.#IND -1.#IND -1.#IND -1.#IND -1.#IND -1.#IND -1.#IND 
-1.#IND -1.#IND -1.#IND -1.#IND -1.#IND -1.#IND -1.#IND -1.#IND -1.#IND -1.#IND -1.#IND -1.#IND -1.#IND -1.#IND -1.#IND -1.#IND -1.#IND -1.#IND -1.#IND -1.#IND -1.#IND -1.#IND 
-1.#IND -1.#IND -1.#IND -1.#IND -1.#IND -1.#IND -1.#IND -1.#IND -1.#IND -1.#IND -1.#IND -1.#IND -1.#IND -1.#IND -1.#IND -1.#IND -1.#IND -1.#IND -1.#IND -1.#IND -1.#IND -1.#IND 
-1.#IND -1.#IND -1.#IND -1.#IND -1.#IND -1.#IND -1.#IND -1.#IND -1.#IND -1.#IND -1.#IND -1.#IND -1.#IND -1.#IND -1.#IND -1.#IND -1.#IND -1.#IND -1.#IND -1.#IND -1.#IND -1.#IND 

List of parameter names, in the same order as the rows & cols of the covariance/correlation matrices:
initialization.B0 recruitment.YCS 21 



Start extracting output from here

Point estimate:
initialization.B0
current value: 50413.2
lower bound: 5000
upper bound: 500000

recruitment.YCS
current values: 1 1 1 1 1 1 1 1 1 1 1 1 1 1 1 1 1 1 1 1 1 
lower bounds: 1 1 1 1 1 1 1 1 1 1 1 1 1 1 1 1 1 1 1 1 1 
upper bounds: 1 1 1 1 1 1 1 1 1 1 1 1 1 1 1 1 1 1 1 1 1 


In a format suitable for -i :

initialization.B0 recruitment.YCS 21 
50413.2 1 1 1 1 1 1 1 1 1 1 1 1 1 1 1 1 1 1 1 1 1 

Objective function : 559.581

Components :
LL_catchA                                          194.035
Tags2005_R1_R1                                     111.955
Tags2006_R1_R1                                     93.8191
Tags2007_R1_R1                                     77.9157
Tags2008_R1_R1                                     52.4615
Tags2009_R1_R1                                     27.5752
prior_on_initialization.B0                         0
prior_on_recruitment.YCS                           1.81951
LL_Penalty                                         0
meanYCS_1                                          0
Penalty_Tags2005_R1_LL                             8.27181e-025
Penalty_Tags2006_R1_LL                             0
Penalty_Tags2007_R1_LL                             8.27181e-025
Penalty_Tags2008_R1_LL                             2.06795e-025
Penalty_Tags2009_R1_LL                             0

Fits : 

The observations are:
LL_catchA
Tags2005_R1_R1
Tags2006_R1_R1
Tags2007_R1_R1
Tags2008_R1_R1
Tags2009_R1_R1
Fits follow:

LL_catchA :
catch proportions-at-age for fishery LL  with ageing error (not constrained to sum to 1):
obs (last class is a plus group):
class 1       2       3       4       5       6       7       8       9       10      11      12      
2000 0       0.013   0.127   0.383   0.2     0.132   0.078   0.028   0.027   0.004   0.004   0.004   
2001 0.001   0.018   0.117   0.246   0.317   0.133   0.081   0.053   0.018   0.006   0.004   0.006   
2002 0       0.016   0.157   0.252   0.208   0.213   0.079   0.049   0.018   0.002   0.004   0.002   
2003 0       0.009   0.099   0.342   0.196   0.141   0.122   0.043   0.026   0.01    0.003   0.009   
2004 0       0.03    0.125   0.233   0.269   0.141   0.096   0.071   0.019   0.006   0.003   0.007   
2005 0.001   0.028   0.203   0.242   0.175   0.168   0.086   0.037   0.036   0.013   0.002   0.009   
2006 0       0.014   0.217   0.321   0.165   0.098   0.097   0.044   0.02    0.015   0.005   0.004   
2007 0       0.014   0.153   0.345   0.265   0.091   0.066   0.034   0.018   0.005   0.003   0.006   
2008 0       0.026   0.172   0.254   0.256   0.177   0.062   0.025   0.016   0.004   0.003   0.005   
2009 0       0.026   0.202   0.247   0.202   0.168   0.101   0.026   0.01    0.012   0.002   0.004   
2010 0.003   0.018   0.191   0.309   0.18    0.119   0.104   0.052   0.011   0.003   0.001   0.009   
fits (last class is a plus group):
class 1       2       3       4       5       6       7       8       9       10      11      12      
2000 0.000874062 0.024597 0.172244 0.291179 0.21863 0.141667 0.080002 0.0395103 0.0170265 0.00637141 0.00205887 0.00584055 
2001 0.000874916 0.0246183 0.172371 0.291329 0.218662 0.141633 0.0799484 0.0394618 0.0169916 0.0063507 0.00205072 0.00570838 
2002 0.000875719 0.024638 0.172487 0.291459 0.218682 0.141597 0.079901 0.0394238 0.0169667 0.0063364 0.00204367 0.00558885 
2003 0.000876483 0.0246568 0.172597 0.291578 0.218696 0.141558 0.0798551 0.03939 0.0169466 0.00632591 0.00203872 0.00548089 
2004 0.000877208 0.0246747 0.172701 0.291691 0.218706 0.141519 0.0798093 0.0393575 0.0169286 0.00631733 0.00203503 0.00538378 
2005 0.000877894 0.0246916 0.1728  0.291797 0.218715 0.141479 0.079764 0.0393256 0.0169114 0.00630955 0.00203195 0.00529659 
2006 0.000878624 0.02471 0.172909 0.291907 0.218709 0.141431 0.0797159 0.039294 0.016895 0.00630251 0.00202933 0.00521888 
2007 0.000879288 0.0247266 0.173009 0.292019 0.218713 0.141378 0.0796648 0.0392605 0.0168779 0.00629526 0.00202672 0.00514901 
2008 0.000879886 0.0247416 0.173098 0.292122 0.218727 0.141336 0.0796121 0.0392255 0.0168599 0.00628772 0.00202405 0.00508609 
2009 0.000880426 0.024755 0.173177 0.292211 0.218742 0.141305 0.0795673 0.0391905 0.0168416 0.00627997 0.00202132 0.00502934 
2010 0.000880919 0.0247672 0.173248 0.292287 0.218751 0.14128 0.0795327 0.039161 0.0168237 0.00627219 0.00201854 0.0049781 
resids (last class is a plus group):
class 1       2       3       4       5       6       7       8       9       10      11      12      
2000 -0.000874062 -0.011597 -0.0452438 0.0918211 -0.0186295 -0.0096672 -0.00200196 -0.0115103 0.00997354 -0.00237141 0.00194113 -0.00184055 
2001 0.000125084 -0.00661826 -0.0553713 -0.045329 0.0983383 -0.00863322 0.00105164 0.0135382 0.00100835 -0.000350701 0.00194928 0.000291623 
2002 -0.000875719 -0.00863802 -0.0154874 -0.0394593 -0.0106821 0.0714029 -0.000901019 0.00957623 0.00103332 -0.0043364 0.00195633 -0.00358885 
2003 -0.000876483 -0.0156568 -0.0735969 0.0504216 -0.0226957 -0.000558434 0.0421449 0.00361002 0.00905335 0.00367409 0.000961275 0.00351911 
2004 -0.000877208 0.00532533 -0.047701 -0.0586907 0.0502938 -0.000518623 0.0161907 0.0316425 0.00207135 -0.000317334 0.000964973 0.00161622 
2005 0.000122106 0.00330842 0.0302004 -0.0497972 -0.0437155 0.0265208 0.00623597 -0.00232559 0.0190886 0.00669045 -3.19548e-005 0.00370341 
2006 -0.000878624 -0.01071 0.044091 0.0290932 -0.0537094 -0.0434306 0.0172841 0.00470604 0.00310498 0.00869749 0.00297067 -0.00121888 
2007 -0.000879288 -0.0107266 -0.0200091 0.0529809 0.0462865 -0.0503783 -0.0136648 -0.00526045 0.00112212 -0.00129526 0.000973282 0.00085099 
2008 -0.000879886 0.00125844 -0.00109778 -0.0381224 0.0372727 0.0356644 -0.0176121 -0.0142255 -0.000859945 -0.00228772 0.000975949 -8.60861e-005 
2009 -0.000880426 0.00124502 0.0288232 -0.0452107 -0.0167422 0.0266952 0.0214327 -0.0131905 -0.00684163 0.00572003 -2.13153e-005 -0.00102934 
2010 0.00211908 -0.00676719 0.0177518 0.0167133 -0.0387508 -0.02228 0.0244673 0.012839 -0.00582374 -0.00327219 -0.00101854 0.0040219 
pearson_resids (last class is a plus group):
class 1       2       3       4       5       6       7       8       9       10      11      12      
2000 -0.295775 -0.74871 -1.19822 2.02113 -0.450732 -0.277229 -0.0737926 -0.590859 0.770933 -0.298042 0.428239 -0.241542 
2001 0.0423065 -0.427098 -1.466  -0.997613 2.37912 -0.247602 0.0387753 0.695371 0.0780217 -0.0441478 0.43089 0.0387087 
2002 -0.296055 -0.557222 -0.409933 -0.868316 -0.258426 2.04806 -0.0332308 0.492096 0.0800116 -0.546498 0.433193 -0.481405 
2003 -0.296184 -1.00962 -1.94753 1.10941 -0.549053 -0.0160195 1.55477 0.185585 0.701421 0.463411 0.213114 0.476651 
2004 -0.296307 0.343278 -1.26197 -1.29121 1.21668 -0.0148792 0.597448 1.62733 0.160565 -0.0400521 0.214128 0.220866 
2005 0.0412293 0.213194 0.798796 -1.09543 -1.05753 0.760966 0.230171 -0.119649 1.48043 0.844948 -0.00709611 0.510219 
2006 -0.296546 -0.6899 1.16591 0.639917 -1.2993 -1.24634 0.638136 0.242213 0.240924 1.09903 0.660115 -0.169164 
2007 -0.296658 -0.690745 -0.528984 1.16521 1.11973 -1.44594 -0.504658 -0.270859 0.087112 -0.163765 0.216413 0.118901 
2008 -0.296759 0.0810139 -0.0290163 -0.838337 0.901649 1.02376 -0.650633 -0.732779 -0.0667936 -0.289419 0.217148 -0.0121018 
2009 -0.29685 0.0801289 0.761713 -0.994125 -0.404995 0.766363 0.791979 -0.679756 -0.531686 0.724082 -0.00474584 -0.145511 
2010 0.714284 -0.435427 0.46905 0.367477 -0.937369 -0.639659 0.904292 0.66188 -0.452819 -0.414472 -0.226934 0.571457 
objective function: multinomial likelihood, with delta = 1e-011, N =
100 100 100 100 100 100 100 100 100 100 100 100 
100 100 100 100 100 100 100 100 100 100 100 100 
100 100 100 100 100 100 100 100 100 100 100 100 
100 100 100 100 100 100 100 100 100 100 100 100 
100 100 100 100 100 100 100 100 100 100 100 100 
100 100 100 100 100 100 100 100 100 100 100 100 
100 100 100 100 100 100 100 100 100 100 100 100 
100 100 100 100 100 100 100 100 100 100 100 100 
100 100 100 100 100 100 100 100 100 100 100 100 
100 100 100 100 100 100 100 100 100 100 100 100 
100 100 100 100 100 100 100 100 100 100 100 100 

Tags2005_R1_R1 :
tag-recapture data for tag Tags2005_R1 in years 2006 2007 2008 2009 2010 , step 1, after proportion 0.5 of mortality, with sampling method size, detection probability 1.
Year 2006
class scanned recaptured expected_prop neg_log_likelihood
100 0 0 0 0
150 0 0 7.50866e-010 0
200 0 0 2.43986e-010 0
250 2 0 2.25659e-009 4.51317e-009
300 10 0 4.93338e-008 4.93338e-007
350 38 0 1.01366e-006 3.85191e-005
400 108 0 3.38832e-006 0.000365939
450 340 0 6.42618e-006 0.00218491
500 1022 0.2 1.81494e-005 0.730564
550 2490 0.4 6.18453e-005 0.782648
600 5058 1.3 0.000167395 1.21712
650 8746 3 0.000314017 1.50712
700 12818 5.8 0.000499471 1.84127
750 15986 9.2 0.000693993 2.2092
800 17300 12 0.000815682 2.33459
850 16610 13.1 0.000822569 2.22298
900 14376 12.4 0.000745436 2.31
950 11340 10 0.000628241 2.59354
1000 8204 7.2 0.000505795 2.83502
1050 5440 4.6 0.00039983 2.72062
1100 3282 2.5 0.000314248 2.15508
1150 1784 1.3 0.000248051 1.6564
1200 864 0.6 0.000195952 1.12211
1250 372 0.2 0.000157524 0.54039
1300 142 0 0.000131101 0.0186176
1350 48 0 0.000114118 0.00547799
1400 14 0 0.000102906 0.00144076
1450 4 0 9.78964e-005 0.000391605
1500 0 0 9.06755e-005 0
1550 0 0 9.37366e-005 0
1600 0 0 9.76792e-005 0
1650 0 0 5.44756e-005 0
1700 0 0 1.8468e-005 0
1750 0 0 0 0
1800 0 0 0 0
1850 0 0 0 0
1900 0 0 0 0
1950 0 0 0 0
2000 0 0 0 0

total neg_log_likelihood: 28.8072


Year 2007
class scanned recaptured expected_prop neg_log_likelihood
100 0 0 0 0
150 0 0 0 0
200 0 0 0 0
250 2 0 2.11837e-011 4.23672e-011
300 12 0 7.75164e-009 9.30197e-008
350 44 0 2.8484e-007 1.25329e-005
400 108 0 6.68902e-007 7.22414e-005
450 304 0 1.16823e-006 0.000355143
500 874 0 3.44227e-006 0.00300854
550 2084 0.1 1.35125e-005 0.33525
600 4222 0.3 4.48686e-005 0.580339
650 7482 0.8 0.000106457 0.907385
700 11500 1.9 0.000212823 1.34966
750 15202 3.3 0.000365305 2.07691
800 17398 4.8 0.0005194 2.92072
850 17416 6.1 0.000621618 3.0639
900 15372 6.4 0.000653058 2.6181
950 12058 5.9 0.000624374 2.01085
1000 8484 4.6 0.000558078 1.70172
1050 5400 3.2 0.00048169 1.5904
1100 3120 1.9 0.000407124 1.41838
1150 1634 1 0.000341593 1.14102
1200 774 0.4 0.000284033 0.705931
1250 328 0.2 0.000237905 0.502502
1300 124 0 0.000204222 0.0253262
1350 42 0 0.000181372 0.00761832
1400 12 0 0.000166493 0.00199808
1450 4 0 0.000158723 0.000634941
1500 0 0 0.000150311 0
1550 0 0 0.00015312 0
1600 0 0 0.000164089 0
1650 0 0 0.000106242 0
1700 0 0 3.00196e-005 0
1750 0 0 0 0
1800 0 0 0 0
1850 0 0 0 0
1900 0 0 0 0
1950 0 0 0 0
2000 0 0 0 0

total neg_log_likelihood: 22.9621


Year 2008
class scanned recaptured expected_prop neg_log_likelihood
100 0 0 0 0
150 0 0 0 0
200 0 0 0 0
250 2 0 0 0
300 16 0 5.0586e-010 8.09376e-009
350 56 0 1.50183e-007 8.41025e-006
400 134 0 3.14006e-007 4.20769e-005
450 366 0 4.70751e-007 0.000172295
500 996 0 1.27654e-006 0.00127144
550 2206 0 4.86472e-006 0.0107316
600 4150 0.1 1.67381e-005 0.286275
650 6982 0.3 4.35884e-005 0.553027
700 10470 0.7 9.90136e-005 0.915626
750 13812 1.5 0.000195247 1.49336
800 16086 2.6 0.000316963 2.17636
850 16660 3.8 0.000430503 2.56693
900 15348 4.7 0.000510559 2.44413
950 12552 4.9 0.000546183 2.04055
1000 9110 4.5 0.000540436 1.70798
1050 5878 3.4 0.000510416 1.58052
1100 3378 2.3 0.000466812 1.51618
1150 1736 1.2 0.000419979 1.20491
1200 798 0.6 0.000370895 0.913554
1250 328 0.3 0.000326292 0.66886
1300 122 0.1 0.000290815 0.319095
1350 40 0 0.000265202 0.0106095
1400 12 0 0.000248183 0.00297856
1450 4 0 0.000237797 0.0009513
1500 0 0 0.000230757 0
1550 0 0 0.000232309 0
1600 0 0 0.000251063 0
1650 0 0 0.000191393 0
1700 0 0 5.79248e-005 0
1750 0 0 0 0
1800 0 0 0 0
1850 0 0 0 0
1900 0 0 0 0
1950 0 0 0 0
2000 0 0 0 0

total neg_log_likelihood: 20.4141


Year 2009
class scanned recaptured expected_prop neg_log_likelihood
100 0 0 0 0
150 0 0 0 0
200 0 0 0 0
250 2 0 0 0
300 12 0 6.0181e-012 7.22169e-011
350 46 0 8.02381e-008 3.69095e-006
400 136 0 2.05737e-007 2.79803e-005
450 434 0 2.67848e-007 0.000116246
500 1214 0 6.87937e-007 0.000835156
550 2678 0 2.51832e-006 0.00674407
600 4932 0 8.54607e-006 0.0421494
650 7988 0 2.27316e-005 0.181582
700 11386 0.2 5.45588e-005 0.63105
750 14222 0.5 0.00011624 1.28106
800 15812 0.9 0.000205215 2.14665
850 15924 1.4 0.000302173 2.82948
900 14588 1.9 0.000388581 2.97551
950 12086 2.3 0.000451681 2.54271
1000 8990 2.1 0.000483956 2.05057
1050 5970 1.8 0.000492864 1.51645
1100 3526 1.2 0.000483 1.16096
1150 1846 0.7 0.000464021 0.868955
1200 856 0.4 0.000435721 0.647626
1250 352 0.2 0.000404042 0.446641
1300 128 0 0.000375334 0.0480517
1350 42 0 0.000352741 0.0148178
1400 12 0 0.000336934 0.00404389
1450 4 0 0.00032629 0.00130537
1500 0 0 0.000320943 0
1550 0 0 0.00031878 0
1600 0 0 0.000347938 0
1650 0 0 0.000306682 0
1700 0 0 0.000112251 0
1750 0 0 0 0
1800 0 0 0 0
1850 0 0 0 0
1900 0 0 0 0
1950 0 0 0 0
2000 0 0 0 0

total neg_log_likelihood: 19.3974


Year 2010
class scanned recaptured expected_prop neg_log_likelihood
100 0 0 0 0
150 0 0 0 0
200 0 0 0 0
250 2 0 0 0
300 14 0 0 0
350 54 0 3.75802e-008 2.02933e-006
400 128 0 1.61143e-007 2.06263e-005
450 358 0 1.80536e-007 6.46319e-005
500 1056 0 4.48849e-007 0.000473985
550 2572 0 1.59865e-006 0.00411173
600 5196 0 5.33666e-006 0.0277294
650 8880 0 1.42067e-005 0.126156
700 12828 0 3.4848e-005 0.447038
750 15798 0.1 7.73152e-005 1.15159
800 17014 0.3 0.000143644 2.06782
850 16426 0.4 0.000222791 3.02133
900 14404 0.5 0.000301234 3.48487
950 11512 0.8 0.000370136 3.0308
1000 8378 0.8 0.000419304 2.43708
1050 5532 0.7 0.000451634 1.76189
1100 3292 0.6 0.000466577 1.16592
1150 1752 0.4 0.000471953 0.783233
1200 828 0.2 0.000467063 0.491261
1250 346 0.1 0.00045465 0.292251
1300 128 0 0.000439649 0.0562875
1350 42 0 0.000425843 0.0178892
1400 12 0 0.000415343 0.00498515
1450 4 0 0.000407554 0.00163055
1500 0 0 0.000404113 0
1550 0 0 0.000400211 0
1600 0 0 0.000423919 0
1650 0 0 0.000432714 0
1700 0 0 0.000199477 0
1750 0 0 0 0
1800 0 0 0 0
1850 0 0 0 0
1900 0 0 0 0
1950 0 0 0 0
2000 0 0 0 0

total neg_log_likelihood: 20.3744


Tags2006_R1_R1 :
tag-recapture data for tag Tags2006_R1 in years 2007 2008 2009 2010 , step 1, after proportion 0.5 of mortality, with sampling method size, detection probability 1.
Year 2007
class scanned recaptured expected_prop neg_log_likelihood
100 0 0 0 0
150 0 0 2.47435e-011 0
200 0 0 8.04012e-012 0
250 2 0 1.38464e-009 2.76927e-009
300 12 0 4.33519e-008 5.20223e-007
350 44 0 8.14358e-007 3.58318e-005
400 108 0 2.71024e-006 0.000292707
450 304 0 5.56526e-006 0.00169184
500 874 0.1 1.68295e-005 0.386713
550 2084 0.4 5.98868e-005 0.837517
600 4222 1.3 0.000166751 1.31433
650 7482 3.1 0.000318738 1.60915
700 11500 6.2 0.000512074 1.85246
750 15202 10.2 0.000713248 2.10742
800 17398 13.7 0.000836166 2.25853
850 17416 15.3 0.000837942 2.30471
900 15372 14.5 0.000752626 2.60486
950 12058 11.7 0.00062764 3.12126
1000 8484 8.1 0.000499649 3.35958
1050 5400 4.9 0.000390522 3.07085
1100 3120 2.6 0.000303682 2.40068
1150 1634 1.2 0.000237409 1.62104
1200 774 0.5 0.000186007 0.992024
1250 328 0.2 0.000148549 0.567397
1300 124 0 0.000123021 0.0152555
1350 42 0 0.000106742 0.00448342
1400 12 0 9.59594e-005 0.00115157
1450 4 0 9.12944e-005 0.000365194
1500 0 0 8.41275e-005 0
1550 0 0 8.71911e-005 0
1600 0 0 9.02857e-005 0
1650 0 0 4.95282e-005 0
1700 0 0 1.65829e-005 0
1750 0 0 0 0
1800 0 0 0 0
1850 0 0 0 0
1900 0 0 0 0
1950 0 0 0 0
2000 0 0 0 0

total neg_log_likelihood: 30.4318


Year 2008
class scanned recaptured expected_prop neg_log_likelihood
100 0 0 0 0
150 0 0 0 0
200 0 0 0 0
250 2 0 6.97989e-013 1.39599e-012
300 16 0 7.54645e-009 1.20743e-007
350 56 0 2.84675e-007 1.59418e-005
400 134 0 6.54856e-007 8.77508e-005
450 366 0 1.13431e-006 0.000415158
500 996 0 3.33913e-006 0.00332578
550 2206 0.1 1.32233e-005 0.332736
600 4150 0.3 4.44861e-005 0.583249
650 6982 1 0.000106855 1.03894
700 10470 2.2 0.000215404 1.35138
750 13812 4.1 0.000371386 1.75564
800 16086 6.5 0.000528804 2.12535
850 16660 8.6 0.00063221 2.19363
900 15348 9.6 0.000661745 2.07372
950 12552 9.2 0.000629005 2.13961
1000 9110 7.6 0.000558074 2.48345
1050 5878 5.3 0.000477662 2.64359
1100 3378 3.3 0.000400165 2.53821
1150 1736 1.7 0.000332689 1.94548
1200 798 0.8 0.00027422 1.36303
1250 328 0.3 0.00022797 0.744204
1300 122 0.1 0.000194554 0.347556
1350 40 0 0.000172069 0.00688334
1400 12 0 0.00015749 0.00189003
1450 4 0 0.000150051 0.000600249
1500 0 0 0.000141485 0
1550 0 0 0.000144551 0
1600 0 0 0.000154006 0
1650 0 0 9.74565e-005 0
1700 0 0 2.7117e-005 0
1750 0 0 0 0
1800 0 0 0 0
1850 0 0 0 0
1900 0 0 0 0
1950 0 0 0 0
2000 0 0 0 0

total neg_log_likelihood: 25.673


Year 2009
class scanned recaptured expected_prop neg_log_likelihood
100 0 0 0 0
150 0 0 0 0
200 0 0 0 0
250 2 0 0 0
300 12 0 3.88901e-010 4.66681e-009
350 46 0 1.53057e-007 7.04063e-006
400 136 0 3.13572e-007 4.26458e-005
450 434 0 4.71473e-007 0.000204619
500 1214 0 1.2767e-006 0.00154992
550 2678 0 4.86451e-006 0.0130272
600 4932 0.1 1.67693e-005 0.28207
650 7988 0.4 4.38212e-005 0.650285
700 11386 0.9 9.98909e-005 0.982499
750 14222 1.9 0.000197429 1.44908
800 15812 3.2 0.000320773 1.92464
850 15924 4.5 0.000435655 2.17908
900 14588 5.5 0.000516083 2.08822
950 12086 5.7 0.000550551 1.87549
1000 8990 5 0.000542601 1.74154
1050 5970 3.7 0.000509812 1.66148
1100 3526 2.4 0.000463577 1.54733
1150 1846 1.4 0.000414305 1.35678
1200 856 0.7 0.000363238 1.03253
1250 352 0.3 0.000317343 0.660723
1300 128 0.1 0.000281187 0.318191
1350 42 0 0.000255285 0.0107233
1400 12 0 0.000238174 0.00285843
1450 4 0 0.000227812 0.000911351
1500 0 0 0.000220699 0
1550 0 0 0.000222695 0
1600 0 0 0.000240273 0
1650 0 0 0.000177833 0
1700 0 0 5.27078e-005 0
1750 0 0 0 0
1800 0 0 0 0
1850 0 0 0 0
1900 0 0 0 0
1950 0 0 0 0
2000 0 0 0 0

total neg_log_likelihood: 19.7793


Year 2010
class scanned recaptured expected_prop neg_log_likelihood
100 0 0 0 0
150 0 0 0 0
200 0 0 0 0
250 2 0 0 0
300 14 0 1.98219e-013 2.77445e-012
350 54 0 8.25759e-008 4.4591e-006
400 128 0 2.04991e-007 2.62388e-005
450 358 0 2.69087e-007 9.63331e-005
500 1056 0 6.91231e-007 0.00072994
550 2572 0 2.5309e-006 0.00650947
600 5196 0 8.59289e-006 0.0446489
650 8880 0.1 2.28756e-005 0.312646
700 12828 0.3 5.49609e-005 0.701709
750 15798 0.7 0.000117187 1.3244
800 17014 1.3 0.000206928 2.03872
850 16426 2 0.000304616 2.47665
900 14404 2.7 0.000391541 2.39747
950 11512 3 0.000454531 2.0597
1000 8378 2.9 0.000485988 1.66739
1050 5532 2.4 0.000493474 1.41178
1100 3292 1.6 0.000481931 1.20522
1150 1752 1 0.000461138 1.02094
1200 828 0.5 0.00043089 0.751027
1250 346 0.2 0.000397468 0.448658
1300 128 0 0.000367447 0.0470419
1350 42 0 0.000343983 0.0144498
1400 12 0 0.000327639 0.00393231
1450 4 0 0.000316688 0.00126695
1500 0 0 0.000311189 0
1550 0 0 0.000309086 0
1600 0 0 0.000339741 0
1650 0 0 0.000290461 0
1700 0 0 0.000103089 0
1750 0 0 0 0
1800 0 0 0 0
1850 0 0 0 0
1900 0 0 0 0
1950 0 0 0 0
2000 0 0 0 0

total neg_log_likelihood: 17.935


Tags2007_R1_R1 :
tag-recapture data for tag Tags2007_R1 in years 2008 2009 2010 , step 1, after proportion 0.5 of mortality, with sampling method size, detection probability 1.
Year 2008
class scanned recaptured expected_prop neg_log_likelihood
100 0 0 0 0
150 0 0 4.82769e-011 0
200 0 0 1.56871e-011 0
250 2 0 1.13281e-009 2.26561e-009
300 16 0 3.97609e-008 6.36174e-007
350 56 0 7.59184e-007 4.25143e-005
400 134 0 2.46388e-006 0.00033016
450 366 0 4.99317e-006 0.0018275
500 996 0.1 1.50906e-005 0.38488
550 2206 0.3 5.43013e-005 0.648161
600 4150 1.1 0.000153793 1.17751
650 6982 2.7 0.000299693 1.52685
700 10470 5.5 0.000490594 1.79876
750 13812 9.4 0.000695506 2.05005
800 16086 13.3 0.000828972 2.21872
850 16660 15.8 0.000843124 2.409
900 15348 15.7 0.000766419 2.89668
950 12552 13.4 0.000644927 3.672
1000 9110 9.6 0.000516485 4.01022
1050 5878 5.9 0.000405094 3.65571
1100 3378 3.1 0.000315506 2.78722
1150 1736 1.4 0.000246634 1.83246
1200 798 0.6 0.000193001 1.16359
1250 328 0.2 0.000153864 0.562108
1300 122 0 0.000127195 0.0155188
1350 40 0 0.000110187 0.00440771
1400 12 0 9.89594e-005 0.00118757
1450 4 0 9.41021e-005 0.000376426
1500 0 0 8.65996e-005 0
1550 0 0 8.98632e-005 0
1600 0 0 9.28663e-005 0
1650 0 0 5.0199e-005 0
1700 0 0 1.65451e-005 0
1750 0 0 0 0
1800 0 0 0 0
1850 0 0 0 0
1900 0 0 0 0
1950 0 0 0 0
2000 0 0 0 0

total neg_log_likelihood: 32.8176


Year 2009
class scanned recaptured expected_prop neg_log_likelihood
100 0 0 0 0
150 0 0 0 0
200 0 0 0 0
250 2 0 1.3617e-012 2.72338e-012
300 12 0 6.59834e-009 7.91801e-008
350 46 0 2.76738e-007 1.27299e-005
400 136 0 6.24405e-007 8.49191e-005
450 434 0 1.07174e-006 0.000465134
500 1214 0 3.13545e-006 0.00380644
550 2678 0 1.23923e-005 0.0331869
600 4932 0.3 4.18433e-005 0.571591
650 7988 0.7 0.000101362 0.86161
700 11386 1.7 0.000206629 1.333
750 14222 3.4 0.000360595 1.88619
800 15812 5.6 0.000519501 2.26413
850 15924 7.8 0.000628323 2.21978
900 14588 9 0.000664856 2.05232
950 12086 8.8 0.000638005 2.08899
1000 8990 7.2 0.000570544 2.28833
1050 5970 5.1 0.00049132 2.40411
1100 3526 3 0.000413429 2.11874
1150 1846 1.5 0.000344665 1.59897
1200 856 0.7 0.000284438 1.13629
1250 352 0.2 0.000236482 0.494804
1300 128 0 0.000201706 0.025821
1350 42 0 0.000178251 0.00748722
1400 12 0 0.000163076 0.00195707
1450 4 0 0.000155248 0.000621042
1500 0 0 0.00014648 0
1550 0 0 0.000149705 0
1600 0 0 0.000159669 0
1650 0 0 9.97254e-005 0
1700 0 0 2.72596e-005 0
1750 0 0 0 0
1800 0 0 0 0
1850 0 0 0 0
1900 0 0 0 0
1950 0 0 0 0
2000 0 0 0 0

total neg_log_likelihood: 23.3923


Year 2010
class scanned recaptured expected_prop neg_log_likelihood
100 0 0 0 0
150 0 0 0 0
200 0 0 0 0
250 2 0 0 0
300 14 0 3.12997e-010 4.38196e-009
350 54 0 1.49586e-007 8.07763e-006
400 128 0 3.06508e-007 3.9233e-005
450 358 0 4.57464e-007 0.000163772
500 1056 0 1.2335e-006 0.00130257
550 2572 0 4.68593e-006 0.0120522
600 5196 0 1.61432e-005 0.083881
650 8880 0.2 4.2285e-005 0.486011
700 12828 0.7 9.68957e-005 0.994898
750 15798 1.4 0.000192871 1.70407
800 17014 2.6 0.000315761 2.31414
850 16426 3.9 0.00043206 2.48304
900 14404 5.1 0.000515776 2.1606
950 11512 5.7 0.000554349 1.84133
1000 8378 5.3 0.000550107 1.81763
1050 5532 4.2 0.000519957 1.92235
1100 3292 2.8 0.000475209 1.85753
1150 1752 1.6 0.000426521 1.57057
1200 828 0.8 0.00037513 1.17456
1250 346 0.3 0.000328364 0.657541
1300 128 0.2 0.000291226 0.609102
1350 42 0 0.000264485 0.0111098
1400 12 0 0.00024677 0.00296161
1450 4 0 0.000235937 0.00094386
1500 0 0 0.000228786 0
1550 0 0 0.000230624 0
1600 0 0 0.000249996 0
1650 0 0 0.000183735 0
1700 0 0 5.34769e-005 0
1750 0 0 0 0
1800 0 0 0 0
1850 0 0 0 0
1900 0 0 0 0
1950 0 0 0 0
2000 0 0 0 0

total neg_log_likelihood: 21.7058


Tags2008_R1_R1 :
tag-recapture data for tag Tags2008_R1 in years 2009 2010 , step 1, after proportion 0.5 of mortality, with sampling method size, detection probability 1.
Year 2009
class scanned recaptured expected_prop neg_log_likelihood
100 0 0 0 0
150 0 0 3.64985e-010 0
200 0 0 1.18598e-010 0
250 2 0 1.53363e-009 3.06726e-009
300 12 0 4.18963e-008 5.02755e-007
350 46 0 8.43087e-007 3.8782e-005
400 136 0 2.74997e-006 0.000373997
450 434 0 5.34949e-006 0.00232168
500 1214 0 1.55882e-005 0.0189243
550 2678 0.3 5.4746e-005 0.614377
600 4932 1 0.000152626 1.03668
650 7988 2.5 0.000294647 1.41455
700 11386 5.2 0.000480713 1.76599
750 14222 8.9 0.000682717 2.05577
800 15812 12.4 0.000818023 2.19533
850 15924 14.4 0.000838463 2.29804
900 14588 14.3 0.000769254 2.64285
950 12086 11.9 0.000653786 3.03868
1000 8990 8.6 0.00052882 3.25665
1050 5970 5.3 0.000418729 2.95143
1100 3526 2.8 0.000328966 2.29083
1150 1846 1.3 0.000259129 1.591
1200 856 0.5 0.000204096 0.926018
1250 352 0.2 0.000163546 0.542896
1300 128 0 0.000135715 0.0173727
1350 42 0 0.000117855 0.00495021
1400 12 0 0.00010609 0.00127314
1450 4 0 0.000100882 0.000403547
1500 0 0 9.31788e-005 0
1550 0 0 9.65198e-005 0
1600 0 0 0.000100179 0
1650 0 0 5.47451e-005 0
1700 0 0 1.80931e-005 0
1750 0 0 0 0
1800 0 0 0 0
1850 0 0 0 0
1900 0 0 0 0
1950 0 0 0 0
2000 0 0 0 0

total neg_log_likelihood: 28.6667


Year 2010
class scanned recaptured expected_prop neg_log_likelihood
100 0 0 0 0
150 0 0 0 0
200 0 0 0 0
250 2 0 1.02938e-011 2.05875e-011
300 14 0 6.60135e-009 9.24189e-008
350 54 0 2.75186e-007 1.486e-005
400 128 0 6.27069e-007 8.02649e-005
450 358 0 1.07957e-006 0.000386485
500 1056 0 3.1589e-006 0.00333581
550 2572 0.1 1.24282e-005 0.326385
600 5196 0.4 4.16878e-005 0.708825
650 8880 1 0.000100401 1.00629
700 12828 2.2 0.000204058 1.38597
750 15798 4.2 0.000356053 1.85422
800 17014 6.3 0.000514036 2.23167
850 16426 8.1 0.00062413 2.21861
900 14404 8.9 0.000664092 2.04474
950 11512 8.3 0.000641571 2.04116
1000 8378 6.6 0.000578001 2.161
1050 5532 4.6 0.00050155 2.20009
1100 3292 2.7 0.000425247 1.91952
1150 1752 1.4 0.000357177 1.49868
1200 828 0.7 0.00029682 1.13202
1250 346 0.3 0.000248231 0.713759
1300 128 0.1 0.000212692 0.337346
1350 42 0 0.000188563 0.00792038
1400 12 0 0.000172899 0.00207496
1450 4 0 0.000164681 0.000658778
1500 0 0 0.000155879 0
1550 0 0 0.000158982 0
1600 0 0 0.000170247 0
1650 0 0 0.00010806 0
1700 0 0 2.9813e-005 0
1750 0 0 0 0
1800 0 0 0 0
1850 0 0 0 0
1900 0 0 0 0
1950 0 0 0 0
2000 0 0 0 0

total neg_log_likelihood: 23.7948


Tags2009_R1_R1 :
tag-recapture data for tag Tags2009_R1 in years 2010 , step 1, after proportion 0.5 of mortality, with sampling method size, detection probability 1.
Year 2010
class scanned recaptured expected_prop neg_log_likelihood
100 0 0 0 0
150 0 0 2.54255e-011 0
200 0 0 8.26174e-012 0
250 2 0 1.62585e-009 3.2517e-009
300 14 0 4.32646e-008 6.05704e-007
350 54 0 8.32749e-007 4.49685e-005
400 128 0 2.80293e-006 0.000358776
450 358 0 5.78151e-006 0.00206978
500 1056 0.2 1.73673e-005 0.732622
550 2572 0.5 6.08336e-005 0.963072
600 5196 1.6 0.000166667 1.4535
650 8880 3.7 0.000314968 1.72765
700 12828 6.8 0.000503682 1.89812
750 15798 10.3 0.000702914 2.12268
800 17014 12.9 0.000829557 2.25746
850 16426 13.7 0.000839661 2.23361
900 14404 12.4 0.000763082 2.27077
950 11512 9.7 0.000644262 2.38348
1000 8378 6.8 0.000519021 2.4784
1050 5532 4.1 0.000410054 2.23988
1100 3292 2.3 0.000321847 1.91353
1150 1752 1.1 0.00025352 1.38212
1200 828 0.5 0.0001998 0.944008
1250 346 0.2 0.000160241 0.548289
1300 128 0 0.000133081 0.0170355
1350 42 0 0.000115652 0.00485766
1400 12 0 0.000104136 0.0012497
1450 4 0 9.9049e-005 0.000396216
1500 0 0 9.15221e-005 0
1550 0 0 9.47625e-005 0
1600 0 0 9.84237e-005 0
1650 0 0 5.40324e-005 0
1700 0 0 1.78792e-005 0
1750 0 0 0 0
1800 0 0 0 0
1850 0 0 0 0
1900 0 0 0 0
1950 0 0 0 0
2000 0 0 0 0

total neg_log_likelihood: 27.5752


Output quantities start here

* Scalar parameter values
initialization.B0 50413.2

* Vector parameter values
recruitment.YCS 1 1 1 1 1 1 1 1 1 1 1 1 1 1 1 1 1 1 1 1 1 

* Nuisance q's

* B0
50413.2

* R0
819616

* SSBs
SSB 50413.2 49562.5 48579.9 47546.1 46518 45528.1 44595 43728.9 42934.6 42212.9 41561.8 40976.1 40449.1 39974.7 39547.4 39160.2 38810.3 38493.9 38207.7 37948.7 37716.3 
year 1990 1991 1992 1993 1994 1995 1996 1997 1998 1999 2000 2001 2002 2003 2004 2005 2006 2007 2008 2009 2010 

* recruitments
recruitment 819616 819616 818445 817046 815518 813936 812352 810800 809306 807889 806559 805323 804181 803129 802160 801270 800448 799692 798999 798362 797779 
year 1990 1991 1992 1993 1994 1995 1996 1997 1998 1999 2000 2001 2002 2003 2004 2005 2006 2007 2008 2009 2010 

* YCS
YCS 1 1 1 1 1 1 1 1 1 1 1 1 1 1 1 1 1 1 1 1 1 
year 1989 1990 1991 1992 1993 1994 1995 1996 1997 1998 1999 2000 2001 2002 2003 2004 2005 2006 2007 2008 2009 

* true_YCS
true_YCS 1 1 0.998572 0.996865 0.995 0.99307 0.991138 0.989245 0.987422 0.985692 0.98407 0.982562 0.981169 0.979885 0.978703 0.977616 0.976614 0.975692 0.974846 0.974069 0.973358 
year 1989 1990 1991 1992 1993 1994 1995 1996 1997 1998 1999 2000 2001 2002 2003 2004 2005 2006 2007 2008 2009 

* fishing_pressures
pressure 0 0.0669276 0.0701173 0.0728823 0.0749407 0.076312 0.0771725 0.0777188 0.0780959 0.078389 0.0786411 0.0788698 0.0790814 0.0792787 0.0794632 0.0796353 0.0798051 0.0799618 0.0801052 0.0802359 0.0803552 
year 1990 1991 1992 1993 1994 1995 1996 1997 1998 1999 2000 2001 2002 2003 2004 2005 2006 2007 2008 2009 2010 

* Numbers_at_age_R1
1990  769658 675833 593446 521102 457578 401797 352816 309806 272039 238876 209756 1.5109e+006 
1991  769611 674512 584161 504796 444321 392557 347296 306979 270798 238409 209606 1.51056e+006 
1992  768510 674360 581277 487153 413994 367819 329965 296576 265454 236061 208722 1.50962e+006 
1993  767194 673338 580703 483667 398280 341788 308552 281417 256279 231326 206637 1.50798e+006 
1994  765757 672143 579485 482333 394419 328082 286240 262876 243038 223268 202469 1.50468e+006 
1995  764271 670856 578228 480724 392608 324379 274432 243680 226930 211690 195400 1.49811e+006 
1996  762783 669537 576976 479296 390827 322549 271120 233509 210299 197632 185257 1.48613e+006 
1997  761326 668222 575750 478015 389370 320873 269457 230618 201487 183134 172949 1.46671e+006 
1998  759923 666937 574557 476838 388137 319538 267970 229157 198970 175450 160258 1.43887e+006 
1999  758592 665702 573405 475732 387044 318427 266794 227858 197693 173252 153531 1.4033e+006 
2000  757343 664531 572304 474681 386034 317450 265818 226832 196560 172134 151606 1.36618e+006 
2001  756182 663432 571260 473683 385084 316553 264959 225978 195663 171144 150626 1.33191e+006 
2002  755110 662412 570283 472740 384185 315710 264171 225227 194917 170359 149758 1.30098e+006 
2003  754122 661468 569375 471858 383338 314915 263432 224538 194260 169705 149070 1.27307e+006 
2004  753212 660599 568535 471038 382545 314166 262734 223891 193657 169130 148497 1.24797e+006 
2005  752376 659797 567743 470244 381778 313443 262064 223274 193088 168600 147991 1.22544e+006 
2006  751604 659061 567025 469506 381028 312734 261409 222675 192541 168098 147526 1.20522e+006 
2007  750894 658382 566371 468854 380359 312068 260786 222102 192017 167619 147085 1.18706e+006 
2008  750243 657758 565766 468263 379770 311474 260200 221555 191513 167158 146664 1.17074e+006 
2009  749645 657184 565207 467715 379240 310954 259678 221040 191033 166715 146259 1.15605e+006 
2010  749098 656660 564713 467242 378776 310507 259237 220591 190584 166294 145869 1.14279e+006 

Output quantities finish here

Unused parameters:
annual_cycle.fishery_areas annual_cycle.n_migrations annual_cycle.recruitment_areas annual_cycle.spawning_all_areas area_names recruitment.p_male recruitment.year_range tag[Tags2005_R1_LL].area tag[Tags2005_R1_LL].sex tag[Tags2006_R1_LL].area tag[Tags2006_R1_LL].sex tag[Tags2007_R1_LL].area tag[Tags2007_R1_LL].sex tag[Tags2008_R1_LL].area tag[Tags2008_R1_LL].sex tag[Tags2009_R1_LL].area tag[Tags2009_R1_LL].sex MCMC.adapt_at MCMC.adaptive_stepsize MCMC.burn_in MCMC.keep MCMC.length MCMC.start MCMC.stepsize estimate[1].lower_bound estimate[1].prior estimate[1].upper_bound profile[1].l profile[1].n profile[1].parameter profile[1].u tag_recapture[Tags2005_R1_R1].area tag_recapture[Tags2006_R1_R1].area tag_recapture[Tags2007_R1_R1].area tag_recapture[Tags2008_R1_R1].area tag_recapture[Tags2009_R1_R1].area n_projections numbers_at[Numbers_at_age_R1].area print.yields 
