CASAL (C++ algorithmic stock assessment laboratory)
Call: casal -e -O C:/Users/STA384/Documents/GitHub/planetfish2_bugs/Output/TOA_bug_16/casalout_mpd.dat -f C:/Users/STA384/Documents/GitHub/planetfish2_bugs/Output/TOA_bug_16/casal_ 
Date: Mon Sep 30 16:40:40 2019
v2.30-2012-03-21 00:22:59 UTC (rev.4648)  (c) Copyright 2002-2012, NIWA
User name: sta384
Machine name: MACKEREL-HF (Microsoft Windows, PID=13252)

Prefix for the input parameter filenames : C:/Users/STA384/Documents/GitHub/planetfish2_bugs/Output/TOA_bug_16/casal_

Random number seed : 25640

Estimation parameters:
Stored as strings: 
  MCMC.adapt_at                 	1e+05 2e+05 3e+05 4e+05
  MCMC.adaptive_stepsize        	True
  MCMC.burn_in                  	500
  MCMC.keep                     	1000
  MCMC.length                   	1500000
  MCMC.start                    	0
  MCMC.stepsize                 	0.01
  ageing_error.c                	0
  ageing_error.type             	normal
  catch_at[LL_catchA].2000      	0 0 0 0.001 0.007 0.009 0.054 0.056 0.202 0.126 0.126 0.086 0.083 0.061 0.032 0.035 0.018 0.016 0.016 0.014 0.013 0.013 0.009 0.009 0.005 0.001 0 0.001 0.001 0.006
  catch_at[LL_catchA].2001      	0 0 0 0.001 0.003 0.026 0.024 0.142 0.081 0.222 0.092 0.101 0.062 0.076 0.041 0.035 0.029 0.018 0.005 0.012 0.008 0.007 0.001 0.001 0.004 0.006 0 0 0 0.003
  catch_at[LL_catchA].2002      	0 0 0 0.001 0.013 0.025 0.088 0.054 0.165 0.063 0.177 0.066 0.066 0.066 0.061 0.044 0.033 0.026 0.006 0.004 0.01 0.01 0.008 0.002 0.001 0 0.005 0.001 0.001 0.004
  catch_at[LL_catchA].2003      	0 0 0 0 0.003 0.026 0.08 0.145 0.075 0.169 0.061 0.161 0.061 0.053 0.03 0.031 0.037 0.017 0.009 0.014 0.003 0.008 0.007 0.003 0.002 0 0.001 0.003 0 0.001
  catch_at[LL_catchA].2004      	0 0 0 0.001 0.004 0.014 0.074 0.153 0.197 0.069 0.126 0.047 0.086 0.05 0.043 0.029 0.028 0.024 0.016 0.015 0.005 0.004 0.006 0 0.005 0.002 0.001 0 0.001 0
  catch_at[LL_catchA].2005      	0 0 0 0.001 0.006 0.015 0.038 0.157 0.176 0.216 0.057 0.086 0.028 0.066 0.034 0.04 0.015 0.019 0.015 0.01 0.01 0.003 0 0.002 0.001 0.001 0 0.002 0.001 0.001
  catch_at[LL_catchA].2006      	0 0 0 0 0.014 0.031 0.036 0.077 0.209 0.171 0.132 0.043 0.079 0.028 0.058 0.027 0.021 0.019 0.015 0.009 0.006 0.007 0.002 0.002 0.004 0.002 0.002 0.004 0 0.002
  catch_at[LL_catchA].2007      	0 0 0.001 0.001 0.01 0.038 0.07 0.077 0.117 0.184 0.132 0.133 0.028 0.052 0.016 0.048 0.019 0.017 0.018 0.012 0.011 0.002 0.003 0.003 0.001 0 0.002 0.001 0.001 0.003
  catch_at[LL_catchA].2008      	0 0 0.001 0.002 0.006 0.02 0.127 0.139 0.11 0.123 0.133 0.109 0.077 0.029 0.041 0.017 0.024 0.007 0.011 0.007 0.003 0.004 0.002 0.002 0.003 0 0.001 0 0 0.002
  catch_at[LL_catchA].2009      	0 0 0 0 0.016 0.026 0.071 0.215 0.181 0.094 0.073 0.122 0.052 0.057 0.016 0.027 0.007 0.014 0.005 0.005 0.008 0.003 0.002 0.002 0.001 0 0 0 0.001 0.002
  catch_at[LL_catchA].2010      	0 0 0 0 0.002 0.04 0.071 0.116 0.238 0.176 0.044 0.059 0.067 0.057 0.047 0.01 0.022 0.003 0.016 0.003 0.002 0.005 0.004 0.004 0.005 0.003 0 0 0.002 0.004
  catch_at[LL_catchA].N_2000    	1000
  catch_at[LL_catchA].N_2001    	1000
  catch_at[LL_catchA].N_2002    	1000
  catch_at[LL_catchA].N_2003    	1000
  catch_at[LL_catchA].N_2004    	1000
  catch_at[LL_catchA].N_2005    	1000
  catch_at[LL_catchA].N_2006    	1000
  catch_at[LL_catchA].N_2007    	1000
  catch_at[LL_catchA].N_2008    	1000
  catch_at[LL_catchA].N_2009    	1000
  catch_at[LL_catchA].N_2010    	1000
  catch_at[LL_catchA].at_size   	False
  catch_at[LL_catchA].dist      	multinomial
  catch_at[LL_catchA].fishery   	LL
  catch_at[LL_catchA].max_class 	30
  catch_at[LL_catchA].min_class 	1
  catch_at[LL_catchA].plus_group	True
  catch_at[LL_catchA].r         	1e-11
  catch_at[LL_catchA].sexed     	False
  catch_at[LL_catchA].sum_to_one	True
  catch_at[LL_catchA].years     	2000 2001 2002 2003 2004 2005 2006 2007 2008 2009 2010
  catch_limit_penalty[1].fishery	LL
  catch_limit_penalty[1].label  	LL_Penalty
  catch_limit_penalty[1].log_scale	True
  catch_limit_penalty[1].multiplier	1000
  estimate[1].lower_bound       	5000
  estimate[1].parameter         	initialization.B0
  estimate[1].prior             	uniform
  estimate[1].upper_bound       	5e+05
  estimator                     	Bayes
  fish_tagged_penalty[1].label  	Penalty_Tags2005_R1_LL
  fish_tagged_penalty[1].multiplier	1
  fish_tagged_penalty[1].tagging_episode	Tags2005_R1_LL
  fish_tagged_penalty[2].label  	Penalty_Tags2006_R1_LL
  fish_tagged_penalty[2].multiplier	1
  fish_tagged_penalty[2].tagging_episode	Tags2006_R1_LL
  fish_tagged_penalty[3].label  	Penalty_Tags2007_R1_LL
  fish_tagged_penalty[3].multiplier	1
  fish_tagged_penalty[3].tagging_episode	Tags2007_R1_LL
  fish_tagged_penalty[4].label  	Penalty_Tags2008_R1_LL
  fish_tagged_penalty[4].multiplier	1
  fish_tagged_penalty[4].tagging_episode	Tags2008_R1_LL
  fish_tagged_penalty[5].label  	Penalty_Tags2009_R1_LL
  fish_tagged_penalty[5].multiplier	1
  fish_tagged_penalty[5].tagging_episode	Tags2009_R1_LL
  grad_tol                      	0.001
  max_evals                     	10000
  max_iters                     	1600
  profile[1].l                  	40000
  profile[1].n                  	11
  profile[1].parameter          	initialization.B0
  profile[1].u                  	130000
  q_method                      	nuisance
  tag_recapture[Tags2005_R1_R1].area	R1
  tag_recapture[Tags2005_R1_R1].class_mins	100 150 200 250 300 350 400 450 500 550 600 650 700 750 800 850 900 950 1000 1050 1100 1150 1200 1250 1300 1350 1400 1450 1500 1550 1600 1650 1700 1750 1800 1850 1900 1950 2000 2050
  tag_recapture[Tags2005_R1_R1].detection_probability	1
  tag_recapture[Tags2005_R1_R1].dispersion	1
  tag_recapture[Tags2005_R1_R1].do_bootstrap	True
  tag_recapture[Tags2005_R1_R1].plus_group	False
  tag_recapture[Tags2005_R1_R1].proportion_mortality	0.5
  tag_recapture[Tags2005_R1_R1].r	1e-11
  tag_recapture[Tags2005_R1_R1].recaptured_2006	0 0 0 0 0 0 0 0 0.1 0.7 2.5 5.7 9 10.1 8.6 6.2 4.2 3.1 2.2 1.6 1 0.7 0.5 0.3 0.2 0.1 0 0 0 0 0 0 0 0 0 0 0 0 0
  tag_recapture[Tags2005_R1_R1].recaptured_2007	0 0 0 0 0 0 0 0 0.1 0.6 2.1 4.9 8.1 9.8 9.3 7.4 5.4 3.9 2.7 1.8 1 0.6 0.3 0.2 0.2 0.3 0.3 0.2 0.2 0.2 0.1 0.1 0 0 0 0 0 0 0
  tag_recapture[Tags2005_R1_R1].recaptured_2008	0 0 0 0 0 0 0 0 0 0.1 0.4 1.4 3.3 5.7 7.4 7.7 6.5 4.9 3.3 2.1 1.2 0.6 0.2 0.1 0 0 0 0 0 0 0 0 0 0 0 0 0 0 0
  tag_recapture[Tags2005_R1_R1].recaptured_2009	0 0 0 0 0 0 0 0 0 0 0.2 0.7 1.7 3 4.2 4.9 4.7 3.9 2.8 1.9 1.3 0.9 0.6 0.4 0.3 0.2 0.1 0 0 0 0 0 0 0 0 0 0 0 0
  tag_recapture[Tags2005_R1_R1].recaptured_2010	0 0 0 0 0 0 0 0 0 0 0.1 0.2 0.5 1.1 1.9 2.6 2.8 2.6 2 1.3 0.9 0.5 0.3 0.1 0.1 0 0 0 0 0 0 0 0 0 0 0 0 0 0
  tag_recapture[Tags2005_R1_R1].sample	size
  tag_recapture[Tags2005_R1_R1].scanned_2006	0 0 0 2 24 262 1828 7824 22132 47760 86310 128872 153018 145000 115310 83648 60312 44902 33902 25228 18290 12914 8904 6030 4064 2766 1918 1340 924 612 382 222 118 58 26 10 4 2 0
  tag_recapture[Tags2005_R1_R1].scanned_2007	0 0 0 0 24 274 1926 9024 27764 57848 90770 120458 140918 141926 121472 91152 64062 45146 32814 24180 17602 12510 8674 5894 3958 2662 1812 1248 854 568 356 208 112 54 24 10 4 2 0
  tag_recapture[Tags2005_R1_R1].scanned_2008	0 0 0 0 18 258 1952 9192 30318 69828 112668 136462 139378 131562 115826 92578 67400 46652 32354 23012 16564 11802 8230 5620 3778 2528 1698 1152 778 514 324 190 102 50 22 8 4 2 0
  tag_recapture[Tags2005_R1_R1].scanned_2009	0 0 0 0 12 190 1724 8856 29322 70338 124844 162544 161584 135988 109002 86584 65820 46878 32030 21872 15234 10722 7486 5136 3468 2322 1552 1040 694 454 284 166 90 44 20 8 2 0 0
  tag_recapture[Tags2005_R1_R1].scanned_2010	0 0 0 0 10 124 1222 7444 27406 66586 119372 166284 179864 154544 114976 83314 61812 45238 31588 21290 14310 9768 6732 4618 3130 2100 1404 936 618 398 246 144 78 38 16 6 2 0 0
  tag_recapture[Tags2005_R1_R1].step	1
  tag_recapture[Tags2005_R1_R1].tag_name	Tags2005_R1
  tag_recapture[Tags2005_R1_R1].years	2006 2007 2008 2009 2010
  tag_recapture[Tags2006_R1_R1].area	R1
  tag_recapture[Tags2006_R1_R1].class_mins	100 150 200 250 300 350 400 450 500 550 600 650 700 750 800 850 900 950 1000 1050 1100 1150 1200 1250 1300 1350 1400 1450 1500 1550 1600 1650 1700 1750 1800 1850 1900 1950 2000 2050
  tag_recapture[Tags2006_R1_R1].detection_probability	1
  tag_recapture[Tags2006_R1_R1].dispersion	1
  tag_recapture[Tags2006_R1_R1].do_bootstrap	True
  tag_recapture[Tags2006_R1_R1].plus_group	False
  tag_recapture[Tags2006_R1_R1].proportion_mortality	0.5
  tag_recapture[Tags2006_R1_R1].r	1e-11
  tag_recapture[Tags2006_R1_R1].recaptured_2007	0 0 0 0 0 0 0 0 0.2 0.7 2.1 4.6 7.3 8.9 8.9 7.6 5.9 4.5 3.2 2.2 1.4 0.8 0.4 0.2 0.1 0 0 0 0 0 0 0 0 0 0 0 0 0 0
  tag_recapture[Tags2006_R1_R1].recaptured_2008	0 0 0 0 0 0 0 0 0.1 0.3 1.2 3.2 6.2 9.1 10.1 8.8 6.3 4.1 2.6 1.8 1.3 1 0.7 0.5 0.3 0.2 0.1 0 0 0 0 0 0 0 0 0 0 0 0
  tag_recapture[Tags2006_R1_R1].recaptured_2009	0 0 0 0 0 0 0 0 0 0.2 0.6 1.4 2.6 3.9 5 5.4 5 4.1 2.9 1.9 1.1 0.6 0.3 0.1 0 0 0 0 0 0 0 0 0 0 0 0 0 0 0
  tag_recapture[Tags2006_R1_R1].recaptured_2010	0 0 0 0 0 0 0 0 0 0.1 0.2 0.5 1.1 1.8 2.7 3.2 3 2.4 1.8 1.3 1.1 0.9 0.7 0.5 0.4 0.2 0.1 0 0 0 0 0 0 0 0 0 0 0 0
  tag_recapture[Tags2006_R1_R1].sample	size
  tag_recapture[Tags2006_R1_R1].scanned_2007	0 0 0 0 24 274 1926 9024 27764 57848 90770 120458 140918 141926 121472 91152 64062 45146 32814 24180 17602 12510 8674 5894 3958 2662 1812 1248 854 568 356 208 112 54 24 10 4 2 0
  tag_recapture[Tags2006_R1_R1].scanned_2008	0 0 0 0 18 258 1952 9192 30318 69828 112668 136462 139378 131562 115826 92578 67400 46652 32354 23012 16564 11802 8230 5620 3778 2528 1698 1152 778 514 324 190 102 50 22 8 4 2 0
  tag_recapture[Tags2006_R1_R1].scanned_2009	0 0 0 0 12 190 1724 8856 29322 70338 124844 162544 161584 135988 109002 86584 65820 46878 32030 21872 15234 10722 7486 5136 3468 2322 1552 1040 694 454 284 166 90 44 20 8 2 0 0
  tag_recapture[Tags2006_R1_R1].scanned_2010	0 0 0 0 10 124 1222 7444 27406 66586 119372 166284 179864 154544 114976 83314 61812 45238 31588 21290 14310 9768 6732 4618 3130 2100 1404 936 618 398 246 144 78 38 16 6 2 0 0
  tag_recapture[Tags2006_R1_R1].step	1
  tag_recapture[Tags2006_R1_R1].tag_name	Tags2006_R1
  tag_recapture[Tags2006_R1_R1].years	2007 2008 2009 2010
  tag_recapture[Tags2007_R1_R1].area	R1
  tag_recapture[Tags2007_R1_R1].class_mins	100 150 200 250 300 350 400 450 500 550 600 650 700 750 800 850 900 950 1000 1050 1100 1150 1200 1250 1300 1350 1400 1450 1500 1550 1600 1650 1700 1750 1800 1850 1900 1950 2000 2050
  tag_recapture[Tags2007_R1_R1].detection_probability	1
  tag_recapture[Tags2007_R1_R1].dispersion	1
  tag_recapture[Tags2007_R1_R1].do_bootstrap	True
  tag_recapture[Tags2007_R1_R1].plus_group	False
  tag_recapture[Tags2007_R1_R1].proportion_mortality	0.5
  tag_recapture[Tags2007_R1_R1].r	1e-11
  tag_recapture[Tags2007_R1_R1].recaptured_2008	0 0 0 0 0 0 0 0.1 0.3 1.3 3.5 7 10.5 12.2 11.5 9.1 6.2 3.8 2.2 1.2 0.6 0.3 0.1 0.1 0 0 0 0 0 0 0 0 0 0 0 0 0 0 0
  tag_recapture[Tags2007_R1_R1].recaptured_2009	0 0 0 0 0 0 0 0 0.1 0.5 1.5 3.3 5.5 7.6 8.6 8.2 6.5 4.5 2.9 1.7 1 0.6 0.3 0.1 0 0 0 0 0 0 0 0 0 0 0 0 0 0 0
  tag_recapture[Tags2007_R1_R1].recaptured_2010	0 0 0 0 0 0 0 0 0 0.2 0.6 1.4 2.5 3.2 3.4 3.2 2.9 2.5 2 1.4 0.9 0.5 0.3 0.1 0 0 0 0 0 0 0 0 0 0 0 0 0 0 0
  tag_recapture[Tags2007_R1_R1].sample	size
  tag_recapture[Tags2007_R1_R1].scanned_2008	0 0 0 0 18 258 1952 9192 30318 69828 112668 136462 139378 131562 115826 92578 67400 46652 32354 23012 16564 11802 8230 5620 3778 2528 1698 1152 778 514 324 190 102 50 22 8 4 2 0
  tag_recapture[Tags2007_R1_R1].scanned_2009	0 0 0 0 12 190 1724 8856 29322 70338 124844 162544 161584 135988 109002 86584 65820 46878 32030 21872 15234 10722 7486 5136 3468 2322 1552 1040 694 454 284 166 90 44 20 8 2 0 0
  tag_recapture[Tags2007_R1_R1].scanned_2010	0 0 0 0 10 124 1222 7444 27406 66586 119372 166284 179864 154544 114976 83314 61812 45238 31588 21290 14310 9768 6732 4618 3130 2100 1404 936 618 398 246 144 78 38 16 6 2 0 0
  tag_recapture[Tags2007_R1_R1].step	1
  tag_recapture[Tags2007_R1_R1].tag_name	Tags2007_R1
  tag_recapture[Tags2007_R1_R1].years	2008 2009 2010
  tag_recapture[Tags2008_R1_R1].area	R1
  tag_recapture[Tags2008_R1_R1].class_mins	100 150 200 250 300 350 400 450 500 550 600 650 700 750 800 850 900 950 1000 1050 1100 1150 1200 1250 1300 1350 1400 1450 1500 1550 1600 1650 1700 1750 1800 1850 1900 1950 2000 2050
  tag_recapture[Tags2008_R1_R1].detection_probability	1
  tag_recapture[Tags2008_R1_R1].dispersion	1
  tag_recapture[Tags2008_R1_R1].do_bootstrap	True
  tag_recapture[Tags2008_R1_R1].plus_group	False
  tag_recapture[Tags2008_R1_R1].proportion_mortality	0.5
  tag_recapture[Tags2008_R1_R1].r	1e-11
  tag_recapture[Tags2008_R1_R1].recaptured_2009	0 0 0 0 0 0 0 0 0.2 0.7 2 3.8 5.5 6.6 7 6.7 5.7 4.3 3 1.9 1.2 0.7 0.4 0.2 0.1 0 0 0 0 0 0 0 0 0 0 0 0 0 0
  tag_recapture[Tags2008_R1_R1].recaptured_2010	0 0 0 0 0 0 0 0 0.2 0.8 2.5 5.4 8 8.9 8 6.3 4.7 3.4 2.3 1.5 0.9 0.6 0.4 0.3 0.3 0.2 0.1 0 0 0 0 0 0 0 0 0 0 0 0
  tag_recapture[Tags2008_R1_R1].sample	size
  tag_recapture[Tags2008_R1_R1].scanned_2009	0 0 0 0 12 190 1724 8856 29322 70338 124844 162544 161584 135988 109002 86584 65820 46878 32030 21872 15234 10722 7486 5136 3468 2322 1552 1040 694 454 284 166 90 44 20 8 2 0 0
  tag_recapture[Tags2008_R1_R1].scanned_2010	0 0 0 0 10 124 1222 7444 27406 66586 119372 166284 179864 154544 114976 83314 61812 45238 31588 21290 14310 9768 6732 4618 3130 2100 1404 936 618 398 246 144 78 38 16 6 2 0 0
  tag_recapture[Tags2008_R1_R1].step	1
  tag_recapture[Tags2008_R1_R1].tag_name	Tags2008_R1
  tag_recapture[Tags2008_R1_R1].years	2009 2010
  tag_recapture[Tags2009_R1_R1].area	R1
  tag_recapture[Tags2009_R1_R1].class_mins	100 150 200 250 300 350 400 450 500 550 600 650 700 750 800 850 900 950 1000 1050 1100 1150 1200 1250 1300 1350 1400 1450 1500 1550 1600 1650 1700 1750 1800 1850 1900 1950 2000 2050
  tag_recapture[Tags2009_R1_R1].detection_probability	1
  tag_recapture[Tags2009_R1_R1].dispersion	1
  tag_recapture[Tags2009_R1_R1].do_bootstrap	True
  tag_recapture[Tags2009_R1_R1].plus_group	False
  tag_recapture[Tags2009_R1_R1].proportion_mortality	0.5
  tag_recapture[Tags2009_R1_R1].r	1e-11
  tag_recapture[Tags2009_R1_R1].recaptured_2010	0 0 0 0 0 0 0 0.1 0.4 1.6 4.2 7.4 9.2 8.9 7.5 6.1 4.9 3.5 2.2 1.2 0.6 0.2 0.1 0 0 0 0 0 0 0 0 0 0 0 0 0 0 0 0
  tag_recapture[Tags2009_R1_R1].sample	size
  tag_recapture[Tags2009_R1_R1].scanned_2010	0 0 0 0 10 124 1222 7444 27406 66586 119372 166284 179864 154544 114976 83314 61812 45238 31588 21290 14310 9768 6732 4618 3130 2100 1404 936 618 398 246 144 78 38 16 6 2 0 0
  tag_recapture[Tags2009_R1_R1].step	1
  tag_recapture[Tags2009_R1_R1].tag_name	Tags2009_R1
  tag_recapture[Tags2009_R1_R1].years	2010
  vector_average_penalty[1].k   	1
  vector_average_penalty[1].label	meanYCS_1
  vector_average_penalty[1].multiplier	100
  vector_average_penalty[1].vector	recruitment.YCS
Stored as DOUBLEs: 
Stored as VECTORs: 
Stored as OGIVEs: 

Population parameters:
Stored as strings: 
  annual_cycle.M_props          	1
  annual_cycle.aging_time       	1
  annual_cycle.baranov          	False
  annual_cycle.fishery_areas    	R1
  annual_cycle.fishery_names    	LL
  annual_cycle.fishery_times    	1
  annual_cycle.growth_props     	0
  annual_cycle.migrate_from     	R1
  annual_cycle.migrate_to       	R2
  annual_cycle.migration_names  	MoveRec_1_2
  annual_cycle.migration_times  	1
  annual_cycle.n_migrations     	0
  annual_cycle.recruitment_areas	R1
  annual_cycle.recruitment_time 	1
  annual_cycle.spawning_all_areas	1
  annual_cycle.spawning_p       	1
  annual_cycle.spawning_part_mort	0.5
  annual_cycle.spawning_time    	1
  annual_cycle.spawning_use_total_B	False
  annual_cycle.time_steps       	1
  area_names                    	R1
  current                       	2010
  final                         	2045
  first_random_year             	2007
  fishery[LL].U_max             	0.95
  fishery[LL].catches           	0 6000 6000 6000 6000 6000 6000 6000 6000 6000 6000 6000 6000 6000 6000 6000 6000 6000 6000 6000 6000
  fishery[LL].future_constant_catches	200
  fishery[LL].selectivity       	SelLL
  fishery[LL].years             	1990 1991 1992 1993 1994 1995 1996 1997 1998 1999 2000 2001 2002 2003 2004 2005 2006 2007 2008 2009 2010
  initial                       	1990
  initialization.B0             	346270
  mature_partition              	False
  maturity_props.all            	allvalues  0 0 0 0 0 0 0 0 0 0 0 0.1667 0.3333 0.5 0.6667 0.8333 1 1 1 1 1 1 1 1 1 1 1 1 1 1
  max_age                       	30
  min_age                       	1
  n_areas                       	1
  n_stocks                      	1
  n_tags                        	5
  natural_mortality.all         	0.155
  plus_group                    	True
  randomisation_method          	lognormal
  recruitment.SR                	BH
  recruitment.YCS               	1 1 1 1 1 1 1 1 1 1 1 1 1 1 1 1 1 1 1 1 1
  recruitment.YCS_years         	1989 1990 1991 1992 1993 1994 1995 1996 1997 1998 1999 2000 2001 2002 2003 2004 2005 2006 2007 2008 2009
  recruitment.first_free        	1989
  recruitment.last_free         	2006
  recruitment.p_male            	0.5
  recruitment.rho               	0
  recruitment.sigma_r           	0.6
  recruitment.steepness         	0.7
  recruitment.year_range        	1989 2006
  selectivity[SelLL].all        	double_normal 10 2 10
  selectivity_names             	SelLL
  sex_partition                 	False
  size_at_age.Linf              	2870.8
  size_at_age.by_length         	True
  size_at_age.cv                	0.1
  size_at_age.k                 	0.02056
  size_at_age.t0                	-4.2897
  size_at_age_dist              	normal
  size_at_age_type              	von_Bert
  size_based                    	False
  size_weight.a                 	2.59e-12
  size_weight.b                 	3.2064
  size_weight.verify_size_weight	500 0.5 1.5
  standardise_YCS               	True
  tag[Tags2005_R1_LL].area      	R1
  tag[Tags2005_R1_LL].class_mins	100 150 200 250 300 350 400 450 500 550 600 650 700 750 800 850 900 950 1000 1050 1100 1150 1200 1250 1300 1350 1400 1450 1500 1550 1600 1650 1700 1750 1800 1850 1900 1950 2000 2050
  tag[Tags2005_R1_LL].mature_only	False
  tag[Tags2005_R1_LL].mortality 	0.1
  tag[Tags2005_R1_LL].number    	2500
  tag[Tags2005_R1_LL].ogive     	SelLL
  tag[Tags2005_R1_LL].plus_group	False
  tag[Tags2005_R1_LL].props_all 	0 0 0 0 0 1e-04 9e-04 0.0048 0.0176 0.048 0.0959 0.1401 0.1541 0.1355 0.1041 0.0776 0.0591 0.0452 0.0337 0.0244 0.0173 0.0122 0.0086 0.0061 0.0043 0.0032 0.0023 0.0017 0.0012 8e-04 5e-04 3e-04 2e-04 1e-04 0 0 0 0 0
  tag[Tags2005_R1_LL].release_type	deterministic
  tag[Tags2005_R1_LL].sex       	both
  tag[Tags2005_R1_LL].step      	1
  tag[Tags2005_R1_LL].tag_name  	Tags2005_R1
  tag[Tags2005_R1_LL].year      	2005
  tag[Tags2006_R1_LL].area      	R1
  tag[Tags2006_R1_LL].class_mins	100 150 200 250 300 350 400 450 500 550 600 650 700 750 800 850 900 950 1000 1050 1100 1150 1200 1250 1300 1350 1400 1450 1500 1550 1600 1650 1700 1750 1800 1850 1900 1950 2000 2050
  tag[Tags2006_R1_LL].mature_only	False
  tag[Tags2006_R1_LL].mortality 	0.1
  tag[Tags2006_R1_LL].number    	2500
  tag[Tags2006_R1_LL].ogive     	SelLL
  tag[Tags2006_R1_LL].plus_group	False
  tag[Tags2006_R1_LL].props_all 	0 0 0 0 0 4e-04 0.002 0.0074 0.0208 0.0462 0.085 0.1283 0.153 0.1449 0.1144 0.0822 0.0589 0.0439 0.0333 0.0248 0.0178 0.0123 0.0082 0.0053 0.0034 0.0023 0.0016 0.0012 9e-04 6e-04 4e-04 2e-04 1e-04 1e-04 0 0 0 0 0
  tag[Tags2006_R1_LL].release_type	deterministic
  tag[Tags2006_R1_LL].sex       	both
  tag[Tags2006_R1_LL].step      	1
  tag[Tags2006_R1_LL].tag_name  	Tags2006_R1
  tag[Tags2006_R1_LL].year      	2006
  tag[Tags2007_R1_LL].area      	R1
  tag[Tags2007_R1_LL].class_mins	100 150 200 250 300 350 400 450 500 550 600 650 700 750 800 850 900 950 1000 1050 1100 1150 1200 1250 1300 1350 1400 1450 1500 1550 1600 1650 1700 1750 1800 1850 1900 1950 2000 2050
  tag[Tags2007_R1_LL].mature_only	False
  tag[Tags2007_R1_LL].mortality 	0.1
  tag[Tags2007_R1_LL].number    	2500
  tag[Tags2007_R1_LL].ogive     	SelLL
  tag[Tags2007_R1_LL].plus_group	False
  tag[Tags2007_R1_LL].props_all 	0 0 0 0 0 3e-04 0.0021 0.0091 0.0272 0.056 0.0868 0.115 0.1353 0.1375 0.119 0.0905 0.0643 0.0454 0.0329 0.024 0.0174 0.0122 0.0083 0.0055 0.0037 0.0024 0.0017 0.0012 8e-04 6e-04 4e-04 2e-04 1e-04 1e-04 0 0 0 0 0
  tag[Tags2007_R1_LL].release_type	deterministic
  tag[Tags2007_R1_LL].sex       	both
  tag[Tags2007_R1_LL].step      	1
  tag[Tags2007_R1_LL].tag_name  	Tags2007_R1
  tag[Tags2007_R1_LL].year      	2007
  tag[Tags2008_R1_LL].area      	R1
  tag[Tags2008_R1_LL].class_mins	100 150 200 250 300 350 400 450 500 550 600 650 700 750 800 850 900 950 1000 1050 1100 1150 1200 1250 1300 1350 1400 1450 1500 1550 1600 1650 1700 1750 1800 1850 1900 1950 2000 2050
  tag[Tags2008_R1_LL].mature_only	False
  tag[Tags2008_R1_LL].mortality 	0.1
  tag[Tags2008_R1_LL].number    	2500
  tag[Tags2008_R1_LL].ogive     	SelLL
  tag[Tags2008_R1_LL].plus_group	False
  tag[Tags2008_R1_LL].props_all 	0 0 0 0 0 3e-04 0.0018 0.008 0.0269 0.0649 0.1082 0.1321 0.1331 0.1232 0.1074 0.0857 0.0625 0.0433 0.0301 0.0215 0.0157 0.0114 0.008 0.0055 0.0037 0.0024 0.0016 0.0011 7e-04 4e-04 3e-04 2e-04 1e-04 0 0 0 0 0 0
  tag[Tags2008_R1_LL].release_type	deterministic
  tag[Tags2008_R1_LL].sex       	both
  tag[Tags2008_R1_LL].step      	1
  tag[Tags2008_R1_LL].tag_name  	Tags2008_R1
  tag[Tags2008_R1_LL].year      	2008
  tag[Tags2009_R1_LL].area      	R1
  tag[Tags2009_R1_LL].class_mins	100 150 200 250 300 350 400 450 500 550 600 650 700 750 800 850 900 950 1000 1050 1100 1150 1200 1250 1300 1350 1400 1450 1500 1550 1600 1650 1700 1750 1800 1850 1900 1950 2000 2050
  tag[Tags2009_R1_LL].mature_only	False
  tag[Tags2009_R1_LL].mortality 	0.1
  tag[Tags2009_R1_LL].number    	2500
  tag[Tags2009_R1_LL].ogive     	SelLL
  tag[Tags2009_R1_LL].plus_group	False
  tag[Tags2009_R1_LL].props_all 	0 0 0 0 0 2e-04 0.0016 0.0083 0.0274 0.0654 0.1146 0.147 0.1442 0.1206 0.097 0.0777 0.0595 0.0427 0.0296 0.0205 0.0145 0.0101 0.0069 0.0045 0.0029 0.0018 0.0011 7e-04 4e-04 3e-04 2e-04 1e-04 0 0 0 0 0 0 0
  tag[Tags2009_R1_LL].release_type	deterministic
  tag[Tags2009_R1_LL].sex       	both
  tag[Tags2009_R1_LL].step      	1
  tag[Tags2009_R1_LL].tag_name  	Tags2009_R1
  tag[Tags2009_R1_LL].year      	2009
  tag_growth_loss[Tags2005_R1].nogrowth_period	0
  tag_growth_loss[Tags2006_R1].nogrowth_period	0
  tag_growth_loss[Tags2007_R1].nogrowth_period	0
  tag_growth_loss[Tags2008_R1].nogrowth_period	0
  tag_growth_loss[Tags2009_R1].nogrowth_period	0
  tag_loss_props                	1
  tag_names                     	Tags2005_R1 Tags2006_R1 Tags2007_R1 Tags2008_R1 Tags2009_R1
  tag_shedding_rate             	0.0084 0.0084 0.0084 0.0084 0.0084
  y_enter                       	1
Stored as DOUBLEs: 
Stored as VECTORs: 
Stored as OGIVEs: 

Output parameters:
Stored as strings: 
  n_projections                 	100
  numbers_at[Numbers_at_age_R1].area	R1
  numbers_at[Numbers_at_age_R1].proportion_mortality	0.5
  numbers_at[Numbers_at_age_R1].step	1
  numbers_at[Numbers_at_age_R1].years	1990 1991 1992 1993 1994 1995 1996 1997 1998 1999 2000 2001 2002 2003 2004 2005 2006 2007 2008 2009 2010
  print.covariance              	true
  print.estimation_section      	true
  print.final_state             	false
  print.fits                    	true
  print.fits_every_eval         	false
  print.initial_state           	false
  print.normalised_resids       	true
  print.objective_every_eval    	false
  print.parameter_vector_every_eval	false
  print.parameters              	true
  print.parameters_every_eval   	false
  print.pearson_resids          	true
  print.requests                	false
  print.resids                  	true
  print.results                 	false
  print.state_annually          	false
  print.state_every_step        	false
  print.unused_parameters       	true
  print.yields                  	true
  quantities.B0                 	true
  quantities.R0                 	true
  quantities.SSBs               	true
  quantities.YCS                	true
  quantities.actual_catches     	false
  quantities.all_free_parameters	true
  quantities.fishing_pressures  	true
  quantities.nuisance_qs        	true
  quantities.recruitments       	true
  quantities.true_YCS           	true
Stored as DOUBLEs: 
Stored as VECTORs: 
Stored as OGIVEs: 

A fish of size 500 cm has a weight of 1.16755 kg in your model. This size-weight scale check assumes that the growth curve is in centimetres, and that the catch is in tonnes.

A fish of size 500 cm has a weight of 1.16755 kg in your model. This size-weight scale check assumes that the growth curve is in centimetres, and that the catch is in tonnes.

Estimation section :

Objective function: Bayes

Minimiser convergence threshold: 0.001


Observations:

The observations are:
LL_catchA
Tags2005_R1_R1
Tags2006_R1_R1
Tags2007_R1_R1
Tags2008_R1_R1
Tags2009_R1_R1
Fits follow:

LL_catchA :
catch proportions-at-age for fishery LL  with ageing error (constrained to sum to 1):
obs (last class is a plus group):
class 1       2       3       4       5       6       7       8       9       10      11      12      13      14      15      16      17      18      19      20      21      22      23      24      25      26      27      28      29      30      
2000 0       0       0       0.001   0.007   0.009   0.054   0.056   0.202   0.126   0.126   0.086   0.083   0.061   0.032   0.035   0.018   0.016   0.016   0.014   0.013   0.013   0.009   0.009   0.005   0.001   0       0.001   0.001   0.006   
2001 0       0       0       0.001   0.003   0.026   0.024   0.142   0.081   0.222   0.092   0.101   0.062   0.076   0.041   0.035   0.029   0.018   0.005   0.012   0.008   0.007   0.001   0.001   0.004   0.006   0       0       0       0.003   
2002 0       0       0       0.001   0.013   0.025   0.088   0.054   0.165   0.063   0.177   0.066   0.066   0.066   0.061   0.044   0.033   0.026   0.006   0.004   0.01    0.01    0.008   0.002   0.001   0       0.005   0.001   0.001   0.004   
2003 0       0       0       0       0.003   0.026   0.08    0.145   0.075   0.169   0.061   0.161   0.061   0.053   0.03    0.031   0.037   0.017   0.009   0.014   0.003   0.008   0.007   0.003   0.002   0       0.001   0.003   0       0.001   
2004 0       0       0       0.001   0.004   0.014   0.074   0.153   0.197   0.069   0.126   0.047   0.086   0.05    0.043   0.029   0.028   0.024   0.016   0.015   0.005   0.004   0.006   0       0.005   0.002   0.001   0       0.001   0       
2005 0       0       0       0.001   0.006   0.015   0.038   0.157   0.176   0.216   0.057   0.086   0.028   0.066   0.034   0.04    0.015   0.019   0.015   0.01    0.01    0.003   0       0.002   0.001   0.001   0       0.002   0.001   0.001   
2006 0       0       0       0       0.014   0.031   0.036   0.077   0.209   0.171   0.132   0.043   0.079   0.028   0.058   0.027   0.021   0.019   0.015   0.009   0.006   0.007   0.002   0.002   0.004   0.002   0.002   0.004   0       0.002   
2007 0       0       0.001   0.001   0.01    0.038   0.07    0.077   0.117   0.184   0.132   0.133   0.028   0.052   0.016   0.048   0.019   0.017   0.018   0.012   0.011   0.002   0.003   0.003   0.001   0       0.002   0.001   0.001   0.003   
2008 0       0       0.001   0.002   0.006   0.02    0.127   0.139   0.11    0.123   0.133   0.109   0.077   0.029   0.041   0.017   0.024   0.007   0.011   0.007   0.003   0.004   0.002   0.002   0.003   0       0.001   0       0       0.002   
2009 0       0       0       0       0.016   0.026   0.071   0.215   0.181   0.094   0.073   0.122   0.052   0.057   0.016   0.027   0.007   0.014   0.005   0.005   0.008   0.003   0.002   0.002   0.001   0       0       0       0.001   0.002   
2010 0       0       0       0       0.002   0.04    0.071   0.116   0.238   0.176   0.044   0.059   0.067   0.057   0.047   0.01    0.022   0.003   0.016   0.003   0.002   0.005   0.004   0.004   0.005   0.003   0       0       0.002   0.004   
objective function: multinomial likelihood, with delta = 1e-011, N =
1000 1000 1000 1000 1000 1000 1000 1000 1000 1000 1000 1000 1000 1000 1000 1000 1000 1000 1000 1000 1000 1000 1000 1000 1000 1000 1000 1000 1000 1000 
1000 1000 1000 1000 1000 1000 1000 1000 1000 1000 1000 1000 1000 1000 1000 1000 1000 1000 1000 1000 1000 1000 1000 1000 1000 1000 1000 1000 1000 1000 
1000 1000 1000 1000 1000 1000 1000 1000 1000 1000 1000 1000 1000 1000 1000 1000 1000 1000 1000 1000 1000 1000 1000 1000 1000 1000 1000 1000 1000 1000 
1000 1000 1000 1000 1000 1000 1000 1000 1000 1000 1000 1000 1000 1000 1000 1000 1000 1000 1000 1000 1000 1000 1000 1000 1000 1000 1000 1000 1000 1000 
1000 1000 1000 1000 1000 1000 1000 1000 1000 1000 1000 1000 1000 1000 1000 1000 1000 1000 1000 1000 1000 1000 1000 1000 1000 1000 1000 1000 1000 1000 
1000 1000 1000 1000 1000 1000 1000 1000 1000 1000 1000 1000 1000 1000 1000 1000 1000 1000 1000 1000 1000 1000 1000 1000 1000 1000 1000 1000 1000 1000 
1000 1000 1000 1000 1000 1000 1000 1000 1000 1000 1000 1000 1000 1000 1000 1000 1000 1000 1000 1000 1000 1000 1000 1000 1000 1000 1000 1000 1000 1000 
1000 1000 1000 1000 1000 1000 1000 1000 1000 1000 1000 1000 1000 1000 1000 1000 1000 1000 1000 1000 1000 1000 1000 1000 1000 1000 1000 1000 1000 1000 
1000 1000 1000 1000 1000 1000 1000 1000 1000 1000 1000 1000 1000 1000 1000 1000 1000 1000 1000 1000 1000 1000 1000 1000 1000 1000 1000 1000 1000 1000 
1000 1000 1000 1000 1000 1000 1000 1000 1000 1000 1000 1000 1000 1000 1000 1000 1000 1000 1000 1000 1000 1000 1000 1000 1000 1000 1000 1000 1000 1000 
1000 1000 1000 1000 1000 1000 1000 1000 1000 1000 1000 1000 1000 1000 1000 1000 1000 1000 1000 1000 1000 1000 1000 1000 1000 1000 1000 1000 1000 1000 

Tags2005_R1_R1 :
tag-recapture data for tag Tags2005_R1 in years 2006 2007 2008 2009 2010 , step 1, after proportion 0.5 of mortality, with sampling method size, detection probability 1.
Year 2006
class scanned recaptured
100 0 0
150 0 0
200 0 0
250 2 0
300 24 0
350 262 0
400 1828 0
450 7824 0
500 22132 0.1
550 47760 0.7
600 86310 2.5
650 128872 5.7
700 153018 9
750 145000 10.1
800 115310 8.6
850 83648 6.2
900 60312 4.2
950 44902 3.1
1000 33902 2.2
1050 25228 1.6
1100 18290 1
1150 12914 0.7
1200 8904 0.5
1250 6030 0.3
1300 4064 0.2
1350 2766 0.1
1400 1918 0
1450 1340 0
1500 924 0
1550 612 0
1600 382 0
1650 222 0
1700 118 0
1750 58 0
1800 26 0
1850 10 0
1900 4 0
1950 2 0
2000 0 0


Year 2007
class scanned recaptured
100 0 0
150 0 0
200 0 0
250 0 0
300 24 0
350 274 0
400 1926 0
450 9024 0
500 27764 0.1
550 57848 0.6
600 90770 2.1
650 120458 4.9
700 140918 8.1
750 141926 9.8
800 121472 9.3
850 91152 7.4
900 64062 5.4
950 45146 3.9
1000 32814 2.7
1050 24180 1.8
1100 17602 1
1150 12510 0.6
1200 8674 0.3
1250 5894 0.2
1300 3958 0.2
1350 2662 0.3
1400 1812 0.3
1450 1248 0.2
1500 854 0.2
1550 568 0.2
1600 356 0.1
1650 208 0.1
1700 112 0
1750 54 0
1800 24 0
1850 10 0
1900 4 0
1950 2 0
2000 0 0


Year 2008
class scanned recaptured
100 0 0
150 0 0
200 0 0
250 0 0
300 18 0
350 258 0
400 1952 0
450 9192 0
500 30318 0
550 69828 0.1
600 112668 0.4
650 136462 1.4
700 139378 3.3
750 131562 5.7
800 115826 7.4
850 92578 7.7
900 67400 6.5
950 46652 4.9
1000 32354 3.3
1050 23012 2.1
1100 16564 1.2
1150 11802 0.6
1200 8230 0.2
1250 5620 0.1
1300 3778 0
1350 2528 0
1400 1698 0
1450 1152 0
1500 778 0
1550 514 0
1600 324 0
1650 190 0
1700 102 0
1750 50 0
1800 22 0
1850 8 0
1900 4 0
1950 2 0
2000 0 0


Year 2009
class scanned recaptured
100 0 0
150 0 0
200 0 0
250 0 0
300 12 0
350 190 0
400 1724 0
450 8856 0
500 29322 0
550 70338 0
600 124844 0.2
650 162544 0.7
700 161584 1.7
750 135988 3
800 109002 4.2
850 86584 4.9
900 65820 4.7
950 46878 3.9
1000 32030 2.8
1050 21872 1.9
1100 15234 1.3
1150 10722 0.9
1200 7486 0.6
1250 5136 0.4
1300 3468 0.3
1350 2322 0.2
1400 1552 0.1
1450 1040 0
1500 694 0
1550 454 0
1600 284 0
1650 166 0
1700 90 0
1750 44 0
1800 20 0
1850 8 0
1900 2 0
1950 0 0
2000 0 0


Year 2010
class scanned recaptured
100 0 0
150 0 0
200 0 0
250 0 0
300 10 0
350 124 0
400 1222 0
450 7444 0
500 27406 0
550 66586 0
600 119372 0.1
650 166284 0.2
700 179864 0.5
750 154544 1.1
800 114976 1.9
850 83314 2.6
900 61812 2.8
950 45238 2.6
1000 31588 2
1050 21290 1.3
1100 14310 0.9
1150 9768 0.5
1200 6732 0.3
1250 4618 0.1
1300 3130 0.1
1350 2100 0
1400 1404 0
1450 936 0
1500 618 0
1550 398 0
1600 246 0
1650 144 0
1700 78 0
1750 38 0
1800 16 0
1850 6 0
1900 2 0
1950 0 0
2000 0 0


Tags2006_R1_R1 :
tag-recapture data for tag Tags2006_R1 in years 2007 2008 2009 2010 , step 1, after proportion 0.5 of mortality, with sampling method size, detection probability 1.
Year 2007
class scanned recaptured
100 0 0
150 0 0
200 0 0
250 0 0
300 24 0
350 274 0
400 1926 0
450 9024 0
500 27764 0.2
550 57848 0.7
600 90770 2.1
650 120458 4.6
700 140918 7.3
750 141926 8.9
800 121472 8.9
850 91152 7.6
900 64062 5.9
950 45146 4.5
1000 32814 3.2
1050 24180 2.2
1100 17602 1.4
1150 12510 0.8
1200 8674 0.4
1250 5894 0.2
1300 3958 0.1
1350 2662 0
1400 1812 0
1450 1248 0
1500 854 0
1550 568 0
1600 356 0
1650 208 0
1700 112 0
1750 54 0
1800 24 0
1850 10 0
1900 4 0
1950 2 0
2000 0 0


Year 2008
class scanned recaptured
100 0 0
150 0 0
200 0 0
250 0 0
300 18 0
350 258 0
400 1952 0
450 9192 0
500 30318 0.1
550 69828 0.3
600 112668 1.2
650 136462 3.2
700 139378 6.2
750 131562 9.1
800 115826 10.1
850 92578 8.8
900 67400 6.3
950 46652 4.1
1000 32354 2.6
1050 23012 1.8
1100 16564 1.3
1150 11802 1
1200 8230 0.7
1250 5620 0.5
1300 3778 0.3
1350 2528 0.2
1400 1698 0.1
1450 1152 0
1500 778 0
1550 514 0
1600 324 0
1650 190 0
1700 102 0
1750 50 0
1800 22 0
1850 8 0
1900 4 0
1950 2 0
2000 0 0


Year 2009
class scanned recaptured
100 0 0
150 0 0
200 0 0
250 0 0
300 12 0
350 190 0
400 1724 0
450 8856 0
500 29322 0
550 70338 0.2
600 124844 0.6
650 162544 1.4
700 161584 2.6
750 135988 3.9
800 109002 5
850 86584 5.4
900 65820 5
950 46878 4.1
1000 32030 2.9
1050 21872 1.9
1100 15234 1.1
1150 10722 0.6
1200 7486 0.3
1250 5136 0.1
1300 3468 0
1350 2322 0
1400 1552 0
1450 1040 0
1500 694 0
1550 454 0
1600 284 0
1650 166 0
1700 90 0
1750 44 0
1800 20 0
1850 8 0
1900 2 0
1950 0 0
2000 0 0


Year 2010
class scanned recaptured
100 0 0
150 0 0
200 0 0
250 0 0
300 10 0
350 124 0
400 1222 0
450 7444 0
500 27406 0
550 66586 0.1
600 119372 0.2
650 166284 0.5
700 179864 1.1
750 154544 1.8
800 114976 2.7
850 83314 3.2
900 61812 3
950 45238 2.4
1000 31588 1.8
1050 21290 1.3
1100 14310 1.1
1150 9768 0.9
1200 6732 0.7
1250 4618 0.5
1300 3130 0.4
1350 2100 0.2
1400 1404 0.1
1450 936 0
1500 618 0
1550 398 0
1600 246 0
1650 144 0
1700 78 0
1750 38 0
1800 16 0
1850 6 0
1900 2 0
1950 0 0
2000 0 0


Tags2007_R1_R1 :
tag-recapture data for tag Tags2007_R1 in years 2008 2009 2010 , step 1, after proportion 0.5 of mortality, with sampling method size, detection probability 1.
Year 2008
class scanned recaptured
100 0 0
150 0 0
200 0 0
250 0 0
300 18 0
350 258 0
400 1952 0
450 9192 0.1
500 30318 0.3
550 69828 1.3
600 112668 3.5
650 136462 7
700 139378 10.5
750 131562 12.2
800 115826 11.5
850 92578 9.1
900 67400 6.2
950 46652 3.8
1000 32354 2.2
1050 23012 1.2
1100 16564 0.6
1150 11802 0.3
1200 8230 0.1
1250 5620 0.1
1300 3778 0
1350 2528 0
1400 1698 0
1450 1152 0
1500 778 0
1550 514 0
1600 324 0
1650 190 0
1700 102 0
1750 50 0
1800 22 0
1850 8 0
1900 4 0
1950 2 0
2000 0 0


Year 2009
class scanned recaptured
100 0 0
150 0 0
200 0 0
250 0 0
300 12 0
350 190 0
400 1724 0
450 8856 0
500 29322 0.1
550 70338 0.5
600 124844 1.5
650 162544 3.3
700 161584 5.5
750 135988 7.6
800 109002 8.6
850 86584 8.2
900 65820 6.5
950 46878 4.5
1000 32030 2.9
1050 21872 1.7
1100 15234 1
1150 10722 0.6
1200 7486 0.3
1250 5136 0.1
1300 3468 0
1350 2322 0
1400 1552 0
1450 1040 0
1500 694 0
1550 454 0
1600 284 0
1650 166 0
1700 90 0
1750 44 0
1800 20 0
1850 8 0
1900 2 0
1950 0 0
2000 0 0


Year 2010
class scanned recaptured
100 0 0
150 0 0
200 0 0
250 0 0
300 10 0
350 124 0
400 1222 0
450 7444 0
500 27406 0
550 66586 0.2
600 119372 0.6
650 166284 1.4
700 179864 2.5
750 154544 3.2
800 114976 3.4
850 83314 3.2
900 61812 2.9
950 45238 2.5
1000 31588 2
1050 21290 1.4
1100 14310 0.9
1150 9768 0.5
1200 6732 0.3
1250 4618 0.1
1300 3130 0
1350 2100 0
1400 1404 0
1450 936 0
1500 618 0
1550 398 0
1600 246 0
1650 144 0
1700 78 0
1750 38 0
1800 16 0
1850 6 0
1900 2 0
1950 0 0
2000 0 0


Tags2008_R1_R1 :
tag-recapture data for tag Tags2008_R1 in years 2009 2010 , step 1, after proportion 0.5 of mortality, with sampling method size, detection probability 1.
Year 2009
class scanned recaptured
100 0 0
150 0 0
200 0 0
250 0 0
300 12 0
350 190 0
400 1724 0
450 8856 0
500 29322 0.2
550 70338 0.7
600 124844 2
650 162544 3.8
700 161584 5.5
750 135988 6.6
800 109002 7
850 86584 6.7
900 65820 5.7
950 46878 4.3
1000 32030 3
1050 21872 1.9
1100 15234 1.2
1150 10722 0.7
1200 7486 0.4
1250 5136 0.2
1300 3468 0.1
1350 2322 0
1400 1552 0
1450 1040 0
1500 694 0
1550 454 0
1600 284 0
1650 166 0
1700 90 0
1750 44 0
1800 20 0
1850 8 0
1900 2 0
1950 0 0
2000 0 0


Year 2010
class scanned recaptured
100 0 0
150 0 0
200 0 0
250 0 0
300 10 0
350 124 0
400 1222 0
450 7444 0
500 27406 0.2
550 66586 0.8
600 119372 2.5
650 166284 5.4
700 179864 8
750 154544 8.9
800 114976 8
850 83314 6.3
900 61812 4.7
950 45238 3.4
1000 31588 2.3
1050 21290 1.5
1100 14310 0.9
1150 9768 0.6
1200 6732 0.4
1250 4618 0.3
1300 3130 0.3
1350 2100 0.2
1400 1404 0.1
1450 936 0
1500 618 0
1550 398 0
1600 246 0
1650 144 0
1700 78 0
1750 38 0
1800 16 0
1850 6 0
1900 2 0
1950 0 0
2000 0 0


Tags2009_R1_R1 :
tag-recapture data for tag Tags2009_R1 in years 2010 , step 1, after proportion 0.5 of mortality, with sampling method size, detection probability 1.
Year 2010
class scanned recaptured
100 0 0
150 0 0
200 0 0
250 0 0
300 10 0
350 124 0
400 1222 0
450 7444 0.1
500 27406 0.4
550 66586 1.6
600 119372 4.2
650 166284 7.4
700 179864 9.2
750 154544 8.9
800 114976 7.5
850 83314 6.1
900 61812 4.9
950 45238 3.5
1000 31588 2.2
1050 21290 1.2
1100 14310 0.6
1150 9768 0.2
1200 6732 0.1
1250 4618 0
1300 3130 0
1350 2100 0
1400 1404 0
1450 936 0
1500 618 0
1550 398 0
1600 246 0
1650 144 0
1700 78 0
1750 38 0
1800 16 0
1850 6 0
1900 2 0
1950 0 0
2000 0 0



Ageing_error:
  Misclassification matrix:
1 0 0 0 0 0 0 0 0 0 0 0 0 0 0 0 0 0 0 0 0 0 0 0 0 0 0 0 0 0 
0 1 0 0 0 0 0 0 0 0 0 0 0 0 0 0 0 0 0 0 0 0 0 0 0 0 0 0 0 0 
0 0 1 0 0 0 0 0 0 0 0 0 0 0 0 0 0 0 0 0 0 0 0 0 0 0 0 0 0 0 
0 0 0 1 0 0 0 0 0 0 0 0 0 0 0 0 0 0 0 0 0 0 0 0 0 0 0 0 0 0 
0 0 0 0 1 0 0 0 0 0 0 0 0 0 0 0 0 0 0 0 0 0 0 0 0 0 0 0 0 0 
0 0 0 0 0 1 0 0 0 0 0 0 0 0 0 0 0 0 0 0 0 0 0 0 0 0 0 0 0 0 
0 0 0 0 0 0 1 0 0 0 0 0 0 0 0 0 0 0 0 0 0 0 0 0 0 0 0 0 0 0 
0 0 0 0 0 0 0 1 0 0 0 0 0 0 0 0 0 0 0 0 0 0 0 0 0 0 0 0 0 0 
0 0 0 0 0 0 0 0 1 0 0 0 0 0 0 0 0 0 0 0 0 0 0 0 0 0 0 0 0 0 
0 0 0 0 0 0 0 0 0 1 0 0 0 0 0 0 0 0 0 0 0 0 0 0 0 0 0 0 0 0 
0 0 0 0 0 0 0 0 0 0 1 0 0 0 0 0 0 0 0 0 0 0 0 0 0 0 0 0 0 0 
0 0 0 0 0 0 0 0 0 0 0 1 0 0 0 0 0 0 0 0 0 0 0 0 0 0 0 0 0 0 
0 0 0 0 0 0 0 0 0 0 0 0 1 0 0 0 0 0 0 0 0 0 0 0 0 0 0 0 0 0 
0 0 0 0 0 0 0 0 0 0 0 0 0 1 0 0 0 0 0 0 0 0 0 0 0 0 0 0 0 0 
0 0 0 0 0 0 0 0 0 0 0 0 0 0 1 0 0 0 0 0 0 0 0 0 0 0 0 0 0 0 
0 0 0 0 0 0 0 0 0 0 0 0 0 0 0 1 0 0 0 0 0 0 0 0 0 0 0 0 0 0 
0 0 0 0 0 0 0 0 0 0 0 0 0 0 0 0 1 0 0 0 0 0 0 0 0 0 0 0 0 0 
0 0 0 0 0 0 0 0 0 0 0 0 0 0 0 0 0 1 0 0 0 0 0 0 0 0 0 0 0 0 
0 0 0 0 0 0 0 0 0 0 0 0 0 0 0 0 0 0 1 0 0 0 0 0 0 0 0 0 0 0 
0 0 0 0 0 0 0 0 0 0 0 0 0 0 0 0 0 0 0 1 0 0 0 0 0 0 0 0 0 0 
0 0 0 0 0 0 0 0 0 0 0 0 0 0 0 0 0 0 0 0 1 0 0 0 0 0 0 0 0 0 
0 0 0 0 0 0 0 0 0 0 0 0 0 0 0 0 0 0 0 0 0 1 0 0 0 0 0 0 0 0 
0 0 0 0 0 0 0 0 0 0 0 0 0 0 0 0 0 0 0 0 0 0 1 0 0 0 0 0 0 0 
0 0 0 0 0 0 0 0 0 0 0 0 0 0 0 0 0 0 0 0 0 0 0 1 0 0 0 0 0 0 
0 0 0 0 0 0 0 0 0 0 0 0 0 0 0 0 0 0 0 0 0 0 0 0 1 0 0 0 0 0 
0 0 0 0 0 0 0 0 0 0 0 0 0 0 0 0 0 0 0 0 0 0 0 0 0 1 0 0 0 0 
0 0 0 0 0 0 0 0 0 0 0 0 0 0 0 0 0 0 0 0 0 0 0 0 0 0 1 0 0 0 
0 0 0 0 0 0 0 0 0 0 0 0 0 0 0 0 0 0 0 0 0 0 0 0 0 0 0 1 0 0 
0 0 0 0 0 0 0 0 0 0 0 0 0 0 0 0 0 0 0 0 0 0 0 0 0 0 0 0 1 0 
0 0 0 0 0 0 0 0 0 0 0 0 0 0 0 0 0 0 0 0 0 0 0 0 0 0 0 0 0 1 

Free parameters:

initialization.B0
uniform: bounds from 5000 to 500000
current value: 346270
lower bound: 5000
upper bound: 500000


Q's:
qs are nuisance parameters

Penalties:
LL_Penalty :
Catch limit penalty of 1000 x the sum of squares of (log(actual catch) - log(specified catch)) for fishery LL to disencourage breaking exploitation rate limits
meanYCS_1 :
Vector average penalty of 100 x square of (mean(recruitment.YCS) - 1) 
Penalty_Tags2005_R1_LL :
'Fish-must-be-tagged' penalty of 1 x square of (actual number of tagged fish - nominal number of tagged fish) for tagging episode Tags2005_R1_LL
Penalty_Tags2006_R1_LL :
'Fish-must-be-tagged' penalty of 1 x square of (actual number of tagged fish - nominal number of tagged fish) for tagging episode Tags2006_R1_LL
Penalty_Tags2007_R1_LL :
'Fish-must-be-tagged' penalty of 1 x square of (actual number of tagged fish - nominal number of tagged fish) for tagging episode Tags2007_R1_LL
Penalty_Tags2008_R1_LL :
'Fish-must-be-tagged' penalty of 1 x square of (actual number of tagged fish - nominal number of tagged fish) for tagging episode Tags2008_R1_LL
Penalty_Tags2009_R1_LL :
'Fish-must-be-tagged' penalty of 1 x square of (actual number of tagged fish - nominal number of tagged fish) for tagging episode Tags2009_R1_LL

Components of the objective function are:
  LL_catchA
  Tags2005_R1_R1
  Tags2006_R1_R1
  Tags2007_R1_R1
  Tags2008_R1_R1
  Tags2009_R1_R1
  prior_on_initialization.B0
  LL_Penalty
  meanYCS_1
  Penalty_Tags2005_R1_LL
  Penalty_Tags2006_R1_LL
  Penalty_Tags2007_R1_LL
  Penalty_Tags2008_R1_LL
  Penalty_Tags2009_R1_LL

Random number seed : 25640


Minimiser achieved convergence after 6 quasi-Newton iterations using 8 objective function evaluations



Approximate Covariance matrix (Inverse Hessian of parameters at point estimate):
4.11575e+007 

Correlation matrix:
1 

List of parameter names, in the same order as the rows & cols of the covariance/correlation matrices:
initialization.B0 



Start extracting output from here

Point estimate:
initialization.B0
current value: 216722
lower bound: 5000
upper bound: 500000


In a format suitable for -i :

initialization.B0 
216722 

Objective function : 1873.44

Components :
LL_catchA                                          1529.12
Tags2005_R1_R1                                     107.022
Tags2006_R1_R1                                     90.5038
Tags2007_R1_R1                                     68.68
Tags2008_R1_R1                                     52.579
Tags2009_R1_R1                                     25.5348
prior_on_initialization.B0                         0
LL_Penalty                                         0
meanYCS_1                                          0
Penalty_Tags2005_R1_LL                             5.16988e-024
Penalty_Tags2006_R1_LL                             8.27181e-025
Penalty_Tags2007_R1_LL                             2.06795e-025
Penalty_Tags2008_R1_LL                             0
Penalty_Tags2009_R1_LL                             3.30872e-024

Fits : 

The observations are:
LL_catchA
Tags2005_R1_R1
Tags2006_R1_R1
Tags2007_R1_R1
Tags2008_R1_R1
Tags2009_R1_R1
Fits follow:

LL_catchA :
catch proportions-at-age for fishery LL  with ageing error (constrained to sum to 1):
obs (last class is a plus group):
class 1       2       3       4       5       6       7       8       9       10      11      12      13      14      15      16      17      18      19      20      21      22      23      24      25      26      27      28      29      30      
2000 0       0       0       0.001   0.007   0.009   0.054   0.056   0.202   0.126   0.126   0.086   0.083   0.061   0.032   0.035   0.018   0.016   0.016   0.014   0.013   0.013   0.009   0.009   0.005   0.001   0       0.001   0.001   0.006   
2001 0       0       0       0.001   0.003   0.026   0.024   0.142   0.081   0.222   0.092   0.101   0.062   0.076   0.041   0.035   0.029   0.018   0.005   0.012   0.008   0.007   0.001   0.001   0.004   0.006   0       0       0       0.003   
2002 0       0       0       0.001   0.013   0.025   0.088   0.054   0.165   0.063   0.177   0.066   0.066   0.066   0.061   0.044   0.033   0.026   0.006   0.004   0.01    0.01    0.008   0.002   0.001   0       0.005   0.001   0.001   0.004   
2003 0       0       0       0       0.003   0.026   0.08    0.145   0.075   0.169   0.061   0.161   0.061   0.053   0.03    0.031   0.037   0.017   0.009   0.014   0.003   0.008   0.007   0.003   0.002   0       0.001   0.003   0       0.001   
2004 0       0       0       0.001   0.004   0.014   0.074   0.153   0.197   0.069   0.126   0.047   0.086   0.05    0.043   0.029   0.028   0.024   0.016   0.015   0.005   0.004   0.006   0       0.005   0.002   0.001   0       0.001   0       
2005 0       0       0       0.001   0.006   0.015   0.038   0.157   0.176   0.216   0.057   0.086   0.028   0.066   0.034   0.04    0.015   0.019   0.015   0.01    0.01    0.003   0       0.002   0.001   0.001   0       0.002   0.001   0.001   
2006 0       0       0       0       0.014   0.031   0.036   0.077   0.209   0.171   0.132   0.043   0.079   0.028   0.058   0.027   0.021   0.019   0.015   0.009   0.006   0.007   0.002   0.002   0.004   0.002   0.002   0.004   0       0.002   
2007 0       0       0.001   0.001   0.01    0.038   0.07    0.077   0.117   0.184   0.132   0.133   0.028   0.052   0.016   0.048   0.019   0.017   0.018   0.012   0.011   0.002   0.003   0.003   0.001   0       0.002   0.001   0.001   0.003   
2008 0       0       0.001   0.002   0.006   0.02    0.127   0.139   0.11    0.123   0.133   0.109   0.077   0.029   0.041   0.017   0.024   0.007   0.011   0.007   0.003   0.004   0.002   0.002   0.003   0       0.001   0       0       0.002   
2009 0       0       0       0       0.016   0.026   0.071   0.215   0.181   0.094   0.073   0.122   0.052   0.057   0.016   0.027   0.007   0.014   0.005   0.005   0.008   0.003   0.002   0.002   0.001   0       0       0       0.001   0.002   
2010 0       0       0       0       0.002   0.04    0.071   0.116   0.238   0.176   0.044   0.059   0.067   0.057   0.047   0.01    0.022   0.003   0.016   0.003   0.002   0.005   0.004   0.004   0.005   0.003   0       0       0.002   0.004   
fits (last class is a plus group):
class 1       2       3       4       5       6       7       8       9       10      11      12      13      14      15      16      17      18      19      20      21      22      23      24      25      26      27      28      29      30      
2000 4.82802e-007 7.88987e-006 9.11675e-005 0.00074482 0.00430186 0.0175578 0.0505611 0.102322 0.144687 0.142544 0.116478 0.0939603 0.0748721 0.0589717 0.0459482 0.0354744 0.0272347 0.0208932 0.0160428 0.0122499 0.00924643 0.00689489 0.00507585 0.00368678 0.00264051 0.00186385 0.00129608 0.000887586 0.000598474 0.00286528 
2001 4.8398e-007 7.90905e-006 9.13924e-005 0.000746727 0.00431348 0.0176084 0.0507161 0.102649 0.145143 0.143071 0.116919 0.0942512 0.0750483 0.0590615 0.0459647 0.0354013 0.0270255 0.0205203 0.0155712 0.0118268 0.00893247 0.00666825 0.00491686 0.00357849 0.00256899 0.0018181 0.00126778 0.000870683 0.000588754 0.00285249 
2002 4.84934e-007 7.92425e-006 9.15671e-005 0.000748182 0.00432228 0.0176467 0.0508345 0.102901 0.145499 0.143394 0.117237 0.0945162 0.0752088 0.059145 0.0459925 0.0353825 0.0269465 0.0203457 0.015281 0.0114703 0.00861761 0.00643728 0.00475202 0.00346414 0.00249196 0.00176777 0.00123593 0.000851179 0.000577216 0.00283359 
2003 4.85744e-007 7.93694e-006 9.17094e-005 0.000749336 0.00432911 0.0176761 0.0509251 0.103094 0.145774 0.143645 0.117412 0.0947016 0.0753634 0.0592276 0.0460242 0.035379 0.026914 0.0202731 0.0151416 0.0112499 0.00835315 0.00620704 0.00458507 0.00334636 0.0024112 0.001714 0.0012012 0.000829446 0.000564056 0.00280872 
2004 4.86474e-007 7.94819e-006 9.18329e-005 0.00075031 0.00433468 0.0176995 0.0509959 0.103245 0.145986 0.143837 0.117546 0.0947854 0.0754661 0.0593146 0.0460622 0.035384 0.0268972 0.0202384 0.0150804 0.0111423 0.00818915 0.00601413 0.0044194 0.00322764 0.00232843 0.00165792 0.0011643 0.000805897 0.000549494 0.002778 
2005 4.87168e-007 7.95877e-006 9.19473e-005 0.000751191 0.00433956 0.0177191 0.0510536 0.103364 0.146151 0.143984 0.117646 0.0948475 0.0754968 0.0593677 0.046109 0.0353978 0.0268898 0.0202178 0.015049 0.0110933 0.00810813 0.00589426 0.00428083 0.00311019 0.00224526 0.00160063 0.00112595 0.000780974 0.000533785 0.00274161 
2006 4.87861e-007 7.96928e-006 9.20599e-005 0.000752047 0.0043442 0.0177372 0.051104 0.103463 0.146283 0.144096 0.117719 0.0948902 0.0755164 0.059369 0.0461332 0.0354212 0.0268913 0.0202059 0.0150293 0.0110673 0.00807049 0.00583459 0.00419461 0.00301208 0.00216317 0.00154319 0.00108687 0.00075514 0.000517206 0.00269979 
2007 4.88568e-007 7.97997e-006 9.2174e-005 0.000752907 0.00434879 0.0177546 0.051151 0.103552 0.146394 0.144183 0.11777 0.0949162 0.075525 0.059365 0.0461197 0.0354292 0.0269014 0.0202017 0.0150167 0.0110502 0.00804983 0.0058064 0.00415143 0.00295094 0.00209462 0.00148657 0.00104774 0.000728849 0.000500044 0.00265284 
2008 4.893e-007 7.99103e-006 9.22918e-005 0.000753792 0.00435349 0.0177722 0.0511973 0.103635 0.146492 0.144253 0.117805 0.0949283 0.075523 0.0593544 0.0461036 0.0354093 0.0269007 0.0202046 0.0150103 0.0110388 0.00803598 0.00579057 0.00413074 0.00292016 0.00205186 0.0014393 0.00100919 0.000702544 0.000482592 0.00260115 
2009 4.90059e-007 8.00253e-006 9.24144e-005 0.000754712 0.00435835 0.0177903 0.0512444 0.103718 0.146585 0.144314 0.117829 0.0949297 0.0755116 0.0593368 0.0460835 0.0353883 0.0268794 0.0201996 0.0150095 0.011032 0.00802631 0.00577972 0.00411891 0.00290524 0.00203022 0.00140977 0.000977014 0.000676637 0.000465137 0.00254526 
2010 4.90846e-007 8.01448e-006 9.2542e-005 0.00075567 0.00436341 0.0178091 0.051293 0.103803 0.146679 0.144372 0.117846 0.0949231 0.0754924 0.0593123 0.0460582 0.0353643 0.0268573 0.0201793 0.0150028 0.0110294 0.00802008 0.0057719 0.00411063 0.00289656 0.00201962 0.00139476 0.000956875 0.000655004 0.000447948 0.00248575 
resids (last class is a plus group):
class 1       2       3       4       5       6       7       8       9       10      11      12      13      14      15      16      17      18      19      20      21      22      23      24      25      26      27      28      29      30      
2000 -4.82802e-007 -7.88987e-006 -9.11675e-005 0.00025518 0.00269814 -0.00855784 0.00343886 -0.0463221 0.0573129 -0.016544 0.00952155 -0.00796029 0.00812794 0.00202827 -0.0139482 -0.000474447 -0.00923473 -0.0048932 -4.28012e-005 0.00175009 0.00375357 0.00610511 0.00392415 0.00531322 0.00235949 -0.000863848 -0.00129608 0.000112414 0.000401526 0.00313472 
2001 -4.8398e-007 -7.90905e-006 -9.13924e-005 0.000253273 -0.00131348 0.00839161 -0.0267161 0.0393514 -0.0641433 0.0789289 -0.0249186 0.00674882 -0.0130483 0.0169385 -0.00496473 -0.00040135 0.00197449 -0.0025203 -0.0105712 0.000173162 -0.000932473 0.000331749 -0.00391686 -0.00257849 0.00143101 0.0041819 -0.00126778 -0.000870683 -0.000588754 0.000147512 
2002 -4.84934e-007 -7.92425e-006 -9.15671e-005 0.000251818 0.00867772 0.00735329 0.0371655 -0.0489006 0.019501 -0.0803941 0.0597625 -0.0285162 -0.00920883 0.00685499 0.0150075 0.00861754 0.00605349 0.00565431 -0.00928104 -0.00747034 0.00138239 0.00356272 0.00324798 -0.00146414 -0.00149196 -0.00176777 0.00376407 0.000148821 0.000422784 0.00116641 
2003 -4.85744e-007 -7.93694e-006 -9.17094e-005 -0.000749336 -0.00132911 0.00832389 0.0290749 0.0419056 -0.0707742 0.0253551 -0.0564121 0.0662984 -0.0143634 -0.00622759 -0.0160242 -0.00437902 0.010086 -0.00327307 -0.00614162 0.00275005 -0.00535315 0.00179296 0.00241493 -0.000346364 -0.000411205 -0.001714 -0.000201197 0.00217055 -0.000564056 -0.00180872 
2004 -4.86474e-007 -7.94819e-006 -9.18329e-005 0.00024969 -0.000334678 -0.00369946 0.0230041 0.0497554 0.0510136 -0.0748375 0.00845395 -0.0477854 0.0105339 -0.00931457 -0.00306224 -0.00638399 0.00110284 0.00376159 0.000919622 0.00385773 -0.00318915 -0.00201413 0.0015806 -0.00322764 0.00267157 0.000342084 -0.000164296 -0.000805897 0.000450506 -0.002778 
2005 -4.87168e-007 -7.95877e-006 -9.19473e-005 0.000248809 0.00166044 -0.00271913 -0.0130536 0.0536362 0.0298486 0.0720158 -0.0606463 -0.00884748 -0.0474968 0.00663227 -0.012109 0.00460216 -0.0118898 -0.00121783 -4.90088e-005 -0.00109334 0.00189187 -0.00289426 -0.00428083 -0.00111019 -0.00124526 -0.000600625 -0.00112595 0.00121903 0.000466215 -0.00174161 
2006 -4.87861e-007 -7.96928e-006 -9.20599e-005 -0.000752047 0.0096558 0.0132628 -0.015104 -0.0264634 0.0627167 0.0269042 0.0142813 -0.0518902 0.00348361 -0.031369 0.0118668 -0.00842124 -0.00589129 -0.00120591 -2.92899e-005 -0.00206725 -0.00207049 0.00116541 -0.00219461 -0.00101208 0.00183683 0.000456806 0.00091313 0.00324486 -0.000517206 -0.000699791 
2007 -4.88568e-007 -7.97997e-006 0.000907826 0.000247093 0.00565121 0.0202454 0.018849 -0.0265517 -0.0293937 0.0398173 0.0142305 0.0380838 -0.047525 -0.00736497 -0.0301197 0.0125708 -0.00790144 -0.00320169 0.00298327 0.000949767 0.00295017 -0.0038064 -0.00115143 4.90588e-005 -0.00109462 -0.00148657 0.000952258 0.000271151 0.000499956 0.000347164 
2008 -4.893e-007 -7.99103e-006 0.000907708 0.00124621 0.00164651 0.0022278 0.0758027 0.0353647 -0.036492 -0.0212532 0.0151954 0.0140717 0.00147695 -0.0303544 -0.00510362 -0.0184093 -0.00290072 -0.0132046 -0.00401033 -0.00403879 -0.00503598 -0.00179057 -0.00213074 -0.000920159 0.000948144 -0.0014393 -9.19383e-006 -0.000702544 -0.000482592 -0.000601153 
2009 -4.90059e-007 -8.00253e-006 -9.24144e-005 -0.000754712 0.0116416 0.00820969 0.0197556 0.111282 0.0344146 -0.0503143 -0.0448287 0.0270703 -0.0235116 -0.00233682 -0.0300835 -0.00838826 -0.0198794 -0.00619964 -0.0100095 -0.00603205 -2.63089e-005 -0.00277972 -0.00211891 -0.000905244 -0.00103022 -0.00140977 -0.000977014 -0.000676637 0.000534863 -0.000545255 
2010 -4.90846e-007 -8.01448e-006 -9.2542e-005 -0.00075567 -0.00236341 0.0221909 0.019707 0.0121969 0.0913213 0.0316283 -0.073846 -0.0359231 -0.00849244 -0.00231234 0.000941838 -0.0253643 -0.0048573 -0.0171793 0.00099715 -0.00802942 -0.00602008 -0.000771897 -0.000110632 0.00110344 0.00298038 0.00160524 -0.000956875 -0.000655004 0.00155205 0.00151425 
pearson_resids (last class is a plus group):
class 1       2       3       4       5       6       7       8       9       10      11      12      13      14      15      16      17      18      19      20      21      22      23      24      25      26      27      28      29      30      
2000 -0.0219728 -0.0888253 -0.301953 0.295789 1.30368 -2.06051 0.496332 -4.8333 5.15199 -1.49644 0.938591 -0.862747 0.976606 0.272271 -2.10668 -0.0811098 -1.79415 -1.08187 -0.0107728 0.503118 1.24015 2.3331  1.74621 2.77228 1.45395 -0.63334 -1.13919 0.119374 0.519183 1.85455 
2001 -0.0219996 -0.0889332 -0.302326 0.293205 -0.633793 2.01764 -3.85037 4.10018 -5.75846 7.12833 -2.45234 0.730433 -1.56612 2.27217 -0.749724 -0.0686815 0.38505 -0.562164 -2.70005 0.0506525 -0.3134 0.128901 -1.77078 -1.36551 0.893966 3.10428 -1.12667 -0.93351 -0.767529 0.0874651 
2002 -0.0220212 -0.0890186 -0.302614 0.291236 4.18302 1.7661  5.35045 -5.08961 1.74892 -7.25384 5.87454 -3.08246 -1.1042 0.918939 2.26564 1.47507 1.18219 1.2665  -2.39257 -2.21849 0.47295 1.40875 1.49351 -0.788021 -0.9463 -1.33075 3.3879  0.161376 0.55664 0.693901 
2003 -0.0220396 -0.0890899 -0.30285 -0.865967 -0.64018 1.99759 4.18217 4.35794 -6.34232 2.28609 -5.54162 7.16025 -1.72064 -0.834287 -2.41832 -0.749594 1.97086 -0.734418 -1.59041 0.824561 -1.85997 0.721904 1.13039 -0.189659 -0.265134 -1.31032 -0.183686 2.38428 -0.751248 -1.08076 
2004 -0.0220562 -0.089153 -0.303053 0.288366 -0.161099 -0.887229 3.30676 5.17094 4.56875 -6.7438 0.83006 -5.1588 1.2611  -1.24698 -0.461963 -1.09273 0.215565 0.84474 0.238618 1.16219 -1.11903 -0.82378 0.753532 -1.79947 1.75283 0.265896 -0.152352 -0.89808 0.607908 -1.66905 
2005 -0.0220719 -0.0892123 -0.303242 0.287179 0.79881 -0.651765 -1.87541 5.57142 2.67197 6.48678 -5.95243 -0.954874 -5.6852 0.887518 -1.82586 0.787587 -2.32434 -0.273624 -0.0127296 -0.330101 0.667113 -1.19566 -2.07346 -0.630491 -0.831984 -0.475123 -1.0617 1.37995 0.638292 -1.05328 
2006 -0.0220876 -0.0892712 -0.303428 -0.867533 4.64279 3.17746 -2.16898 -2.74769 5.61215 2.4226  1.40133 -5.59918 0.416926 -4.1977 1.78888 -1.44071 -1.15166 -0.271025 -0.00761268 -0.62487 -0.731785 0.483887 -1.0738 -0.58403 1.25025 0.368008 0.876355 3.73548 -0.719357 -0.426472 
2007 -0.0221036 -0.089331 2.99033 0.284874 2.71583 4.84798 2.70559 -2.75582 -2.62945 3.58447 1.39608 4.1089  -5.6876 -0.985587 -4.54109 2.15038 -1.54433 -0.719642 0.775694 0.287306 1.04402 -1.58426 -0.566292 0.0286008 -0.757125 -1.22016 0.930797 0.317725 0.70719 0.213431 
2008 -0.0221201 -0.0893929 2.98803 1.43591 0.790849 0.533213 10.8761 3.66922 -3.26353 -1.91289 1.49056 1.51813 0.176758 -4.0624 -0.769591 -3.14998 -0.566951 -2.96778 -1.04296 -1.22237 -1.78368 -0.746262 -1.05055 -0.539256 0.662593 -1.20057 -0.00915648 -0.838473 -0.694856 -0.373222 
2009 -0.0221373 -0.0894572 -0.304011 -0.86907 5.58858 1.96396 2.83328 11.5418 3.07692 -4.52772 -4.39697 2.92046 -2.81401 -0.312785 -4.53733 -1.43571 -3.88696 -1.39356 -2.60323 -1.82619 -0.00932383 -1.1596 -1.04621 -0.531871 -0.723769 -1.18817 -0.988923 -0.822858 0.784429 -0.342206 
2010 -0.0221551 -0.089524 -0.304221 -0.869622 -1.1339 5.30586 2.82505 1.26457 8.16267 2.84573 -7.24265 -3.87565 -1.01654 -0.309568 0.142089 -4.34269 -0.950113 -3.86349 0.259392 -2.43117 -2.13433 -0.322223 -0.0546791 0.649286 2.0993  1.36017 -0.978668 -0.809588 2.31947 0.961634 
objective function: multinomial likelihood, with delta = 1e-011, N =
1000 1000 1000 1000 1000 1000 1000 1000 1000 1000 1000 1000 1000 1000 1000 1000 1000 1000 1000 1000 1000 1000 1000 1000 1000 1000 1000 1000 1000 1000 
1000 1000 1000 1000 1000 1000 1000 1000 1000 1000 1000 1000 1000 1000 1000 1000 1000 1000 1000 1000 1000 1000 1000 1000 1000 1000 1000 1000 1000 1000 
1000 1000 1000 1000 1000 1000 1000 1000 1000 1000 1000 1000 1000 1000 1000 1000 1000 1000 1000 1000 1000 1000 1000 1000 1000 1000 1000 1000 1000 1000 
1000 1000 1000 1000 1000 1000 1000 1000 1000 1000 1000 1000 1000 1000 1000 1000 1000 1000 1000 1000 1000 1000 1000 1000 1000 1000 1000 1000 1000 1000 
1000 1000 1000 1000 1000 1000 1000 1000 1000 1000 1000 1000 1000 1000 1000 1000 1000 1000 1000 1000 1000 1000 1000 1000 1000 1000 1000 1000 1000 1000 
1000 1000 1000 1000 1000 1000 1000 1000 1000 1000 1000 1000 1000 1000 1000 1000 1000 1000 1000 1000 1000 1000 1000 1000 1000 1000 1000 1000 1000 1000 
1000 1000 1000 1000 1000 1000 1000 1000 1000 1000 1000 1000 1000 1000 1000 1000 1000 1000 1000 1000 1000 1000 1000 1000 1000 1000 1000 1000 1000 1000 
1000 1000 1000 1000 1000 1000 1000 1000 1000 1000 1000 1000 1000 1000 1000 1000 1000 1000 1000 1000 1000 1000 1000 1000 1000 1000 1000 1000 1000 1000 
1000 1000 1000 1000 1000 1000 1000 1000 1000 1000 1000 1000 1000 1000 1000 1000 1000 1000 1000 1000 1000 1000 1000 1000 1000 1000 1000 1000 1000 1000 
1000 1000 1000 1000 1000 1000 1000 1000 1000 1000 1000 1000 1000 1000 1000 1000 1000 1000 1000 1000 1000 1000 1000 1000 1000 1000 1000 1000 1000 1000 
1000 1000 1000 1000 1000 1000 1000 1000 1000 1000 1000 1000 1000 1000 1000 1000 1000 1000 1000 1000 1000 1000 1000 1000 1000 1000 1000 1000 1000 1000 

Tags2005_R1_R1 :
tag-recapture data for tag Tags2005_R1 in years 2006 2007 2008 2009 2010 , step 1, after proportion 0.5 of mortality, with sampling method size, detection probability 1.
Year 2006
class scanned recaptured expected_prop neg_log_likelihood
100 0 0 0 0
150 0 0 1.27568e-012 0
200 0 0 7.57547e-012 0
250 2 0 5.16215e-011 1.03243e-010
300 24 0 7.05601e-010 1.69344e-008
350 262 0 8.84836e-009 2.31827e-006
400 1828 0 8.23052e-008 0.000150454
450 7824 0 5.57059e-007 0.00435843
500 22132 0.1 2.68166e-006 0.291905
550 47760 0.7 9.254e-006 0.917714
600 86310 2.5 2.35433e-005 1.4604
650 128872 5.7 4.58197e-005 1.80735
700 153018 9 7.09179e-005 2.19461
750 145000 10.1 9.08806e-005 2.47464
800 115310 8.6 0.000100889 2.43972
850 83648 6.2 0.000101726 2.19092
900 60312 4.2 9.69945e-005 1.91455
950 44902 3.1 8.97461e-005 1.62803
1000 33902 2.2 8.15006e-005 1.41249
1050 25228 1.6 7.27891e-005 1.22128
1100 18290 1 6.37776e-005 1.01246
1150 12914 0.7 5.45945e-005 0.853856
1200 8904 0.5 4.54916e-005 0.736111
1250 6030 0.3 3.69477e-005 0.565047
1300 4064 0.2 2.94925e-005 0.45875
1350 2766 0.1 2.34664e-005 0.288496
1400 1918 0 1.8987e-005 0.0364174
1450 1340 0 1.58476e-005 0.021236
1500 924 0 1.37055e-005 0.012664
1550 612 0 1.22681e-005 0.00750814
1600 382 0 1.12765e-005 0.00430765
1650 222 0 1.06046e-005 0.00235424
1700 118 0 1.01621e-005 0.00119914
1750 58 0 9.8773e-006 0.000572886
1800 26 0 9.69664e-006 0.000252114
1850 10 0 9.58244e-006 9.58249e-005
1900 4 0 9.50777e-006 3.80312e-005
1950 2 0 9.45038e-006 1.89008e-005
2000 0 0 9.38711e-006 0

total neg_log_likelihood: 23.9595


Year 2007
class scanned recaptured expected_prop neg_log_likelihood
100 0 0 0 0
150 0 0 4.20718e-015 0
200 0 0 4.39555e-013 0
250 0 0 6.22448e-012 0
300 24 0 1.29317e-010 3.1036e-009
350 274 0 1.82553e-009 5.00195e-007
400 1926 0 1.75069e-008 3.37183e-005
450 9024 0 1.34691e-007 0.00121546
500 27764 0.1 7.86149e-007 0.354415
550 57848 0.6 3.35516e-006 1.06516
600 90770 2.1 1.05622e-005 1.83461
650 120458 4.9 2.5184e-005 2.2136
700 140918 8.1 4.69838e-005 2.12927
750 141926 9.8 7.08781e-005 2.07197
800 121472 9.3 8.95853e-005 2.1639
850 91152 7.4 9.88851e-005 2.08482
900 64062 5.4 9.95196e-005 1.85626
950 45146 3.9 9.47381e-005 1.63784
1000 32814 2.7 8.74029e-005 1.45127
1050 24180 1.8 7.89794e-005 1.26186
1100 17602 1 6.99826e-005 1.0233
1150 12510 0.6 6.06005e-005 0.811652
1200 8674 0.3 5.10732e-005 0.579068
1250 5894 0.2 4.18921e-005 0.441266
1300 3958 0.2 3.36684e-005 0.450952
1350 2662 0.3 2.68591e-005 0.754699
1400 1812 0.3 2.16948e-005 0.901947
1450 1248 0.2 1.80169e-005 0.696024
1500 854 0.2 1.54717e-005 0.793056
1550 568 0.2 1.37431e-005 0.89286
1600 356 0.1 1.25334e-005 0.49568
1650 208 0.1 1.17012e-005 0.554172
1700 112 0 1.11451e-005 0.00124826
1750 54 0 1.07827e-005 0.000582268
1800 24 0 1.05505e-005 0.000253214
1850 10 0 1.04029e-005 0.00010403
1900 4 0 1.03068e-005 4.12274e-005
1950 2 0 1.02352e-005 2.04705e-005
2000 0 0 1.01603e-005 0

total neg_log_likelihood: 28.5232


Year 2008
class scanned recaptured expected_prop neg_log_likelihood
100 0 0 0 0
150 0 0 0 0
200 0 0 1.22989e-014 0
250 0 0 5.83944e-013 0
300 18 0 2.18599e-011 3.93477e-010
350 258 0 4.26586e-010 1.10059e-007
400 1952 0 4.23043e-009 8.2578e-006
450 9192 0 3.24184e-008 0.00029799
500 30318 0 2.13988e-007 0.00648769
550 69828 0.1 1.08821e-006 0.283833
600 112668 0.4 4.1603e-006 0.652207
650 136462 1.4 1.20519e-005 1.16496
700 139378 3.3 2.70709e-005 1.57205
750 131562 5.7 4.84619e-005 1.8409
800 115826 7.4 7.11406e-005 1.97525
850 92578 7.7 8.84993e-005 1.96547
900 67400 6.5 9.69519e-005 1.86769
950 46652 4.9 9.72368e-005 1.74469
1000 32354 3.3 9.23117e-005 1.55692
1050 23012 2.1 8.48e-005 1.33478
1100 16564 1.2 7.60703e-005 1.07958
1150 11802 0.6 6.66369e-005 0.81797
1200 8230 0.2 5.68138e-005 0.534234
1250 5620 0.1 4.71091e-005 0.34777
1300 3778 0 3.8195e-005 0.144303
1350 2528 0 3.06361e-005 0.0774493
1400 1698 0 2.47857e-005 0.0420867
1450 1152 0 2.05513e-005 0.0236754
1500 778 0 1.75817e-005 0.0136787
1550 514 0 1.55441e-005 0.00798975
1600 324 0 1.41034e-005 0.00456953
1650 190 0 1.31023e-005 0.00248945
1700 102 0 1.24274e-005 0.0012676
1750 50 0 1.19842e-005 0.000599213
1800 22 0 1.16987e-005 0.000257373
1850 8 0 1.15166e-005 9.21335e-005
1900 4 0 1.13982e-005 4.55929e-005
1950 2 0 1.13111e-005 2.26224e-005
2000 0 0 1.12233e-005 0

total neg_log_likelihood: 19.0636


Year 2009
class scanned recaptured expected_prop neg_log_likelihood
100 0 0 0 0
150 0 0 0 0
200 0 0 4.10269e-017 0
250 0 0 3.64246e-014 0
300 12 0 2.94793e-012 3.53757e-011
350 190 0 9.58044e-011 1.82028e-008
400 1724 0 1.23517e-009 2.12943e-006
450 8856 0 8.46756e-009 7.49888e-005
500 29322 0 5.76585e-008 0.00169066
550 70338 0 3.29928e-007 0.0232065
600 124844 0.2 1.48424e-006 0.437081
650 162544 0.7 5.13945e-006 0.865479
700 161584 1.7 1.37894e-005 1.30097
750 135988 3 2.92397e-005 1.62699
800 109002 4.2 5.01927e-005 1.81691
850 86584 4.9 7.15955e-005 1.87728
900 65820 4.7 8.75507e-005 1.81501
950 46878 3.9 9.50372e-005 1.65683
1000 32030 2.8 9.48457e-005 1.47291
1050 21872 1.9 8.96458e-005 1.28425
1100 15234 1.3 8.18e-005 1.11422
1150 10722 0.9 7.25817e-005 0.964866
1200 7486 0.6 6.2621e-005 0.810722
1250 5136 0.4 5.25212e-005 0.674204
1300 3468 0.3 4.30178e-005 0.61174
1350 2322 0.2 3.47702e-005 0.498636
1400 1552 0.1 2.82551e-005 0.306642
1450 1040 0 2.34602e-005 0.0243989
1500 694 0 2.0051e-005 0.0139156
1550 454 0 1.76877e-005 0.00803027
1600 284 0 1.6001e-005 0.00454433
1650 166 0 1.48201e-005 0.00246015
1700 90 0 1.40189e-005 0.00126171
1750 44 0 1.34903e-005 0.000593578
1800 20 0 1.31487e-005 0.000262975
1850 8 0 1.29305e-005 0.000103444
1900 2 0 1.27887e-005 2.55776e-005
1950 0 0 1.26851e-005 0
2000 0 0 1.2582e-005 0

total neg_log_likelihood: 19.2153


Year 2010
class scanned recaptured expected_prop neg_log_likelihood
100 0 0 0 0
150 0 0 0 0
200 0 0 0 0
250 0 0 1.05499e-015 0
300 10 0 2.91438e-013 2.91434e-012
350 124 0 1.77647e-011 2.20282e-009
400 1222 0 4.03803e-010 4.93448e-007
450 7444 0 2.55442e-009 1.90151e-005
500 27406 0 1.64695e-008 0.000451363
550 66586 0 9.84859e-008 0.00655778
600 119372 0.1 4.97586e-007 0.291875
650 166284 0.2 2.00568e-006 0.467753
700 179864 0.5 6.33816e-006 0.953707
750 154544 1.1 1.58003e-005 1.50525
800 114976 1.9 3.16478e-005 1.7875
850 83314 2.6 5.20763e-005 1.83592
900 61812 2.8 7.2163e-005 1.82011
950 45238 2.6 8.66596e-005 1.68118
1000 31588 2 9.30828e-005 1.47641
1050 21290 1.3 9.22675e-005 1.24082
1100 14310 0.9 8.65979e-005 1.00717
1150 9768 0.5 7.81958e-005 0.777726
1200 6732 0.3 6.83724e-005 0.584862
1250 4618 0.1 5.80407e-005 0.349817
1300 3130 0.1 4.80696e-005 0.289977
1350 2100 0 3.92184e-005 0.0823602
1400 1404 0 3.20834e-005 0.0450458
1450 936 0 2.67422e-005 0.025031
1500 618 0 2.28897e-005 0.014146
1550 398 0 2.0189e-005 0.00803529
1600 246 0 1.8243e-005 0.00448783
1650 144 0 1.68703e-005 0.00242935
1700 78 0 1.5934e-005 0.00124286
1750 38 0 1.53138e-005 0.000581929
1800 16 0 1.4912e-005 0.000238595
1850 6 0 1.46553e-005 8.79326e-005
1900 2 0 1.44889e-005 2.8978e-005
1950 0 0 1.43679e-005 0
2000 0 0 1.42478e-005 0

total neg_log_likelihood: 16.2608


Tags2006_R1_R1 :
tag-recapture data for tag Tags2006_R1 in years 2007 2008 2009 2010 , step 1, after proportion 0.5 of mortality, with sampling method size, detection probability 1.
Year 2007
class scanned recaptured expected_prop neg_log_likelihood
100 0 0 0 0
150 0 0 4.66707e-012 0
200 0 0 1.67495e-011 0
250 0 0 7.98806e-011 0
300 24 0 1.00446e-009 2.4107e-008
350 274 0 1.23936e-008 3.39585e-006
400 1926 0 1.05213e-007 0.00020264
450 9024 0 6.38371e-007 0.00576067
500 27764 0.2 2.83025e-006 0.501932
550 57848 0.7 9.30931e-006 0.875956
600 90770 2.1 2.31916e-005 1.3293
650 120458 4.6 4.49879e-005 1.76533
700 140918 7.3 7.01449e-005 2.29625
750 141926 8.9 9.10298e-005 2.72394
800 121472 8.9 0.000102399 2.58063
850 91152 7.6 0.000104274 2.14902
900 64062 5.9 9.98381e-005 1.84022
950 45146 4.5 9.22258e-005 1.70265
1000 32814 3.2 8.32745e-005 1.5643
1050 24180 2.2 7.37767e-005 1.39589
1100 17602 1.4 6.40118e-005 1.1765
1150 12510 0.8 5.41268e-005 0.917929
1200 8674 0.4 4.4376e-005 0.647172
1250 5894 0.2 3.52699e-005 0.436648
1300 3958 0.1 2.73884e-005 0.280708
1350 2662 0 2.11027e-005 0.0561761
1400 1812 0 1.65157e-005 0.0299267
1450 1248 0 1.33714e-005 0.0166876
1500 854 0 1.12783e-005 0.00963175
1550 568 0 9.90793e-006 0.00562773
1600 356 0 8.98573e-006 0.00319893
1650 208 0 8.37405e-006 0.00174181
1700 112 0 7.97783e-006 0.00089352
1750 54 0 7.72577e-006 0.000417193
1800 24 0 7.56692e-006 0.000181607
1850 10 0 7.4664e-006 7.46643e-005
1900 4 0 7.39976e-006 2.95991e-005
1950 2 0 7.34756e-006 1.46952e-005
2000 0 0 7.29014e-006 0

total neg_log_likelihood: 24.315


Year 2008
class scanned recaptured expected_prop neg_log_likelihood
100 0 0 0 0
150 0 0 1.67551e-014 0
200 0 0 1.25056e-012 0
250 0 0 1.05438e-011 0
300 18 0 1.70092e-010 3.06165e-009
350 258 0 2.36935e-009 6.11292e-007
400 1952 0 2.25566e-008 4.40304e-005
450 9192 0 1.61539e-007 0.00148487
500 30318 0.1 8.67491e-007 0.340243
550 69828 0.3 3.47944e-006 0.55924
600 112668 1.2 1.05675e-005 1.07819
650 136462 3.2 2.48182e-005 1.53171
700 139378 6.2 4.6249e-005 1.84938
750 131562 9.1 7.02971e-005 2.03339
800 115826 10.1 8.99036e-005 2.08817
850 92578 8.8 0.000100436 2.02932
900 67400 6.3 0.000101976 1.87698
950 46652 4.1 9.74152e-005 1.66717
1000 32354 2.6 8.97004e-005 1.44486
1050 23012 1.8 8.05821e-005 1.25945
1100 16564 1.3 7.08096e-005 1.11973
1150 11802 1 6.0678e-005 1.04999
1200 8230 0.7 5.04545e-005 0.934623
1250 5620 0.5 4.0649e-005 0.845852
1300 3778 0.3 3.19092e-005 0.647043
1350 2528 0.2 2.47305e-005 0.531567
1400 1698 0.1 1.93511e-005 0.324513
1450 1152 0 1.55805e-005 0.0179488
1500 778 0 1.30215e-005 0.0101308
1550 514 0 1.13195e-005 0.00581825
1600 324 0 1.01557e-005 0.00329045
1650 190 0 9.37181e-006 0.00178065
1700 102 0 8.85703e-006 0.000903421
1750 50 0 8.52576e-006 0.00042629
1800 22 0 8.31522e-006 0.000182936
1850 8 0 8.18145e-006 6.54519e-005
1900 4 0 8.09311e-006 3.23726e-005
1950 2 0 8.02527e-006 1.60506e-005
2000 0 0 7.95364e-006 0

total neg_log_likelihood: 23.2535


Year 2009
class scanned recaptured expected_prop neg_log_likelihood
100 0 0 0 0
150 0 0 0 0
200 0 0 4.49386e-014 0
250 0 0 1.23104e-012 0
300 12 0 2.99943e-011 3.59931e-010
350 190 0 5.13003e-010 9.74706e-008
400 1724 0 5.18312e-009 8.9357e-006
450 8856 0 3.9369e-008 0.000348652
500 29322 0 2.44666e-007 0.00717409
550 70338 0.2 1.16695e-006 0.496716
600 124844 0.6 4.25735e-006 0.798137
650 162544 1.4 1.20112e-005 1.23256
700 161584 2.6 2.66996e-005 1.82617
750 135988 3.9 4.78279e-005 2.23015
800 109002 5 7.07483e-005 2.28551
850 86584 5.4 8.89817e-005 2.16283
900 65820 5 9.85444e-005 1.92529
950 46878 4.1 9.96028e-005 1.68087
1000 32030 2.9 9.48201e-005 1.48302
1050 21872 1.9 8.69067e-005 1.2833
1100 15234 1.1 7.74858e-005 1.04336
1150 10722 0.6 6.72829e-005 0.804719
1200 7486 0.3 5.67149e-005 0.573379
1250 5136 0.1 4.63292e-005 0.331637
1300 3468 0 3.68265e-005 0.127717
1350 2322 0 2.88052e-005 0.0668866
1400 1552 0 2.26386e-005 0.0351354
1450 1040 0 1.82191e-005 0.018948
1500 694 0 1.51614e-005 0.0105221
1550 454 0 1.30959e-005 0.00594556
1600 284 0 1.16632e-005 0.00331235
1650 166 0 1.06864e-005 0.00177396
1700 90 0 1.00387e-005 0.000903484
1750 44 0 9.61866e-006 0.000423223
1800 20 0 9.3504e-006 0.000187009
1850 8 0 9.17971e-006 7.3438e-005
1900 2 0 9.0674e-006 1.81349e-005
1950 0 0 8.98198e-006 0
2000 0 0 8.89314e-006 0

total neg_log_likelihood: 20.437


Year 2010
class scanned recaptured expected_prop neg_log_likelihood
100 0 0 0 0
150 0 0 0 0
200 0 0 1.63352e-016 0
250 0 0 1.02408e-013 0
300 10 0 4.74317e-012 4.74321e-011
350 124 0 1.14654e-010 1.42171e-008
400 1222 0 1.40792e-009 1.72048e-006
450 7444 0 1.00252e-008 7.46272e-005
500 27406 0 6.68151e-008 0.00183113
550 66586 0.1 3.63665e-007 0.34642
600 119372 0.2 1.557e-006 0.437037
650 166284 0.5 5.20658e-006 0.817055
700 179864 1.1 1.37067e-005 1.51822
750 154544 1.8 2.88721e-005 2.28665
800 114976 2.7 4.96646e-005 2.43423
850 83314 3.2 7.13868e-005 2.29058
900 61812 3 8.81882e-005 2.15543
950 45238 2.4 9.66664e-005 1.92426
1000 31588 1.8 9.71182e-005 1.56676
1050 21290 1.3 9.198e-005 1.23875
1100 14310 1.1 8.37024e-005 1.04466
1150 9768 0.9 7.37887e-005 0.976433
1200 6732 0.7 6.30615e-005 0.928417
1250 4618 0.5 5.22282e-005 0.831446
1300 3130 0.4 4.20722e-005 0.822954
1350 2100 0.2 3.32843e-005 0.516626
1400 1404 0.1 2.63648e-005 0.31675
1450 936 0 2.12977e-005 0.0199348
1500 618 0 1.77236e-005 0.0109533
1550 398 0 1.52702e-005 0.00607759
1600 246 0 1.35437e-005 0.00333177
1650 144 0 1.23528e-005 0.00177882
1700 78 0 1.1556e-005 0.000901373
1750 38 0 1.10361e-005 0.000419374
1800 16 0 1.07028e-005 0.000171246
1850 6 0 1.04907e-005 6.29443e-005
1900 2 0 1.03517e-005 2.07036e-005
1950 0 0 1.02471e-005 0
2000 0 0 1.01386e-005 0

total neg_log_likelihood: 22.4982


Tags2007_R1_R1 :
tag-recapture data for tag Tags2007_R1 in years 2008 2009 2010 , step 1, after proportion 0.5 of mortality, with sampling method size, detection probability 1.
Year 2008
class scanned recaptured expected_prop neg_log_likelihood
100 0 0 0 0
150 0 0 3.67601e-012 0
200 0 0 1.68409e-011 0
250 0 0 8.77574e-011 0
300 18 0 1.06883e-009 1.92389e-008
350 258 0 1.34169e-008 3.46155e-006
400 1952 0 1.17849e-007 0.000230042
450 9192 0.1 7.2058e-007 0.458458
500 30318 0.3 3.12549e-006 0.693506
550 69828 1.3 9.91015e-006 1.3248
600 112668 3.5 2.38035e-005 1.68279
650 136462 7 4.49075e-005 1.96304
700 139378 10.5 6.8922e-005 2.14287
750 131562 12.2 8.91398e-005 2.18584
800 115826 11.5 0.000100975 2.14895
850 92578 9.1 0.000104182 2.04787
900 67400 6.2 0.000101135 1.87336
950 46652 3.8 9.43576e-005 1.65146
1000 32354 2.2 8.55714e-005 1.41362
1050 23012 1.2 7.58013e-005 1.17362
1100 16564 0.6 6.56286e-005 0.924377
1150 11802 0.3 5.53998e-005 0.673119
1200 8230 0.1 4.54248e-005 0.422363
1250 5620 0.1 3.61739e-005 0.312726
1300 3778 0 2.81687e-005 0.106423
1350 2528 0 2.17556e-005 0.0549989
1400 1698 0 1.70482e-005 0.028948
1450 1152 0 1.38049e-005 0.0159034
1500 778 0 1.16384e-005 0.00905475
1550 514 0 1.02176e-005 0.00525189
1600 324 0 9.26119e-006 0.00300064
1650 190 0 8.62713e-006 0.00163916
1700 102 0 8.21678e-006 0.000838115
1750 50 0 7.95595e-006 0.000397799
1800 22 0 7.79172e-006 0.000171418
1850 8 0 7.68781e-006 6.15027e-005
1900 4 0 7.61878e-006 3.04752e-005
1950 2 0 7.5645e-006 1.5129e-005
2000 0 0 7.50517e-006 0

total neg_log_likelihood: 23.3197


Year 2009
class scanned recaptured expected_prop neg_log_likelihood
100 0 0 0 0
150 0 0 1.26411e-014 0
200 0 0 1.11979e-012 0
250 0 0 1.16768e-011 0
300 12 0 1.88577e-010 2.26292e-009
350 190 0 2.54603e-009 4.83746e-007
400 1724 0 2.47408e-008 4.26531e-005
450 8856 0 1.80805e-007 0.00160121
500 29322 0.1 9.67474e-007 0.334743
550 70338 0.5 3.78555e-006 0.807109
600 124844 1.5 1.11178e-005 1.18088
650 162544 3.3 2.53026e-005 1.62727
700 161584 5.5 4.60625e-005 2.06554
750 135988 7.6 6.91247e-005 2.12851
800 109002 8.6 8.82365e-005 2.06035
850 86584 8.2 9.92776e-005 1.99037
900 65820 6.5 0.000102051 1.87115
950 46878 4.5 9.87369e-005 1.69122
1000 32030 2.9 9.17492e-005 1.48013
1050 21872 1.7 8.27563e-005 1.23613
1100 15234 1 7.27251e-005 1.0054
1150 10722 0.6 6.2222e-005 0.797374
1200 7486 0.3 5.16843e-005 0.563584
1250 5136 0.1 4.16621e-005 0.318284
1300 3468 0 3.27675e-005 0.113639
1350 2322 0 2.54559e-005 0.0591094
1400 1552 0 1.99559e-005 0.0309719
1450 1040 0 1.60828e-005 0.0167263
1500 694 0 1.34432e-005 0.00932968
1550 454 0 1.16822e-005 0.00530376
1600 284 0 1.04758e-005 0.00297515
1650 166 0 9.66273e-006 0.00160402
1700 90 0 9.1288e-006 0.000821596
1750 44 0 8.78535e-006 0.000386557
1800 20 0 8.56722e-006 0.000171345
1850 8 0 8.42875e-006 6.74303e-005
1900 2 0 8.3373e-006 1.66747e-005
1950 0 0 8.26676e-006 0
2000 0 0 8.19189e-006 0

total neg_log_likelihood: 21.4008


Year 2010
class scanned recaptured expected_prop neg_log_likelihood
100 0 0 0 0
150 0 0 0 0
200 0 0 3.54067e-014 0
250 0 0 1.26856e-012 0
300 10 0 3.44364e-011 3.44365e-010
350 124 0 5.60213e-010 6.94665e-008
400 1222 0 5.59386e-009 6.8357e-006
450 7444 0 4.34134e-008 0.000323169
500 27406 0 2.72153e-007 0.00745864
550 66586 0.2 1.28415e-006 0.491964
600 119372 0.6 4.56665e-006 0.796574
650 166284 1.4 1.25021e-005 1.27118
700 179864 2.5 2.70575e-005 2.11162
750 154544 3.2 4.75416e-005 3.01401
800 114976 3.4 6.96266e-005 3.24918
850 83314 3.2 8.75282e-005 2.98313
900 61812 2.9 9.76407e-005 2.48986
950 45238 2.5 9.98435e-005 1.94825
1000 31588 2 9.61681e-005 1.50865
1050 21290 1.4 8.88782e-005 1.2162
1100 14310 0.9 7.95434e-005 0.982697
1150 9768 0.5 6.90929e-005 0.750689
1200 6732 0.3 5.81841e-005 0.56468
1250 4618 0.1 4.75074e-005 0.321198
1300 3130 0 3.77929e-005 0.118294
1350 2100 0 2.96131e-005 0.0621885
1400 1404 0 2.33181e-005 0.0327391
1450 936 0 1.87934e-005 0.0175908
1500 618 0 1.56514e-005 0.00967264
1550 398 0 1.35215e-005 0.00538159
1600 246 0 1.20398e-005 0.0029618
1650 144 0 1.10276e-005 0.00158799
1700 78 0 1.03557e-005 0.000807749
1750 38 0 9.91986e-006 0.000376957
1800 16 0 9.64153e-006 0.000154265
1850 6 0 9.46457e-006 5.67877e-005
1900 2 0 9.34833e-006 1.86968e-005
1950 0 0 9.2599e-006 0
2000 0 0 9.16721e-006 0

total neg_log_likelihood: 23.9595


Tags2008_R1_R1 :
tag-recapture data for tag Tags2008_R1 in years 2009 2010 , step 1, after proportion 0.5 of mortality, with sampling method size, detection probability 1.
Year 2009
class scanned recaptured expected_prop neg_log_likelihood
100 0 0 0 0
150 0 0 3.60227e-012 0
200 0 0 1.54143e-011 0
250 0 0 8.59149e-011 0
300 12 0 1.07542e-009 1.29051e-008
350 190 0 1.33294e-008 2.53258e-006
400 1724 0 1.18789e-007 0.000204793
450 8856 0 7.50331e-007 0.00664493
500 29322 0.2 3.35559e-006 0.476773
550 70338 0.7 1.0812e-005 0.856332
600 124844 2 2.59397e-005 1.58139
650 162544 3.8 4.81923e-005 2.89284
700 161584 5.5 7.21553e-005 3.81331
750 135988 6.6 9.06752e-005 3.48075
800 109002 7 9.99362e-005 2.70144
850 86584 6.7 0.000100882 2.14031
900 65820 5.7 9.65198e-005 1.8385
950 46878 4.3 8.93147e-005 1.66906
1000 32030 3 8.06597e-005 1.52778
1050 21872 1.9 7.13184e-005 1.31795
1100 15234 1.2 6.17426e-005 1.111
1150 10722 0.7 5.22114e-005 0.870081
1200 7486 0.4 4.29566e-005 0.655746
1250 5136 0.2 3.43488e-005 0.438005
1300 3468 0.1 2.68304e-005 0.280625
1350 2322 0 2.07277e-005 0.0481303
1400 1552 0 1.61874e-005 0.025123
1450 1040 0 1.30226e-005 0.0135436
1500 694 0 1.08894e-005 0.00755731
1550 454 0 9.48199e-006 0.00430484
1600 284 0 8.53126e-006 0.00242289
1650 166 0 7.90024e-006 0.00131145
1700 90 0 7.49194e-006 0.000674277
1750 44 0 7.23265e-006 0.000318238
1800 20 0 7.06959e-006 0.000141392
1850 8 0 6.96655e-006 5.57326e-005
1900 2 0 6.89806e-006 1.37962e-005
1950 0 0 6.84377e-006 0
2000 0 0 6.78393e-006 0

total neg_log_likelihood: 27.7624


Year 2010
class scanned recaptured expected_prop neg_log_likelihood
100 0 0 0 0
150 0 0 1.26487e-014 0
200 0 0 1.04201e-012 0
250 0 0 1.09726e-011 0
300 10 0 1.92512e-010 1.92512e-009
350 124 0 2.59082e-009 3.21261e-007
400 1222 0 2.49612e-008 3.05026e-005
450 7444 0 1.85563e-007 0.00138133
500 27406 0.2 1.02038e-006 0.657951
550 66586 0.8 4.08363e-006 1.24264
600 119372 2.5 1.21065e-005 1.72557
650 166284 5.4 2.74234e-005 1.85054
700 179864 8 4.91213e-005 2.00983
750 154544 8.9 7.1974e-005 2.25996
800 114976 8 8.94184e-005 2.2432
850 83314 6.3 9.80595e-005 2.08486
900 61812 4.7 9.87458e-005 1.88583
950 45238 3.4 9.42179e-005 1.64901
1000 31588 2.3 8.68495e-005 1.40931
1050 21290 1.5 7.80185e-005 1.18452
1100 14310 0.9 6.84518e-005 0.95913
1150 9768 0.6 5.85854e-005 0.794535
1200 6732 0.4 4.87665e-005 0.65419
1250 4618 0.3 3.94444e-005 0.584819
1300 3130 0.3 3.11333e-005 0.687764
1350 2100 0.2 2.42358e-005 0.561076
1400 1404 0.1 1.8986e-005 0.339223
1450 936 0 1.52458e-005 0.0142702
1500 618 0 1.26705e-005 0.00783042
1550 398 0 1.09382e-005 0.00435342
1600 246 0 9.74407e-006 0.00239705
1650 144 0 8.93621e-006 0.00128682
1700 78 0 8.4047e-006 0.000655569
1750 38 0 8.0626e-006 0.00030638
1800 16 0 7.84541e-006 0.000125527
1850 6 0 7.70773e-006 4.62466e-005
1900 2 0 7.61699e-006 1.5234e-005
1950 0 0 7.54684e-006 0
2000 0 0 7.47147e-006 0

total neg_log_likelihood: 24.8167


Tags2009_R1_R1 :
tag-recapture data for tag Tags2009_R1 in years 2010 , step 1, after proportion 0.5 of mortality, with sampling method size, detection probability 1.
Year 2010
class scanned recaptured expected_prop neg_log_likelihood
100 0 0 0 0
150 0 0 2.52108e-012 0
200 0 0 1.35617e-011 0
250 0 0 8.21201e-011 0
300 10 0 1.04091e-009 1.04091e-008
350 124 0 1.30216e-008 1.61468e-006
400 1222 0 1.18868e-007 0.000145257
450 7444 0.1 7.66878e-007 0.472407
500 27406 0.4 3.47726e-006 0.915979
550 66586 1.6 1.12996e-005 1.56499
600 119372 4.2 2.72099e-005 1.78383
650 166284 7.4 5.04671e-005 1.99199
700 179864 9.2 7.49786e-005 2.80508
750 154544 8.9 9.29377e-005 3.2248
800 114976 7.5 0.0001006 2.755
850 83314 6.1 9.96587e-005 2.15891
900 61812 4.9 9.38482e-005 1.8044
950 45238 3.5 8.58779e-005 1.58876
1000 31588 2.2 7.69681e-005 1.36213
1050 21290 1.2 6.75973e-005 1.09921
1100 14310 0.6 5.8032e-005 0.829308
1150 9768 0.2 4.85072e-005 0.537824
1200 6732 0.1 3.92925e-005 0.347624
1250 4618 0 3.08028e-005 0.142249
1300 3130 0 2.3484e-005 0.0735059
1350 2100 0 1.76304e-005 0.0370241
1400 1404 0 1.33387e-005 0.0187277
1450 936 0 1.03905e-005 0.00972552
1500 618 0 8.43245e-006 0.00521127
1550 398 0 7.15909e-006 0.00284933
1600 246 0 6.31207e-006 0.00155277
1650 144 0 5.75782e-006 0.000829128
1700 78 0 5.40344e-006 0.000421469
1750 38 0 5.18044e-006 0.000196857
1800 16 0 5.04098e-006 8.06558e-005
1850 6 0 4.95289e-006 2.97174e-005
1900 2 0 4.89379e-006 9.78761e-006
1950 0 0 4.84599e-006 0
2000 0 0 4.7927e-006 0

total neg_log_likelihood: 25.5348


Output quantities start here

* Scalar parameter values
initialization.B0 216722

* Nuisance q's

* B0
216722

* R0
1.57106e+007

* SSBs
SSB 216722 215320 211940 208225 204209 199959 195563 191120 186723 182457 178386 174545 170947 167592 164473 161579 158900 156424 154139 152032 150092 
year 1990 1991 1992 1993 1994 1995 1996 1997 1998 1999 2000 2001 2002 2003 2004 2005 2006 2007 2008 2009 2010 

* recruitments
recruitment 1.57106e+007 1.57106e+007 1.56996e+007 1.56727e+007 1.56422e+007 1.56081e+007 1.55707e+007 1.55305e+007 1.54883e+007 1.54447e+007 1.54007e+007 1.5357e+007 1.53141e+007 1.52724e+007 1.52321e+007 1.51934e+007 1.51564e+007 1.5121e+007 1.50874e+007 1.50556e+007 1.50255e+007 
year 1990 1991 1992 1993 1994 1995 1996 1997 1998 1999 2000 2001 2002 2003 2004 2005 2006 2007 2008 2009 2010 

* YCS
YCS 1 1 1 1 1 1 1 1 1 1 1 1 1 1 1 1 1 1 1 1 1 
year 1989 1990 1991 1992 1993 1994 1995 1996 1997 1998 1999 2000 2001 2002 2003 2004 2005 2006 2007 2008 2009 

* true_YCS
true_YCS 1 1 0.999303 0.997588 0.995647 0.993478 0.991098 0.98854 0.98585 0.983077 0.980275 0.977492 0.974763 0.97211 0.969547 0.967083 0.964724 0.962475 0.960337 0.958311 0.956398 
year 1989 1990 1991 1992 1993 1994 1995 1996 1997 1998 1999 2000 2001 2002 2003 2004 2005 2006 2007 2008 2009 

* fishing_pressures
pressure 0 0.0341787 0.0350555 0.0359291 0.0367762 0.0375797 0.0383279 0.0390132 0.0396317 0.0401835 0.0406723 0.0411041 0.0414857 0.0418241 0.0421264 0.0423992 0.042649 0.0428807 0.0430983 0.0433054 0.0435044 
year 1990 1991 1992 1993 1994 1995 1996 1997 1998 1999 2000 2001 2002 2003 2004 2005 2006 2007 2008 2009 2010 

* Numbers_at_age_R1
1990  1.45827e+007 1.24888e+007 1.06956e+007 9.15988e+006 7.84466e+006 6.71829e+006 5.75364e+006 4.92751e+006 4.21999e+006 3.61406e+006 3.09514e+006 2.65072e+006 2.27012e+006 1.94417e+006 1.66501e+006 1.42594e+006 1.2212e+006 1.04585e+006 895685 767078 656937 562611 481829 412645 353396 302653 259197 221980 190107 1.1339e+006 
1991  1.45827e+007 1.24888e+007 1.06956e+007 9.1596e+006 7.84303e+006 6.71167e+006 5.73457e+006 4.88866e+006 4.16404e+006 3.55708e+006 3.04667e+006 2.61007e+006 2.23649e+006 1.91673e+006 1.64294e+006 1.40842e+006 1.20749e+006 1.03527e+006 887629 761030 652460 559341 479474 410973 352224 301844 258646 221610 189862 1.13278e+006 
1992  1.45725e+007 1.24888e+007 1.06956e+007 9.15953e+006 7.84247e+006 6.70848e+006 5.72183e+006 4.85254e+006 4.09147e+006 3.45343e+006 2.94134e+006 2.52047e+006 2.16131e+006 1.8545e+006 1.59213e+006 1.36751e+006 1.17499e+006 1.00981e+006 867959 746042 641197 550995 473374 406577 349100 299655 257133 220579 189169 1.13023e+006 
1993  1.45475e+007 1.24801e+007 1.06956e+007 9.15951e+006 7.84236e+006 6.70779e+006 5.71846e+006 4.8403e+006 4.05886e+006 3.39044e+006 2.85305e+006 2.43116e+006 2.0853e+006 1.79067e+006 1.53923e+006 1.32425e+006 1.14009e+006 982034 846153 729159 628306 541289 466169 401303 345294 296947 255233 219265 188273 1.12739e+006 
1994  1.45192e+007 1.24587e+007 1.06881e+007 9.1595e+006 7.8423e+006 6.70749e+006 5.71723e+006 4.83601e+006 4.04629e+006 3.3607e+006 2.79852e+006 2.35611e+006 2.00969e+006 1.72628e+006 1.48509e+006 1.27932e+006 1.10329e+006 952291 822435 710503 613834 530220 457821 395097 340746 293661 252893 217622 187136 1.12413e+006 
1995  1.44875e+007 1.24344e+007 1.06698e+007 9.15311e+006 7.84225e+006 6.70724e+006 5.71636e+006 4.83359e+006 4.04048e+006 3.34768e+006 2.7716e+006 2.30913e+006 1.94606e+006 1.66238e+006 1.43063e+006 1.23347e+006 1.06518e+006 921021 797113 690273 597893 517832 448330 387929 335410 289746 250062 215605 185719 1.12032e+006 
1996  1.44528e+007 1.24073e+007 1.0649e+007 9.1374e+006 7.83673e+006 6.70701e+006 5.71558e+006 4.83158e+006 4.03638e+006 3.34043e+006 2.75864e+006 2.2851e+006 1.90578e+006 1.60854e+006 1.37671e+006 1.18746e+006 1.02639e+006 888723 770564 668734 580652 504222 437737 379801 329263 285165 246698 213171 183984 1.1158e+006 
1997  1.44155e+007 1.23776e+007 1.06258e+007 9.11961e+006 7.82324e+006 6.70212e+006 5.71486e+006 4.82973e+006 4.03277e+006 3.33477e+006 2.75061e+006 2.27274e+006 1.88459e+006 1.57417e+006 1.33126e+006 1.14201e+006 987551 855927 743208 646204 562340 489538 426126 370750 322309 279901 242772 210285 181895 1.1104e+006 
1998  1.43763e+007 1.23457e+007 1.06003e+007 9.09973e+006 7.80797e+006 6.69044e+006 5.71022e+006 4.82805e+006 4.02948e+006 3.32974e+006 2.74409e+006 2.2646e+006 1.87317e+006 1.55569e+006 1.30204e+006 1.1037e+006 949273 823162 715488 623038 543224 473972 413622 360847 314579 273954 238265 206921 179421 1.10396e+006 
1999  1.43359e+007 1.23121e+007 1.0573e+007 9.07793e+006 7.79093e+006 6.67725e+006 5.69984e+006 4.82316e+006 4.02651e+006 3.32518e+006 2.73827e+006 2.25787e+006 1.86537e+006 1.5454e+006 1.28607e+006 1.07894e+006 917012 790929 687845 599605 523601 457748 400387 350198 306133 267353 233182 203066 176541 1.0963e+006 
2000  1.4295e+007 1.22775e+007 1.05442e+007 9.0545e+006 7.77223e+006 6.66255e+006 5.68822e+006 4.81354e+006 4.02105e+006 3.3211e+006 2.73304e+006 2.25188e+006 1.85886e+006 1.5382e+006 1.27696e+006 1.06524e+006 896077 763769 660694 576273 503782 441119 386612 338941 297062 260149 227545 198721 173243 1.08727e+006 
2001  1.42544e+007 1.22425e+007 1.05146e+007 9.02985e+006 7.75215e+006 6.64645e+006 5.67537e+006 4.80298e+006 4.0118e+006 3.31515e+006 2.72837e+006 2.24651e+006 1.85307e+006 1.53215e+006 1.27048e+006 1.05728e+006 884382 746090 637821 553384 484071 424340 372507 327237 287481 252418 221397 193905 169528 1.0767e+006 
2002  1.42146e+007 1.22077e+007 1.04846e+007 9.00445e+006 7.73103e+006 6.62918e+006 5.66137e+006 4.79146e+006 4.00191e+006 3.30625e+006 2.72232e+006 2.24173e+006 1.8479e+006 1.52678e+006 1.26501e+006 1.05155e+006 877495 736141 622897 534105 464752 407669 358287 315260 277527 244258 214804 188657 165414 1.06447e+006 
2003  1.41759e+007 1.21736e+007 1.04548e+007 8.97878e+006 7.70926e+006 6.61104e+006 5.6464e+006 4.77906e+006 3.99136e+006 3.29698e+006 2.71399e+006 2.23593e+006 1.8433e+006 1.52199e+006 1.26016e+006 1.04671e+006 872492 730222 614452 521504 448483 391341 344167 303194 267346 235783 207848 183031 160931 1.05049e+006 
2004  1.41386e+007 1.21405e+007 1.04256e+007 8.95329e+006 7.68727e+006 6.59235e+006 5.63071e+006 4.7659e+006 3.98018e+006 3.28728e+006 2.70547e+006 2.22835e+006 1.83794e+006 1.51773e+006 1.25584e+006 1.04241e+006 868257 725895 609388 514341 437834 377592 330346 291217 257094 227119 200627 177097 156127 1.0347e+006 
2005  1.41026e+007 1.21085e+007 1.03973e+007 8.92829e+006 7.66542e+006 6.57348e+006 5.61459e+006 4.75218e+006 3.96844e+006 3.27716e+006 2.69669e+006 2.22068e+006 1.83117e+006 1.51289e+006 1.252e+006 1.03858e+006 864497 722222 605665 510020 431760 368581 318707 279499 246921 218397 193246 170938 151061 1.01709e+006 
2006  1.40682e+007 1.20777e+007 1.03698e+007 8.90399e+006 7.644e+006 6.55474e+006 5.59832e+006 4.73814e+006 3.95631e+006 3.26666e+006 2.68763e+006 2.21286e+006 1.82438e+006 1.50693e+006 1.2477e+006 1.03516e+006 861139 718958 602499 506828 428077 363428 311072 269630 236970 209745 185817 164644 145803 997704 
2007  1.40354e+007 1.20483e+007 1.03435e+007 8.88051e+006 7.62318e+006 6.53637e+006 5.58219e+006 4.72402e+006 3.94399e+006 3.25594e+006 2.67835e+006 2.20487e+006 1.81751e+006 1.50099e+006 1.24251e+006 1.0314e+006 858145 716044 599685 504111 425349 360291 306697 263153 228590 201282 178449 158310 140432 976643 
2008  1.40043e+007 1.20202e+007 1.03183e+007 8.85794e+006 7.60307e+006 6.51851e+006 5.56638e+006 4.71004e+006 3.93165e+006 3.2451e+006 2.66893e+006 2.19675e+006 1.81054e+006 1.49501e+006 1.23736e+006 1.02691e+006 854874 713441 597169 501694 423022 357962 304026 259434 223086 194156 171243 152028 135026 954055 
2009  1.39747e+007 1.19935e+007 1.02942e+007 8.83633e+006 7.58374e+006 6.50127e+006 5.55102e+006 4.69636e+006 3.91945e+006 3.23429e+006 2.65945e+006 2.18854e+006 1.80348e+006 1.48898e+006 1.23219e+006 1.02247e+006 851015 710615 594919 499531 420951 355973 302038 257159 219922 189473 165174 145885 129666 930135 
2010  1.39468e+007 1.19682e+007 1.02713e+007 8.81572e+006 7.56523e+006 6.48469e+006 5.5362e+006 4.68309e+006 3.90755e+006 3.22366e+006 2.65005e+006 2.18033e+006 1.79639e+006 1.48289e+006 1.227e+006 1.01803e+006 847203 707308 592488 497593 419095 354201 300339 255463 217984 186779 161186 140712 124424 905117 

Output quantities finish here

Unused parameters:
annual_cycle.fishery_areas annual_cycle.migrate_from annual_cycle.migrate_to annual_cycle.migration_names annual_cycle.migration_times annual_cycle.n_migrations annual_cycle.recruitment_areas annual_cycle.spawning_all_areas area_names recruitment.p_male recruitment.year_range tag[Tags2005_R1_LL].area tag[Tags2005_R1_LL].sex tag[Tags2006_R1_LL].area tag[Tags2006_R1_LL].sex tag[Tags2007_R1_LL].area tag[Tags2007_R1_LL].sex tag[Tags2008_R1_LL].area tag[Tags2008_R1_LL].sex tag[Tags2009_R1_LL].area tag[Tags2009_R1_LL].sex MCMC.adapt_at MCMC.adaptive_stepsize MCMC.burn_in MCMC.keep MCMC.length MCMC.start MCMC.stepsize profile[1].l profile[1].n profile[1].parameter profile[1].u tag_recapture[Tags2005_R1_R1].area tag_recapture[Tags2006_R1_R1].area tag_recapture[Tags2007_R1_R1].area tag_recapture[Tags2008_R1_R1].area tag_recapture[Tags2009_R1_R1].area n_projections numbers_at[Numbers_at_age_R1].area print.yields 
