CASAL (C++ algorithmic stock assessment laboratory)
Call: casal -e -O C:/Users/STA384/Documents/GitHub/planetfish2_bugs/Output/TOA_bug_13/casalout_mpd.dat -f C:/Users/STA384/Documents/GitHub/planetfish2_bugs/Output/TOA_bug_13/casal_ 
Date: Tue Sep 24 12:30:40 2019
v2.30-2012-03-21 00:22:59 UTC (rev.4648)  (c) Copyright 2002-2012, NIWA
User name: sta384
Machine name: MACKEREL-HF (Microsoft Windows, PID=12992)

Prefix for the input parameter filenames : C:/Users/STA384/Documents/GitHub/planetfish2_bugs/Output/TOA_bug_13/casal_

Random number seed : 92240

Estimation parameters:
Stored as strings: 
  MCMC.adapt_at                 	1e+05 2e+05 3e+05 4e+05
  MCMC.adaptive_stepsize        	True
  MCMC.burn_in                  	500
  MCMC.keep                     	1000
  MCMC.length                   	1500000
  MCMC.start                    	0
  MCMC.stepsize                 	0.01
  ageing_error.c                	0
  ageing_error.type             	normal
  catch_at[LL_catchA].2000      	0 0 0 0 0.001 0.027 0.028 0.087 0.134 0.103 0.166 0.125 0.032 0.063 0.045 0.072 0.023 0.03 0.015 0.008 0.004 0.008 0.012 0.005 0.002 0.003 0.002 0 0.001 0.004
  catch_at[LL_catchA].2001      	0 0 0 0 0.004 0.02 0.091 0.072 0.11 0.137 0.101 0.133 0.095 0.032 0.049 0.025 0.045 0.017 0.02 0.013 0.011 0.007 0.003 0.002 0.006 0 0.003 0.002 0 0.002
  catch_at[LL_catchA].2002      	0 0 0 0.002 0.003 0.012 0.05 0.173 0.08 0.132 0.11 0.072 0.085 0.086 0.017 0.046 0.025 0.034 0.014 0.02 0.01 0.007 0.003 0.007 0.003 0.003 0 0.001 0 0.005
  catch_at[LL_catchA].2003      	0 0 0 0 0.005 0.019 0.049 0.095 0.22 0.08 0.111 0.1 0.065 0.076 0.076 0.016 0.025 0.02 0.011 0.006 0.011 0.002 0.003 0.002 0.001 0.001 0.001 0.001 0.002 0.002
  catch_at[LL_catchA].2004      	0 0 0 0.001 0.002 0.032 0.045 0.075 0.13 0.207 0.073 0.079 0.073 0.048 0.076 0.05 0.013 0.023 0.016 0.018 0.005 0.008 0.008 0.005 0.003 0.001 0 0.003 0.001 0.005
  catch_at[LL_catchA].2005      	0 0 0 0 0.001 0.016 0.086 0.111 0.134 0.12 0.187 0.056 0.06 0.059 0.028 0.044 0.031 0.004 0.019 0.014 0.011 0.004 0.005 0.003 0.001 0 0.003 0.001 0.001 0.001
  catch_at[LL_catchA].2006      	0 0 0 0 0.002 0.016 0.034 0.157 0.146 0.117 0.105 0.136 0.043 0.057 0.049 0.03 0.032 0.022 0.008 0.013 0.007 0.007 0.003 0.004 0.004 0.003 0 0 0.001 0.004
  catch_at[LL_catchA].2007      	0 0 0 0.003 0.005 0.026 0.028 0.068 0.22 0.136 0.085 0.095 0.122 0.036 0.051 0.034 0.012 0.022 0.021 0.007 0.01 0.006 0.004 0.001 0.002 0 0 0.001 0 0.005
  catch_at[LL_catchA].2008      	0 0 0 0 0.002 0.016 0.058 0.061 0.104 0.25 0.122 0.065 0.053 0.096 0.031 0.034 0.037 0.017 0.016 0.013 0.004 0.002 0.003 0.004 0.003 0.003 0 0.002 0 0.004
  catch_at[LL_catchA].2009      	0 0 0.004 0.001 0.003 0.021 0.037 0.105 0.099 0.118 0.206 0.119 0.043 0.051 0.07 0.016 0.02 0.017 0.012 0.015 0.015 0.002 0.007 0.003 0.005 0.003 0.002 0 0.001 0.005
  catch_at[LL_catchA].2010      	0 0 0 0.001 0.004 0.021 0.051 0.069 0.143 0.106 0.116 0.172 0.083 0.057 0.035 0.047 0.025 0.018 0.01 0.007 0.014 0.007 0.001 0.001 0.005 0.005 0.001 0 0 0.001
  catch_at[LL_catchA].N_2000    	100
  catch_at[LL_catchA].N_2001    	100
  catch_at[LL_catchA].N_2002    	100
  catch_at[LL_catchA].N_2003    	100
  catch_at[LL_catchA].N_2004    	100
  catch_at[LL_catchA].N_2005    	100
  catch_at[LL_catchA].N_2006    	100
  catch_at[LL_catchA].N_2007    	100
  catch_at[LL_catchA].N_2008    	100
  catch_at[LL_catchA].N_2009    	100
  catch_at[LL_catchA].N_2010    	100
  catch_at[LL_catchA].at_size   	False
  catch_at[LL_catchA].dist      	multinomial
  catch_at[LL_catchA].fishery   	LL
  catch_at[LL_catchA].max_class 	30
  catch_at[LL_catchA].min_class 	1
  catch_at[LL_catchA].plus_group	True
  catch_at[LL_catchA].r         	1e-11
  catch_at[LL_catchA].sexed     	False
  catch_at[LL_catchA].sum_to_one	False
  catch_at[LL_catchA].years     	2000 2001 2002 2003 2004 2005 2006 2007 2008 2009 2010
  catch_limit_penalty[1].fishery	LL
  catch_limit_penalty[1].label  	LL_Penalty
  catch_limit_penalty[1].log_scale	True
  catch_limit_penalty[1].multiplier	1000
  estimate[1].lower_bound       	5000
  estimate[1].parameter         	initialization.B0
  estimate[1].prior             	uniform
  estimate[1].upper_bound       	5e+05
  estimator                     	Bayes
  fish_tagged_penalty[1].label  	Penalty_Tags2005_R1_LL
  fish_tagged_penalty[1].multiplier	1
  fish_tagged_penalty[1].tagging_episode	Tags2005_R1_LL
  fish_tagged_penalty[2].label  	Penalty_Tags2006_R1_LL
  fish_tagged_penalty[2].multiplier	1
  fish_tagged_penalty[2].tagging_episode	Tags2006_R1_LL
  fish_tagged_penalty[3].label  	Penalty_Tags2007_R1_LL
  fish_tagged_penalty[3].multiplier	1
  fish_tagged_penalty[3].tagging_episode	Tags2007_R1_LL
  fish_tagged_penalty[4].label  	Penalty_Tags2008_R1_LL
  fish_tagged_penalty[4].multiplier	1
  fish_tagged_penalty[4].tagging_episode	Tags2008_R1_LL
  fish_tagged_penalty[5].label  	Penalty_Tags2009_R1_LL
  fish_tagged_penalty[5].multiplier	1
  fish_tagged_penalty[5].tagging_episode	Tags2009_R1_LL
  grad_tol                      	0.001
  max_evals                     	10000
  max_iters                     	1600
  profile[1].l                  	40000
  profile[1].n                  	11
  profile[1].parameter          	initialization.B0
  profile[1].u                  	130000
  q_method                      	nuisance
  tag_recapture[Tags2005_R1_R1].area	R1
  tag_recapture[Tags2005_R1_R1].class_mins	100 150 200 250 300 350 400 450 500 550 600 650 700 750 800 850 900 950 1000 1050 1100 1150 1200 1250 1300 1350 1400 1450 1500 1550 1600 1650 1700 1750 1800 1850 1900 1950 2000 2050
  tag_recapture[Tags2005_R1_R1].detection_probability	1
  tag_recapture[Tags2005_R1_R1].dispersion	1
  tag_recapture[Tags2005_R1_R1].do_bootstrap	True
  tag_recapture[Tags2005_R1_R1].plus_group	False
  tag_recapture[Tags2005_R1_R1].proportion_mortality	0.5
  tag_recapture[Tags2005_R1_R1].r	1e-11
  tag_recapture[Tags2005_R1_R1].recaptured_2006	0 0 0 0 0 0 0 0 0.3 1.4 3.9 7.8 11.4 13.2 12.5 10.2 7.5 5.2 3.6 2.6 1.9 1.5 1.1 0.8 0.5 0.3 0.2 0.1 0 0 0 0 0 0 0 0 0 0 0
  tag_recapture[Tags2005_R1_R1].recaptured_2007	0 0 0 0 0 0 0 0 0.1 0.4 1.2 2.8 4.6 6.1 6.9 6.9 6.3 5.3 4.2 3.1 2.1 1.4 0.9 0.6 0.4 0.3 0.2 0.1 0.1 0.1 0 0 0 0 0 0 0 0 0
  tag_recapture[Tags2005_R1_R1].recaptured_2008	0 0 0 0 0 0 0 0 0 0.2 0.7 1.8 3.4 5.1 6.2 6.4 5.8 4.8 3.7 2.8 2.1 1.6 1.1 0.7 0.4 0.2 0.1 0 0 0 0 0 0 0 0 0 0 0 0
  tag_recapture[Tags2005_R1_R1].recaptured_2009	0 0 0 0 0 0 0 0 0 0.1 0.3 0.9 2 3.3 4.5 4.9 4.8 4.2 3.4 2.6 1.8 1.1 0.6 0.4 0.2 0.1 0 0 0 0 0 0 0 0 0 0 0 0 0
  tag_recapture[Tags2005_R1_R1].recaptured_2010	0 0 0 0 0 0 0 0 0 0 0 0.2 0.5 1.2 2.3 3.4 4.2 4.3 3.7 2.8 1.9 1.2 0.7 0.4 0.2 0.1 0 0 0 0 0 0 0 0 0 0 0 0 0
  tag_recapture[Tags2005_R1_R1].sample	size
  tag_recapture[Tags2005_R1_R1].scanned_2006	0 0 0 0 10 114 834 4294 16016 43468 84472 118824 128906 119302 102264 83260 64746 49200 37328 28170 20818 14960 10494 7230 4912 3298 2194 1450 948 606 372 214 114 56 24 10 4 2 0
  tag_recapture[Tags2005_R1_R1].scanned_2007	0 0 0 0 10 114 826 4006 14072 37274 75786 117314 138224 129688 106328 83404 64506 48878 36480 27122 20012 14478 10214 7054 4802 3236 2162 1430 932 592 360 206 110 52 24 10 4 2 0
  tag_recapture[Tags2005_R1_R1].scanned_2008	0 0 0 0 10 114 852 4110 13730 34168 66204 102996 129942 133112 114164 88204 66246 49660 36838 27006 19678 14210 10078 6996 4772 3222 2158 1432 934 590 356 202 106 52 22 8 4 2 0
  tag_recapture[Tags2005_R1_R1].scanned_2009	0 0 0 0 14 132 876 4284 14472 34884 64138 94708 117062 124476 114804 93404 70310 51686 37894 27560 19838 14176 10032 6992 4790 3242 2176 1446 944 598 360 204 106 52 22 8 4 2 0
  tag_recapture[Tags2005_R1_R1].scanned_2010	0 0 0 0 14 162 1010 4440 14926 36774 66726 94644 111826 115920 108994 93580 73580 54412 39298 28228 20132 14228 9980 6940 4768 3238 2176 1448 948 600 362 204 108 52 22 8 4 2 0
  tag_recapture[Tags2005_R1_R1].step	1
  tag_recapture[Tags2005_R1_R1].tag_name	Tags2005_R1
  tag_recapture[Tags2005_R1_R1].years	2006 2007 2008 2009 2010
  tag_recapture[Tags2006_R1_R1].area	R1
  tag_recapture[Tags2006_R1_R1].class_mins	100 150 200 250 300 350 400 450 500 550 600 650 700 750 800 850 900 950 1000 1050 1100 1150 1200 1250 1300 1350 1400 1450 1500 1550 1600 1650 1700 1750 1800 1850 1900 1950 2000 2050
  tag_recapture[Tags2006_R1_R1].detection_probability	1
  tag_recapture[Tags2006_R1_R1].dispersion	1
  tag_recapture[Tags2006_R1_R1].do_bootstrap	True
  tag_recapture[Tags2006_R1_R1].plus_group	False
  tag_recapture[Tags2006_R1_R1].proportion_mortality	0.5
  tag_recapture[Tags2006_R1_R1].r	1e-11
  tag_recapture[Tags2006_R1_R1].recaptured_2007	0 0 0 0 0 0 0 0 0.2 0.9 2.7 5.6 8.4 9.6 9 7.6 6 4.4 3 2 1.3 0.9 0.6 0.4 0.2 0.1 0.1 0 0 0 0 0 0 0 0 0 0 0 0
  tag_recapture[Tags2006_R1_R1].recaptured_2008	0 0 0 0 0 0 0 0 0.1 0.4 1.4 3.2 5.4 7 7.4 7 6 4.7 3.4 2.3 1.4 0.7 0.4 0.2 0.1 0 0 0 0 0 0 0 0 0 0 0 0 0 0
  tag_recapture[Tags2006_R1_R1].recaptured_2009	0 0 0 0 0 0 0 0 0 0.2 0.7 2 3.8 5.5 6.4 6.1 5.2 4.2 3.3 2.6 1.9 1.4 1 0.7 0.4 0.3 0.2 0.1 0 0 0 0 0 0 0 0 0 0 0
  tag_recapture[Tags2006_R1_R1].recaptured_2010	0 0 0 0 0 0 0 0 0 0 0.2 0.7 1.7 3.1 4.4 5 4.8 4.1 3.3 2.5 1.9 1.4 1 0.7 0.5 0.3 0.2 0.1 0 0 0 0 0 0 0 0 0 0 0
  tag_recapture[Tags2006_R1_R1].sample	size
  tag_recapture[Tags2006_R1_R1].scanned_2007	0 0 0 0 10 114 826 4006 14072 37274 75786 117314 138224 129688 106328 83404 64506 48878 36480 27122 20012 14478 10214 7054 4802 3236 2162 1430 932 592 360 206 110 52 24 10 4 2 0
  tag_recapture[Tags2006_R1_R1].scanned_2008	0 0 0 0 10 114 852 4110 13730 34168 66204 102996 129942 133112 114164 88204 66246 49660 36838 27006 19678 14210 10078 6996 4772 3222 2158 1432 934 590 356 202 106 52 22 8 4 2 0
  tag_recapture[Tags2006_R1_R1].scanned_2009	0 0 0 0 14 132 876 4284 14472 34884 64138 94708 117062 124476 114804 93404 70310 51686 37894 27560 19838 14176 10032 6992 4790 3242 2176 1446 944 598 360 204 106 52 22 8 4 2 0
  tag_recapture[Tags2006_R1_R1].scanned_2010	0 0 0 0 14 162 1010 4440 14926 36774 66726 94644 111826 115920 108994 93580 73580 54412 39298 28228 20132 14228 9980 6940 4768 3238 2176 1448 948 600 362 204 108 52 22 8 4 2 0
  tag_recapture[Tags2006_R1_R1].step	1
  tag_recapture[Tags2006_R1_R1].tag_name	Tags2006_R1
  tag_recapture[Tags2006_R1_R1].years	2007 2008 2009 2010
  tag_recapture[Tags2007_R1_R1].area	R1
  tag_recapture[Tags2007_R1_R1].class_mins	100 150 200 250 300 350 400 450 500 550 600 650 700 750 800 850 900 950 1000 1050 1100 1150 1200 1250 1300 1350 1400 1450 1500 1550 1600 1650 1700 1750 1800 1850 1900 1950 2000 2050
  tag_recapture[Tags2007_R1_R1].detection_probability	1
  tag_recapture[Tags2007_R1_R1].dispersion	1
  tag_recapture[Tags2007_R1_R1].do_bootstrap	True
  tag_recapture[Tags2007_R1_R1].plus_group	False
  tag_recapture[Tags2007_R1_R1].proportion_mortality	0.5
  tag_recapture[Tags2007_R1_R1].r	1e-11
  tag_recapture[Tags2007_R1_R1].recaptured_2008	0 0 0 0 0 0 0 0 0.1 0.8 2.8 6.6 10.7 12.3 10.9 8.1 6 4.7 3.7 2.7 1.8 1.1 0.7 0.4 0.3 0.2 0.1 0.1 0 0 0 0 0 0 0 0 0 0 0
  tag_recapture[Tags2007_R1_R1].recaptured_2009	0 0 0 0 0 0 0 0 0.1 0.6 1.8 3.7 5.7 7.2 7.5 7 6.2 5.3 4.3 3.3 2.5 1.8 1.3 0.8 0.5 0.2 0.1 0.1 0 0 0 0 0 0 0 0 0 0 0
  tag_recapture[Tags2007_R1_R1].recaptured_2010	0 0 0 0 0 0 0 0 0 0.1 0.5 1.3 2.8 4.6 5.9 5.8 4.6 3.1 1.9 1.2 0.7 0.5 0.3 0.2 0.1 0.1 0 0 0 0 0 0 0 0 0 0 0 0 0
  tag_recapture[Tags2007_R1_R1].sample	size
  tag_recapture[Tags2007_R1_R1].scanned_2008	0 0 0 0 10 114 852 4110 13730 34168 66204 102996 129942 133112 114164 88204 66246 49660 36838 27006 19678 14210 10078 6996 4772 3222 2158 1432 934 590 356 202 106 52 22 8 4 2 0
  tag_recapture[Tags2007_R1_R1].scanned_2009	0 0 0 0 14 132 876 4284 14472 34884 64138 94708 117062 124476 114804 93404 70310 51686 37894 27560 19838 14176 10032 6992 4790 3242 2176 1446 944 598 360 204 106 52 22 8 4 2 0
  tag_recapture[Tags2007_R1_R1].scanned_2010	0 0 0 0 14 162 1010 4440 14926 36774 66726 94644 111826 115920 108994 93580 73580 54412 39298 28228 20132 14228 9980 6940 4768 3238 2176 1448 948 600 362 204 108 52 22 8 4 2 0
  tag_recapture[Tags2007_R1_R1].step	1
  tag_recapture[Tags2007_R1_R1].tag_name	Tags2007_R1
  tag_recapture[Tags2007_R1_R1].years	2008 2009 2010
  tag_recapture[Tags2008_R1_R1].area	R1
  tag_recapture[Tags2008_R1_R1].class_mins	100 150 200 250 300 350 400 450 500 550 600 650 700 750 800 850 900 950 1000 1050 1100 1150 1200 1250 1300 1350 1400 1450 1500 1550 1600 1650 1700 1750 1800 1850 1900 1950 2000 2050
  tag_recapture[Tags2008_R1_R1].detection_probability	1
  tag_recapture[Tags2008_R1_R1].dispersion	1
  tag_recapture[Tags2008_R1_R1].do_bootstrap	True
  tag_recapture[Tags2008_R1_R1].plus_group	False
  tag_recapture[Tags2008_R1_R1].proportion_mortality	0.5
  tag_recapture[Tags2008_R1_R1].r	1e-11
  tag_recapture[Tags2008_R1_R1].recaptured_2009	0 0 0 0 0 0 0 0 0.2 1.1 3.2 6.9 10.9 13.2 12.6 9.9 6.9 4.7 3.2 2.1 1.4 0.8 0.4 0.2 0.1 0 0 0 0 0 0 0 0 0 0 0 0 0 0
  tag_recapture[Tags2008_R1_R1].recaptured_2010	0 0 0 0 0 0 0 0 0.2 0.5 1.4 2.9 5.3 8 9.8 9.7 8 5.7 3.8 2.4 1.4 0.8 0.5 0.2 0.1 0 0 0 0 0 0 0 0 0 0 0 0 0 0
  tag_recapture[Tags2008_R1_R1].sample	size
  tag_recapture[Tags2008_R1_R1].scanned_2009	0 0 0 0 14 132 876 4284 14472 34884 64138 94708 117062 124476 114804 93404 70310 51686 37894 27560 19838 14176 10032 6992 4790 3242 2176 1446 944 598 360 204 106 52 22 8 4 2 0
  tag_recapture[Tags2008_R1_R1].scanned_2010	0 0 0 0 14 162 1010 4440 14926 36774 66726 94644 111826 115920 108994 93580 73580 54412 39298 28228 20132 14228 9980 6940 4768 3238 2176 1448 948 600 362 204 108 52 22 8 4 2 0
  tag_recapture[Tags2008_R1_R1].step	1
  tag_recapture[Tags2008_R1_R1].tag_name	Tags2008_R1
  tag_recapture[Tags2008_R1_R1].years	2009 2010
  tag_recapture[Tags2009_R1_R1].area	R1
  tag_recapture[Tags2009_R1_R1].class_mins	100 150 200 250 300 350 400 450 500 550 600 650 700 750 800 850 900 950 1000 1050 1100 1150 1200 1250 1300 1350 1400 1450 1500 1550 1600 1650 1700 1750 1800 1850 1900 1950 2000 2050
  tag_recapture[Tags2009_R1_R1].detection_probability	1
  tag_recapture[Tags2009_R1_R1].dispersion	1
  tag_recapture[Tags2009_R1_R1].do_bootstrap	True
  tag_recapture[Tags2009_R1_R1].plus_group	False
  tag_recapture[Tags2009_R1_R1].proportion_mortality	0.5
  tag_recapture[Tags2009_R1_R1].r	1e-11
  tag_recapture[Tags2009_R1_R1].recaptured_2010	0 0 0 0 0 0 0 0 0.2 0.9 2.5 5 7.5 9.2 9.3 8.1 6.2 4.3 2.9 2 1.4 0.9 0.6 0.4 0.2 0.1 0.1 0 0 0 0 0 0 0 0 0 0 0 0
  tag_recapture[Tags2009_R1_R1].sample	size
  tag_recapture[Tags2009_R1_R1].scanned_2010	0 0 0 0 14 162 1010 4440 14926 36774 66726 94644 111826 115920 108994 93580 73580 54412 39298 28228 20132 14228 9980 6940 4768 3238 2176 1448 948 600 362 204 108 52 22 8 4 2 0
  tag_recapture[Tags2009_R1_R1].step	1
  tag_recapture[Tags2009_R1_R1].tag_name	Tags2009_R1
  tag_recapture[Tags2009_R1_R1].years	2010
  vector_average_penalty[1].k   	1
  vector_average_penalty[1].label	meanYCS_1
  vector_average_penalty[1].multiplier	100
  vector_average_penalty[1].vector	recruitment.YCS
Stored as DOUBLEs: 
Stored as VECTORs: 
Stored as OGIVEs: 

Population parameters:
Stored as strings: 
  annual_cycle.M_props          	1
  annual_cycle.aging_time       	1
  annual_cycle.baranov          	False
  annual_cycle.fishery_areas    	R1
  annual_cycle.fishery_names    	LL
  annual_cycle.fishery_times    	1
  annual_cycle.growth_props     	0
  annual_cycle.migrate_from     	R1
  annual_cycle.migrate_to       	R2
  annual_cycle.migration_names  	MoveRec_1_2
  annual_cycle.migration_times  	1
  annual_cycle.n_migrations     	0
  annual_cycle.recruitment_areas	R1
  annual_cycle.recruitment_time 	1
  annual_cycle.spawning_all_areas	1
  annual_cycle.spawning_p       	1
  annual_cycle.spawning_part_mort	1
  annual_cycle.spawning_time    	1
  annual_cycle.spawning_use_total_B	False
  annual_cycle.time_steps       	1
  area_names                    	R1
  current                       	2010
  final                         	2045
  first_random_year             	2007
  fishery[LL].U_max             	0.95
  fishery[LL].catches           	0 6000 6000 6000 6000 6000 6000 6000 6000 6000 6000 6000 6000 6000 6000 6000 6000 6000 6000 6000 6000
  fishery[LL].future_constant_catches	200
  fishery[LL].selectivity       	SelLL
  fishery[LL].years             	1990 1991 1992 1993 1994 1995 1996 1997 1998 1999 2000 2001 2002 2003 2004 2005 2006 2007 2008 2009 2010
  initial                       	1990
  initialization.B0             	140886
  mature_partition              	False
  maturity_props.all            	allvalues  0 0 0 0 0 0 0 0 0 0 0 0.1667 0.3333 0.5 0.6667 0.8333 1 1 1 1 1 1 1 1 1 1 1 1 1 1
  max_age                       	30
  min_age                       	1
  n_areas                       	1
  n_stocks                      	1
  n_tags                        	5
  natural_mortality.all         	0.155
  plus_group                    	True
  randomisation_method          	lognormal
  recruitment.SR                	BH
  recruitment.YCS               	1 1 1 1 1 1 1 1 1 1 1 1 1 1 1 1 1 1 1 1 1
  recruitment.YCS_years         	1989 1990 1991 1992 1993 1994 1995 1996 1997 1998 1999 2000 2001 2002 2003 2004 2005 2006 2007 2008 2009
  recruitment.first_free        	1989
  recruitment.last_free         	2006
  recruitment.p_male            	0.5
  recruitment.rho               	0
  recruitment.sigma_r           	0.6
  recruitment.steepness         	0.7
  recruitment.year_range        	1989 2006
  selectivity[SelLL].all        	double_normal 10 2 10
  selectivity_names             	SelLL
  sex_partition                 	False
  size_at_age.Linf              	2870
  size_at_age.by_length         	True
  size_at_age.cv                	0.1
  size_at_age.k                 	0.02056
  size_at_age.t0                	-4.2897
  size_at_age_dist              	normal
  size_at_age_type              	von_Bert
  size_based                    	False
  size_weight.a                 	2.59e-12
  size_weight.b                 	3.2064
  size_weight.verify_size_weight	500 0.5 1.5
  standardise_YCS               	True
  tag[Tags2005_R1_LL].area      	R1
  tag[Tags2005_R1_LL].class_mins	100 150 200 250 300 350 400 450 500 550 600 650 700 750 800 850 900 950 1000 1050 1100 1150 1200 1250 1300 1350 1400 1450 1500 1550 1600 1650 1700 1750 1800 1850 1900 1950 2000 2050
  tag[Tags2005_R1_LL].mature_only	False
  tag[Tags2005_R1_LL].mortality 	0.1
  tag[Tags2005_R1_LL].number    	2500
  tag[Tags2005_R1_LL].ogive     	SelLL
  tag[Tags2005_R1_LL].plus_group	False
  tag[Tags2005_R1_LL].props_all 	0 0 0 0 0 1e-04 0.001 0.0054 0.0195 0.0484 0.0846 0.1128 0.1262 0.1253 0.1118 0.0914 0.0713 0.0551 0.0423 0.0318 0.023 0.016 0.0109 0.0074 0.005 0.0034 0.0024 0.0017 0.0012 8e-04 5e-04 3e-04 2e-04 1e-04 0 0 0 0 0
  tag[Tags2005_R1_LL].release_type	deterministic
  tag[Tags2005_R1_LL].sex       	both
  tag[Tags2005_R1_LL].step      	1
  tag[Tags2005_R1_LL].tag_name  	Tags2005_R1
  tag[Tags2005_R1_LL].year      	2005
  tag[Tags2006_R1_LL].area      	R1
  tag[Tags2006_R1_LL].class_mins	100 150 200 250 300 350 400 450 500 550 600 650 700 750 800 850 900 950 1000 1050 1100 1150 1200 1250 1300 1350 1400 1450 1500 1550 1600 1650 1700 1750 1800 1850 1900 1950 2000 2050
  tag[Tags2006_R1_LL].mature_only	False
  tag[Tags2006_R1_LL].mortality 	0.1
  tag[Tags2006_R1_LL].number    	2500
  tag[Tags2006_R1_LL].ogive     	SelLL
  tag[Tags2006_R1_LL].plus_group	False
  tag[Tags2006_R1_LL].props_all 	0 0 0 0 0 1e-04 8e-04 0.0043 0.0163 0.0454 0.0901 0.1279 0.138 0.126 0.1073 0.0876 0.0681 0.0511 0.0382 0.0285 0.021 0.0152 0.0107 0.0075 0.0053 0.0037 0.0025 0.0017 0.0011 7e-04 4e-04 3e-04 1e-04 1e-04 0 0 0 0 0
  tag[Tags2006_R1_LL].release_type	deterministic
  tag[Tags2006_R1_LL].sex       	both
  tag[Tags2006_R1_LL].step      	1
  tag[Tags2006_R1_LL].tag_name  	Tags2006_R1
  tag[Tags2006_R1_LL].year      	2006
  tag[Tags2007_R1_LL].area      	R1
  tag[Tags2007_R1_LL].class_mins	100 150 200 250 300 350 400 450 500 550 600 650 700 750 800 850 900 950 1000 1050 1100 1150 1200 1250 1300 1350 1400 1450 1500 1550 1600 1650 1700 1750 1800 1850 1900 1950 2000 2050
  tag[Tags2007_R1_LL].mature_only	False
  tag[Tags2007_R1_LL].mortality 	0.1
  tag[Tags2007_R1_LL].number    	2500
  tag[Tags2007_R1_LL].ogive     	SelLL
  tag[Tags2007_R1_LL].plus_group	False
  tag[Tags2007_R1_LL].props_all 	0 0 0 0 0 1e-04 9e-04 0.0046 0.016 0.0408 0.0806 0.1229 0.1437 0.1342 0.1101 0.0869 0.0676 0.0515 0.0386 0.0288 0.0214 0.0158 0.0115 0.0081 0.0056 0.0038 0.0025 0.0016 0.001 6e-04 4e-04 2e-04 1e-04 1e-04 0 0 0 0 0
  tag[Tags2007_R1_LL].release_type	deterministic
  tag[Tags2007_R1_LL].sex       	both
  tag[Tags2007_R1_LL].step      	1
  tag[Tags2007_R1_LL].tag_name  	Tags2007_R1
  tag[Tags2007_R1_LL].year      	2007
  tag[Tags2008_R1_LL].area      	R1
  tag[Tags2008_R1_LL].class_mins	100 150 200 250 300 350 400 450 500 550 600 650 700 750 800 850 900 950 1000 1050 1100 1150 1200 1250 1300 1350 1400 1450 1500 1550 1600 1650 1700 1750 1800 1850 1900 1950 2000 2050
  tag[Tags2008_R1_LL].mature_only	False
  tag[Tags2008_R1_LL].mortality 	0.1
  tag[Tags2008_R1_LL].number    	2500
  tag[Tags2008_R1_LL].ogive     	SelLL
  tag[Tags2008_R1_LL].plus_group	False
  tag[Tags2008_R1_LL].props_all 	0 0 0 0 0 1e-04 0.0011 0.0051 0.0162 0.0387 0.0724 0.1098 0.1364 0.1393 0.1202 0.094 0.0713 0.054 0.0405 0.0299 0.0219 0.0158 0.0111 0.0076 0.0051 0.0033 0.0022 0.0015 0.001 6e-04 4e-04 2e-04 1e-04 1e-04 0 0 0 0 0
  tag[Tags2008_R1_LL].release_type	deterministic
  tag[Tags2008_R1_LL].sex       	both
  tag[Tags2008_R1_LL].step      	1
  tag[Tags2008_R1_LL].tag_name  	Tags2008_R1
  tag[Tags2008_R1_LL].year      	2008
  tag[Tags2009_R1_LL].area      	R1
  tag[Tags2009_R1_LL].class_mins	100 150 200 250 300 350 400 450 500 550 600 650 700 750 800 850 900 950 1000 1050 1100 1150 1200 1250 1300 1350 1400 1450 1500 1550 1600 1650 1700 1750 1800 1850 1900 1950 2000 2050
  tag[Tags2009_R1_LL].mature_only	False
  tag[Tags2009_R1_LL].mortality 	0.1
  tag[Tags2009_R1_LL].number    	2500
  tag[Tags2009_R1_LL].ogive     	SelLL
  tag[Tags2009_R1_LL].plus_group	False
  tag[Tags2009_R1_LL].props_all 	0 0 0 0 0 1e-04 9e-04 0.0043 0.0146 0.0363 0.0686 0.1032 0.129 0.1381 0.1275 0.1033 0.0771 0.0558 0.0401 0.0286 0.0203 0.0146 0.0107 0.008 0.0059 0.0043 0.0031 0.0022 0.0015 9e-04 6e-04 3e-04 2e-04 1e-04 0 0 0 0 0
  tag[Tags2009_R1_LL].release_type	deterministic
  tag[Tags2009_R1_LL].sex       	both
  tag[Tags2009_R1_LL].step      	1
  tag[Tags2009_R1_LL].tag_name  	Tags2009_R1
  tag[Tags2009_R1_LL].year      	2009
  tag_growth_loss[Tags2005_R1].nogrowth_period	0
  tag_growth_loss[Tags2006_R1].nogrowth_period	0
  tag_growth_loss[Tags2007_R1].nogrowth_period	0
  tag_growth_loss[Tags2008_R1].nogrowth_period	0
  tag_growth_loss[Tags2009_R1].nogrowth_period	0
  tag_loss_props                	1
  tag_names                     	Tags2005_R1 Tags2006_R1 Tags2007_R1 Tags2008_R1 Tags2009_R1
  tag_shedding_rate             	0.0084 0.0084 0.0084 0.0084 0.0084
  y_enter                       	1
Stored as DOUBLEs: 
Stored as VECTORs: 
Stored as OGIVEs: 

Output parameters:
Stored as strings: 
  n_projections                 	100
  numbers_at[Numbers_at_age_R1].area	R1
  numbers_at[Numbers_at_age_R1].proportion_mortality	0.5
  numbers_at[Numbers_at_age_R1].step	1
  numbers_at[Numbers_at_age_R1].years	1990 1991 1992 1993 1994 1995 1996 1997 1998 1999 2000 2001 2002 2003 2004 2005 2006 2007 2008 2009 2010
  print.covariance              	true
  print.estimation_section      	true
  print.final_state             	false
  print.fits                    	true
  print.fits_every_eval         	false
  print.initial_state           	false
  print.normalised_resids       	true
  print.objective_every_eval    	false
  print.parameter_vector_every_eval	false
  print.parameters              	true
  print.parameters_every_eval   	false
  print.pearson_resids          	true
  print.requests                	false
  print.resids                  	true
  print.results                 	false
  print.state_annually          	false
  print.state_every_step        	false
  print.unused_parameters       	true
  print.yields                  	true
  quantities.B0                 	true
  quantities.R0                 	true
  quantities.SSBs               	true
  quantities.YCS                	true
  quantities.actual_catches     	false
  quantities.all_free_parameters	true
  quantities.fishing_pressures  	true
  quantities.nuisance_qs        	true
  quantities.recruitments       	true
  quantities.true_YCS           	true
Stored as DOUBLEs: 
Stored as VECTORs: 
Stored as OGIVEs: 

A fish of size 500 cm has a weight of 1.16755 kg in your model. This size-weight scale check assumes that the growth curve is in centimetres, and that the catch is in tonnes.

A fish of size 500 cm has a weight of 1.16755 kg in your model. This size-weight scale check assumes that the growth curve is in centimetres, and that the catch is in tonnes.

Estimation section :

Objective function: Bayes

Minimiser convergence threshold: 0.001


Observations:

The observations are:
LL_catchA
Tags2005_R1_R1
Tags2006_R1_R1
Tags2007_R1_R1
Tags2008_R1_R1
Tags2009_R1_R1
Fits follow:

LL_catchA :
catch proportions-at-age for fishery LL  with ageing error (not constrained to sum to 1):
obs (last class is a plus group):
class 1       2       3       4       5       6       7       8       9       10      11      12      13      14      15      16      17      18      19      20      21      22      23      24      25      26      27      28      29      30      
2000 0       0       0       0       0.001   0.027   0.028   0.087   0.134   0.103   0.166   0.125   0.032   0.063   0.045   0.072   0.023   0.03    0.015   0.008   0.004   0.008   0.012   0.005   0.002   0.003   0.002   0       0.001   0.004   
2001 0       0       0       0       0.004   0.02    0.091   0.072   0.11    0.137   0.101   0.133   0.095   0.032   0.049   0.025   0.045   0.017   0.02    0.013   0.011   0.007   0.003   0.002   0.006   0       0.003   0.002   0       0.002   
2002 0       0       0       0.002   0.003   0.012   0.05    0.173   0.08    0.132   0.11    0.072   0.085   0.086   0.017   0.046   0.025   0.034   0.014   0.02    0.01    0.007   0.003   0.007   0.003   0.003   0       0.001   0       0.005   
2003 0       0       0       0       0.005   0.019   0.049   0.095   0.22    0.08    0.111   0.1     0.065   0.076   0.076   0.016   0.025   0.02    0.011   0.006   0.011   0.002   0.003   0.002   0.001   0.001   0.001   0.001   0.002   0.002   
2004 0       0       0       0.001   0.002   0.032   0.045   0.075   0.13    0.207   0.073   0.079   0.073   0.048   0.076   0.05    0.013   0.023   0.016   0.018   0.005   0.008   0.008   0.005   0.003   0.001   0       0.003   0.001   0.005   
2005 0       0       0       0       0.001   0.016   0.086   0.111   0.134   0.12    0.187   0.056   0.06    0.059   0.028   0.044   0.031   0.004   0.019   0.014   0.011   0.004   0.005   0.003   0.001   0       0.003   0.001   0.001   0.001   
2006 0       0       0       0       0.002   0.016   0.034   0.157   0.146   0.117   0.105   0.136   0.043   0.057   0.049   0.03    0.032   0.022   0.008   0.013   0.007   0.007   0.003   0.004   0.004   0.003   0       0       0.001   0.004   
2007 0       0       0       0.003   0.005   0.026   0.028   0.068   0.22    0.136   0.085   0.095   0.122   0.036   0.051   0.034   0.012   0.022   0.021   0.007   0.01    0.006   0.004   0.001   0.002   0       0       0.001   0       0.005   
2008 0       0       0       0       0.002   0.016   0.058   0.061   0.104   0.25    0.122   0.065   0.053   0.096   0.031   0.034   0.037   0.017   0.016   0.013   0.004   0.002   0.003   0.004   0.003   0.003   0       0.002   0       0.004   
2009 0       0       0.004   0.001   0.003   0.021   0.037   0.105   0.099   0.118   0.206   0.119   0.043   0.051   0.07    0.016   0.02    0.017   0.012   0.015   0.015   0.002   0.007   0.003   0.005   0.003   0.002   0       0.001   0.005   
2010 0       0       0       0.001   0.004   0.021   0.051   0.069   0.143   0.106   0.116   0.172   0.083   0.057   0.035   0.047   0.025   0.018   0.01    0.007   0.014   0.007   0.001   0.001   0.005   0.005   0.001   0       0       0.001   
objective function: multinomial likelihood, with delta = 1e-011, N =
100 100 100 100 100 100 100 100 100 100 100 100 100 100 100 100 100 100 100 100 100 100 100 100 100 100 100 100 100 100 
100 100 100 100 100 100 100 100 100 100 100 100 100 100 100 100 100 100 100 100 100 100 100 100 100 100 100 100 100 100 
100 100 100 100 100 100 100 100 100 100 100 100 100 100 100 100 100 100 100 100 100 100 100 100 100 100 100 100 100 100 
100 100 100 100 100 100 100 100 100 100 100 100 100 100 100 100 100 100 100 100 100 100 100 100 100 100 100 100 100 100 
100 100 100 100 100 100 100 100 100 100 100 100 100 100 100 100 100 100 100 100 100 100 100 100 100 100 100 100 100 100 
100 100 100 100 100 100 100 100 100 100 100 100 100 100 100 100 100 100 100 100 100 100 100 100 100 100 100 100 100 100 
100 100 100 100 100 100 100 100 100 100 100 100 100 100 100 100 100 100 100 100 100 100 100 100 100 100 100 100 100 100 
100 100 100 100 100 100 100 100 100 100 100 100 100 100 100 100 100 100 100 100 100 100 100 100 100 100 100 100 100 100 
100 100 100 100 100 100 100 100 100 100 100 100 100 100 100 100 100 100 100 100 100 100 100 100 100 100 100 100 100 100 
100 100 100 100 100 100 100 100 100 100 100 100 100 100 100 100 100 100 100 100 100 100 100 100 100 100 100 100 100 100 
100 100 100 100 100 100 100 100 100 100 100 100 100 100 100 100 100 100 100 100 100 100 100 100 100 100 100 100 100 100 

Tags2005_R1_R1 :
tag-recapture data for tag Tags2005_R1 in years 2006 2007 2008 2009 2010 , step 1, after proportion 0.5 of mortality, with sampling method size, detection probability 1.
Year 2006
class scanned recaptured
100 0 0
150 0 0
200 0 0
250 0 0
300 10 0
350 114 0
400 834 0
450 4294 0
500 16016 0.3
550 43468 1.4
600 84472 3.9
650 118824 7.8
700 128906 11.4
750 119302 13.2
800 102264 12.5
850 83260 10.2
900 64746 7.5
950 49200 5.2
1000 37328 3.6
1050 28170 2.6
1100 20818 1.9
1150 14960 1.5
1200 10494 1.1
1250 7230 0.8
1300 4912 0.5
1350 3298 0.3
1400 2194 0.2
1450 1450 0.1
1500 948 0
1550 606 0
1600 372 0
1650 214 0
1700 114 0
1750 56 0
1800 24 0
1850 10 0
1900 4 0
1950 2 0
2000 0 0


Year 2007
class scanned recaptured
100 0 0
150 0 0
200 0 0
250 0 0
300 10 0
350 114 0
400 826 0
450 4006 0
500 14072 0.1
550 37274 0.4
600 75786 1.2
650 117314 2.8
700 138224 4.6
750 129688 6.1
800 106328 6.9
850 83404 6.9
900 64506 6.3
950 48878 5.3
1000 36480 4.2
1050 27122 3.1
1100 20012 2.1
1150 14478 1.4
1200 10214 0.9
1250 7054 0.6
1300 4802 0.4
1350 3236 0.3
1400 2162 0.2
1450 1430 0.1
1500 932 0.1
1550 592 0.1
1600 360 0
1650 206 0
1700 110 0
1750 52 0
1800 24 0
1850 10 0
1900 4 0
1950 2 0
2000 0 0


Year 2008
class scanned recaptured
100 0 0
150 0 0
200 0 0
250 0 0
300 10 0
350 114 0
400 852 0
450 4110 0
500 13730 0
550 34168 0.2
600 66204 0.7
650 102996 1.8
700 129942 3.4
750 133112 5.1
800 114164 6.2
850 88204 6.4
900 66246 5.8
950 49660 4.8
1000 36838 3.7
1050 27006 2.8
1100 19678 2.1
1150 14210 1.6
1200 10078 1.1
1250 6996 0.7
1300 4772 0.4
1350 3222 0.2
1400 2158 0.1
1450 1432 0
1500 934 0
1550 590 0
1600 356 0
1650 202 0
1700 106 0
1750 52 0
1800 22 0
1850 8 0
1900 4 0
1950 2 0
2000 0 0


Year 2009
class scanned recaptured
100 0 0
150 0 0
200 0 0
250 0 0
300 14 0
350 132 0
400 876 0
450 4284 0
500 14472 0
550 34884 0.1
600 64138 0.3
650 94708 0.9
700 117062 2
750 124476 3.3
800 114804 4.5
850 93404 4.9
900 70310 4.8
950 51686 4.2
1000 37894 3.4
1050 27560 2.6
1100 19838 1.8
1150 14176 1.1
1200 10032 0.6
1250 6992 0.4
1300 4790 0.2
1350 3242 0.1
1400 2176 0
1450 1446 0
1500 944 0
1550 598 0
1600 360 0
1650 204 0
1700 106 0
1750 52 0
1800 22 0
1850 8 0
1900 4 0
1950 2 0
2000 0 0


Year 2010
class scanned recaptured
100 0 0
150 0 0
200 0 0
250 0 0
300 14 0
350 162 0
400 1010 0
450 4440 0
500 14926 0
550 36774 0
600 66726 0
650 94644 0.2
700 111826 0.5
750 115920 1.2
800 108994 2.3
850 93580 3.4
900 73580 4.2
950 54412 4.3
1000 39298 3.7
1050 28228 2.8
1100 20132 1.9
1150 14228 1.2
1200 9980 0.7
1250 6940 0.4
1300 4768 0.2
1350 3238 0.1
1400 2176 0
1450 1448 0
1500 948 0
1550 600 0
1600 362 0
1650 204 0
1700 108 0
1750 52 0
1800 22 0
1850 8 0
1900 4 0
1950 2 0
2000 0 0


Tags2006_R1_R1 :
tag-recapture data for tag Tags2006_R1 in years 2007 2008 2009 2010 , step 1, after proportion 0.5 of mortality, with sampling method size, detection probability 1.
Year 2007
class scanned recaptured
100 0 0
150 0 0
200 0 0
250 0 0
300 10 0
350 114 0
400 826 0
450 4006 0
500 14072 0.2
550 37274 0.9
600 75786 2.7
650 117314 5.6
700 138224 8.4
750 129688 9.6
800 106328 9
850 83404 7.6
900 64506 6
950 48878 4.4
1000 36480 3
1050 27122 2
1100 20012 1.3
1150 14478 0.9
1200 10214 0.6
1250 7054 0.4
1300 4802 0.2
1350 3236 0.1
1400 2162 0.1
1450 1430 0
1500 932 0
1550 592 0
1600 360 0
1650 206 0
1700 110 0
1750 52 0
1800 24 0
1850 10 0
1900 4 0
1950 2 0
2000 0 0


Year 2008
class scanned recaptured
100 0 0
150 0 0
200 0 0
250 0 0
300 10 0
350 114 0
400 852 0
450 4110 0
500 13730 0.1
550 34168 0.4
600 66204 1.4
650 102996 3.2
700 129942 5.4
750 133112 7
800 114164 7.4
850 88204 7
900 66246 6
950 49660 4.7
1000 36838 3.4
1050 27006 2.3
1100 19678 1.4
1150 14210 0.7
1200 10078 0.4
1250 6996 0.2
1300 4772 0.1
1350 3222 0
1400 2158 0
1450 1432 0
1500 934 0
1550 590 0
1600 356 0
1650 202 0
1700 106 0
1750 52 0
1800 22 0
1850 8 0
1900 4 0
1950 2 0
2000 0 0


Year 2009
class scanned recaptured
100 0 0
150 0 0
200 0 0
250 0 0
300 14 0
350 132 0
400 876 0
450 4284 0
500 14472 0
550 34884 0.2
600 64138 0.7
650 94708 2
700 117062 3.8
750 124476 5.5
800 114804 6.4
850 93404 6.1
900 70310 5.2
950 51686 4.2
1000 37894 3.3
1050 27560 2.6
1100 19838 1.9
1150 14176 1.4
1200 10032 1
1250 6992 0.7
1300 4790 0.4
1350 3242 0.3
1400 2176 0.2
1450 1446 0.1
1500 944 0
1550 598 0
1600 360 0
1650 204 0
1700 106 0
1750 52 0
1800 22 0
1850 8 0
1900 4 0
1950 2 0
2000 0 0


Year 2010
class scanned recaptured
100 0 0
150 0 0
200 0 0
250 0 0
300 14 0
350 162 0
400 1010 0
450 4440 0
500 14926 0
550 36774 0
600 66726 0.2
650 94644 0.7
700 111826 1.7
750 115920 3.1
800 108994 4.4
850 93580 5
900 73580 4.8
950 54412 4.1
1000 39298 3.3
1050 28228 2.5
1100 20132 1.9
1150 14228 1.4
1200 9980 1
1250 6940 0.7
1300 4768 0.5
1350 3238 0.3
1400 2176 0.2
1450 1448 0.1
1500 948 0
1550 600 0
1600 362 0
1650 204 0
1700 108 0
1750 52 0
1800 22 0
1850 8 0
1900 4 0
1950 2 0
2000 0 0


Tags2007_R1_R1 :
tag-recapture data for tag Tags2007_R1 in years 2008 2009 2010 , step 1, after proportion 0.5 of mortality, with sampling method size, detection probability 1.
Year 2008
class scanned recaptured
100 0 0
150 0 0
200 0 0
250 0 0
300 10 0
350 114 0
400 852 0
450 4110 0
500 13730 0.1
550 34168 0.8
600 66204 2.8
650 102996 6.6
700 129942 10.7
750 133112 12.3
800 114164 10.9
850 88204 8.1
900 66246 6
950 49660 4.7
1000 36838 3.7
1050 27006 2.7
1100 19678 1.8
1150 14210 1.1
1200 10078 0.7
1250 6996 0.4
1300 4772 0.3
1350 3222 0.2
1400 2158 0.1
1450 1432 0.1
1500 934 0
1550 590 0
1600 356 0
1650 202 0
1700 106 0
1750 52 0
1800 22 0
1850 8 0
1900 4 0
1950 2 0
2000 0 0


Year 2009
class scanned recaptured
100 0 0
150 0 0
200 0 0
250 0 0
300 14 0
350 132 0
400 876 0
450 4284 0
500 14472 0.1
550 34884 0.6
600 64138 1.8
650 94708 3.7
700 117062 5.7
750 124476 7.2
800 114804 7.5
850 93404 7
900 70310 6.2
950 51686 5.3
1000 37894 4.3
1050 27560 3.3
1100 19838 2.5
1150 14176 1.8
1200 10032 1.3
1250 6992 0.8
1300 4790 0.5
1350 3242 0.2
1400 2176 0.1
1450 1446 0.1
1500 944 0
1550 598 0
1600 360 0
1650 204 0
1700 106 0
1750 52 0
1800 22 0
1850 8 0
1900 4 0
1950 2 0
2000 0 0


Year 2010
class scanned recaptured
100 0 0
150 0 0
200 0 0
250 0 0
300 14 0
350 162 0
400 1010 0
450 4440 0
500 14926 0
550 36774 0.1
600 66726 0.5
650 94644 1.3
700 111826 2.8
750 115920 4.6
800 108994 5.9
850 93580 5.8
900 73580 4.6
950 54412 3.1
1000 39298 1.9
1050 28228 1.2
1100 20132 0.7
1150 14228 0.5
1200 9980 0.3
1250 6940 0.2
1300 4768 0.1
1350 3238 0.1
1400 2176 0
1450 1448 0
1500 948 0
1550 600 0
1600 362 0
1650 204 0
1700 108 0
1750 52 0
1800 22 0
1850 8 0
1900 4 0
1950 2 0
2000 0 0


Tags2008_R1_R1 :
tag-recapture data for tag Tags2008_R1 in years 2009 2010 , step 1, after proportion 0.5 of mortality, with sampling method size, detection probability 1.
Year 2009
class scanned recaptured
100 0 0
150 0 0
200 0 0
250 0 0
300 14 0
350 132 0
400 876 0
450 4284 0
500 14472 0.2
550 34884 1.1
600 64138 3.2
650 94708 6.9
700 117062 10.9
750 124476 13.2
800 114804 12.6
850 93404 9.9
900 70310 6.9
950 51686 4.7
1000 37894 3.2
1050 27560 2.1
1100 19838 1.4
1150 14176 0.8
1200 10032 0.4
1250 6992 0.2
1300 4790 0.1
1350 3242 0
1400 2176 0
1450 1446 0
1500 944 0
1550 598 0
1600 360 0
1650 204 0
1700 106 0
1750 52 0
1800 22 0
1850 8 0
1900 4 0
1950 2 0
2000 0 0


Year 2010
class scanned recaptured
100 0 0
150 0 0
200 0 0
250 0 0
300 14 0
350 162 0
400 1010 0
450 4440 0
500 14926 0.2
550 36774 0.5
600 66726 1.4
650 94644 2.9
700 111826 5.3
750 115920 8
800 108994 9.8
850 93580 9.7
900 73580 8
950 54412 5.7
1000 39298 3.8
1050 28228 2.4
1100 20132 1.4
1150 14228 0.8
1200 9980 0.5
1250 6940 0.2
1300 4768 0.1
1350 3238 0
1400 2176 0
1450 1448 0
1500 948 0
1550 600 0
1600 362 0
1650 204 0
1700 108 0
1750 52 0
1800 22 0
1850 8 0
1900 4 0
1950 2 0
2000 0 0


Tags2009_R1_R1 :
tag-recapture data for tag Tags2009_R1 in years 2010 , step 1, after proportion 0.5 of mortality, with sampling method size, detection probability 1.
Year 2010
class scanned recaptured
100 0 0
150 0 0
200 0 0
250 0 0
300 14 0
350 162 0
400 1010 0
450 4440 0
500 14926 0.2
550 36774 0.9
600 66726 2.5
650 94644 5
700 111826 7.5
750 115920 9.2
800 108994 9.3
850 93580 8.1
900 73580 6.2
950 54412 4.3
1000 39298 2.9
1050 28228 2
1100 20132 1.4
1150 14228 0.9
1200 9980 0.6
1250 6940 0.4
1300 4768 0.2
1350 3238 0.1
1400 2176 0.1
1450 1448 0
1500 948 0
1550 600 0
1600 362 0
1650 204 0
1700 108 0
1750 52 0
1800 22 0
1850 8 0
1900 4 0
1950 2 0
2000 0 0



Ageing_error:
  Misclassification matrix:
1 0 0 0 0 0 0 0 0 0 0 0 0 0 0 0 0 0 0 0 0 0 0 0 0 0 0 0 0 0 
0 1 0 0 0 0 0 0 0 0 0 0 0 0 0 0 0 0 0 0 0 0 0 0 0 0 0 0 0 0 
0 0 1 0 0 0 0 0 0 0 0 0 0 0 0 0 0 0 0 0 0 0 0 0 0 0 0 0 0 0 
0 0 0 1 0 0 0 0 0 0 0 0 0 0 0 0 0 0 0 0 0 0 0 0 0 0 0 0 0 0 
0 0 0 0 1 0 0 0 0 0 0 0 0 0 0 0 0 0 0 0 0 0 0 0 0 0 0 0 0 0 
0 0 0 0 0 1 0 0 0 0 0 0 0 0 0 0 0 0 0 0 0 0 0 0 0 0 0 0 0 0 
0 0 0 0 0 0 1 0 0 0 0 0 0 0 0 0 0 0 0 0 0 0 0 0 0 0 0 0 0 0 
0 0 0 0 0 0 0 1 0 0 0 0 0 0 0 0 0 0 0 0 0 0 0 0 0 0 0 0 0 0 
0 0 0 0 0 0 0 0 1 0 0 0 0 0 0 0 0 0 0 0 0 0 0 0 0 0 0 0 0 0 
0 0 0 0 0 0 0 0 0 1 0 0 0 0 0 0 0 0 0 0 0 0 0 0 0 0 0 0 0 0 
0 0 0 0 0 0 0 0 0 0 1 0 0 0 0 0 0 0 0 0 0 0 0 0 0 0 0 0 0 0 
0 0 0 0 0 0 0 0 0 0 0 1 0 0 0 0 0 0 0 0 0 0 0 0 0 0 0 0 0 0 
0 0 0 0 0 0 0 0 0 0 0 0 1 0 0 0 0 0 0 0 0 0 0 0 0 0 0 0 0 0 
0 0 0 0 0 0 0 0 0 0 0 0 0 1 0 0 0 0 0 0 0 0 0 0 0 0 0 0 0 0 
0 0 0 0 0 0 0 0 0 0 0 0 0 0 1 0 0 0 0 0 0 0 0 0 0 0 0 0 0 0 
0 0 0 0 0 0 0 0 0 0 0 0 0 0 0 1 0 0 0 0 0 0 0 0 0 0 0 0 0 0 
0 0 0 0 0 0 0 0 0 0 0 0 0 0 0 0 1 0 0 0 0 0 0 0 0 0 0 0 0 0 
0 0 0 0 0 0 0 0 0 0 0 0 0 0 0 0 0 1 0 0 0 0 0 0 0 0 0 0 0 0 
0 0 0 0 0 0 0 0 0 0 0 0 0 0 0 0 0 0 1 0 0 0 0 0 0 0 0 0 0 0 
0 0 0 0 0 0 0 0 0 0 0 0 0 0 0 0 0 0 0 1 0 0 0 0 0 0 0 0 0 0 
0 0 0 0 0 0 0 0 0 0 0 0 0 0 0 0 0 0 0 0 1 0 0 0 0 0 0 0 0 0 
0 0 0 0 0 0 0 0 0 0 0 0 0 0 0 0 0 0 0 0 0 1 0 0 0 0 0 0 0 0 
0 0 0 0 0 0 0 0 0 0 0 0 0 0 0 0 0 0 0 0 0 0 1 0 0 0 0 0 0 0 
0 0 0 0 0 0 0 0 0 0 0 0 0 0 0 0 0 0 0 0 0 0 0 1 0 0 0 0 0 0 
0 0 0 0 0 0 0 0 0 0 0 0 0 0 0 0 0 0 0 0 0 0 0 0 1 0 0 0 0 0 
0 0 0 0 0 0 0 0 0 0 0 0 0 0 0 0 0 0 0 0 0 0 0 0 0 1 0 0 0 0 
0 0 0 0 0 0 0 0 0 0 0 0 0 0 0 0 0 0 0 0 0 0 0 0 0 0 1 0 0 0 
0 0 0 0 0 0 0 0 0 0 0 0 0 0 0 0 0 0 0 0 0 0 0 0 0 0 0 1 0 0 
0 0 0 0 0 0 0 0 0 0 0 0 0 0 0 0 0 0 0 0 0 0 0 0 0 0 0 0 1 0 
0 0 0 0 0 0 0 0 0 0 0 0 0 0 0 0 0 0 0 0 0 0 0 0 0 0 0 0 0 1 

Free parameters:

initialization.B0
uniform: bounds from 5000 to 500000
current value: 140886
lower bound: 5000
upper bound: 500000


Q's:
qs are nuisance parameters

Penalties:
LL_Penalty :
Catch limit penalty of 1000 x the sum of squares of (log(actual catch) - log(specified catch)) for fishery LL to disencourage breaking exploitation rate limits
meanYCS_1 :
Vector average penalty of 100 x square of (mean(recruitment.YCS) - 1) 
Penalty_Tags2005_R1_LL :
'Fish-must-be-tagged' penalty of 1 x square of (actual number of tagged fish - nominal number of tagged fish) for tagging episode Tags2005_R1_LL
Penalty_Tags2006_R1_LL :
'Fish-must-be-tagged' penalty of 1 x square of (actual number of tagged fish - nominal number of tagged fish) for tagging episode Tags2006_R1_LL
Penalty_Tags2007_R1_LL :
'Fish-must-be-tagged' penalty of 1 x square of (actual number of tagged fish - nominal number of tagged fish) for tagging episode Tags2007_R1_LL
Penalty_Tags2008_R1_LL :
'Fish-must-be-tagged' penalty of 1 x square of (actual number of tagged fish - nominal number of tagged fish) for tagging episode Tags2008_R1_LL
Penalty_Tags2009_R1_LL :
'Fish-must-be-tagged' penalty of 1 x square of (actual number of tagged fish - nominal number of tagged fish) for tagging episode Tags2009_R1_LL

Components of the objective function are:
  LL_catchA
  Tags2005_R1_R1
  Tags2006_R1_R1
  Tags2007_R1_R1
  Tags2008_R1_R1
  Tags2009_R1_R1
  prior_on_initialization.B0
  LL_Penalty
  meanYCS_1
  Penalty_Tags2005_R1_LL
  Penalty_Tags2006_R1_LL
  Penalty_Tags2007_R1_LL
  Penalty_Tags2008_R1_LL
  Penalty_Tags2009_R1_LL

Random number seed : 92240


Minimiser achieved convergence after 5 quasi-Newton iterations using 6 objective function evaluations



Approximate Covariance matrix (Inverse Hessian of parameters at point estimate):
3.6049e+007 

Correlation matrix:
1 

List of parameter names, in the same order as the rows & cols of the covariance/correlation matrices:
initialization.B0 



Start extracting output from here

Point estimate:
initialization.B0
current value: 202777
lower bound: 5000
upper bound: 500000


In a format suitable for -i :

initialization.B0 
202777 

Objective function : 747.576

Components :
LL_catchA                                          380.532
Tags2005_R1_R1                                     119.224
Tags2006_R1_R1                                     93.1918
Tags2007_R1_R1                                     77.3097
Tags2008_R1_R1                                     51.5007
Tags2009_R1_R1                                     25.8178
prior_on_initialization.B0                         0
LL_Penalty                                         0
meanYCS_1                                          0
Penalty_Tags2005_R1_LL                             2.06795e-025
Penalty_Tags2006_R1_LL                             0
Penalty_Tags2007_R1_LL                             0
Penalty_Tags2008_R1_LL                             2.06795e-025
Penalty_Tags2009_R1_LL                             8.27181e-025

Fits : 

The observations are:
LL_catchA
Tags2005_R1_R1
Tags2006_R1_R1
Tags2007_R1_R1
Tags2008_R1_R1
Tags2009_R1_R1
Fits follow:

LL_catchA :
catch proportions-at-age for fishery LL  with ageing error (not constrained to sum to 1):
obs (last class is a plus group):
class 1       2       3       4       5       6       7       8       9       10      11      12      13      14      15      16      17      18      19      20      21      22      23      24      25      26      27      28      29      30      
2000 0       0       0       0       0.001   0.027   0.028   0.087   0.134   0.103   0.166   0.125   0.032   0.063   0.045   0.072   0.023   0.03    0.015   0.008   0.004   0.008   0.012   0.005   0.002   0.003   0.002   0       0.001   0.004   
2001 0       0       0       0       0.004   0.02    0.091   0.072   0.11    0.137   0.101   0.133   0.095   0.032   0.049   0.025   0.045   0.017   0.02    0.013   0.011   0.007   0.003   0.002   0.006   0       0.003   0.002   0       0.002   
2002 0       0       0       0.002   0.003   0.012   0.05    0.173   0.08    0.132   0.11    0.072   0.085   0.086   0.017   0.046   0.025   0.034   0.014   0.02    0.01    0.007   0.003   0.007   0.003   0.003   0       0.001   0       0.005   
2003 0       0       0       0       0.005   0.019   0.049   0.095   0.22    0.08    0.111   0.1     0.065   0.076   0.076   0.016   0.025   0.02    0.011   0.006   0.011   0.002   0.003   0.002   0.001   0.001   0.001   0.001   0.002   0.002   
2004 0       0       0       0.001   0.002   0.032   0.045   0.075   0.13    0.207   0.073   0.079   0.073   0.048   0.076   0.05    0.013   0.023   0.016   0.018   0.005   0.008   0.008   0.005   0.003   0.001   0       0.003   0.001   0.005   
2005 0       0       0       0       0.001   0.016   0.086   0.111   0.134   0.12    0.187   0.056   0.06    0.059   0.028   0.044   0.031   0.004   0.019   0.014   0.011   0.004   0.005   0.003   0.001   0       0.003   0.001   0.001   0.001   
2006 0       0       0       0       0.002   0.016   0.034   0.157   0.146   0.117   0.105   0.136   0.043   0.057   0.049   0.03    0.032   0.022   0.008   0.013   0.007   0.007   0.003   0.004   0.004   0.003   0       0       0.001   0.004   
2007 0       0       0       0.003   0.005   0.026   0.028   0.068   0.22    0.136   0.085   0.095   0.122   0.036   0.051   0.034   0.012   0.022   0.021   0.007   0.01    0.006   0.004   0.001   0.002   0       0       0.001   0       0.005   
2008 0       0       0       0       0.002   0.016   0.058   0.061   0.104   0.25    0.122   0.065   0.053   0.096   0.031   0.034   0.037   0.017   0.016   0.013   0.004   0.002   0.003   0.004   0.003   0.003   0       0.002   0       0.004   
2009 0       0       0.004   0.001   0.003   0.021   0.037   0.105   0.099   0.118   0.206   0.119   0.043   0.051   0.07    0.016   0.02    0.017   0.012   0.015   0.015   0.002   0.007   0.003   0.005   0.003   0.002   0       0.001   0.005   
2010 0       0       0       0.001   0.004   0.021   0.051   0.069   0.143   0.106   0.116   0.172   0.083   0.057   0.035   0.047   0.025   0.018   0.01    0.007   0.014   0.007   0.001   0.001   0.005   0.005   0.001   0       0       0.001   
fits (last class is a plus group):
class 1       2       3       4       5       6       7       8       9       10      11      12      13      14      15      16      17      18      19      20      21      22      23      24      25      26      27      28      29      30      
2000 4.81667e-007 7.8712e-006 9.09501e-005 0.000743033 0.00429149 0.0175155 0.0504411 0.102093 0.144411 0.142465 0.11649 0.0940278 0.0749697 0.0590803 0.0460547 0.0355707 0.0273157 0.0209567 0.0160891 0.012282 0.00926778 0.00690852 0.00508414 0.00369151 0.00264299 0.00186498 0.00129646 0.000887589 0.000598319 0.00286237 
2001 4.82865e-007 7.89067e-006 9.11784e-005 0.000744966 0.00430324 0.0175666 0.0505973 0.102422 0.144871 0.142884 0.116938 0.0943276 0.0751549 0.0591786 0.0460791 0.035505 0.027114 0.0205919 0.0156258 0.0118659 0.00895912 0.00668578 0.00492794 0.00358518 0.0025728 0.00182011 0.00126872 0.00087104 0.000588813 0.00285009 
2002 4.83834e-007 7.90614e-006 9.13561e-005 0.000746444 0.00431217 0.0176053 0.0507168 0.102676 0.145231 0.143213 0.117169 0.0946  0.0753229 0.0592693 0.0461135 0.0354921 0.0270406 0.0204229 0.0153415 0.0115153 0.00864924 0.00645852 0.00476581 0.00347275 0.0024971 0.00177068 0.00123746 0.000851908 0.000577505 0.00283175 
2003 4.84657e-007 7.91903e-006 9.15007e-005 0.000747617 0.0043191 0.0176351 0.0508084 0.102872 0.145509 0.143467 0.117349 0.094715 0.0754835 0.0593579 0.0461509 0.0354937 0.0270126 0.0203543 0.0152061 0.0112991 0.00838894 0.00623177 0.00460144 0.00335683 0.00241765 0.00171781 0.00120333 0.000830561 0.000564586 0.00280748 
2004 4.85394e-007 7.93041e-006 9.16258e-005 0.000748604 0.00432474 0.0176587 0.0508799 0.103023 0.145723 0.143663 0.117486 0.0948027 0.0755302 0.0594497 0.0461936 0.035503 0.0269996 0.020323 0.0151478 0.0111943 0.00822788 0.00604176 0.00443817 0.00323987 0.00233614 0.0016626 0.00116702 0.000807403 0.000550275 0.00277742 
2005 4.86091e-007 7.94106e-006 9.17412e-005 0.000749494 0.00432968 0.0176786 0.0509381 0.103144 0.14589 0.143812 0.117589 0.0948679 0.0755641 0.0594587 0.0462441 0.0355204 0.0269954 0.0203052 0.0151188 0.0111475 0.00814887 0.00592394 0.00430161 0.00312407 0.00225417 0.00160616 0.00112926 0.000782872 0.00053482 0.00274173 
2006 4.86783e-007 7.95157e-006 9.1854e-005 0.000750353 0.00433434 0.0176967 0.0509888 0.103244 0.146023 0.143925 0.117664 0.094913 0.0755861 0.0594624 0.0462338 0.0355465 0.0269994 0.0202955 0.0151011 0.0111231 0.00811271 0.00586566 0.0042168 0.00302733 0.0021732 0.00154953 0.00109075 0.000757424 0.000518497 0.00270066 
2007 4.87485e-007 7.9622e-006 9.19677e-005 0.000751211 0.00433893 0.0177142 0.0510359 0.103332 0.146134 0.144014 0.117716 0.0949409 0.0755968 0.0594604 0.0462222 0.035528 0.0270117 0.0202932 0.0150902 0.0111075 0.00809323 0.0058385 0.00417458 0.00296716 0.00210559 0.00149366 0.00105216 0.000731506 0.000501586 0.00265451 
2008 4.88209e-007 7.97315e-006 9.20844e-005 0.000752089 0.0043436 0.0177317 0.051082 0.103416 0.146232 0.144085 0.117753 0.0949545 0.0755965 0.0594515 0.0462078 0.0355096 0.0269908 0.0202976 0.0150852 0.0110972 0.0080804 0.00582351 0.00415461 0.00293704 0.00206348 0.00144703 0.00101411 0.000705557 0.000484378 0.00260366 
2009 4.88957e-007 7.98449e-006 9.22054e-005 0.000752998 0.00434841 0.0177496 0.0511287 0.103498 0.146326 0.144147 0.117778 0.0949569 0.0755863 0.0594352 0.0461888 0.0354897 0.0269706 0.0202776 0.0150854 0.0110915 0.00807157 0.00581337 0.00414336 0.00292262 0.00204229 0.00141794 0.000982353 0.000679985 0.000467156 0.00254863 
2010 4.89732e-007 7.99624e-006 9.23309e-005 0.000753941 0.00435339 0.0177682 0.0511767 0.103582 0.146419 0.144204 0.117796 0.0949513 0.075568 0.0594117 0.0461646 0.0354667 0.0269494 0.0202581 0.0150676 0.0110897 0.00806606 0.00580615 0.00413557 0.00291434 0.00203203 0.00140323 0.000962512 0.00065863 0.000450187 0.00249001 
resids (last class is a plus group):
class 1       2       3       4       5       6       7       8       9       10      11      12      13      14      15      16      17      18      19      20      21      22      23      24      25      26      27      28      29      30      
2000 -4.81667e-007 -7.8712e-006 -9.09501e-005 -0.000743033 -0.00329149 0.00948448 -0.0224411 -0.015093 -0.0104107 -0.039465 0.0495105 0.0309722 -0.0429697 0.00391967 -0.00105473 0.0364293 -0.00431572 0.00904331 -0.00108913 -0.00428195 -0.00526778 0.00109148 0.00691586 0.00130849 -0.000642988 0.00113502 0.000703538 -0.000887589 0.000401681 0.00113763 
2001 -4.82865e-007 -7.89067e-006 -9.11784e-005 -0.000744966 -0.000303245 0.00243344 0.0404027 -0.030422 -0.0348714 -0.00588441 -0.0159381 0.0386724 0.0198451 -0.0271786 0.0029209 -0.010505 0.017886 -0.00359193 0.0043742 0.00113408 0.00204088 0.000314217 -0.00192794 -0.00158518 0.0034272 -0.00182011 0.00173128 0.00112896 -0.000588813 -0.000850085 
2002 -4.83834e-007 -7.90614e-006 -9.13561e-005 0.00125356 -0.00131217 -0.00560532 -0.000716779 0.0703239 -0.0652307 -0.0112125 -0.00716938 -0.0226 0.00967708 0.0267307 -0.0291135 0.0105079 -0.00204061 0.0135771 -0.0013415 0.00848467 0.00135076 0.000541478 -0.00176581 0.00352725 0.000502896 0.00122932 -0.00123746 0.000148092 -0.000577505 0.00216825 
2003 -4.84657e-007 -7.91903e-006 -9.15007e-005 -0.000747617 0.000680905 0.0013649 -0.00180838 -0.00787172 0.0744913 -0.0634672 -0.00634876 0.00528502 -0.0104835 0.0166421 0.0298491 -0.0194937 -0.00201256 -0.000354338 -0.0042061 -0.00529911 0.00261106 -0.00423177 -0.00160144 -0.00135683 -0.00141765 -0.000717806 -0.000203327 0.000169439 0.00143541 -0.000807479 
2004 -4.85394e-007 -7.93041e-006 -9.16258e-005 0.000251396 -0.00232474 0.0143413 -0.00587992 -0.0280233 -0.0157231 0.0633371 -0.0444862 -0.0158027 -0.00253023 -0.0114497 0.0298064 0.014497 -0.0139996 0.00267703 0.000852193 0.00680571 -0.00322788 0.00195824 0.00356183 0.00176013 0.000663857 -0.000662598 -0.00116702 0.0021926 0.000449725 0.00222258 
2005 -4.86091e-007 -7.94106e-006 -9.17412e-005 -0.000749494 -0.00332968 -0.0016786 0.0350619 0.0078565 -0.0118898 -0.023812 0.0694107 -0.0388679 -0.0155641 -0.000458721 -0.0182441 0.00847965 0.00400465 -0.0163052 0.00388117 0.00285253 0.00285113 -0.00192394 0.000698393 -0.000124071 -0.00125417 -0.00160616 0.00187074 0.000217128 0.00046518 -0.00174173 
2006 -4.86783e-007 -7.95157e-006 -9.1854e-005 -0.000750353 -0.00233434 -0.00169672 -0.0169888 0.0537563 -2.29268e-005 -0.0269255 -0.0126639 0.041087 -0.0325861 -0.00246244 0.00276616 -0.00554651 0.00500057 0.00170446 -0.00710108 0.00187694 -0.00111271 0.00113434 -0.0012168 0.000972668 0.0018268 0.00145047 -0.00109075 -0.000757424 0.000481503 0.00129934 
2007 -4.87485e-007 -7.9622e-006 -9.19677e-005 0.00224879 0.00066107 0.00828583 -0.0230359 -0.0353322 0.0738661 -0.00801356 -0.0327164 5.91176e-005 0.0464032 -0.0234604 0.00477777 -0.00152801 -0.0150117 0.00170679 0.00590981 -0.00410746 0.00190677 0.000161499 -0.000174578 -0.00196716 -0.000105588 -0.00149366 -0.00105216 0.000268494 -0.000501586 0.00234549 
2008 -4.88209e-007 -7.97315e-006 -9.20844e-005 -0.000752089 -0.0023436 -0.00173169 0.00691799 -0.0424157 -0.0422324 0.105915 0.00424735 -0.0299545 -0.0225965 0.0365485 -0.0152078 -0.00150965 0.0100092 -0.00329765 0.000914828 0.00190278 -0.0040804 -0.00382351 -0.00115461 0.00106296 0.000936523 0.00155297 -0.00101411 0.00129444 -0.000484378 0.00139634 
2009 -4.88957e-007 -7.98449e-006 0.00390779 0.000247002 -0.00134841 0.00325037 -0.0141287 0.00150175 -0.0473258 -0.0261465 0.0882224 0.0240431 -0.0325863 -0.00843521 0.0238112 -0.0194897 -0.00697059 -0.00327757 -0.00308542 0.00390853 0.00692843 -0.00381337 0.00285664 7.73781e-005 0.00295771 0.00158206 0.00101765 -0.000679985 0.000532844 0.00245137 
2010 -4.89732e-007 -7.99624e-006 -9.23309e-005 0.000246059 -0.000353395 0.00323184 -0.000176692 -0.0345822 -0.0034186 -0.0382044 -0.00179601 0.0770487 0.00743197 -0.00241174 -0.0111646 0.0115333 -0.00194938 -0.00225809 -0.00506755 -0.00408965 0.00593394 0.00119385 -0.00313557 -0.00191434 0.00296797 0.00359677 3.74883e-005 -0.00065863 -0.000450187 -0.00149001 
pearson_resids (last class is a plus group):
class 1       2       3       4       5       6       7       8       9       10      11      12      13      14      15      16      17      18      19      20      21      22      23      24      25      26      27      28      29      30      
2000 -0.00694023 -0.0280558 -0.0953721 -0.272688 -0.503527 0.723002 -1.02539 -0.498496 -0.296174 -1.1291 1.54329 1.06117 -1.6317 0.166246 -0.0503204 1.96685 -0.264765 0.631342 -0.0865639 -0.388769 -0.549746 0.131773 0.972398 0.215761 -0.125236 0.26307 0.195519 -0.298057 0.164265 0.212942 
2001 -0.00694885 -0.0280905 -0.0954918 -0.273042 -0.0463268 0.185236 1.84341 -1.00335 -0.990745 -0.168148 -0.495979 1.32311 0.752731 -1.15184 0.139318 -0.567675 1.10124 -0.252928 0.352694 0.104733 0.21659 0.0385577 -0.275318 -0.265217 0.676545 -0.427016 0.486361 0.382691 -0.242726 -0.159461 
2002 -0.00695582 -0.028118 -0.0955847 0.458994 -0.200253 -0.426222 -0.0326672 2.31683 -1.85139 -0.320093 -0.222913 -0.772223 0.366679 1.13204 -1.38814 0.567934 -0.125807 0.95991 -0.109148 0.795265 0.145873 0.067596 -0.256396 0.599592 0.100763 0.292401 -0.351993 0.0507597 -0.240383 0.408036 
2003 -0.00696173 -0.0281409 -0.0956604 -0.273528 0.103832 0.1037  -0.0823463 -0.259116 2.11255 -1.81051 -0.197267 0.180487 -0.396848 0.704298 1.42266 -1.05358 -0.12414 -0.0250931 -0.343714 -0.501358 0.286282 -0.537742 -0.236627 -0.23458 -0.288668 -0.173338 -0.0586494 0.0588178 0.604275 -0.15261 
2004 -0.00696703 -0.0281611 -0.0957258 0.0919169 -0.354271 1.08887 -0.26757 -0.921851 -0.445631 1.80577 -1.38157 -0.539448 -0.0957531 -0.484205 1.42    0.783422 -0.863733 0.189722 0.0697714 0.646874 -0.357328 0.252697 0.535842 0.309731 0.13751 -0.162636 -0.341816 0.771949 0.191768 0.42232 
2005 -0.00697203 -0.02818 -0.095786 -0.273872 -0.507127 -0.127379 1.59466 0.258313 -0.336826 -0.678599 2.1548  -1.3264 -0.588882 -0.0193978 -0.868711 0.458134 0.247094 -1.15605 0.318062 0.271692 0.317136 -0.250713 0.106714 -0.0222325 -0.264456 -0.401091 0.557011 0.0776319 0.201203 -0.333092 
2006 -0.00697699 -0.0281986 -0.0958449 -0.274029 -0.355341 -0.128689 -0.772305 1.76669 -0.000649247 -0.767076 -0.393033 1.40183 -1.23276 -0.104125 0.131728 -0.299558 0.308522 0.120876 -0.58227 0.178965 -0.124041 0.148546 -0.187778 0.177049 0.392296 0.368761 -0.330445 -0.275318 0.211514 0.250365 
2007 -0.00698202 -0.0282175 -0.0959042 0.820788 0.100577 0.62814 -1.04675 -1.16075 2.0911  -0.228239 -1.01518 0.00201675 1.75536 -0.992049 0.227549 -0.0825458 -0.925975 0.121047 0.484761 -0.391915 0.212814 0.0211978 -0.0270765 -0.361672 -0.0230348 -0.386768 -0.32454 0.0993079 -0.224017 0.455848 
2008 -0.00698719 -0.0282369 -0.095965 -0.274346 -0.356372 -0.131214 0.314219 -1.39296 -1.19524 3.01602 0.131776 -1.02181 -0.854789 1.5456  -0.724404 -0.0815743 0.617634 -0.233848 0.0750524 0.181637 -0.455772 -0.502502 -0.179504 0.196426 0.20638 0.408545 -0.318613 0.487495 -0.220139 0.274009 
2009 -0.00699255 -0.028257 4.06981 0.0900465 -0.204929 0.246165 -0.641456 0.049301 -1.33903 -0.744411 2.7369  0.820147 -1.23276 -0.356763 1.13444 -1.05342 -0.43029 -0.232537 -0.253126 0.373199 0.774311 -0.501604 0.444715 0.014334 0.655149 0.420439 0.324845 -0.260854 0.246587 0.486194 
2010 -0.00699809 -0.0282777 -0.0960934 0.0896465 -0.0536776 0.244636 -0.00801841 -1.13489 -0.0967003 -1.08753 -0.0557133 2.62832 0.281188 -0.102022 -0.532048 0.623567 -0.12038 -0.160283 -0.415981 -0.390525 0.663394 0.157135 -0.488595 -0.355126 0.659077 0.960843 0.0120893 -0.256723 -0.212224 -0.298972 
objective function: multinomial likelihood, with delta = 1e-011, N =
100 100 100 100 100 100 100 100 100 100 100 100 100 100 100 100 100 100 100 100 100 100 100 100 100 100 100 100 100 100 
100 100 100 100 100 100 100 100 100 100 100 100 100 100 100 100 100 100 100 100 100 100 100 100 100 100 100 100 100 100 
100 100 100 100 100 100 100 100 100 100 100 100 100 100 100 100 100 100 100 100 100 100 100 100 100 100 100 100 100 100 
100 100 100 100 100 100 100 100 100 100 100 100 100 100 100 100 100 100 100 100 100 100 100 100 100 100 100 100 100 100 
100 100 100 100 100 100 100 100 100 100 100 100 100 100 100 100 100 100 100 100 100 100 100 100 100 100 100 100 100 100 
100 100 100 100 100 100 100 100 100 100 100 100 100 100 100 100 100 100 100 100 100 100 100 100 100 100 100 100 100 100 
100 100 100 100 100 100 100 100 100 100 100 100 100 100 100 100 100 100 100 100 100 100 100 100 100 100 100 100 100 100 
100 100 100 100 100 100 100 100 100 100 100 100 100 100 100 100 100 100 100 100 100 100 100 100 100 100 100 100 100 100 
100 100 100 100 100 100 100 100 100 100 100 100 100 100 100 100 100 100 100 100 100 100 100 100 100 100 100 100 100 100 
100 100 100 100 100 100 100 100 100 100 100 100 100 100 100 100 100 100 100 100 100 100 100 100 100 100 100 100 100 100 
100 100 100 100 100 100 100 100 100 100 100 100 100 100 100 100 100 100 100 100 100 100 100 100 100 100 100 100 100 100 

Tags2005_R1_R1 :
tag-recapture data for tag Tags2005_R1 in years 2006 2007 2008 2009 2010 , step 1, after proportion 0.5 of mortality, with sampling method size, detection probability 1.
Year 2006
class scanned recaptured expected_prop neg_log_likelihood
100 0 0 0 0
150 0 0 1.27344e-012 0
200 0 0 8.10977e-012 0
250 0 0 5.36759e-011 0
300 10 0 6.9981e-010 6.9981e-009
350 114 0 8.84215e-009 1.008e-006
400 834 0 8.21266e-008 6.84936e-005
450 4294 0 5.42891e-007 0.00233118
500 16016 0.3 2.52869e-006 0.894257
550 43468 1.4 8.46162e-006 1.98493
600 84472 3.9 2.10774e-005 2.55924
650 118824 7.8 4.0695e-005 2.72164
700 128906 11.4 6.34271e-005 2.70847
750 119302 13.2 8.31546e-005 2.70594
800 102264 12.5 9.58381e-005 2.53005
850 83260 10.2 0.000101364 2.26028
900 64746 7.5 0.000101694 1.99836
950 49200 5.2 9.86014e-005 1.77147
1000 37328 3.6 9.30436e-005 1.58474
1050 28170 2.6 8.55112e-005 1.43594
1100 20818 1.9 7.63711e-005 1.31175
1150 14960 1.5 6.60386e-005 1.29078
1200 10494 1.1 5.51199e-005 1.22601
1250 7230 0.8 4.4493e-005 1.15791
1300 4912 0.5 3.50559e-005 0.930938
1350 3298 0.3 2.73889e-005 0.703406
1400 2194 0.2 2.17044e-005 0.571108
1450 1450 0.1 1.77465e-005 0.341828
1500 948 0 1.50732e-005 0.0142895
1550 606 0 1.32973e-005 0.00805821
1600 372 0 1.20867e-005 0.0044963
1650 214 0 1.12758e-005 0.00241303
1700 114 0 1.07468e-005 0.00122514
1750 56 0 1.04087e-005 0.000582891
1800 24 0 1.01953e-005 0.000244688
1850 10 0 1.00604e-005 0.000100605
1900 4 0 9.97158e-006 3.98865e-005
1950 2 0 9.90204e-006 1.98042e-005
2000 0 0 9.82455e-006 0

total neg_log_likelihood: 32.7229


Year 2007
class scanned recaptured expected_prop neg_log_likelihood
100 0 0 0 0
150 0 0 4.09832e-015 0
200 0 0 4.59725e-013 0
250 0 0 6.66482e-012 0
300 10 0 1.29288e-010 1.29288e-009
350 114 0 1.77872e-009 2.02774e-007
400 826 0 1.72976e-008 1.42878e-005
450 4006 0 1.32255e-007 0.000529815
500 14072 0.1 7.54388e-007 0.415282
550 37274 0.4 3.12858e-006 0.856549
600 75786 1.2 9.60519e-006 1.20593
650 117314 2.8 2.2541e-005 1.46787
700 138224 4.6 4.1884e-005 1.83156
750 129688 6.1 6.37943e-005 2.1511
800 106328 6.9 8.26013e-005 2.11477
850 83404 6.9 9.4664e-005 1.96229
900 64506 6.3 9.98408e-005 1.85392
950 48878 5.3 9.98631e-005 1.78593
1000 36480 4.2 9.64022e-005 1.71868
1050 27122 3.1 9.03962e-005 1.5904
1100 20012 2.1 8.23217e-005 1.38641
1150 14478 1.4 7.25606e-005 1.19833
1200 10214 0.9 6.16828e-005 1.0068
1250 7054 0.6 5.0599e-005 0.862432
1300 4802 0.4 4.03555e-005 0.730535
1350 3236 0.3 3.17442e-005 0.677221
1400 2162 0.2 2.51806e-005 0.551154
1450 1430 0.1 2.05098e-005 0.332341
1500 932 0.1 1.72965e-005 0.378965
1550 592 0.1 1.51288e-005 0.430547
1600 360 0 1.36266e-005 0.0049056
1650 206 0 1.26034e-005 0.00259633
1700 110 0 1.19258e-005 0.00131185
1750 52 0 1.14872e-005 0.000597338
1800 24 0 1.12076e-005 0.000268983
1850 10 0 1.103e-005 0.000110301
1900 4 0 1.09137e-005 4.36551e-005
1950 2 0 1.08255e-005 2.16511e-005
2000 0 0 1.07315e-005 0

total neg_log_likelihood: 26.5194


Year 2008
class scanned recaptured expected_prop neg_log_likelihood
100 0 0 0 0
150 0 0 0 0
200 0 0 1.22887e-014 0
250 0 0 6.29439e-013 0
300 10 0 2.26716e-011 2.26716e-010
350 114 0 4.11916e-010 4.69585e-008
400 852 0 4.09033e-009 3.48496e-006
450 4110 0 3.16975e-008 0.000130277
500 13730 0 2.0713e-007 0.00284389
550 34168 0.2 1.03058e-006 0.619106
600 66204 0.7 3.84437e-006 1.11658
650 102996 1.8 1.09169e-005 1.43005
700 129942 3.4 2.42472e-005 1.56486
750 133112 5.1 4.33893e-005 1.79102
800 114164 6.2 6.44715e-005 1.94131
850 88204 6.4 8.22716e-005 1.91275
900 66246 5.8 9.35859e-005 1.82535
950 49660 4.8 9.82718e-005 1.7212
1000 36838 3.7 9.78773e-005 1.59675
1050 27006 2.8 9.39294e-005 1.47656
1100 19678 2.1 8.73063e-005 1.36888
1150 14210 1.6 7.84803e-005 1.29811
1200 10078 1.1 6.80002e-005 1.14638
1250 6996 0.7 5.67765e-005 0.947663
1300 4772 0.4 4.59602e-005 0.706556
1350 3222 0.2 3.6536e-005 0.460206
1400 2158 0.1 2.91404e-005 0.289634
1450 1432 0 2.3755e-005 0.0340176
1500 934 0 1.998e-005 0.0186615
1550 590 0 1.73962e-005 0.0102638
1600 356 0 1.55806e-005 0.00554674
1650 202 0 1.43288e-005 0.00289443
1700 106 0 1.34909e-005 0.00143005
1750 52 0 1.29441e-005 0.000673096
1800 22 0 1.25934e-005 0.000277056
1850 8 0 1.23702e-005 9.89619e-005
1900 4 0 1.22243e-005 4.88974e-005
1950 2 0 1.21153e-005 2.42307e-005
2000 0 0 1.20029e-005 0

total neg_log_likelihood: 23.2899


Year 2009
class scanned recaptured expected_prop neg_log_likelihood
100 0 0 0 0
150 0 0 0 0
200 0 0 3.99917e-017 0
250 0 0 3.82717e-014 0
300 14 0 3.16714e-012 4.43399e-011
350 132 0 9.47452e-011 1.25064e-008
400 876 0 1.16559e-009 1.02106e-006
450 4284 0 8.17258e-009 3.50113e-005
500 14472 0 5.5775e-008 0.000807176
550 34884 0.1 3.15253e-007 0.412134
600 64138 0.3 1.38991e-006 0.706213
650 94708 0.9 4.71496e-006 1.13315
700 117062 2 1.24591e-005 1.39683
750 124476 3.3 2.62334e-005 1.54125
800 114804 4.5 4.51647e-005 1.73684
850 93404 4.9 6.53669e-005 1.85825
900 70310 4.8 8.21e-005 1.8075
950 51686 4.2 9.2547e-005 1.69336
1000 37894 3.4 9.66089e-005 1.56475
1050 27560 2.6 9.56469e-005 1.42879
1100 19838 1.8 9.10183e-005 1.25865
1150 14176 1.1 8.35325e-005 1.04362
1200 10032 0.6 7.38247e-005 0.808158
1250 6992 0.4 6.28105e-005 0.648676
1300 4790 0.2 5.17088e-005 0.44141
1350 3242 0.1 4.16661e-005 0.285382
1400 2176 0 3.35399e-005 0.072984
1450 1446 0 2.74755e-005 0.0397302
1500 944 0 2.31387e-005 0.0218432
1550 598 0 2.01242e-005 0.0120344
1600 360 0 1.7977e-005 0.00647176
1650 204 0 1.648e-005 0.00336195
1700 106 0 1.54695e-005 0.00163978
1750 52 0 1.48059e-005 0.00076991
1800 22 0 1.43785e-005 0.00031633
1850 8 0 1.41062e-005 0.000112851
1900 4 0 1.39289e-005 5.57158e-005
1950 2 0 1.37974e-005 2.75951e-005
2000 0 0 1.36636e-005 0

total neg_log_likelihood: 19.9252


Year 2010
class scanned recaptured expected_prop neg_log_likelihood
100 0 0 0 0
150 0 0 0 0
200 0 0 0 0
250 0 0 1.05721e-015 0
300 14 0 3.15488e-013 4.41736e-012
350 162 0 1.83881e-011 2.97887e-009
400 1010 0 3.76292e-010 3.80054e-007
450 4440 0 2.42255e-009 1.07561e-005
500 14926 0 1.5811e-008 0.000235995
550 36774 0 9.42695e-008 0.00346667
600 66726 0 4.70037e-007 0.0313637
650 94644 0.2 1.86075e-006 0.438064
700 111826 0.5 5.78332e-006 0.743858
750 115920 1.2 1.42601e-005 1.14684
800 108994 2.3 2.84699e-005 1.48565
850 93580 3.4 4.71304e-005 1.68102
900 73580 4.2 6.64125e-005 1.70693
950 54412 4.3 8.20116e-005 1.67054
1000 39298 3.7 9.14819e-005 1.59704
1050 28228 2.8 9.47565e-005 1.46622
1100 20132 1.9 9.30049e-005 1.2835
1150 14228 1.2 8.74124e-005 1.0789
1200 9980 0.7 7.88993e-005 0.858873
1250 6940 0.4 6.84715e-005 0.653165
1300 4768 0.2 5.74126e-005 0.447462
1350 3238 0.1 4.7001e-005 0.290565
1400 2176 0 3.83005e-005 0.0833434
1450 1448 0 3.16372e-005 0.0458115
1500 948 0 2.6769e-005 0.0253773
1550 600 0 2.33274e-005 0.0139966
1600 362 0 2.08397e-005 0.00754404
1650 204 0 1.90852e-005 0.00389342
1700 108 0 1.78909e-005 0.00193223
1750 52 0 1.71018e-005 0.000889302
1800 22 0 1.6592e-005 0.000365027
1850 8 0 1.6267e-005 0.000130137
1900 4 0 1.60563e-005 6.42256e-005
1950 2 0 1.59016e-005 3.18035e-005
2000 0 0 1.5745e-005 0

total neg_log_likelihood: 16.7671


Tags2006_R1_R1 :
tag-recapture data for tag Tags2006_R1 in years 2007 2008 2009 2010 , step 1, after proportion 0.5 of mortality, with sampling method size, detection probability 1.
Year 2007
class scanned recaptured expected_prop neg_log_likelihood
100 0 0 0 0
150 0 0 1.22268e-012 0
200 0 0 6.82896e-012 0
250 0 0 4.70975e-011 0
300 10 0 6.46118e-010 6.46118e-009
350 114 0 8.09044e-009 9.22311e-007
400 826 0 7.53373e-008 6.22286e-005
450 4006 0 5.11111e-007 0.00204751
500 14072 0.2 2.46503e-006 0.621581
550 37274 0.9 8.51222e-006 1.31145
600 75786 2.7 2.16794e-005 1.73045
650 117314 5.6 4.23414e-005 1.83386
700 138224 8.4 6.60699e-005 2.02313
750 129688 9.6 8.5931e-005 2.17077
800 106328 9 9.75704e-005 2.12213
850 83404 7.6 0.000101291 1.988
900 64506 6 9.97394e-005 1.84361
950 48878 4.4 9.51885e-005 1.68559
1000 36480 3 8.88139e-005 1.50499
1050 27122 2 8.11296e-005 1.31623
1100 20012 1.3 7.24094e-005 1.12103
1150 14478 0.9 6.289e-005 0.95587
1200 10214 0.6 5.29333e-005 0.797018
1250 7054 0.4 4.31755e-005 0.660474
1300 4802 0.2 3.43661e-005 0.439962
1350 3236 0.1 2.70669e-005 0.281211
1400 2162 0.1 2.15575e-005 0.303312
1450 1430 0 1.76654e-005 0.0252617
1500 932 0 1.50071e-005 0.0139868
1550 592 0 1.32267e-005 0.00783027
1600 360 0 1.2005e-005 0.00432183
1650 206 0 1.11825e-005 0.00230362
1700 110 0 1.06442e-005 0.00117087
1750 52 0 1.02994e-005 0.000535572
1800 24 0 1.00815e-005 0.000241957
1850 10 0 9.94383e-006 9.94387e-005
1900 4 0 9.85332e-006 3.94135e-005
1950 2 0 9.78311e-006 1.95663e-005
2000 0 0 9.70528e-006 0

total neg_log_likelihood: 24.7686


Year 2008
class scanned recaptured expected_prop neg_log_likelihood
100 0 0 0 0
150 0 0 4.09428e-015 0
200 0 0 4.03524e-013 0
250 0 0 5.62928e-012 0
300 10 0 1.18549e-010 1.18549e-009
350 114 0 1.67159e-009 1.90562e-007
400 852 0 1.605e-008 1.36746e-005
450 4110 0 1.23564e-007 0.00050785
500 13730 0.1 7.22513e-007 0.421364
550 34168 0.4 3.08729e-006 0.885538
600 66204 1.4 9.7265e-006 1.47701
650 102996 3.2 2.32327e-005 1.64943
700 129942 5.4 4.35388e-005 1.78348
750 133112 7 6.62825e-005 2.10661
800 114164 7.4 8.50885e-005 2.23148
850 88204 7 9.60839e-005 2.04029
900 66246 6 9.95261e-005 1.85618
950 49660 4.7 9.77789e-005 1.7129
1000 36838 3.4 9.29847e-005 1.55532
1050 27006 2.3 8.62878e-005 1.37156
1100 19678 1.4 7.81772e-005 1.15218
1150 14210 0.7 6.89257e-005 0.898151
1200 10078 0.4 5.88922e-005 0.682561
1250 6996 0.2 4.87249e-005 0.470738
1300 4772 0.1 3.9251e-005 0.304925
1350 3222 0 3.11642e-005 0.100412
1400 2158 0 2.4898e-005 0.0537306
1450 1432 0 2.03713e-005 0.029172
1500 934 0 1.72172e-005 0.016081
1550 590 0 1.50684e-005 0.00889042
1600 356 0 1.35666e-005 0.00482975
1650 202 0 1.25374e-005 0.00253257
1700 106 0 1.18527e-005 0.00125639
1750 52 0 1.14082e-005 0.000593227
1800 22 0 1.11244e-005 0.000244737
1850 8 0 1.09442e-005 8.75543e-005
1900 4 0 1.08265e-005 4.33061e-005
1950 2 0 1.07375e-005 2.14752e-005
2000 0 0 1.06438e-005 0

total neg_log_likelihood: 22.8181


Year 2009
class scanned recaptured expected_prop neg_log_likelihood
100 0 0 0 0
150 0 0 0 0
200 0 0 1.17908e-014 0
250 0 0 5.25718e-013 0
300 14 0 1.99768e-011 2.79675e-010
350 132 0 3.91152e-010 5.16321e-008
400 876 0 3.88506e-009 3.40331e-006
450 4284 0 2.97772e-008 0.000127566
500 14472 0 1.96717e-007 0.00284689
550 34884 0.2 1.00163e-006 0.620384
600 64138 0.7 3.83268e-006 1.13222
650 94708 2 1.11146e-005 1.64318
700 117062 3.8 2.50285e-005 1.72633
750 124476 5.5 4.5051e-005 1.78747
800 114804 6.4 6.68042e-005 1.97146
850 93404 6.1 8.44672e-005 2.05705
900 70310 5.2 9.46863e-005 1.93188
950 51686 4.2 9.77074e-005 1.73219
1000 37894 3.3 9.56648e-005 1.55607
1050 27560 2.6 9.05234e-005 1.43073
1100 19838 1.9 8.33512e-005 1.30082
1150 14176 1.4 7.4621e-005 1.19594
1200 10032 1 6.47356e-005 1.08105
1250 6992 0.7 5.43593e-005 0.961391
1300 4790 0.4 4.43818e-005 0.712296
1350 3242 0.3 3.56147e-005 0.654889
1400 2176 0.2 2.86464e-005 0.531967
1450 1446 0.1 2.35025e-005 0.322264
1500 944 0 1.98503e-005 0.0187388
1550 598 0 1.73231e-005 0.0103593
1600 360 0 1.55298e-005 0.00559077
1650 204 0 1.42839e-005 0.00291393
1700 106 0 1.34454e-005 0.00142522
1750 52 0 1.28961e-005 0.000670603
1800 22 0 1.25432e-005 0.000275952
1850 8 0 1.23186e-005 9.85496e-005
1900 4 0 1.21724e-005 4.869e-005
1950 2 0 1.20638e-005 2.41277e-005
2000 0 0 1.1952e-005 0

total neg_log_likelihood: 24.3927


Year 2010
class scanned recaptured expected_prop neg_log_likelihood
100 0 0 0 0
150 0 0 0 0
200 0 0 3.99433e-017 0
250 0 0 3.34633e-014 0
300 14 0 2.66907e-012 3.73672e-011
350 162 0 8.79715e-011 1.42514e-008
400 1010 0 1.13452e-009 1.14587e-006
450 4440 0 7.79341e-009 3.46027e-005
500 14926 0 5.30732e-008 0.00079217
550 36774 0 3.03851e-007 0.0111738
600 66726 0.2 1.36811e-006 0.484659
650 94644 0.7 4.74107e-006 0.913862
700 111826 1.7 1.27394e-005 1.2578
750 115920 3.1 2.71029e-005 1.5117
800 108994 4.4 4.6825e-005 1.72953
850 93580 5 6.75349e-005 1.88886
900 73580 4.8 8.3999e-005 1.88774
950 54412 4.1 9.33229e-005 1.74555
1000 39298 3.3 9.57942e-005 1.57095
1050 28228 2.5 9.33172e-005 1.41368
1100 20132 1.9 8.76524e-005 1.28837
1150 14228 1.4 7.97829e-005 1.17449
1200 9980 1 7.03068e-005 1.05592
1250 6940 0.7 5.9947e-005 0.934075
1300 4768 0.5 4.96543e-005 0.836296
1350 3238 0.3 4.0346e-005 0.633016
1400 2176 0.2 3.27605e-005 0.514079
1450 1448 0.1 2.70413e-005 0.313271
1500 948 0 2.29051e-005 0.0217143
1550 600 0 1.99996e-005 0.0119999
1600 362 0 1.79084e-005 0.00648288
1650 204 0 1.64378e-005 0.00335334
1700 108 0 1.54388e-005 0.0016674
1750 52 0 1.47796e-005 0.000768546
1800 22 0 1.43541e-005 0.000315793
1850 8 0 1.40829e-005 0.000112664
1900 4 0 1.39072e-005 5.56292e-005
1950 2 0 1.37783e-005 2.75568e-005
2000 0 0 1.36474e-005 0

total neg_log_likelihood: 21.2123


Tags2007_R1_R1 :
tag-recapture data for tag Tags2007_R1 in years 2008 2009 2010 , step 1, after proportion 0.5 of mortality, with sampling method size, detection probability 1.
Year 2008
class scanned recaptured expected_prop neg_log_likelihood
100 0 0 0 0
150 0 0 1.25237e-012 0
200 0 0 7.26724e-012 0
250 0 0 4.69784e-011 0
300 10 0 6.36367e-010 6.36368e-009
350 114 0 8.03524e-009 9.16018e-007
400 852 0 7.40739e-008 6.31109e-005
450 4110 0 4.94565e-007 0.00203266
500 13730 0.1 2.36231e-006 0.325412
550 34168 0.8 8.1605e-006 1.22946
600 66204 2.8 2.09532e-005 2.01713
650 102996 6.6 4.14284e-005 2.42075
700 129942 10.7 6.55125e-005 2.37142
750 133112 12.3 8.62219e-005 2.20928
800 114164 10.9 9.87387e-005 2.12714
850 88204 8.1 0.000102965 2.03022
900 66246 6 0.000101518 1.86924
950 49660 4.7 9.68845e-005 1.71167
1000 36838 3.7 9.04506e-005 1.61514
1050 27006 2.7 8.28152e-005 1.49126
1100 19678 1.8 7.42237e-005 1.29534
1150 14210 1.1 6.48236e-005 1.0569
1200 10078 0.7 5.48795e-005 0.871817
1250 6996 0.4 4.49705e-005 0.657537
1300 4772 0.3 3.58625e-005 0.592521
1350 3222 0.2 2.81939e-005 0.485167
1400 2158 0.1 2.23366e-005 0.301542
1450 1432 0.1 1.81688e-005 0.34101
1500 934 0 1.53136e-005 0.014303
1550 590 0 1.34015e-005 0.00790694
1600 356 0 1.20928e-005 0.00430507
1650 202 0 1.1215e-005 0.00226544
1700 106 0 1.06425e-005 0.00112811
1750 52 0 1.02769e-005 0.000534401
1800 22 0 1.00463e-005 0.00022102
1850 8 0 9.90073e-006 7.92062e-005
1900 4 0 9.80457e-006 3.92185e-005
1950 2 0 9.72923e-006 1.94585e-005
2000 0 0 9.64597e-006 0

total neg_log_likelihood: 27.0529


Year 2009
class scanned recaptured expected_prop neg_log_likelihood
100 0 0 0 0
150 0 0 4.11175e-015 0
200 0 0 4.29688e-013 0
250 0 0 5.78962e-012 0
300 14 0 1.15314e-010 1.6144e-009
350 132 0 1.6399e-009 2.16466e-007
400 876 0 1.58026e-008 1.38431e-005
450 4284 0 1.20453e-007 0.00051602
500 14472 0.1 6.96411e-007 0.419938
550 34884 0.6 2.96074e-006 1.35286
600 64138 1.8 9.35453e-006 2.03622
650 94708 3.7 2.25374e-005 2.06546
700 117062 5.7 4.27295e-005 1.85034
750 124476 7.2 6.5852e-005 1.98077
800 114804 7.5 8.54507e-005 2.23376
850 93404 7 9.72425e-005 2.16328
900 70310 6.2 0.000101149 1.90572
950 51686 5.3 9.95117e-005 1.77081
1000 37894 4.3 9.46653e-005 1.73408
1050 27560 3.3 8.79375e-005 1.68325
1100 19838 2.5 7.98861e-005 1.6346
1150 14176 1.8 7.07457e-005 1.51436
1200 10032 1.3 6.07833e-005 1.40698
1250 6992 0.8 5.05623e-005 1.11423
1300 4790 0.5 4.08839e-005 0.890253
1350 3242 0.2 3.24857e-005 0.470068
1400 2176 0.1 2.58869e-005 0.294088
1450 1446 0.1 2.10707e-005 0.32967
1500 944 0 1.76926e-005 0.016702
1550 598 0 1.53835e-005 0.00919942
1600 360 0 1.37691e-005 0.0049569
1650 204 0 1.26642e-005 0.00258351
1700 106 0 1.19308e-005 0.00126468
1750 52 0 1.14559e-005 0.000595708
1800 22 0 1.11532e-005 0.000245372
1850 8 0 1.09614e-005 8.76915e-005
1900 4 0 1.08357e-005 4.3343e-005
1950 2 0 1.07398e-005 2.14797e-005
2000 0 0 1.06375e-005 0

total neg_log_likelihood: 28.887


Year 2010
class scanned recaptured expected_prop neg_log_likelihood
100 0 0 0 0
150 0 0 0 0
200 0 0 1.20771e-014 0
250 0 0 5.6005e-013 0
300 14 0 1.96857e-011 2.756e-010
350 162 0 3.78119e-010 6.12552e-008
400 1010 0 3.80826e-009 3.84635e-006
450 4440 0 2.91086e-008 0.000129242
500 14926 0 1.90702e-007 0.00284641
550 36774 0.1 9.63791e-007 0.319553
600 66726 0.5 3.68205e-006 0.826749
650 94644 1.3 1.0727e-005 1.14976
700 111826 2.8 2.43691e-005 1.4644
750 115920 4.6 4.43466e-005 1.72952
800 108994 5.9 6.65007e-005 1.95448
850 93580 5.8 8.49049e-005 2.13215
900 73580 4.6 9.58447e-005 2.18678
950 54412 3.1 9.92871e-005 2.09199
1000 39298 1.9 9.73584e-005 1.87943
1050 28228 1.2 9.21922e-005 1.55164
1100 20132 0.7 8.50137e-005 1.23954
1150 14228 0.5 7.63456e-005 0.924094
1200 9980 0.3 6.6542e-005 0.678707
1250 6940 0.2 5.61792e-005 0.492879
1300 4768 0.1 4.60882e-005 0.321394
1350 3238 0.1 3.70865e-005 0.282153
1400 2176 0 2.98276e-005 0.0649058
1450 1448 0 2.4404e-005 0.0353374
1500 948 0 2.05171e-005 0.0194504
1550 600 0 1.78104e-005 0.0106863
1600 362 0 1.58826e-005 0.00574955
1650 204 0 1.45414e-005 0.00296647
1700 108 0 1.3639e-005 0.00147303
1750 52 0 1.30485e-005 0.000678524
1800 22 0 1.26695e-005 0.00027873
1850 8 0 1.24287e-005 9.943e-005
1900 4 0 1.2272e-005 4.90884e-005
1950 2 0 1.21549e-005 2.431e-005
2000 0 0 1.20326e-005 0

total neg_log_likelihood: 21.3699


Tags2008_R1_R1 :
tag-recapture data for tag Tags2008_R1 in years 2009 2010 , step 1, after proportion 0.5 of mortality, with sampling method size, detection probability 1.
Year 2009
class scanned recaptured expected_prop neg_log_likelihood
100 0 0 0 0
150 0 0 1.30871e-012 0
200 0 0 8.13623e-012 0
250 0 0 4.90202e-011 0
300 14 0 6.45263e-010 9.03368e-009
350 132 0 8.2183e-009 1.08482e-006
400 876 0 7.49575e-008 6.56628e-005
450 4284 0 4.88427e-007 0.00209242
500 14472 0.2 2.28189e-006 0.629751
550 34884 1.1 7.78491e-006 1.75089
600 64138 3.2 1.99533e-005 2.53896
650 94708 6.9 3.97356e-005 2.94306
700 117062 10.9 6.37184e-005 2.81478
750 124476 13.2 8.54143e-005 2.50313
800 114804 12.6 9.97677e-005 2.24789
850 93404 9.9 0.000105899 2.07357
900 70310 6.9 0.000105745 1.91644
950 51686 4.7 0.000101559 1.74017
1000 37894 3.2 9.48551e-005 1.54891
1050 27560 2.1 8.64929e-005 1.34687
1100 19838 1.4 7.69666e-005 1.15119
1150 14176 0.8 6.66157e-005 0.919045
1200 10032 0.4 5.5837e-005 0.672341
1250 6992 0.2 4.52835e-005 0.461244
1300 4790 0.1 3.57371e-005 0.297802
1350 3242 0 2.78107e-005 0.0901636
1400 2176 0 2.18295e-005 0.0475016
1450 1446 0 1.76216e-005 0.025481
1500 944 0 1.47708e-005 0.0139438
1550 598 0 1.28822e-005 0.00770359
1600 360 0 1.16035e-005 0.0041773
1650 204 0 1.0754e-005 0.00219383
1700 106 0 1.02041e-005 0.00108164
1750 52 0 9.85481e-006 0.000512453
1800 22 0 9.63519e-006 0.000211975
1850 8 0 9.49646e-006 7.59721e-005
1900 4 0 9.40424e-006 3.76172e-005
1950 2 0 9.33103e-006 1.86621e-005
2000 0 0 9.25007e-006 0

total neg_log_likelihood: 27.7513


Year 2010
class scanned recaptured expected_prop neg_log_likelihood
100 0 0 0 0
150 0 0 4.13651e-015 0
200 0 0 4.80257e-013 0
250 0 0 6.25365e-012 0
300 14 0 1.16008e-010 1.62411e-009
350 162 0 1.64165e-009 2.65948e-007
400 1010 0 1.59476e-008 1.61071e-005
450 4440 0 1.20103e-007 0.000533256
500 14926 0.2 6.80805e-007 0.842608
550 36774 0.5 2.84735e-006 1.11221
600 66726 1.4 8.92511e-006 1.538
650 94644 2.9 2.15217e-005 1.64132
700 111826 5.3 4.11432e-005 1.81909
750 115920 8 6.43014e-005 1.98858
800 108994 9.8 8.49267e-005 2.08424
850 93580 9.7 9.84658e-005 2.07611
900 73580 8 0.000104127 1.97638
950 54412 5.7 0.000103646 1.80405
1000 39298 3.8 9.91524e-005 1.60948
1050 28228 2.4 9.21032e-005 1.39905
1100 20132 1.4 8.33078e-005 1.17004
1150 14228 0.8 7.32437e-005 0.938002
1200 9980 0.5 6.23671e-005 0.738684
1250 6940 0.2 5.13677e-005 0.477394
1300 4768 0.1 4.11056e-005 0.309078
1350 3238 0 3.23208e-005 0.104656
1400 2176 0 2.54983e-005 0.0554851
1450 1448 0 2.05716e-005 0.029788
1500 948 0 1.7152e-005 0.0162602
1550 600 0 1.48376e-005 0.00890265
1600 362 0 1.32364e-005 0.0047916
1650 204 0 1.21509e-005 0.00247879
1700 108 0 1.1436e-005 0.00123509
1750 52 0 1.09756e-005 0.000570734
1800 22 0 1.06833e-005 0.000235034
1850 8 0 1.04981e-005 8.39852e-005
1900 4 0 1.03761e-005 4.15044e-005
1950 2 0 1.02816e-005 2.05633e-005
2000 0 0 1.01798e-005 0

total neg_log_likelihood: 23.7494


Tags2009_R1_R1 :
tag-recapture data for tag Tags2009_R1 in years 2010 , step 1, after proportion 0.5 of mortality, with sampling method size, detection probability 1.
Year 2010
class scanned recaptured expected_prop neg_log_likelihood
100 0 0 0 0
150 0 0 1.25762e-012 0
200 0 0 7.0711e-012 0
250 0 0 4.37619e-011 0
300 14 0 5.84449e-010 8.18228e-009
350 162 0 7.42392e-009 1.20268e-006
400 1010 0 6.79299e-008 6.86092e-005
450 4440 0 4.47928e-007 0.0019888
500 14926 0.2 2.12266e-006 0.636699
550 36774 0.9 7.33477e-006 1.41004
600 66726 2.5 1.90199e-005 1.87428
650 94644 5 3.83324e-005 1.97209
700 111826 7.5 6.22979e-005 1.95739
750 115920 9.2 8.47791e-005 2.05804
800 108994 9.3 0.000100582 2.17589
850 93580 8.1 0.000108223 2.19317
900 73580 6.2 0.000109013 2.06908
950 54412 4.3 0.00010495 1.8582
1000 39298 2.9 9.77154e-005 1.60569
1050 28228 2 8.85812e-005 1.36063
1100 20132 1.4 7.84518e-005 1.15636
1150 14228 0.9 6.79195e-005 0.958141
1200 9980 0.6 5.74068e-005 0.794504
1250 6940 0.4 4.74006e-005 0.654046
1300 4768 0.2 3.84429e-005 0.437232
1350 3238 0.1 3.0966e-005 0.280371
1400 2176 0.1 2.52397e-005 0.295212
1450 1448 0 2.11309e-005 0.0305979
1500 948 0 1.82865e-005 0.0173357
1550 600 0 1.63619e-005 0.00981723
1600 362 0 1.50309e-005 0.00544123
1650 204 0 1.413e-005 0.00288255
1700 108 0 1.35384e-005 0.00146215
1750 52 0 1.31586e-005 0.000684254
1800 22 0 1.29184e-005 0.000284207
1850 8 0 1.27667e-005 0.000102135
1900 4 0 1.26671e-005 5.06689e-005
1950 2 0 1.25898e-005 2.51798e-005
2000 0 0 1.25047e-005 0

total neg_log_likelihood: 25.8178


Output quantities start here

* Scalar parameter values
initialization.B0 202777

* Nuisance q's

* B0
202777

* R0
1.59461e+007

* SSBs
SSB 202777 199971 196850 193424 189725 185814 181772 177688 173647 169725 165982 162449 159138 156047 153171 150499 148024 145734 143618 141666 139870 
year 1990 1991 1992 1993 1994 1995 1996 1997 1998 1999 2000 2001 2002 2003 2004 2005 2006 2007 2008 2009 2010 

* recruitments
recruitment 1.59461e+007 1.59461e+007 1.59222e+007 1.58948e+007 1.58639e+007 1.58294e+007 1.57916e+007 1.57511e+007 1.57085e+007 1.56646e+007 1.56202e+007 1.55761e+007 1.5533e+007 1.5491e+007 1.54504e+007 1.54113e+007 1.53739e+007 1.53382e+007 1.53043e+007 1.52721e+007 1.52417e+007 
year 1990 1991 1992 1993 1994 1995 1996 1997 1998 1999 2000 2001 2002 2003 2004 2005 2006 2007 2008 2009 2010 

* YCS
YCS 1 1 1 1 1 1 1 1 1 1 1 1 1 1 1 1 1 1 1 1 1 
year 1989 1990 1991 1992 1993 1994 1995 1996 1997 1998 1999 2000 2001 2002 2003 2004 2005 2006 2007 2008 2009 

* true_YCS
true_YCS 1 1 0.998499 0.996785 0.994846 0.992684 0.990314 0.987771 0.985098 0.982344 0.979562 0.9768 0.974091 0.971458 0.968913 0.966465 0.964118 0.96188 0.959751 0.957732 0.955824 
year 1989 1990 1991 1992 1993 1994 1995 1996 1997 1998 1999 2000 2001 2002 2003 2004 2005 2006 2007 2008 2009 

* fishing_pressures
pressure 0 0.033704 0.0345563 0.0354049 0.0362272 0.0370066 0.037732 0.038396 0.0389953 0.0395304 0.0400055 0.040426 0.0407979 0.041128 0.041423 0.0416895 0.0419335 0.0421598 0.0423725 0.0425747 0.042769 
year 1990 1991 1992 1993 1994 1995 1996 1997 1998 1999 2000 2001 2002 2003 2004 2005 2006 2007 2008 2009 2010 

* Numbers_at_age_R1
1990  1.48013e+007 1.2676e+007 1.0856e+007 9.29721e+006 7.96227e+006 6.81901e+006 5.8399e+006 5.00138e+006 4.28326e+006 3.66825e+006 3.14154e+006 2.69047e+006 2.30416e+006 1.97331e+006 1.68998e+006 1.44732e+006 1.23951e+006 1.06153e+006 909113 778578 666786 571046 489052 418832 358694 307191 263083 225308 192957 1.1509e+006 
1991  1.48013e+007 1.2676e+007 1.08559e+007 9.29693e+006 7.96064e+006 6.81238e+006 5.82081e+006 4.9625e+006 4.22726e+006 3.61121e+006 3.09303e+006 2.64978e+006 2.2705e+006 1.94585e+006 1.66788e+006 1.42979e+006 1.22579e+006 1.05094e+006 901051 772525 662305 567773 486696 417158 357522 306381 262531 224937 192712 1.14978e+006 
1992  1.47791e+007 1.2676e+007 1.08559e+007 9.29686e+006 7.96008e+006 6.8092e+006 5.80807e+006 4.92636e+006 4.15463e+006 3.50746e+006 2.9876e+006 2.56009e+006 2.19524e+006 1.88356e+006 1.61702e+006 1.38883e+006 1.19326e+006 1.02546e+006 881363 757524 651032 559420 480591 412759 354395 304190 261017 223905 192018 1.14722e+006 
1993  1.47537e+007 1.2657e+007 1.08559e+007 9.29684e+006 7.95997e+006 6.80851e+006 5.80471e+006 4.91413e+006 4.12203e+006 3.44444e+006 2.89922e+006 2.47068e+006 2.11915e+006 1.81966e+006 1.56407e+006 1.34553e+006 1.15832e+006 997656 859537 740627 638131 549707 473381 407481 350587 301480 259116 222591 191122 1.14438e+006 
1994  1.4725e+007 1.26353e+007 1.08396e+007 9.29683e+006 7.95991e+006 6.80821e+006 5.80349e+006 4.90987e+006 4.1095e+006 3.41472e+006 2.84467e+006 2.39555e+006 2.04345e+006 1.7552e+006 1.50987e+006 1.30055e+006 1.12148e+006 967881 835796 721954 623647 538629 465027 401271 346035 298192 256775 220947 189984 1.14113e+006 
1995  1.4693e+007 1.26107e+007 1.0821e+007 9.28287e+006 7.95986e+006 6.80797e+006 5.80264e+006 4.90748e+006 4.10374e+006 3.40177e+006 2.81779e+006 2.34855e+006 1.97973e+006 1.6912e+006 1.45533e+006 1.25464e+006 1.08332e+006 936573 810446 701703 607691 526231 455529 394098 340696 294275 253943 218929 188567 1.13731e+006 
1996  1.46579e+007 1.25833e+007 1.08e+007 9.26692e+006 7.94787e+006 6.80774e+006 5.80187e+006 4.9055e+006 4.09969e+006 3.3946e+006 2.80491e+006 2.32456e+006 1.93943e+006 1.63729e+006 1.40131e+006 1.20855e+006 1.04447e+006 904228 783861 680137 590432 512608 444927 385964 334546 289693 250578 216495 186831 1.13279e+006 
1997  1.46203e+007 1.25533e+007 1.07765e+007 9.2489e+006 7.93417e+006 6.79732e+006 5.80116e+006 4.90368e+006 4.09614e+006 3.38903e+006 2.79697e+006 2.31229e+006 1.91829e+006 1.60289e+006 1.35579e+006 1.16301e+006 1.00556e+006 871374 756459 657574 572094 497906 433303 376905 327587 284425 246649 213608 184741 1.1274e+006 
1998  1.45807e+007 1.2521e+007 1.07508e+007 9.22878e+006 7.9187e+006 6.78546e+006 5.79181e+006 4.90202e+006 4.0929e+006 3.38407e+006 2.79054e+006 2.30425e+006 1.90696e+006 1.58446e+006 1.32655e+006 1.12463e+006 967195 838539 728685 634365 552946 482317 420783 366991 319849 278474 242140 210242 182267 1.12095e+006 
1999  1.454e+007 1.24871e+007 1.07232e+007 9.20675e+006 7.90145e+006 6.7721e+006 5.78129e+006 4.89318e+006 4.08998e+006 3.37958e+006 2.78481e+006 2.29761e+006 1.89925e+006 1.57424e+006 1.31062e+006 1.09984e+006 934862 806225 700976 610881 533285 466064 407528 356328 311393 271866 237052 206384 179385 1.1133e+006 
2000  1.44988e+007 1.24522e+007 1.06941e+007 9.1831e+006 7.88256e+006 6.75723e+006 5.76953e+006 4.88345e+006 4.08123e+006 3.37555e+006 2.77965e+006 2.2917e+006 1.89282e+006 1.56711e+006 1.30156e+006 1.08617e+006 913901 778995 673749 587487 513417 449398 393726 345052 302309 264653 231409 202035 176085 1.10426e+006 
2001  1.44579e+007 1.2417e+007 1.06642e+007 9.15824e+006 7.86229e+006 6.74097e+006 5.75653e+006 4.87277e+006 4.0719e+006 3.3669e+006 2.77504e+006 2.2864e+006 1.8871e+006 1.56114e+006 1.29515e+006 1.07826e+006 902226 761288 650809 564527 493649 432575 379587 333322 292711 256910 225254 197215 172367 1.09369e+006 
2002  1.44178e+007 1.2382e+007 1.0634e+007 9.13264e+006 7.84099e+006 6.72354e+006 5.74239e+006 4.86114e+006 4.06193e+006 3.35795e+006 2.76678e+006 2.28167e+006 1.88199e+006 1.55583e+006 1.28974e+006 1.07258e+006 895379 751353 635858 545186 474266 415852 365327 321315 282734 248734 218650 191959 168248 1.08145e+006 
2003  1.43788e+007 1.23476e+007 1.06041e+007 9.10677e+006 7.81905e+006 6.70524e+006 5.72729e+006 4.84862e+006 4.05129e+006 3.34862e+006 2.75841e+006 2.27406e+006 1.87744e+006 1.55109e+006 1.28494e+006 1.06779e+006 890420 745466 627420 532557 457940 399465 351160 309212 272526 240239 211680 186323 163759 1.06746e+006 
2004  1.43412e+007 1.23142e+007 1.05746e+007 9.08109e+006 7.79688e+006 6.6864e+006 5.71147e+006 4.83535e+006 4.04001e+006 3.33885e+006 2.74985e+006 2.26645e+006 1.87059e+006 1.54687e+006 1.28067e+006 1.06354e+006 886225 741174 622381 525399 447264 385664 337285 297194 262241 231551 204440 180377 158946 1.05166e+006 
2005  1.43049e+007 1.2282e+007 1.05461e+007 9.05591e+006 7.77488e+006 6.66739e+006 5.69522e+006 4.82153e+006 4.02819e+006 3.32866e+006 2.74101e+006 2.25874e+006 1.86379e+006 1.5408e+006 1.27685e+006 1.05974e+006 882498 737532 618686 521097 441191 376629 325600 285428 252031 222800 197038 174202 153869 1.03403e+006 
2006  1.42702e+007 1.22509e+007 1.05184e+007 9.03142e+006 7.7533e+006 6.64851e+006 5.67883e+006 4.80738e+006 4.01597e+006 3.31809e+006 2.73189e+006 2.25088e+006 1.85696e+006 1.53482e+006 1.27154e+006 1.05635e+006 879165 734294 615544 517927 437523 371474 317942 275518 242038 214115 189584 167889 148598 1.01462e+006 
2007  1.42371e+007 1.22212e+007 1.04919e+007 9.00776e+006 7.73233e+006 6.63e+006 5.66258e+006 4.79316e+006 4.00356e+006 3.30729e+006 2.72255e+006 2.24284e+006 1.85006e+006 1.52885e+006 1.26633e+006 1.05174e+006 876191 731400 612750 515229 434812 368350 313565 269020 233621 205615 182187 161533 143210 993520 
2008  1.42055e+007 1.21928e+007 1.04664e+007 8.985e+006 7.71206e+006 6.61202e+006 5.64666e+006 4.77908e+006 3.99113e+006 3.29638e+006 2.71306e+006 2.23466e+006 1.84304e+006 1.52284e+006 1.26115e+006 1.04723e+006 872220 728812 610250 512828 432501 366034 310903 265299 228099 198457 174949 155226 137785 970886 
2009  1.41757e+007 1.21658e+007 1.04421e+007 8.96318e+006 7.69256e+006 6.59464e+006 5.63119e+006 4.76531e+006 3.97886e+006 3.2855e+006 2.70352e+006 2.2264e+006 1.83594e+006 1.51676e+006 1.25595e+006 1.04277e+006 868342 725403 608011 510677 430442 364057 308926 263031 224933 193758 168852 149055 132402 946909 
2010  1.41474e+007 1.21402e+007 1.0419e+007 8.94237e+006 7.67387e+006 6.57792e+006 5.61625e+006 4.75194e+006 3.96688e+006 3.27481e+006 2.69406e+006 2.21813e+006 1.8288e+006 1.51064e+006 1.25072e+006 1.0383e+006 864510 722079 605094 508749 428597 362295 307237 261344 223000 191061 164849 143857 127137 921822 

Output quantities finish here

Unused parameters:
annual_cycle.fishery_areas annual_cycle.migrate_from annual_cycle.migrate_to annual_cycle.migration_names annual_cycle.migration_times annual_cycle.n_migrations annual_cycle.recruitment_areas annual_cycle.spawning_all_areas area_names recruitment.p_male recruitment.year_range tag[Tags2005_R1_LL].area tag[Tags2005_R1_LL].sex tag[Tags2006_R1_LL].area tag[Tags2006_R1_LL].sex tag[Tags2007_R1_LL].area tag[Tags2007_R1_LL].sex tag[Tags2008_R1_LL].area tag[Tags2008_R1_LL].sex tag[Tags2009_R1_LL].area tag[Tags2009_R1_LL].sex MCMC.adapt_at MCMC.adaptive_stepsize MCMC.burn_in MCMC.keep MCMC.length MCMC.start MCMC.stepsize profile[1].l profile[1].n profile[1].parameter profile[1].u tag_recapture[Tags2005_R1_R1].area tag_recapture[Tags2006_R1_R1].area tag_recapture[Tags2007_R1_R1].area tag_recapture[Tags2008_R1_R1].area tag_recapture[Tags2009_R1_R1].area n_projections numbers_at[Numbers_at_age_R1].area print.yields 
