CASAL (C++ algorithmic stock assessment laboratory)
Call: casal -e -O C:/Users/bstacy/Documents/GitHub/planetfish2_bugs/Output/TOA_bug_11/casalout_mpd.dat -f C:/Users/bstacy/Documents/GitHub/planetfish2_bugs/Output/TOA_bug_11/casal_ 
Date: Mon Sep 16 08:46:36 2019
v2.30-2012-03-21 00:22:59 UTC (rev.4648)  (c) Copyright 2002-2012, NIWA
User name: bstacy
Machine name: DOM-IMA-HVZRNF2 (Microsoft Windows, PID=13500)

Prefix for the input parameter filenames : C:/Users/bstacy/Documents/GitHub/planetfish2_bugs/Output/TOA_bug_11/casal_

Random number seed : 87596

Estimation parameters:
Stored as strings: 
  MCMC.adapt_at                 	1e+05 2e+05 3e+05 4e+05
  MCMC.adaptive_stepsize        	True
  MCMC.burn_in                  	500
  MCMC.keep                     	1000
  MCMC.length                   	1500000
  MCMC.start                    	0
  MCMC.stepsize                 	0.01
  ageing_error.c                	0
  ageing_error.type             	normal
  catch_at[LL_catchA].2000      	0 0 0 0.004 0.004 0.005 0.089 0.061 0.064 0.19 0.117 0.077 0.035 0.07 0.064 0.056 0.029 0.041 0.014 0.018 0.014 0.011 0.013 0.011 0.003 0.001 0.001 0.005 0.001 0 0.002 0 0 0 0
  catch_at[LL_catchA].2001      	0 0 0.001 0 0.004 0.014 0.036 0.19 0.08 0.051 0.152 0.119 0.059 0.039 0.051 0.054 0.045 0.024 0.026 0.009 0.005 0.013 0.007 0.004 0.008 0 0.004 0.001 0.003 0 0 0 0 0 0.001
  catch_at[LL_catchA].2002      	0 0 0 0 0.009 0.014 0.053 0.042 0.239 0.079 0.062 0.111 0.107 0.047 0.031 0.048 0.044 0.029 0.015 0.021 0.013 0.007 0.009 0.007 0.005 0.004 0.001 0.001 0 0.002 0 0 0 0 0
  catch_at[LL_catchA].2003      	0 0 0 0.001 0.003 0.015 0.043 0.114 0.061 0.249 0.068 0.05 0.111 0.068 0.051 0.024 0.04 0.028 0.023 0.008 0.018 0.005 0.008 0.002 0.002 0.003 0.002 0 0 0 0.001 0.001 0.001 0 0
  catch_at[LL_catchA].2004      	0 0 0 0 0.003 0.015 0.051 0.098 0.146 0.073 0.227 0.063 0.026 0.078 0.068 0.032 0.02 0.028 0.023 0.021 0.006 0.008 0.004 0.002 0.003 0.002 0.001 0 0.001 0 0 0 0 0 0.001
  catch_at[LL_catchA].2005      	0 0 0 0.001 0 0.009 0.036 0.111 0.144 0.15 0.057 0.183 0.049 0.026 0.069 0.048 0.025 0.01 0.03 0.02 0.013 0.003 0.002 0.005 0.003 0.001 0.001 0.001 0.002 0 0.001 0 0 0 0
  catch_at[LL_catchA].2006      	0 0 0 0 0.005 0.007 0.047 0.081 0.161 0.118 0.141 0.041 0.154 0.049 0.021 0.052 0.034 0.015 0.012 0.014 0.016 0.01 0.007 0.004 0.005 0.002 0.001 0.002 0 0.001 0 0 0 0 0
  catch_at[LL_catchA].2007      	0 0 0 0 0.005 0.017 0.03 0.081 0.112 0.154 0.115 0.126 0.044 0.13 0.03 0.019 0.037 0.024 0.013 0.012 0.012 0.011 0.007 0.004 0.006 0.003 0.001 0.005 0 0.001 0.001 0 0 0 0
  catch_at[LL_catchA].2008      	0 0 0 0 0.004 0.005 0.04 0.071 0.13 0.129 0.138 0.088 0.088 0.035 0.103 0.036 0.012 0.026 0.029 0.014 0.011 0.009 0.005 0.007 0.004 0.007 0.002 0.003 0.001 0.001 0 0 0 0 0.002
  catch_at[LL_catchA].2009      	0 0 0 0.001 0.004 0.014 0.025 0.095 0.092 0.162 0.108 0.116 0.077 0.072 0.021 0.088 0.026 0.013 0.029 0.019 0.007 0.005 0.008 0.006 0.003 0.004 0.003 0.001 0 0 0 0 0 0 0.001
  catch_at[LL_catchA].2010      	0 0 0 0 0.003 0.009 0.052 0.069 0.138 0.098 0.125 0.09 0.09 0.059 0.067 0.025 0.071 0.028 0.01 0.027 0.01 0.009 0.004 0.002 0.005 0.004 0.001 0.001 0.001 0.001 0 0 0.001 0 0
  catch_at[LL_catchA].N_2000    	100
  catch_at[LL_catchA].N_2001    	100
  catch_at[LL_catchA].N_2002    	100
  catch_at[LL_catchA].N_2003    	100
  catch_at[LL_catchA].N_2004    	100
  catch_at[LL_catchA].N_2005    	100
  catch_at[LL_catchA].N_2006    	100
  catch_at[LL_catchA].N_2007    	100
  catch_at[LL_catchA].N_2008    	100
  catch_at[LL_catchA].N_2009    	100
  catch_at[LL_catchA].N_2010    	100
  catch_at[LL_catchA].at_size   	False
  catch_at[LL_catchA].dist      	multinomial
  catch_at[LL_catchA].fishery   	LL
  catch_at[LL_catchA].max_class 	35
  catch_at[LL_catchA].min_class 	1
  catch_at[LL_catchA].plus_group	True
  catch_at[LL_catchA].r         	1e-11
  catch_at[LL_catchA].sexed     	False
  catch_at[LL_catchA].sum_to_one	False
  catch_at[LL_catchA].years     	2000 2001 2002 2003 2004 2005 2006 2007 2008 2009 2010
  catch_limit_penalty[1].fishery	LL
  catch_limit_penalty[1].label  	LL_Penalty
  catch_limit_penalty[1].log_scale	True
  catch_limit_penalty[1].multiplier	1000
  estimate[1].lower_bound       	1
  estimate[1].parameter         	q[qLL].q
  estimate[1].phase             	1
  estimate[1].prior             	uniform
  estimate[1].upper_bound       	1
  estimate[2].lower_bound       	5000
  estimate[2].parameter         	initialization.B0
  estimate[2].prior             	uniform
  estimate[2].upper_bound       	5e+05
  estimate[3].cv                	1 1 1 1 1 1 1 1 1 1 1 1 1 1 1 1 1 1 1 1 1
  estimate[3].lower_bound       	1 1 1 1 1 1 1 1 1 1 1 1 1 1 1 1 1 1 1 1 1
  estimate[3].mu                	1 1 1 1 1 1 1 1 1 1 1 1 1 1 1 1 1 1 1 1 1
  estimate[3].parameter         	recruitment.YCS
  estimate[3].prior             	lognormal
  estimate[3].upper_bound       	1 1 1 1 1 1 1 1 1 1 1 1 1 1 1 1 1 1 1 1 1
  estimator                     	Bayes
  fish_tagged_penalty[1].label  	Penalty_Tags2005_R1_LL
  fish_tagged_penalty[1].multiplier	1
  fish_tagged_penalty[1].tagging_episode	Tags2005_R1_LL
  fish_tagged_penalty[2].label  	Penalty_Tags2006_R1_LL
  fish_tagged_penalty[2].multiplier	1
  fish_tagged_penalty[2].tagging_episode	Tags2006_R1_LL
  fish_tagged_penalty[3].label  	Penalty_Tags2007_R1_LL
  fish_tagged_penalty[3].multiplier	1
  fish_tagged_penalty[3].tagging_episode	Tags2007_R1_LL
  fish_tagged_penalty[4].label  	Penalty_Tags2008_R1_LL
  fish_tagged_penalty[4].multiplier	1
  fish_tagged_penalty[4].tagging_episode	Tags2008_R1_LL
  fish_tagged_penalty[5].label  	Penalty_Tags2009_R1_LL
  fish_tagged_penalty[5].multiplier	1
  fish_tagged_penalty[5].tagging_episode	Tags2009_R1_LL
  grad_tol                      	0.001
  max_evals                     	10000
  max_iters                     	1600
  profile[1].l                  	40000
  profile[1].n                  	11
  profile[1].parameter          	initialization.B0
  profile[1].u                  	130000
  q_method                      	nuisance
  tag_recapture[Tags2005_R1_R1].area	R1
  tag_recapture[Tags2005_R1_R1].class_mins	100 150 200 250 300 350 400 450 500 550 600 650 700 750 800 850 900 950 1000 1050 1100 1150 1200 1250 1300 1350 1400 1450 1500 1550 1600 1650 1700 1750 1800 1850 1900 1950 2000 2050
  tag_recapture[Tags2005_R1_R1].detection_probability	1
  tag_recapture[Tags2005_R1_R1].dispersion	1
  tag_recapture[Tags2005_R1_R1].do_bootstrap	True
  tag_recapture[Tags2005_R1_R1].plus_group	False
  tag_recapture[Tags2005_R1_R1].proportion_mortality	0.5
  tag_recapture[Tags2005_R1_R1].r	1e-11
  tag_recapture[Tags2005_R1_R1].recaptured_2006	0 0 0 0 0 0 0 0 0 0 0 0 0 0 0 0 0 0 0 0.1 0.8 2.5 4.1 4.5 3.5 2.7 1.8 0.8 0.2 0 0 0 0 0 0 0 0 0 0
  tag_recapture[Tags2005_R1_R1].recaptured_2007	0 0 0 0 0 0 0 0 0 0 0 0 0 0 0 0 0 0 0 0 0.2 0.8 2.3 4.7 5.8 4.5 2.8 1.5 0.5 0.1 0 0 0 0 0 0 0 0 0
  tag_recapture[Tags2005_R1_R1].recaptured_2008	0 0 0 0 0 0 0 0 0 0 0 0 0 0 0 0 0 0 0 0.1 0.3 0.6 1 2.2 3.6 4.6 3.9 2.3 0.9 0.3 0.1 0 0 0 0 0 0 0 0
  tag_recapture[Tags2005_R1_R1].recaptured_2009	0 0 0 0 0 0 0 0 0 0 0 0 0 0 0 0 0 0 0 0 0.1 0.4 1.1 2.1 2.8 2.5 2.1 1.7 0.9 0.4 0.1 0 0 0 0 0 0 0 0
  tag_recapture[Tags2005_R1_R1].recaptured_2010	0 0 0 0 0 0 0 0 0 0 0 0 0 0 0 0 0 0 0 0 0 0 0.1 0.6 1.7 2.5 2.2 1.2 0.4 0.1 0 0 0 0 0 0 0 0 0
  tag_recapture[Tags2005_R1_R1].sample	size
  tag_recapture[Tags2005_R1_R1].scanned_2006	0 0 0 0 0 0 0 0 0 0 2 2 6 12 42 88 184 442 978 1750 2868 3990 4534 4622 4486 3964 3078 2142 1224 508 140 24 2 0 0 0 0 0 0
  tag_recapture[Tags2005_R1_R1].scanned_2007	0 0 0 0 0 0 0 0 0 0 2 2 12 16 32 78 208 426 848 1702 2820 3848 4558 4676 4456 4012 3186 2164 1206 498 138 24 2 0 0 0 0 0 0
  tag_recapture[Tags2005_R1_R1].scanned_2008	0 0 0 0 0 0 0 0 0 0 2 2 10 16 58 110 176 408 894 1572 2624 3798 4482 4678 4498 4042 3270 2224 1212 492 136 24 2 0 0 0 0 0 0
  tag_recapture[Tags2005_R1_R1].scanned_2009	0 0 0 0 0 0 0 0 0 0 2 2 10 16 46 114 290 508 818 1578 2582 3536 4346 4648 4526 4094 3334 2288 1236 492 134 24 2 0 0 0 0 0 0
  tag_recapture[Tags2005_R1_R1].scanned_2010	0 0 0 0 0 0 0 0 0 0 2 2 8 14 48 106 250 590 1178 1710 2488 3506 4146 4474 4482 4114 3378 2336 1262 496 134 24 2 0 0 0 0 0 0
  tag_recapture[Tags2005_R1_R1].step	1
  tag_recapture[Tags2005_R1_R1].tag_name	Tags2005_R1
  tag_recapture[Tags2005_R1_R1].years	2006 2007 2008 2009 2010
  tag_recapture[Tags2006_R1_R1].area	R1
  tag_recapture[Tags2006_R1_R1].class_mins	100 150 200 250 300 350 400 450 500 550 600 650 700 750 800 850 900 950 1000 1050 1100 1150 1200 1250 1300 1350 1400 1450 1500 1550 1600 1650 1700 1750 1800 1850 1900 1950 2000 2050
  tag_recapture[Tags2006_R1_R1].detection_probability	1
  tag_recapture[Tags2006_R1_R1].dispersion	1
  tag_recapture[Tags2006_R1_R1].do_bootstrap	True
  tag_recapture[Tags2006_R1_R1].plus_group	False
  tag_recapture[Tags2006_R1_R1].proportion_mortality	0.5
  tag_recapture[Tags2006_R1_R1].r	1e-11
  tag_recapture[Tags2006_R1_R1].recaptured_2007	0 0 0 0 0 0 0 0 0 0 0 0 0 0 0 0 0 0 0.1 0.5 1.3 2.4 3.2 4.3 5 5.1 3.8 2.2 0.8 0.3 0 0 0 0 0 0 0 0 0
  tag_recapture[Tags2006_R1_R1].recaptured_2008	0 0 0 0 0 0 0 0 0 0 0 0 0 0 0 0 0 0 0 0.2 0.6 1.6 2.5 2.9 2.9 3 3.2 2.7 1.6 0.6 0.1 0 0 0 0 0 0 0 0
  tag_recapture[Tags2006_R1_R1].recaptured_2009	0 0 0 0 0 0 0 0 0 0 0 0 0 0 0 0 0 0 0 0 0 0.1 0.7 2.2 3.9 4.4 3.3 1.9 0.9 0.3 0 0 0 0 0 0 0 0 0
  tag_recapture[Tags2006_R1_R1].recaptured_2010	0 0 0 0 0 0 0 0 0 0 0 0 0 0 0 0 0 0 0 0 0.1 0.3 0.8 1.2 2.2 3.3 3.3 2.2 1.1 0.4 0.1 0 0 0 0 0 0 0 0
  tag_recapture[Tags2006_R1_R1].sample	size
  tag_recapture[Tags2006_R1_R1].scanned_2007	0 0 0 0 0 0 0 0 0 0 2 2 12 16 32 78 208 426 848 1702 2820 3848 4558 4676 4456 4012 3186 2164 1206 498 138 24 2 0 0 0 0 0 0
  tag_recapture[Tags2006_R1_R1].scanned_2008	0 0 0 0 0 0 0 0 0 0 2 2 10 16 58 110 176 408 894 1572 2624 3798 4482 4678 4498 4042 3270 2224 1212 492 136 24 2 0 0 0 0 0 0
  tag_recapture[Tags2006_R1_R1].scanned_2009	0 0 0 0 0 0 0 0 0 0 2 2 10 16 46 114 290 508 818 1578 2582 3536 4346 4648 4526 4094 3334 2288 1236 492 134 24 2 0 0 0 0 0 0
  tag_recapture[Tags2006_R1_R1].scanned_2010	0 0 0 0 0 0 0 0 0 0 2 2 8 14 48 106 250 590 1178 1710 2488 3506 4146 4474 4482 4114 3378 2336 1262 496 134 24 2 0 0 0 0 0 0
  tag_recapture[Tags2006_R1_R1].step	1
  tag_recapture[Tags2006_R1_R1].tag_name	Tags2006_R1
  tag_recapture[Tags2006_R1_R1].years	2007 2008 2009 2010
  tag_recapture[Tags2007_R1_R1].area	R1
  tag_recapture[Tags2007_R1_R1].class_mins	100 150 200 250 300 350 400 450 500 550 600 650 700 750 800 850 900 950 1000 1050 1100 1150 1200 1250 1300 1350 1400 1450 1500 1550 1600 1650 1700 1750 1800 1850 1900 1950 2000 2050
  tag_recapture[Tags2007_R1_R1].detection_probability	1
  tag_recapture[Tags2007_R1_R1].dispersion	1
  tag_recapture[Tags2007_R1_R1].do_bootstrap	True
  tag_recapture[Tags2007_R1_R1].plus_group	False
  tag_recapture[Tags2007_R1_R1].proportion_mortality	0.5
  tag_recapture[Tags2007_R1_R1].r	1e-11
  tag_recapture[Tags2007_R1_R1].recaptured_2008	0 0 0 0 0 0 0 0 0 0 0 0 0 0 0 0 0 0 0.2 0.7 1.2 1.7 3.3 5.3 5.4 3.9 2.3 1.4 0.9 0.4 0.2 0 0 0 0 0 0 0 0
  tag_recapture[Tags2007_R1_R1].recaptured_2009	0 0 0 0 0 0 0 0 0 0 0 0 0 0 0 0 0 0 0 0 0.1 0.7 2.3 4.2 5.1 4.4 3.4 2.2 1 0.3 0 0 0 0 0 0 0 0 0
  tag_recapture[Tags2007_R1_R1].recaptured_2010	0 0 0 0 0 0 0 0 0 0 0 0 0 0 0 0 0 0 0 0 0.1 0.6 1.4 2.3 3.2 2.9 1.7 0.7 0.2 0 0 0 0 0 0 0 0 0 0
  tag_recapture[Tags2007_R1_R1].sample	size
  tag_recapture[Tags2007_R1_R1].scanned_2008	0 0 0 0 0 0 0 0 0 0 2 2 10 16 58 110 176 408 894 1572 2624 3798 4482 4678 4498 4042 3270 2224 1212 492 136 24 2 0 0 0 0 0 0
  tag_recapture[Tags2007_R1_R1].scanned_2009	0 0 0 0 0 0 0 0 0 0 2 2 10 16 46 114 290 508 818 1578 2582 3536 4346 4648 4526 4094 3334 2288 1236 492 134 24 2 0 0 0 0 0 0
  tag_recapture[Tags2007_R1_R1].scanned_2010	0 0 0 0 0 0 0 0 0 0 2 2 8 14 48 106 250 590 1178 1710 2488 3506 4146 4474 4482 4114 3378 2336 1262 496 134 24 2 0 0 0 0 0 0
  tag_recapture[Tags2007_R1_R1].step	1
  tag_recapture[Tags2007_R1_R1].tag_name	Tags2007_R1
  tag_recapture[Tags2007_R1_R1].years	2008 2009 2010
  tag_recapture[Tags2008_R1_R1].area	R1
  tag_recapture[Tags2008_R1_R1].class_mins	100 150 200 250 300 350 400 450 500 550 600 650 700 750 800 850 900 950 1000 1050 1100 1150 1200 1250 1300 1350 1400 1450 1500 1550 1600 1650 1700 1750 1800 1850 1900 1950 2000 2050
  tag_recapture[Tags2008_R1_R1].detection_probability	1
  tag_recapture[Tags2008_R1_R1].dispersion	1
  tag_recapture[Tags2008_R1_R1].do_bootstrap	True
  tag_recapture[Tags2008_R1_R1].plus_group	False
  tag_recapture[Tags2008_R1_R1].proportion_mortality	0.5
  tag_recapture[Tags2008_R1_R1].r	1e-11
  tag_recapture[Tags2008_R1_R1].recaptured_2009	0 0 0 0 0 0 0 0 0 0 0 0 0 0 0 0 0 0 0.1 0.4 1.1 2 2.8 3.1 3.1 3.4 3.4 2.3 1 0.3 0 0 0 0 0 0 0 0 0
  tag_recapture[Tags2008_R1_R1].recaptured_2010	0 0 0 0 0 0 0 0 0 0 0 0 0 0 0 0 0 0 0 0.2 0.8 2.5 3.8 3.7 2.9 2.4 2.2 1.6 0.8 0.2 0 0 0 0 0 0 0 0 0
  tag_recapture[Tags2008_R1_R1].sample	size
  tag_recapture[Tags2008_R1_R1].scanned_2009	0 0 0 0 0 0 0 0 0 0 2 2 10 16 46 114 290 508 818 1578 2582 3536 4346 4648 4526 4094 3334 2288 1236 492 134 24 2 0 0 0 0 0 0
  tag_recapture[Tags2008_R1_R1].scanned_2010	0 0 0 0 0 0 0 0 0 0 2 2 8 14 48 106 250 590 1178 1710 2488 3506 4146 4474 4482 4114 3378 2336 1262 496 134 24 2 0 0 0 0 0 0
  tag_recapture[Tags2008_R1_R1].step	1
  tag_recapture[Tags2008_R1_R1].tag_name	Tags2008_R1
  tag_recapture[Tags2008_R1_R1].years	2009 2010
  tag_recapture[Tags2009_R1_R1].area	R1
  tag_recapture[Tags2009_R1_R1].class_mins	100 150 200 250 300 350 400 450 500 550 600 650 700 750 800 850 900 950 1000 1050 1100 1150 1200 1250 1300 1350 1400 1450 1500 1550 1600 1650 1700 1750 1800 1850 1900 1950 2000 2050
  tag_recapture[Tags2009_R1_R1].detection_probability	1
  tag_recapture[Tags2009_R1_R1].dispersion	1
  tag_recapture[Tags2009_R1_R1].do_bootstrap	True
  tag_recapture[Tags2009_R1_R1].plus_group	False
  tag_recapture[Tags2009_R1_R1].proportion_mortality	0.5
  tag_recapture[Tags2009_R1_R1].r	1e-11
  tag_recapture[Tags2009_R1_R1].recaptured_2010	0 0 0 0 0 0 0 0 0 0 0 0 0 0 0 0 0 0.3 0.9 0.8 1 2.6 4.2 4.2 3.2 2.6 2.3 1.7 0.8 0.2 0 0 0 0 0 0 0 0 0
  tag_recapture[Tags2009_R1_R1].sample	size
  tag_recapture[Tags2009_R1_R1].scanned_2010	0 0 0 0 0 0 0 0 0 0 2 2 8 14 48 106 250 590 1178 1710 2488 3506 4146 4474 4482 4114 3378 2336 1262 496 134 24 2 0 0 0 0 0 0
  tag_recapture[Tags2009_R1_R1].step	1
  tag_recapture[Tags2009_R1_R1].tag_name	Tags2009_R1
  tag_recapture[Tags2009_R1_R1].years	2010
  vector_average_penalty[1].k   	1
  vector_average_penalty[1].label	meanYCS_1
  vector_average_penalty[1].multiplier	100
  vector_average_penalty[1].vector	recruitment.YCS
Stored as DOUBLEs: 
Stored as VECTORs: 
Stored as OGIVEs: 

Population parameters:
Stored as strings: 
  annual_cycle.M_props          	1
  annual_cycle.aging_time       	1
  annual_cycle.baranov          	False
  annual_cycle.fishery_areas    	R1
  annual_cycle.fishery_names    	LL
  annual_cycle.fishery_times    	1
  annual_cycle.growth_props     	0
  annual_cycle.n_migrations     	0
  annual_cycle.recruitment_areas	R1
  annual_cycle.recruitment_time 	1
  annual_cycle.spawning_all_areas	1
  annual_cycle.spawning_p       	1
  annual_cycle.spawning_part_mort	1
  annual_cycle.spawning_time    	1
  annual_cycle.spawning_use_total_B	False
  annual_cycle.time_steps       	1
  area_names                    	R1
  current                       	2010
  final                         	2045
  first_random_year             	2007
  fishery[LL].U_max             	0.95
  fishery[LL].catches           	0 1000 1000 1000 1000 1000 1000 1000 1000 1000 1000 1000 1000 1000 1000 1000 1000 1000 1000 1000 1000
  fishery[LL].future_constant_catches	200
  fishery[LL].selectivity       	SelLL
  fishery[LL].years             	1990 1991 1992 1993 1994 1995 1996 1997 1998 1999 2000 2001 2002 2003 2004 2005 2006 2007 2008 2009 2010
  initial                       	1990
  initialization.B0             	257994
  mature_partition              	False
  maturity_props.all            	allvalues  0.0023 0.0035 0.0056 0.0087 0.0136 0.0213 0.0331 0.0511 0.0781 0.1176 0.1732 0.2479 0.3415 0.4492 0.562 0.6687 0.7604 0.8331 0.8871 0.9251 0.9511 0.9683 0.9796 0.987 0.9917 0.9947 0.9966 0.9978 0.9986 0.9991 0.9994 0.9996 0.9998 0.9999 0.9999
  max_age                       	35
  min_age                       	1
  n_areas                       	1
  n_stocks                      	1
  n_tags                        	5
  natural_mortality.all         	0.13
  plus_group                    	True
  randomisation_method          	lognormal
  recruitment.SR                	BH
  recruitment.YCS               	1 1 1 1 1 1 1 1 1 1 1 1 1 1 1 1 1 1 1 1 1
  recruitment.YCS_years         	1989 1990 1991 1992 1993 1994 1995 1996 1997 1998 1999 2000 2001 2002 2003 2004 2005 2006 2007 2008 2009
  recruitment.first_free        	1989
  recruitment.last_free         	2006
  recruitment.p_male            	0.5
  recruitment.rho               	0
  recruitment.sigma_r           	0.6
  recruitment.steepness         	0.75
  recruitment.year_range        	1989 2006
  selectivity[SelLL].all        	double_normal 10 2 10
  selectivity_names             	SelLL
  sex_partition                 	False
  size_at_age.Linf              	1565
  size_at_age.by_length         	True
  size_at_age.cv                	0.04
  size_at_age.k                 	0.146
  size_at_age.t0                	0.015
  size_at_age_dist              	normal
  size_at_age_type              	von_Bert
  size_based                    	False
  size_weight.a                 	3.0088e-12
  size_weight.b                 	3.2064
  size_weight.verify_size_weight	500 0.5 1.5
  standardise_YCS               	True
  tag[Tags2005_R1_LL].area      	R1
  tag[Tags2005_R1_LL].class_mins	100 150 200 250 300 350 400 450 500 550 600 650 700 750 800 850 900 950 1000 1050 1100 1150 1200 1250 1300 1350 1400 1450 1500 1550 1600 1650 1700 1750 1800 1850 1900 1950 2000 2050
  tag[Tags2005_R1_LL].mature_only	False
  tag[Tags2005_R1_LL].mortality 	0.1
  tag[Tags2005_R1_LL].number    	2500
  tag[Tags2005_R1_LL].ogive     	SelLL
  tag[Tags2005_R1_LL].plus_group	False
  tag[Tags2005_R1_LL].props_all 	0 0 0 0 0 0 0 0 0 0 0 1e-04 9e-04 0.0011 0.0016 0.0034 0.0076 0.0144 0.0264 0.0522 0.0842 0.109 0.1251 0.1343 0.1316 0.1089 0.0847 0.0608 0.0349 0.0144 0.0039 7e-04 1e-04 0 0 0 0 0 0
  tag[Tags2005_R1_LL].release_type	deterministic
  tag[Tags2005_R1_LL].sex       	both
  tag[Tags2005_R1_LL].step      	1
  tag[Tags2005_R1_LL].tag_name  	Tags2005_R1
  tag[Tags2005_R1_LL].year      	2005
  tag[Tags2006_R1_LL].area      	R1
  tag[Tags2006_R1_LL].class_mins	100 150 200 250 300 350 400 450 500 550 600 650 700 750 800 850 900 950 1000 1050 1100 1150 1200 1250 1300 1350 1400 1450 1500 1550 1600 1650 1700 1750 1800 1850 1900 1950 2000 2050
  tag[Tags2006_R1_LL].mature_only	False
  tag[Tags2006_R1_LL].mortality 	0.1
  tag[Tags2006_R1_LL].number    	2500
  tag[Tags2006_R1_LL].ogive     	SelLL
  tag[Tags2006_R1_LL].plus_group	False
  tag[Tags2006_R1_LL].props_all 	0 0 0 0 0 0 0 0 0 1e-04 3e-04 1e-04 0 1e-04 8e-04 0.0021 0.0057 0.0135 0.0285 0.0496 0.0792 0.1096 0.127 0.1326 0.1293 0.1142 0.0893 0.0623 0.0357 0.015 0.0043 8e-04 1e-04 0 0 0 0 0 0
  tag[Tags2006_R1_LL].release_type	deterministic
  tag[Tags2006_R1_LL].sex       	both
  tag[Tags2006_R1_LL].step      	1
  tag[Tags2006_R1_LL].tag_name  	Tags2006_R1
  tag[Tags2006_R1_LL].year      	2006
  tag[Tags2007_R1_LL].area      	R1
  tag[Tags2007_R1_LL].class_mins	100 150 200 250 300 350 400 450 500 550 600 650 700 750 800 850 900 950 1000 1050 1100 1150 1200 1250 1300 1350 1400 1450 1500 1550 1600 1650 1700 1750 1800 1850 1900 1950 2000 2050
  tag[Tags2007_R1_LL].mature_only	False
  tag[Tags2007_R1_LL].mortality 	0.1
  tag[Tags2007_R1_LL].number    	2500
  tag[Tags2007_R1_LL].ogive     	SelLL
  tag[Tags2007_R1_LL].plus_group	False
  tag[Tags2007_R1_LL].props_all 	0 0 0 0 0 0 0 0 0 1e-04 3e-04 1e-04 2e-04 2e-04 6e-04 0.0018 0.0062 0.0135 0.0277 0.0533 0.0829 0.1083 0.1285 0.1327 0.1272 0.1152 0.0902 0.0598 0.0331 0.0138 0.0039 7e-04 1e-04 0 0 0 0 0 0
  tag[Tags2007_R1_LL].release_type	deterministic
  tag[Tags2007_R1_LL].sex       	both
  tag[Tags2007_R1_LL].step      	1
  tag[Tags2007_R1_LL].tag_name  	Tags2007_R1
  tag[Tags2007_R1_LL].year      	2007
  tag[Tags2008_R1_LL].area      	R1
  tag[Tags2008_R1_LL].class_mins	100 150 200 250 300 350 400 450 500 550 600 650 700 750 800 850 900 950 1000 1050 1100 1150 1200 1250 1300 1350 1400 1450 1500 1550 1600 1650 1700 1750 1800 1850 1900 1950 2000 2050
  tag[Tags2008_R1_LL].mature_only	False
  tag[Tags2008_R1_LL].mortality 	0.1
  tag[Tags2008_R1_LL].number    	2500
  tag[Tags2008_R1_LL].ogive     	SelLL
  tag[Tags2008_R1_LL].plus_group	False
  tag[Tags2008_R1_LL].props_all 	0 0 0 0 0 0 0 0 0 0 0 0 0 1e-04 9e-04 0.0023 0.0057 0.0131 0.0273 0.0474 0.0764 0.1062 0.1241 0.1332 0.1315 0.1192 0.0963 0.0644 0.0341 0.0134 0.0037 6e-04 1e-04 0 0 0 0 0 0
  tag[Tags2008_R1_LL].release_type	deterministic
  tag[Tags2008_R1_LL].sex       	both
  tag[Tags2008_R1_LL].step      	1
  tag[Tags2008_R1_LL].tag_name  	Tags2008_R1
  tag[Tags2008_R1_LL].year      	2008
  tag[Tags2009_R1_LL].area      	R1
  tag[Tags2009_R1_LL].class_mins	100 150 200 250 300 350 400 450 500 550 600 650 700 750 800 850 900 950 1000 1050 1100 1150 1200 1250 1300 1350 1400 1450 1500 1550 1600 1650 1700 1750 1800 1850 1900 1950 2000 2050
  tag[Tags2009_R1_LL].mature_only	False
  tag[Tags2009_R1_LL].mortality 	0.1
  tag[Tags2009_R1_LL].number    	2500
  tag[Tags2009_R1_LL].ogive     	SelLL
  tag[Tags2009_R1_LL].plus_group	False
  tag[Tags2009_R1_LL].props_all 	0 0 0 0 0 0 0 0 0 1e-04 3e-04 1e-04 7e-04 8e-04 7e-04 0.0021 0.0075 0.0134 0.0215 0.0451 0.0769 0.106 0.1278 0.1322 0.1277 0.1181 0.0979 0.0673 0.0358 0.0139 0.0037 6e-04 1e-04 0 0 0 0 0 0
  tag[Tags2009_R1_LL].release_type	deterministic
  tag[Tags2009_R1_LL].sex       	both
  tag[Tags2009_R1_LL].step      	1
  tag[Tags2009_R1_LL].tag_name  	Tags2009_R1
  tag[Tags2009_R1_LL].year      	2009
  tag_growth_loss[Tags2005_R1].nogrowth_period	0
  tag_growth_loss[Tags2006_R1].nogrowth_period	0
  tag_growth_loss[Tags2007_R1].nogrowth_period	0
  tag_growth_loss[Tags2008_R1].nogrowth_period	0
  tag_growth_loss[Tags2009_R1].nogrowth_period	0
  tag_loss_props                	1
  tag_names                     	Tags2005_R1 Tags2006_R1 Tags2007_R1 Tags2008_R1 Tags2009_R1
  tag_shedding_rate             	0.0084 0.0084 0.0084 0.0084 0.0084
  y_enter                       	1
Stored as DOUBLEs: 
Stored as VECTORs: 
Stored as OGIVEs: 

Output parameters:
Stored as strings: 
  n_projections                 	100
  numbers_at[Numbers_at_age_R1].area	R1
  numbers_at[Numbers_at_age_R1].proportion_mortality	0.5
  numbers_at[Numbers_at_age_R1].step	1
  numbers_at[Numbers_at_age_R1].years	1990 1991 1992 1993 1994 1995 1996 1997 1998 1999 2000 2001 2002 2003 2004 2005 2006 2007 2008 2009 2010
  print.covariance              	true
  print.estimation_section      	true
  print.final_state             	false
  print.fits                    	true
  print.fits_every_eval         	false
  print.initial_state           	false
  print.normalised_resids       	true
  print.objective_every_eval    	false
  print.parameter_vector_every_eval	false
  print.parameters              	true
  print.parameters_every_eval   	false
  print.pearson_resids          	true
  print.requests                	false
  print.resids                  	true
  print.results                 	false
  print.state_annually          	false
  print.state_every_step        	false
  print.unused_parameters       	true
  print.yields                  	true
  quantities.B0                 	true
  quantities.R0                 	true
  quantities.SSBs               	true
  quantities.YCS                	true
  quantities.actual_catches     	false
  quantities.all_free_parameters	true
  quantities.fishing_pressures  	true
  quantities.nuisance_qs        	true
  quantities.recruitments       	true
  quantities.true_YCS           	true
Stored as DOUBLEs: 
Stored as VECTORs: 
Stored as OGIVEs: 

A fish of size 500 cm has a weight of 1.35635 kg in your model. This size-weight scale check assumes that the growth curve is in centimetres, and that the catch is in tonnes.

A fish of size 500 cm has a weight of 1.35635 kg in your model. This size-weight scale check assumes that the growth curve is in centimetres, and that the catch is in tonnes.

Estimation section :

Objective function: Bayes

Minimiser convergence threshold: 0.001


Observations:

The observations are:
LL_catchA
Tags2005_R1_R1
Tags2006_R1_R1
Tags2007_R1_R1
Tags2008_R1_R1
Tags2009_R1_R1
Fits follow:

LL_catchA :
catch proportions-at-age for fishery LL  with ageing error (not constrained to sum to 1):
obs (last class is a plus group):
class 1       2       3       4       5       6       7       8       9       10      11      12      13      14      15      16      17      18      19      20      21      22      23      24      25      26      27      28      29      30      31      32      33      34      35      
2000 0       0       0       0.004   0.004   0.005   0.089   0.061   0.064   0.19    0.117   0.077   0.035   0.07    0.064   0.056   0.029   0.041   0.014   0.018   0.014   0.011   0.013   0.011   0.003   0.001   0.001   0.005   0.001   0       0.002   0       0       0       0       
2001 0       0       0.001   0       0.004   0.014   0.036   0.19    0.08    0.051   0.152   0.119   0.059   0.039   0.051   0.054   0.045   0.024   0.026   0.009   0.005   0.013   0.007   0.004   0.008   0       0.004   0.001   0.003   0       0       0       0       0       0.001   
2002 0       0       0       0       0.009   0.014   0.053   0.042   0.239   0.079   0.062   0.111   0.107   0.047   0.031   0.048   0.044   0.029   0.015   0.021   0.013   0.007   0.009   0.007   0.005   0.004   0.001   0.001   0       0.002   0       0       0       0       0       
2003 0       0       0       0.001   0.003   0.015   0.043   0.114   0.061   0.249   0.068   0.05    0.111   0.068   0.051   0.024   0.04    0.028   0.023   0.008   0.018   0.005   0.008   0.002   0.002   0.003   0.002   0       0       0       0.001   0.001   0.001   0       0       
2004 0       0       0       0       0.003   0.015   0.051   0.098   0.146   0.073   0.227   0.063   0.026   0.078   0.068   0.032   0.02    0.028   0.023   0.021   0.006   0.008   0.004   0.002   0.003   0.002   0.001   0       0.001   0       0       0       0       0       0.001   
2005 0       0       0       0.001   0       0.009   0.036   0.111   0.144   0.15    0.057   0.183   0.049   0.026   0.069   0.048   0.025   0.01    0.03    0.02    0.013   0.003   0.002   0.005   0.003   0.001   0.001   0.001   0.002   0       0.001   0       0       0       0       
2006 0       0       0       0       0.005   0.007   0.047   0.081   0.161   0.118   0.141   0.041   0.154   0.049   0.021   0.052   0.034   0.015   0.012   0.014   0.016   0.01    0.007   0.004   0.005   0.002   0.001   0.002   0       0.001   0       0       0       0       0       
2007 0       0       0       0       0.005   0.017   0.03    0.081   0.112   0.154   0.115   0.126   0.044   0.13    0.03    0.019   0.037   0.024   0.013   0.012   0.012   0.011   0.007   0.004   0.006   0.003   0.001   0.005   0       0.001   0.001   0       0       0       0       
2008 0       0       0       0       0.004   0.005   0.04    0.071   0.13    0.129   0.138   0.088   0.088   0.035   0.103   0.036   0.012   0.026   0.029   0.014   0.011   0.009   0.005   0.007   0.004   0.007   0.002   0.003   0.001   0.001   0       0       0       0       0.002   
2009 0       0       0       0.001   0.004   0.014   0.025   0.095   0.092   0.162   0.108   0.116   0.077   0.072   0.021   0.088   0.026   0.013   0.029   0.019   0.007   0.005   0.008   0.006   0.003   0.004   0.003   0.001   0       0       0       0       0       0       0.001   
2010 0       0       0       0       0.003   0.009   0.052   0.069   0.138   0.098   0.125   0.09    0.09    0.059   0.067   0.025   0.071   0.028   0.01    0.027   0.01    0.009   0.004   0.002   0.005   0.004   0.001   0.001   0.001   0.001   0       0       0.001   0       0       
objective function: multinomial likelihood, with delta = 1e-011, N =
100 100 100 100 100 100 100 100 100 100 100 100 100 100 100 100 100 100 100 100 100 100 100 100 100 100 100 100 100 100 100 100 100 100 100 
100 100 100 100 100 100 100 100 100 100 100 100 100 100 100 100 100 100 100 100 100 100 100 100 100 100 100 100 100 100 100 100 100 100 100 
100 100 100 100 100 100 100 100 100 100 100 100 100 100 100 100 100 100 100 100 100 100 100 100 100 100 100 100 100 100 100 100 100 100 100 
100 100 100 100 100 100 100 100 100 100 100 100 100 100 100 100 100 100 100 100 100 100 100 100 100 100 100 100 100 100 100 100 100 100 100 
100 100 100 100 100 100 100 100 100 100 100 100 100 100 100 100 100 100 100 100 100 100 100 100 100 100 100 100 100 100 100 100 100 100 100 
100 100 100 100 100 100 100 100 100 100 100 100 100 100 100 100 100 100 100 100 100 100 100 100 100 100 100 100 100 100 100 100 100 100 100 
100 100 100 100 100 100 100 100 100 100 100 100 100 100 100 100 100 100 100 100 100 100 100 100 100 100 100 100 100 100 100 100 100 100 100 
100 100 100 100 100 100 100 100 100 100 100 100 100 100 100 100 100 100 100 100 100 100 100 100 100 100 100 100 100 100 100 100 100 100 100 
100 100 100 100 100 100 100 100 100 100 100 100 100 100 100 100 100 100 100 100 100 100 100 100 100 100 100 100 100 100 100 100 100 100 100 
100 100 100 100 100 100 100 100 100 100 100 100 100 100 100 100 100 100 100 100 100 100 100 100 100 100 100 100 100 100 100 100 100 100 100 
100 100 100 100 100 100 100 100 100 100 100 100 100 100 100 100 100 100 100 100 100 100 100 100 100 100 100 100 100 100 100 100 100 100 100 

Tags2005_R1_R1 :
tag-recapture data for tag Tags2005_R1 in years 2006 2007 2008 2009 2010 , step 1, after proportion 0.5 of mortality, with sampling method size, detection probability 1.
Year 2006
class scanned recaptured
100 0 0
150 0 0
200 0 0
250 0 0
300 0 0
350 0 0
400 0 0
450 0 0
500 0 0
550 0 0
600 2 0
650 2 0
700 6 0
750 12 0
800 42 0
850 88 0
900 184 0
950 442 0
1000 978 0
1050 1750 0.1
1100 2868 0.8
1150 3990 2.5
1200 4534 4.1
1250 4622 4.5
1300 4486 3.5
1350 3964 2.7
1400 3078 1.8
1450 2142 0.8
1500 1224 0.2
1550 508 0
1600 140 0
1650 24 0
1700 2 0
1750 0 0
1800 0 0
1850 0 0
1900 0 0
1950 0 0
2000 0 0


Year 2007
class scanned recaptured
100 0 0
150 0 0
200 0 0
250 0 0
300 0 0
350 0 0
400 0 0
450 0 0
500 0 0
550 0 0
600 2 0
650 2 0
700 12 0
750 16 0
800 32 0
850 78 0
900 208 0
950 426 0
1000 848 0
1050 1702 0
1100 2820 0.2
1150 3848 0.8
1200 4558 2.3
1250 4676 4.7
1300 4456 5.8
1350 4012 4.5
1400 3186 2.8
1450 2164 1.5
1500 1206 0.5
1550 498 0.1
1600 138 0
1650 24 0
1700 2 0
1750 0 0
1800 0 0
1850 0 0
1900 0 0
1950 0 0
2000 0 0


Year 2008
class scanned recaptured
100 0 0
150 0 0
200 0 0
250 0 0
300 0 0
350 0 0
400 0 0
450 0 0
500 0 0
550 0 0
600 2 0
650 2 0
700 10 0
750 16 0
800 58 0
850 110 0
900 176 0
950 408 0
1000 894 0
1050 1572 0.1
1100 2624 0.3
1150 3798 0.6
1200 4482 1
1250 4678 2.2
1300 4498 3.6
1350 4042 4.6
1400 3270 3.9
1450 2224 2.3
1500 1212 0.9
1550 492 0.3
1600 136 0.1
1650 24 0
1700 2 0
1750 0 0
1800 0 0
1850 0 0
1900 0 0
1950 0 0
2000 0 0


Year 2009
class scanned recaptured
100 0 0
150 0 0
200 0 0
250 0 0
300 0 0
350 0 0
400 0 0
450 0 0
500 0 0
550 0 0
600 2 0
650 2 0
700 10 0
750 16 0
800 46 0
850 114 0
900 290 0
950 508 0
1000 818 0
1050 1578 0
1100 2582 0.1
1150 3536 0.4
1200 4346 1.1
1250 4648 2.1
1300 4526 2.8
1350 4094 2.5
1400 3334 2.1
1450 2288 1.7
1500 1236 0.9
1550 492 0.4
1600 134 0.1
1650 24 0
1700 2 0
1750 0 0
1800 0 0
1850 0 0
1900 0 0
1950 0 0
2000 0 0


Year 2010
class scanned recaptured
100 0 0
150 0 0
200 0 0
250 0 0
300 0 0
350 0 0
400 0 0
450 0 0
500 0 0
550 0 0
600 2 0
650 2 0
700 8 0
750 14 0
800 48 0
850 106 0
900 250 0
950 590 0
1000 1178 0
1050 1710 0
1100 2488 0
1150 3506 0
1200 4146 0.1
1250 4474 0.6
1300 4482 1.7
1350 4114 2.5
1400 3378 2.2
1450 2336 1.2
1500 1262 0.4
1550 496 0.1
1600 134 0
1650 24 0
1700 2 0
1750 0 0
1800 0 0
1850 0 0
1900 0 0
1950 0 0
2000 0 0


Tags2006_R1_R1 :
tag-recapture data for tag Tags2006_R1 in years 2007 2008 2009 2010 , step 1, after proportion 0.5 of mortality, with sampling method size, detection probability 1.
Year 2007
class scanned recaptured
100 0 0
150 0 0
200 0 0
250 0 0
300 0 0
350 0 0
400 0 0
450 0 0
500 0 0
550 0 0
600 2 0
650 2 0
700 12 0
750 16 0
800 32 0
850 78 0
900 208 0
950 426 0
1000 848 0.1
1050 1702 0.5
1100 2820 1.3
1150 3848 2.4
1200 4558 3.2
1250 4676 4.3
1300 4456 5
1350 4012 5.1
1400 3186 3.8
1450 2164 2.2
1500 1206 0.8
1550 498 0.3
1600 138 0
1650 24 0
1700 2 0
1750 0 0
1800 0 0
1850 0 0
1900 0 0
1950 0 0
2000 0 0


Year 2008
class scanned recaptured
100 0 0
150 0 0
200 0 0
250 0 0
300 0 0
350 0 0
400 0 0
450 0 0
500 0 0
550 0 0
600 2 0
650 2 0
700 10 0
750 16 0
800 58 0
850 110 0
900 176 0
950 408 0
1000 894 0
1050 1572 0.2
1100 2624 0.6
1150 3798 1.6
1200 4482 2.5
1250 4678 2.9
1300 4498 2.9
1350 4042 3
1400 3270 3.2
1450 2224 2.7
1500 1212 1.6
1550 492 0.6
1600 136 0.1
1650 24 0
1700 2 0
1750 0 0
1800 0 0
1850 0 0
1900 0 0
1950 0 0
2000 0 0


Year 2009
class scanned recaptured
100 0 0
150 0 0
200 0 0
250 0 0
300 0 0
350 0 0
400 0 0
450 0 0
500 0 0
550 0 0
600 2 0
650 2 0
700 10 0
750 16 0
800 46 0
850 114 0
900 290 0
950 508 0
1000 818 0
1050 1578 0
1100 2582 0
1150 3536 0.1
1200 4346 0.7
1250 4648 2.2
1300 4526 3.9
1350 4094 4.4
1400 3334 3.3
1450 2288 1.9
1500 1236 0.9
1550 492 0.3
1600 134 0
1650 24 0
1700 2 0
1750 0 0
1800 0 0
1850 0 0
1900 0 0
1950 0 0
2000 0 0


Year 2010
class scanned recaptured
100 0 0
150 0 0
200 0 0
250 0 0
300 0 0
350 0 0
400 0 0
450 0 0
500 0 0
550 0 0
600 2 0
650 2 0
700 8 0
750 14 0
800 48 0
850 106 0
900 250 0
950 590 0
1000 1178 0
1050 1710 0
1100 2488 0.1
1150 3506 0.3
1200 4146 0.8
1250 4474 1.2
1300 4482 2.2
1350 4114 3.3
1400 3378 3.3
1450 2336 2.2
1500 1262 1.1
1550 496 0.4
1600 134 0.1
1650 24 0
1700 2 0
1750 0 0
1800 0 0
1850 0 0
1900 0 0
1950 0 0
2000 0 0


Tags2007_R1_R1 :
tag-recapture data for tag Tags2007_R1 in years 2008 2009 2010 , step 1, after proportion 0.5 of mortality, with sampling method size, detection probability 1.
Year 2008
class scanned recaptured
100 0 0
150 0 0
200 0 0
250 0 0
300 0 0
350 0 0
400 0 0
450 0 0
500 0 0
550 0 0
600 2 0
650 2 0
700 10 0
750 16 0
800 58 0
850 110 0
900 176 0
950 408 0
1000 894 0.2
1050 1572 0.7
1100 2624 1.2
1150 3798 1.7
1200 4482 3.3
1250 4678 5.3
1300 4498 5.4
1350 4042 3.9
1400 3270 2.3
1450 2224 1.4
1500 1212 0.9
1550 492 0.4
1600 136 0.2
1650 24 0
1700 2 0
1750 0 0
1800 0 0
1850 0 0
1900 0 0
1950 0 0
2000 0 0


Year 2009
class scanned recaptured
100 0 0
150 0 0
200 0 0
250 0 0
300 0 0
350 0 0
400 0 0
450 0 0
500 0 0
550 0 0
600 2 0
650 2 0
700 10 0
750 16 0
800 46 0
850 114 0
900 290 0
950 508 0
1000 818 0
1050 1578 0
1100 2582 0.1
1150 3536 0.7
1200 4346 2.3
1250 4648 4.2
1300 4526 5.1
1350 4094 4.4
1400 3334 3.4
1450 2288 2.2
1500 1236 1
1550 492 0.3
1600 134 0
1650 24 0
1700 2 0
1750 0 0
1800 0 0
1850 0 0
1900 0 0
1950 0 0
2000 0 0


Year 2010
class scanned recaptured
100 0 0
150 0 0
200 0 0
250 0 0
300 0 0
350 0 0
400 0 0
450 0 0
500 0 0
550 0 0
600 2 0
650 2 0
700 8 0
750 14 0
800 48 0
850 106 0
900 250 0
950 590 0
1000 1178 0
1050 1710 0
1100 2488 0.1
1150 3506 0.6
1200 4146 1.4
1250 4474 2.3
1300 4482 3.2
1350 4114 2.9
1400 3378 1.7
1450 2336 0.7
1500 1262 0.2
1550 496 0
1600 134 0
1650 24 0
1700 2 0
1750 0 0
1800 0 0
1850 0 0
1900 0 0
1950 0 0
2000 0 0


Tags2008_R1_R1 :
tag-recapture data for tag Tags2008_R1 in years 2009 2010 , step 1, after proportion 0.5 of mortality, with sampling method size, detection probability 1.
Year 2009
class scanned recaptured
100 0 0
150 0 0
200 0 0
250 0 0
300 0 0
350 0 0
400 0 0
450 0 0
500 0 0
550 0 0
600 2 0
650 2 0
700 10 0
750 16 0
800 46 0
850 114 0
900 290 0
950 508 0
1000 818 0.1
1050 1578 0.4
1100 2582 1.1
1150 3536 2
1200 4346 2.8
1250 4648 3.1
1300 4526 3.1
1350 4094 3.4
1400 3334 3.4
1450 2288 2.3
1500 1236 1
1550 492 0.3
1600 134 0
1650 24 0
1700 2 0
1750 0 0
1800 0 0
1850 0 0
1900 0 0
1950 0 0
2000 0 0


Year 2010
class scanned recaptured
100 0 0
150 0 0
200 0 0
250 0 0
300 0 0
350 0 0
400 0 0
450 0 0
500 0 0
550 0 0
600 2 0
650 2 0
700 8 0
750 14 0
800 48 0
850 106 0
900 250 0
950 590 0
1000 1178 0
1050 1710 0.2
1100 2488 0.8
1150 3506 2.5
1200 4146 3.8
1250 4474 3.7
1300 4482 2.9
1350 4114 2.4
1400 3378 2.2
1450 2336 1.6
1500 1262 0.8
1550 496 0.2
1600 134 0
1650 24 0
1700 2 0
1750 0 0
1800 0 0
1850 0 0
1900 0 0
1950 0 0
2000 0 0


Tags2009_R1_R1 :
tag-recapture data for tag Tags2009_R1 in years 2010 , step 1, after proportion 0.5 of mortality, with sampling method size, detection probability 1.
Year 2010
class scanned recaptured
100 0 0
150 0 0
200 0 0
250 0 0
300 0 0
350 0 0
400 0 0
450 0 0
500 0 0
550 0 0
600 2 0
650 2 0
700 8 0
750 14 0
800 48 0
850 106 0
900 250 0
950 590 0.3
1000 1178 0.9
1050 1710 0.8
1100 2488 1
1150 3506 2.6
1200 4146 4.2
1250 4474 4.2
1300 4482 3.2
1350 4114 2.6
1400 3378 2.3
1450 2336 1.7
1500 1262 0.8
1550 496 0.2
1600 134 0
1650 24 0
1700 2 0
1750 0 0
1800 0 0
1850 0 0
1900 0 0
1950 0 0
2000 0 0



Ageing_error:
  Misclassification matrix:
1 0 0 0 0 0 0 0 0 0 0 0 0 0 0 0 0 0 0 0 0 0 0 0 0 0 0 0 0 0 0 0 0 0 0 
0 1 0 0 0 0 0 0 0 0 0 0 0 0 0 0 0 0 0 0 0 0 0 0 0 0 0 0 0 0 0 0 0 0 0 
0 0 1 0 0 0 0 0 0 0 0 0 0 0 0 0 0 0 0 0 0 0 0 0 0 0 0 0 0 0 0 0 0 0 0 
0 0 0 1 0 0 0 0 0 0 0 0 0 0 0 0 0 0 0 0 0 0 0 0 0 0 0 0 0 0 0 0 0 0 0 
0 0 0 0 1 0 0 0 0 0 0 0 0 0 0 0 0 0 0 0 0 0 0 0 0 0 0 0 0 0 0 0 0 0 0 
0 0 0 0 0 1 0 0 0 0 0 0 0 0 0 0 0 0 0 0 0 0 0 0 0 0 0 0 0 0 0 0 0 0 0 
0 0 0 0 0 0 1 0 0 0 0 0 0 0 0 0 0 0 0 0 0 0 0 0 0 0 0 0 0 0 0 0 0 0 0 
0 0 0 0 0 0 0 1 0 0 0 0 0 0 0 0 0 0 0 0 0 0 0 0 0 0 0 0 0 0 0 0 0 0 0 
0 0 0 0 0 0 0 0 1 0 0 0 0 0 0 0 0 0 0 0 0 0 0 0 0 0 0 0 0 0 0 0 0 0 0 
0 0 0 0 0 0 0 0 0 1 0 0 0 0 0 0 0 0 0 0 0 0 0 0 0 0 0 0 0 0 0 0 0 0 0 
0 0 0 0 0 0 0 0 0 0 1 0 0 0 0 0 0 0 0 0 0 0 0 0 0 0 0 0 0 0 0 0 0 0 0 
0 0 0 0 0 0 0 0 0 0 0 1 0 0 0 0 0 0 0 0 0 0 0 0 0 0 0 0 0 0 0 0 0 0 0 
0 0 0 0 0 0 0 0 0 0 0 0 1 0 0 0 0 0 0 0 0 0 0 0 0 0 0 0 0 0 0 0 0 0 0 
0 0 0 0 0 0 0 0 0 0 0 0 0 1 0 0 0 0 0 0 0 0 0 0 0 0 0 0 0 0 0 0 0 0 0 
0 0 0 0 0 0 0 0 0 0 0 0 0 0 1 0 0 0 0 0 0 0 0 0 0 0 0 0 0 0 0 0 0 0 0 
0 0 0 0 0 0 0 0 0 0 0 0 0 0 0 1 0 0 0 0 0 0 0 0 0 0 0 0 0 0 0 0 0 0 0 
0 0 0 0 0 0 0 0 0 0 0 0 0 0 0 0 1 0 0 0 0 0 0 0 0 0 0 0 0 0 0 0 0 0 0 
0 0 0 0 0 0 0 0 0 0 0 0 0 0 0 0 0 1 0 0 0 0 0 0 0 0 0 0 0 0 0 0 0 0 0 
0 0 0 0 0 0 0 0 0 0 0 0 0 0 0 0 0 0 1 0 0 0 0 0 0 0 0 0 0 0 0 0 0 0 0 
0 0 0 0 0 0 0 0 0 0 0 0 0 0 0 0 0 0 0 1 0 0 0 0 0 0 0 0 0 0 0 0 0 0 0 
0 0 0 0 0 0 0 0 0 0 0 0 0 0 0 0 0 0 0 0 1 0 0 0 0 0 0 0 0 0 0 0 0 0 0 
0 0 0 0 0 0 0 0 0 0 0 0 0 0 0 0 0 0 0 0 0 1 0 0 0 0 0 0 0 0 0 0 0 0 0 
0 0 0 0 0 0 0 0 0 0 0 0 0 0 0 0 0 0 0 0 0 0 1 0 0 0 0 0 0 0 0 0 0 0 0 
0 0 0 0 0 0 0 0 0 0 0 0 0 0 0 0 0 0 0 0 0 0 0 1 0 0 0 0 0 0 0 0 0 0 0 
0 0 0 0 0 0 0 0 0 0 0 0 0 0 0 0 0 0 0 0 0 0 0 0 1 0 0 0 0 0 0 0 0 0 0 
0 0 0 0 0 0 0 0 0 0 0 0 0 0 0 0 0 0 0 0 0 0 0 0 0 1 0 0 0 0 0 0 0 0 0 
0 0 0 0 0 0 0 0 0 0 0 0 0 0 0 0 0 0 0 0 0 0 0 0 0 0 1 0 0 0 0 0 0 0 0 
0 0 0 0 0 0 0 0 0 0 0 0 0 0 0 0 0 0 0 0 0 0 0 0 0 0 0 1 0 0 0 0 0 0 0 
0 0 0 0 0 0 0 0 0 0 0 0 0 0 0 0 0 0 0 0 0 0 0 0 0 0 0 0 1 0 0 0 0 0 0 
0 0 0 0 0 0 0 0 0 0 0 0 0 0 0 0 0 0 0 0 0 0 0 0 0 0 0 0 0 1 0 0 0 0 0 
0 0 0 0 0 0 0 0 0 0 0 0 0 0 0 0 0 0 0 0 0 0 0 0 0 0 0 0 0 0 1 0 0 0 0 
0 0 0 0 0 0 0 0 0 0 0 0 0 0 0 0 0 0 0 0 0 0 0 0 0 0 0 0 0 0 0 1 0 0 0 
0 0 0 0 0 0 0 0 0 0 0 0 0 0 0 0 0 0 0 0 0 0 0 0 0 0 0 0 0 0 0 0 1 0 0 
0 0 0 0 0 0 0 0 0 0 0 0 0 0 0 0 0 0 0 0 0 0 0 0 0 0 0 0 0 0 0 0 0 1 0 
0 0 0 0 0 0 0 0 0 0 0 0 0 0 0 0 0 0 0 0 0 0 0 0 0 0 0 0 0 0 0 0 0 0 1 

Free parameters:

initialization.B0
uniform: bounds from 5000 to 500000
current value: 257994
lower bound: 5000
upper bound: 500000

recruitment.YCS
lognormal with means 1 1 1 1 1 1 1 1 1 1 1 1 1 1 1 1 1 1 1 1 1 c.v.s 1 1 1 1 1 1 1 1 1 1 1 1 1 1 1 1 1 1 1 1 1 :
bounds of
1 1 1 1 1 1 1 1 1 1 1 1 1 1 1 1 1 1 1 1 1 
1 1 1 1 1 1 1 1 1 1 1 1 1 1 1 1 1 1 1 1 1 
current values: 1 1 1 1 1 1 1 1 1 1 1 1 1 1 1 1 1 1 1 1 1 
lower bounds: 1 1 1 1 1 1 1 1 1 1 1 1 1 1 1 1 1 1 1 1 1 
upper bounds: 1 1 1 1 1 1 1 1 1 1 1 1 1 1 1 1 1 1 1 1 1 


Q's:
qs are nuisance parameters

Penalties:
LL_Penalty :
Catch limit penalty of 1000 x the sum of squares of (log(actual catch) - log(specified catch)) for fishery LL to disencourage breaking exploitation rate limits
meanYCS_1 :
Vector average penalty of 100 x square of (mean(recruitment.YCS) - 1) 
Penalty_Tags2005_R1_LL :
'Fish-must-be-tagged' penalty of 1 x square of (actual number of tagged fish - nominal number of tagged fish) for tagging episode Tags2005_R1_LL
Penalty_Tags2006_R1_LL :
'Fish-must-be-tagged' penalty of 1 x square of (actual number of tagged fish - nominal number of tagged fish) for tagging episode Tags2006_R1_LL
Penalty_Tags2007_R1_LL :
'Fish-must-be-tagged' penalty of 1 x square of (actual number of tagged fish - nominal number of tagged fish) for tagging episode Tags2007_R1_LL
Penalty_Tags2008_R1_LL :
'Fish-must-be-tagged' penalty of 1 x square of (actual number of tagged fish - nominal number of tagged fish) for tagging episode Tags2008_R1_LL
Penalty_Tags2009_R1_LL :
'Fish-must-be-tagged' penalty of 1 x square of (actual number of tagged fish - nominal number of tagged fish) for tagging episode Tags2009_R1_LL

Components of the objective function are:
  LL_catchA
  Tags2005_R1_R1
  Tags2006_R1_R1
  Tags2007_R1_R1
  Tags2008_R1_R1
  Tags2009_R1_R1
  prior_on_initialization.B0
  prior_on_recruitment.YCS
  LL_Penalty
  meanYCS_1
  Penalty_Tags2005_R1_LL
  Penalty_Tags2006_R1_LL
  Penalty_Tags2007_R1_LL
  Penalty_Tags2008_R1_LL
  Penalty_Tags2009_R1_LL

Random number seed : 87596


Minimiser achieved convergence after 9 quasi-Newton iterations using 11 objective function evaluations



Approximate Covariance matrix (Inverse Hessian of parameters at point estimate):
1.05151e+007 0 0 0 0 0 0 0 0 0 0 0 0 0 0 0 0 0 0 0 0 0 
0 0 0 0 0 0 0 0 0 0 0 0 0 0 0 0 0 0 0 0 0 0 
0 0 0 0 0 0 0 0 0 0 0 0 0 0 0 0 0 0 0 0 0 0 
0 0 0 0 0 0 0 0 0 0 0 0 0 0 0 0 0 0 0 0 0 0 
0 0 0 0 0 0 0 0 0 0 0 0 0 0 0 0 0 0 0 0 0 0 
0 0 0 0 0 0 0 0 0 0 0 0 0 0 0 0 0 0 0 0 0 0 
0 0 0 0 0 0 0 0 0 0 0 0 0 0 0 0 0 0 0 0 0 0 
0 0 0 0 0 0 0 0 0 0 0 0 0 0 0 0 0 0 0 0 0 0 
0 0 0 0 0 0 0 0 0 0 0 0 0 0 0 0 0 0 0 0 0 0 
0 0 0 0 0 0 0 0 0 0 0 0 0 0 0 0 0 0 0 0 0 0 
0 0 0 0 0 0 0 0 0 0 0 0 0 0 0 0 0 0 0 0 0 0 
0 0 0 0 0 0 0 0 0 0 0 0 0 0 0 0 0 0 0 0 0 0 
0 0 0 0 0 0 0 0 0 0 0 0 0 0 0 0 0 0 0 0 0 0 
0 0 0 0 0 0 0 0 0 0 0 0 0 0 0 0 0 0 0 0 0 0 
0 0 0 0 0 0 0 0 0 0 0 0 0 0 0 0 0 0 0 0 0 0 
0 0 0 0 0 0 0 0 0 0 0 0 0 0 0 0 0 0 0 0 0 0 
0 0 0 0 0 0 0 0 0 0 0 0 0 0 0 0 0 0 0 0 0 0 
0 0 0 0 0 0 0 0 0 0 0 0 0 0 0 0 0 0 0 0 0 0 
0 0 0 0 0 0 0 0 0 0 0 0 0 0 0 0 0 0 0 0 0 0 
0 0 0 0 0 0 0 0 0 0 0 0 0 0 0 0 0 0 0 0 0 0 
0 0 0 0 0 0 0 0 0 0 0 0 0 0 0 0 0 0 0 0 0 0 
0 0 0 0 0 0 0 0 0 0 0 0 0 0 0 0 0 0 0 0 0 0 

Correlation matrix:
1 -1.#IND -1.#IND -1.#IND -1.#IND -1.#IND -1.#IND -1.#IND -1.#IND -1.#IND -1.#IND -1.#IND -1.#IND -1.#IND -1.#IND -1.#IND -1.#IND -1.#IND -1.#IND -1.#IND -1.#IND -1.#IND 
-1.#IND -1.#IND -1.#IND -1.#IND -1.#IND -1.#IND -1.#IND -1.#IND -1.#IND -1.#IND -1.#IND -1.#IND -1.#IND -1.#IND -1.#IND -1.#IND -1.#IND -1.#IND -1.#IND -1.#IND -1.#IND -1.#IND 
-1.#IND -1.#IND -1.#IND -1.#IND -1.#IND -1.#IND -1.#IND -1.#IND -1.#IND -1.#IND -1.#IND -1.#IND -1.#IND -1.#IND -1.#IND -1.#IND -1.#IND -1.#IND -1.#IND -1.#IND -1.#IND -1.#IND 
-1.#IND -1.#IND -1.#IND -1.#IND -1.#IND -1.#IND -1.#IND -1.#IND -1.#IND -1.#IND -1.#IND -1.#IND -1.#IND -1.#IND -1.#IND -1.#IND -1.#IND -1.#IND -1.#IND -1.#IND -1.#IND -1.#IND 
-1.#IND -1.#IND -1.#IND -1.#IND -1.#IND -1.#IND -1.#IND -1.#IND -1.#IND -1.#IND -1.#IND -1.#IND -1.#IND -1.#IND -1.#IND -1.#IND -1.#IND -1.#IND -1.#IND -1.#IND -1.#IND -1.#IND 
-1.#IND -1.#IND -1.#IND -1.#IND -1.#IND -1.#IND -1.#IND -1.#IND -1.#IND -1.#IND -1.#IND -1.#IND -1.#IND -1.#IND -1.#IND -1.#IND -1.#IND -1.#IND -1.#IND -1.#IND -1.#IND -1.#IND 
-1.#IND -1.#IND -1.#IND -1.#IND -1.#IND -1.#IND -1.#IND -1.#IND -1.#IND -1.#IND -1.#IND -1.#IND -1.#IND -1.#IND -1.#IND -1.#IND -1.#IND -1.#IND -1.#IND -1.#IND -1.#IND -1.#IND 
-1.#IND -1.#IND -1.#IND -1.#IND -1.#IND -1.#IND -1.#IND -1.#IND -1.#IND -1.#IND -1.#IND -1.#IND -1.#IND -1.#IND -1.#IND -1.#IND -1.#IND -1.#IND -1.#IND -1.#IND -1.#IND -1.#IND 
-1.#IND -1.#IND -1.#IND -1.#IND -1.#IND -1.#IND -1.#IND -1.#IND -1.#IND -1.#IND -1.#IND -1.#IND -1.#IND -1.#IND -1.#IND -1.#IND -1.#IND -1.#IND -1.#IND -1.#IND -1.#IND -1.#IND 
-1.#IND -1.#IND -1.#IND -1.#IND -1.#IND -1.#IND -1.#IND -1.#IND -1.#IND -1.#IND -1.#IND -1.#IND -1.#IND -1.#IND -1.#IND -1.#IND -1.#IND -1.#IND -1.#IND -1.#IND -1.#IND -1.#IND 
-1.#IND -1.#IND -1.#IND -1.#IND -1.#IND -1.#IND -1.#IND -1.#IND -1.#IND -1.#IND -1.#IND -1.#IND -1.#IND -1.#IND -1.#IND -1.#IND -1.#IND -1.#IND -1.#IND -1.#IND -1.#IND -1.#IND 
-1.#IND -1.#IND -1.#IND -1.#IND -1.#IND -1.#IND -1.#IND -1.#IND -1.#IND -1.#IND -1.#IND -1.#IND -1.#IND -1.#IND -1.#IND -1.#IND -1.#IND -1.#IND -1.#IND -1.#IND -1.#IND -1.#IND 
-1.#IND -1.#IND -1.#IND -1.#IND -1.#IND -1.#IND -1.#IND -1.#IND -1.#IND -1.#IND -1.#IND -1.#IND -1.#IND -1.#IND -1.#IND -1.#IND -1.#IND -1.#IND -1.#IND -1.#IND -1.#IND -1.#IND 
-1.#IND -1.#IND -1.#IND -1.#IND -1.#IND -1.#IND -1.#IND -1.#IND -1.#IND -1.#IND -1.#IND -1.#IND -1.#IND -1.#IND -1.#IND -1.#IND -1.#IND -1.#IND -1.#IND -1.#IND -1.#IND -1.#IND 
-1.#IND -1.#IND -1.#IND -1.#IND -1.#IND -1.#IND -1.#IND -1.#IND -1.#IND -1.#IND -1.#IND -1.#IND -1.#IND -1.#IND -1.#IND -1.#IND -1.#IND -1.#IND -1.#IND -1.#IND -1.#IND -1.#IND 
-1.#IND -1.#IND -1.#IND -1.#IND -1.#IND -1.#IND -1.#IND -1.#IND -1.#IND -1.#IND -1.#IND -1.#IND -1.#IND -1.#IND -1.#IND -1.#IND -1.#IND -1.#IND -1.#IND -1.#IND -1.#IND -1.#IND 
-1.#IND -1.#IND -1.#IND -1.#IND -1.#IND -1.#IND -1.#IND -1.#IND -1.#IND -1.#IND -1.#IND -1.#IND -1.#IND -1.#IND -1.#IND -1.#IND -1.#IND -1.#IND -1.#IND -1.#IND -1.#IND -1.#IND 
-1.#IND -1.#IND -1.#IND -1.#IND -1.#IND -1.#IND -1.#IND -1.#IND -1.#IND -1.#IND -1.#IND -1.#IND -1.#IND -1.#IND -1.#IND -1.#IND -1.#IND -1.#IND -1.#IND -1.#IND -1.#IND -1.#IND 
-1.#IND -1.#IND -1.#IND -1.#IND -1.#IND -1.#IND -1.#IND -1.#IND -1.#IND -1.#IND -1.#IND -1.#IND -1.#IND -1.#IND -1.#IND -1.#IND -1.#IND -1.#IND -1.#IND -1.#IND -1.#IND -1.#IND 
-1.#IND -1.#IND -1.#IND -1.#IND -1.#IND -1.#IND -1.#IND -1.#IND -1.#IND -1.#IND -1.#IND -1.#IND -1.#IND -1.#IND -1.#IND -1.#IND -1.#IND -1.#IND -1.#IND -1.#IND -1.#IND -1.#IND 
-1.#IND -1.#IND -1.#IND -1.#IND -1.#IND -1.#IND -1.#IND -1.#IND -1.#IND -1.#IND -1.#IND -1.#IND -1.#IND -1.#IND -1.#IND -1.#IND -1.#IND -1.#IND -1.#IND -1.#IND -1.#IND -1.#IND 
-1.#IND -1.#IND -1.#IND -1.#IND -1.#IND -1.#IND -1.#IND -1.#IND -1.#IND -1.#IND -1.#IND -1.#IND -1.#IND -1.#IND -1.#IND -1.#IND -1.#IND -1.#IND -1.#IND -1.#IND -1.#IND -1.#IND 

List of parameter names, in the same order as the rows & cols of the covariance/correlation matrices:
initialization.B0 recruitment.YCS 21 



Start extracting output from here

Point estimate:
initialization.B0
current value: 60331.4
lower bound: 5000
upper bound: 500000

recruitment.YCS
current values: 1 1 1 1 1 1 1 1 1 1 1 1 1 1 1 1 1 1 1 1 1 
lower bounds: 1 1 1 1 1 1 1 1 1 1 1 1 1 1 1 1 1 1 1 1 1 
upper bounds: 1 1 1 1 1 1 1 1 1 1 1 1 1 1 1 1 1 1 1 1 1 


In a format suitable for -i :

initialization.B0 recruitment.YCS 21 
60331.4 1 1 1 1 1 1 1 1 1 1 1 1 1 1 1 1 1 1 1 1 1 

Objective function : 616.779

Components :
LL_catchA                                          416.637
Tags2005_R1_R1                                     56.8443
Tags2006_R1_R1                                     53.8878
Tags2007_R1_R1                                     39.5125
Tags2008_R1_R1                                     30.0167
Tags2009_R1_R1                                     18.0606
prior_on_initialization.B0                         0
prior_on_recruitment.YCS                           1.81951
LL_Penalty                                         0
meanYCS_1                                          0
Penalty_Tags2005_R1_LL                             2.06795e-025
Penalty_Tags2006_R1_LL                             2.06795e-025
Penalty_Tags2007_R1_LL                             8.27181e-025
Penalty_Tags2008_R1_LL                             0
Penalty_Tags2009_R1_LL                             0

Fits : 

The observations are:
LL_catchA
Tags2005_R1_R1
Tags2006_R1_R1
Tags2007_R1_R1
Tags2008_R1_R1
Tags2009_R1_R1
Fits follow:

LL_catchA :
catch proportions-at-age for fishery LL  with ageing error (not constrained to sum to 1):
obs (last class is a plus group):
class 1       2       3       4       5       6       7       8       9       10      11      12      13      14      15      16      17      18      19      20      21      22      23      24      25      26      27      28      29      30      31      32      33      34      35      
2000 0       0       0       0.004   0.004   0.005   0.089   0.061   0.064   0.19    0.117   0.077   0.035   0.07    0.064   0.056   0.029   0.041   0.014   0.018   0.014   0.011   0.013   0.011   0.003   0.001   0.001   0.005   0.001   0       0.002   0       0       0       0       
2001 0       0       0.001   0       0.004   0.014   0.036   0.19    0.08    0.051   0.152   0.119   0.059   0.039   0.051   0.054   0.045   0.024   0.026   0.009   0.005   0.013   0.007   0.004   0.008   0       0.004   0.001   0.003   0       0       0       0       0       0.001   
2002 0       0       0       0       0.009   0.014   0.053   0.042   0.239   0.079   0.062   0.111   0.107   0.047   0.031   0.048   0.044   0.029   0.015   0.021   0.013   0.007   0.009   0.007   0.005   0.004   0.001   0.001   0       0.002   0       0       0       0       0       
2003 0       0       0       0.001   0.003   0.015   0.043   0.114   0.061   0.249   0.068   0.05    0.111   0.068   0.051   0.024   0.04    0.028   0.023   0.008   0.018   0.005   0.008   0.002   0.002   0.003   0.002   0       0       0       0.001   0.001   0.001   0       0       
2004 0       0       0       0       0.003   0.015   0.051   0.098   0.146   0.073   0.227   0.063   0.026   0.078   0.068   0.032   0.02    0.028   0.023   0.021   0.006   0.008   0.004   0.002   0.003   0.002   0.001   0       0.001   0       0       0       0       0       0.001   
2005 0       0       0       0.001   0       0.009   0.036   0.111   0.144   0.15    0.057   0.183   0.049   0.026   0.069   0.048   0.025   0.01    0.03    0.02    0.013   0.003   0.002   0.005   0.003   0.001   0.001   0.001   0.002   0       0.001   0       0       0       0       
2006 0       0       0       0       0.005   0.007   0.047   0.081   0.161   0.118   0.141   0.041   0.154   0.049   0.021   0.052   0.034   0.015   0.012   0.014   0.016   0.01    0.007   0.004   0.005   0.002   0.001   0.002   0       0.001   0       0       0       0       0       
2007 0       0       0       0       0.005   0.017   0.03    0.081   0.112   0.154   0.115   0.126   0.044   0.13    0.03    0.019   0.037   0.024   0.013   0.012   0.012   0.011   0.007   0.004   0.006   0.003   0.001   0.005   0       0.001   0.001   0       0       0       0       
2008 0       0       0       0       0.004   0.005   0.04    0.071   0.13    0.129   0.138   0.088   0.088   0.035   0.103   0.036   0.012   0.026   0.029   0.014   0.011   0.009   0.005   0.007   0.004   0.007   0.002   0.003   0.001   0.001   0       0       0       0       0.002   
2009 0       0       0       0.001   0.004   0.014   0.025   0.095   0.092   0.162   0.108   0.116   0.077   0.072   0.021   0.088   0.026   0.013   0.029   0.019   0.007   0.005   0.008   0.006   0.003   0.004   0.003   0.001   0       0       0       0       0       0       0.001   
2010 0       0       0       0       0.003   0.009   0.052   0.069   0.138   0.098   0.125   0.09    0.09    0.059   0.067   0.025   0.071   0.028   0.01    0.027   0.01    0.009   0.004   0.002   0.005   0.004   0.001   0.001   0.001   0.001   0       0       0.001   0       0       
fits (last class is a plus group):
class 1       2       3       4       5       6       7       8       9       10      11      12      13      14      15      16      17      18      19      20      21      22      23      24      25      26      27      28      29      30      31      32      33      34      35      
2000 3.44353e-007 5.75741e-006 6.80684e-005 0.000569054 0.00336383 0.0140579 0.0415111 0.0864833 0.126855 0.130906 0.112486 0.0953454 0.0797357 0.0658048 0.0536103 0.0431437 0.0343479 0.0271067 0.0212207 0.0164376 0.0125687 0.0094845 0.00706155 0.00518617 0.00375627 0.00268254 0.00188861 0.00131065 0.000896489 0.000604349 0.000401519 0.000262906 0.000169662 0.000107913 0.000558067 
2001 3.44784e-007 5.76443e-006 6.81498e-005 0.000569728 0.00336782 0.0140748 0.0415621 0.0865919 0.127017 0.131073 0.112684 0.0955054 0.0798619 0.0659004 0.0536737 0.0431601 0.0342872 0.0269482 0.0209962 0.016228 0.0124102 0.00936805 0.00697849 0.00512867 0.00371768 0.00265743 0.0018728 0.00130104 0.000890846 0.000601164 0.000399797 0.000262021 0.000169234 0.000107724 0.000558464 
2002 3.45129e-007 5.76996e-006 6.8213e-005 0.000570242 0.00337082 0.0140874 0.0415998 0.0866721 0.127137 0.131197 0.112791 0.0956417 0.0799695 0.0659829 0.053734 0.0431971 0.0342892 0.026892 0.0208668 0.0160513 0.0122481 0.00924704 0.0068907 0.00506681 0.00367535 0.00262934 0.00185472 0.00128977 0.000884049 0.000597204 0.000397573 0.000260821 0.000168615 0.000107421 0.00055853 
2003 3.45413e-007 5.77445e-006 6.82633e-005 0.000570644 0.00337312 0.0140968 0.0416276 0.0867308 0.127224 0.131288 0.112868 0.0957072 0.080063 0.0660549 0.0537877 0.0432348 0.03431 0.0268869 0.0208182 0.0159485 0.0121119 0.0091241 0.00680009 0.0050019 0.00363018 0.00259881 0.0018347 0.00127703 0.000876193 0.000592514 0.000394865 0.000259312 0.000167805 0.000107004 0.000558275 
2004 3.45654e-007 5.77823e-006 6.8305e-005 0.000570969 0.00337492 0.014104 0.0416484 0.0867737 0.127287 0.131353 0.112924 0.0957545 0.0801022 0.0661193 0.053836 0.0432697 0.0343334 0.0268982 0.0208104 0.0159084 0.0120321 0.00902095 0.00670849 0.00493525 0.00358304 0.00256642 0.00181308 0.00126302 0.000867389 0.000587148 0.000391698 0.000257502 0.000166806 0.000106472 0.000557696 
2005 3.45868e-007 5.78154e-006 6.8341e-005 0.000571245 0.00337642 0.0141098 0.0416644 0.0868056 0.127332 0.131399 0.112963 0.0957875 0.0801298 0.0661418 0.0538805 0.0433021 0.0343561 0.0269126 0.0208162 0.0159002 0.0120002 0.00896033 0.00663175 0.00486812 0.00353483 0.00253276 0.00179025 0.00124798 0.000857765 0.000581174 0.000388101 0.000255404 0.000165621 0.000105825 0.000556783 
2006 3.46091e-007 5.78506e-006 6.83796e-005 0.000571542 0.00337802 0.0141159 0.0416808 0.0868363 0.12737 0.13143 0.112985 0.0958053 0.0801447 0.0661545 0.0538911 0.0433322 0.0343777 0.0269274 0.0208253 0.0159032 0.011993 0.00893592 0.00658678 0.00481217 0.00348659 0.00249859 0.00176671 0.00123223 0.000847528 0.000574714 0.000384145 0.000253055 0.000164269 0.000105072 0.00055557 
2007 3.46299e-007 5.78833e-006 6.84157e-005 0.000571818 0.0033795 0.0141215 0.0416955 0.0868632 0.127404 0.131456 0.113   0.0958137 0.0801509 0.0661595 0.0538955 0.043336 0.0343979 0.0269415 0.0208346 0.0159085 0.0119941 0.00892975 0.00656822 0.00477911 0.00344621 0.00246427 0.00174272 0.00121592 0.000836762 0.000567808 0.000379844 0.000250455 0.000162745 0.000104205 0.000553988 
2008 3.46497e-007 5.79142e-006 6.84497e-005 0.000572081 0.00338091 0.0141267 0.0417091 0.0868876 0.127433 0.131479 0.113012 0.0958171 0.0801504 0.0661585 0.0538946 0.0433356 0.0343978 0.026955 0.0208437 0.0159144 0.0119972 0.00892984 0.00656318 0.00476528 0.00342228 0.00243556 0.00171866 0.00119933 0.000825633 0.000560555 0.000375253 0.000247634 0.000161062 0.000103232 0.000552018 
2009 3.46684e-007 5.79438e-006 6.84822e-005 0.000572331 0.00338226 0.0141317 0.041722 0.0869105 0.127461 0.131501 0.113024 0.0958203 0.0801466 0.0661524 0.053889 0.0433311 0.0343946 0.0269527 0.0208524 0.0159201 0.0120007 0.00893148 0.00656278 0.0047613 0.00341215 0.00241848 0.00169853 0.0011827 0.000814312 0.000553066 0.000370438 0.000244626 0.000159238 0.000102158 0.000549644 
2010 3.46863e-007 5.7972e-006 6.85134e-005 0.000572572 0.00338356 0.0141366 0.0417346 0.0869326 0.127487 0.131521 0.113034 0.0958234 0.0801435 0.0661444 0.05388 0.0433233 0.0343884 0.0269481 0.0208491 0.0159256 0.0120041 0.00893343 0.00656354 0.00476069 0.00340908 0.00241117 0.00168652 0.00116877 0.000802972 0.000545451 0.000365467 0.000241473 0.000157295 0.000100995 0.000546857 
resids (last class is a plus group):
class 1       2       3       4       5       6       7       8       9       10      11      12      13      14      15      16      17      18      19      20      21      22      23      24      25      26      27      28      29      30      31      32      33      34      35      
2000 -3.44353e-007 -5.75741e-006 -6.80684e-005 0.00343095 0.000636172 -0.00905791 0.0474889 -0.0254833 -0.0628552 0.0590938 0.00451354 -0.0183454 -0.0447357 0.00419519 0.0103897 0.0128563 -0.00534791 0.0138933 -0.00722071 0.00156235 0.00143125 0.0015155 0.00593845 0.00581383 -0.00075627 -0.00168254 -0.000888606 0.00368935 0.000103511 -0.000604349 0.00159848 -0.000262906 -0.000169662 -0.000107913 -0.000558067 
2001 -3.44784e-007 -5.76443e-006 0.00093185 -0.000569728 0.000632181 -7.48038e-005 -0.0055621 0.103408 -0.0470168 -0.0800732 0.0393156 0.0234946 -0.0208619 -0.0269004 -0.0026737 0.0108399 0.0107128 -0.00294822 0.00500377 -0.00722803 -0.00741023 0.00363195 2.15051e-005 -0.00112867 0.00428232 -0.00265743 0.0021272 -0.000301038 0.00210915 -0.000601164 -0.000399797 -0.000262021 -0.000169234 -0.000107724 0.000441536 
2002 -3.45129e-007 -5.76996e-006 -6.8213e-005 -0.000570242 0.00562918 -8.73835e-005 0.0114002 -0.0446721 0.111863 -0.0521975 -0.0507906 0.0153583 0.0270305 -0.0189829 -0.022734 0.00480288 0.00971079 0.00210803 -0.00586685 0.00494869 0.000751853 -0.00224704 0.0021093 0.00193319 0.00132465 0.00137066 -0.000854724 -0.000289768 -0.000884049 0.0014028 -0.000397573 -0.000260821 -0.000168615 -0.000107421 -0.00055853 
2003 -3.45413e-007 -5.77445e-006 -6.82633e-005 0.000429356 -0.000373116 0.000903198 0.00137237 0.0272692 -0.066224 0.117712 -0.0448685 -0.0457072 0.030937 0.00194507 -0.00278768 -0.0192348 0.00568997 0.0011131 0.0021818 -0.00794853 0.00588814 -0.0041241 0.00119991 -0.0030019 -0.00163018 0.000401191 0.000165303 -0.00127703 -0.000876193 -0.000592514 0.000605135 0.000740688 0.000832195 -0.000107004 -0.000558275 
2004 -3.45654e-007 -5.77823e-006 -6.8305e-005 -0.000570969 -0.000374924 0.000895981 0.00935161 0.0112263 0.0187131 -0.0583531 0.114076 -0.0327545 -0.0541022 0.0118807 0.014164 -0.0112697 -0.0143334 0.00110184 0.00218961 0.00509158 -0.00603212 -0.00102095 -0.00270849 -0.00293525 -0.000583043 -0.000566419 -0.000813079 -0.00126302 0.000132611 -0.000587148 -0.000391698 -0.000257502 -0.000166806 -0.000106472 0.000442304 
2005 -3.45868e-007 -5.78154e-006 -6.8341e-005 0.000428755 -0.00337642 -0.00510979 -0.00566439 0.0241944 0.0166677 0.0186011 -0.0559632 0.0872125 -0.0311298 -0.0401418 0.0151195 0.00469786 -0.00935612 -0.0169126 0.00918384 0.00409977 0.000999804 -0.00596033 -0.00463175 0.000131881 -0.000534834 -0.00153276 -0.000790249 -0.000247978 0.00114223 -0.000581174 0.000611899 -0.000255404 -0.000165621 -0.000105825 -0.000556783 
2006 -3.46091e-007 -5.78506e-006 -6.83796e-005 -0.000571542 0.00162198 -0.0071159 0.00531919 -0.00583629 0.0336297 -0.0134297 0.0280147 -0.0548053 0.0738553 -0.0171545 -0.0328911 0.00866783 -0.000377692 -0.0119274 -0.00882525 -0.00190318 0.00400695 0.00106408 0.000413222 -0.000812174 0.00151341 -0.000498587 -0.000766713 0.000767772 -0.000847528 0.000425286 -0.000384145 -0.000253055 -0.000164269 -0.000105072 -0.00055557 
2007 -3.46299e-007 -5.78833e-006 -6.84157e-005 -0.000571818 0.0016205 0.00287853 -0.0116955 -0.00586319 -0.0154039 0.0225439 0.00200017 0.0301863 -0.0361509 0.0638405 -0.0238955 -0.024336 0.00260213 -0.00294151 -0.00783456 -0.00390855 5.89217e-006 0.00207025 0.000431779 -0.000779106 0.00255379 0.000535731 -0.000742723 0.00378408 -0.000836762 0.000432192 0.000620156 -0.000250455 -0.000162745 -0.000104205 -0.000553988 
2008 -3.46497e-007 -5.79142e-006 -6.84497e-005 -0.000572081 0.000619091 -0.00912671 -0.0017091 -0.0158876 0.00256669 -0.00247942 0.0249876 -0.00781714 0.00784958 -0.0311585 0.0491054 -0.0073356 -0.0223978 -0.000954986 0.00815629 -0.00191435 -0.000997197 7.01579e-005 -0.00156318 0.00223472 0.000577721 0.00456444 0.000281336 0.00180067 0.000174367 0.000439445 -0.000375253 -0.000247634 -0.000161062 -0.000103232 0.00144798 
2009 -3.46684e-007 -5.79438e-006 -6.84822e-005 0.000427669 0.000617735 -0.000131736 -0.016722 0.00808948 -0.035461 0.0304992 -0.00502405 0.0201797 -0.00314661 0.00584761 -0.032889 0.0446689 -0.00839456 -0.0139527 0.00814757 0.00307992 -0.00500065 -0.00393148 0.00143722 0.0012387 -0.000412148 0.00158152 0.00130147 -0.000182695 -0.000814312 -0.000553066 -0.000370438 -0.000244626 -0.000159238 -0.000102158 0.000450356 
2010 -3.46863e-007 -5.7972e-006 -6.85134e-005 -0.000572572 -0.000383559 -0.00513662 0.0102654 -0.0179326 0.0105129 -0.0335205 0.0119656 -0.00582337 0.00985647 -0.00714437 0.01312 -0.0183233 0.0366116 0.00105193 -0.0108491 0.0110744 -0.00200412 6.65677e-005 -0.00256354 -0.00276069 0.00159092 0.00158883 -0.000686515 -0.000168768 0.000197028 0.000454549 -0.000365467 -0.000241473 0.000842705 -0.000100995 -0.000546857 
pearson_resids (last class is a plus group):
class 1       2       3       4       5       6       7       8       9       10      11      12      13      14      15      16      17      18      19      20      21      22      23      24      25      26      27      28      29      30      31      32      33      34      35      
2000 -0.00586816 -0.0239947 -0.0825064 1.43867 0.109873 -0.769382 2.38076 -0.906633 -1.88862 1.75198 0.14285 -0.624648 -1.65147 0.169202 0.46126 0.632755 -0.293645 0.855529 -0.501023 0.122874 0.128474 0.156358 0.709188 0.809409 -0.123628 -0.325293 -0.204668 1.01974 0.0345867 -0.245909 0.797888 -0.162165 -0.130265 -0.103887 -0.2363 
2001 -0.00587183 -0.0240093 1.12883 -0.238758 0.109119 -0.0063501 -0.278681 3.67692 -1.41195 -2.37268 1.24335 0.799375 -0.769588 -1.08422 -0.118635 0.533412 0.588726 -0.182065 0.349007 -0.572057 -0.66935 0.377016 0.00258334 -0.158009 0.703643 -0.516189 0.492004 -0.083514 0.706969 -0.24526 -0.199989 -0.161892 -0.130101 -0.103796 0.186892 
2002 -0.00587477 -0.0240208 -0.082594 -0.238866 0.971203 -0.00741472 0.570943 -1.58776 3.35799 -1.54606 -1.60559 0.522216 0.996532 -0.764663 -1.0082 0.236245 0.533645 0.130312 -0.410446 0.393776 0.0683556 -0.234761 0.254981 0.272277 0.218902 0.267657 -0.19865 -0.0807375 -0.297461 0.5742  -0.199432 -0.161521 -0.129863 -0.10365 -0.236399 
2003 -0.00587718 -0.0240302 -0.0826244 0.179787 -0.064352 0.0766135 0.0687089 0.968915 -1.98737 3.48554 -1.41795 -1.55367 1.13994 0.0783107 -0.123568 -0.945733 0.312594 0.0688149 0.152814 -0.63448 0.538293 -0.433735 0.146007 -0.425518 -0.271057 0.0788006 0.0386276 -0.357584 -0.296135 -0.243488 0.304588 0.460024 0.642478 -0.103448 -0.236344 
2004 -0.00587924 -0.024038 -0.0826496 -0.239018 -0.0646466 0.0759822 0.468085 0.398797 0.561458 -1.72752 3.60428 -1.11314 -1.99307 0.478113 0.627578 -0.553891 -0.787187 0.0681049 0.153388 0.406932 -0.553258 -0.107981 -0.3318 -0.418856 -0.0975784 -0.111952 -0.191126 -0.355615 0.0450465 -0.242383 -0.197952 -0.160489 -0.129164 -0.103191 0.187346 
2005 -0.00588105 -0.0240449 -0.0826715 0.179441 -0.582053 -0.43324 -0.283473 0.859328 0.500014 0.550597 -1.76792 2.96339 -1.14661 -1.61517 0.669653 0.230812 -0.513671 -1.0451 0.643268 0.327747 0.0918211 -0.632504 -0.570658 0.0189479 -0.0901162 -0.30495 -0.186938 -0.0702394 0.390173 -0.241146 0.310664 -0.159834 -0.128705 -0.102877 -0.236028 
2006 -0.00588295 -0.0240522 -0.0826948 -0.239138 0.279543 -0.603202 0.266148 -0.207258 1.00873 -0.397482 0.884931 -1.86207 2.7201  -0.690177 -1.45663 0.425721 -0.0207299 -0.736845 -0.618019 -0.152132 0.368103 0.113072 0.0510836 -0.117362 0.256753 -0.0998705 -0.182572 0.218854 -0.291247 0.177452 -0.196034 -0.159097 -0.128178 -0.10251 -0.235771 
2007 -0.00588472 -0.024059 -0.0827166 -0.239196 0.279227 0.24396 -0.58509 -0.208184 -0.461989 0.667179 0.063178 1.02558 -1.33139 2.5684  -1.05821 -1.19521 0.142779 -0.181673 -0.548522 -0.312379 0.000541267 0.220065 0.0534526 -0.11297 0.435776 0.108053 -0.17807 1.08585 -0.289389 0.181426 0.318259 -0.158278 -0.127582 -0.102086 -0.235435 
2008 -0.0058864 -0.0240654 -0.0827371 -0.239251 0.106653 -0.773362 -0.0854875 -0.56405 0.076972 -0.0733722 0.789228 -0.265582 0.289091 -1.25357 2.17464 -0.360274 -1.22897 -0.0589673 0.570925 -0.152972 -0.0915929 0.00745765 -0.19359 0.3245  0.0989248 0.926016 0.067921 0.520267 0.0607087 0.185659 -0.193751 -0.157383 -0.12692 -0.101608 0.616463 
2009 -0.00588799 -0.0240716 -0.0827568 0.178817 0.106398 -0.0111608 -0.836297 0.287163 -1.06333 0.902486 -0.158677 0.685581 -0.115889 0.23527 -1.45657 2.19394 -0.460631 -0.861569 0.570198 0.246066 -0.459246 -0.417871 0.177996 0.179946 -0.0706776 0.32198 0.316059 -0.0531555 -0.285478 -0.235239 -0.192503 -0.156424 -0.1262 -0.101078 0.192147 
2010 -0.00588951 -0.0240774 -0.0827757 -0.239353 -0.0660512 -0.435108 0.513319 -0.636502 0.315214 -0.991824 0.377899 -0.197839 0.363017 -0.28746 0.581095 -0.900038 2.00915 0.0649613 -0.759321 0.884626 -0.184027 0.00707462 -0.317469 -0.401069 0.272944 0.323957 -0.16731 -0.0493948 0.069559 0.19468 -0.191207 -0.155413 0.671973 -0.100501 -0.233914 
objective function: multinomial likelihood, with delta = 1e-011, N =
100 100 100 100 100 100 100 100 100 100 100 100 100 100 100 100 100 100 100 100 100 100 100 100 100 100 100 100 100 100 100 100 100 100 100 
100 100 100 100 100 100 100 100 100 100 100 100 100 100 100 100 100 100 100 100 100 100 100 100 100 100 100 100 100 100 100 100 100 100 100 
100 100 100 100 100 100 100 100 100 100 100 100 100 100 100 100 100 100 100 100 100 100 100 100 100 100 100 100 100 100 100 100 100 100 100 
100 100 100 100 100 100 100 100 100 100 100 100 100 100 100 100 100 100 100 100 100 100 100 100 100 100 100 100 100 100 100 100 100 100 100 
100 100 100 100 100 100 100 100 100 100 100 100 100 100 100 100 100 100 100 100 100 100 100 100 100 100 100 100 100 100 100 100 100 100 100 
100 100 100 100 100 100 100 100 100 100 100 100 100 100 100 100 100 100 100 100 100 100 100 100 100 100 100 100 100 100 100 100 100 100 100 
100 100 100 100 100 100 100 100 100 100 100 100 100 100 100 100 100 100 100 100 100 100 100 100 100 100 100 100 100 100 100 100 100 100 100 
100 100 100 100 100 100 100 100 100 100 100 100 100 100 100 100 100 100 100 100 100 100 100 100 100 100 100 100 100 100 100 100 100 100 100 
100 100 100 100 100 100 100 100 100 100 100 100 100 100 100 100 100 100 100 100 100 100 100 100 100 100 100 100 100 100 100 100 100 100 100 
100 100 100 100 100 100 100 100 100 100 100 100 100 100 100 100 100 100 100 100 100 100 100 100 100 100 100 100 100 100 100 100 100 100 100 
100 100 100 100 100 100 100 100 100 100 100 100 100 100 100 100 100 100 100 100 100 100 100 100 100 100 100 100 100 100 100 100 100 100 100 

Tags2005_R1_R1 :
tag-recapture data for tag Tags2005_R1 in years 2006 2007 2008 2009 2010 , step 1, after proportion 0.5 of mortality, with sampling method size, detection probability 1.
Year 2006
class scanned recaptured expected_prop neg_log_likelihood
100 0 0 0 0
150 0 0 0 0
200 0 0 0 0
250 0 0 0 0
300 0 0 0 0
350 0 0 0 0
400 0 0 0 0
450 0 0 0 0
500 0 0 0 0
550 0 0 2.18951e-015 0
600 2 0 1.63499e-010 3.26997e-010
650 2 0 1.90126e-009 3.80252e-009
700 6 0 1.76836e-007 1.06101e-006
750 12 0 2.2096e-006 2.65152e-005
800 42 0 2.8873e-006 0.000121267
850 88 0 8.91364e-006 0.000784404
900 184 0 1.55991e-005 0.00287026
950 442 0 3.88553e-005 0.0171744
1000 978 0 8.3197e-005 0.0813701
1050 1750 0.1 0.000188157 0.390475
1100 2868 0.8 0.000371839 0.943767
1150 3990 2.5 0.000624604 1.40995
1200 4534 4.1 0.000856956 1.65009
1250 4622 4.5 0.000989776 1.68959
1300 4486 3.5 0.00100817 1.69427
1350 3964 2.7 0.000928333 1.58997
1400 3078 1.8 0.000766624 1.33079
1450 2142 0.8 0.000563256 0.985087
1500 1224 0.2 0.000380113 0.532863
1550 508 0 0.00025055 0.127296
1600 140 0 0.00016879 0.0236327
1650 24 0 0.000120282 0.00288694
1700 2 0 9.74038e-005 0.000194817
1750 0 0 8.99758e-005 0
1800 0 0 8.54057e-005 0
1850 0 0 3.49846e-005 0
1900 0 0 0 0
1950 0 0 0 0
2000 0 0 0 0

total neg_log_likelihood: 12.4732


Year 2007
class scanned recaptured expected_prop neg_log_likelihood
100 0 0 0 0
150 0 0 0 0
200 0 0 0 0
250 0 0 0 0
300 0 0 0 0
350 0 0 0 0
400 0 0 0 0
450 0 0 0 0
500 0 0 0 0
550 0 0 0 0
600 2 0 1.2928e-016 2.22045e-016
650 2 0 1.51545e-015 3.10862e-015
700 12 0 1.22495e-010 1.46994e-009
750 16 0 6.84215e-009 1.09474e-007
800 32 0 1.61429e-007 5.16574e-006
850 78 0 1.79001e-006 0.000139621
900 208 0 3.60684e-006 0.000750224
950 426 0 1.01003e-005 0.00430275
1000 848 0 2.38762e-005 0.0202472
1050 1702 0 6.26842e-005 0.106692
1100 2820 0.2 0.000154435 0.516356
1150 3848 0.8 0.00033873 1.02028
1200 4558 2.3 0.00060121 1.40861
1250 4676 4.7 0.000845326 1.77654
1300 4456 5.8 0.000970966 2.03825
1350 4012 4.5 0.000954989 1.74417
1400 3186 2.8 0.000820738 1.46936
1450 2164 1.5 0.000620668 1.18497
1500 1206 0.5 0.000429131 0.725885
1550 498 0.1 0.000288924 0.287788
1600 138 0 0.000198159 0.0273487
1650 24 0 0.000143029 0.00343294
1700 2 0 0.000116559 0.000233132
1750 0 0 0.000107902 0
1800 0 0 0.000103128 0
1850 0 0 4.34724e-005 0
1900 0 0 0 0
1950 0 0 0 0
2000 0 0 0 0

total neg_log_likelihood: 12.3354


Year 2008
class scanned recaptured expected_prop neg_log_likelihood
100 0 0 0 0
150 0 0 0 0
200 0 0 0 0
250 0 0 0 0
300 0 0 0 0
350 0 0 0 0
400 0 0 0 0
450 0 0 0 0
500 0 0 0 0
550 0 0 0 0
600 2 0 0 0
650 2 0 0 0
700 10 0 9.7616e-017 1.11022e-015
750 16 0 5.45759e-015 8.70415e-014
800 58 0 5.59092e-010 3.24273e-008
850 110 0 2.73927e-008 3.01319e-006
900 176 0 3.64379e-007 6.41308e-005
950 408 0 2.12206e-006 0.000865799
1000 894 0 5.96812e-006 0.00533551
1050 1572 0.1 1.78457e-005 0.335515
1100 2624 0.3 5.216e-005 0.625263
1150 3798 0.6 0.000145459 0.795815
1200 4482 1 0.000340279 1.10297
1250 4678 2.2 0.00061644 1.43896
1300 4498 3.6 0.0008539 1.58982
1350 4042 4.6 0.000939963 1.77856
1400 3270 3.9 0.000859378 1.80866
1450 2224 2.3 0.000674818 1.55373
1500 1212 0.9 0.000479519 1.03029
1550 492 0.3 0.000330083 0.599247
1600 136 0.1 0.000230623 0.327349
1650 24 0 0.000168774 0.00405091
1700 2 0 0.000138552 0.000277123
1750 0 0 0.000128585 0
1800 0 0 0.000123688 0
1850 0 0 5.4108e-005 0
1900 0 0 0 0
1950 0 0 0 0
2000 0 0 0 0

total neg_log_likelihood: 12.9968


Year 2009
class scanned recaptured expected_prop neg_log_likelihood
100 0 0 0 0
150 0 0 0 0
200 0 0 0 0
250 0 0 0 0
300 0 0 0 0
350 0 0 0 0
400 0 0 0 0
450 0 0 0 0
500 0 0 0 0
550 0 0 0 0
600 2 0 0 0
650 2 0 0 0
700 10 0 0 0
750 16 0 0 0
800 46 0 4.45949e-016 2.04281e-014
850 114 0 2.47587e-010 2.82249e-008
900 290 0 5.80741e-009 1.68415e-006
950 508 0 1.32098e-007 6.71057e-005
1000 818 0 1.02071e-006 0.000834944
1050 1578 0 4.3582e-006 0.00687726
1100 2582 0.1 1.51939e-005 0.313169
1150 3536 0.4 5.20991e-005 0.741204
1200 4346 1.1 0.000158664 1.14376
1250 4648 2.1 0.000378759 1.35991
1300 4526 2.8 0.000664361 1.47037
1350 4094 2.5 0.000863325 1.57886
1400 3334 2.1 0.000869977 1.4514
1450 2288 1.7 0.000720848 1.23315
1500 1236 0.9 0.00052961 0.996635
1550 492 0.4 0.000373482 0.741446
1600 134 0.1 0.000266027 0.318825
1650 24 0 0.000197533 0.00474127
1700 2 0 0.000163479 0.000326984
1750 0 0 0.000152151 0
1800 0 0 0.000147206 0
1850 0 0 6.71558e-005 0
1900 0 0 0 0
1950 0 0 0 0
2000 0 0 0 0

total neg_log_likelihood: 11.3616


Year 2010
class scanned recaptured expected_prop neg_log_likelihood
100 0 0 0 0
150 0 0 0 0
200 0 0 0 0
250 0 0 0 0
300 0 0 0 0
350 0 0 0 0
400 0 0 0 0
450 0 0 0 0
500 0 0 0 0
550 0 0 0 0
600 2 0 0 0
650 2 0 0 0
700 8 0 0 0
750 14 0 0 0
800 48 0 0 0
850 106 0 1.97508e-016 2.35367e-014
900 250 0 1.21073e-010 3.02683e-008
950 590 0 3.58106e-009 2.11283e-006
1000 1178 0 6.80571e-008 8.01713e-005
1050 1710 0 6.91346e-007 0.0011822
1100 2488 0 3.7574e-006 0.00934844
1150 3506 0 1.62978e-005 0.0571407
1200 4146 0.1 6.3529e-005 0.346922
1250 4474 0.6 0.000199924 0.848732
1300 4482 1.7 0.000454434 1.26209
1350 4114 2.5 0.000725639 1.45174
1400 3378 2.2 0.000838315 1.42694
1450 2336 1.2 0.000751114 1.17667
1500 1262 0.4 0.000576616 0.735113
1550 496 0.1 0.000418169 0.314755
1600 134 0 0.000304045 0.0407482
1650 24 0 0.00022923 0.00550215
1700 2 0 0.000191361 0.000382759
1750 0 0 0.000178676 0
1800 0 0 0.000173747 0
1850 0 0 8.28632e-005 0
1900 0 0 0 0
1950 0 0 0 0
2000 0 0 0 0

total neg_log_likelihood: 7.67735


Tags2006_R1_R1 :
tag-recapture data for tag Tags2006_R1 in years 2007 2008 2009 2010 , step 1, after proportion 0.5 of mortality, with sampling method size, detection probability 1.
Year 2007
class scanned recaptured expected_prop neg_log_likelihood
100 0 0 0 0
150 0 0 0 0
200 0 0 0 0
250 0 0 0 0
300 0 0 0 0
350 0 0 0 0
400 0 0 0 0
450 0 0 0 0
500 0 0 0 0
550 0 0 3.74318e-010 0
600 2 0 2.49846e-007 4.99693e-007
650 2 0 3.15869e-007 6.31738e-007
700 12 0 3.92447e-007 4.70937e-006
750 16 0 1.27782e-006 2.04452e-005
800 32 0 1.45453e-006 4.65451e-005
850 78 0 3.01795e-006 0.000235401
900 208 0 7.53066e-006 0.00156638
950 426 0 2.89271e-005 0.0123231
1000 848 0.1 7.43883e-005 0.289484
1050 1702 0.5 0.0001818 0.775027
1100 2820 1.3 0.000363136 1.14713
1150 3848 2.4 0.000613218 1.39123
1200 4558 3.2 0.000848461 1.58737
1250 4676 4.3 0.000987877 1.67844
1300 4456 5 0.00101355 1.76479
1350 4012 5.1 0.000942402 1.95667
1400 3186 3.8 0.000786907 1.89542
1450 2164 2.2 0.000583214 1.63511
1500 1206 0.8 0.000395573 0.997778
1550 498 0.3 0.000261318 0.633441
1600 138 0 0.000176174 0.0243142
1650 24 0 0.000125574 0.00301397
1700 2 0 0.000101708 0.000203425
1750 0 0 9.39579e-005 0
1800 0 0 8.9168e-005 0
1850 0 0 3.6713e-005 0
1900 0 0 0 0
1950 0 0 0 0
2000 0 0 0 0

total neg_log_likelihood: 15.7936


Year 2008
class scanned recaptured expected_prop neg_log_likelihood
100 0 0 0 0
150 0 0 0 0
200 0 0 0 0
250 0 0 0 0
300 0 0 0 0
350 0 0 0 0
400 0 0 0 0
450 0 0 0 0
500 0 0 0 0
550 0 0 0 0
600 2 0 2.21015e-011 4.42031e-011
650 2 0 2.5908e-010 5.1816e-010
700 10 0 2.41121e-008 2.41121e-007
750 16 0 3.00958e-007 4.81533e-006
800 58 0 3.82644e-007 2.21934e-005
850 110 0 1.07687e-006 0.000118455
900 176 0 1.65065e-006 0.000290515
950 408 0 4.22225e-006 0.00172268
1000 894 0 1.53593e-005 0.0137313
1050 1572 0.2 5.34938e-005 0.493827
1100 2624 0.6 0.000146923 0.844717
1150 3798 1.6 0.000330564 1.24867
1200 4482 2.5 0.000591118 1.41426
1250 4678 2.9 0.000838201 1.626
1300 4498 2.9 0.000971105 1.76002
1350 4042 3 0.000963941 1.60769
1400 3270 3.2 0.000837644 1.56279
1450 2224 2.7 0.000640089 1.89786
1500 1212 1.6 0.000445652 1.88286
1550 492 0.6 0.000301077 1.18093
1600 136 0.1 0.000206764 0.335027
1650 24 0 0.000149303 0.00358355
1700 2 0 0.000121698 0.000243411
1750 0 0 0.000112671 0
1800 0 0 0.000107664 0
1850 0 0 4.55553e-005 0
1900 0 0 0 0
1950 0 0 0 0
2000 0 0 0 0

total neg_log_likelihood: 15.8744


Year 2009
class scanned recaptured expected_prop neg_log_likelihood
100 0 0 0 0
150 0 0 0 0
200 0 0 0 0
250 0 0 0 0
300 0 0 0 0
350 0 0 0 0
400 0 0 0 0
450 0 0 0 0
500 0 0 0 0
550 0 0 0 0
600 2 0 0 0
650 2 0 0 0
700 10 0 1.66878e-011 1.66878e-010
750 16 0 9.33025e-010 1.49284e-008
800 46 0 2.19815e-008 1.01115e-006
850 114 0 2.42146e-007 2.76046e-005
900 290 0 4.64192e-007 0.000134616
950 508 0 1.16572e-006 0.000592186
1000 818 0 2.7169e-006 0.00222243
1050 1578 0 1.0868e-005 0.0171497
1100 2582 0 4.34771e-005 0.11226
1150 3536 0.1 0.000137376 0.508099
1200 4346 0.7 0.000332027 1.09046
1250 4648 2.2 0.000607619 1.42532
1300 4526 3.9 0.000849246 1.62073
1350 4094 4.4 0.00094386 1.71369
1400 3334 3.3 0.000872343 1.56586
1450 2288 1.9 0.000692712 1.31238
1500 1236 0.9 0.000496527 1.01381
1550 492 0.3 0.000343477 0.593902
1600 134 0 0.000240494 0.0322301
1650 24 0 0.000176132 0.00422753
1700 2 0 0.000144637 0.000289295
1750 0 0 0.00013426 0
1800 0 0 0.000129128 0
1850 0 0 5.66223e-005 0
1900 0 0 0 0
1950 0 0 0 0
2000 0 0 0 0

total neg_log_likelihood: 11.0134


Year 2010
class scanned recaptured expected_prop neg_log_likelihood
100 0 0 0 0
150 0 0 0 0
200 0 0 0 0
250 0 0 0 0
300 0 0 0 0
350 0 0 0 0
400 0 0 0 0
450 0 0 0 0
500 0 0 0 0
550 0 0 0 0
600 2 0 0 0
650 2 0 0 0
700 8 0 0 0
750 14 0 0 0
800 48 0 7.62365e-011 3.65935e-009
850 106 0 3.71956e-009 3.94273e-007
900 250 0 4.92162e-008 1.23041e-005
950 590 0 2.79049e-007 0.000164639
1000 1178 0 7.28133e-007 0.000857741
1050 1710 0 2.23188e-006 0.00381652
1100 2488 0.1 9.76643e-006 0.34614
1150 3506 0.3 4.41172e-005 0.606389
1200 4146 0.8 0.000150459 0.930163
1250 4474 1.2 0.00037051 1.14801
1300 4482 2.2 0.00065731 1.45425
1350 4114 3.3 0.00086258 1.54961
1400 3378 3.3 0.000878668 1.5585
1450 2336 2.2 0.000736434 1.41178
1500 1262 1.1 0.000546419 1.14349
1550 496 0.4 0.000387825 0.73174
1600 134 0.1 0.000277132 0.316223
1650 24 0 0.000206042 0.00494551
1700 2 0 0.0001706 0.000341229
1750 0 0 0.000158836 0
1800 0 0 0.00015368 0
1850 0 0 7.01837e-005 0
1900 0 0 0 0
1950 0 0 0 0
2000 0 0 0 0

total neg_log_likelihood: 11.2064


Tags2007_R1_R1 :
tag-recapture data for tag Tags2007_R1 in years 2008 2009 2010 , step 1, after proportion 0.5 of mortality, with sampling method size, detection probability 1.
Year 2008
class scanned recaptured expected_prop neg_log_likelihood
100 0 0 0 0
150 0 0 0 0
200 0 0 0 0
250 0 0 0 0
300 0 0 0 0
350 0 0 0 0
400 0 0 0 0
450 0 0 0 0
500 0 0 0 0
550 0 0 3.74415e-010 0
600 2 0 2.49949e-007 4.99899e-007
650 2 0 3.16321e-007 6.32643e-007
700 10 0 4.25798e-007 4.25798e-006
750 16 0 1.68885e-006 2.70217e-005
800 58 0 1.85743e-006 0.000107731
850 110 0 3.13936e-006 0.00034533
900 176 0 7.54251e-006 0.00132749
950 408 0 2.89567e-005 0.0118145
1000 894 0.2 7.49131e-005 0.522191
1050 1572 0.7 0.000185344 1.05862
1100 2624 1.2 0.000373272 1.10109
1150 3798 1.7 0.000627338 1.34134
1200 4482 3.3 0.000859612 1.58244
1250 4678 5.3 0.000992987 1.8121
1300 4498 5.4 0.00101385 1.84999
1350 4042 3.9 0.000939208 1.62167
1400 3270 2.3 0.00078001 1.3838
1450 2224 1.4 0.00057335 1.15141
1500 1212 0.9 0.000385059 1.11329
1550 492 0.4 0.000251895 0.839198
1600 136 0.2 0.00016837 0.692243
1650 24 0 0.000119254 0.00286226
1700 2 0 9.62598e-005 0.000192529
1750 0 0 8.87961e-005 0
1800 0 0 8.3953e-005 0
1850 0 0 3.41682e-005 0
1900 0 0 0 0
1950 0 0 0 0
2000 0 0 0 0

total neg_log_likelihood: 16.0861


Year 2009
class scanned recaptured expected_prop neg_log_likelihood
100 0 0 0 0
150 0 0 0 0
200 0 0 0 0
250 0 0 0 0
300 0 0 0 0
350 0 0 0 0
400 0 0 0 0
450 0 0 0 0
500 0 0 0 0
550 0 0 0 0
600 2 0 2.21071e-011 4.42142e-011
650 2 0 2.59148e-010 5.18296e-010
700 10 0 2.41415e-008 2.41415e-007
750 16 0 3.02337e-007 4.83739e-006
800 46 0 4.12701e-007 1.89843e-005
850 114 0 1.39073e-006 0.000158544
900 290 0 2.0139e-006 0.000584032
950 508 0 4.34964e-006 0.00220962
1000 818 0 1.53937e-005 0.0125922
1050 1578 0 5.38711e-005 0.0850108
1100 2582 0.1 0.000149595 0.431505
1150 3536 0.7 0.0003389 0.975816
1200 4346 2.3 0.000603597 1.39194
1250 4648 4.2 0.000848151 1.66409
1300 4526 5.1 0.000975097 1.80022
1350 4094 4.4 0.000962867 1.70377
1400 3334 3.4 0.000832492 1.62032
1450 2288 2.2 0.000631646 1.5201
1500 1236 1 0.000435783 1.15704
1550 492 0.3 0.000291584 0.617516
1600 134 0 0.000198486 0.0265998
1650 24 0 0.000142374 0.00341722
1700 2 0 0.000115629 0.000231271
1750 0 0 0.000106893 0
1800 0 0 0.000101749 0
1850 0 0 4.24335e-005 0
1900 0 0 0 0
1950 0 0 0 0
2000 0 0 0 0

total neg_log_likelihood: 13.0131


Year 2010
class scanned recaptured expected_prop neg_log_likelihood
100 0 0 0 0
150 0 0 0 0
200 0 0 0 0
250 0 0 0 0
300 0 0 0 0
350 0 0 0 0
400 0 0 0 0
450 0 0 0 0
500 0 0 0 0
550 0 0 0 0
600 2 0 0 0
650 2 0 0 0
700 8 0 1.66916e-011 1.33532e-010
750 14 0 9.33266e-010 1.30657e-008
800 48 0 2.20926e-008 1.06045e-006
850 106 0 2.47161e-007 2.61991e-005
900 250 0 5.27989e-007 0.000131997
950 590 0 1.45222e-006 0.000856812
1000 1178 0 2.99495e-006 0.00352806
1050 1710 0 1.09738e-005 0.0187653
1100 2488 0.1 4.38702e-005 0.280761
1150 3506 0.6 0.000139936 0.805197
1200 4146 1.4 0.000339623 1.14565
1250 4474 2.3 0.000618532 1.41306
1300 4482 3.2 0.000857169 1.58304
1350 4114 2.9 0.000945768 1.61819
1400 3378 1.7 0.000869071 1.5397
1450 2336 0.7 0.000685687 1.17621
1500 1262 0.2 0.000487479 0.626975
1550 496 0 0.000334142 0.165762
1600 134 0 0.000231901 0.0310783
1650 24 0 0.000168669 0.0040484
1700 2 0 0.00013798 0.000275979
1750 0 0 0.000127894 0
1800 0 0 0.000122529 0
1850 0 0 5.28059e-005 0
1900 0 0 0 0
1950 0 0 0 0
2000 0 0 0 0

total neg_log_likelihood: 10.4133


Tags2008_R1_R1 :
tag-recapture data for tag Tags2008_R1 in years 2009 2010 , step 1, after proportion 0.5 of mortality, with sampling method size, detection probability 1.
Year 2009
class scanned recaptured expected_prop neg_log_likelihood
100 0 0 0 0
150 0 0 0 0
200 0 0 0 0
250 0 0 0 0
300 0 0 0 0
350 0 0 0 0
400 0 0 0 0
450 0 0 0 0
500 0 0 0 0
550 0 0 0 0
600 2 0 1.73286e-013 3.46612e-013
650 2 0 2.03132e-012 4.06275e-012
700 10 0 3.76706e-010 3.76706e-009
750 16 0 1.28516e-008 2.05626e-007
800 46 0 2.54213e-007 1.16938e-005
850 114 0 2.93164e-006 0.000334207
900 290 0 7.90447e-006 0.00229231
950 508 0 2.92655e-005 0.0148671
1000 818 0.1 7.30254e-005 0.291586
1050 1578 0.4 0.000175765 0.670602
1100 2582 1.1 0.000350681 1.05994
1150 3536 2 0.000595268 1.30923
1200 4346 2.8 0.000831492 1.56252
1250 4648 3.1 0.000981328 1.77536
1300 4526 3.1 0.0010234 1.7984
1350 4094 3.4 0.000965571 1.59552
1400 3334 3.4 0.000812237 1.63655
1450 2288 2.3 0.000600753 1.62966
1500 1236 1 0.000403558 1.19405
1550 492 0.3 0.000262951 0.634441
1600 134 0 0.000174685 0.0234099
1650 24 0 0.000122987 0.00295187
1700 2 0 9.89084e-005 0.000197827
1750 0 0 9.11153e-005 0
1800 0 0 8.58345e-005 0
1850 0 0 3.4273e-005 0
1900 0 0 0 0
1950 0 0 0 0
2000 0 0 0 0

total neg_log_likelihood: 15.2019


Year 2010
class scanned recaptured expected_prop neg_log_likelihood
100 0 0 0 0
150 0 0 0 0
200 0 0 0 0
250 0 0 0 0
300 0 0 0 0
350 0 0 0 0
400 0 0 0 0
450 0 0 0 0
500 0 0 0 0
550 0 0 0 0
600 2 0 0 0
650 2 0 0 0
700 8 0 1.30836e-013 1.04627e-012
750 14 0 7.31537e-012 1.02415e-010
800 48 0 1.02962e-009 4.9422e-008
850 106 0 4.55106e-008 4.82412e-006
900 250 0 6.00279e-007 0.00015007
950 590 0 4.11692e-006 0.00242899
1000 1178 0 1.56648e-005 0.0184533
1050 1710 0.2 5.28563e-005 0.485692
1100 2488 0.8 0.000142489 1.11292
1150 3506 2.5 0.000319665 2.03665
1200 4146 3.8 0.000574846 1.96415
1250 4474 3.7 0.000824045 1.59518
1300 4482 2.9 0.000969388 1.75225
1350 4114 2.4 0.000978445 1.77543
1400 3378 2.2 0.000860623 1.44453
1450 2336 1.6 0.000659669 1.20618
1500 1262 0.8 0.000456602 0.945847
1550 496 0.2 0.000304934 0.443442
1600 134 0 0.000206562 0.0276822
1650 24 0 0.000147365 0.00353703
1700 2 0 0.000119263 0.00023854
1750 0 0 0.00011012 0
1800 0 0 0.000104498 0
1850 0 0 4.26518e-005 0
1900 0 0 0 0
1950 0 0 0 0
2000 0 0 0 0

total neg_log_likelihood: 14.8148


Tags2009_R1_R1 :
tag-recapture data for tag Tags2009_R1 in years 2010 , step 1, after proportion 0.5 of mortality, with sampling method size, detection probability 1.
Year 2010
class scanned recaptured expected_prop neg_log_likelihood
100 0 0 0 0
150 0 0 0 0
200 0 0 0 0
250 0 0 0 0
300 0 0 0 0
350 0 0 0 0
400 0 0 0 0
450 0 0 0 0
500 0 0 0 0
550 0 0 3.74756e-010 0
600 2 0 2.50268e-007 5.00537e-007
650 2 0 3.17535e-007 6.35071e-007
700 8 0 5.10204e-007 4.08163e-006
750 14 0 2.73601e-006 3.83042e-005
800 48 0 3.10318e-006 0.000148953
850 106 0 5.88352e-006 0.000623655
900 250 0 1.09966e-005 0.00274915
950 590 0.3 3.22533e-005 1.0992
1000 1178 0.9 7.22742e-005 2.26318
1050 1710 0.8 0.000166606 1.21816
1100 2488 1 0.000336348 1.01477
1150 3506 2.6 0.000585228 1.49573
1200 4146 4.2 0.000830365 1.73363
1250 4474 4.2 0.000982383 1.66022
1300 4482 3.2 0.00102152 1.75851
1350 4114 2.6 0.000964494 1.69733
1400 3378 2.3 0.000817463 1.41199
1450 2336 1.7 0.000611294 1.25681
1500 1262 0.8 0.000414729 0.969963
1550 496 0.2 0.000272024 0.449961
1600 134 0 0.000181308 0.0242974
1650 24 0 0.000127762 0.00306647
1700 2 0 0.000102742 0.000205495
1750 0 0 9.46594e-005 0
1800 0 0 8.92039e-005 0
1850 0 0 3.54072e-005 0
1900 0 0 0 0
1950 0 0 0 0
2000 0 0 0 0

total neg_log_likelihood: 18.0606


Output quantities start here

* Scalar parameter values
initialization.B0 60331.4

* Vector parameter values
recruitment.YCS 1 1 1 1 1 1 1 1 1 1 1 1 1 1 1 1 1 1 1 1 1 

* Nuisance q's

* B0
60331.4

* R0
1.12307e+006

* SSBs
SSB 60331.4 59934.8 59506.7 59051.9 58577 58090 57599.9 57116.1 56647.3 56200.8 55781.9 55393.7 55037.4 54712.5 54417.5 54147.2 53901.5 53678.2 53474.7 53288.8 53122.3 
year 1990 1991 1992 1993 1994 1995 1996 1997 1998 1999 2000 2001 2002 2003 2004 2005 2006 2007 2008 2009 2010 

* recruitments
recruitment 1.12307e+006 1.12307e+006 1.12245e+006 1.12178e+006 1.12105e+006 1.12028e+006 1.11947e+006 1.11865e+006 1.11783e+006 1.11702e+006 1.11624e+006 1.11549e+006 1.11479e+006 1.11414e+006 1.11354e+006 1.11299e+006 1.11248e+006 1.11202e+006 1.11159e+006 1.1112e+006 1.11084e+006 
year 1990 1991 1992 1993 1994 1995 1996 1997 1998 1999 2000 2001 2002 2003 2004 2005 2006 2007 2008 2009 2010 

* YCS
YCS 1 1 1 1 1 1 1 1 1 1 1 1 1 1 1 1 1 1 1 1 1 
year 1989 1990 1991 1992 1993 1994 1995 1996 1997 1998 1999 2000 2001 2002 2003 2004 2005 2006 2007 2008 2009 

* true_YCS
true_YCS 1 1 0.999449 0.998846 0.998198 0.99751 0.996795 0.996064 0.995331 0.99461 0.993913 0.993249 0.992627 0.992048 0.991514 0.991025 0.990572 0.990157 0.989777 0.989428 0.989107 
year 1989 1990 1991 1992 1993 1994 1995 1996 1997 1998 1999 2000 2001 2002 2003 2004 2005 2006 2007 2008 2009 

* fishing_pressures
pressure 0 0.0138796 0.0140269 0.0141661 0.0142932 0.0144063 0.0145049 0.0145892 0.0146601 0.0147192 0.0147682 0.0148088 0.0148425 0.0148707 0.0148947 0.0149154 0.014935 0.0149528 0.014969 0.0149841 0.0149981 
year 1990 1991 1992 1993 1994 1995 1996 1997 1998 1999 2000 2001 2002 2003 2004 2005 2006 2007 2008 2009 2010 

* Numbers_at_age_R1
1990  1.05462e+006 926055 813165 714036 626992 550559 483443 424509 372760 327319 287417 252379 221613 194598 170875 150045 131754 115692 101589 89204.7 78330.2 68781.4 60396.7 53034 46568.9 40892 35907.1 31529.8 27686.2 24311.1 21347.5 18745.1 16460 14453.5 104110 
1991  1.05462e+006 926055 813164 714027 626939 550336 482784 423132 370726 325194 285565 250786 220262 193467 169943 149286 131145 115210 101213 88915.3 78110.5 68616.9 60275.2 52945.6 46505.4 40847 35875.6 31508.2 27671.5 24301.3 21341 18740.9 16457.3 14451.7 104101 
1992  1.05404e+006 926055 813164 714025 626921 550233 482358 421883 368131 321377 281582 247313 217274 190933 167822 147536 129720 114067 100307 88208.3 77566.1 68203.5 59965.6 52716.9 46338.8 40727.3 35790.9 31448.9 27630.7 24273.5 21322.4 18728.6 16449.3 14446.6 104081 
1993  1.0534e+006 925545 813164 714025 626918 550215 482259 421490 367010 319086 278236 243829 214235 188318 165602 145677 128185 112817 99302.9 87412.4 76944.2 67724.2 59601.3 52443.9 46137.1 40580.3 35685.2 31374.1 27578.4 24237.5 21297.9 18712.2 16438.4 14439.5 104059 
1994  1.05272e+006 924987 812715 714025 626918 550210 482235 421384 366636 318074 276215 240899 211190 185660 163315 143735 126558 111472 98206.4 86530.8 76245.1 67177.5 59179.8 52123.4 45896.8 40402.6 35555.7 31281 27512.4 24191.4 21266.1 18690.6 16423.9 14429.9 104033 
1995  1.05199e+006 924386 812225 713631 626917 550207 482223 421346 366515 317715 275306 239121 208628 183000 160993 141735 124859 110047 97028.3 85569.7 75471.8 66563.9 58699.6 51752.9 45614.9 40191.2 35399.3 31167 27430.4 24133.2 21225.5 18662.6 16404.9 14417.2 104002 
1996  1.05124e+006 923750 811698 713201 626571 550204 482214 421321 366456 317579 274965 238308 207066 180762 158672 139708 123112 108562 95782.2 84538.3 74629.8 65886 58161.3 51331.5 45289.6 39943.6 35213.5 31029.5 27330.1 24061.2 21174.4 18626.9 16380.3 14400.5 103963 
1997  1.05047e+006 923087 811139 712738 626193 549899 482206 421300 366412 317501 274822 237992 206344 179394 156719 137683 121343 107036 94484 83448.4 73727 65148.4 57567.1 50859.4 44919.8 39658 34996.1 30866.3 27209.4 23973.1 21111 18581.9 16348.9 14378.8 103914 
1998  1.04969e+006 922410 810557 712247 625786 549565 481934 421282 366375 317440 274733 237849 206054 178756 155521 135980 119577 105492 93151.8 82313.9 72773.8 64358.3 56921.2 50338.6 44505.8 39333.6 34745.4 30675.4 27066 23867 21033.6 18526.3 16309.4 14351.2 103852 
1999  1.04893e+006 921731 809963 711736 625355 549207 481638 421035 366344 317389 274662 237757 205918 178494 154959 134934 118092 103952 91804.5 81150.3 71782.2 63524.5 56229.6 49772.8 44049.4 38970.6 34460.8 30455.4 26898.5 23741.1 20940.5 18458.3 16260.5 14316.6 103773 
2000  1.0482e+006 921063 809367 711214 624906 548827 481320 420768 366117 317347 274603 237682 205827 178366 154725 134440 117178 102657 90461.3 79974.3 70765.7 62657.6 55500 49167.3 43553.8 38570.6 34142.5 30205.8 26705.5 23594.1 20830 18376.5 16200.9 14273.6 103673 
2001  1.0475e+006 920418 808780 710690 624447 548433 480985 420485 365874 317136 274553 237620 205754 178280 154608 134231 116745 101860 89331.8 78802.3 69738.6 61769.2 54741.7 48528.8 43023.5 38136.3 33791.8 29926.6 26486.4 23424.7 20700.9 18279.5 16129.1 14221.2 103548 
2002  1.04684e+006 919804 808213 710175 623987 548030 480637 420186 365619 316915 274361 237569 205692 178210 154528 134126 116561 101481 88636.1 77816.7 68715.4 60871.7 53964.9 47865.2 42464.3 37671.6 33411.1 29619.1 26241.6 23232.5 20552.3 18166.2 16043.9 14158.2 103392 
2003  1.04623e+006 919227 807674 709678 623535 547626 480281 419878 365352 316685 274161 237395 205641 178152 154463 134053 116467 101319 88304.6 77209.4 67855 59977.8 53180.3 47185.5 41883.4 37181.8 33003.9 29285.3 25971.8 23017.7 20383.6 18035.8 15944.4 14083.4 103200 
2004  1.04567e+006 918691 807168 709204 623098 547228 479926 419564 365078 316446 273954 237216 205486 178104 154409 133994 116401 101235 88161.9 76919.6 67324.6 59226.2 52398.8 46499.1 41288.4 36672.9 32574.7 28928.3 25679.1 22781 20195.1 17887.7 15829.9 13996.1 102965 
2005  1.04515e+006 918197 806697 708759 622682 546843 479572 419241 364783 316184 273726 237017 205314 177955 154357 133939 116343 101173 88085 76792 67069.5 58761.5 51740.9 45814.9 40687.1 36151.4 32128.5 28551.8 25365.8 22524.1 19987.4 17722.2 15700 13895.6 102682 
2006  1.04468e+006 917744 806263 708346 622291 546477 479232 418925 364488 315906 273474 236797 205123 177791 154215 133883 116287 101116 88025.7 76721.1 66955.2 58536.5 51333.1 45238.3 40087.4 35624.2 31671.1 28160.3 25035.4 22249.2 19761.9 17539.9 15554.7 13781.5 102346 
2007  1.04424e+006 917324 805865 707965 621929 546134 478911 418625 364208 315644 273227 236573 204928 177621 154068 133756 116235 101065 87974.5 76668.2 66892.5 58436.1 51136.1 44881.5 39582.6 35099 31209.1 27759.4 24692.2 21959.4 19520.6 17342 15394.6 13653.9 101950 
2008  1.04384e+006 916940 805497 707616 621594 545816 478609 418342 363943 315397 272994 236354 204728 177446 153917 133626 116123 101018 87928.4 76622.4 66845.5 58380.7 51047.9 44708.8 39270.1 34656.9 30748.8 27354.3 24340.5 21658.2 19266.3 17130.2 15220.9 13513.4 101491 
2009  1.04347e+006 916588 805160 707292 621287 545521 478329 418078 363695 315164 272776 236148 204534 177270 153762 133491 116007 100918 87885.8 76580.9 66804.5 58338.8 50998.9 44631.3 39118.7 34383 30361.3 26950.8 23985.2 21349.7 19002 16907 15035 13360.9 100964 
2010  1.04313e+006 916265 804850 706996 621003 545253 478074 417839 363477 314962 272587 235970 204365 177108 153614 133361 115893 100819 87800.4 76544.9 66769 58303.6 50962.7 44588.6 39051.1 34250.6 30121.5 26611.2 23631.4 21038.1 18731.4 16675.1 14839.1 13197.7 100368 

Output quantities finish here

Unused parameters:
annual_cycle.fishery_areas annual_cycle.n_migrations annual_cycle.recruitment_areas annual_cycle.spawning_all_areas area_names recruitment.p_male recruitment.year_range tag[Tags2005_R1_LL].area tag[Tags2005_R1_LL].sex tag[Tags2006_R1_LL].area tag[Tags2006_R1_LL].sex tag[Tags2007_R1_LL].area tag[Tags2007_R1_LL].sex tag[Tags2008_R1_LL].area tag[Tags2008_R1_LL].sex tag[Tags2009_R1_LL].area tag[Tags2009_R1_LL].sex MCMC.adapt_at MCMC.adaptive_stepsize MCMC.burn_in MCMC.keep MCMC.length MCMC.start MCMC.stepsize estimate[1].lower_bound estimate[1].prior estimate[1].upper_bound profile[1].l profile[1].n profile[1].parameter profile[1].u tag_recapture[Tags2005_R1_R1].area tag_recapture[Tags2006_R1_R1].area tag_recapture[Tags2007_R1_R1].area tag_recapture[Tags2008_R1_R1].area tag_recapture[Tags2009_R1_R1].area n_projections numbers_at[Numbers_at_age_R1].area print.yields 
