CASAL (C++ algorithmic stock assessment laboratory)
Call: casal -e -O C:/Users/bstacy/Documents/GitHub/planetfish2_bugs/Output/TOA_bug_11/casalout_mpd.dat -f C:/Users/bstacy/Documents/GitHub/planetfish2_bugs/Output/TOA_bug_11/casal_ 
Date: Mon Sep 16 15:01:41 2019
v2.30-2012-03-21 00:22:59 UTC (rev.4648)  (c) Copyright 2002-2012, NIWA
User name: bstacy
Machine name: DOM-IMA-HVZRNF2 (Microsoft Windows, PID=24120)

Prefix for the input parameter filenames : C:/Users/bstacy/Documents/GitHub/planetfish2_bugs/Output/TOA_bug_11/casal_

Random number seed : 10101

Estimation parameters:
Stored as strings: 
  MCMC.adapt_at                 	1e+05 2e+05 3e+05 4e+05
  MCMC.adaptive_stepsize        	True
  MCMC.burn_in                  	500
  MCMC.keep                     	1000
  MCMC.length                   	1500000
  MCMC.start                    	0
  MCMC.stepsize                 	0.01
  ageing_error.c                	0
  ageing_error.type             	normal
  catch_at[LL_catchA].2000      	0 0 0 0.002 0.007 0.02 0.039 0.109 0.163 0.118 0.063 0.081 0.132 0.054 0.045 0.029 0.035 0.031 0.018 0.009 0.013 0.005 0.007 0.009 0.003 0.002 0.001 0.001 0 0 0 0.001 0.001 0.001 0.001
  catch_at[LL_catchA].2001      	0 0 0 0 0.004 0.039 0.036 0.079 0.143 0.165 0.083 0.056 0.069 0.121 0.04 0.042 0.024 0.016 0.018 0.019 0.01 0.008 0.004 0.005 0.006 0.004 0.003 0.001 0.001 0.001 0.003 0 0 0 0
  catch_at[LL_catchA].2002      	0 0 0 0 0.006 0.021 0.07 0.066 0.106 0.164 0.126 0.099 0.049 0.048 0.082 0.023 0.038 0.016 0.016 0.017 0.012 0.013 0.005 0.006 0.003 0.004 0.004 0.002 0.001 0 0 0.001 0.001 0 0.001
  catch_at[LL_catchA].2003      	0 0 0 0.001 0.01 0.021 0.046 0.148 0.106 0.114 0.134 0.107 0.058 0.039 0.035 0.072 0.02 0.024 0.01 0.009 0.011 0.009 0.005 0.002 0.006 0.002 0.005 0.003 0 0.002 0 0 0 0.001 0
  catch_at[LL_catchA].2004      	0 0 0 0 0.001 0.026 0.059 0.105 0.205 0.082 0.09 0.108 0.096 0.044 0.033 0.027 0.054 0.016 0.015 0.01 0.003 0.008 0.005 0.002 0 0.001 0.002 0.001 0.002 0 0.002 0.001 0.001 0 0.001
  catch_at[LL_catchA].2005      	0 0 0 0 0 0.011 0.046 0.092 0.171 0.196 0.079 0.087 0.081 0.067 0.033 0.023 0.014 0.044 0.015 0.01 0.005 0.006 0.011 0.001 0 0.003 0.001 0 0.002 0.001 0 0 0 0 0.001
  catch_at[LL_catchA].2006      	0 0 0 0.001 0.001 0.004 0.035 0.113 0.111 0.173 0.171 0.073 0.062 0.07 0.049 0.033 0.014 0.018 0.03 0.007 0.009 0.007 0.003 0.004 0.003 0.003 0.001 0.002 0 0.001 0.001 0 0 0 0.001
  catch_at[LL_catchA].2007      	0 0 0 0.001 0.005 0.003 0.012 0.076 0.143 0.169 0.143 0.152 0.052 0.043 0.059 0.034 0.027 0.014 0.009 0.025 0.006 0.005 0.007 0.004 0.003 0.003 0.002 0 0 0 0.002 0 0.001 0 0
  catch_at[LL_catchA].2008      	0 0 0.001 0.001 0.004 0.008 0.021 0.027 0.098 0.17 0.139 0.133 0.134 0.057 0.037 0.043 0.034 0.035 0.013 0.012 0.014 0.005 0.003 0.004 0 0.003 0.001 0.001 0 0 0 0 0 0.001 0.001
  catch_at[LL_catchA].2009      	0 0 0.001 0 0.002 0.017 0.045 0.048 0.042 0.122 0.151 0.138 0.095 0.111 0.043 0.035 0.042 0.033 0.024 0.009 0.007 0.016 0.003 0.006 0.004 0.001 0.001 0.001 0 0 0.001 0 0 0 0.002
  catch_at[LL_catchA].2010      	0 0 0.001 0 0.001 0.016 0.048 0.089 0.078 0.055 0.101 0.129 0.117 0.101 0.102 0.033 0.031 0.029 0.019 0.011 0.007 0.008 0.01 0.004 0.003 0 0.003 0 0.003 0 0 0 0 0 0.001
  catch_at[LL_catchA].N_2000    	100
  catch_at[LL_catchA].N_2001    	100
  catch_at[LL_catchA].N_2002    	100
  catch_at[LL_catchA].N_2003    	100
  catch_at[LL_catchA].N_2004    	100
  catch_at[LL_catchA].N_2005    	100
  catch_at[LL_catchA].N_2006    	100
  catch_at[LL_catchA].N_2007    	100
  catch_at[LL_catchA].N_2008    	100
  catch_at[LL_catchA].N_2009    	100
  catch_at[LL_catchA].N_2010    	100
  catch_at[LL_catchA].at_size   	False
  catch_at[LL_catchA].dist      	multinomial
  catch_at[LL_catchA].fishery   	LL
  catch_at[LL_catchA].max_class 	35
  catch_at[LL_catchA].min_class 	1
  catch_at[LL_catchA].plus_group	True
  catch_at[LL_catchA].r         	1e-11
  catch_at[LL_catchA].sexed     	False
  catch_at[LL_catchA].sum_to_one	False
  catch_at[LL_catchA].years     	2000 2001 2002 2003 2004 2005 2006 2007 2008 2009 2010
  catch_limit_penalty[1].fishery	LL
  catch_limit_penalty[1].label  	LL_Penalty
  catch_limit_penalty[1].log_scale	True
  catch_limit_penalty[1].multiplier	1000
  estimate[1].lower_bound       	1
  estimate[1].parameter         	q[qLL].q
  estimate[1].phase             	1
  estimate[1].prior             	uniform
  estimate[1].upper_bound       	1
  estimate[2].lower_bound       	5000
  estimate[2].parameter         	initialization.B0
  estimate[2].prior             	uniform
  estimate[2].upper_bound       	5e+05
  estimate[3].cv                	1 1 1 1 1 1 1 1 1 1 1 1 1 1 1 1 1 1 1 1 1
  estimate[3].lower_bound       	1 1 1 1 1 1 1 1 1 1 1 1 1 1 1 1 1 1 1 1 1
  estimate[3].mu                	1 1 1 1 1 1 1 1 1 1 1 1 1 1 1 1 1 1 1 1 1
  estimate[3].parameter         	recruitment.YCS
  estimate[3].prior             	lognormal
  estimate[3].upper_bound       	1 1 1 1 1 1 1 1 1 1 1 1 1 1 1 1 1 1 1 1 1
  estimator                     	Bayes
  fish_tagged_penalty[1].label  	Penalty_Tags2005_R1_LL
  fish_tagged_penalty[1].multiplier	1
  fish_tagged_penalty[1].tagging_episode	Tags2005_R1_LL
  fish_tagged_penalty[2].label  	Penalty_Tags2006_R1_LL
  fish_tagged_penalty[2].multiplier	1
  fish_tagged_penalty[2].tagging_episode	Tags2006_R1_LL
  fish_tagged_penalty[3].label  	Penalty_Tags2007_R1_LL
  fish_tagged_penalty[3].multiplier	1
  fish_tagged_penalty[3].tagging_episode	Tags2007_R1_LL
  fish_tagged_penalty[4].label  	Penalty_Tags2008_R1_LL
  fish_tagged_penalty[4].multiplier	1
  fish_tagged_penalty[4].tagging_episode	Tags2008_R1_LL
  fish_tagged_penalty[5].label  	Penalty_Tags2009_R1_LL
  fish_tagged_penalty[5].multiplier	1
  fish_tagged_penalty[5].tagging_episode	Tags2009_R1_LL
  grad_tol                      	0.001
  max_evals                     	10000
  max_iters                     	1600
  profile[1].l                  	40000
  profile[1].n                  	11
  profile[1].parameter          	initialization.B0
  profile[1].u                  	130000
  q_method                      	nuisance
  tag_recapture[Tags2005_R1_R1].area	R1
  tag_recapture[Tags2005_R1_R1].class_mins	100 150 200 250 300 350 400 450 500 550 600 650 700 750 800 850 900 950 1000 1050 1100 1150 1200 1250 1300 1350 1400 1450 1500 1550 1600 1650 1700 1750 1800 1850 1900 1950 2000 2050
  tag_recapture[Tags2005_R1_R1].detection_probability	1
  tag_recapture[Tags2005_R1_R1].dispersion	1
  tag_recapture[Tags2005_R1_R1].do_bootstrap	True
  tag_recapture[Tags2005_R1_R1].plus_group	False
  tag_recapture[Tags2005_R1_R1].proportion_mortality	0.5
  tag_recapture[Tags2005_R1_R1].r	1e-11
  tag_recapture[Tags2005_R1_R1].recaptured_2006	0 0 0 0 0 0 0 0 0 0 0 0 0 0 0 0 0 0 0 0.1 0.9 2.5 3.9 4.4 4.1 3.3 1.8 0.7 0.2 0 0 0 0 0 0 0 0 0 0
  tag_recapture[Tags2005_R1_R1].recaptured_2007	0 0 0 0 0 0 0 0 0 0 0 0 0 0 0 0 0 0 0 0 0 0.3 2.1 4.9 5.6 4.4 3.3 2 0.9 0.3 0 0 0 0 0 0 0 0 0
  tag_recapture[Tags2005_R1_R1].recaptured_2008	0 0 0 0 0 0 0 0 0 0 0 0 0 0 0 0 0 0 0 0 0 0.2 1.3 4 5.6 4.3 2.6 1.6 0.9 0.3 0.1 0 0 0 0 0 0 0 0
  tag_recapture[Tags2005_R1_R1].recaptured_2009	0 0 0 0 0 0 0 0 0 0 0 0 0 0 0 0 0 0 0 0 0 0 0.2 0.9 2.3 3.5 3.3 2.1 1.1 0.5 0.1 0 0 0 0 0 0 0 0
  tag_recapture[Tags2005_R1_R1].recaptured_2010	0 0 0 0 0 0 0 0 0 0 0 0 0 0 0 0 0 0 0 0 0 0 0.1 0.5 1.4 2.5 3.1 2.4 1.3 0.6 0.2 0 0 0 0 0 0 0 0
  tag_recapture[Tags2005_R1_R1].sample	size
  tag_recapture[Tags2005_R1_R1].scanned_2006	0 0 0 0 0 0 0 0 0 0 2 0 8 10 18 38 76 240 760 1730 3166 4574 5564 5374 4276 3552 2886 1970 1040 366 78 10 0 0 0 0 0 0 0
  tag_recapture[Tags2005_R1_R1].scanned_2007	0 0 0 0 0 0 0 0 0 0 2 0 10 12 36 70 100 182 400 1152 2592 4210 5272 5596 4934 3812 2938 2004 1044 368 78 10 0 0 0 0 0 0 0
  tag_recapture[Tags2005_R1_R1].scanned_2008	0 0 0 0 0 0 0 0 0 0 2 0 8 12 42 90 190 322 442 736 1638 3334 4854 5546 5394 4384 3178 2104 1088 380 80 10 0 0 0 0 0 0 0
  tag_recapture[Tags2005_R1_R1].scanned_2009	0 0 0 0 0 0 0 0 0 0 2 0 6 8 36 84 222 458 828 1068 1338 2168 3780 5146 5560 4942 3616 2284 1158 402 84 10 0 0 0 0 0 0 0
  tag_recapture[Tags2005_R1_R1].scanned_2010	0 0 0 0 0 0 0 0 0 0 2 0 10 12 26 64 192 452 1014 1694 2170 2154 2664 4056 5214 5192 4042 2514 1236 424 88 10 0 0 0 0 0 0 0
  tag_recapture[Tags2005_R1_R1].step	1
  tag_recapture[Tags2005_R1_R1].tag_name	Tags2005_R1
  tag_recapture[Tags2005_R1_R1].years	2006 2007 2008 2009 2010
  tag_recapture[Tags2006_R1_R1].area	R1
  tag_recapture[Tags2006_R1_R1].class_mins	100 150 200 250 300 350 400 450 500 550 600 650 700 750 800 850 900 950 1000 1050 1100 1150 1200 1250 1300 1350 1400 1450 1500 1550 1600 1650 1700 1750 1800 1850 1900 1950 2000 2050
  tag_recapture[Tags2006_R1_R1].detection_probability	1
  tag_recapture[Tags2006_R1_R1].dispersion	1
  tag_recapture[Tags2006_R1_R1].do_bootstrap	True
  tag_recapture[Tags2006_R1_R1].plus_group	False
  tag_recapture[Tags2006_R1_R1].proportion_mortality	0.5
  tag_recapture[Tags2006_R1_R1].r	1e-11
  tag_recapture[Tags2006_R1_R1].recaptured_2007	0 0 0 0 0 0 0 0 0 0 0 0 0 0 0 0 0 0 0 0 0.3 0.8 1.7 2.8 2.6 1.7 1.3 0.9 0.5 0.2 0 0 0 0 0 0 0 0 0
  tag_recapture[Tags2006_R1_R1].recaptured_2008	0 0 0 0 0 0 0 0 0 0 0 0 0 0 0 0 0 0 0 0 0.4 1.7 4 5.4 5.4 4.5 2.6 1.2 0.5 0.1 0 0 0 0 0 0 0 0 0
  tag_recapture[Tags2006_R1_R1].recaptured_2009	0 0 0 0 0 0 0 0 0 0 0 0 0 0 0 0 0 0 0 0 0 0.2 0.6 1.6 2.5 3.3 2.9 1.8 0.8 0.2 0 0 0 0 0 0 0 0 0
  tag_recapture[Tags2006_R1_R1].recaptured_2010	0 0 0 0 0 0 0 0 0 0 0 0 0 0 0 0 0 0 0 0 0 0 0.3 1.1 2.2 3 3.1 2.2 0.9 0.2 0 0 0 0 0 0 0 0 0
  tag_recapture[Tags2006_R1_R1].sample	size
  tag_recapture[Tags2006_R1_R1].scanned_2007	0 0 0 0 0 0 0 0 0 0 2 0 10 12 36 70 100 182 400 1152 2592 4210 5272 5596 4934 3812 2938 2004 1044 368 78 10 0 0 0 0 0 0 0
  tag_recapture[Tags2006_R1_R1].scanned_2008	0 0 0 0 0 0 0 0 0 0 2 0 8 12 42 90 190 322 442 736 1638 3334 4854 5546 5394 4384 3178 2104 1088 380 80 10 0 0 0 0 0 0 0
  tag_recapture[Tags2006_R1_R1].scanned_2009	0 0 0 0 0 0 0 0 0 0 2 0 6 8 36 84 222 458 828 1068 1338 2168 3780 5146 5560 4942 3616 2284 1158 402 84 10 0 0 0 0 0 0 0
  tag_recapture[Tags2006_R1_R1].scanned_2010	0 0 0 0 0 0 0 0 0 0 2 0 10 12 26 64 192 452 1014 1694 2170 2154 2664 4056 5214 5192 4042 2514 1236 424 88 10 0 0 0 0 0 0 0
  tag_recapture[Tags2006_R1_R1].step	1
  tag_recapture[Tags2006_R1_R1].tag_name	Tags2006_R1
  tag_recapture[Tags2006_R1_R1].years	2007 2008 2009 2010
  tag_recapture[Tags2007_R1_R1].area	R1
  tag_recapture[Tags2007_R1_R1].class_mins	100 150 200 250 300 350 400 450 500 550 600 650 700 750 800 850 900 950 1000 1050 1100 1150 1200 1250 1300 1350 1400 1450 1500 1550 1600 1650 1700 1750 1800 1850 1900 1950 2000 2050
  tag_recapture[Tags2007_R1_R1].detection_probability	1
  tag_recapture[Tags2007_R1_R1].dispersion	1
  tag_recapture[Tags2007_R1_R1].do_bootstrap	True
  tag_recapture[Tags2007_R1_R1].plus_group	False
  tag_recapture[Tags2007_R1_R1].proportion_mortality	0.5
  tag_recapture[Tags2007_R1_R1].r	1e-11
  tag_recapture[Tags2007_R1_R1].recaptured_2008	0 0 0 0 0 0 0 0 0 0 0 0 0 0 0 0 0 0 0 0 0.4 1.5 2.7 2.8 2.7 2.2 1.5 0.8 0.2 0.1 0 0 0 0 0 0 0 0 0
  tag_recapture[Tags2007_R1_R1].recaptured_2009	0 0 0 0 0 0 0 0 0 0 0 0 0 0 0 0 0 0 0 0.1 0.5 1.3 1.9 3.3 4.7 4.1 2.7 1.5 0.7 0.2 0 0 0 0 0 0 0 0 0
  tag_recapture[Tags2007_R1_R1].recaptured_2010	0 0 0 0 0 0 0 0 0 0 0 0 0 0 0 0 0 0 0 0 0 0.1 0.6 2 3.6 3.6 2.4 1.2 0.4 0.1 0 0 0 0 0 0 0 0 0
  tag_recapture[Tags2007_R1_R1].sample	size
  tag_recapture[Tags2007_R1_R1].scanned_2008	0 0 0 0 0 0 0 0 0 0 2 0 8 12 42 90 190 322 442 736 1638 3334 4854 5546 5394 4384 3178 2104 1088 380 80 10 0 0 0 0 0 0 0
  tag_recapture[Tags2007_R1_R1].scanned_2009	0 0 0 0 0 0 0 0 0 0 2 0 6 8 36 84 222 458 828 1068 1338 2168 3780 5146 5560 4942 3616 2284 1158 402 84 10 0 0 0 0 0 0 0
  tag_recapture[Tags2007_R1_R1].scanned_2010	0 0 0 0 0 0 0 0 0 0 2 0 10 12 26 64 192 452 1014 1694 2170 2154 2664 4056 5214 5192 4042 2514 1236 424 88 10 0 0 0 0 0 0 0
  tag_recapture[Tags2007_R1_R1].step	1
  tag_recapture[Tags2007_R1_R1].tag_name	Tags2007_R1
  tag_recapture[Tags2007_R1_R1].years	2008 2009 2010
  tag_recapture[Tags2008_R1_R1].area	R1
  tag_recapture[Tags2008_R1_R1].class_mins	100 150 200 250 300 350 400 450 500 550 600 650 700 750 800 850 900 950 1000 1050 1100 1150 1200 1250 1300 1350 1400 1450 1500 1550 1600 1650 1700 1750 1800 1850 1900 1950 2000 2050
  tag_recapture[Tags2008_R1_R1].detection_probability	1
  tag_recapture[Tags2008_R1_R1].dispersion	1
  tag_recapture[Tags2008_R1_R1].do_bootstrap	True
  tag_recapture[Tags2008_R1_R1].plus_group	False
  tag_recapture[Tags2008_R1_R1].proportion_mortality	0.5
  tag_recapture[Tags2008_R1_R1].r	1e-11
  tag_recapture[Tags2008_R1_R1].recaptured_2009	0 0 0 0 0 0 0 0 0 0 0 0 0 0 0 0 0 0 0 0 0.5 2.4 4.2 3.3 2.2 1.6 1.5 1.4 0.7 0.1 0 0 0 0 0 0 0 0 0
  tag_recapture[Tags2008_R1_R1].recaptured_2010	0 0 0 0 0 0 0 0 0 0 0 0 0 0 0 0 0 0 0 0 0 0.7 2.4 3.8 4 3.7 2.5 1.2 0.4 0.1 0 0 0 0 0 0 0 0 0
  tag_recapture[Tags2008_R1_R1].sample	size
  tag_recapture[Tags2008_R1_R1].scanned_2009	0 0 0 0 0 0 0 0 0 0 2 0 6 8 36 84 222 458 828 1068 1338 2168 3780 5146 5560 4942 3616 2284 1158 402 84 10 0 0 0 0 0 0 0
  tag_recapture[Tags2008_R1_R1].scanned_2010	0 0 0 0 0 0 0 0 0 0 2 0 10 12 26 64 192 452 1014 1694 2170 2154 2664 4056 5214 5192 4042 2514 1236 424 88 10 0 0 0 0 0 0 0
  tag_recapture[Tags2008_R1_R1].step	1
  tag_recapture[Tags2008_R1_R1].tag_name	Tags2008_R1
  tag_recapture[Tags2008_R1_R1].years	2009 2010
  tag_recapture[Tags2009_R1_R1].area	R1
  tag_recapture[Tags2009_R1_R1].class_mins	100 150 200 250 300 350 400 450 500 550 600 650 700 750 800 850 900 950 1000 1050 1100 1150 1200 1250 1300 1350 1400 1450 1500 1550 1600 1650 1700 1750 1800 1850 1900 1950 2000 2050
  tag_recapture[Tags2009_R1_R1].detection_probability	1
  tag_recapture[Tags2009_R1_R1].dispersion	1
  tag_recapture[Tags2009_R1_R1].do_bootstrap	True
  tag_recapture[Tags2009_R1_R1].plus_group	False
  tag_recapture[Tags2009_R1_R1].proportion_mortality	0.5
  tag_recapture[Tags2009_R1_R1].r	1e-11
  tag_recapture[Tags2009_R1_R1].recaptured_2010	0 0 0 0 0 0 0 0 0 0 0 0 0 0 0 0 0 0 0 0 0.2 0.9 1.7 3.1 4.6 5.1 3.5 1.4 0.3 0 0 0 0 0 0 0 0 0 0
  tag_recapture[Tags2009_R1_R1].sample	size
  tag_recapture[Tags2009_R1_R1].scanned_2010	0 0 0 0 0 0 0 0 0 0 2 0 10 12 26 64 192 452 1014 1694 2170 2154 2664 4056 5214 5192 4042 2514 1236 424 88 10 0 0 0 0 0 0 0
  tag_recapture[Tags2009_R1_R1].step	1
  tag_recapture[Tags2009_R1_R1].tag_name	Tags2009_R1
  tag_recapture[Tags2009_R1_R1].years	2010
  vector_average_penalty[1].k   	1
  vector_average_penalty[1].label	meanYCS_1
  vector_average_penalty[1].multiplier	100
  vector_average_penalty[1].vector	recruitment.YCS
Stored as DOUBLEs: 
Stored as VECTORs: 
Stored as OGIVEs: 

Population parameters:
Stored as strings: 
  annual_cycle.M_props          	1
  annual_cycle.aging_time       	1
  annual_cycle.baranov          	False
  annual_cycle.fishery_areas    	R1
  annual_cycle.fishery_names    	LL
  annual_cycle.fishery_times    	1
  annual_cycle.growth_props     	0
  annual_cycle.n_migrations     	0
  annual_cycle.recruitment_areas	R1
  annual_cycle.recruitment_time 	1
  annual_cycle.spawning_all_areas	1
  annual_cycle.spawning_p       	1
  annual_cycle.spawning_part_mort	1
  annual_cycle.spawning_time    	1
  annual_cycle.spawning_use_total_B	False
  annual_cycle.time_steps       	1
  area_names                    	R1
  current                       	2010
  final                         	2045
  first_random_year             	2007
  fishery[LL].U_max             	0.95
  fishery[LL].catches           	0 1000 1000 1000 1000 1000 1000 1000 1000 1000 1000 1000 1000 1000 1000 1000 1000 1000 1000 1000 1000
  fishery[LL].future_constant_catches	200
  fishery[LL].selectivity       	SelLL
  fishery[LL].years             	1990 1991 1992 1993 1994 1995 1996 1997 1998 1999 2000 2001 2002 2003 2004 2005 2006 2007 2008 2009 2010
  initial                       	1990
  initialization.B0             	396427
  mature_partition              	False
  maturity_props.all            	allvalues  0.0023 0.0035 0.0056 0.0087 0.0136 0.0213 0.0331 0.0511 0.0781 0.1176 0.1732 0.2479 0.3415 0.4492 0.562 0.6687 0.7604 0.8331 0.8871 0.9251 0.9511 0.9683 0.9796 0.987 0.9917 0.9947 0.9966 0.9978 0.9986 0.9991 0.9994 0.9996 0.9998 0.9999 0.9999
  max_age                       	35
  min_age                       	1
  n_areas                       	1
  n_stocks                      	1
  n_tags                        	5
  natural_mortality.all         	0.13
  plus_group                    	True
  randomisation_method          	lognormal
  recruitment.SR                	BH
  recruitment.YCS               	1 1 1 1 1 1 1 1 1 1 1 1 1 1 1 1 1 1 1 1 1
  recruitment.YCS_years         	1989 1990 1991 1992 1993 1994 1995 1996 1997 1998 1999 2000 2001 2002 2003 2004 2005 2006 2007 2008 2009
  recruitment.first_free        	1989
  recruitment.last_free         	2006
  recruitment.p_male            	0.5
  recruitment.rho               	0
  recruitment.sigma_r           	0.6
  recruitment.steepness         	0.75
  recruitment.year_range        	1989 2006
  selectivity[SelLL].all        	double_normal 10 2 10
  selectivity_names             	SelLL
  sex_partition                 	False
  size_at_age.Linf              	1565
  size_at_age.by_length         	True
  size_at_age.cv                	0.035
  size_at_age.k                 	0.146
  size_at_age.t0                	0.015
  size_at_age_dist              	normal
  size_at_age_type              	von_Bert
  size_based                    	False
  size_weight.a                 	3.0088e-12
  size_weight.b                 	3.2064
  size_weight.verify_size_weight	500 0.5 1.5
  standardise_YCS               	True
  tag[Tags2005_R1_LL].area      	R1
  tag[Tags2005_R1_LL].class_mins	100 150 200 250 300 350 400 450 500 550 600 650 700 750 800 850 900 950 1000 1050 1100 1150 1200 1250 1300 1350 1400 1450 1500 1550 1600 1650 1700 1750 1800 1850 1900 1950 2000 2050
  tag[Tags2005_R1_LL].mature_only	False
  tag[Tags2005_R1_LL].mortality 	0.1
  tag[Tags2005_R1_LL].number    	2500
  tag[Tags2005_R1_LL].ogive     	SelLL
  tag[Tags2005_R1_LL].plus_group	False
  tag[Tags2005_R1_LL].props_all 	0 0 0 0 0 0 0 0 0 0 0 0 2e-04 2e-04 3e-04 8e-04 0.0039 0.0107 0.0283 0.0553 0.0958 0.1364 0.1487 0.1262 0.1105 0.0989 0.0789 0.0574 0.0324 0.012 0.0027 3e-04 0 0 0 0 0 0 0
  tag[Tags2005_R1_LL].release_type	deterministic
  tag[Tags2005_R1_LL].sex       	both
  tag[Tags2005_R1_LL].step      	1
  tag[Tags2005_R1_LL].tag_name  	Tags2005_R1
  tag[Tags2005_R1_LL].year      	2005
  tag[Tags2006_R1_LL].area      	R1
  tag[Tags2006_R1_LL].class_mins	100 150 200 250 300 350 400 450 500 550 600 650 700 750 800 850 900 950 1000 1050 1100 1150 1200 1250 1300 1350 1400 1450 1500 1550 1600 1650 1700 1750 1800 1850 1900 1950 2000 2050
  tag[Tags2006_R1_LL].mature_only	False
  tag[Tags2006_R1_LL].mortality 	0.1
  tag[Tags2006_R1_LL].number    	2500
  tag[Tags2006_R1_LL].ogive     	SelLL
  tag[Tags2006_R1_LL].plus_group	False
  tag[Tags2006_R1_LL].props_all 	0 0 0 0 0 0 0 0 0 0 0 0 4e-04 4e-04 4e-04 8e-04 0.0015 0.0054 0.0191 0.0463 0.0862 0.1237 0.152 0.1512 0.124 0.1044 0.084 0.0567 0.03 0.0107 0.0024 3e-04 0 0 0 0 0 0 0
  tag[Tags2006_R1_LL].release_type	deterministic
  tag[Tags2006_R1_LL].sex       	both
  tag[Tags2006_R1_LL].step      	1
  tag[Tags2006_R1_LL].tag_name  	Tags2006_R1
  tag[Tags2006_R1_LL].year      	2006
  tag[Tags2007_R1_LL].area      	R1
  tag[Tags2007_R1_LL].class_mins	100 150 200 250 300 350 400 450 500 550 600 650 700 750 800 850 900 950 1000 1050 1100 1150 1200 1250 1300 1350 1400 1450 1500 1550 1600 1650 1700 1750 1800 1850 1900 1950 2000 2050
  tag[Tags2007_R1_LL].mature_only	False
  tag[Tags2007_R1_LL].mortality 	0.1
  tag[Tags2007_R1_LL].number    	2500
  tag[Tags2007_R1_LL].ogive     	SelLL
  tag[Tags2007_R1_LL].plus_group	False
  tag[Tags2007_R1_LL].props_all 	0 0 0 0 0 0 0 0 0 1e-04 3e-04 1e-04 5e-04 7e-04 0.0015 0.0027 0.0029 0.0051 0.0114 0.0342 0.0768 0.1237 0.1532 0.1579 0.1373 0.1077 0.085 0.0578 0.0292 0.0099 0.002 2e-04 0 0 0 0 0 0 0
  tag[Tags2007_R1_LL].release_type	deterministic
  tag[Tags2007_R1_LL].sex       	both
  tag[Tags2007_R1_LL].step      	1
  tag[Tags2007_R1_LL].tag_name  	Tags2007_R1
  tag[Tags2007_R1_LL].year      	2007
  tag[Tags2008_R1_LL].area      	R1
  tag[Tags2008_R1_LL].class_mins	100 150 200 250 300 350 400 450 500 550 600 650 700 750 800 850 900 950 1000 1050 1100 1150 1200 1250 1300 1350 1400 1450 1500 1550 1600 1650 1700 1750 1800 1850 1900 1950 2000 2050
  tag[Tags2008_R1_LL].mature_only	False
  tag[Tags2008_R1_LL].mortality 	0.1
  tag[Tags2008_R1_LL].number    	2500
  tag[Tags2008_R1_LL].ogive     	SelLL
  tag[Tags2008_R1_LL].plus_group	False
  tag[Tags2008_R1_LL].props_all 	0 0 0 0 0 0 0 0 0 0 0 0 0 1e-04 0.001 0.0024 0.0056 0.0093 0.0126 0.0239 0.0538 0.1025 0.1445 0.1674 0.1632 0.1276 0.0886 0.057 0.0285 0.0097 0.002 2e-04 0 0 0 0 0 0 0
  tag[Tags2008_R1_LL].release_type	deterministic
  tag[Tags2008_R1_LL].sex       	both
  tag[Tags2008_R1_LL].step      	1
  tag[Tags2008_R1_LL].tag_name  	Tags2008_R1
  tag[Tags2008_R1_LL].year      	2008
  tag[Tags2009_R1_LL].area      	R1
  tag[Tags2009_R1_LL].class_mins	100 150 200 250 300 350 400 450 500 550 600 650 700 750 800 850 900 950 1000 1050 1100 1150 1200 1250 1300 1350 1400 1450 1500 1550 1600 1650 1700 1750 1800 1850 1900 1950 2000 2050
  tag[Tags2009_R1_LL].mature_only	False
  tag[Tags2009_R1_LL].mortality 	0.1
  tag[Tags2009_R1_LL].number    	2500
  tag[Tags2009_R1_LL].ogive     	SelLL
  tag[Tags2009_R1_LL].plus_group	False
  tag[Tags2009_R1_LL].props_all 	0 0 0 0 0 0 0 0 0 1e-04 3e-04 1e-04 2e-04 3e-04 0.0018 0.0039 0.0084 0.0164 0.028 0.034 0.0406 0.0647 0.1099 0.1483 0.1613 0.1474 0.1115 0.0717 0.0362 0.0123 0.0024 3e-04 0 0 0 0 0 0 0
  tag[Tags2009_R1_LL].release_type	deterministic
  tag[Tags2009_R1_LL].sex       	both
  tag[Tags2009_R1_LL].step      	1
  tag[Tags2009_R1_LL].tag_name  	Tags2009_R1
  tag[Tags2009_R1_LL].year      	2009
  tag_growth_loss[Tags2005_R1].nogrowth_period	0
  tag_growth_loss[Tags2006_R1].nogrowth_period	0
  tag_growth_loss[Tags2007_R1].nogrowth_period	0
  tag_growth_loss[Tags2008_R1].nogrowth_period	0
  tag_growth_loss[Tags2009_R1].nogrowth_period	0
  tag_loss_props                	1
  tag_names                     	Tags2005_R1 Tags2006_R1 Tags2007_R1 Tags2008_R1 Tags2009_R1
  tag_shedding_rate             	0.0084 0.0084 0.0084 0.0084 0.0084
  y_enter                       	1
Stored as DOUBLEs: 
Stored as VECTORs: 
Stored as OGIVEs: 

Output parameters:
Stored as strings: 
  n_projections                 	100
  numbers_at[Numbers_at_age_R1].area	R1
  numbers_at[Numbers_at_age_R1].proportion_mortality	0.5
  numbers_at[Numbers_at_age_R1].step	1
  numbers_at[Numbers_at_age_R1].years	1990 1991 1992 1993 1994 1995 1996 1997 1998 1999 2000 2001 2002 2003 2004 2005 2006 2007 2008 2009 2010
  print.covariance              	true
  print.estimation_section      	true
  print.final_state             	false
  print.fits                    	true
  print.fits_every_eval         	false
  print.initial_state           	false
  print.normalised_resids       	true
  print.objective_every_eval    	false
  print.parameter_vector_every_eval	false
  print.parameters              	true
  print.parameters_every_eval   	false
  print.pearson_resids          	true
  print.requests                	false
  print.resids                  	true
  print.results                 	false
  print.state_annually          	false
  print.state_every_step        	false
  print.unused_parameters       	true
  print.yields                  	true
  quantities.B0                 	true
  quantities.R0                 	true
  quantities.SSBs               	true
  quantities.YCS                	true
  quantities.actual_catches     	false
  quantities.all_free_parameters	true
  quantities.fishing_pressures  	true
  quantities.nuisance_qs        	true
  quantities.recruitments       	true
  quantities.true_YCS           	true
Stored as DOUBLEs: 
Stored as VECTORs: 
Stored as OGIVEs: 

A fish of size 500 cm has a weight of 1.35635 kg in your model. This size-weight scale check assumes that the growth curve is in centimetres, and that the catch is in tonnes.

A fish of size 500 cm has a weight of 1.35635 kg in your model. This size-weight scale check assumes that the growth curve is in centimetres, and that the catch is in tonnes.

Estimation section :

Objective function: Bayes

Minimiser convergence threshold: 0.001


Observations:

The observations are:
LL_catchA
Tags2005_R1_R1
Tags2006_R1_R1
Tags2007_R1_R1
Tags2008_R1_R1
Tags2009_R1_R1
Fits follow:

LL_catchA :
catch proportions-at-age for fishery LL  with ageing error (not constrained to sum to 1):
obs (last class is a plus group):
class 1       2       3       4       5       6       7       8       9       10      11      12      13      14      15      16      17      18      19      20      21      22      23      24      25      26      27      28      29      30      31      32      33      34      35      
2000 0       0       0       0.002   0.007   0.02    0.039   0.109   0.163   0.118   0.063   0.081   0.132   0.054   0.045   0.029   0.035   0.031   0.018   0.009   0.013   0.005   0.007   0.009   0.003   0.002   0.001   0.001   0       0       0       0.001   0.001   0.001   0.001   
2001 0       0       0       0       0.004   0.039   0.036   0.079   0.143   0.165   0.083   0.056   0.069   0.121   0.04    0.042   0.024   0.016   0.018   0.019   0.01    0.008   0.004   0.005   0.006   0.004   0.003   0.001   0.001   0.001   0.003   0       0       0       0       
2002 0       0       0       0       0.006   0.021   0.07    0.066   0.106   0.164   0.126   0.099   0.049   0.048   0.082   0.023   0.038   0.016   0.016   0.017   0.012   0.013   0.005   0.006   0.003   0.004   0.004   0.002   0.001   0       0       0.001   0.001   0       0.001   
2003 0       0       0       0.001   0.01    0.021   0.046   0.148   0.106   0.114   0.134   0.107   0.058   0.039   0.035   0.072   0.02    0.024   0.01    0.009   0.011   0.009   0.005   0.002   0.006   0.002   0.005   0.003   0       0.002   0       0       0       0.001   0       
2004 0       0       0       0       0.001   0.026   0.059   0.105   0.205   0.082   0.09    0.108   0.096   0.044   0.033   0.027   0.054   0.016   0.015   0.01    0.003   0.008   0.005   0.002   0       0.001   0.002   0.001   0.002   0       0.002   0.001   0.001   0       0.001   
2005 0       0       0       0       0       0.011   0.046   0.092   0.171   0.196   0.079   0.087   0.081   0.067   0.033   0.023   0.014   0.044   0.015   0.01    0.005   0.006   0.011   0.001   0       0.003   0.001   0       0.002   0.001   0       0       0       0       0.001   
2006 0       0       0       0.001   0.001   0.004   0.035   0.113   0.111   0.173   0.171   0.073   0.062   0.07    0.049   0.033   0.014   0.018   0.03    0.007   0.009   0.007   0.003   0.004   0.003   0.003   0.001   0.002   0       0.001   0.001   0       0       0       0.001   
2007 0       0       0       0.001   0.005   0.003   0.012   0.076   0.143   0.169   0.143   0.152   0.052   0.043   0.059   0.034   0.027   0.014   0.009   0.025   0.006   0.005   0.007   0.004   0.003   0.003   0.002   0       0       0       0.002   0       0.001   0       0       
2008 0       0       0.001   0.001   0.004   0.008   0.021   0.027   0.098   0.17    0.139   0.133   0.134   0.057   0.037   0.043   0.034   0.035   0.013   0.012   0.014   0.005   0.003   0.004   0       0.003   0.001   0.001   0       0       0       0       0       0.001   0.001   
2009 0       0       0.001   0       0.002   0.017   0.045   0.048   0.042   0.122   0.151   0.138   0.095   0.111   0.043   0.035   0.042   0.033   0.024   0.009   0.007   0.016   0.003   0.006   0.004   0.001   0.001   0.001   0       0       0.001   0       0       0       0.002   
2010 0       0       0.001   0       0.001   0.016   0.048   0.089   0.078   0.055   0.101   0.129   0.117   0.101   0.102   0.033   0.031   0.029   0.019   0.011   0.007   0.008   0.01    0.004   0.003   0       0.003   0       0.003   0       0       0       0       0       0.001   
objective function: multinomial likelihood, with delta = 1e-011, N =
100 100 100 100 100 100 100 100 100 100 100 100 100 100 100 100 100 100 100 100 100 100 100 100 100 100 100 100 100 100 100 100 100 100 100 
100 100 100 100 100 100 100 100 100 100 100 100 100 100 100 100 100 100 100 100 100 100 100 100 100 100 100 100 100 100 100 100 100 100 100 
100 100 100 100 100 100 100 100 100 100 100 100 100 100 100 100 100 100 100 100 100 100 100 100 100 100 100 100 100 100 100 100 100 100 100 
100 100 100 100 100 100 100 100 100 100 100 100 100 100 100 100 100 100 100 100 100 100 100 100 100 100 100 100 100 100 100 100 100 100 100 
100 100 100 100 100 100 100 100 100 100 100 100 100 100 100 100 100 100 100 100 100 100 100 100 100 100 100 100 100 100 100 100 100 100 100 
100 100 100 100 100 100 100 100 100 100 100 100 100 100 100 100 100 100 100 100 100 100 100 100 100 100 100 100 100 100 100 100 100 100 100 
100 100 100 100 100 100 100 100 100 100 100 100 100 100 100 100 100 100 100 100 100 100 100 100 100 100 100 100 100 100 100 100 100 100 100 
100 100 100 100 100 100 100 100 100 100 100 100 100 100 100 100 100 100 100 100 100 100 100 100 100 100 100 100 100 100 100 100 100 100 100 
100 100 100 100 100 100 100 100 100 100 100 100 100 100 100 100 100 100 100 100 100 100 100 100 100 100 100 100 100 100 100 100 100 100 100 
100 100 100 100 100 100 100 100 100 100 100 100 100 100 100 100 100 100 100 100 100 100 100 100 100 100 100 100 100 100 100 100 100 100 100 
100 100 100 100 100 100 100 100 100 100 100 100 100 100 100 100 100 100 100 100 100 100 100 100 100 100 100 100 100 100 100 100 100 100 100 

Tags2005_R1_R1 :
tag-recapture data for tag Tags2005_R1 in years 2006 2007 2008 2009 2010 , step 1, after proportion 0.5 of mortality, with sampling method size, detection probability 1.
Year 2006
class scanned recaptured
100 0 0
150 0 0
200 0 0
250 0 0
300 0 0
350 0 0
400 0 0
450 0 0
500 0 0
550 0 0
600 2 0
650 0 0
700 8 0
750 10 0
800 18 0
850 38 0
900 76 0
950 240 0
1000 760 0
1050 1730 0.1
1100 3166 0.9
1150 4574 2.5
1200 5564 3.9
1250 5374 4.4
1300 4276 4.1
1350 3552 3.3
1400 2886 1.8
1450 1970 0.7
1500 1040 0.2
1550 366 0
1600 78 0
1650 10 0
1700 0 0
1750 0 0
1800 0 0
1850 0 0
1900 0 0
1950 0 0
2000 0 0


Year 2007
class scanned recaptured
100 0 0
150 0 0
200 0 0
250 0 0
300 0 0
350 0 0
400 0 0
450 0 0
500 0 0
550 0 0
600 2 0
650 0 0
700 10 0
750 12 0
800 36 0
850 70 0
900 100 0
950 182 0
1000 400 0
1050 1152 0
1100 2592 0
1150 4210 0.3
1200 5272 2.1
1250 5596 4.9
1300 4934 5.6
1350 3812 4.4
1400 2938 3.3
1450 2004 2
1500 1044 0.9
1550 368 0.3
1600 78 0
1650 10 0
1700 0 0
1750 0 0
1800 0 0
1850 0 0
1900 0 0
1950 0 0
2000 0 0


Year 2008
class scanned recaptured
100 0 0
150 0 0
200 0 0
250 0 0
300 0 0
350 0 0
400 0 0
450 0 0
500 0 0
550 0 0
600 2 0
650 0 0
700 8 0
750 12 0
800 42 0
850 90 0
900 190 0
950 322 0
1000 442 0
1050 736 0
1100 1638 0
1150 3334 0.2
1200 4854 1.3
1250 5546 4
1300 5394 5.6
1350 4384 4.3
1400 3178 2.6
1450 2104 1.6
1500 1088 0.9
1550 380 0.3
1600 80 0.1
1650 10 0
1700 0 0
1750 0 0
1800 0 0
1850 0 0
1900 0 0
1950 0 0
2000 0 0


Year 2009
class scanned recaptured
100 0 0
150 0 0
200 0 0
250 0 0
300 0 0
350 0 0
400 0 0
450 0 0
500 0 0
550 0 0
600 2 0
650 0 0
700 6 0
750 8 0
800 36 0
850 84 0
900 222 0
950 458 0
1000 828 0
1050 1068 0
1100 1338 0
1150 2168 0
1200 3780 0.2
1250 5146 0.9
1300 5560 2.3
1350 4942 3.5
1400 3616 3.3
1450 2284 2.1
1500 1158 1.1
1550 402 0.5
1600 84 0.1
1650 10 0
1700 0 0
1750 0 0
1800 0 0
1850 0 0
1900 0 0
1950 0 0
2000 0 0


Year 2010
class scanned recaptured
100 0 0
150 0 0
200 0 0
250 0 0
300 0 0
350 0 0
400 0 0
450 0 0
500 0 0
550 0 0
600 2 0
650 0 0
700 10 0
750 12 0
800 26 0
850 64 0
900 192 0
950 452 0
1000 1014 0
1050 1694 0
1100 2170 0
1150 2154 0
1200 2664 0.1
1250 4056 0.5
1300 5214 1.4
1350 5192 2.5
1400 4042 3.1
1450 2514 2.4
1500 1236 1.3
1550 424 0.6
1600 88 0.2
1650 10 0
1700 0 0
1750 0 0
1800 0 0
1850 0 0
1900 0 0
1950 0 0
2000 0 0


Tags2006_R1_R1 :
tag-recapture data for tag Tags2006_R1 in years 2007 2008 2009 2010 , step 1, after proportion 0.5 of mortality, with sampling method size, detection probability 1.
Year 2007
class scanned recaptured
100 0 0
150 0 0
200 0 0
250 0 0
300 0 0
350 0 0
400 0 0
450 0 0
500 0 0
550 0 0
600 2 0
650 0 0
700 10 0
750 12 0
800 36 0
850 70 0
900 100 0
950 182 0
1000 400 0
1050 1152 0
1100 2592 0.3
1150 4210 0.8
1200 5272 1.7
1250 5596 2.8
1300 4934 2.6
1350 3812 1.7
1400 2938 1.3
1450 2004 0.9
1500 1044 0.5
1550 368 0.2
1600 78 0
1650 10 0
1700 0 0
1750 0 0
1800 0 0
1850 0 0
1900 0 0
1950 0 0
2000 0 0


Year 2008
class scanned recaptured
100 0 0
150 0 0
200 0 0
250 0 0
300 0 0
350 0 0
400 0 0
450 0 0
500 0 0
550 0 0
600 2 0
650 0 0
700 8 0
750 12 0
800 42 0
850 90 0
900 190 0
950 322 0
1000 442 0
1050 736 0
1100 1638 0.4
1150 3334 1.7
1200 4854 4
1250 5546 5.4
1300 5394 5.4
1350 4384 4.5
1400 3178 2.6
1450 2104 1.2
1500 1088 0.5
1550 380 0.1
1600 80 0
1650 10 0
1700 0 0
1750 0 0
1800 0 0
1850 0 0
1900 0 0
1950 0 0
2000 0 0


Year 2009
class scanned recaptured
100 0 0
150 0 0
200 0 0
250 0 0
300 0 0
350 0 0
400 0 0
450 0 0
500 0 0
550 0 0
600 2 0
650 0 0
700 6 0
750 8 0
800 36 0
850 84 0
900 222 0
950 458 0
1000 828 0
1050 1068 0
1100 1338 0
1150 2168 0.2
1200 3780 0.6
1250 5146 1.6
1300 5560 2.5
1350 4942 3.3
1400 3616 2.9
1450 2284 1.8
1500 1158 0.8
1550 402 0.2
1600 84 0
1650 10 0
1700 0 0
1750 0 0
1800 0 0
1850 0 0
1900 0 0
1950 0 0
2000 0 0


Year 2010
class scanned recaptured
100 0 0
150 0 0
200 0 0
250 0 0
300 0 0
350 0 0
400 0 0
450 0 0
500 0 0
550 0 0
600 2 0
650 0 0
700 10 0
750 12 0
800 26 0
850 64 0
900 192 0
950 452 0
1000 1014 0
1050 1694 0
1100 2170 0
1150 2154 0
1200 2664 0.3
1250 4056 1.1
1300 5214 2.2
1350 5192 3
1400 4042 3.1
1450 2514 2.2
1500 1236 0.9
1550 424 0.2
1600 88 0
1650 10 0
1700 0 0
1750 0 0
1800 0 0
1850 0 0
1900 0 0
1950 0 0
2000 0 0


Tags2007_R1_R1 :
tag-recapture data for tag Tags2007_R1 in years 2008 2009 2010 , step 1, after proportion 0.5 of mortality, with sampling method size, detection probability 1.
Year 2008
class scanned recaptured
100 0 0
150 0 0
200 0 0
250 0 0
300 0 0
350 0 0
400 0 0
450 0 0
500 0 0
550 0 0
600 2 0
650 0 0
700 8 0
750 12 0
800 42 0
850 90 0
900 190 0
950 322 0
1000 442 0
1050 736 0
1100 1638 0.4
1150 3334 1.5
1200 4854 2.7
1250 5546 2.8
1300 5394 2.7
1350 4384 2.2
1400 3178 1.5
1450 2104 0.8
1500 1088 0.2
1550 380 0.1
1600 80 0
1650 10 0
1700 0 0
1750 0 0
1800 0 0
1850 0 0
1900 0 0
1950 0 0
2000 0 0


Year 2009
class scanned recaptured
100 0 0
150 0 0
200 0 0
250 0 0
300 0 0
350 0 0
400 0 0
450 0 0
500 0 0
550 0 0
600 2 0
650 0 0
700 6 0
750 8 0
800 36 0
850 84 0
900 222 0
950 458 0
1000 828 0
1050 1068 0.1
1100 1338 0.5
1150 2168 1.3
1200 3780 1.9
1250 5146 3.3
1300 5560 4.7
1350 4942 4.1
1400 3616 2.7
1450 2284 1.5
1500 1158 0.7
1550 402 0.2
1600 84 0
1650 10 0
1700 0 0
1750 0 0
1800 0 0
1850 0 0
1900 0 0
1950 0 0
2000 0 0


Year 2010
class scanned recaptured
100 0 0
150 0 0
200 0 0
250 0 0
300 0 0
350 0 0
400 0 0
450 0 0
500 0 0
550 0 0
600 2 0
650 0 0
700 10 0
750 12 0
800 26 0
850 64 0
900 192 0
950 452 0
1000 1014 0
1050 1694 0
1100 2170 0
1150 2154 0.1
1200 2664 0.6
1250 4056 2
1300 5214 3.6
1350 5192 3.6
1400 4042 2.4
1450 2514 1.2
1500 1236 0.4
1550 424 0.1
1600 88 0
1650 10 0
1700 0 0
1750 0 0
1800 0 0
1850 0 0
1900 0 0
1950 0 0
2000 0 0


Tags2008_R1_R1 :
tag-recapture data for tag Tags2008_R1 in years 2009 2010 , step 1, after proportion 0.5 of mortality, with sampling method size, detection probability 1.
Year 2009
class scanned recaptured
100 0 0
150 0 0
200 0 0
250 0 0
300 0 0
350 0 0
400 0 0
450 0 0
500 0 0
550 0 0
600 2 0
650 0 0
700 6 0
750 8 0
800 36 0
850 84 0
900 222 0
950 458 0
1000 828 0
1050 1068 0
1100 1338 0.5
1150 2168 2.4
1200 3780 4.2
1250 5146 3.3
1300 5560 2.2
1350 4942 1.6
1400 3616 1.5
1450 2284 1.4
1500 1158 0.7
1550 402 0.1
1600 84 0
1650 10 0
1700 0 0
1750 0 0
1800 0 0
1850 0 0
1900 0 0
1950 0 0
2000 0 0


Year 2010
class scanned recaptured
100 0 0
150 0 0
200 0 0
250 0 0
300 0 0
350 0 0
400 0 0
450 0 0
500 0 0
550 0 0
600 2 0
650 0 0
700 10 0
750 12 0
800 26 0
850 64 0
900 192 0
950 452 0
1000 1014 0
1050 1694 0
1100 2170 0
1150 2154 0.7
1200 2664 2.4
1250 4056 3.8
1300 5214 4
1350 5192 3.7
1400 4042 2.5
1450 2514 1.2
1500 1236 0.4
1550 424 0.1
1600 88 0
1650 10 0
1700 0 0
1750 0 0
1800 0 0
1850 0 0
1900 0 0
1950 0 0
2000 0 0


Tags2009_R1_R1 :
tag-recapture data for tag Tags2009_R1 in years 2010 , step 1, after proportion 0.5 of mortality, with sampling method size, detection probability 1.
Year 2010
class scanned recaptured
100 0 0
150 0 0
200 0 0
250 0 0
300 0 0
350 0 0
400 0 0
450 0 0
500 0 0
550 0 0
600 2 0
650 0 0
700 10 0
750 12 0
800 26 0
850 64 0
900 192 0
950 452 0
1000 1014 0
1050 1694 0
1100 2170 0.2
1150 2154 0.9
1200 2664 1.7
1250 4056 3.1
1300 5214 4.6
1350 5192 5.1
1400 4042 3.5
1450 2514 1.4
1500 1236 0.3
1550 424 0
1600 88 0
1650 10 0
1700 0 0
1750 0 0
1800 0 0
1850 0 0
1900 0 0
1950 0 0
2000 0 0



Ageing_error:
  Misclassification matrix:
1 0 0 0 0 0 0 0 0 0 0 0 0 0 0 0 0 0 0 0 0 0 0 0 0 0 0 0 0 0 0 0 0 0 0 
0 1 0 0 0 0 0 0 0 0 0 0 0 0 0 0 0 0 0 0 0 0 0 0 0 0 0 0 0 0 0 0 0 0 0 
0 0 1 0 0 0 0 0 0 0 0 0 0 0 0 0 0 0 0 0 0 0 0 0 0 0 0 0 0 0 0 0 0 0 0 
0 0 0 1 0 0 0 0 0 0 0 0 0 0 0 0 0 0 0 0 0 0 0 0 0 0 0 0 0 0 0 0 0 0 0 
0 0 0 0 1 0 0 0 0 0 0 0 0 0 0 0 0 0 0 0 0 0 0 0 0 0 0 0 0 0 0 0 0 0 0 
0 0 0 0 0 1 0 0 0 0 0 0 0 0 0 0 0 0 0 0 0 0 0 0 0 0 0 0 0 0 0 0 0 0 0 
0 0 0 0 0 0 1 0 0 0 0 0 0 0 0 0 0 0 0 0 0 0 0 0 0 0 0 0 0 0 0 0 0 0 0 
0 0 0 0 0 0 0 1 0 0 0 0 0 0 0 0 0 0 0 0 0 0 0 0 0 0 0 0 0 0 0 0 0 0 0 
0 0 0 0 0 0 0 0 1 0 0 0 0 0 0 0 0 0 0 0 0 0 0 0 0 0 0 0 0 0 0 0 0 0 0 
0 0 0 0 0 0 0 0 0 1 0 0 0 0 0 0 0 0 0 0 0 0 0 0 0 0 0 0 0 0 0 0 0 0 0 
0 0 0 0 0 0 0 0 0 0 1 0 0 0 0 0 0 0 0 0 0 0 0 0 0 0 0 0 0 0 0 0 0 0 0 
0 0 0 0 0 0 0 0 0 0 0 1 0 0 0 0 0 0 0 0 0 0 0 0 0 0 0 0 0 0 0 0 0 0 0 
0 0 0 0 0 0 0 0 0 0 0 0 1 0 0 0 0 0 0 0 0 0 0 0 0 0 0 0 0 0 0 0 0 0 0 
0 0 0 0 0 0 0 0 0 0 0 0 0 1 0 0 0 0 0 0 0 0 0 0 0 0 0 0 0 0 0 0 0 0 0 
0 0 0 0 0 0 0 0 0 0 0 0 0 0 1 0 0 0 0 0 0 0 0 0 0 0 0 0 0 0 0 0 0 0 0 
0 0 0 0 0 0 0 0 0 0 0 0 0 0 0 1 0 0 0 0 0 0 0 0 0 0 0 0 0 0 0 0 0 0 0 
0 0 0 0 0 0 0 0 0 0 0 0 0 0 0 0 1 0 0 0 0 0 0 0 0 0 0 0 0 0 0 0 0 0 0 
0 0 0 0 0 0 0 0 0 0 0 0 0 0 0 0 0 1 0 0 0 0 0 0 0 0 0 0 0 0 0 0 0 0 0 
0 0 0 0 0 0 0 0 0 0 0 0 0 0 0 0 0 0 1 0 0 0 0 0 0 0 0 0 0 0 0 0 0 0 0 
0 0 0 0 0 0 0 0 0 0 0 0 0 0 0 0 0 0 0 1 0 0 0 0 0 0 0 0 0 0 0 0 0 0 0 
0 0 0 0 0 0 0 0 0 0 0 0 0 0 0 0 0 0 0 0 1 0 0 0 0 0 0 0 0 0 0 0 0 0 0 
0 0 0 0 0 0 0 0 0 0 0 0 0 0 0 0 0 0 0 0 0 1 0 0 0 0 0 0 0 0 0 0 0 0 0 
0 0 0 0 0 0 0 0 0 0 0 0 0 0 0 0 0 0 0 0 0 0 1 0 0 0 0 0 0 0 0 0 0 0 0 
0 0 0 0 0 0 0 0 0 0 0 0 0 0 0 0 0 0 0 0 0 0 0 1 0 0 0 0 0 0 0 0 0 0 0 
0 0 0 0 0 0 0 0 0 0 0 0 0 0 0 0 0 0 0 0 0 0 0 0 1 0 0 0 0 0 0 0 0 0 0 
0 0 0 0 0 0 0 0 0 0 0 0 0 0 0 0 0 0 0 0 0 0 0 0 0 1 0 0 0 0 0 0 0 0 0 
0 0 0 0 0 0 0 0 0 0 0 0 0 0 0 0 0 0 0 0 0 0 0 0 0 0 1 0 0 0 0 0 0 0 0 
0 0 0 0 0 0 0 0 0 0 0 0 0 0 0 0 0 0 0 0 0 0 0 0 0 0 0 1 0 0 0 0 0 0 0 
0 0 0 0 0 0 0 0 0 0 0 0 0 0 0 0 0 0 0 0 0 0 0 0 0 0 0 0 1 0 0 0 0 0 0 
0 0 0 0 0 0 0 0 0 0 0 0 0 0 0 0 0 0 0 0 0 0 0 0 0 0 0 0 0 1 0 0 0 0 0 
0 0 0 0 0 0 0 0 0 0 0 0 0 0 0 0 0 0 0 0 0 0 0 0 0 0 0 0 0 0 1 0 0 0 0 
0 0 0 0 0 0 0 0 0 0 0 0 0 0 0 0 0 0 0 0 0 0 0 0 0 0 0 0 0 0 0 1 0 0 0 
0 0 0 0 0 0 0 0 0 0 0 0 0 0 0 0 0 0 0 0 0 0 0 0 0 0 0 0 0 0 0 0 1 0 0 
0 0 0 0 0 0 0 0 0 0 0 0 0 0 0 0 0 0 0 0 0 0 0 0 0 0 0 0 0 0 0 0 0 1 0 
0 0 0 0 0 0 0 0 0 0 0 0 0 0 0 0 0 0 0 0 0 0 0 0 0 0 0 0 0 0 0 0 0 0 1 

Free parameters:

initialization.B0
uniform: bounds from 5000 to 500000
current value: 396427
lower bound: 5000
upper bound: 500000

recruitment.YCS
lognormal with means 1 1 1 1 1 1 1 1 1 1 1 1 1 1 1 1 1 1 1 1 1 c.v.s 1 1 1 1 1 1 1 1 1 1 1 1 1 1 1 1 1 1 1 1 1 :
bounds of
1 1 1 1 1 1 1 1 1 1 1 1 1 1 1 1 1 1 1 1 1 
1 1 1 1 1 1 1 1 1 1 1 1 1 1 1 1 1 1 1 1 1 
current values: 1 1 1 1 1 1 1 1 1 1 1 1 1 1 1 1 1 1 1 1 1 
lower bounds: 1 1 1 1 1 1 1 1 1 1 1 1 1 1 1 1 1 1 1 1 1 
upper bounds: 1 1 1 1 1 1 1 1 1 1 1 1 1 1 1 1 1 1 1 1 1 


Q's:
qs are nuisance parameters

Penalties:
LL_Penalty :
Catch limit penalty of 1000 x the sum of squares of (log(actual catch) - log(specified catch)) for fishery LL to disencourage breaking exploitation rate limits
meanYCS_1 :
Vector average penalty of 100 x square of (mean(recruitment.YCS) - 1) 
Penalty_Tags2005_R1_LL :
'Fish-must-be-tagged' penalty of 1 x square of (actual number of tagged fish - nominal number of tagged fish) for tagging episode Tags2005_R1_LL
Penalty_Tags2006_R1_LL :
'Fish-must-be-tagged' penalty of 1 x square of (actual number of tagged fish - nominal number of tagged fish) for tagging episode Tags2006_R1_LL
Penalty_Tags2007_R1_LL :
'Fish-must-be-tagged' penalty of 1 x square of (actual number of tagged fish - nominal number of tagged fish) for tagging episode Tags2007_R1_LL
Penalty_Tags2008_R1_LL :
'Fish-must-be-tagged' penalty of 1 x square of (actual number of tagged fish - nominal number of tagged fish) for tagging episode Tags2008_R1_LL
Penalty_Tags2009_R1_LL :
'Fish-must-be-tagged' penalty of 1 x square of (actual number of tagged fish - nominal number of tagged fish) for tagging episode Tags2009_R1_LL

Components of the objective function are:
  LL_catchA
  Tags2005_R1_R1
  Tags2006_R1_R1
  Tags2007_R1_R1
  Tags2008_R1_R1
  Tags2009_R1_R1
  prior_on_initialization.B0
  prior_on_recruitment.YCS
  LL_Penalty
  meanYCS_1
  Penalty_Tags2005_R1_LL
  Penalty_Tags2006_R1_LL
  Penalty_Tags2007_R1_LL
  Penalty_Tags2008_R1_LL
  Penalty_Tags2009_R1_LL

Random number seed : 10101


Minimiser achieved convergence after 5 quasi-Newton iterations using 6 objective function evaluations



Approximate Covariance matrix (Inverse Hessian of parameters at point estimate):
8.78099e+007 0 0 0 0 0 0 0 0 0 0 0 0 0 0 0 0 0 0 0 0 0 
0 0 0 0 0 0 0 0 0 0 0 0 0 0 0 0 0 0 0 0 0 0 
0 0 0 0 0 0 0 0 0 0 0 0 0 0 0 0 0 0 0 0 0 0 
0 0 0 0 0 0 0 0 0 0 0 0 0 0 0 0 0 0 0 0 0 0 
0 0 0 0 0 0 0 0 0 0 0 0 0 0 0 0 0 0 0 0 0 0 
0 0 0 0 0 0 0 0 0 0 0 0 0 0 0 0 0 0 0 0 0 0 
0 0 0 0 0 0 0 0 0 0 0 0 0 0 0 0 0 0 0 0 0 0 
0 0 0 0 0 0 0 0 0 0 0 0 0 0 0 0 0 0 0 0 0 0 
0 0 0 0 0 0 0 0 0 0 0 0 0 0 0 0 0 0 0 0 0 0 
0 0 0 0 0 0 0 0 0 0 0 0 0 0 0 0 0 0 0 0 0 0 
0 0 0 0 0 0 0 0 0 0 0 0 0 0 0 0 0 0 0 0 0 0 
0 0 0 0 0 0 0 0 0 0 0 0 0 0 0 0 0 0 0 0 0 0 
0 0 0 0 0 0 0 0 0 0 0 0 0 0 0 0 0 0 0 0 0 0 
0 0 0 0 0 0 0 0 0 0 0 0 0 0 0 0 0 0 0 0 0 0 
0 0 0 0 0 0 0 0 0 0 0 0 0 0 0 0 0 0 0 0 0 0 
0 0 0 0 0 0 0 0 0 0 0 0 0 0 0 0 0 0 0 0 0 0 
0 0 0 0 0 0 0 0 0 0 0 0 0 0 0 0 0 0 0 0 0 0 
0 0 0 0 0 0 0 0 0 0 0 0 0 0 0 0 0 0 0 0 0 0 
0 0 0 0 0 0 0 0 0 0 0 0 0 0 0 0 0 0 0 0 0 0 
0 0 0 0 0 0 0 0 0 0 0 0 0 0 0 0 0 0 0 0 0 0 
0 0 0 0 0 0 0 0 0 0 0 0 0 0 0 0 0 0 0 0 0 0 
0 0 0 0 0 0 0 0 0 0 0 0 0 0 0 0 0 0 0 0 0 0 

Correlation matrix:
1 -1.#IND -1.#IND -1.#IND -1.#IND -1.#IND -1.#IND -1.#IND -1.#IND -1.#IND -1.#IND -1.#IND -1.#IND -1.#IND -1.#IND -1.#IND -1.#IND -1.#IND -1.#IND -1.#IND -1.#IND -1.#IND 
-1.#IND -1.#IND -1.#IND -1.#IND -1.#IND -1.#IND -1.#IND -1.#IND -1.#IND -1.#IND -1.#IND -1.#IND -1.#IND -1.#IND -1.#IND -1.#IND -1.#IND -1.#IND -1.#IND -1.#IND -1.#IND -1.#IND 
-1.#IND -1.#IND -1.#IND -1.#IND -1.#IND -1.#IND -1.#IND -1.#IND -1.#IND -1.#IND -1.#IND -1.#IND -1.#IND -1.#IND -1.#IND -1.#IND -1.#IND -1.#IND -1.#IND -1.#IND -1.#IND -1.#IND 
-1.#IND -1.#IND -1.#IND -1.#IND -1.#IND -1.#IND -1.#IND -1.#IND -1.#IND -1.#IND -1.#IND -1.#IND -1.#IND -1.#IND -1.#IND -1.#IND -1.#IND -1.#IND -1.#IND -1.#IND -1.#IND -1.#IND 
-1.#IND -1.#IND -1.#IND -1.#IND -1.#IND -1.#IND -1.#IND -1.#IND -1.#IND -1.#IND -1.#IND -1.#IND -1.#IND -1.#IND -1.#IND -1.#IND -1.#IND -1.#IND -1.#IND -1.#IND -1.#IND -1.#IND 
-1.#IND -1.#IND -1.#IND -1.#IND -1.#IND -1.#IND -1.#IND -1.#IND -1.#IND -1.#IND -1.#IND -1.#IND -1.#IND -1.#IND -1.#IND -1.#IND -1.#IND -1.#IND -1.#IND -1.#IND -1.#IND -1.#IND 
-1.#IND -1.#IND -1.#IND -1.#IND -1.#IND -1.#IND -1.#IND -1.#IND -1.#IND -1.#IND -1.#IND -1.#IND -1.#IND -1.#IND -1.#IND -1.#IND -1.#IND -1.#IND -1.#IND -1.#IND -1.#IND -1.#IND 
-1.#IND -1.#IND -1.#IND -1.#IND -1.#IND -1.#IND -1.#IND -1.#IND -1.#IND -1.#IND -1.#IND -1.#IND -1.#IND -1.#IND -1.#IND -1.#IND -1.#IND -1.#IND -1.#IND -1.#IND -1.#IND -1.#IND 
-1.#IND -1.#IND -1.#IND -1.#IND -1.#IND -1.#IND -1.#IND -1.#IND -1.#IND -1.#IND -1.#IND -1.#IND -1.#IND -1.#IND -1.#IND -1.#IND -1.#IND -1.#IND -1.#IND -1.#IND -1.#IND -1.#IND 
-1.#IND -1.#IND -1.#IND -1.#IND -1.#IND -1.#IND -1.#IND -1.#IND -1.#IND -1.#IND -1.#IND -1.#IND -1.#IND -1.#IND -1.#IND -1.#IND -1.#IND -1.#IND -1.#IND -1.#IND -1.#IND -1.#IND 
-1.#IND -1.#IND -1.#IND -1.#IND -1.#IND -1.#IND -1.#IND -1.#IND -1.#IND -1.#IND -1.#IND -1.#IND -1.#IND -1.#IND -1.#IND -1.#IND -1.#IND -1.#IND -1.#IND -1.#IND -1.#IND -1.#IND 
-1.#IND -1.#IND -1.#IND -1.#IND -1.#IND -1.#IND -1.#IND -1.#IND -1.#IND -1.#IND -1.#IND -1.#IND -1.#IND -1.#IND -1.#IND -1.#IND -1.#IND -1.#IND -1.#IND -1.#IND -1.#IND -1.#IND 
-1.#IND -1.#IND -1.#IND -1.#IND -1.#IND -1.#IND -1.#IND -1.#IND -1.#IND -1.#IND -1.#IND -1.#IND -1.#IND -1.#IND -1.#IND -1.#IND -1.#IND -1.#IND -1.#IND -1.#IND -1.#IND -1.#IND 
-1.#IND -1.#IND -1.#IND -1.#IND -1.#IND -1.#IND -1.#IND -1.#IND -1.#IND -1.#IND -1.#IND -1.#IND -1.#IND -1.#IND -1.#IND -1.#IND -1.#IND -1.#IND -1.#IND -1.#IND -1.#IND -1.#IND 
-1.#IND -1.#IND -1.#IND -1.#IND -1.#IND -1.#IND -1.#IND -1.#IND -1.#IND -1.#IND -1.#IND -1.#IND -1.#IND -1.#IND -1.#IND -1.#IND -1.#IND -1.#IND -1.#IND -1.#IND -1.#IND -1.#IND 
-1.#IND -1.#IND -1.#IND -1.#IND -1.#IND -1.#IND -1.#IND -1.#IND -1.#IND -1.#IND -1.#IND -1.#IND -1.#IND -1.#IND -1.#IND -1.#IND -1.#IND -1.#IND -1.#IND -1.#IND -1.#IND -1.#IND 
-1.#IND -1.#IND -1.#IND -1.#IND -1.#IND -1.#IND -1.#IND -1.#IND -1.#IND -1.#IND -1.#IND -1.#IND -1.#IND -1.#IND -1.#IND -1.#IND -1.#IND -1.#IND -1.#IND -1.#IND -1.#IND -1.#IND 
-1.#IND -1.#IND -1.#IND -1.#IND -1.#IND -1.#IND -1.#IND -1.#IND -1.#IND -1.#IND -1.#IND -1.#IND -1.#IND -1.#IND -1.#IND -1.#IND -1.#IND -1.#IND -1.#IND -1.#IND -1.#IND -1.#IND 
-1.#IND -1.#IND -1.#IND -1.#IND -1.#IND -1.#IND -1.#IND -1.#IND -1.#IND -1.#IND -1.#IND -1.#IND -1.#IND -1.#IND -1.#IND -1.#IND -1.#IND -1.#IND -1.#IND -1.#IND -1.#IND -1.#IND 
-1.#IND -1.#IND -1.#IND -1.#IND -1.#IND -1.#IND -1.#IND -1.#IND -1.#IND -1.#IND -1.#IND -1.#IND -1.#IND -1.#IND -1.#IND -1.#IND -1.#IND -1.#IND -1.#IND -1.#IND -1.#IND -1.#IND 
-1.#IND -1.#IND -1.#IND -1.#IND -1.#IND -1.#IND -1.#IND -1.#IND -1.#IND -1.#IND -1.#IND -1.#IND -1.#IND -1.#IND -1.#IND -1.#IND -1.#IND -1.#IND -1.#IND -1.#IND -1.#IND -1.#IND 
-1.#IND -1.#IND -1.#IND -1.#IND -1.#IND -1.#IND -1.#IND -1.#IND -1.#IND -1.#IND -1.#IND -1.#IND -1.#IND -1.#IND -1.#IND -1.#IND -1.#IND -1.#IND -1.#IND -1.#IND -1.#IND -1.#IND 

List of parameter names, in the same order as the rows & cols of the covariance/correlation matrices:
initialization.B0 recruitment.YCS 21 



Start extracting output from here

Point estimate:
initialization.B0
current value: 74511.7
lower bound: 5000
upper bound: 500000

recruitment.YCS
current values: 1 1 1 1 1 1 1 1 1 1 1 1 1 1 1 1 1 1 1 1 1 
lower bounds: 1 1 1 1 1 1 1 1 1 1 1 1 1 1 1 1 1 1 1 1 1 
upper bounds: 1 1 1 1 1 1 1 1 1 1 1 1 1 1 1 1 1 1 1 1 1 


In a format suitable for -i :

initialization.B0 recruitment.YCS 21 
74511.7 1 1 1 1 1 1 1 1 1 1 1 1 1 1 1 1 1 1 1 1 1 

Objective function : 582.207

Components :
LL_catchA                                          398.207
Tags2005_R1_R1                                     60.7722
Tags2006_R1_R1                                     47.1033
Tags2007_R1_R1                                     34.9108
Tags2008_R1_R1                                     27.9139
Tags2009_R1_R1                                     11.4802
prior_on_initialization.B0                         0
prior_on_recruitment.YCS                           1.81951
LL_Penalty                                         0
meanYCS_1                                          0
Penalty_Tags2005_R1_LL                             0
Penalty_Tags2006_R1_LL                             0
Penalty_Tags2007_R1_LL                             2.06795e-025
Penalty_Tags2008_R1_LL                             8.27181e-025
Penalty_Tags2009_R1_LL                             8.27181e-025

Fits : 

The observations are:
LL_catchA
Tags2005_R1_R1
Tags2006_R1_R1
Tags2007_R1_R1
Tags2008_R1_R1
Tags2009_R1_R1
Fits follow:

LL_catchA :
catch proportions-at-age for fishery LL  with ageing error (not constrained to sum to 1):
obs (last class is a plus group):
class 1       2       3       4       5       6       7       8       9       10      11      12      13      14      15      16      17      18      19      20      21      22      23      24      25      26      27      28      29      30      31      32      33      34      35      
2000 0       0       0       0.002   0.007   0.02    0.039   0.109   0.163   0.118   0.063   0.081   0.132   0.054   0.045   0.029   0.035   0.031   0.018   0.009   0.013   0.005   0.007   0.009   0.003   0.002   0.001   0.001   0       0       0       0.001   0.001   0.001   0.001   
2001 0       0       0       0       0.004   0.039   0.036   0.079   0.143   0.165   0.083   0.056   0.069   0.121   0.04    0.042   0.024   0.016   0.018   0.019   0.01    0.008   0.004   0.005   0.006   0.004   0.003   0.001   0.001   0.001   0.003   0       0       0       0       
2002 0       0       0       0       0.006   0.021   0.07    0.066   0.106   0.164   0.126   0.099   0.049   0.048   0.082   0.023   0.038   0.016   0.016   0.017   0.012   0.013   0.005   0.006   0.003   0.004   0.004   0.002   0.001   0       0       0.001   0.001   0       0.001   
2003 0       0       0       0.001   0.01    0.021   0.046   0.148   0.106   0.114   0.134   0.107   0.058   0.039   0.035   0.072   0.02    0.024   0.01    0.009   0.011   0.009   0.005   0.002   0.006   0.002   0.005   0.003   0       0.002   0       0       0       0.001   0       
2004 0       0       0       0       0.001   0.026   0.059   0.105   0.205   0.082   0.09    0.108   0.096   0.044   0.033   0.027   0.054   0.016   0.015   0.01    0.003   0.008   0.005   0.002   0       0.001   0.002   0.001   0.002   0       0.002   0.001   0.001   0       0.001   
2005 0       0       0       0       0       0.011   0.046   0.092   0.171   0.196   0.079   0.087   0.081   0.067   0.033   0.023   0.014   0.044   0.015   0.01    0.005   0.006   0.011   0.001   0       0.003   0.001   0       0.002   0.001   0       0       0       0       0.001   
2006 0       0       0       0.001   0.001   0.004   0.035   0.113   0.111   0.173   0.171   0.073   0.062   0.07    0.049   0.033   0.014   0.018   0.03    0.007   0.009   0.007   0.003   0.004   0.003   0.003   0.001   0.002   0       0.001   0.001   0       0       0       0.001   
2007 0       0       0       0.001   0.005   0.003   0.012   0.076   0.143   0.169   0.143   0.152   0.052   0.043   0.059   0.034   0.027   0.014   0.009   0.025   0.006   0.005   0.007   0.004   0.003   0.003   0.002   0       0       0       0.002   0       0.001   0       0       
2008 0       0       0.001   0.001   0.004   0.008   0.021   0.027   0.098   0.17    0.139   0.133   0.134   0.057   0.037   0.043   0.034   0.035   0.013   0.012   0.014   0.005   0.003   0.004   0       0.003   0.001   0.001   0       0       0       0       0       0.001   0.001   
2009 0       0       0.001   0       0.002   0.017   0.045   0.048   0.042   0.122   0.151   0.138   0.095   0.111   0.043   0.035   0.042   0.033   0.024   0.009   0.007   0.016   0.003   0.006   0.004   0.001   0.001   0.001   0       0       0.001   0       0       0       0.002   
2010 0       0       0.001   0       0.001   0.016   0.048   0.089   0.078   0.055   0.101   0.129   0.117   0.101   0.102   0.033   0.031   0.029   0.019   0.011   0.007   0.008   0.01    0.004   0.003   0       0.003   0       0.003   0       0       0       0       0       0.001   
fits (last class is a plus group):
class 1       2       3       4       5       6       7       8       9       10      11      12      13      14      15      16      17      18      19      20      21      22      23      24      25      26      27      28      29      30      31      32      33      34      35      
2000 3.41384e-007 5.70695e-006 6.74618e-005 0.000563898 0.00333288 0.0139271 0.0411268 0.0857247 0.125913 0.130243 0.112245 0.0954161 0.0800179 0.0662128 0.0540746 0.0436092 0.0347706 0.0274541 0.0214794 0.0166172 0.0126879 0.00955953 0.00710577 0.00520993 0.00376721 0.00268602 0.00188816 0.00130847 0.000893831 0.000601852 0.000399447 0.000261315 0.000168506 0.00010711 0.000553022 
2001 3.41722e-007 5.71244e-006 6.75253e-005 0.000564423 0.00333598 0.0139402 0.0411664 0.0858091 0.126039 0.130375 0.112404 0.0955461 0.080122 0.0662931 0.0541294 0.0436259 0.0347239 0.0273269 0.0212975 0.0164471 0.0125594 0.00946521 0.00703857 0.00516346 0.00373605 0.00266576 0.00187542 0.00130073 0.000889285 0.000599285 0.000398059 0.0002606 0.00016816 0.000106955 0.000553323 
2002 3.41992e-007 5.71675e-006 6.75744e-005 0.000564822 0.0033383 0.0139499 0.0411954 0.085871 0.126132 0.130472 0.112489 0.0956564 0.0802103 0.0663621 0.0541811 0.0436589 0.0347284 0.0272833 0.0211934 0.0163038 0.0124278 0.00936704 0.00696742 0.00511338 0.00370183 0.00264308 0.00186083 0.00129164 0.000883809 0.000596096 0.000396267 0.000259633 0.00016766 0.00010671 0.00055336 
2003 3.42213e-007 5.72023e-006 6.76133e-005 0.000565131 0.00334006 0.0139571 0.0412167 0.0859158 0.126199 0.130542 0.11255 0.095709 0.0802868 0.0664221 0.0542268 0.043692 0.0347479 0.0272815 0.0211555 0.016221 0.0123171 0.00926714 0.00689387 0.00506076 0.00366526 0.00261839 0.00184466 0.00128136 0.000877477 0.000592319 0.000394088 0.000258419 0.000167008 0.000106374 0.00055314 
2004 3.424e-007 5.72316e-006 6.76454e-005 0.000565381 0.00334144 0.0139626 0.0412324 0.0859482 0.126247 0.130592 0.112594 0.0957467 0.0803188 0.0664753 0.0542676 0.0437223 0.034769 0.0272928 0.0211511 0.0161897 0.0122529 0.00918332 0.00681938 0.00500663 0.00362703 0.00259216 0.00182718 0.00127005 0.000870376 0.000587995 0.000391537 0.000256962 0.000166204 0.000105946 0.000552662 
2005 3.42565e-007 5.72571e-006 6.76732e-005 0.000565592 0.00334258 0.013967 0.0412444 0.085972 0.126281 0.130627 0.112624 0.0957727 0.0803411 0.0664942 0.0543049 0.0437502 0.0347892 0.0273063 0.0211575 0.0161845 0.0122279 0.00913441 0.00675698 0.00495201 0.00358786 0.00256486 0.00180869 0.00125789 0.000862605 0.000583177 0.00038864 0.000255273 0.000165251 0.000105425 0.000551919 
2006 3.42739e-007 5.72845e-006 6.7703e-005 0.000565821 0.00334381 0.0139716 0.0412569 0.0859952 0.126309 0.130648 0.112639 0.0957861 0.0803537 0.0665056 0.0543149 0.0437763 0.0348085 0.0273201 0.0211665 0.0161884 0.0122232 0.00911532 0.0067207 0.00490652 0.00354861 0.00253709 0.0017896 0.00124513 0.000854328 0.000577962 0.00038545 0.000253382 0.000164163 0.00010482 0.000550936 
2007 3.42901e-007 5.73099e-006 6.77311e-005 0.000566035 0.00334495 0.0139759 0.0412681 0.0860161 0.126335 0.130668 0.112648 0.09579 0.0803573 0.0665099 0.0543195 0.0437807 0.0348264 0.027333 0.0211755 0.0161941 0.0122253 0.00911123 0.00670619 0.00487984 0.00351577 0.00250916 0.00177011 0.00123191 0.000845611 0.000572379 0.000381979 0.000251286 0.000162936 0.000104123 0.000549658 
2008 3.43055e-007 5.73339e-006 6.77574e-005 0.000566238 0.00334604 0.0139799 0.0412784 0.0860348 0.126359 0.130688 0.112658 0.0957908 0.0803542 0.0665076 0.0543188 0.0437812 0.0348274 0.0273452 0.0211841 0.0161999 0.0122288 0.00911217 0.00670277 0.00486901 0.00349644 0.0024858 0.00175052 0.00121842 0.000836584 0.000566507 0.000378268 0.000249009 0.00016158 0.000103339 0.00054807 
2009 3.432e-007 5.73568e-006 6.77826e-005 0.000566431 0.00334708 0.0139838 0.0412881 0.0860516 0.126381 0.130707 0.112669 0.0957931 0.0803488 0.0664997 0.0543127 0.0437774 0.0348253 0.0273442 0.0211923 0.0162055 0.0122325 0.00911429 0.0067031 0.00486626 0.0034885 0.00247201 0.00173413 0.00120488 0.000827384 0.000560432 0.000374369 0.000246578 0.000160108 0.000102474 0.000546158 
2010 3.43337e-007 5.73785e-006 6.78065e-005 0.000566616 0.00334806 0.0139875 0.0412975 0.0860673 0.126398 0.130725 0.112683 0.0957995 0.0803469 0.0664911 0.0543022 0.043769 0.0348196 0.0273405 0.0211899 0.0162106 0.0122359 0.00911646 0.00670424 0.00486621 0.00348633 0.00246626 0.00172442 0.00119354 0.000818146 0.000554241 0.000370336 0.000244025 0.000158538 0.000101536 0.000543911 
resids (last class is a plus group):
class 1       2       3       4       5       6       7       8       9       10      11      12      13      14      15      16      17      18      19      20      21      22      23      24      25      26      27      28      29      30      31      32      33      34      35      
2000 -3.41384e-007 -5.70695e-006 -6.74618e-005 0.0014361 0.00366712 0.0060729 -0.00212684 0.0232753 0.037087 -0.0122427 -0.0492454 -0.0144161 0.0519821 -0.0122128 -0.00907461 -0.0146092 0.000229394 0.00354586 -0.00347938 -0.0076172 0.000312082 -0.00455953 -0.000105772 0.00379007 -0.000767214 -0.000686015 -0.000888158 -0.000308474 -0.000893831 -0.000601852 -0.000399447 0.000738685 0.000831494 0.00089289 0.000446978 
2001 -3.41722e-007 -5.71244e-006 -6.75253e-005 -0.000564423 0.00066402 0.0250598 -0.0051664 -0.0068091 0.0169607 0.0346255 -0.0294042 -0.0395461 -0.011122 0.0547069 -0.0141294 -0.00162595 -0.0107239 -0.0113269 -0.00329749 0.00255287 -0.00255941 -0.00146521 -0.00303857 -0.000163457 0.00226395 0.00133424 0.00112458 -0.000300726 0.000110715 0.000400715 0.00260194 -0.0002606 -0.00016816 -0.000106955 -0.000553323 
2002 -3.41992e-007 -5.71675e-006 -6.75744e-005 -0.000564822 0.0026617 0.00705008 0.0288046 -0.019871 -0.0201322 0.0335282 0.0135114 0.00334363 -0.0312103 -0.0183621 0.0278189 -0.0206589 0.00327161 -0.0112833 -0.00519342 0.000696212 -0.000427792 0.00363296 -0.00196742 0.000886618 -0.000701832 0.00135692 0.00213917 0.000708359 0.000116191 -0.000596096 -0.000396267 0.000740367 0.00083234 -0.00010671 0.00044664 
2003 -3.42213e-007 -5.72023e-006 -6.76133e-005 0.000434869 0.00665994 0.00704287 0.00478332 0.0620842 -0.0201992 -0.0165423 0.02145 0.011291 -0.0222868 -0.0274221 -0.0192268 0.028308 -0.0147479 -0.00328148 -0.0111555 -0.00722102 -0.00131714 -0.000267136 -0.00189387 -0.00306076 0.00233474 -0.000618388 0.00315534 0.00171864 -0.000877477 0.00140768 -0.000394088 -0.000258419 -0.000167008 0.000893626 -0.00055314 
2004 -3.424e-007 -5.72316e-006 -6.76454e-005 -0.000565381 -0.00234144 0.0120374 0.0177676 0.0190518 0.078753 -0.0485921 -0.0225936 0.0122533 0.0156812 -0.0224753 -0.0212676 -0.0167223 0.019231 -0.0112928 -0.00615106 -0.00618969 -0.00925286 -0.00118332 -0.00181938 -0.00300663 -0.00362703 -0.00159216 0.000172822 -0.000270052 0.00112962 -0.000587995 0.00160846 0.000743038 0.000833796 -0.000105946 0.000447338 
2005 -3.42565e-007 -5.72571e-006 -6.76732e-005 -0.000565592 -0.00334258 -0.00296697 0.00475563 0.00602796 0.0447191 0.0653733 -0.0336236 -0.00877267 0.000658886 0.00050582 -0.0213049 -0.0207502 -0.0207892 0.0166937 -0.00615747 -0.00618449 -0.00722787 -0.00313441 0.00424302 -0.00395201 -0.00358786 0.000435142 -0.000808687 -0.00125789 0.0011374 0.000416823 -0.00038864 -0.000255273 -0.000165251 -0.000105425 0.000448081 
2006 -3.42739e-007 -5.72845e-006 -6.7703e-005 0.000434179 -0.00234381 -0.00997165 -0.00625692 0.0270048 -0.015309 0.0423519 0.0583615 -0.0227861 -0.0183537 0.00349439 -0.00531491 -0.0107763 -0.0208085 -0.00932005 0.00883351 -0.00918835 -0.00322324 -0.00211532 -0.0037207 -0.000906515 -0.000548606 0.000462909 -0.000789596 0.000754868 -0.000854328 0.000422038 0.00061455 -0.000253382 -0.000164163 -0.00010482 0.000449064 
2007 -3.42901e-007 -5.73099e-006 -6.77311e-005 0.000433965 0.00165505 -0.0109759 -0.0292681 -0.0100161 0.0166649 0.0383319 0.0303521 0.05621 -0.0283573 -0.0235099 0.00468053 -0.0097807 -0.00782639 -0.013333 -0.0121755 0.00880594 -0.00622527 -0.00411123 0.000293808 -0.000879837 -0.000515767 0.000490837 0.000229895 -0.00123191 -0.000845611 -0.000572379 0.00161802 -0.000251286 0.000837064 -0.000104123 -0.000549658 
2008 -3.43055e-007 -5.73339e-006 0.000932243 0.000433762 0.000653964 -0.00597991 -0.0202784 -0.0590348 -0.0283593 0.0393125 0.0263424 0.0372092 0.0536458 -0.00950762 -0.0173188 -0.000781152 -0.000827398 0.0076548 -0.00818414 -0.00419989 0.0017712 -0.00411217 -0.00370277 -0.000869008 -0.00349644 0.000514201 -0.00075052 -0.000218423 -0.000836584 -0.000566507 -0.000378268 -0.000249009 -0.00016158 0.000896661 0.00045193 
2009 -3.432e-007 -5.73568e-006 0.000932217 -0.000566431 -0.00134708 0.00301624 0.00371187 -0.0380516 -0.0843808 -0.00870729 0.038331 0.0422069 0.0146512 0.0445003 -0.0113127 -0.00877735 0.00717467 0.0056558 0.00280775 -0.00720553 -0.00523249 0.00688571 -0.0037031 0.00113374 0.0005115 -0.00147201 -0.000734131 -0.000204881 -0.000827384 -0.000560432 0.000625631 -0.000246578 -0.000160108 -0.000102474 0.00145384 
2010 -3.43337e-007 -5.73785e-006 0.000932193 -0.000566616 -0.00234806 0.00201254 0.00670248 0.00293274 -0.0483983 -0.0757245 -0.0116829 0.0332005 0.0366531 0.0345089 0.0476978 -0.010769 -0.00381964 0.00165947 -0.00218994 -0.0052106 -0.00523593 -0.00111646 0.00329576 -0.00086621 -0.000486333 -0.00246626 0.00127558 -0.00119354 0.00218185 -0.000554241 -0.000370336 -0.000244025 -0.000158538 -0.000101536 0.000456089 
pearson_resids (last class is a plus group):
class 1       2       3       4       5       6       7       8       9       10      11      12      13      14      15      16      17      18      19      20      21      22      23      24      25      26      27      28      29      30      31      32      33      34      35      
2000 -0.00584281 -0.0238893 -0.0821379 0.604933 0.636269 0.518216 -0.1071 0.831389 1.11792 -0.363749 -1.56004 -0.490696 1.91589 -0.491156 -0.401239 -0.715353 0.0125216 0.217001 -0.239997 -0.595875 0.0278835 -0.468584 -0.0125925 0.526461 -0.125235 -0.132545 -0.204589 -0.0853335 -0.299104 -0.245401 -0.199902 0.457018 0.640601 0.862795 0.190123 
2001 -0.0058457 -0.0239008 -0.0821766 -0.237643 0.115158 2.13742 -0.260043 -0.243111 0.511028 1.02833 -0.930917 -1.34525 -0.409676 2.19889 -0.624441 -0.0796012 -0.585753 -0.694754 -0.228399 0.200717 -0.229826 -0.151322 -0.363463 -0.0228065 0.371085 0.258763 0.259926 -0.0834373 0.0371432 0.163738 1.3044  -0.161452 -0.129687 -0.103425 -0.235293 
2002 -0.00584801 -0.0239098 -0.0822064 -0.237727 0.461447 0.601116 1.44934 -0.709239 -0.606394 0.995427 0.42762 0.113683 -1.14905 -0.737689 1.22889 -1.01103 0.178687 -0.692618 -0.360583 0.0549752 -0.0386145 0.37714 -0.236527 0.124307 -0.115566 0.264287 0.496359 0.197226 0.0391007 -0.244224 -0.199104 0.45954 0.642868 -0.103306 0.189921 
2003 -0.00584989 -0.0239171 -0.0822301 0.182981 1.1543  0.600349 0.240621 2.21539 -0.608275 -0.491015 0.678706 0.383796 -0.820161 -1.10121 -0.848996 1.38487 -0.805276 -0.201438 -0.775215 -0.571625 -0.119418 -0.0278793 -0.228887 -0.431343 0.386353 -0.121008 0.735342 0.480426 -0.296352 0.578569 -0.198556 -0.160775 -0.129242 0.866485 -0.235254 
2004 -0.0058515 -0.0239232 -0.0822496 -0.237845 -0.405736 1.02589 0.893621 0.679722 2.37117 -1.4421 -0.714772 0.416434 0.576969 -0.902221 -0.938779 -0.81781 1.04976 -0.693083 -0.42749 -0.490449 -0.841074 -0.124053 -0.221074 -0.425988 -0.603344 -0.313126 0.0404675 -0.075825 0.383062 -0.242557 0.813036 0.463588 0.646807 -0.102935 0.190338 
2005 -0.00585291 -0.0239285 -0.0822665 -0.237889 -0.579119 -0.252823 0.239151 0.215036 1.34629 1.93991 -1.06359 -0.298107 0.0242397 0.0203023 -0.940122 -1.01449 -1.1345 1.02431 -0.427872 -0.490114 -0.657667 -0.329464 0.517929 -0.562996 -0.600065 0.0860314 -0.190323 -0.35489 0.38743 0.172654 -0.197178 -0.159793 -0.128561 -0.102682 0.190783 
2006 -0.00585439 -0.0239342 -0.0822846 0.182579 -0.406003 -0.849569 -0.314602 0.963227 -0.46084 1.25668 1.846   -0.774253 -0.675164 0.140245 -0.234511 -0.526709 -1.13525 -0.571732 0.613698 -0.728082 -0.293339 -0.222576 -0.455388 -0.129735 -0.0922579 0.0920194 -0.186817 0.214059 -0.292414 0.175601 0.313081 -0.1592 -0.128137 -0.102387 0.191372 
2007 -0.00585578 -0.0239395 -0.0823017 0.182455 0.286644 -0.934989 -1.47143 -0.357225 0.501611 1.13732 0.960017 1.90994 -1.04314 -0.943523 0.206512 -0.478024 -0.426879 -0.817717 -0.845703 0.697659 -0.5665 -0.432684 0.0359987 -0.126259 -0.0871381 0.0981111 0.0546908 -0.351202 -0.290917 -0.239313 0.828033 -0.15854 0.65582 -0.102046 -0.234512 
2008 -0.00585709 -0.0239446 1.13257 0.182337 0.113244 -0.50933 -1.01936 -2.10526 -0.853542 1.16634 0.833164 1.26431 1.97343 -0.381576 -0.764136 -0.038178 -0.0451285 0.469368 -0.568352 -0.332682 0.161157 -0.432761 -0.453795 -0.124843 -0.592344 0.103262 -0.179539 -0.062613 -0.289359 -0.238082 -0.194528 -0.15782 -0.127124 0.8821  0.193096 
2009 -0.00585833 -0.0239493 1.13233 -0.238066 -0.233232 0.25687 0.186567 -1.35685 -2.53946 -0.258315 1.21229 1.43411 0.538978 1.78606 -0.49916 -0.429002 0.391337 0.346802 0.194949 -0.570666 -0.476018 0.724563 -0.453824 0.16292 0.0867531 -0.29643 -0.176445 -0.0590597 -0.287762 -0.236801 0.323407 -0.157047 -0.126544 -0.101235 0.622267 
2010 -0.0058595 -0.0239539 1.1321  -0.238104 -0.406482 0.17137 0.336846 0.104568 -1.45648 -2.24636 -0.369473 1.12806 1.34839 1.38513 2.10481 -0.526395 -0.208356 0.101762 -0.152061 -0.412607 -0.476265 -0.117468 0.40387 -0.124476 -0.0825101 -0.497228 0.307441 -0.345683 0.763112 -0.235489 -0.192477 -0.156232 -0.125922 -0.10077 0.195616 
objective function: multinomial likelihood, with delta = 1e-011, N =
100 100 100 100 100 100 100 100 100 100 100 100 100 100 100 100 100 100 100 100 100 100 100 100 100 100 100 100 100 100 100 100 100 100 100 
100 100 100 100 100 100 100 100 100 100 100 100 100 100 100 100 100 100 100 100 100 100 100 100 100 100 100 100 100 100 100 100 100 100 100 
100 100 100 100 100 100 100 100 100 100 100 100 100 100 100 100 100 100 100 100 100 100 100 100 100 100 100 100 100 100 100 100 100 100 100 
100 100 100 100 100 100 100 100 100 100 100 100 100 100 100 100 100 100 100 100 100 100 100 100 100 100 100 100 100 100 100 100 100 100 100 
100 100 100 100 100 100 100 100 100 100 100 100 100 100 100 100 100 100 100 100 100 100 100 100 100 100 100 100 100 100 100 100 100 100 100 
100 100 100 100 100 100 100 100 100 100 100 100 100 100 100 100 100 100 100 100 100 100 100 100 100 100 100 100 100 100 100 100 100 100 100 
100 100 100 100 100 100 100 100 100 100 100 100 100 100 100 100 100 100 100 100 100 100 100 100 100 100 100 100 100 100 100 100 100 100 100 
100 100 100 100 100 100 100 100 100 100 100 100 100 100 100 100 100 100 100 100 100 100 100 100 100 100 100 100 100 100 100 100 100 100 100 
100 100 100 100 100 100 100 100 100 100 100 100 100 100 100 100 100 100 100 100 100 100 100 100 100 100 100 100 100 100 100 100 100 100 100 
100 100 100 100 100 100 100 100 100 100 100 100 100 100 100 100 100 100 100 100 100 100 100 100 100 100 100 100 100 100 100 100 100 100 100 
100 100 100 100 100 100 100 100 100 100 100 100 100 100 100 100 100 100 100 100 100 100 100 100 100 100 100 100 100 100 100 100 100 100 100 

Tags2005_R1_R1 :
tag-recapture data for tag Tags2005_R1 in years 2006 2007 2008 2009 2010 , step 1, after proportion 0.5 of mortality, with sampling method size, detection probability 1.
Year 2006
class scanned recaptured expected_prop neg_log_likelihood
100 0 0 0 0
150 0 0 0 0
200 0 0 0 0
250 0 0 0 0
300 0 0 0 0
350 0 0 0 0
400 0 0 0 0
450 0 0 0 0
500 0 0 0 0
550 0 0 0 0
600 2 0 0 0
650 0 0 8.05964e-011 0
700 8 0 1.85648e-008 1.48519e-007
750 10 0 4.05348e-007 4.05348e-006
800 18 0 4.62953e-007 8.33316e-006
850 38 0 1.47578e-006 5.60795e-005
900 76 0 3.20889e-006 0.000243876
950 240 0 1.52259e-005 0.00365425
1000 760 0 4.66779e-005 0.035476
1050 1730 0.1 0.000140522 0.334635
1100 3166 0.9 0.00031647 0.961071
1150 4574 2.5 0.00057113 1.41243
1200 5564 3.9 0.000790706 1.64991
1250 5374 4.4 0.000858725 1.68332
1300 4276 4.1 0.000798585 1.70886
1350 3552 3.3 0.000690043 1.67321
1400 2886 1.8 0.000557969 1.26914
1450 1970 0.7 0.000402351 0.859326
1500 1040 0.2 0.000259608 0.446397
1550 366 0 0.0001617 0.059187
1600 78 0 0.000103897 0.0081044
1650 10 0 7.3069e-005 0.000730716
1700 0 0 6.13948e-005 0
1750 0 0 5.89276e-005 0
1800 0 0 3.51642e-005 0
1850 0 0 0 0
1900 0 0 0 0
1950 0 0 0 0
2000 0 0 0 0

total neg_log_likelihood: 12.1058


Year 2007
class scanned recaptured expected_prop neg_log_likelihood
100 0 0 0 0
150 0 0 0 0
200 0 0 0 0
250 0 0 0 0
300 0 0 0 0
350 0 0 0 0
400 0 0 0 0
450 0 0 0 0
500 0 0 0 0
550 0 0 0 0
600 2 0 0 0
650 0 0 0 0
700 10 0 0 0
750 12 0 3.66539e-010 4.39847e-009
800 36 0 1.62019e-008 5.83268e-007
850 70 0 3.32978e-007 2.33085e-005
900 100 0 5.52025e-007 5.52025e-005
950 182 0 1.82404e-006 0.000331976
1000 400 0 7.07169e-006 0.00282869
1050 1152 0 3.13329e-005 0.0360961
1100 2592 0 0.000108126 0.280278
1150 4210 0.3 0.00028208 1.02787
1200 5272 2.1 0.000546737 1.44652
1250 5596 4.9 0.000770621 1.76846
1300 4934 5.6 0.00082584 2.05019
1350 3812 4.4 0.000743959 2.04693
1400 2938 3.3 0.00060657 2.05623
1450 2004 2 0.000443964 1.81639
1500 1044 0.9 0.000293261 1.33219
1550 368 0.3 0.000187133 0.763038
1600 78 0 0.000122692 0.00957057
1650 10 0 8.73919e-005 0.000873958
1700 0 0 7.37577e-005 0
1750 0 0 7.10028e-005 0
1800 0 0 4.34992e-005 0
1850 0 0 0 0
1900 0 0 0 0
1950 0 0 0 0
2000 0 0 0 0

total neg_log_likelihood: 14.6379


Year 2008
class scanned recaptured expected_prop neg_log_likelihood
100 0 0 0 0
150 0 0 0 0
200 0 0 0 0
250 0 0 0 0
300 0 0 0 0
350 0 0 0 0
400 0 0 0 0
450 0 0 0 0
500 0 0 0 0
550 0 0 0 0
600 2 0 0 0
650 0 0 0 0
700 8 0 0 0
750 12 0 0 0
800 42 0 2.09545e-011 8.80092e-010
850 90 0 1.95738e-009 1.76164e-007
900 190 0 4.45611e-008 8.46662e-006
950 322 0 3.57761e-007 0.000115199
1000 442 0 9.80152e-007 0.000433227
1050 736 0 4.73593e-006 0.00348565
1100 1638 0 2.43909e-005 0.0399527
1150 3334 0.2 9.87311e-005 0.466004
1200 4854 1.3 0.000282934 1.11498
1250 5546 4 0.000558273 1.75327
1300 5394 5.6 0.000764003 2.03321
1350 4384 4.3 0.000777549 1.77469
1400 3178 2.6 0.000656223 1.48704
1450 2104 1.6 0.000487144 1.34263
1500 1088 0.9 0.000328459 1.2442
1550 380 0.3 0.000214539 0.725072
1600 80 0.1 0.000143613 0.407678
1650 10 0 0.000103749 0.00103754
1700 0 0 8.80514e-005 0
1750 0 0 8.50043e-005 0
1800 0 0 5.36296e-005 0
1850 0 0 0 0
1900 0 0 0 0
1950 0 0 0 0
2000 0 0 0 0

total neg_log_likelihood: 12.3938


Year 2009
class scanned recaptured expected_prop neg_log_likelihood
100 0 0 0 0
150 0 0 0 0
200 0 0 0 0
250 0 0 0 0
300 0 0 0 0
350 0 0 0 0
400 0 0 0 0
450 0 0 0 0
500 0 0 0 0
550 0 0 0 0
600 2 0 0 0
650 0 0 0 0
700 6 0 0 0
750 8 0 0 0
800 36 0 0 0
850 84 0 9.57867e-012 8.04608e-010
900 222 0 2.89892e-010 6.4356e-008
950 458 0 1.29935e-008 5.95101e-006
1000 828 0 1.45837e-007 0.000120753
1050 1068 0 7.34061e-007 0.000783977
1100 1338 0 4.05499e-006 0.00542558
1150 2168 0 2.4677e-005 0.0535005
1200 3780 0.2 0.000109797 0.505517
1250 5146 0.9 0.000319415 1.15743
1300 5560 2.3 0.000599051 1.55037
1350 4942 3.5 0.000751595 1.57503
1400 3616 3.3 0.000695991 1.65162
1450 2284 2.1 0.000531472 1.59394
1500 1158 1.1 0.000365211 1.41472
1550 402 0.5 0.000243791 1.13817
1600 84 0.1 0.000166609 0.390477
1650 10 0 0.000122179 0.00122186
1700 0 0 0.000104352 0
1750 0 0 0.000101004 0
1800 0 0 6.57231e-005 0
1850 0 0 0 0
1900 0 0 0 0
1950 0 0 0 0
2000 0 0 0 0

total neg_log_likelihood: 11.0383


Year 2010
class scanned recaptured expected_prop neg_log_likelihood
100 0 0 0 0
150 0 0 0 0
200 0 0 0 0
250 0 0 0 0
300 0 0 0 0
350 0 0 0 0
400 0 0 0 0
450 0 0 0 0
500 0 0 0 0
550 0 0 0 0
600 2 0 0 0
650 0 0 0 0
700 10 0 0 0
750 12 0 0 0
800 26 0 0 0
850 64 0 0 0
900 192 0 4.05321e-012 7.78215e-010
950 452 0 1.72532e-010 7.79845e-008
1000 1014 0 5.33668e-009 5.41139e-006
1050 1694 0 8.96594e-008 0.000151883
1100 2170 0 6.61102e-007 0.00143459
1150 2154 0 4.88534e-006 0.010523
1200 2664 0.1 3.29774e-005 0.281171
1250 4056 0.5 0.000146205 0.733439
1300 5214 1.4 0.000392497 1.26067
1350 5192 2.5 0.000646595 1.53021
1400 4042 3.1 0.000703339 1.52235
1450 2514 2.4 0.000572638 1.65715
1500 1236 1.3 0.000403318 1.55742
1550 424 0.6 0.000274785 1.29336
1600 88 0.2 0.000191598 0.747096
1650 10 0 0.000142687 0.00142697
1700 0 0 0.000122702 0
1750 0 0 0.000119038 0
1800 0 0 7.99368e-005 0
1850 0 0 0 0
1900 0 0 0 0
1950 0 0 0 0
2000 0 0 0 0

total neg_log_likelihood: 10.5964


Tags2006_R1_R1 :
tag-recapture data for tag Tags2006_R1 in years 2007 2008 2009 2010 , step 1, after proportion 0.5 of mortality, with sampling method size, detection probability 1.
Year 2007
class scanned recaptured expected_prop neg_log_likelihood
100 0 0 0 0
150 0 0 0 0
200 0 0 0 0
250 0 0 0 0
300 0 0 0 0
350 0 0 0 0
400 0 0 0 0
450 0 0 0 0
500 0 0 0 0
550 0 0 0 0
600 2 0 0 0
650 0 0 1.61262e-010 0
700 10 0 3.71455e-008 3.71455e-007
750 12 0 8.10495e-007 9.72594e-006
800 36 0 8.99793e-007 3.23926e-005
850 70 0 2.33016e-006 0.000163111
900 100 0 3.30118e-006 0.000330119
950 182 0 8.75209e-006 0.00159289
1000 400 0 2.89517e-005 0.0115809
1050 1152 0 0.000100956 0.116307
1100 2592 0.3 0.000262222 0.687315
1150 4210 0.8 0.000514504 1.47678
1200 5272 1.7 0.000763257 2.09224
1250 5596 2.8 0.000887085 2.02435
1300 4934 2.6 0.00086522 1.80835
1350 3812 1.7 0.000752038 1.51113
1400 2938 1.3 0.000592913 1.17445
1450 2004 0.9 0.000413621 0.958583
1500 1044 0.5 0.000259162 0.80319
1550 368 0.2 0.000157749 0.541718
1600 78 0 9.96829e-005 0.00777566
1650 10 0 6.94138e-005 0.000694162
1700 0 0 5.8101e-005 0
1750 0 0 5.55816e-005 0
1800 0 0 3.26841e-005 0
1850 0 0 0 0
1900 0 0 0 0
1950 0 0 0 0
2000 0 0 0 0

total neg_log_likelihood: 13.2166


Year 2008
class scanned recaptured expected_prop neg_log_likelihood
100 0 0 0 0
150 0 0 0 0
200 0 0 0 0
250 0 0 0 0
300 0 0 0 0
350 0 0 0 0
400 0 0 0 0
450 0 0 0 0
500 0 0 0 0
550 0 0 0 0
600 2 0 0 0
650 0 0 0 0
700 8 0 0 0
750 12 0 7.33391e-010 8.80069e-009
800 42 0 3.23847e-008 1.36016e-006
850 90 0 6.62701e-007 5.96431e-005
900 190 0 1.01954e-006 0.000193713
950 322 0 2.42799e-006 0.000781815
1000 442 0 5.08823e-006 0.002249
1050 736 0 1.93778e-005 0.0142622
1100 1638 0.4 7.72566e-005 0.833693
1150 3334 1.7 0.000232461 1.64298
1200 4854 4 0.000495306 2.07323
1250 5546 5.4 0.0007523 1.94234
1300 5394 5.4 0.000861978 1.83465
1350 4384 4.5 0.000805737 1.81092
1400 3178 2.6 0.0006523 1.49016
1450 2104 1.2 0.00046299 1.10226
1500 1088 0.5 0.00029629 0.767404
1550 380 0.1 0.000184332 0.285903
1600 80 0 0.000118636 0.00949144
1650 10 0 8.35579e-005 0.000835614
1700 0 0 7.02121e-005 0
1750 0 0 6.7357e-005 0
1800 0 0 4.05268e-005 0
1850 0 0 0 0
1900 0 0 0 0
1950 0 0 0 0
2000 0 0 0 0

total neg_log_likelihood: 13.8114


Year 2009
class scanned recaptured expected_prop neg_log_likelihood
100 0 0 0 0
150 0 0 0 0
200 0 0 0 0
250 0 0 0 0
300 0 0 0 0
350 0 0 0 0
400 0 0 0 0
450 0 0 0 0
500 0 0 0 0
550 0 0 0 0
600 2 0 0 0
650 0 0 0 0
700 6 0 0 0
750 8 0 0 0
800 36 0 4.19254e-011 1.50932e-009
850 84 0 3.90133e-009 3.27712e-007
900 222 0 8.85017e-008 1.96474e-005
950 458 0 6.86291e-007 0.000314321
1000 828 0 1.46143e-006 0.00121007
1050 1068 0 3.95384e-006 0.00422271
1100 1338 0 1.5861e-005 0.0212221
1150 2168 0.2 7.23057e-005 0.441948
1200 3780 0.6 0.000237255 0.849501
1250 5146 1.6 0.000515173 1.4485
1300 5560 2.5 0.000761122 1.82627
1350 4942 3.3 0.000821764 1.61706
1400 3616 2.9 0.000706946 1.50167
1450 2284 1.8 0.000514508 1.40104
1500 1158 0.8 0.000336058 1.07282
1550 402 0.2 0.000213546 0.49128
1600 84 0 0.000140056 0.0117655
1650 10 0 9.99118e-005 0.000999168
1700 0 0 8.43708e-005 0
1750 0 0 8.11658e-005 0
1800 0 0 5.01263e-005 0
1850 0 0 0 0
1900 0 0 0 0
1950 0 0 0 0
2000 0 0 0 0

total neg_log_likelihood: 10.6898


Year 2010
class scanned recaptured expected_prop neg_log_likelihood
100 0 0 0 0
150 0 0 0 0
200 0 0 0 0
250 0 0 0 0
300 0 0 0 0
350 0 0 0 0
400 0 0 0 0
450 0 0 0 0
500 0 0 0 0
550 0 0 0 0
600 2 0 0 0
650 0 0 0 0
700 10 0 0 0
750 12 0 0 0
800 26 0 0 0
850 64 0 1.91646e-011 1.22653e-009
900 192 0 5.7363e-010 1.10137e-007
950 452 0 2.54824e-008 1.1518e-005
1000 1014 0 2.75557e-007 0.000279415
1050 1694 0 1.09673e-006 0.00185787
1100 2170 0 3.4694e-006 0.0075286
1150 2154 0 1.70652e-005 0.0367587
1200 2664 0.3 8.44874e-005 0.564242
1250 4056 1.1 0.000277367 1.04074
1300 5214 2.2 0.000569527 1.46029
1350 5192 3 0.000767467 1.62888
1400 4042 3.1 0.000741223 1.51283
1450 2514 2.2 0.000565424 1.53283
1500 1236 0.9 0.000378243 1.11254
1550 424 0.2 0.000245359 0.471044
1600 88 0 0.000163989 0.0144323
1650 10 0 0.000118591 0.00118598
1700 0 0 0.000100717 0
1750 0 0 9.71432e-005 0
1800 0 0 6.16978e-005 0
1850 0 0 0 0
1900 0 0 0 0
1950 0 0 0 0
2000 0 0 0 0

total neg_log_likelihood: 9.38545


Tags2007_R1_R1 :
tag-recapture data for tag Tags2007_R1 in years 2008 2009 2010 , step 1, after proportion 0.5 of mortality, with sampling method size, detection probability 1.
Year 2008
class scanned recaptured expected_prop neg_log_likelihood
100 0 0 0 0
150 0 0 0 0
200 0 0 0 0
250 0 0 0 0
300 0 0 0 0
350 0 0 0 0
400 0 0 0 0
450 0 0 0 0
500 0 0 0 0
550 0 0 7.51289e-011 0
600 2 0 2.12189e-007 4.24378e-007
650 0 0 2.5104e-007 0
700 8 0 3.33963e-007 2.67171e-006
750 12 0 2.06847e-006 2.48216e-005
800 42 0 2.28978e-006 9.61711e-005
850 90 0 5.90773e-006 0.000531698
900 190 0 8.05831e-006 0.00153109
950 322 0 1.67608e-005 0.00539702
1000 442 0 3.02902e-005 0.0133885
1050 736 0 7.98557e-005 0.0587761
1100 1638 0.4 0.000217239 0.649415
1150 3334 1.5 0.000467237 1.17735
1200 4854 2.7 0.000743355 1.57143
1250 5546 2.8 0.000901276 2.03941
1300 5394 2.7 0.000900849 2.01909
1350 4384 2.2 0.000787922 1.61245
1400 3178 1.5 0.000614887 1.23369
1450 2104 0.8 0.000421967 0.911737
1500 1088 0.2 0.000260319 0.450066
1550 380 0.1 0.000156261 0.291759
1600 80 0 9.75231e-005 0.00780223
1650 10 0 6.72916e-005 0.000672939
1700 0 0 5.60967e-005 0
1750 0 0 5.35325e-005 0
1800 0 0 3.08828e-005 0
1850 0 0 0 0
1900 0 0 0 0
1950 0 0 0 0
2000 0 0 0 0

total neg_log_likelihood: 12.0446


Year 2009
class scanned recaptured expected_prop neg_log_likelihood
100 0 0 0 0
150 0 0 0 0
200 0 0 0 0
250 0 0 0 0
300 0 0 0 0
350 0 0 0 0
400 0 0 0 0
450 0 0 0 0
500 0 0 0 0
550 0 0 0 0
600 2 0 0 0
650 0 0 4.84904e-011 0
700 6 0 1.11695e-008 6.70168e-008
750 8 0 2.44873e-007 1.95898e-006
800 36 0 3.21211e-007 1.15636e-005
850 84 0 1.73705e-006 0.000145913
900 222 0 2.59154e-006 0.000575323
950 458 0 6.05026e-006 0.00277103
1000 828 0 1.07266e-005 0.00888166
1050 1068 0.1 2.38524e-005 0.342566
1100 1338 0.5 6.45808e-005 1.18983
1150 2168 1.3 0.000194898 1.69652
1200 3780 1.9 0.000452705 1.29315
1250 5146 3.3 0.00073671 1.57406
1300 5560 4.7 0.00088036 1.71393
1350 4942 4.1 0.000839937 1.64462
1400 3616 2.7 0.000679685 1.45749
1450 2284 1.5 0.000475776 1.24638
1500 1158 0.7 0.000299559 0.991958
1550 402 0.2 0.000183686 0.509405
1600 84 0 0.000116746 0.00980721
1650 10 0 8.14669e-005 0.000814702
1700 0 0 6.81672e-005 0
1750 0 0 6.52457e-005 0
1800 0 0 3.84619e-005 0
1850 0 0 0 0
1900 0 0 0 0
1950 0 0 0 0
2000 0 0 0 0

total neg_log_likelihood: 13.6829


Year 2010
class scanned recaptured expected_prop neg_log_likelihood
100 0 0 0 0
150 0 0 0 0
200 0 0 0 0
250 0 0 0 0
300 0 0 0 0
350 0 0 0 0
400 0 0 0 0
450 0 0 0 0
500 0 0 0 0
550 0 0 0 0
600 2 0 0 0
650 0 0 0 0
700 10 0 0 0
750 12 0 2.20526e-010 2.64631e-009
800 26 0 9.80342e-009 2.54889e-007
850 64 0 2.05382e-007 1.31445e-005
900 192 0 4.44891e-007 8.54191e-005
950 452 0 1.80038e-006 0.000813772
1000 1014 0 3.64829e-006 0.00369937
1050 1694 0 8.42168e-006 0.0142664
1100 2170 0 2.00803e-005 0.0435748
1150 2154 0.1 6.29076e-005 0.285484
1200 2664 0.6 0.000204358 0.796538
1250 4056 2 0.000479758 1.30735
1300 5214 3.6 0.000754641 1.59682
1350 5192 3.6 0.000845174 1.65765
1400 4042 2.4 0.000736107 1.45055
1450 2514 1.2 0.000531784 1.08519
1500 1236 0.4 0.000342025 0.647365
1550 424 0.1 0.000214094 0.280722
1600 88 0 0.000138631 0.0122004
1650 10 0 9.79718e-005 0.000979766
1700 0 0 8.2375e-005 0
1750 0 0 7.90732e-005 0
1800 0 0 4.78237e-005 0
1850 0 0 0 0
1900 0 0 0 0
1950 0 0 0 0
2000 0 0 0 0

total neg_log_likelihood: 9.1833


Tags2008_R1_R1 :
tag-recapture data for tag Tags2008_R1 in years 2009 2010 , step 1, after proportion 0.5 of mortality, with sampling method size, detection probability 1.
Year 2009
class scanned recaptured expected_prop neg_log_likelihood
100 0 0 0 0
150 0 0 0 0
200 0 0 0 0
250 0 0 0 0
300 0 0 0 0
350 0 0 0 0
400 0 0 0 0
450 0 0 0 0
500 0 0 0 0
550 0 0 0 0
600 2 0 0 0
650 0 0 1.74584e-013 0
700 6 0 4.02143e-011 2.41286e-010
750 8 0 3.79441e-009 3.03553e-008
800 36 0 1.30521e-007 4.69875e-006
850 84 0 2.70722e-006 0.000227407
900 222 0 5.61709e-006 0.001247
950 458 0 2.13629e-005 0.00978432
1000 828 0 3.93262e-005 0.0325628
1050 1068 0 8.2965e-005 0.0886103
1100 1338 0.5 0.000178795 0.833454
1150 2168 2.4 0.000380501 2.37918
1200 3780 4.2 0.000655805 2.14953
1250 5146 3.3 0.000876936 1.72079
1300 5560 2.2 0.000951536 2.51158
1350 4942 1.6 0.000868721 2.31995
1400 3616 1.5 0.000675648 1.38781
1450 2284 1.4 0.000450056 1.20595
1500 1158 0.7 0.000269515 1.03116
1550 402 0.1 0.000158644 0.289019
1600 84 0 9.79192e-005 0.00822562
1650 10 0 6.71926e-005 0.000671949
1700 0 0 5.58944e-005 0
1750 0 0 5.32118e-005 0
1800 0 0 3.04745e-005 0
1850 0 0 0 0
1900 0 0 0 0
1950 0 0 0 0
2000 0 0 0 0

total neg_log_likelihood: 15.9698


Year 2010
class scanned recaptured expected_prop neg_log_likelihood
100 0 0 0 0
150 0 0 0 0
200 0 0 0 0
250 0 0 0 0
300 0 0 0 0
350 0 0 0 0
400 0 0 0 0
450 0 0 0 0
500 0 0 0 0
550 0 0 0 0
600 2 0 0 0
650 0 0 0 0
700 10 0 0 0
750 12 0 7.93975e-013 9.52705e-012
800 26 0 2.01805e-010 5.24692e-009
850 64 0 1.65738e-008 1.06072e-006
900 192 0 3.63149e-007 6.97247e-005
950 452 0 3.17667e-006 0.00143586
1000 1014 0 1.04698e-005 0.0106164
1050 1694 0 3.0278e-005 0.0512917
1100 2170 0 6.8423e-005 0.148483
1150 2154 0.7 0.000165482 0.982602
1200 2664 2.4 0.000376362 2.08857
1250 4056 3.8 0.000664454 1.80868
1300 5214 4 0.000875793 1.6692
1350 5192 3.7 0.000899485 1.70388
1400 4042 2.5 0.000746688 1.45723
1450 2514 1.2 0.000514054 1.0813
1500 1236 0.4 0.000314089 0.646919
1550 424 0.1 0.000188096 0.282645
1600 88 0 0.000117872 0.0103733
1650 10 0 8.1682e-005 0.000816853
1700 0 0 6.81689e-005 0
1750 0 0 6.50483e-005 0
1800 0 0 3.79963e-005 0
1850 0 0 0 0
1900 0 0 0 0
1950 0 0 0 0
2000 0 0 0 0

total neg_log_likelihood: 11.9441


Tags2009_R1_R1 :
tag-recapture data for tag Tags2009_R1 in years 2010 , step 1, after proportion 0.5 of mortality, with sampling method size, detection probability 1.
Year 2010
class scanned recaptured expected_prop neg_log_likelihood
100 0 0 0 0
150 0 0 0 0
200 0 0 0 0
250 0 0 0 0
300 0 0 0 0
350 0 0 0 0
400 0 0 0 0
450 0 0 0 0
500 0 0 0 0
550 0 0 7.51834e-011 0
600 2 0 2.12354e-007 4.24707e-007
650 0 0 2.51115e-007 0
700 10 0 3.06303e-007 3.06303e-006
750 12 0 1.46226e-006 1.75471e-005
800 26 0 1.67683e-006 4.35975e-005
850 64 0 5.50451e-006 0.000352289
900 192 0 9.91784e-006 0.00190423
950 452 0 3.44903e-005 0.0155899
1000 1014 0 6.72421e-005 0.0681858
1050 1694 0 0.000133043 0.22539
1100 2170 0.2 0.000210157 0.52767
1150 2154 0.9 0.000330933 0.978306
1200 2664 1.7 0.000515959 1.26826
1250 4056 3.1 0.000730391 1.51419
1300 5214 4.6 0.000881021 1.69962
1350 5192 5.1 0.000894329 1.77116
1400 4042 3.5 0.000759227 1.59762
1450 2514 1.4 0.000536959 1.14644
1500 1236 0.3 0.000332436 0.569428
1550 424 0 0.000198732 0.0842706
1600 88 0 0.00012341 0.0108608
1650 10 0 8.48351e-005 0.000848387
1700 0 0 7.06033e-005 0
1750 0 0 6.72775e-005 0
1800 0 0 3.84693e-005 0
1850 0 0 0 0
1900 0 0 0 0
1950 0 0 0 0
2000 0 0 0 0

total neg_log_likelihood: 11.4802


Output quantities start here

* Scalar parameter values
initialization.B0 74511.7

* Vector parameter values
recruitment.YCS 1 1 1 1 1 1 1 1 1 1 1 1 1 1 1 1 1 1 1 1 1 

* Nuisance q's

* B0
74511.7

* R0
1.38888e+006

* SSBs
SSB 74511.7 74115.1 73687 73232.2 72757 72269.5 71778.7 71293.9 70824 70376.4 69956.4 69567.3 69210.2 68884.9 68589.7 68319.6 68074.4 67851.5 67648.5 67462.9 67296.8 
year 1990 1991 1992 1993 1994 1995 1996 1997 1998 1999 2000 2001 2002 2003 2004 2005 2006 2007 2008 2009 2010 

* recruitments
recruitment 1.38888e+006 1.38888e+006 1.38826e+006 1.38758e+006 1.38686e+006 1.38609e+006 1.3853e+006 1.38448e+006 1.38367e+006 1.38288e+006 1.38211e+006 1.38138e+006 1.3807e+006 1.38007e+006 1.37949e+006 1.37896e+006 1.37847e+006 1.37802e+006 1.37761e+006 1.37723e+006 1.37689e+006 
year 1990 1991 1992 1993 1994 1995 1996 1997 1998 1999 2000 2001 2002 2003 2004 2005 2006 2007 2008 2009 2010 

* YCS
YCS 1 1 1 1 1 1 1 1 1 1 1 1 1 1 1 1 1 1 1 1 1 
year 1989 1990 1991 1992 1993 1994 1995 1996 1997 1998 1999 2000 2001 2002 2003 2004 2005 2006 2007 2008 2009 

* true_YCS
true_YCS 1 1 0.999554 0.999068 0.998546 0.997994 0.997421 0.996837 0.996253 0.99568 0.995127 0.994603 0.994112 0.993657 0.993239 0.992857 0.992504 0.992181 0.991887 0.991616 0.991368 
year 1989 1990 1991 1992 1993 1994 1995 1996 1997 1998 1999 2000 2001 2002 2003 2004 2005 2006 2007 2008 2009 

* fishing_pressures
pressure 0 0.0112381 0.0113346 0.0114253 0.0115078 0.011581 0.0116446 0.0116987 0.0117442 0.0117819 0.011813 0.0118387 0.01186 0.0118777 0.0118927 0.0119056 0.0119178 0.0119289 0.011939 0.0119483 0.011957 
year 1990 1991 1992 1993 1994 1995 1996 1997 1998 1999 2000 2001 2002 2003 2004 2005 2006 2007 2008 2009 2010 

* Numbers_at_age_R1
1990  1.30422e+006 1.14523e+006 1.00562e+006 883033 775387 680864 597863 524981 460984 404788 355442 312112 274064 240655 211318 185557 162937 143074 125633 110317 96869.3 85060.5 74691.2 65586 57590.8 50570.2 44405.5 38992.2 34238.9 30065 26400 23181.7 20355.7 17874.3 128751 
1991  1.30422e+006 1.14523e+006 1.00562e+006 883024 775334 680640 597203 523602 458947 402661 353587 310517 272711 239523 210384 184797 162327 142592 125256 110028 96649.2 84895.7 74569.6 65497.4 57527.2 50525.1 44374 38970.5 34224.2 30055.1 26393.4 23177.4 20353 17872.5 128742 
1992  1.30364e+006 1.14523e+006 1.00562e+006 883022 775316 680538 596778 522353 456351 398837 349598 307038 269719 236984 208260 183045 160901 141447 124350 109320 96104.3 84481.9 74259.7 65268.5 57360.4 50405.4 44289.1 38911.3 34183.3 30027.4 26374.8 23165.1 20345 17867.4 128722 
1993  1.30301e+006 1.14472e+006 1.00562e+006 883021 775314 680520 596681 521964 455234 396547 346246 303545 266673 234363 206036 181183 159363 140194 123344 108523 95481.9 84002.4 73895.3 64995.5 57158.7 50258.4 44183.5 38836.4 34131 29991.4 26350.3 23148.7 20334.1 17860.3 128700 
1994  1.30233e+006 1.14416e+006 1.00517e+006 883021 775313 680516 596659 521864 454869 395545 344227 300609 263617 231698 203741 179235 157732 138847 122246 107640 94782.1 83455.4 73473.7 64675 56918.5 50080.8 44054.1 38743.4 34065.1 29945.3 26318.6 23127.2 20319.7 17850.8 128674 
1995  1.30161e+006 1.14357e+006 1.00468e+006 882628 775312 680514 596649 521831 454759 395200 343330 298833 261047 229026 201410 177228 156027 137418 121064 106677 94007.7 82841.2 72993.3 64304.5 56636.7 49869.6 43897.9 38629.6 33983.3 29887.3 26278.1 23099.2 20300.7 17838 128642 
1996  1.30086e+006 1.14293e+006 1.00416e+006 882198 774966 680512 596642 521811 454710 395079 343007 298034 259488 226779 199076 175190 154271 135926 119814 105643 93163.5 82161.9 72454.3 63882.8 56311.4 49622.1 43712.3 38492.3 33883.2 29815.3 26227.1 23063.6 20276.1 17821.3 128604 
1997  1.3001e+006 1.14228e+006 1.0036e+006 881737 774589 680206 596636 521794 454674 395015 342881 297736 258779 225412 197112 173151 152491 134391 118509 104548 92257.4 81422.2 71858.8 63410.1 55941.3 49336.4 43494.9 38329.2 33762.6 29727.4 26163.8 23018.7 20244.8 17799.8 128555 
1998  1.29934e+006 1.14161e+006 1.00303e+006 881250 774184 679874 596364 521780 454645 394966 342808 297612 258507 224786 195915 171436 150710 132836 117167 103406 91299 80628.6 71210.6 62888 55526.7 49011.7 43244.2 38138.4 33619.4 29621.5 26086.6 22963.2 20205.4 17772.2 128493 
1999  1.29859e+006 1.14094e+006 1.00244e+006 880744 773756 679518 596070 521535 454620 394925 342752 297536 258389 224541 195364 170389 149213 131281 115808 102233 90300.3 79789.7 70515.5 62320 55068.9 48648 42959.3 37918.4 33451.9 29495.7 25993.6 22895.4 20156.6 17737.6 128415 
2000  1.29787e+006 1.14028e+006 1.00185e+006 880228 773312 679141 595755 521272 454397 394891 342704 297477 258315 224431 195145 169905 148298 129973 114450 101045 89274.6 78915.8 69781 61711 54571.1 48246.7 42640.3 37668.4 33258.8 29348.7 25883.2 22813.7 20097.1 17694.8 128315 
2001  1.29718e+006 1.13965e+006 1.00128e+006 879712 772859 678750 595423 520991 454159 394687 342665 297427 258256 224361 195045 169711 147873 129174 113308 99859 88236 78018.5 69016 61067.7 54037.5 47810.3 42288.4 37388.6 33039.5 29179.2 25754.1 22716.8 20025.4 17642.5 128190 
2002  1.29654e+006 1.13905e+006 1.00072e+006 879206 772405 678352 595078 520697 453908 394472 342480 297386 258207 224305 194980 169620 147702 128802 112609 98861.4 87199.1 77110.1 68230.7 60397.9 53473.9 47342.6 41905.7 37079.9 32793.9 28986.8 25605.4 22603.5 19940.3 17579.5 128035 
2003  1.29595e+006 1.13849e+006 1.00019e+006 878718 771961 677954 594728 520392 453645 394246 342286 297219 258166 224258 194928 169560 147621 128651 112283 98250.7 86327.1 76203.3 67435.8 59710.3 52887.1 46848.6 41495.6 36744.2 32523.1 28771.3 25436.4 22472.9 19840.8 17504.9 127843 
2004  1.2954e+006 1.13797e+006 999700 878255 771532 677563 594377 520083 453375 394012 342085 297046 258018 224219 194884 169513 147567 128579 112151 97965.7 85793.2 75440.8 66642.4 59014.4 52284.8 46334.3 41062.6 36384.6 32228.6 28533.6 25247.4 22324.6 19726.2 17417.5 127609 
2005  1.29491e+006 1.13749e+006 999243 877822 771126 677186 594030 519763 453083 393752 341860 296854 257853 224079 194841 169468 147519 128527 112084 97846.9 85542.2 74972.6 65974.4 58319.2 51674.8 45806.2 40611.5 36004.6 31913 28275.2 25038.7 22158.6 19596 17316.9 127326 
2006  1.29445e+006 1.13705e+006 998822 877420 770745 676829 593700 519456 452791 393474 341606 296636 257668 223921 194707 169421 147473 128480 112035 97785.5 85435.8 74751.2 65563.5 57733.5 51065.2 45271.2 40148.2 35608.8 31579.6 27998.2 24811.9 21975.5 19450.3 17202.6 126990 
2007  1.29403e+006 1.13665e+006 998438 877051 770392 676495 593387 519168 452523 393217 341358 296407 257471 223755 194567 169302 147430 128438 111992 97741.4 85381.5 74657.8 65369.5 57373.6 50552.2 44737.1 39679.1 35202.5 31232.4 27705.6 24568.7 21776.3 19289.5 17074.6 126594 
2008  1.29364e+006 1.13628e+006 998083 876713 770068 676184 593091 518894 452274 392983 341131 296185 257266 223577 194417 169176 147323 128398 111954 97703.4 85342.2 74609.7 65287.3 57203.5 50236.8 44287.4 39210.9 34791.2 30875.9 27400.9 24312 21563 19114.7 16933.5 126135 
2009  1.29329e+006 1.13594e+006 997759 876401 769771 675899 592816 518632 452038 392772 340930 295986 257067 223392 194257 169041 147210 128303 111918 97668.4 85307.9 74574.5 65244.7 57131.2 50087.6 44010.9 38816.6 34380.5 30515.1 27088.2 24044.6 21337.6 18927.4 16780 125607 
2010  1.29296e+006 1.13563e+006 997462 876117 769498 675640 592569 518394 451814 392581 340766 295828 256907 223229 194101 168905 147095 128206 111836 97637.5 85277.9 74544.9 65214.2 57094 50024.3 43880.2 38574.3 34034.8 30154.9 26771.6 23770.1 21102.9 18729.5 16615.6 125009 

Output quantities finish here

Unused parameters:
annual_cycle.fishery_areas annual_cycle.n_migrations annual_cycle.recruitment_areas annual_cycle.spawning_all_areas area_names recruitment.p_male recruitment.year_range tag[Tags2005_R1_LL].area tag[Tags2005_R1_LL].sex tag[Tags2006_R1_LL].area tag[Tags2006_R1_LL].sex tag[Tags2007_R1_LL].area tag[Tags2007_R1_LL].sex tag[Tags2008_R1_LL].area tag[Tags2008_R1_LL].sex tag[Tags2009_R1_LL].area tag[Tags2009_R1_LL].sex MCMC.adapt_at MCMC.adaptive_stepsize MCMC.burn_in MCMC.keep MCMC.length MCMC.start MCMC.stepsize estimate[1].lower_bound estimate[1].prior estimate[1].upper_bound profile[1].l profile[1].n profile[1].parameter profile[1].u tag_recapture[Tags2005_R1_R1].area tag_recapture[Tags2006_R1_R1].area tag_recapture[Tags2007_R1_R1].area tag_recapture[Tags2008_R1_R1].area tag_recapture[Tags2009_R1_R1].area n_projections numbers_at[Numbers_at_age_R1].area print.yields 
