CASAL (C++ algorithmic stock assessment laboratory)
Call: casal -e -O C:/Users/STA384/Documents/GitHub/planetfish2_bugs/Output/TOA_bug_9.2/casalout_mpd.dat -f C:/Users/STA384/Documents/GitHub/planetfish2_bugs/Output/TOA_bug_9.2/casal_ 
Date: Fri Aug 09 12:25:58 2019
v2.30-2012-03-21 00:22:59 UTC (rev.4648)  (c) Copyright 2002-2012, NIWA
User name: sta384
Machine name: MACKEREL-HF (Microsoft Windows, PID=11724)

Prefix for the input parameter filenames : C:/Users/STA384/Documents/GitHub/planetfish2_bugs/Output/TOA_bug_9.2/casal_

Random number seed : 17558

Estimation parameters:
Stored as strings: 
  MCMC.adapt_at                 	1e+05 2e+05 3e+05 4e+05
  MCMC.adaptive_stepsize        	True
  MCMC.burn_in                  	500
  MCMC.keep                     	1000
  MCMC.length                   	1500000
  MCMC.start                    	0
  MCMC.stepsize                 	0.01
  ageing_error.c                	0
  ageing_error.type             	normal
  catch_at[LL_catchA].2000      	0 0 0 0.001 0.002 0.017 0.044 0.092 0.14 0.145 0.117 0.087 0.095 0.057 0.053 0.03 0.027 0.025 0.016 0.014 0.008 0.007 0.005 0.001 0.003 0.003 0.003 0.003 0 0.005
  catch_at[LL_catchA].2001      	0 0 0 0.003 0.007 0.021 0.049 0.11 0.148 0.139 0.122 0.085 0.061 0.063 0.04 0.032 0.028 0.023 0.016 0.012 0.01 0.012 0.005 0.005 0.002 0.001 0.001 0.002 0 0.003
  catch_at[LL_catchA].2002      	0 0 0 0.001 0.004 0.02 0.046 0.107 0.125 0.14 0.114 0.094 0.077 0.066 0.052 0.042 0.026 0.016 0.015 0.01 0.008 0.007 0.012 0.004 0.003 0.002 0.001 0.001 0.002 0.005
  catch_at[LL_catchA].2003      	0 0 0 0 0.006 0.019 0.04 0.092 0.143 0.162 0.12 0.095 0.083 0.066 0.047 0.033 0.03 0.018 0.013 0.009 0.005 0.004 0.005 0.004 0.001 0 0 0.002 0 0.003
  catch_at[LL_catchA].2004      	0 0 0 0 0.004 0.011 0.05 0.096 0.161 0.158 0.112 0.097 0.066 0.053 0.055 0.037 0.032 0.02 0.008 0.014 0.009 0.004 0.002 0.003 0.003 0.003 0.001 0 0.001 0
  catch_at[LL_catchA].2005      	0 0 0 0.001 0.003 0.016 0.053 0.105 0.144 0.151 0.136 0.099 0.071 0.055 0.045 0.037 0.022 0.015 0.011 0.01 0.007 0.007 0.002 0.002 0.001 0.004 0.001 0.001 0 0.001
  catch_at[LL_catchA].2006      	0 0 0 0.001 0.003 0.017 0.057 0.108 0.153 0.155 0.114 0.118 0.071 0.056 0.026 0.032 0.029 0.015 0.017 0.01 0.003 0.005 0.004 0.001 0 0.001 0 0 0 0.004
  catch_at[LL_catchA].2007      	0 0 0.001 0 0.009 0.026 0.039 0.104 0.142 0.149 0.111 0.096 0.084 0.054 0.039 0.041 0.031 0.012 0.018 0.018 0.008 0.005 0.001 0.003 0.001 0 0.003 0.001 0 0.004
  catch_at[LL_catchA].2008      	0 0.001 0.001 0.002 0.007 0.019 0.036 0.101 0.139 0.137 0.118 0.111 0.07 0.061 0.053 0.044 0.028 0.014 0.017 0.01 0.01 0.005 0.004 0.003 0.001 0.003 0.002 0 0 0.003
  catch_at[LL_catchA].2009      	0 0 0 0.001 0.006 0.018 0.059 0.098 0.147 0.148 0.106 0.094 0.071 0.072 0.042 0.036 0.025 0.018 0.014 0.014 0.011 0.004 0.005 0.004 0.002 0.001 0.001 0.001 0.001 0.001
  catch_at[LL_catchA].2010      	0 0 0.001 0.001 0.005 0.02 0.044 0.086 0.141 0.165 0.124 0.095 0.07 0.054 0.045 0.041 0.031 0.018 0.014 0.019 0.008 0.005 0.004 0.001 0.002 0.001 0.002 0.002 0 0.001
  catch_at[LL_catchA].N_2000    	100
  catch_at[LL_catchA].N_2001    	100
  catch_at[LL_catchA].N_2002    	100
  catch_at[LL_catchA].N_2003    	100
  catch_at[LL_catchA].N_2004    	100
  catch_at[LL_catchA].N_2005    	100
  catch_at[LL_catchA].N_2006    	100
  catch_at[LL_catchA].N_2007    	100
  catch_at[LL_catchA].N_2008    	100
  catch_at[LL_catchA].N_2009    	100
  catch_at[LL_catchA].N_2010    	100
  catch_at[LL_catchA].at_size   	False
  catch_at[LL_catchA].dist      	multinomial
  catch_at[LL_catchA].fishery   	LL
  catch_at[LL_catchA].max_class 	30
  catch_at[LL_catchA].min_class 	1
  catch_at[LL_catchA].plus_group	True
  catch_at[LL_catchA].r         	1e-11
  catch_at[LL_catchA].sexed     	False
  catch_at[LL_catchA].sum_to_one	False
  catch_at[LL_catchA].years     	2000 2001 2002 2003 2004 2005 2006 2007 2008 2009 2010
  catch_limit_penalty[1].fishery	LL
  catch_limit_penalty[1].label  	LL_Penalty
  catch_limit_penalty[1].log_scale	True
  catch_limit_penalty[1].multiplier	1000
  estimate[1].lower_bound       	5000
  estimate[1].parameter         	initialization.B0
  estimate[1].prior             	uniform
  estimate[1].upper_bound       	5e+05
  estimator                     	Bayes
  fish_tagged_penalty[1].label  	Penalty_Tags2005_R1_LL
  fish_tagged_penalty[1].multiplier	1
  fish_tagged_penalty[1].tagging_episode	Tags2005_R1_LL
  fish_tagged_penalty[2].label  	Penalty_Tags2006_R1_LL
  fish_tagged_penalty[2].multiplier	1
  fish_tagged_penalty[2].tagging_episode	Tags2006_R1_LL
  fish_tagged_penalty[3].label  	Penalty_Tags2007_R1_LL
  fish_tagged_penalty[3].multiplier	1
  fish_tagged_penalty[3].tagging_episode	Tags2007_R1_LL
  fish_tagged_penalty[4].label  	Penalty_Tags2008_R1_LL
  fish_tagged_penalty[4].multiplier	1
  fish_tagged_penalty[4].tagging_episode	Tags2008_R1_LL
  fish_tagged_penalty[5].label  	Penalty_Tags2009_R1_LL
  fish_tagged_penalty[5].multiplier	1
  fish_tagged_penalty[5].tagging_episode	Tags2009_R1_LL
  grad_tol                      	0.001
  max_evals                     	10000
  max_iters                     	1600
  profile[1].l                  	40000
  profile[1].n                  	11
  profile[1].parameter          	initialization.B0
  profile[1].u                  	130000
  q_method                      	nuisance
  tag_recapture[Tags2005_R1_R1].area	R1
  tag_recapture[Tags2005_R1_R1].class_mins	100 150 200 250 300 350 400 450 500 550 600 650 700 750 800 850 900 950 1000 1050 1100 1150 1200 1250 1300 1350 1400 1450 1500 1550 1600 1650 1700 1750 1800 1850 1900 1950 2000 2050
  tag_recapture[Tags2005_R1_R1].detection_probability	1
  tag_recapture[Tags2005_R1_R1].dispersion	1
  tag_recapture[Tags2005_R1_R1].do_bootstrap	True
  tag_recapture[Tags2005_R1_R1].plus_group	False
  tag_recapture[Tags2005_R1_R1].proportion_mortality	0.5
  tag_recapture[Tags2005_R1_R1].r	1e-11
  tag_recapture[Tags2005_R1_R1].recaptured_2006	0 0 0 0 0 0 0 0 0 1.2 12.1 47.4 96.7 121 109.7 86.5 67.6 49.6 30.8 16.4 8.5 5.1 3.1 1.7 0.9 0.4 0.2 0.1 0 0 0 0 0 0 0 0 0 0 0
  tag_recapture[Tags2005_R1_R1].recaptured_2007	0 0 0 0 0 0 0 0 0 0.7 4.3 21.4 57 87 96.3 89.3 71.4 48 31 21.6 14.8 8.8 4.4 2 1 0.6 0.3 0.1 0 0 0 0 0 0 0 0 0 0 0
  tag_recapture[Tags2005_R1_R1].recaptured_2008	0 0 0 0 0 0 0 0 0 0 0.8 6.2 26.6 60.1 81.1 81.3 71.2 53.2 34.2 20.8 12.6 7.4 4.3 2.8 1.9 1.3 0.9 0.7 0.4 0.2 0.1 0 0 0 0 0 0 0 0
  tag_recapture[Tags2005_R1_R1].recaptured_2009	0 0 0 0 0 0 0 0 0 0 0.4 2.1 8.2 22.7 44.1 63.2 65.9 54.8 41.1 27.5 16.1 8.9 4.8 2.4 1.1 0.6 0.4 0.3 0.2 0.1 0 0 0 0 0 0 0 0 0
  tag_recapture[Tags2005_R1_R1].recaptured_2010	0 0 0 0 0 0 0 0 0 0 0.3 0.7 1.5 7.4 23.3 43.4 51.1 44.3 32.9 23.6 16.7 10.7 6.6 4.4 3 1.8 0.9 0.4 0.1 0 0 0 0 0 0 0 0 0 0
  tag_recapture[Tags2005_R1_R1].sample	size
  tag_recapture[Tags2005_R1_R1].scanned_2006	0 0 0 0 2 18 184 1380 7268 26668 67754 118986 147020 138410 113570 89016 68080 50830 37026 26302 18210 12288 8088 5220 3360 2254 1624 1146 666 280 80 14 2 0 0 0 0 0 0
  tag_recapture[Tags2005_R1_R1].scanned_2007	0 0 0 0 2 18 184 1382 7286 26734 67914 119260 147342 138696 113788 89174 68192 50914 37086 26334 18218 12270 8046 5158 3294 2196 1582 1122 654 274 78 14 2 0 0 0 0 0 0
  tag_recapture[Tags2005_R1_R1].scanned_2008	0 0 0 0 2 18 184 1386 7302 26790 68052 119490 147608 138926 113958 89294 68274 50970 37126 26360 18228 12264 8024 5122 3246 2148 1544 1094 640 270 76 14 2 0 0 0 0 0 0
  tag_recapture[Tags2005_R1_R1].scanned_2009	0 0 0 0 2 18 186 1390 7318 26842 68176 119692 147836 139112 114090 89382 68332 51008 37152 26380 18238 12264 8014 5100 3216 2112 1510 1068 624 264 76 14 2 0 0 0 0 0 0
  tag_recapture[Tags2005_R1_R1].scanned_2010	0 0 0 0 2 18 186 1392 7332 26890 68292 119878 148038 139274 114196 89448 68372 51030 37166 26388 18244 12264 8010 5088 3196 2086 1480 1044 610 258 74 14 2 0 0 0 0 0 0
  tag_recapture[Tags2005_R1_R1].step	1
  tag_recapture[Tags2005_R1_R1].tag_name	Tags2005_R1
  tag_recapture[Tags2005_R1_R1].years	2006 2007 2008 2009 2010
  tag_recapture[Tags2006_R1_R1].area	R1
  tag_recapture[Tags2006_R1_R1].class_mins	100 150 200 250 300 350 400 450 500 550 600 650 700 750 800 850 900 950 1000 1050 1100 1150 1200 1250 1300 1350 1400 1450 1500 1550 1600 1650 1700 1750 1800 1850 1900 1950 2000 2050
  tag_recapture[Tags2006_R1_R1].detection_probability	1
  tag_recapture[Tags2006_R1_R1].dispersion	1
  tag_recapture[Tags2006_R1_R1].do_bootstrap	True
  tag_recapture[Tags2006_R1_R1].plus_group	False
  tag_recapture[Tags2006_R1_R1].proportion_mortality	0.5
  tag_recapture[Tags2006_R1_R1].r	1e-11
  tag_recapture[Tags2006_R1_R1].recaptured_2007	0 0 0 0 0 0 0 0 0 1.5 12.1 43.7 91.7 120.9 117.7 95.7 67.4 47.1 31.5 19.4 12.3 7.3 3.8 2.4 1.8 1.3 0.8 0.4 0.2 0.1 0 0 0 0 0 0 0 0 0
  tag_recapture[Tags2006_R1_R1].recaptured_2008	0 0 0 0 0 0 0 0 0 0.2 3.6 21.3 55.1 91.9 106 90.3 68.7 51.1 36.4 23.4 13.7 7.3 3.6 1.9 1 0.4 0.1 0 0 0 0 0 0 0 0 0 0 0 0
  tag_recapture[Tags2006_R1_R1].recaptured_2009	0 0 0 0 0 0 0 0 0 0 0.8 5.3 18.6 44.9 72.4 78.2 66.2 49.2 33.7 22.2 14.1 8.2 4.5 2.9 2 1.2 0.5 0.1 0 0 0 0 0 0 0 0 0 0 0
  tag_recapture[Tags2006_R1_R1].recaptured_2010	0 0 0 0 0 0 0 0 0 0 0.4 2 8.9 25 47.9 66.4 66.8 50.8 34.6 24.2 15.9 8.6 4.2 2.4 1.7 1.2 0.6 0.2 0.1 0 0 0 0 0 0 0 0 0 0
  tag_recapture[Tags2006_R1_R1].sample	size
  tag_recapture[Tags2006_R1_R1].scanned_2007	0 0 0 0 2 18 184 1382 7286 26734 67914 119260 147342 138696 113788 89174 68192 50914 37086 26334 18218 12270 8046 5158 3294 2196 1582 1122 654 274 78 14 2 0 0 0 0 0 0
  tag_recapture[Tags2006_R1_R1].scanned_2008	0 0 0 0 2 18 184 1386 7302 26790 68052 119490 147608 138926 113958 89294 68274 50970 37126 26360 18228 12264 8024 5122 3246 2148 1544 1094 640 270 76 14 2 0 0 0 0 0 0
  tag_recapture[Tags2006_R1_R1].scanned_2009	0 0 0 0 2 18 186 1390 7318 26842 68176 119692 147836 139112 114090 89382 68332 51008 37152 26380 18238 12264 8014 5100 3216 2112 1510 1068 624 264 76 14 2 0 0 0 0 0 0
  tag_recapture[Tags2006_R1_R1].scanned_2010	0 0 0 0 2 18 186 1392 7332 26890 68292 119878 148038 139274 114196 89448 68372 51030 37166 26388 18244 12264 8010 5088 3196 2086 1480 1044 610 258 74 14 2 0 0 0 0 0 0
  tag_recapture[Tags2006_R1_R1].step	1
  tag_recapture[Tags2006_R1_R1].tag_name	Tags2006_R1
  tag_recapture[Tags2006_R1_R1].years	2007 2008 2009 2010
  tag_recapture[Tags2007_R1_R1].area	R1
  tag_recapture[Tags2007_R1_R1].class_mins	100 150 200 250 300 350 400 450 500 550 600 650 700 750 800 850 900 950 1000 1050 1100 1150 1200 1250 1300 1350 1400 1450 1500 1550 1600 1650 1700 1750 1800 1850 1900 1950 2000 2050
  tag_recapture[Tags2007_R1_R1].detection_probability	1
  tag_recapture[Tags2007_R1_R1].dispersion	1
  tag_recapture[Tags2007_R1_R1].do_bootstrap	True
  tag_recapture[Tags2007_R1_R1].plus_group	False
  tag_recapture[Tags2007_R1_R1].proportion_mortality	0.5
  tag_recapture[Tags2007_R1_R1].r	1e-11
  tag_recapture[Tags2007_R1_R1].recaptured_2008	0 0 0 0 0 0 0 0 0 1.3 12.7 51 106.1 136.6 125.7 95.4 67.3 46 30.8 19 10.7 5.9 3.4 1.9 0.9 0.3 0.1 0 0 0 0 0 0 0 0 0 0 0 0
  tag_recapture[Tags2007_R1_R1].recaptured_2009	0 0 0 0 0 0 0 0 0 0.4 3.4 19.1 56.4 91.4 97.5 85.1 66.7 46.1 28.5 18.2 12.1 7.7 4.8 2.7 1.2 0.4 0.1 0 0 0 0 0 0 0 0 0 0 0 0
  tag_recapture[Tags2007_R1_R1].recaptured_2010	0 0 0 0 0 0 0 0 0 0 0.9 7.3 26.8 60.5 87.5 84.1 64 45.7 33.1 23.1 14 7.1 3.5 2.3 1.8 1.3 0.9 0.5 0.2 0.1 0 0 0 0 0 0 0 0 0
  tag_recapture[Tags2007_R1_R1].sample	size
  tag_recapture[Tags2007_R1_R1].scanned_2008	0 0 0 0 2 18 184 1386 7302 26790 68052 119490 147608 138926 113958 89294 68274 50970 37126 26360 18228 12264 8024 5122 3246 2148 1544 1094 640 270 76 14 2 0 0 0 0 0 0
  tag_recapture[Tags2007_R1_R1].scanned_2009	0 0 0 0 2 18 186 1390 7318 26842 68176 119692 147836 139112 114090 89382 68332 51008 37152 26380 18238 12264 8014 5100 3216 2112 1510 1068 624 264 76 14 2 0 0 0 0 0 0
  tag_recapture[Tags2007_R1_R1].scanned_2010	0 0 0 0 2 18 186 1392 7332 26890 68292 119878 148038 139274 114196 89448 68372 51030 37166 26388 18244 12264 8010 5088 3196 2086 1480 1044 610 258 74 14 2 0 0 0 0 0 0
  tag_recapture[Tags2007_R1_R1].step	1
  tag_recapture[Tags2007_R1_R1].tag_name	Tags2007_R1
  tag_recapture[Tags2007_R1_R1].years	2008 2009 2010
  tag_recapture[Tags2008_R1_R1].area	R1
  tag_recapture[Tags2008_R1_R1].class_mins	100 150 200 250 300 350 400 450 500 550 600 650 700 750 800 850 900 950 1000 1050 1100 1150 1200 1250 1300 1350 1400 1450 1500 1550 1600 1650 1700 1750 1800 1850 1900 1950 2000 2050
  tag_recapture[Tags2008_R1_R1].detection_probability	1
  tag_recapture[Tags2008_R1_R1].dispersion	1
  tag_recapture[Tags2008_R1_R1].do_bootstrap	True
  tag_recapture[Tags2008_R1_R1].plus_group	False
  tag_recapture[Tags2008_R1_R1].proportion_mortality	0.5
  tag_recapture[Tags2008_R1_R1].r	1e-11
  tag_recapture[Tags2008_R1_R1].recaptured_2009	0 0 0 0 0 0 0 0.2 0.7 1.3 11.6 46.9 95.7 121.1 112.5 92.6 71.5 48 30.1 18.9 12.3 8.5 5.4 2.8 1.3 0.6 0.4 0.3 0.2 0.1 0 0 0 0 0 0 0 0 0
  tag_recapture[Tags2008_R1_R1].recaptured_2010	0 0 0 0 0 0 0 0 0 0.5 4.5 21.1 53.8 86.5 94.8 83.5 70.8 55 37.7 23.8 14.9 9.5 5.5 2.8 1.2 0.6 0.3 0.1 0 0 0 0 0 0 0 0 0 0 0
  tag_recapture[Tags2008_R1_R1].sample	size
  tag_recapture[Tags2008_R1_R1].scanned_2009	0 0 0 0 2 18 186 1390 7318 26842 68176 119692 147836 139112 114090 89382 68332 51008 37152 26380 18238 12264 8014 5100 3216 2112 1510 1068 624 264 76 14 2 0 0 0 0 0 0
  tag_recapture[Tags2008_R1_R1].scanned_2010	0 0 0 0 2 18 186 1392 7332 26890 68292 119878 148038 139274 114196 89448 68372 51030 37166 26388 18244 12264 8010 5088 3196 2086 1480 1044 610 258 74 14 2 0 0 0 0 0 0
  tag_recapture[Tags2008_R1_R1].step	1
  tag_recapture[Tags2008_R1_R1].tag_name	Tags2008_R1
  tag_recapture[Tags2008_R1_R1].years	2009 2010
  tag_recapture[Tags2009_R1_R1].area	R1
  tag_recapture[Tags2009_R1_R1].class_mins	100 150 200 250 300 350 400 450 500 550 600 650 700 750 800 850 900 950 1000 1050 1100 1150 1200 1250 1300 1350 1400 1450 1500 1550 1600 1650 1700 1750 1800 1850 1900 1950 2000 2050
  tag_recapture[Tags2009_R1_R1].detection_probability	1
  tag_recapture[Tags2009_R1_R1].dispersion	1
  tag_recapture[Tags2009_R1_R1].do_bootstrap	True
  tag_recapture[Tags2009_R1_R1].plus_group	False
  tag_recapture[Tags2009_R1_R1].proportion_mortality	0.5
  tag_recapture[Tags2009_R1_R1].r	1e-11
  tag_recapture[Tags2009_R1_R1].recaptured_2010	0 0 0 0 0 0 0 0 0 1 12.2 51.6 107.5 133.3 121.9 98.6 71.2 47.9 33.5 23.3 14.3 7.6 3.5 1.4 0.7 0.3 0.1 0 0 0 0 0 0 0 0 0 0 0 0
  tag_recapture[Tags2009_R1_R1].sample	size
  tag_recapture[Tags2009_R1_R1].scanned_2010	0 0 0 0 2 18 186 1392 7332 26890 68292 119878 148038 139274 114196 89448 68372 51030 37166 26388 18244 12264 8010 5088 3196 2086 1480 1044 610 258 74 14 2 0 0 0 0 0 0
  tag_recapture[Tags2009_R1_R1].step	1
  tag_recapture[Tags2009_R1_R1].tag_name	Tags2009_R1
  tag_recapture[Tags2009_R1_R1].years	2010
  vector_average_penalty[1].k   	1
  vector_average_penalty[1].label	meanYCS_1
  vector_average_penalty[1].multiplier	100
  vector_average_penalty[1].vector	recruitment.YCS
Stored as DOUBLEs: 
Stored as VECTORs: 
Stored as OGIVEs: 

Population parameters:
Stored as strings: 
  annual_cycle.M_props          	1
  annual_cycle.aging_time       	1
  annual_cycle.baranov          	False
  annual_cycle.fishery_areas    	R1
  annual_cycle.fishery_names    	LL
  annual_cycle.fishery_times    	1
  annual_cycle.growth_props     	0
  annual_cycle.migrate_from     	R1
  annual_cycle.migrate_to       	R2
  annual_cycle.migration_names  	MoveRec_1_2
  annual_cycle.migration_times  	1
  annual_cycle.n_migrations     	0
  annual_cycle.recruitment_areas	R1
  annual_cycle.recruitment_time 	1
  annual_cycle.spawning_all_areas	1
  annual_cycle.spawning_p       	1
  annual_cycle.spawning_part_mort	1
  annual_cycle.spawning_time    	1
  annual_cycle.spawning_use_total_B	False
  annual_cycle.time_steps       	1
  area_names                    	R1
  current                       	2010
  final                         	2045
  first_random_year             	2007
  fishery[LL].U_max             	0.95
  fishery[LL].catches           	0 6000 6000 6000 6000 6000 6000 6000 6000 6000 6000 6000 6000 6000 6000 6000 6000 6000 6000 6000 6000
  fishery[LL].future_constant_catches	200
  fishery[LL].selectivity       	SelLL
  fishery[LL].years             	1990 1991 1992 1993 1994 1995 1996 1997 1998 1999 2000 2001 2002 2003 2004 2005 2006 2007 2008 2009 2010
  initial                       	1990
  initialization.B0             	178998
  mature_partition              	False
  maturity_props.all            	allvalues  0 0 0 0 0 0 0 0 0 0 0 0.1667 0.3333 0.5 0.6667 0.8333 1 1 1 1 1 1 1 1 1 1 1 1 1 1
  max_age                       	30
  min_age                       	1
  n_areas                       	1
  n_stocks                      	1
  n_tags                        	5
  natural_mortality.all         	0.155
  plus_group                    	True
  randomisation_method          	lognormal
  recruitment.SR                	BH
  recruitment.YCS               	1 1 1 1 1 1 1 1 1 1 1 1 1 1 1 1 1 1 1 1 1
  recruitment.YCS_years         	1989 1990 1991 1992 1993 1994 1995 1996 1997 1998 1999 2000 2001 2002 2003 2004 2005 2006 2007 2008 2009
  recruitment.first_free        	1989
  recruitment.last_free         	2006
  recruitment.p_male            	0.5
  recruitment.rho               	0
  recruitment.sigma_r           	0.6
  recruitment.steepness         	0.7
  recruitment.year_range        	1989 2006
  selectivity[SelLL].all        	double_normal 10 2 10
  selectivity_names             	SelLL
  sex_partition                 	False
  size_at_age.Linf              	2870.8
  size_at_age.by_length         	True
  size_at_age.cv                	0.05
  size_at_age.k                 	0.02056
  size_at_age.t0                	-4.2897
  size_at_age_dist              	normal
  size_at_age_type              	von_Bert
  size_based                    	False
  size_weight.a                 	2.59e-12
  size_weight.b                 	3.2064
  size_weight.verify_size_weight	500 0.5 1.5
  standardise_YCS               	True
  tag[Tags2005_R1_LL].area      	R1
  tag[Tags2005_R1_LL].class_mins	100 150 200 250 300 350 400 450 500 550 600 650 700 750 800 850 900 950 1000 1050 1100 1150 1200 1250 1300 1350 1400 1450 1500 1550 1600 1650 1700 1750 1800 1850 1900 1950 2000 2050
  tag[Tags2005_R1_LL].mature_only	False
  tag[Tags2005_R1_LL].mortality 	0.1
  tag[Tags2005_R1_LL].number    	25000
  tag[Tags2005_R1_LL].ogive     	SelLL
  tag[Tags2005_R1_LL].plus_group	False
  tag[Tags2005_R1_LL].props_all 	0 0 0 0 0 0 2e-04 0.0015 0.008 0.0277 0.071 0.1266 0.1576 0.1481 0.1213 0.0936 0.0705 0.0519 0.0377 0.0272 0.0191 0.013 0.0087 0.0057 0.0037 0.0025 0.0018 0.0013 7e-04 3e-04 1e-04 0 0 0 0 0 0 0 0
  tag[Tags2005_R1_LL].release_type	deterministic
  tag[Tags2005_R1_LL].sex       	both
  tag[Tags2005_R1_LL].step      	1
  tag[Tags2005_R1_LL].tag_name  	Tags2005_R1
  tag[Tags2005_R1_LL].year      	2005
  tag[Tags2006_R1_LL].area      	R1
  tag[Tags2006_R1_LL].class_mins	100 150 200 250 300 350 400 450 500 550 600 650 700 750 800 850 900 950 1000 1050 1100 1150 1200 1250 1300 1350 1400 1450 1500 1550 1600 1650 1700 1750 1800 1850 1900 1950 2000 2050
  tag[Tags2006_R1_LL].mature_only	False
  tag[Tags2006_R1_LL].mortality 	0.1
  tag[Tags2006_R1_LL].number    	25000
  tag[Tags2006_R1_LL].ogive     	SelLL
  tag[Tags2006_R1_LL].plus_group	False
  tag[Tags2006_R1_LL].props_all 	0 0 0 0 0 0 3e-04 0.0017 0.0081 0.0284 0.0711 0.1272 0.1566 0.1454 0.1203 0.0954 0.0724 0.0531 0.0382 0.027 0.0186 0.0126 0.0085 0.0055 0.0034 0.0022 0.0017 0.0012 7e-04 3e-04 1e-04 0 0 0 0 0 0 0 0
  tag[Tags2006_R1_LL].release_type	deterministic
  tag[Tags2006_R1_LL].sex       	both
  tag[Tags2006_R1_LL].step      	1
  tag[Tags2006_R1_LL].tag_name  	Tags2006_R1
  tag[Tags2006_R1_LL].year      	2006
  tag[Tags2007_R1_LL].area      	R1
  tag[Tags2007_R1_LL].class_mins	100 150 200 250 300 350 400 450 500 550 600 650 700 750 800 850 900 950 1000 1050 1100 1150 1200 1250 1300 1350 1400 1450 1500 1550 1600 1650 1700 1750 1800 1850 1900 1950 2000 2050
  tag[Tags2007_R1_LL].mature_only	False
  tag[Tags2007_R1_LL].mortality 	0.1
  tag[Tags2007_R1_LL].number    	25000
  tag[Tags2007_R1_LL].ogive     	SelLL
  tag[Tags2007_R1_LL].plus_group	False
  tag[Tags2007_R1_LL].props_all 	0 0 0 0 0 0 2e-04 0.0015 0.0076 0.0283 0.0715 0.1266 0.1584 0.1483 0.1195 0.093 0.0707 0.0525 0.0384 0.0275 0.0193 0.0131 0.0085 0.0054 0.0035 0.0023 0.0017 0.0012 7e-04 3e-04 1e-04 0 0 0 0 0 0 0 0
  tag[Tags2007_R1_LL].release_type	deterministic
  tag[Tags2007_R1_LL].sex       	both
  tag[Tags2007_R1_LL].step      	1
  tag[Tags2007_R1_LL].tag_name  	Tags2007_R1
  tag[Tags2007_R1_LL].year      	2007
  tag[Tags2008_R1_LL].area      	R1
  tag[Tags2008_R1_LL].class_mins	100 150 200 250 300 350 400 450 500 550 600 650 700 750 800 850 900 950 1000 1050 1100 1150 1200 1250 1300 1350 1400 1450 1500 1550 1600 1650 1700 1750 1800 1850 1900 1950 2000 2050
  tag[Tags2008_R1_LL].mature_only	False
  tag[Tags2008_R1_LL].mortality 	0.1
  tag[Tags2008_R1_LL].number    	25000
  tag[Tags2008_R1_LL].ogive     	SelLL
  tag[Tags2008_R1_LL].plus_group	False
  tag[Tags2008_R1_LL].props_all 	0 0 0 0 0 0 2e-04 0.0015 0.0079 0.0294 0.0742 0.126 0.1538 0.1448 0.1195 0.0943 0.0725 0.0535 0.0384 0.0274 0.0192 0.0131 0.0086 0.0054 0.0034 0.0023 0.0018 0.0013 8e-04 3e-04 1e-04 0 0 0 0 0 0 0 0
  tag[Tags2008_R1_LL].release_type	deterministic
  tag[Tags2008_R1_LL].sex       	both
  tag[Tags2008_R1_LL].step      	1
  tag[Tags2008_R1_LL].tag_name  	Tags2008_R1
  tag[Tags2008_R1_LL].year      	2008
  tag[Tags2009_R1_LL].area      	R1
  tag[Tags2009_R1_LL].class_mins	100 150 200 250 300 350 400 450 500 550 600 650 700 750 800 850 900 950 1000 1050 1100 1150 1200 1250 1300 1350 1400 1450 1500 1550 1600 1650 1700 1750 1800 1850 1900 1950 2000 2050
  tag[Tags2009_R1_LL].mature_only	False
  tag[Tags2009_R1_LL].mortality 	0.1
  tag[Tags2009_R1_LL].number    	25000
  tag[Tags2009_R1_LL].ogive     	SelLL
  tag[Tags2009_R1_LL].plus_group	False
  tag[Tags2009_R1_LL].props_all 	0 0 0 0 0 0 2e-04 0.0015 0.0075 0.0278 0.0715 0.1257 0.1569 0.1486 0.1216 0.0943 0.071 0.0525 0.0383 0.0274 0.0191 0.0129 0.0084 0.0052 0.0033 0.0022 0.0016 0.0012 7e-04 3e-04 1e-04 0 0 0 0 0 0 0 0
  tag[Tags2009_R1_LL].release_type	deterministic
  tag[Tags2009_R1_LL].sex       	both
  tag[Tags2009_R1_LL].step      	1
  tag[Tags2009_R1_LL].tag_name  	Tags2009_R1
  tag[Tags2009_R1_LL].year      	2009
  tag_growth_loss[Tags2005_R1].nogrowth_period	0
  tag_growth_loss[Tags2006_R1].nogrowth_period	0
  tag_growth_loss[Tags2007_R1].nogrowth_period	0
  tag_growth_loss[Tags2008_R1].nogrowth_period	0
  tag_growth_loss[Tags2009_R1].nogrowth_period	0
  tag_loss_props                	1
  tag_names                     	Tags2005_R1 Tags2006_R1 Tags2007_R1 Tags2008_R1 Tags2009_R1
  tag_shedding_rate             	0.0084 0.0084 0.0084 0.0084 0.0084
  y_enter                       	1
Stored as DOUBLEs: 
Stored as VECTORs: 
Stored as OGIVEs: 

Output parameters:
Stored as strings: 
  n_projections                 	100
  numbers_at[Numbers_at_age_R1].area	R1
  numbers_at[Numbers_at_age_R1].proportion_mortality	0.5
  numbers_at[Numbers_at_age_R1].step	1
  numbers_at[Numbers_at_age_R1].years	1990 1991 1992 1993 1994 1995 1996 1997 1998 1999 2000 2001 2002 2003 2004 2005 2006 2007 2008 2009 2010
  print.covariance              	true
  print.estimation_section      	true
  print.final_state             	false
  print.fits                    	true
  print.fits_every_eval         	false
  print.initial_state           	false
  print.normalised_resids       	true
  print.objective_every_eval    	false
  print.parameter_vector_every_eval	false
  print.parameters              	true
  print.parameters_every_eval   	false
  print.pearson_resids          	true
  print.requests                	false
  print.resids                  	true
  print.results                 	false
  print.state_annually          	false
  print.state_every_step        	false
  print.unused_parameters       	true
  print.yields                  	true
  quantities.B0                 	true
  quantities.R0                 	true
  quantities.SSBs               	true
  quantities.YCS                	true
  quantities.actual_catches     	false
  quantities.all_free_parameters	true
  quantities.fishing_pressures  	true
  quantities.nuisance_qs        	true
  quantities.recruitments       	true
  quantities.true_YCS           	true
Stored as DOUBLEs: 
Stored as VECTORs: 
Stored as OGIVEs: 

A fish of size 500 cm has a weight of 1.16755 kg in your model. This size-weight scale check assumes that the growth curve is in centimetres, and that the catch is in tonnes.

A fish of size 500 cm has a weight of 1.16755 kg in your model. This size-weight scale check assumes that the growth curve is in centimetres, and that the catch is in tonnes.

Estimation section :

Objective function: Bayes

Minimiser convergence threshold: 0.001


Observations:

The observations are:
LL_catchA
Tags2005_R1_R1
Tags2006_R1_R1
Tags2007_R1_R1
Tags2008_R1_R1
Tags2009_R1_R1
Fits follow:

LL_catchA :
catch proportions-at-age for fishery LL  with ageing error (not constrained to sum to 1):
obs (last class is a plus group):
class 1       2       3       4       5       6       7       8       9       10      11      12      13      14      15      16      17      18      19      20      21      22      23      24      25      26      27      28      29      30      
2000 0       0       0       0.001   0.002   0.017   0.044   0.092   0.14    0.145   0.117   0.087   0.095   0.057   0.053   0.03    0.027   0.025   0.016   0.014   0.008   0.007   0.005   0.001   0.003   0.003   0.003   0.003   0       0.005   
2001 0       0       0       0.003   0.007   0.021   0.049   0.11    0.148   0.139   0.122   0.085   0.061   0.063   0.04    0.032   0.028   0.023   0.016   0.012   0.01    0.012   0.005   0.005   0.002   0.001   0.001   0.002   0       0.003   
2002 0       0       0       0.001   0.004   0.02    0.046   0.107   0.125   0.14    0.114   0.094   0.077   0.066   0.052   0.042   0.026   0.016   0.015   0.01    0.008   0.007   0.012   0.004   0.003   0.002   0.001   0.001   0.002   0.005   
2003 0       0       0       0       0.006   0.019   0.04    0.092   0.143   0.162   0.12    0.095   0.083   0.066   0.047   0.033   0.03    0.018   0.013   0.009   0.005   0.004   0.005   0.004   0.001   0       0       0.002   0       0.003   
2004 0       0       0       0       0.004   0.011   0.05    0.096   0.161   0.158   0.112   0.097   0.066   0.053   0.055   0.037   0.032   0.02    0.008   0.014   0.009   0.004   0.002   0.003   0.003   0.003   0.001   0       0.001   0       
2005 0       0       0       0.001   0.003   0.016   0.053   0.105   0.144   0.151   0.136   0.099   0.071   0.055   0.045   0.037   0.022   0.015   0.011   0.01    0.007   0.007   0.002   0.002   0.001   0.004   0.001   0.001   0       0.001   
2006 0       0       0       0.001   0.003   0.017   0.057   0.108   0.153   0.155   0.114   0.118   0.071   0.056   0.026   0.032   0.029   0.015   0.017   0.01    0.003   0.005   0.004   0.001   0       0.001   0       0       0       0.004   
2007 0       0       0.001   0       0.009   0.026   0.039   0.104   0.142   0.149   0.111   0.096   0.084   0.054   0.039   0.041   0.031   0.012   0.018   0.018   0.008   0.005   0.001   0.003   0.001   0       0.003   0.001   0       0.004   
2008 0       0.001   0.001   0.002   0.007   0.019   0.036   0.101   0.139   0.137   0.118   0.111   0.07    0.061   0.053   0.044   0.028   0.014   0.017   0.01    0.01    0.005   0.004   0.003   0.001   0.003   0.002   0       0       0.003   
2009 0       0       0       0.001   0.006   0.018   0.059   0.098   0.147   0.148   0.106   0.094   0.071   0.072   0.042   0.036   0.025   0.018   0.014   0.014   0.011   0.004   0.005   0.004   0.002   0.001   0.001   0.001   0.001   0.001   
2010 0       0       0.001   0.001   0.005   0.02    0.044   0.086   0.141   0.165   0.124   0.095   0.07    0.054   0.045   0.041   0.031   0.018   0.014   0.019   0.008   0.005   0.004   0.001   0.002   0.001   0.002   0.002   0       0.001   
objective function: multinomial likelihood, with delta = 1e-011, N =
100 100 100 100 100 100 100 100 100 100 100 100 100 100 100 100 100 100 100 100 100 100 100 100 100 100 100 100 100 100 
100 100 100 100 100 100 100 100 100 100 100 100 100 100 100 100 100 100 100 100 100 100 100 100 100 100 100 100 100 100 
100 100 100 100 100 100 100 100 100 100 100 100 100 100 100 100 100 100 100 100 100 100 100 100 100 100 100 100 100 100 
100 100 100 100 100 100 100 100 100 100 100 100 100 100 100 100 100 100 100 100 100 100 100 100 100 100 100 100 100 100 
100 100 100 100 100 100 100 100 100 100 100 100 100 100 100 100 100 100 100 100 100 100 100 100 100 100 100 100 100 100 
100 100 100 100 100 100 100 100 100 100 100 100 100 100 100 100 100 100 100 100 100 100 100 100 100 100 100 100 100 100 
100 100 100 100 100 100 100 100 100 100 100 100 100 100 100 100 100 100 100 100 100 100 100 100 100 100 100 100 100 100 
100 100 100 100 100 100 100 100 100 100 100 100 100 100 100 100 100 100 100 100 100 100 100 100 100 100 100 100 100 100 
100 100 100 100 100 100 100 100 100 100 100 100 100 100 100 100 100 100 100 100 100 100 100 100 100 100 100 100 100 100 
100 100 100 100 100 100 100 100 100 100 100 100 100 100 100 100 100 100 100 100 100 100 100 100 100 100 100 100 100 100 
100 100 100 100 100 100 100 100 100 100 100 100 100 100 100 100 100 100 100 100 100 100 100 100 100 100 100 100 100 100 

Tags2005_R1_R1 :
tag-recapture data for tag Tags2005_R1 in years 2006 2007 2008 2009 2010 , step 1, after proportion 0.5 of mortality, with sampling method size, detection probability 1.
Year 2006
class scanned recaptured
100 0 0
150 0 0
200 0 0
250 0 0
300 2 0
350 18 0
400 184 0
450 1380 0
500 7268 0
550 26668 1.2
600 67754 12.1
650 118986 47.4
700 147020 96.7
750 138410 121
800 113570 109.7
850 89016 86.5
900 68080 67.6
950 50830 49.6
1000 37026 30.8
1050 26302 16.4
1100 18210 8.5
1150 12288 5.1
1200 8088 3.1
1250 5220 1.7
1300 3360 0.9
1350 2254 0.4
1400 1624 0.2
1450 1146 0.1
1500 666 0
1550 280 0
1600 80 0
1650 14 0
1700 2 0
1750 0 0
1800 0 0
1850 0 0
1900 0 0
1950 0 0
2000 0 0


Year 2007
class scanned recaptured
100 0 0
150 0 0
200 0 0
250 0 0
300 2 0
350 18 0
400 184 0
450 1382 0
500 7286 0
550 26734 0.7
600 67914 4.3
650 119260 21.4
700 147342 57
750 138696 87
800 113788 96.3
850 89174 89.3
900 68192 71.4
950 50914 48
1000 37086 31
1050 26334 21.6
1100 18218 14.8
1150 12270 8.8
1200 8046 4.4
1250 5158 2
1300 3294 1
1350 2196 0.6
1400 1582 0.3
1450 1122 0.1
1500 654 0
1550 274 0
1600 78 0
1650 14 0
1700 2 0
1750 0 0
1800 0 0
1850 0 0
1900 0 0
1950 0 0
2000 0 0


Year 2008
class scanned recaptured
100 0 0
150 0 0
200 0 0
250 0 0
300 2 0
350 18 0
400 184 0
450 1386 0
500 7302 0
550 26790 0
600 68052 0.8
650 119490 6.2
700 147608 26.6
750 138926 60.1
800 113958 81.1
850 89294 81.3
900 68274 71.2
950 50970 53.2
1000 37126 34.2
1050 26360 20.8
1100 18228 12.6
1150 12264 7.4
1200 8024 4.3
1250 5122 2.8
1300 3246 1.9
1350 2148 1.3
1400 1544 0.9
1450 1094 0.7
1500 640 0.4
1550 270 0.2
1600 76 0.1
1650 14 0
1700 2 0
1750 0 0
1800 0 0
1850 0 0
1900 0 0
1950 0 0
2000 0 0


Year 2009
class scanned recaptured
100 0 0
150 0 0
200 0 0
250 0 0
300 2 0
350 18 0
400 186 0
450 1390 0
500 7318 0
550 26842 0
600 68176 0.4
650 119692 2.1
700 147836 8.2
750 139112 22.7
800 114090 44.1
850 89382 63.2
900 68332 65.9
950 51008 54.8
1000 37152 41.1
1050 26380 27.5
1100 18238 16.1
1150 12264 8.9
1200 8014 4.8
1250 5100 2.4
1300 3216 1.1
1350 2112 0.6
1400 1510 0.4
1450 1068 0.3
1500 624 0.2
1550 264 0.1
1600 76 0
1650 14 0
1700 2 0
1750 0 0
1800 0 0
1850 0 0
1900 0 0
1950 0 0
2000 0 0


Year 2010
class scanned recaptured
100 0 0
150 0 0
200 0 0
250 0 0
300 2 0
350 18 0
400 186 0
450 1392 0
500 7332 0
550 26890 0
600 68292 0.3
650 119878 0.7
700 148038 1.5
750 139274 7.4
800 114196 23.3
850 89448 43.4
900 68372 51.1
950 51030 44.3
1000 37166 32.9
1050 26388 23.6
1100 18244 16.7
1150 12264 10.7
1200 8010 6.6
1250 5088 4.4
1300 3196 3
1350 2086 1.8
1400 1480 0.9
1450 1044 0.4
1500 610 0.1
1550 258 0
1600 74 0
1650 14 0
1700 2 0
1750 0 0
1800 0 0
1850 0 0
1900 0 0
1950 0 0
2000 0 0


Tags2006_R1_R1 :
tag-recapture data for tag Tags2006_R1 in years 2007 2008 2009 2010 , step 1, after proportion 0.5 of mortality, with sampling method size, detection probability 1.
Year 2007
class scanned recaptured
100 0 0
150 0 0
200 0 0
250 0 0
300 2 0
350 18 0
400 184 0
450 1382 0
500 7286 0
550 26734 1.5
600 67914 12.1
650 119260 43.7
700 147342 91.7
750 138696 120.9
800 113788 117.7
850 89174 95.7
900 68192 67.4
950 50914 47.1
1000 37086 31.5
1050 26334 19.4
1100 18218 12.3
1150 12270 7.3
1200 8046 3.8
1250 5158 2.4
1300 3294 1.8
1350 2196 1.3
1400 1582 0.8
1450 1122 0.4
1500 654 0.2
1550 274 0.1
1600 78 0
1650 14 0
1700 2 0
1750 0 0
1800 0 0
1850 0 0
1900 0 0
1950 0 0
2000 0 0


Year 2008
class scanned recaptured
100 0 0
150 0 0
200 0 0
250 0 0
300 2 0
350 18 0
400 184 0
450 1386 0
500 7302 0
550 26790 0.2
600 68052 3.6
650 119490 21.3
700 147608 55.1
750 138926 91.9
800 113958 106
850 89294 90.3
900 68274 68.7
950 50970 51.1
1000 37126 36.4
1050 26360 23.4
1100 18228 13.7
1150 12264 7.3
1200 8024 3.6
1250 5122 1.9
1300 3246 1
1350 2148 0.4
1400 1544 0.1
1450 1094 0
1500 640 0
1550 270 0
1600 76 0
1650 14 0
1700 2 0
1750 0 0
1800 0 0
1850 0 0
1900 0 0
1950 0 0
2000 0 0


Year 2009
class scanned recaptured
100 0 0
150 0 0
200 0 0
250 0 0
300 2 0
350 18 0
400 186 0
450 1390 0
500 7318 0
550 26842 0
600 68176 0.8
650 119692 5.3
700 147836 18.6
750 139112 44.9
800 114090 72.4
850 89382 78.2
900 68332 66.2
950 51008 49.2
1000 37152 33.7
1050 26380 22.2
1100 18238 14.1
1150 12264 8.2
1200 8014 4.5
1250 5100 2.9
1300 3216 2
1350 2112 1.2
1400 1510 0.5
1450 1068 0.1
1500 624 0
1550 264 0
1600 76 0
1650 14 0
1700 2 0
1750 0 0
1800 0 0
1850 0 0
1900 0 0
1950 0 0
2000 0 0


Year 2010
class scanned recaptured
100 0 0
150 0 0
200 0 0
250 0 0
300 2 0
350 18 0
400 186 0
450 1392 0
500 7332 0
550 26890 0
600 68292 0.4
650 119878 2
700 148038 8.9
750 139274 25
800 114196 47.9
850 89448 66.4
900 68372 66.8
950 51030 50.8
1000 37166 34.6
1050 26388 24.2
1100 18244 15.9
1150 12264 8.6
1200 8010 4.2
1250 5088 2.4
1300 3196 1.7
1350 2086 1.2
1400 1480 0.6
1450 1044 0.2
1500 610 0.1
1550 258 0
1600 74 0
1650 14 0
1700 2 0
1750 0 0
1800 0 0
1850 0 0
1900 0 0
1950 0 0
2000 0 0


Tags2007_R1_R1 :
tag-recapture data for tag Tags2007_R1 in years 2008 2009 2010 , step 1, after proportion 0.5 of mortality, with sampling method size, detection probability 1.
Year 2008
class scanned recaptured
100 0 0
150 0 0
200 0 0
250 0 0
300 2 0
350 18 0
400 184 0
450 1386 0
500 7302 0
550 26790 1.3
600 68052 12.7
650 119490 51
700 147608 106.1
750 138926 136.6
800 113958 125.7
850 89294 95.4
900 68274 67.3
950 50970 46
1000 37126 30.8
1050 26360 19
1100 18228 10.7
1150 12264 5.9
1200 8024 3.4
1250 5122 1.9
1300 3246 0.9
1350 2148 0.3
1400 1544 0.1
1450 1094 0
1500 640 0
1550 270 0
1600 76 0
1650 14 0
1700 2 0
1750 0 0
1800 0 0
1850 0 0
1900 0 0
1950 0 0
2000 0 0


Year 2009
class scanned recaptured
100 0 0
150 0 0
200 0 0
250 0 0
300 2 0
350 18 0
400 186 0
450 1390 0
500 7318 0
550 26842 0.4
600 68176 3.4
650 119692 19.1
700 147836 56.4
750 139112 91.4
800 114090 97.5
850 89382 85.1
900 68332 66.7
950 51008 46.1
1000 37152 28.5
1050 26380 18.2
1100 18238 12.1
1150 12264 7.7
1200 8014 4.8
1250 5100 2.7
1300 3216 1.2
1350 2112 0.4
1400 1510 0.1
1450 1068 0
1500 624 0
1550 264 0
1600 76 0
1650 14 0
1700 2 0
1750 0 0
1800 0 0
1850 0 0
1900 0 0
1950 0 0
2000 0 0


Year 2010
class scanned recaptured
100 0 0
150 0 0
200 0 0
250 0 0
300 2 0
350 18 0
400 186 0
450 1392 0
500 7332 0
550 26890 0
600 68292 0.9
650 119878 7.3
700 148038 26.8
750 139274 60.5
800 114196 87.5
850 89448 84.1
900 68372 64
950 51030 45.7
1000 37166 33.1
1050 26388 23.1
1100 18244 14
1150 12264 7.1
1200 8010 3.5
1250 5088 2.3
1300 3196 1.8
1350 2086 1.3
1400 1480 0.9
1450 1044 0.5
1500 610 0.2
1550 258 0.1
1600 74 0
1650 14 0
1700 2 0
1750 0 0
1800 0 0
1850 0 0
1900 0 0
1950 0 0
2000 0 0


Tags2008_R1_R1 :
tag-recapture data for tag Tags2008_R1 in years 2009 2010 , step 1, after proportion 0.5 of mortality, with sampling method size, detection probability 1.
Year 2009
class scanned recaptured
100 0 0
150 0 0
200 0 0
250 0 0
300 2 0
350 18 0
400 186 0
450 1390 0.2
500 7318 0.7
550 26842 1.3
600 68176 11.6
650 119692 46.9
700 147836 95.7
750 139112 121.1
800 114090 112.5
850 89382 92.6
900 68332 71.5
950 51008 48
1000 37152 30.1
1050 26380 18.9
1100 18238 12.3
1150 12264 8.5
1200 8014 5.4
1250 5100 2.8
1300 3216 1.3
1350 2112 0.6
1400 1510 0.4
1450 1068 0.3
1500 624 0.2
1550 264 0.1
1600 76 0
1650 14 0
1700 2 0
1750 0 0
1800 0 0
1850 0 0
1900 0 0
1950 0 0
2000 0 0


Year 2010
class scanned recaptured
100 0 0
150 0 0
200 0 0
250 0 0
300 2 0
350 18 0
400 186 0
450 1392 0
500 7332 0
550 26890 0.5
600 68292 4.5
650 119878 21.1
700 148038 53.8
750 139274 86.5
800 114196 94.8
850 89448 83.5
900 68372 70.8
950 51030 55
1000 37166 37.7
1050 26388 23.8
1100 18244 14.9
1150 12264 9.5
1200 8010 5.5
1250 5088 2.8
1300 3196 1.2
1350 2086 0.6
1400 1480 0.3
1450 1044 0.1
1500 610 0
1550 258 0
1600 74 0
1650 14 0
1700 2 0
1750 0 0
1800 0 0
1850 0 0
1900 0 0
1950 0 0
2000 0 0


Tags2009_R1_R1 :
tag-recapture data for tag Tags2009_R1 in years 2010 , step 1, after proportion 0.5 of mortality, with sampling method size, detection probability 1.
Year 2010
class scanned recaptured
100 0 0
150 0 0
200 0 0
250 0 0
300 2 0
350 18 0
400 186 0
450 1392 0
500 7332 0
550 26890 1
600 68292 12.2
650 119878 51.6
700 148038 107.5
750 139274 133.3
800 114196 121.9
850 89448 98.6
900 68372 71.2
950 51030 47.9
1000 37166 33.5
1050 26388 23.3
1100 18244 14.3
1150 12264 7.6
1200 8010 3.5
1250 5088 1.4
1300 3196 0.7
1350 2086 0.3
1400 1480 0.1
1450 1044 0
1500 610 0
1550 258 0
1600 74 0
1650 14 0
1700 2 0
1750 0 0
1800 0 0
1850 0 0
1900 0 0
1950 0 0
2000 0 0



Ageing_error:
  Misclassification matrix:
1 0 0 0 0 0 0 0 0 0 0 0 0 0 0 0 0 0 0 0 0 0 0 0 0 0 0 0 0 0 
0 1 0 0 0 0 0 0 0 0 0 0 0 0 0 0 0 0 0 0 0 0 0 0 0 0 0 0 0 0 
0 0 1 0 0 0 0 0 0 0 0 0 0 0 0 0 0 0 0 0 0 0 0 0 0 0 0 0 0 0 
0 0 0 1 0 0 0 0 0 0 0 0 0 0 0 0 0 0 0 0 0 0 0 0 0 0 0 0 0 0 
0 0 0 0 1 0 0 0 0 0 0 0 0 0 0 0 0 0 0 0 0 0 0 0 0 0 0 0 0 0 
0 0 0 0 0 1 0 0 0 0 0 0 0 0 0 0 0 0 0 0 0 0 0 0 0 0 0 0 0 0 
0 0 0 0 0 0 1 0 0 0 0 0 0 0 0 0 0 0 0 0 0 0 0 0 0 0 0 0 0 0 
0 0 0 0 0 0 0 1 0 0 0 0 0 0 0 0 0 0 0 0 0 0 0 0 0 0 0 0 0 0 
0 0 0 0 0 0 0 0 1 0 0 0 0 0 0 0 0 0 0 0 0 0 0 0 0 0 0 0 0 0 
0 0 0 0 0 0 0 0 0 1 0 0 0 0 0 0 0 0 0 0 0 0 0 0 0 0 0 0 0 0 
0 0 0 0 0 0 0 0 0 0 1 0 0 0 0 0 0 0 0 0 0 0 0 0 0 0 0 0 0 0 
0 0 0 0 0 0 0 0 0 0 0 1 0 0 0 0 0 0 0 0 0 0 0 0 0 0 0 0 0 0 
0 0 0 0 0 0 0 0 0 0 0 0 1 0 0 0 0 0 0 0 0 0 0 0 0 0 0 0 0 0 
0 0 0 0 0 0 0 0 0 0 0 0 0 1 0 0 0 0 0 0 0 0 0 0 0 0 0 0 0 0 
0 0 0 0 0 0 0 0 0 0 0 0 0 0 1 0 0 0 0 0 0 0 0 0 0 0 0 0 0 0 
0 0 0 0 0 0 0 0 0 0 0 0 0 0 0 1 0 0 0 0 0 0 0 0 0 0 0 0 0 0 
0 0 0 0 0 0 0 0 0 0 0 0 0 0 0 0 1 0 0 0 0 0 0 0 0 0 0 0 0 0 
0 0 0 0 0 0 0 0 0 0 0 0 0 0 0 0 0 1 0 0 0 0 0 0 0 0 0 0 0 0 
0 0 0 0 0 0 0 0 0 0 0 0 0 0 0 0 0 0 1 0 0 0 0 0 0 0 0 0 0 0 
0 0 0 0 0 0 0 0 0 0 0 0 0 0 0 0 0 0 0 1 0 0 0 0 0 0 0 0 0 0 
0 0 0 0 0 0 0 0 0 0 0 0 0 0 0 0 0 0 0 0 1 0 0 0 0 0 0 0 0 0 
0 0 0 0 0 0 0 0 0 0 0 0 0 0 0 0 0 0 0 0 0 1 0 0 0 0 0 0 0 0 
0 0 0 0 0 0 0 0 0 0 0 0 0 0 0 0 0 0 0 0 0 0 1 0 0 0 0 0 0 0 
0 0 0 0 0 0 0 0 0 0 0 0 0 0 0 0 0 0 0 0 0 0 0 1 0 0 0 0 0 0 
0 0 0 0 0 0 0 0 0 0 0 0 0 0 0 0 0 0 0 0 0 0 0 0 1 0 0 0 0 0 
0 0 0 0 0 0 0 0 0 0 0 0 0 0 0 0 0 0 0 0 0 0 0 0 0 1 0 0 0 0 
0 0 0 0 0 0 0 0 0 0 0 0 0 0 0 0 0 0 0 0 0 0 0 0 0 0 1 0 0 0 
0 0 0 0 0 0 0 0 0 0 0 0 0 0 0 0 0 0 0 0 0 0 0 0 0 0 0 1 0 0 
0 0 0 0 0 0 0 0 0 0 0 0 0 0 0 0 0 0 0 0 0 0 0 0 0 0 0 0 1 0 
0 0 0 0 0 0 0 0 0 0 0 0 0 0 0 0 0 0 0 0 0 0 0 0 0 0 0 0 0 1 

Free parameters:

initialization.B0
uniform: bounds from 5000 to 500000
current value: 178998
lower bound: 5000
upper bound: 500000


Q's:
qs are nuisance parameters

Penalties:
LL_Penalty :
Catch limit penalty of 1000 x the sum of squares of (log(actual catch) - log(specified catch)) for fishery LL to disencourage breaking exploitation rate limits
meanYCS_1 :
Vector average penalty of 100 x square of (mean(recruitment.YCS) - 1) 
Penalty_Tags2005_R1_LL :
'Fish-must-be-tagged' penalty of 1 x square of (actual number of tagged fish - nominal number of tagged fish) for tagging episode Tags2005_R1_LL
Penalty_Tags2006_R1_LL :
'Fish-must-be-tagged' penalty of 1 x square of (actual number of tagged fish - nominal number of tagged fish) for tagging episode Tags2006_R1_LL
Penalty_Tags2007_R1_LL :
'Fish-must-be-tagged' penalty of 1 x square of (actual number of tagged fish - nominal number of tagged fish) for tagging episode Tags2007_R1_LL
Penalty_Tags2008_R1_LL :
'Fish-must-be-tagged' penalty of 1 x square of (actual number of tagged fish - nominal number of tagged fish) for tagging episode Tags2008_R1_LL
Penalty_Tags2009_R1_LL :
'Fish-must-be-tagged' penalty of 1 x square of (actual number of tagged fish - nominal number of tagged fish) for tagging episode Tags2009_R1_LL

Components of the objective function are:
  LL_catchA
  Tags2005_R1_R1
  Tags2006_R1_R1
  Tags2007_R1_R1
  Tags2008_R1_R1
  Tags2009_R1_R1
  prior_on_initialization.B0
  LL_Penalty
  meanYCS_1
  Penalty_Tags2005_R1_LL
  Penalty_Tags2006_R1_LL
  Penalty_Tags2007_R1_LL
  Penalty_Tags2008_R1_LL
  Penalty_Tags2009_R1_LL

Random number seed : 17558


Minimiser achieved convergence after 7 quasi-Newton iterations using 9 objective function evaluations



Approximate Covariance matrix (Inverse Hessian of parameters at point estimate):
3.8378e+006 

Correlation matrix:
1 

List of parameter names, in the same order as the rows & cols of the covariance/correlation matrices:
initialization.B0 



Start extracting output from here

Point estimate:
initialization.B0
current value: 211910
lower bound: 5000
upper bound: 500000


In a format suitable for -i :

initialization.B0 
211910 

Objective function : 941.054

Components :
LL_catchA                                          325.15
Tags2005_R1_R1                                     199.889
Tags2006_R1_R1                                     160.129
Tags2007_R1_R1                                     123.182
Tags2008_R1_R1                                     90.306
Tags2009_R1_R1                                     42.3977
prior_on_initialization.B0                         0
LL_Penalty                                         0
meanYCS_1                                          0
Penalty_Tags2005_R1_LL                             0
Penalty_Tags2006_R1_LL                             1.32349e-023
Penalty_Tags2007_R1_LL                             0
Penalty_Tags2008_R1_LL                             0
Penalty_Tags2009_R1_LL                             1.32349e-023

Fits : 

The observations are:
LL_catchA
Tags2005_R1_R1
Tags2006_R1_R1
Tags2007_R1_R1
Tags2008_R1_R1
Tags2009_R1_R1
Fits follow:

LL_catchA :
catch proportions-at-age for fishery LL  with ageing error (not constrained to sum to 1):
obs (last class is a plus group):
class 1       2       3       4       5       6       7       8       9       10      11      12      13      14      15      16      17      18      19      20      21      22      23      24      25      26      27      28      29      30      
2000 0       0       0       0.001   0.002   0.017   0.044   0.092   0.14    0.145   0.117   0.087   0.095   0.057   0.053   0.03    0.027   0.025   0.016   0.014   0.008   0.007   0.005   0.001   0.003   0.003   0.003   0.003   0       0.005   
2001 0       0       0       0.003   0.007   0.021   0.049   0.11    0.148   0.139   0.122   0.085   0.061   0.063   0.04    0.032   0.028   0.023   0.016   0.012   0.01    0.012   0.005   0.005   0.002   0.001   0.001   0.002   0       0.003   
2002 0       0       0       0.001   0.004   0.02    0.046   0.107   0.125   0.14    0.114   0.094   0.077   0.066   0.052   0.042   0.026   0.016   0.015   0.01    0.008   0.007   0.012   0.004   0.003   0.002   0.001   0.001   0.002   0.005   
2003 0       0       0       0       0.006   0.019   0.04    0.092   0.143   0.162   0.12    0.095   0.083   0.066   0.047   0.033   0.03    0.018   0.013   0.009   0.005   0.004   0.005   0.004   0.001   0       0       0.002   0       0.003   
2004 0       0       0       0       0.004   0.011   0.05    0.096   0.161   0.158   0.112   0.097   0.066   0.053   0.055   0.037   0.032   0.02    0.008   0.014   0.009   0.004   0.002   0.003   0.003   0.003   0.001   0       0.001   0       
2005 0       0       0       0.001   0.003   0.016   0.053   0.105   0.144   0.151   0.136   0.099   0.071   0.055   0.045   0.037   0.022   0.015   0.011   0.01    0.007   0.007   0.002   0.002   0.001   0.004   0.001   0.001   0       0.001   
2006 0       0       0       0.001   0.003   0.017   0.057   0.108   0.153   0.155   0.114   0.118   0.071   0.056   0.026   0.032   0.029   0.015   0.017   0.01    0.003   0.005   0.004   0.001   0       0.001   0       0       0       0.004   
2007 0       0       0.001   0       0.009   0.026   0.039   0.104   0.142   0.149   0.111   0.096   0.084   0.054   0.039   0.041   0.031   0.012   0.018   0.018   0.008   0.005   0.001   0.003   0.001   0       0.003   0.001   0       0.004   
2008 0       0.001   0.001   0.002   0.007   0.019   0.036   0.101   0.139   0.137   0.118   0.111   0.07    0.061   0.053   0.044   0.028   0.014   0.017   0.01    0.01    0.005   0.004   0.003   0.001   0.003   0.002   0       0       0.003   
2009 0       0       0       0.001   0.006   0.018   0.059   0.098   0.147   0.148   0.106   0.094   0.071   0.072   0.042   0.036   0.025   0.018   0.014   0.014   0.011   0.004   0.005   0.004   0.002   0.001   0.001   0.001   0.001   0.001   
2010 0       0       0.001   0.001   0.005   0.02    0.044   0.086   0.141   0.165   0.124   0.095   0.07    0.054   0.045   0.041   0.031   0.018   0.014   0.019   0.008   0.005   0.004   0.001   0.002   0.001   0.002   0.002   0       0.001   
fits (last class is a plus group):
class 1       2       3       4       5       6       7       8       9       10      11      12      13      14      15      16      17      18      19      20      21      22      23      24      25      26      27      28      29      30      
2000 4.79387e-007 7.8327e-006 9.04918e-005 0.000739186 0.00426874 0.0174211 0.0501701 0.101578 0.143814 0.142106 0.116425 0.0941533 0.0752034 0.0593613 0.046341 0.0358346 0.0275405 0.0211334 0.0162174 0.0123697 0.00932531 0.00694443 0.00510522 0.00370288 0.00264836 0.00186689 0.00129655 0.000886868 0.000597354 0.00285116 
2001 4.80505e-007 7.85084e-006 9.0704e-005 0.000740979 0.00427963 0.0174684 0.0503151 0.101884 0.144244 0.142501 0.116853 0.0944438 0.0753864 0.0594622 0.046371 0.0357776 0.0273513 0.0207857 0.0157737 0.011971 0.00902963 0.00673118 0.00495576 0.0036012 0.00258128 0.00182402 0.00127006 0.000871066 0.000588276 0.00283931 
2002 4.81407e-007 7.86519e-006 9.08682e-005 0.000742342 0.00428785 0.0175041 0.0504251 0.102118 0.144578 0.142809 0.117073 0.0947068 0.075552 0.059555 0.0464102 0.035771 0.0272857 0.0206269 0.0155025 0.011635 0.00873249 0.00651339 0.00480048 0.0034936 0.00250888 0.00177678 0.00124019 0.000852797 0.000577481 0.0028217 
2003 4.82172e-007 7.87712e-006 9.10015e-005 0.000743418 0.00429418 0.0175313 0.0505088 0.102298 0.144834 0.143046 0.117243 0.0948184 0.0757097 0.059645 0.0464515 0.035778 0.0272636 0.020565 0.0153752 0.0114286 0.00848291 0.00629586 0.00464291 0.00338256 0.00243283 0.0017262 0.00120757 0.000832404 0.000565145 0.00279846 
2004 4.82857e-007 7.88765e-006 9.11166e-005 0.000744321 0.00429933 0.0175527 0.0505736 0.102435 0.14503 0.143227 0.117373 0.0949033 0.0757573 0.0597373 0.0464974 0.0357917 0.0272557 0.0205388 0.0153222 0.01133 0.00832912 0.0061136 0.00448623 0.00327041 0.00235474 0.00167335 0.00117284 0.000810271 0.000551475 0.00276969 
2005 4.83506e-007 7.89751e-006 9.12228e-005 0.000745135 0.00430381 0.0175706 0.050626 0.102544 0.145181 0.143363 0.117469 0.0949661 0.0757921 0.0597494 0.0465501 0.0358127 0.0272557 0.0205253 0.0152974 0.0112873 0.00825468 0.00600104 0.00435518 0.00315924 0.00227612 0.00161927 0.00113669 0.000786807 0.000536705 0.00273557 
2006 4.84183e-007 7.90785e-006 9.13338e-005 0.000745979 0.00430838 0.0175883 0.0506751 0.102639 0.145306 0.143465 0.117534 0.0950055 0.0758119 0.0597536 0.0465423 0.0358409 0.0272629 0.0205192 0.0152832 0.0112662 0.00822179 0.00594625 0.00427427 0.0030665 0.00219847 0.00156503 0.00109985 0.000762491 0.000521125 0.0026965 
2007 4.84868e-007 7.91822e-006 9.14452e-005 0.00074682 0.00431287 0.0176053 0.0507209 0.102725 0.145412 0.143548 0.11758 0.0950273 0.0758191 0.0597505 0.0465314 0.0358244 0.0272768 0.0205193 0.015275 0.0112533 0.00820477 0.00592144 0.00423451 0.00300905 0.00213362 0.00151143 0.00106287 0.000737688 0.000504962 0.00265253 
2008 4.85568e-007 7.92884e-006 9.15585e-005 0.000747676 0.00431741 0.0176224 0.0507656 0.102806 0.145508 0.143617 0.117613 0.0950364 0.0758147 0.0597395 0.0465165 0.0358069 0.0272576 0.0205251 0.0152718 0.011245 0.00819383 0.00590818 0.00421618 0.00298064 0.00209337 0.00146667 0.00102636 0.000712814 0.000488489 0.00260405 
2009 4.86288e-007 7.93976e-006 9.16751e-005 0.000748552 0.00432207 0.0176397 0.0508107 0.102885 0.145598 0.143677 0.117638 0.0950381 0.0758019 0.0597204 0.0464961 0.0357866 0.027238 0.0205062 0.015273 0.0112405 0.00818639 0.00589937 0.00420614 0.00296735 0.00207335 0.00143885 0.000995859 0.000688259 0.000471976 0.0025515 
2010 4.87027e-007 7.951e-006 9.17953e-005 0.000749456 0.00432684 0.0176575 0.0508567 0.102966 0.145688 0.143734 0.117658 0.0950341 0.0757838 0.0596953 0.0464699 0.0357626 0.0272166 0.0204872 0.015256 0.0112394 0.0081818 0.00589312 0.00419928 0.0029599 0.00206386 0.00142493 0.000976867 0.000667745 0.000455678 0.00249547 
resids (last class is a plus group):
class 1       2       3       4       5       6       7       8       9       10      11      12      13      14      15      16      17      18      19      20      21      22      23      24      25      26      27      28      29      30      
2000 -4.79387e-007 -7.8327e-006 -9.04918e-005 0.000260814 -0.00226874 -0.000421077 -0.00617012 -0.00957779 -0.00381404 0.00289423 0.000575179 -0.00715335 0.0197966 -0.00236134 0.00665903 -0.00583464 -0.000540463 0.00386659 -0.000217418 0.00163032 -0.00132531 5.55697e-005 -0.000105219 -0.00270288 0.000351639 0.00113311 0.00170345 0.00211313 -0.000597354 0.00214884 
2001 -4.80505e-007 -7.85084e-006 -9.0704e-005 0.00225902 0.00272037 0.00353161 -0.00131507 0.00811637 0.00375561 -0.00350096 0.00514654 -0.00944375 -0.0143864 0.00353782 -0.00637105 -0.00377757 0.000648668 0.00221426 0.00022631 2.90406e-005 0.000970372 0.00526882 4.42358e-005 0.0013988 -0.000581276 -0.00082402 -0.000270062 0.00112893 -0.000588276 0.000160685 
2002 -4.81407e-007 -7.86519e-006 -9.08682e-005 0.000257658 -0.000287847 0.00249594 -0.0044251 0.00488167 -0.019578 -0.00280857 -0.00307348 -0.000706841 0.00144797 0.00644503 0.0055898 0.00622897 -0.00128575 -0.0046269 -0.000502535 -0.00163499 -0.000732487 0.000486613 0.00719952 0.000506398 0.000491117 0.000223221 -0.000240195 0.000147203 0.00142252 0.0021783 
2003 -4.82172e-007 -7.87712e-006 -9.10015e-005 -0.000743418 0.00170582 0.00146875 -0.0105088 -0.0102975 -0.00183426 0.0189541 0.00275665 0.000181611 0.00729027 0.00635503 0.000548457 -0.00277798 0.00273636 -0.00256502 -0.00237516 -0.00242864 -0.00348291 -0.00229586 0.000357091 0.000617438 -0.00143283 -0.0017262 -0.00120757 0.0011676 -0.000565145 0.000201545 
2004 -4.82857e-007 -7.88765e-006 -9.11166e-005 -0.000744321 -0.000299327 -0.00655269 -0.000573645 -0.00643524 0.0159697 0.0147731 -0.0053728 0.00209671 -0.00975734 -0.00673733 0.00850262 0.00120829 0.00474435 -0.000538774 -0.00732221 0.00267005 0.000670875 -0.0021136 -0.00248623 -0.000270408 0.000645263 0.00132665 -0.000172844 -0.000810271 0.000448525 -0.00276969 
2005 -4.83506e-007 -7.89751e-006 -9.12228e-005 0.000254865 -0.00130381 -0.00157065 0.00237399 0.00245647 -0.00118124 0.00763652 0.0185309 0.00403391 -0.00479211 -0.00474939 -0.00155009 0.00118726 -0.00525571 -0.0055253 -0.00429741 -0.00128728 -0.00125468 0.000998956 -0.00235518 -0.00115924 -0.00127612 0.00238073 -0.000136691 0.000213193 -0.000536705 -0.00173557 
2006 -4.84183e-007 -7.90785e-006 -9.13338e-005 0.000254021 -0.00130838 -0.000588327 0.00632486 0.00536056 0.00769441 0.0115346 -0.00353408 0.0229945 -0.00481188 -0.00375363 -0.0205423 -0.00384087 0.00173711 -0.00551923 0.00171679 -0.00126624 -0.00522179 -0.000946253 -0.000274274 -0.0020665 -0.00219847 -0.000565033 -0.00109985 -0.000762491 -0.000521125 0.0013035 
2007 -4.84868e-007 -7.91822e-006 0.000908555 -0.00074682 0.00468713 0.00839465 -0.0117209 0.00127495 -0.00341203 0.00545245 -0.00657959 0.000972694 0.00818092 -0.00575048 -0.00753143 0.00517557 0.00372321 -0.00851933 0.00272498 0.00674672 -0.000204774 -0.000921436 -0.00323451 -9.05266e-006 -0.00113362 -0.00151143 0.00193713 0.000262312 -0.000504962 0.00134747 
2008 -4.85568e-007 0.000992071 0.000908441 0.00125232 0.00268259 0.00137763 -0.0147656 -0.00180584 -0.00650753 -0.00661657 0.000387106 0.0159636 -0.00581474 0.0012605 0.00648352 0.00819313 0.000742377 -0.00652507 0.00172819 -0.001245 0.00180617 -0.000908182 -0.000216184 1.93632e-005 -0.00109337 0.00153333 0.000973643 -0.000712814 -0.000488489 0.000395955 
2009 -4.86288e-007 -7.93976e-006 -9.16751e-005 0.000251448 0.00167793 0.000360293 0.00818932 -0.00488538 0.00140211 0.00432255 -0.0116383 -0.00103811 -0.00480185 0.0122796 -0.00449608 0.00021337 -0.00223798 -0.00250622 -0.00127301 0.00275945 0.00281361 -0.00189937 0.000793859 0.00103265 -7.33497e-005 -0.000438847 4.14127e-006 0.000311741 0.000528024 -0.0015515 
2010 -4.87027e-007 -7.951e-006 0.000908205 0.000250544 0.000673156 0.00234247 -0.00685672 -0.016966 -0.00468751 0.0212657 0.00634219 -3.41109e-005 -0.0057838 -0.00569526 -0.00146992 0.00523736 0.00378341 -0.00248718 -0.00125602 0.00776059 -0.000181798 -0.000893123 -0.000199283 -0.0019599 -6.38621e-005 -0.000424933 0.00102313 0.00133225 -0.000455678 -0.00149547 
pearson_resids (last class is a plus group):
class 1       2       3       4       5       6       7       8       9       10      11      12      13      14      15      16      17      18      19      20      21      22      23      24      25      26      27      28      29      30      
2000 -0.00692378 -0.0279871 -0.0951315 0.0959653 -0.347988 -0.032184 -0.282649 -0.317048 -0.108693 0.0828915 0.0179332 -0.244942 0.750671 -0.0999297 0.316761 -0.313897 -0.0330251 0.268833 -0.017213 0.147501 -0.137886 0.00669164 -0.0147638 -0.445003 0.0684201 0.262495 0.473387 0.709888 -0.244481 0.403007 
2001 -0.00693185 -0.0280195 -0.095243 0.830192 0.416731 0.269571 -0.0601603 0.268314 0.106895 -0.100152 0.160206 -0.322924 -0.54491 0.149599 -0.302969 -0.203385 0.03977 0.155205 0.0181631 0.00267028 0.102582 0.644369 0.00629938 0.233515 -0.114558 -0.193117 -0.0758276 0.382677 -0.242615 0.0301986 
2002 -0.00693836 -0.0280451 -0.0953292 0.0946025 -0.044053 0.190327 -0.202225 0.161215 -0.556708 -0.080273 -0.0955959 -0.02414 0.0547894 0.272332 0.265711 0.335398 -0.0789215 -0.325536 -0.0406778 -0.152466 -0.0787292 0.0604922 1.04161 0.0858253 0.0981727 0.0530036 -0.0682477 0.050429 0.592127 0.410653 
2003 -0.00694386 -0.0280663 -0.095399 -0.272758 0.260871 0.111913 -0.47987 -0.339809 -0.0521194 0.54136 0.0856875 0.0061991 0.27559 0.26834 0.0260598 -0.149566 0.168029 -0.180733 -0.19304 -0.228488 -0.379769 -0.290261 0.0525285 0.106342 -0.290849 -0.415835 -0.347711 0.404861 -0.237795 0.0381523 
2004 -0.00694879 -0.0280851 -0.0954594 -0.272924 -0.045749 -0.498992 -0.0261788 -0.21223 0.453516 0.421723 -0.166928 0.0715404 -0.368745 -0.284276 0.403811 0.0650418 0.291373 -0.0379862 -0.596121 0.252278 0.0738173 -0.271147 -0.372029 -0.047362 0.13313 0.324582 -0.0504996 -0.284768 0.191049 -0.527009 
2005 -0.00695346 -0.0281026 -0.095515 0.0934015 -0.199171 -0.119546 0.108286 0.080975 -0.0335309 0.21791 0.575532 0.137597 -0.181063 -0.200378 -0.0735781 0.063892 -0.322778 -0.389686 -0.350143 -0.121855 -0.13867 0.129342 -0.357659 -0.206572 -0.267786 0.592109 -0.0405662 0.0760342 -0.231731 -0.332287 
2006 -0.00695833 -0.028121 -0.0955731 0.0930396 -0.199762 -0.0447569 0.288367 0.176632 0.218338 0.329047 -0.109735 0.7842  -0.181788 -0.158361 -0.975156 -0.206617 0.10667 -0.389314 0.139944 -0.119974 -0.578268 -0.123078 -0.042042 -0.37375 -0.469394 -0.14294 -0.331822 -0.276238 -0.228341 0.251361 
2007 -0.00696325 -0.0281394 0.950146 -0.273382 0.715258 0.638319 -0.534159 0.0419946 -0.0967909 0.155504 -0.204265 0.0331691 0.309054 -0.242612 -0.357562 0.278478 0.228574 -0.600933 0.222185 0.639603 -0.0227003 -0.1201 -0.498114 -0.00165278 -0.245681 -0.389066 0.594496 0.0966145 -0.22477 0.261978 
2008 -0.00696827 3.52322 0.94944 0.458165 0.40915 0.104704 -0.672636 -0.0594602 -0.184552 -0.188667 0.0120163 0.544339 -0.219672 0.0531849 0.307858 0.440945 0.0455913 -0.460199 0.140925 -0.118071 0.200356 -0.118504 -0.0333643 0.00355198 -0.239221 0.40067 0.30407 -0.267081 -0.221072 0.077694 
2009 -0.00697344 -0.0281777 -0.0957515 0.0919388 0.255781 0.02737 0.372901 -0.160804 0.0397533 0.123233 -0.361237 -0.0353979 -0.18142 0.518197 -0.213533 0.0114865 -0.137488 -0.176838 -0.103804 0.261748 0.31225 -0.248023 0.122664 0.189852 -0.0161255 -0.115776 0.00131296 0.118868 0.243106 -0.307546 
2010 -0.00697874 -0.0281976 0.947968 0.0915533 0.102558 0.17786 -0.312088 -0.558248 -0.132869 0.60617 0.196839 -0.00116315 -0.218544 -0.240386 -0.0698298 0.282037 0.232519 -0.175575 -0.102474 0.736169 -0.0201813 -0.116687 -0.0308174 -0.360777 -0.0140719 -0.11265 0.327511 0.515735 -0.213515 -0.29974 
objective function: multinomial likelihood, with delta = 1e-011, N =
100 100 100 100 100 100 100 100 100 100 100 100 100 100 100 100 100 100 100 100 100 100 100 100 100 100 100 100 100 100 
100 100 100 100 100 100 100 100 100 100 100 100 100 100 100 100 100 100 100 100 100 100 100 100 100 100 100 100 100 100 
100 100 100 100 100 100 100 100 100 100 100 100 100 100 100 100 100 100 100 100 100 100 100 100 100 100 100 100 100 100 
100 100 100 100 100 100 100 100 100 100 100 100 100 100 100 100 100 100 100 100 100 100 100 100 100 100 100 100 100 100 
100 100 100 100 100 100 100 100 100 100 100 100 100 100 100 100 100 100 100 100 100 100 100 100 100 100 100 100 100 100 
100 100 100 100 100 100 100 100 100 100 100 100 100 100 100 100 100 100 100 100 100 100 100 100 100 100 100 100 100 100 
100 100 100 100 100 100 100 100 100 100 100 100 100 100 100 100 100 100 100 100 100 100 100 100 100 100 100 100 100 100 
100 100 100 100 100 100 100 100 100 100 100 100 100 100 100 100 100 100 100 100 100 100 100 100 100 100 100 100 100 100 
100 100 100 100 100 100 100 100 100 100 100 100 100 100 100 100 100 100 100 100 100 100 100 100 100 100 100 100 100 100 
100 100 100 100 100 100 100 100 100 100 100 100 100 100 100 100 100 100 100 100 100 100 100 100 100 100 100 100 100 100 
100 100 100 100 100 100 100 100 100 100 100 100 100 100 100 100 100 100 100 100 100 100 100 100 100 100 100 100 100 100 

Tags2005_R1_R1 :
tag-recapture data for tag Tags2005_R1 in years 2006 2007 2008 2009 2010 , step 1, after proportion 0.5 of mortality, with sampling method size, detection probability 1.
Year 2006
class scanned recaptured expected_prop neg_log_likelihood
100 0 0 0 0
150 0 0 0 0
200 0 0 0 0
250 0 0 6.94734e-017 0
300 2 0 7.67455e-013 1.53499e-012
350 18 0 4.57457e-010 8.23422e-009
400 184 0 3.32303e-008 6.11437e-006
450 1380 0 5.92457e-007 0.00081759
500 7268 0 5.20366e-006 0.0378203
550 26668 1.2 3.01791e-005 1.16231
600 67754 12.1 0.000121309 2.97111
650 118986 47.4 0.000339887 3.41696
700 147020 96.7 0.000660067 3.20589
750 138410 121 0.00092178 3.4901
800 113570 109.7 0.00103065 3.50414
850 89016 86.5 0.00103527 3.32687
900 68080 67.6 0.000988853 3.02706
950 50830 49.6 0.000915089 2.9724
1000 37026 30.8 0.000827835 2.63535
1050 26302 16.4 0.000734494 2.55501
1100 18210 8.5 0.000637972 2.4605
1150 12288 5.1 0.000539631 1.94193
1200 8088 3.1 0.000440915 1.54314
1250 5220 1.7 0.000341965 1.23465
1300 3360 0.9 0.000242904 0.959873
1350 2254 0.4 0.000161349 0.648571
1400 1624 0.2 0.000113751 0.437066
1450 1146 0.1 9.20812e-005 0.28049
1500 666 0 8.26602e-005 0.055054
1550 280 0 7.82919e-005 0.0219226
1600 80 0 7.63787e-005 0.00611053
1650 14 0 7.56413e-005 0.00105902
1700 2 0 7.55249e-005 0.000151055
1750 0 0 7.47178e-005 0
1800 0 0 7.29191e-005 0
1850 0 0 0 0
1900 0 0 0 0
1950 0 0 0 0
2000 0 0 0 0

total neg_log_likelihood: 41.8964


Year 2007
class scanned recaptured expected_prop neg_log_likelihood
100 0 0 0 0
150 0 0 0 0
200 0 0 0 0
250 0 0 0 0
300 2 0 1.8197e-016 4.44089e-016
350 18 0 2.58702e-012 4.65668e-011
400 184 0 9.05293e-010 1.66574e-007
450 1382 0 4.54677e-008 6.28364e-005
500 7286 0 7.39894e-007 0.00539087
550 26734 0.7 6.28726e-006 1.32057
600 67914 4.3 3.53058e-005 2.27689
650 119260 21.4 0.000136954 3.16986
700 147342 57 0.000368511 3.00794
750 138696 87 0.000686643 3.51953
800 113788 96.3 0.000929834 3.64375
850 89174 89.3 0.00102324 3.1863
900 68192 71.4 0.00101901 3.07981
950 50914 48 0.000966544 2.87083
1000 37086 31 0.000888849 2.69795
1050 26334 21.6 0.000799083 2.46604
1100 18218 14.8 0.000703785 2.41693
1150 12270 8.8 0.000605442 2.13491
1200 8046 4.4 0.000504684 1.69218
1250 5158 2 0.000399642 1.30758
1300 3294 1 0.000288134 1.00119
1350 2196 0.6 0.000191137 0.827892
1400 1582 0.3 0.000132115 0.570357
1450 1122 0.1 0.000104247 0.281636
1500 654 0 9.16876e-005 0.0599664
1550 274 0 8.56369e-005 0.0234655
1600 78 0 8.29052e-005 0.00646687
1650 14 0 8.18345e-005 0.00114573
1700 2 0 8.16655e-005 0.000163338
1750 0 0 8.06071e-005 0
1800 0 0 7.77836e-005 0
1850 0 0 0 0
1900 0 0 0 0
1950 0 0 0 0
2000 0 0 0 0

total neg_log_likelihood: 41.5688


Year 2008
class scanned recaptured expected_prop neg_log_likelihood
100 0 0 0 0
150 0 0 0 0
200 0 0 0 0
250 0 0 0 0
300 2 0 0 0
350 18 0 6.342e-016 1.19904e-014
400 184 0 1.1695e-011 2.15188e-009
450 1386 0 1.74123e-009 2.41334e-006
500 7302 0 6.66122e-008 0.000486402
550 26790 0 9.68629e-007 0.0259496
600 68052 0.8 7.85414e-006 0.964555
650 119490 6.2 4.23546e-005 1.96414
700 147608 26.6 0.000157554 2.7921
750 138926 60.1 0.000403565 3.10996
800 113958 81.1 0.000716415 3.11925
850 89294 81.3 0.000938 3.15503
900 68274 71.2 0.00101472 3.07874
950 50970 53.2 0.00100086 2.95325
1000 37126 34.2 0.000942102 2.69572
1050 26360 20.8 0.000860509 2.52051
1100 18228 12.6 0.000768193 2.26483
1150 12264 7.4 0.000670769 1.97362
1200 8024 4.3 0.000569367 1.67538
1250 5122 2.8 0.000460241 1.50231
1300 3246 1.9 0.00033788 1.52395
1350 2148 1.3 0.000225548 1.58061
1400 1544 0.9 0.000154541 1.48911
1450 1094 0.7 0.000120067 1.45628
1500 640 0.4 0.000104146 1.03012
1550 270 0.2 9.62834e-005 0.670267
1600 76 0.1 9.2666e-005 0.452148
1650 14 0 9.12334e-005 0.00127733
1700 2 0 9.1007e-005 0.000182022
1750 0 0 8.96844e-005 0
1800 0 0 8.57371e-005 0
1850 0 0 0 0
1900 0 0 0 0
1950 0 0 0 0
2000 0 0 0 0

total neg_log_likelihood: 41.9998


Year 2009
class scanned recaptured expected_prop neg_log_likelihood
100 0 0 0 0
150 0 0 0 0
200 0 0 0 0
250 0 0 0 0
300 2 0 0 0
350 18 0 0 0
400 186 0 1.75738e-013 3.26892e-011
450 1390 0 3.49089e-011 4.85235e-008
500 7318 0 3.44176e-009 2.51868e-005
550 26842 0 1.01232e-007 0.00271728
600 68176 0.4 1.32101e-006 0.933352
650 119692 2.1 1.01384e-005 1.59451
700 147836 8.2 5.22049e-005 1.9959
750 139112 22.7 0.000184182 2.65707
800 114090 44.1 0.000444355 3.26314
850 89382 63.2 0.000747695 3.09357
900 68332 65.9 0.000945394 3.02678
950 51008 54.8 0.00100452 3.0429
1000 37152 41.1 0.000980488 3.06638
1050 26380 27.5 0.000915407 2.80126
1100 18238 16.1 0.000829947 2.34314
1150 12264 8.9 0.000734936 2.02168
1200 8014 4.8 0.000633949 1.72818
1250 5100 2.4 0.00052245 1.40456
1300 3216 1.1 0.000391257 1.05083
1350 2112 0.6 0.000264432 0.795269
1400 1510 0.4 0.000181188 0.672298
1450 1068 0.3 0.000139761 0.61157
1500 624 0.2 0.000120275 0.507445
1550 264 0.1 0.000110488 0.332582
1600 76 0 0.000105926 0.00805083
1650 14 0 0.000104107 0.00145758
1700 2 0 0.000103818 0.000207646
1750 0 0 0.000102224 0
1800 0 0 9.70636e-005 0
1850 0 0 0 0
1900 0 0 0 0
1950 0 0 0 0
2000 0 0 0 0

total neg_log_likelihood: 36.9549


Year 2010
class scanned recaptured expected_prop neg_log_likelihood
100 0 0 0 0
150 0 0 0 0
200 0 0 0 0
250 0 0 0 0
300 2 0 0 0
350 18 0 0 0
400 186 0 4.43366e-017 0
450 1392 0 5.93187e-013 8.25723e-010
500 7332 0 1.14874e-010 8.42255e-007
550 26890 0 6.67049e-009 0.00017937
600 68292 0.3 1.59847e-007 1.25799
650 119878 0.7 1.87267e-006 1.17442
700 148038 1.5 1.35552e-005 1.24664
750 139274 7.4 6.58223e-005 2.11342
800 114196 23.3 0.000217307 2.5439
850 89448 43.4 0.000489744 2.80774
900 68372 51.1 0.000779247 2.93229
950 51030 44.3 0.000951042 3.00615
1000 37166 32.9 0.000991992 2.88965
1050 26388 23.6 0.000957605 2.55909
1100 18244 16.7 0.000886272 2.3398
1150 12264 10.7 0.000796882 2.15409
1200 8010 6.6 0.000697662 1.96125
1250 5088 4.4 0.000585157 1.97431
1300 3196 3 0.000447209 2.14944
1350 2086 1.8 0.000307391 1.9577
1400 1480 0.9 0.000212116 1.31748
1450 1044 0.4 0.000163516 0.758046
1500 610 0.1 0.000140285 0.281457
1550 258 0 0.000128467 0.0331465
1600 74 0 0.000122911 0.00909598
1650 14 0 0.000120686 0.0016897
1700 2 0 0.000120329 0.000240673
1750 0 0 0.000118449 0
1800 0 0 0.000112015 0
1850 0 0 0 0
1900 0 0 0 0
1950 0 0 0 0
2000 0 0 0 0

total neg_log_likelihood: 37.4692


Tags2006_R1_R1 :
tag-recapture data for tag Tags2006_R1 in years 2007 2008 2009 2010 , step 1, after proportion 0.5 of mortality, with sampling method size, detection probability 1.
Year 2007
class scanned recaptured expected_prop neg_log_likelihood
100 0 0 0 0
150 0 0 0 0
200 0 0 0 0
250 0 0 1.04435e-016 0
300 2 0 1.14984e-012 2.29972e-012
350 18 0 6.74769e-010 1.21458e-008
400 184 0 4.6144e-008 8.49049e-006
450 1382 0 7.21714e-007 0.000997409
500 7286 0 5.58411e-006 0.0406859
550 26734 1.5 3.09641e-005 1.39594
600 67914 12.1 0.000122943 2.91106
650 119260 43.7 0.000342097 2.91019
700 147342 91.7 0.000660763 3.3466
750 138696 120.9 0.000918418 3.48456
800 113788 117.7 0.00102655 3.30659
850 89174 95.7 0.00103854 3.25089
900 68192 67.4 0.00100235 3.03168
950 50914 47.1 0.000933501 2.84832
1000 37086 31.5 0.000843589 2.64689
1050 26334 19.4 0.000743068 2.40623
1100 18218 12.3 0.000639168 2.19831
1150 12270 7.3 0.000536202 1.96212
1200 8046 3.8 0.000435793 1.62005
1250 5158 2.4 0.000336313 1.50483
1300 3294 1.8 0.000236791 1.74383
1350 2196 1.3 0.000155553 1.89207
1400 1582 0.8 0.000109051 1.5071
1450 1122 0.4 8.83161e-005 0.904028
1500 654 0.2 7.94446e-005 0.557915
1550 274 0.1 7.53771e-005 0.358598
1600 78 0 7.36071e-005 0.00574156
1650 14 0 7.29265e-005 0.00102101
1700 2 0 7.28176e-005 0.000145641
1750 0 0 7.20692e-005 0
1800 0 0 7.04263e-005 0
1850 0 0 0 0
1900 0 0 0 0
1950 0 0 0 0
2000 0 0 0 0

total neg_log_likelihood: 45.8364


Year 2008
class scanned recaptured expected_prop neg_log_likelihood
100 0 0 0 0
150 0 0 0 0
200 0 0 0 0
250 0 0 0 0
300 2 0 2.73532e-016 4.44089e-016
350 18 0 3.87553e-012 6.97602e-011
400 184 0 1.31022e-009 2.41081e-007
450 1386 0 6.12859e-008 8.49423e-005
500 7302 0 8.77238e-007 0.00640559
550 26790 0.2 6.68167e-006 0.437696
600 68052 3.6 3.61364e-005 1.81365
650 119490 21.3 0.000138621 3.07267
700 147608 55.1 0.000370565 2.92631
750 138926 91.9 0.000686822 3.24555
800 113958 106 0.000926264 3.25192
850 89294 90.3 0.00102026 3.17448
900 68274 68.7 0.00102416 3.0453
950 50970 51.1 0.00098109 2.89885
1000 37126 36.4 0.00090668 2.82662
1050 26360 23.4 0.000813057 2.58619
1100 18228 13.7 0.000710352 2.25477
1150 12264 7.3 0.000605287 1.92502
1200 8024 3.6 0.000500812 1.60487
1250 5122 1.9 0.000394577 1.28686
1300 3246 1 0.000282615 1.00346
1350 2148 0.4 0.000185476 0.646813
1400 1544 0.1 0.000127047 0.309141
1450 1094 0 9.993e-005 0.109329
1500 640 0 8.7901e-005 0.0562591
1550 270 0 8.21781e-005 0.022189
1600 76 0 7.96142e-005 0.00605092
1650 14 0 7.86125e-005 0.00110062
1700 2 0 7.84527e-005 0.000156911
1750 0 0 7.74509e-005 0
1800 0 0 7.48439e-005 0
1850 0 0 0 0
1900 0 0 0 0
1950 0 0 0 0
2000 0 0 0 0

total neg_log_likelihood: 38.5117


Year 2009
class scanned recaptured expected_prop neg_log_likelihood
100 0 0 0 0
150 0 0 0 0
200 0 0 0 0
250 0 0 0 0
300 2 0 0 0
350 18 0 9.53304e-016 1.79856e-014
400 186 0 1.67821e-011 3.12148e-009
450 1390 0 2.47138e-009 3.43522e-006
500 7318 0 8.69179e-008 0.000636065
550 26842 0 1.11782e-006 0.0300047
600 68176 0.8 8.26897e-006 0.951178
650 119692 5.3 4.32424e-005 1.76995
700 147836 18.6 0.000159254 2.94472
750 139112 44.9 0.000405406 4.08406
800 114090 72.4 0.000716028 3.61092
850 89382 78.2 0.000934402 3.27243
900 68332 66.2 0.00101314 3.08341
950 51008 49.2 0.00100795 2.91648
1000 37152 33.7 0.000957447 2.72985
1050 26380 22.2 0.000877421 2.49195
1100 18238 14.1 0.000780182 2.24814
1150 12264 8.2 0.000675371 1.98124
1200 8014 4.5 0.000568077 1.68949
1250 5100 2.9 0.000456166 1.54518
1300 3216 2 0.000333022 1.62679
1350 2112 1.2 0.000220308 1.48019
1400 1510 0.5 0.00014937 0.849236
1450 1068 0.1 0.000115305 0.282665
1500 624 0 9.97755e-005 0.062263
1550 264 0 9.21991e-005 0.0243417
1600 76 0 8.87412e-005 0.00674463
1650 14 0 8.7377e-005 0.00122333
1700 2 0 8.71594e-005 0.000174326
1750 0 0 8.58787e-005 0
1800 0 0 8.21722e-005 0
1850 0 0 0 0
1900 0 0 0 0
1950 0 0 0 0
2000 0 0 0 0

total neg_log_likelihood: 39.6833


Year 2010
class scanned recaptured expected_prop neg_log_likelihood
100 0 0 0 0
150 0 0 0 0
200 0 0 0 0
250 0 0 0 0
300 2 0 0 0
350 18 0 0 0
400 186 0 2.63204e-013 4.89615e-011
450 1392 0 4.97988e-011 6.932e-008
500 7332 0 4.73025e-009 3.46822e-005
550 26890 0 1.27788e-007 0.00343623
600 68292 0.4 1.48564e-006 0.897088
650 119878 2 1.05818e-005 1.48595
700 148038 8.9 5.31615e-005 2.08595
750 139274 25 0.000185894 2.54711
800 114196 47.9 0.000445879 2.9463
850 89448 66.4 0.000746694 3.01881
900 68372 66.8 0.000941968 3.06461
950 51030 50.8 0.00100456 2.88613
1000 37166 34.6 0.000989426 2.75838
1050 26388 24.2 0.000931172 2.51793
1100 18244 15.9 0.000845559 2.31411
1150 12264 8.6 0.000744772 2.02008
1200 8010 4.2 0.0006367 1.74061
1250 5088 2.4 0.000520351 1.40292
1300 3196 1.7 0.000387285 1.30973
1350 2086 1.2 0.000259774 1.37389
1400 1480 0.6 0.000176175 0.954525
1450 1044 0.2 0.000134764 0.447459
1500 610 0.1 0.000115442 0.285794
1550 258 0 0.000105828 0.0273051
1600 74 0 0.00010138 0.00750252
1650 14 0 9.96134e-005 0.00139466
1700 2 0 9.93316e-005 0.000198673
1750 0 0 9.77488e-005 0
1800 0 0 9.28069e-005 0
1850 0 0 0 0
1900 0 0 0 0
1950 0 0 0 0
2000 0 0 0 0

total neg_log_likelihood: 36.0972


Tags2007_R1_R1 :
tag-recapture data for tag Tags2007_R1 in years 2008 2009 2010 , step 1, after proportion 0.5 of mortality, with sampling method size, detection probability 1.
Year 2008
class scanned recaptured expected_prop neg_log_likelihood
100 0 0 0 0
150 0 0 0 0
200 0 0 0 0
250 0 0 6.97743e-017 0
300 2 0 7.70734e-013 1.54143e-012
350 18 0 4.59443e-010 8.26997e-009
400 184 0 3.33334e-008 6.13334e-006
450 1386 0 5.89579e-007 0.000817157
500 7302 0 5.13702e-006 0.0375106
550 26790 1.3 3.01687e-005 1.23919
600 68052 12.7 0.000122632 3.17441
650 119490 51 0.000343526 4.00596
700 147608 106.1 0.000665945 3.55345
750 138926 136.6 0.000928365 3.59893
800 113958 125.7 0.00103471 3.58789
850 89294 95.4 0.00103705 3.24021
900 68274 67.3 0.000992687 3.02593
950 50970 46 0.000923817 2.84727
1000 37126 30.8 0.000840623 2.63768
1050 26360 19 0.000748708 2.40909
1100 18228 10.7 0.000651241 2.17133
1150 12264 5.9 0.000550661 1.87665
1200 8024 3.4 0.000449267 1.561
1250 5122 1.9 0.000347344 1.28718
1300 3246 0.9 0.000244888 0.962363
1350 2148 0.3 0.000160907 0.556102
1400 1544 0.1 0.000112806 0.29904
1450 1094 0 9.13878e-005 0.0999828
1500 640 0 8.2224e-005 0.0526256
1550 270 0 7.80147e-005 0.0210648
1600 76 0 7.61798e-005 0.00578988
1650 14 0 7.54735e-005 0.00105667
1700 2 0 7.53613e-005 0.000150728
1750 0 0 7.45896e-005 0
1800 0 0 7.28766e-005 0
1850 0 0 0 0
1900 0 0 0 0
1950 0 0 0 0
2000 0 0 0 0

total neg_log_likelihood: 42.2527


Year 2009
class scanned recaptured expected_prop neg_log_likelihood
100 0 0 0 0
150 0 0 0 0
200 0 0 0 0
250 0 0 0 0
300 2 0 1.82741e-016 4.44089e-016
350 18 0 2.59803e-012 4.67646e-011
400 186 0 9.0839e-010 1.68961e-007
450 1390 0 4.55493e-008 6.33135e-005
500 7318 0 7.34492e-007 0.00537501
550 26842 0.4 6.21873e-006 0.763392
600 68176 3.4 3.53761e-005 1.73462
650 119692 19.1 0.000138439 2.58208
700 147836 56.4 0.000372311 2.95311
750 139112 91.4 0.00069258 3.30643
800 114090 97.5 0.000936029 3.62614
850 89382 85.1 0.00102684 3.39088
900 68332 66.7 0.00102108 3.08853
950 51008 46.1 0.000971331 2.95851
1000 37152 28.5 0.000898461 2.97219
1050 26380 18.2 0.000812185 2.63006
1100 18238 12.1 0.000717713 2.21051
1150 12264 7.7 0.000618062 1.951
1200 8014 4.8 0.000514966 1.77243
1250 5100 2.7 0.000407151 1.53151
1300 3216 1.2 0.000292167 1.11113
1350 2112 0.4 0.00019183 0.646841
1400 1510 0.1 0.000131381 0.310238
1450 1068 0 0.000103379 0.110415
1500 624 0 9.09782e-005 0.056773
1550 264 0 8.50763e-005 0.0224611
1600 76 0 8.24287e-005 0.00626484
1650 14 0 8.13931e-005 0.00113955
1700 2 0 8.12272e-005 0.000162461
1750 0 0 8.02034e-005 0
1800 0 0 7.74939e-005 0
1850 0 0 0 0
1900 0 0 0 0
1950 0 0 0 0
2000 0 0 0 0

total neg_log_likelihood: 39.7423


Year 2010
class scanned recaptured expected_prop neg_log_likelihood
100 0 0 0 0
150 0 0 0 0
200 0 0 0 0
250 0 0 0 0
300 2 0 0 0
350 18 0 6.36878e-016 1.19904e-014
400 186 0 1.17408e-011 2.18379e-009
450 1392 0 1.74588e-009 2.43026e-006
500 7332 0 6.66096e-008 0.000488381
550 26890 0 9.59804e-007 0.0258091
600 68292 0.9 7.78695e-006 1.06116
650 119878 7.3 4.25268e-005 2.34315
700 148038 26.8 0.000159236 2.77764
750 139274 60.5 0.000407554 3.09195
800 114196 87.5 0.000722342 3.30468
850 89448 84.1 0.000943691 3.13604
900 68372 64 0.00101789 3.23062
950 51030 45.7 0.00100334 3.1383
1000 37166 33.1 0.000947888 2.73652
1050 26388 23.1 0.000870916 2.49233
1100 18244 14 0.000781462 2.24637
1150 12264 7.1 0.000684282 2.01549
1200 8010 3.5 0.000581287 1.72608
1250 5088 2.3 0.000469738 1.3729
1300 3196 1.8 0.000344135 1.44503
1350 2086 1.3 0.000227926 1.59603
1400 1480 0.9 0.000154482 1.51757
1450 1044 0.5 0.000119251 1.04528
1500 610 0.2 0.000103236 0.530458
1550 258 0.1 9.54379e-005 0.344975
1600 74 0 9.18805e-005 0.00679947
1650 14 0 9.04767e-005 0.00126673
1700 2 0 9.02507e-005 0.00018051
1750 0 0 8.89431e-005 0
1800 0 0 8.51224e-005 0
1850 0 0 0 0
1900 0 0 0 0
1950 0 0 0 0
2000 0 0 0 0

total neg_log_likelihood: 41.1871


Tags2008_R1_R1 :
tag-recapture data for tag Tags2008_R1 in years 2009 2010 , step 1, after proportion 0.5 of mortality, with sampling method size, detection probability 1.
Year 2009
class scanned recaptured expected_prop neg_log_likelihood
100 0 0 0 0
150 0 0 0 0
200 0 0 0 0
250 0 0 6.99538e-017 0
300 2 0 7.72689e-013 1.54543e-012
350 18 0 4.60683e-010 8.2923e-009
400 186 0 3.34677e-008 6.22499e-006
450 1390 0.2 5.96492e-007 1.33443
500 7318 0.7 5.28431e-006 2.21972
550 26842 1.3 3.13071e-005 1.22064
600 68176 11.6 0.000126488 2.61469
650 119692 46.9 0.000348408 3.15597
700 147836 95.7 0.000663469 3.22934
750 139112 121.1 0.000916709 3.4823
800 114090 112.5 0.00102509 3.36659
850 89382 92.6 0.00103895 3.18384
900 68332 71.5 0.00100545 3.1106
950 51008 48 0.000940527 2.85581
1000 37152 30.1 0.000854504 2.66706
1050 26380 18.9 0.000757247 2.42211
1100 18238 12.3 0.000655936 2.18488
1150 12264 8.5 0.000554115 2.19635
1200 8014 5.4 0.000453116 2.15149
1250 5100 2.8 0.000352068 1.70283
1300 3216 1.3 0.000250248 1.24114
1350 2112 0.6 0.000166432 0.866105
1400 1510 0.4 0.000118471 0.747552
1450 1068 0.3 9.72403e-005 0.67499
1500 624 0.2 8.82067e-005 0.549459
1550 264 0.1 8.40661e-005 0.352939
1600 76 0 8.22602e-005 0.00625203
1650 14 0 8.15642e-005 0.00114194
1700 2 0 8.1452e-005 0.000162911
1750 0 0 8.07032e-005 0
1800 0 0 7.90026e-005 0
1850 0 0 0 0
1900 0 0 0 0
1950 0 0 0 0
2000 0 0 0 0

total neg_log_likelihood: 47.5384


Year 2010
class scanned recaptured expected_prop neg_log_likelihood
100 0 0 0 0
150 0 0 0 0
200 0 0 0 0
250 0 0 0 0
300 2 0 1.83202e-016 4.44089e-016
350 18 0 2.6046e-012 4.68825e-011
400 186 0 9.11493e-010 1.69538e-007
450 1392 0 4.57887e-008 6.37379e-005
500 7332 0 7.45552e-007 0.00546639
550 26890 0.5 6.41003e-006 0.930644
600 68292 4.5 3.66825e-005 2.33041
650 119878 21.1 0.000142386 2.8899
700 148038 53.8 0.000376407 2.94651
750 139274 86.5 0.000688834 3.63011
800 114196 94.8 0.000924551 3.76588
850 89448 83.5 0.00101907 3.46292
900 68372 70.8 0.00102497 3.05322
950 51030 55 0.000984896 3.14068
1000 37166 37.7 0.000914483 2.93139
1050 26388 23.8 0.000824641 2.59962
1100 18244 14.9 0.000725096 2.37628
1150 12264 9.5 0.00062231 2.26505
1200 8010 5.5 0.00051853 1.98412
1250 5088 2.8 0.000411434 1.57089
1300 3196 1.2 0.000297412 1.10818
1350 2086 0.6 0.0001974 0.831414
1400 1480 0.3 0.000136969 0.573228
1450 1044 0.1 0.000109065 0.281219
1500 610 0 9.67822e-005 0.05904
1550 258 0 9.09695e-005 0.0234712
1600 74 0 8.837e-005 0.00653967
1650 14 0 8.73542e-005 0.00122301
1700 2 0 8.71891e-005 0.000174386
1750 0 0 8.61877e-005 0
1800 0 0 8.35369e-005 0
1850 0 0 0 0
1900 0 0 0 0
1950 0 0 0 0
2000 0 0 0 0

total neg_log_likelihood: 42.7677


Tags2009_R1_R1 :
tag-recapture data for tag Tags2009_R1 in years 2010 , step 1, after proportion 0.5 of mortality, with sampling method size, detection probability 1.
Year 2010
class scanned recaptured expected_prop neg_log_likelihood
100 0 0 0 0
150 0 0 0 0
200 0 0 0 0
250 0 0 7.00921e-017 0
300 2 0 7.74188e-013 1.54832e-012
350 18 0 4.61572e-010 8.30829e-009
400 186 0 3.34792e-008 6.22713e-006
450 1392 0 5.90704e-007 0.00082226
500 7332 0 5.11656e-006 0.0375147
550 26890 1 2.99842e-005 1.02159
600 68292 12.2 0.000122314 2.95103
650 119878 51.6 0.000343517 4.11187
700 148038 107.5 0.000666609 3.64097
750 139274 133.3 0.000932451 3.41043
800 114196 121.9 0.00104594 3.34582
850 89448 98.6 0.00105394 3.31272
900 68372 71.2 0.00100954 3.0863
950 51030 47.9 0.000936689 2.85487
1000 37166 33.5 0.000849004 2.7356
1050 26388 23.3 0.000753559 2.7743
1100 18244 14.3 0.000653568 2.47712
1150 12264 7.6 0.000551354 1.99362
1200 8010 3.5 0.000449271 1.57021
1250 5088 1.4 0.000347665 1.18714
1300 3196 0.7 0.000245915 0.858637
1350 2086 0.3 0.000162007 0.55516
1400 1480 0.1 0.00011387 0.296689
1450 1044 0 9.26299e-005 0.09671
1500 610 0 8.36607e-005 0.0510352
1550 258 0 7.95876e-005 0.0205344
1600 74 0 7.78238e-005 0.00575919
1650 14 0 7.71465e-005 0.00108009
1700 2 0 7.70363e-005 0.000154079
1750 0 0 7.6297e-005 0
1800 0 0 7.46683e-005 0
1850 0 0 0 0
1900 0 0 0 0
1950 0 0 0 0
2000 0 0 0 0

total neg_log_likelihood: 42.3977


Output quantities start here

* Scalar parameter values
initialization.B0 211910

* Nuisance q's

* B0
211910

* R0
1.70942e+007

* SSBs
SSB 211910 209105 205984 202558 198858 194944 190899 186809 182762 178834 175084 171546 168231 165137 162259 159580 157097 154798 152673 150712 148912 
year 1990 1991 1992 1993 1994 1995 1996 1997 1998 1999 2000 2001 2002 2003 2004 2005 2006 2007 2008 2009 2010 

* recruitments
recruitment 1.70942e+007 1.70942e+007 1.70697e+007 1.70417e+007 1.70101e+007 1.69749e+007 1.69363e+007 1.6895e+007 1.68516e+007 1.6807e+007 1.67621e+007 1.67175e+007 1.66739e+007 1.66316e+007 1.65908e+007 1.65516e+007 1.6514e+007 1.64782e+007 1.64442e+007 1.6412e+007 1.63815e+007 
year 1990 1991 1992 1993 1994 1995 1996 1997 1998 1999 2000 2001 2002 2003 2004 2005 2006 2007 2008 2009 2010 

* YCS
YCS 1 1 1 1 1 1 1 1 1 1 1 1 1 1 1 1 1 1 1 1 1 
year 1989 1990 1991 1992 1993 1994 1995 1996 1997 1998 1999 2000 2001 2002 2003 2004 2005 2006 2007 2008 2009 

* true_YCS
true_YCS 1 1 0.998565 0.996927 0.995078 0.993017 0.990762 0.988345 0.985808 0.983199 0.980568 0.977961 0.97541 0.972935 0.970547 0.968256 0.966058 0.963964 0.961974 0.960088 0.958307 
year 1989 1990 1991 1992 1993 1994 1995 1996 1997 1998 1999 2000 2001 2002 2003 2004 2005 2006 2007 2008 2009 

* fishing_pressures
pressure 0 0.0322513 0.0330309 0.0338055 0.0345545 0.035263 0.0359209 0.0365219 0.037063 0.0375451 0.0379721 0.038349 0.0386816 0.0389759 0.0392382 0.0394745 0.0396936 0.0398967 0.0400874 0.0402686 0.0404423 
year 1990 1991 1992 1993 1994 1995 1996 1997 1998 1999 2000 2001 2002 2003 2004 2005 2006 2007 2008 2009 2010 

* Numbers_at_age_R1
1990  1.5867e+007 1.35887e+007 1.16376e+007 9.96663e+006 8.53557e+006 7.30999e+006 6.26039e+006 5.36149e+006 4.59166e+006 3.93237e+006 3.36774e+006 2.88418e+006 2.47006e+006 2.1154e+006 1.81166e+006 1.55153e+006 1.32875e+006 1.13797e+006 974571 834637 714796 612162 524265 448989 384521 329309 282025 241531 206851 1.23377e+006 
1991  1.5867e+007 1.35887e+007 1.16376e+007 9.96634e+006 8.5339e+006 7.30319e+006 6.24081e+006 5.32161e+006 4.53421e+006 3.87386e+006 3.31798e+006 2.84245e+006 2.43553e+006 2.08723e+006 1.78899e+006 1.53354e+006 1.31468e+006 1.1271e+006 966300 828428 710199 608805 521848 447272 383318 328478 281459 241151 206599 1.23262e+006 
1992  1.58442e+007 1.35887e+007 1.16376e+007 9.96626e+006 8.53332e+006 7.29993e+006 6.22775e+006 5.28457e+006 4.45973e+006 3.76743e+006 3.20981e+006 2.75043e+006 2.35832e+006 2.02332e+006 1.73682e+006 1.49153e+006 1.28131e+006 1.10096e+006 946106 813042 698637 600238 515587 442760 380112 326231 279906 240092 205887 1.23e+006 
1993  1.58182e+007 1.35692e+007 1.16376e+007 9.96625e+006 8.53321e+006 7.29924e+006 6.22434e+006 5.2721e+006 4.42639e+006 3.70283e+006 3.11912e+006 2.65866e+006 2.28022e+006 1.95774e+006 1.68247e+006 1.44709e+006 1.24546e+006 1.07244e+006 923718 795711 685407 590279 508194 437350 376208 323454 277958 238745 204969 1.22709e+006 
1994  1.57889e+007 1.3547e+007 1.16209e+007 9.96624e+006 8.53316e+006 7.29895e+006 6.22313e+006 5.26782e+006 4.4137e+006 3.67252e+006 3.06323e+006 2.58153e+006 2.20248e+006 1.89153e+006 1.62682e+006 1.40092e+006 1.20765e+006 1.04188e+006 899358 776556 670553 578920 499630 430984 371543 320085 275559 237061 203804 1.22375e+006 
1995  1.57562e+007 1.35219e+007 1.16018e+007 9.95193e+006 8.53311e+006 7.29871e+006 6.2223e+006 5.26548e+006 4.40798e+006 3.65948e+006 3.03586e+006 2.53339e+006 2.13704e+006 1.82577e+006 1.57077e+006 1.35375e+006 1.16845e+006 1.00973e+006 873335 755774 654182 566204 489892 423632 366072 316072 272658 234994 202352 1.21985e+006 
1996  1.57204e+007 1.34939e+007 1.15803e+007 9.9356e+006 8.52081e+006 7.29849e+006 6.22155e+006 5.26354e+006 4.40402e+006 3.65238e+006 3.02294e+006 2.509e+006 2.09576e+006 1.77037e+006 1.51523e+006 1.30636e+006 1.12852e+006 976493 846024 733628 636466 552225 479017 415292 359768 311376 269211 232501 200575 1.21523e+006 
1997  1.56821e+007 1.34632e+007 1.15563e+007 9.91716e+006 8.50679e+006 7.28781e+006 6.22086e+006 5.26177e+006 4.40056e+006 3.64693e+006 3.0151e+006 2.49671e+006 2.07428e+006 1.73513e+006 1.46842e+006 1.2595e+006 1.08848e+006 942701 817852 710439 617630 537131 467089 405999 352632 305976 265185 229543 198434 1.20971e+006 
1998  1.56418e+007 1.34304e+007 1.15301e+007 9.89662e+006 8.49097e+006 7.27568e+006 6.2113e+006 5.26017e+006 4.39741e+006 3.6421e+006 3.00882e+006 2.48878e+006 2.06294e+006 1.71641e+006 1.43844e+006 1.22e+006 1.04897e+006 908893 789266 686565 597943 521111 454231 395823 344694 299874 260564 226095 195900 1.20312e+006 
1999  1.56004e+007 1.33959e+007 1.15019e+007 9.87414e+006 8.47335e+006 7.26202e+006 6.20056e+006 5.25118e+006 4.39458e+006 3.63774e+006 3.00323e+006 2.48229e+006 2.05534e+006 1.70619e+006 1.42226e+006 1.19458e+006 1.01567e+006 875585 760717 662380 577706 504394 440605 384869 336014 293095 255347 222140 192947 1.19528e+006 
2000  1.55587e+007 1.33604e+007 1.14724e+007 9.85004e+006 8.45408e+006 7.24684e+006 6.18856e+006 5.24128e+006 4.38574e+006 3.63384e+006 2.99822e+006 2.47652e+006 2.04905e+006 1.69916e+006 1.41321e+006 1.18069e+006 994155 847517 732629 638259 557234 487232 426403 373275 326679 285688 249556 217680 189564 1.18603e+006 
2001  1.55173e+007 1.33247e+007 1.1442e+007 9.82476e+006 8.43343e+006 7.23025e+006 6.17531e+006 5.23042e+006 4.37631e+006 3.62516e+006 2.99375e+006 2.47137e+006 2.04347e+006 1.6933e+006 1.40688e+006 1.17277e+006 982288 829330 708964 614556 536838 469888 411836 361200 316807 277730 243234 212733 185751 1.17521e+006 
2002  1.54768e+007 1.32893e+007 1.14114e+007 9.79875e+006 8.41176e+006 7.2125e+006 6.1609e+006 5.21859e+006 4.36622e+006 3.61615e+006 2.98549e+006 2.46678e+006 2.03849e+006 1.68812e+006 1.40158e+006 1.16717e+006 975436 819225 693595 594587 516813 452622 397127 348825 306533 269318 236446 207335 181523 1.16268e+006 
2003  1.54376e+007 1.32546e+007 1.13811e+007 9.77253e+006 8.38948e+006 7.19389e+006 6.14553e+006 5.20586e+006 4.35543e+006 3.60674e+006 2.9771e+006 2.45918e+006 2.03406e+006 1.6835e+006 1.39688e+006 1.16246e+006 970536 813331 685009 581597 499944 435682 382493 336335 296009 260568 229273 201541 176912 1.14834e+006 
2004  1.53997e+007 1.3221e+007 1.13514e+007 9.74654e+006 8.36701e+006 7.17477e+006 6.12945e+006 5.19238e+006 4.344e+006 3.59689e+006 2.96849e+006 2.45157e+006 2.02723e+006 1.67939e+006 1.39271e+006 1.1583e+006 966414 809087 679961 574308 488956 421413 368141 323915 285391 251608 221815 195421 171963 1.13213e+006 
2005  1.53633e+007 1.31885e+007 1.13226e+007 9.72111e+006 8.34474e+006 7.15548e+006 6.11291e+006 5.17825e+006 4.33186e+006 3.5864e+006 2.95944e+006 2.44371e+006 2.02034e+006 1.67326e+006 1.38893e+006 1.15454e+006 962725 805478 676284 569981 482758 412099 356047 311734 274832 242569 214177 189056 166736 1.11403e+006 
2006  1.53285e+007 1.31574e+007 1.12948e+007 9.69644e+006 8.32296e+006 7.13637e+006 6.09628e+006 5.16382e+006 4.3193e+006 3.57542e+006 2.94991e+006 2.43551e+006 2.01325e+006 1.66709e+006 1.38348e+006 1.15111e+006 959375 802232 673139 566802 479050 406824 348140 301465 264477 233580 206473 182540 161301 1.09409e+006 
2007  1.52952e+007 1.31275e+007 1.12681e+007 9.67265e+006 8.30182e+006 7.11769e+006 6.07984e+006 5.1494e+006 4.30665e+006 3.56432e+006 2.94021e+006 2.42712e+006 2.00605e+006 1.66089e+006 1.3781e+006 1.14638e+006 956363 799315 670332 564097 476327 403662 343657 294752 255752 224770 198815 175968 155738 1.07239e+006 
2008  1.52636e+007 1.30991e+007 1.12426e+007 9.64981e+006 8.28144e+006 7.09957e+006 6.06377e+006 5.13516e+006 4.29406e+006 3.55323e+006 2.93047e+006 2.41863e+006 1.99873e+006 1.65463e+006 1.37272e+006 1.14172e+006 952277 796689 667807 561680 474005 401333 340960 290938 250043 217346 191309 169437 150128 1.04909e+006 
2009  1.52337e+007 1.3072e+007 1.12182e+007 9.6279e+006 8.26187e+006 7.08209e+006 6.04818e+006 5.12126e+006 4.28165e+006 3.54221e+006 2.92078e+006 2.41015e+006 1.99136e+006 1.64828e+006 1.3673e+006 1.13707e+006 948260 793175 665530 559502 471929 399344 338969 288638 246796 212486 184984 163037 144554 1.02439e+006 
2010  1.52055e+007 1.30464e+007 1.1195e+007 9.60703e+006 8.24311e+006 7.06532e+006 6.0332e+006 5.1079e+006 4.26973e+006 3.53157e+006 2.91135e+006 2.40188e+006 1.98413e+006 1.642e+006 1.36189e+006 1.13246e+006 944303 789754 662539 557553 470069 397572 337273 286941 244837 209721 180844 157644 139091 998515 

Output quantities finish here

Unused parameters:
annual_cycle.fishery_areas annual_cycle.migrate_from annual_cycle.migrate_to annual_cycle.migration_names annual_cycle.migration_times annual_cycle.n_migrations annual_cycle.recruitment_areas annual_cycle.spawning_all_areas area_names recruitment.p_male recruitment.year_range tag[Tags2005_R1_LL].area tag[Tags2005_R1_LL].sex tag[Tags2006_R1_LL].area tag[Tags2006_R1_LL].sex tag[Tags2007_R1_LL].area tag[Tags2007_R1_LL].sex tag[Tags2008_R1_LL].area tag[Tags2008_R1_LL].sex tag[Tags2009_R1_LL].area tag[Tags2009_R1_LL].sex MCMC.adapt_at MCMC.adaptive_stepsize MCMC.burn_in MCMC.keep MCMC.length MCMC.start MCMC.stepsize profile[1].l profile[1].n profile[1].parameter profile[1].u tag_recapture[Tags2005_R1_R1].area tag_recapture[Tags2006_R1_R1].area tag_recapture[Tags2007_R1_R1].area tag_recapture[Tags2008_R1_R1].area tag_recapture[Tags2009_R1_R1].area n_projections numbers_at[Numbers_at_age_R1].area print.yields 
