CASAL (C++ algorithmic stock assessment laboratory)
Call: casal -e -O C:/Users/STA384/Documents/GitHub/planetfish2_bugs/Output/TOA_bug_9.4/casalout_mpd.dat -f C:/Users/STA384/Documents/GitHub/planetfish2_bugs/Output/TOA_bug_9.4/casal_ 
Date: Fri Aug 09 12:29:31 2019
v2.30-2012-03-21 00:22:59 UTC (rev.4648)  (c) Copyright 2002-2012, NIWA
User name: sta384
Machine name: MACKEREL-HF (Microsoft Windows, PID=2476)

Prefix for the input parameter filenames : C:/Users/STA384/Documents/GitHub/planetfish2_bugs/Output/TOA_bug_9.4/casal_

Random number seed : 17771

Estimation parameters:
Stored as strings: 
  MCMC.adapt_at                 	1e+05 2e+05 3e+05 4e+05
  MCMC.adaptive_stepsize        	True
  MCMC.burn_in                  	500
  MCMC.keep                     	1000
  MCMC.length                   	1500000
  MCMC.start                    	0
  MCMC.stepsize                 	0.01
  ageing_error.c                	0
  ageing_error.type             	normal
  catch_at[LL_catchA].2000      	0 0 0 0 0.005 0.014 0.05 0.089 0.146 0.131 0.11 0.112 0.086 0.055 0.048 0.044 0.024 0.016 0.02 0.014 0.011 0.008 0.007 0.004 0.001 0.002 0 0.001 0 0.002
  catch_at[LL_catchA].2001      	0 0 0 0.002 0.003 0.021 0.056 0.108 0.12 0.129 0.129 0.1 0.062 0.067 0.046 0.039 0.04 0.018 0.014 0.011 0.011 0.006 0.007 0.003 0 0.002 0.002 0.001 0 0.003
  catch_at[LL_catchA].2002      	0 0 0 0.001 0.007 0.022 0.054 0.103 0.146 0.142 0.114 0.116 0.062 0.063 0.043 0.03 0.02 0.015 0.008 0.011 0.011 0.012 0.006 0.005 0.003 0.002 0 0.001 0 0.003
  catch_at[LL_catchA].2003      	0 0 0 0.001 0.005 0.013 0.046 0.097 0.178 0.149 0.112 0.079 0.08 0.053 0.045 0.039 0.027 0.02 0.01 0.011 0.009 0.01 0.004 0.003 0.001 0.002 0.002 0 0.001 0.003
  catch_at[LL_catchA].2004      	0 0 0 0.002 0.003 0.017 0.042 0.106 0.146 0.133 0.107 0.11 0.089 0.054 0.049 0.04 0.025 0.015 0.009 0.013 0.012 0.007 0.004 0.004 0.004 0.001 0.001 0.001 0.001 0.005
  catch_at[LL_catchA].2005      	0 0 0 0.002 0.006 0.025 0.054 0.096 0.157 0.152 0.111 0.114 0.069 0.051 0.043 0.034 0.025 0.018 0.011 0.011 0.002 0.007 0.005 0.001 0.002 0.001 0 0.001 0 0.002
  catch_at[LL_catchA].2006      	0 0 0 0 0.003 0.013 0.063 0.109 0.153 0.148 0.116 0.091 0.08 0.047 0.053 0.033 0.025 0.016 0.012 0.012 0.008 0.005 0.004 0.001 0.003 0 0.002 0.001 0.001 0.001
  catch_at[LL_catchA].2007      	0 0 0 0.002 0.005 0.033 0.054 0.093 0.142 0.156 0.119 0.1 0.081 0.056 0.052 0.025 0.022 0.014 0.009 0.012 0.006 0.003 0.004 0.003 0.002 0.003 0 0.002 0 0.002
  catch_at[LL_catchA].2008      	0 0 0 0 0.003 0.017 0.049 0.115 0.154 0.13 0.114 0.095 0.078 0.059 0.049 0.04 0.027 0.018 0.015 0.01 0.008 0.007 0.002 0.003 0.001 0.004 0.001 0 0 0.001
  catch_at[LL_catchA].2009      	0 0 0 0.002 0.006 0.014 0.047 0.092 0.146 0.149 0.123 0.104 0.066 0.069 0.045 0.035 0.035 0.02 0.012 0.009 0.006 0.008 0.004 0.001 0.002 0.001 0.001 0 0.002 0.001
  catch_at[LL_catchA].2010      	0 0 0 0.002 0.003 0.018 0.052 0.096 0.149 0.149 0.13 0.093 0.08 0.048 0.043 0.037 0.027 0.022 0.017 0.011 0.004 0.004 0.004 0.003 0.004 0.001 0 0 0 0.003
  catch_at[LL_catchA].N_2000    	100
  catch_at[LL_catchA].N_2001    	100
  catch_at[LL_catchA].N_2002    	100
  catch_at[LL_catchA].N_2003    	100
  catch_at[LL_catchA].N_2004    	100
  catch_at[LL_catchA].N_2005    	100
  catch_at[LL_catchA].N_2006    	100
  catch_at[LL_catchA].N_2007    	100
  catch_at[LL_catchA].N_2008    	100
  catch_at[LL_catchA].N_2009    	100
  catch_at[LL_catchA].N_2010    	100
  catch_at[LL_catchA].at_size   	False
  catch_at[LL_catchA].dist      	multinomial
  catch_at[LL_catchA].fishery   	LL
  catch_at[LL_catchA].max_class 	30
  catch_at[LL_catchA].min_class 	1
  catch_at[LL_catchA].plus_group	True
  catch_at[LL_catchA].r         	1e-11
  catch_at[LL_catchA].sexed     	False
  catch_at[LL_catchA].sum_to_one	False
  catch_at[LL_catchA].years     	2000 2001 2002 2003 2004 2005 2006 2007 2008 2009 2010
  catch_limit_penalty[1].fishery	LL
  catch_limit_penalty[1].label  	LL_Penalty
  catch_limit_penalty[1].log_scale	True
  catch_limit_penalty[1].multiplier	1000
  estimate[1].lower_bound       	5000
  estimate[1].parameter         	initialization.B0
  estimate[1].prior             	uniform
  estimate[1].upper_bound       	5e+05
  estimator                     	Bayes
  fish_tagged_penalty[1].label  	Penalty_Tags2005_R1_LL
  fish_tagged_penalty[1].multiplier	1
  fish_tagged_penalty[1].tagging_episode	Tags2005_R1_LL
  fish_tagged_penalty[2].label  	Penalty_Tags2006_R1_LL
  fish_tagged_penalty[2].multiplier	1
  fish_tagged_penalty[2].tagging_episode	Tags2006_R1_LL
  fish_tagged_penalty[3].label  	Penalty_Tags2007_R1_LL
  fish_tagged_penalty[3].multiplier	1
  fish_tagged_penalty[3].tagging_episode	Tags2007_R1_LL
  fish_tagged_penalty[4].label  	Penalty_Tags2008_R1_LL
  fish_tagged_penalty[4].multiplier	1
  fish_tagged_penalty[4].tagging_episode	Tags2008_R1_LL
  fish_tagged_penalty[5].label  	Penalty_Tags2009_R1_LL
  fish_tagged_penalty[5].multiplier	1
  fish_tagged_penalty[5].tagging_episode	Tags2009_R1_LL
  grad_tol                      	0.001
  max_evals                     	10000
  max_iters                     	1600
  profile[1].l                  	40000
  profile[1].n                  	11
  profile[1].parameter          	initialization.B0
  profile[1].u                  	130000
  q_method                      	nuisance
  tag_recapture[Tags2005_R1_R1].area	R1
  tag_recapture[Tags2005_R1_R1].class_mins	100 150 200 250 300 350 400 450 500 550 600 650 700 750 800 850 900 950 1000 1050 1100 1150 1200 1250 1300 1350 1400 1450 1500 1550 1600 1650 1700 1750 1800 1850 1900 1950 2000 2050
  tag_recapture[Tags2005_R1_R1].detection_probability	1
  tag_recapture[Tags2005_R1_R1].dispersion	1
  tag_recapture[Tags2005_R1_R1].do_bootstrap	True
  tag_recapture[Tags2005_R1_R1].plus_group	False
  tag_recapture[Tags2005_R1_R1].proportion_mortality	0.5
  tag_recapture[Tags2005_R1_R1].r	1e-11
  tag_recapture[Tags2005_R1_R1].recaptured_2006	0 0 0 0 0 0 0 0 0 0 6 18 71 245 95 69 58 62 22 13 8 5 5 1 2 0 0 0 0 0 0 0 0 0 0 0 0 0 0
  tag_recapture[Tags2005_R1_R1].recaptured_2007	0 0 0 0 0 0 0 0 0 0 0 3 22 177 81 70 63 82 26 23 15 0 1 2 2 0 0 0 0 0 0 0 0 0 0 0 0 0 0
  tag_recapture[Tags2005_R1_R1].recaptured_2008	0 0 0 0 0 0 0 0 0 0 0 2 7 83 64 82 50 72 20 17 25 6 5 0 0 0 0 0 0 0 0 0 0 0 0 0 0 0 0
  tag_recapture[Tags2005_R1_R1].recaptured_2009	0 0 0 0 0 0 0 0 0 0 0 1 6 25 46 57 77 71 28 18 16 5 5 1 3 0 0 1 0 0 0 0 0 0 0 0 0 0 0
  tag_recapture[Tags2005_R1_R1].recaptured_2010	0 0 0 0 0 0 0 0 0 0 0 0 1 12 22 36 43 74 41 21 28 6 6 2 4 0 1 0 0 0 0 0 0 0 0 0 0 0 0
  tag_recapture[Tags2005_R1_R1].sample	size
  tag_recapture[Tags2005_R1_R1].scanned_2006	0 0 0 0 0 8 88 712 4118 16810 48426 98022 138546 247792 89730 71366 56072 76950 25356 19046 24590 7602 9446 2836 3492 1024 1200 2516 0 0 0 0 0 0 0 0 0 0 0
  tag_recapture[Tags2005_R1_R1].scanned_2007	0 0 0 0 0 8 88 714 4128 16852 48542 98252 138858 248306 89898 71492 56162 77078 25400 19068 24596 7592 9390 2782 3378 988 1160 2480 0 0 0 0 0 0 0 0 0 0 0
  tag_recapture[Tags2005_R1_R1].scanned_2008	0 0 0 0 0 8 88 716 4138 16888 48644 98448 139120 248714 90026 71584 56228 77154 25438 19094 24608 7588 9366 2756 3296 952 1120 2438 0 0 0 0 0 0 0 0 0 0 0
  tag_recapture[Tags2005_R1_R1].scanned_2009	0 0 0 0 0 8 88 718 4146 16922 48736 98624 139348 249050 90124 71652 56276 77208 25450 19114 24624 7586 9354 2744 3250 922 1080 2390 0 0 0 0 0 0 0 0 0 0 0
  tag_recapture[Tags2005_R1_R1].scanned_2010	0 0 0 0 0 8 88 720 4154 16954 48824 98788 139554 249340 90198 71702 56306 77240 25456 19116 24640 7586 9346 2738 3228 904 1042 2336 0 0 0 0 0 0 0 0 0 0 0
  tag_recapture[Tags2005_R1_R1].step	1
  tag_recapture[Tags2005_R1_R1].tag_name	Tags2005_R1
  tag_recapture[Tags2005_R1_R1].years	2006 2007 2008 2009 2010
  tag_recapture[Tags2006_R1_R1].area	R1
  tag_recapture[Tags2006_R1_R1].class_mins	100 150 200 250 300 350 400 450 500 550 600 650 700 750 800 850 900 950 1000 1050 1100 1150 1200 1250 1300 1350 1400 1450 1500 1550 1600 1650 1700 1750 1800 1850 1900 1950 2000 2050
  tag_recapture[Tags2006_R1_R1].detection_probability	1
  tag_recapture[Tags2006_R1_R1].dispersion	1
  tag_recapture[Tags2006_R1_R1].do_bootstrap	True
  tag_recapture[Tags2006_R1_R1].plus_group	False
  tag_recapture[Tags2006_R1_R1].proportion_mortality	0.5
  tag_recapture[Tags2006_R1_R1].r	1e-11
  tag_recapture[Tags2006_R1_R1].recaptured_2007	0 0 0 0 0 0 0 0 0 0 0 19 66 240 94 76 54 70 32 15 15 8 7 3 1 0 1 0 0 0 0 0 0 0 0 0 0 0 0
  tag_recapture[Tags2006_R1_R1].recaptured_2008	0 0 0 0 0 0 0 0 0 0 0 5 31 147 96 79 49 99 23 15 7 6 3 2 1 0 0 0 0 0 0 0 0 0 0 0 0 0 0
  tag_recapture[Tags2006_R1_R1].recaptured_2009	0 0 0 0 0 0 0 0 0 0 0 4 15 80 77 71 58 95 23 20 25 10 6 1 0 0 0 0 0 0 0 0 0 0 0 0 0 0 0
  tag_recapture[Tags2006_R1_R1].recaptured_2010	0 0 0 0 0 0 0 0 0 0 0 0 3 30 34 53 57 99 14 22 22 9 6 0 6 2 1 0 0 0 0 0 0 0 0 0 0 0 0
  tag_recapture[Tags2006_R1_R1].sample	size
  tag_recapture[Tags2006_R1_R1].scanned_2007	0 0 0 0 0 8 88 714 4128 16852 48542 98252 138858 248306 89898 71492 56162 77078 25400 19068 24596 7592 9390 2782 3378 988 1160 2480 0 0 0 0 0 0 0 0 0 0 0
  tag_recapture[Tags2006_R1_R1].scanned_2008	0 0 0 0 0 8 88 716 4138 16888 48644 98448 139120 248714 90026 71584 56228 77154 25438 19094 24608 7588 9366 2756 3296 952 1120 2438 0 0 0 0 0 0 0 0 0 0 0
  tag_recapture[Tags2006_R1_R1].scanned_2009	0 0 0 0 0 8 88 718 4146 16922 48736 98624 139348 249050 90124 71652 56276 77208 25450 19114 24624 7586 9354 2744 3250 922 1080 2390 0 0 0 0 0 0 0 0 0 0 0
  tag_recapture[Tags2006_R1_R1].scanned_2010	0 0 0 0 0 8 88 720 4154 16954 48824 98788 139554 249340 90198 71702 56306 77240 25456 19116 24640 7586 9346 2738 3228 904 1042 2336 0 0 0 0 0 0 0 0 0 0 0
  tag_recapture[Tags2006_R1_R1].step	1
  tag_recapture[Tags2006_R1_R1].tag_name	Tags2006_R1
  tag_recapture[Tags2006_R1_R1].years	2007 2008 2009 2010
  tag_recapture[Tags2007_R1_R1].area	R1
  tag_recapture[Tags2007_R1_R1].class_mins	100 150 200 250 300 350 400 450 500 550 600 650 700 750 800 850 900 950 1000 1050 1100 1150 1200 1250 1300 1350 1400 1450 1500 1550 1600 1650 1700 1750 1800 1850 1900 1950 2000 2050
  tag_recapture[Tags2007_R1_R1].detection_probability	1
  tag_recapture[Tags2007_R1_R1].dispersion	1
  tag_recapture[Tags2007_R1_R1].do_bootstrap	True
  tag_recapture[Tags2007_R1_R1].plus_group	False
  tag_recapture[Tags2007_R1_R1].proportion_mortality	0.5
  tag_recapture[Tags2007_R1_R1].r	1e-11
  tag_recapture[Tags2007_R1_R1].recaptured_2008	0 0 0 0 0 0 0 0 0 0 4 12 79 196 84 70 54 79 20 7 16 4 1 0 0 0 0 1 0 0 0 0 0 0 0 0 0 0 0
  tag_recapture[Tags2007_R1_R1].recaptured_2009	0 0 0 0 0 0 0 0 0 0 0 5 33 163 93 65 43 71 23 16 21 2 8 0 1 0 0 0 0 0 0 0 0 0 0 0 0 0 0
  tag_recapture[Tags2007_R1_R1].recaptured_2010	0 0 0 0 0 0 0 0 0 0 1 0 6 95 77 76 63 85 29 12 16 4 2 0 1 0 0 0 0 0 0 0 0 0 0 0 0 0 0
  tag_recapture[Tags2007_R1_R1].sample	size
  tag_recapture[Tags2007_R1_R1].scanned_2008	0 0 0 0 0 8 88 716 4138 16888 48644 98448 139120 248714 90026 71584 56228 77154 25438 19094 24608 7588 9366 2756 3296 952 1120 2438 0 0 0 0 0 0 0 0 0 0 0
  tag_recapture[Tags2007_R1_R1].scanned_2009	0 0 0 0 0 8 88 718 4146 16922 48736 98624 139348 249050 90124 71652 56276 77208 25450 19114 24624 7586 9354 2744 3250 922 1080 2390 0 0 0 0 0 0 0 0 0 0 0
  tag_recapture[Tags2007_R1_R1].scanned_2010	0 0 0 0 0 8 88 720 4154 16954 48824 98788 139554 249340 90198 71702 56306 77240 25456 19116 24640 7586 9346 2738 3228 904 1042 2336 0 0 0 0 0 0 0 0 0 0 0
  tag_recapture[Tags2007_R1_R1].step	1
  tag_recapture[Tags2007_R1_R1].tag_name	Tags2007_R1
  tag_recapture[Tags2007_R1_R1].years	2008 2009 2010
  tag_recapture[Tags2008_R1_R1].area	R1
  tag_recapture[Tags2008_R1_R1].class_mins	100 150 200 250 300 350 400 450 500 550 600 650 700 750 800 850 900 950 1000 1050 1100 1150 1200 1250 1300 1350 1400 1450 1500 1550 1600 1650 1700 1750 1800 1850 1900 1950 2000 2050
  tag_recapture[Tags2008_R1_R1].detection_probability	1
  tag_recapture[Tags2008_R1_R1].dispersion	1
  tag_recapture[Tags2008_R1_R1].do_bootstrap	True
  tag_recapture[Tags2008_R1_R1].plus_group	False
  tag_recapture[Tags2008_R1_R1].proportion_mortality	0.5
  tag_recapture[Tags2008_R1_R1].r	1e-11
  tag_recapture[Tags2008_R1_R1].recaptured_2009	0 0 0 0 0 0 0 0 0 0 2 19 60 255 85 82 60 83 17 18 15 4 4 1 2 0 0 0 0 0 0 0 0 0 0 0 0 0 0
  tag_recapture[Tags2008_R1_R1].recaptured_2010	0 0 0 0 0 0 0 0 0 0 2 5 27 159 99 71 61 73 17 25 19 3 1 1 0 0 0 0 0 0 0 0 0 0 0 0 0 0 0
  tag_recapture[Tags2008_R1_R1].sample	size
  tag_recapture[Tags2008_R1_R1].scanned_2009	0 0 0 0 0 8 88 718 4146 16922 48736 98624 139348 249050 90124 71652 56276 77208 25450 19114 24624 7586 9354 2744 3250 922 1080 2390 0 0 0 0 0 0 0 0 0 0 0
  tag_recapture[Tags2008_R1_R1].scanned_2010	0 0 0 0 0 8 88 720 4154 16954 48824 98788 139554 249340 90198 71702 56306 77240 25456 19116 24640 7586 9346 2738 3228 904 1042 2336 0 0 0 0 0 0 0 0 0 0 0
  tag_recapture[Tags2008_R1_R1].step	1
  tag_recapture[Tags2008_R1_R1].tag_name	Tags2008_R1
  tag_recapture[Tags2008_R1_R1].years	2009 2010
  tag_recapture[Tags2009_R1_R1].area	R1
  tag_recapture[Tags2009_R1_R1].class_mins	100 150 200 250 300 350 400 450 500 550 600 650 700 750 800 850 900 950 1000 1050 1100 1150 1200 1250 1300 1350 1400 1450 1500 1550 1600 1650 1700 1750 1800 1850 1900 1950 2000 2050
  tag_recapture[Tags2009_R1_R1].detection_probability	1
  tag_recapture[Tags2009_R1_R1].dispersion	1
  tag_recapture[Tags2009_R1_R1].do_bootstrap	True
  tag_recapture[Tags2009_R1_R1].plus_group	False
  tag_recapture[Tags2009_R1_R1].proportion_mortality	0.5
  tag_recapture[Tags2009_R1_R1].r	1e-11
  tag_recapture[Tags2009_R1_R1].recaptured_2010	0 0 0 0 0 0 0 0 0 0 2 24 97 246 101 76 53 74 16 15 25 2 5 0 0 0 1 0 0 0 0 0 0 0 0 0 0 0 0
  tag_recapture[Tags2009_R1_R1].sample	size
  tag_recapture[Tags2009_R1_R1].scanned_2010	0 0 0 0 0 8 88 720 4154 16954 48824 98788 139554 249340 90198 71702 56306 77240 25456 19116 24640 7586 9346 2738 3228 904 1042 2336 0 0 0 0 0 0 0 0 0 0 0
  tag_recapture[Tags2009_R1_R1].step	1
  tag_recapture[Tags2009_R1_R1].tag_name	Tags2009_R1
  tag_recapture[Tags2009_R1_R1].years	2010
  vector_average_penalty[1].k   	1
  vector_average_penalty[1].label	meanYCS_1
  vector_average_penalty[1].multiplier	100
  vector_average_penalty[1].vector	recruitment.YCS
Stored as DOUBLEs: 
Stored as VECTORs: 
Stored as OGIVEs: 

Population parameters:
Stored as strings: 
  annual_cycle.M_props          	1
  annual_cycle.aging_time       	1
  annual_cycle.baranov          	False
  annual_cycle.fishery_areas    	R1
  annual_cycle.fishery_names    	LL
  annual_cycle.fishery_times    	1
  annual_cycle.growth_props     	0
  annual_cycle.migrate_from     	R1
  annual_cycle.migrate_to       	R2
  annual_cycle.migration_names  	MoveRec_1_2
  annual_cycle.migration_times  	1
  annual_cycle.n_migrations     	0
  annual_cycle.recruitment_areas	R1
  annual_cycle.recruitment_time 	1
  annual_cycle.spawning_all_areas	1
  annual_cycle.spawning_p       	1
  annual_cycle.spawning_part_mort	0.5
  annual_cycle.spawning_time    	1
  annual_cycle.spawning_use_total_B	False
  annual_cycle.time_steps       	1
  area_names                    	R1
  current                       	2010
  final                         	2045
  first_random_year             	2007
  fishery[LL].U_max             	0.95
  fishery[LL].catches           	0 6000 6000 6000 6000 6000 6000 6000 6000 6000 6000 6000 6000 6000 6000 6000 6000 6000 6000 6000 6000
  fishery[LL].future_constant_catches	200
  fishery[LL].selectivity       	SelLL
  fishery[LL].years             	1990 1991 1992 1993 1994 1995 1996 1997 1998 1999 2000 2001 2002 2003 2004 2005 2006 2007 2008 2009 2010
  initial                       	1990
  initialization.B0             	380874
  mature_partition              	False
  maturity_props.all            	allvalues  0 0 0 0 0 0 0 0 0 0 0 0.1667 0.3333 0.5 0.6667 0.8333 1 1 1 1 1 1 1 1 1 1 1 1 1 1
  max_age                       	30
  min_age                       	1
  n_areas                       	1
  n_stocks                      	1
  n_tags                        	5
  natural_mortality.all         	0.155
  plus_group                    	True
  randomisation_method          	lognormal
  recruitment.SR                	BH
  recruitment.YCS               	1 1 1 1 1 1 1 1 1 1 1 1 1 1 1 1 1 1 1 1 1
  recruitment.YCS_years         	1989 1990 1991 1992 1993 1994 1995 1996 1997 1998 1999 2000 2001 2002 2003 2004 2005 2006 2007 2008 2009
  recruitment.first_free        	1989
  recruitment.last_free         	2006
  recruitment.p_male            	0.5
  recruitment.rho               	0
  recruitment.sigma_r           	0.6
  recruitment.steepness         	0.7
  recruitment.year_range        	1989 2006
  selectivity[SelLL].all        	double_normal 10 2 10
  selectivity_names             	SelLL
  sex_partition                 	False
  size_at_age.Linf              	2870.8
  size_at_age.by_length         	True
  size_at_age.cv                	0
  size_at_age.k                 	0.02056
  size_at_age.t0                	-4.2897
  size_at_age_dist              	normal
  size_at_age_type              	von_Bert
  size_based                    	False
  size_weight.a                 	2.59e-12
  size_weight.b                 	3.2064
  size_weight.verify_size_weight	500 0.5 1.5
  standardise_YCS               	True
  tag[Tags2005_R1_LL].area      	R1
  tag[Tags2005_R1_LL].class_mins	100 150 200 250 300 350 400 450 500 550 600 650 700 750 800 850 900 950 1000 1050 1100 1150 1200 1250 1300 1350 1400 1450 1500 1550 1600 1650 1700 1750 1800 1850 1900 1950 2000 2050
  tag[Tags2005_R1_LL].mature_only	False
  tag[Tags2005_R1_LL].mortality 	0.1
  tag[Tags2005_R1_LL].number    	25000
  tag[Tags2005_R1_LL].ogive     	SelLL
  tag[Tags2005_R1_LL].plus_group	False
  tag[Tags2005_R1_LL].props_all 	0 0 0 0 0 0 1e-04 8e-04 0.0044 0.0168 0.0514 0.1044 0.1475 0.2632 0.0934 0.0761 0.0575 0.081 0.0259 0.0202 0.0256 0.0086 0.0107 0.0028 0.0043 0.001 0.0014 0.0029 0 0 0 0 0 0 0 0 0 0 0
  tag[Tags2005_R1_LL].release_type	deterministic
  tag[Tags2005_R1_LL].sex       	both
  tag[Tags2005_R1_LL].step      	1
  tag[Tags2005_R1_LL].tag_name  	Tags2005_R1
  tag[Tags2005_R1_LL].year      	2005
  tag[Tags2006_R1_LL].area      	R1
  tag[Tags2006_R1_LL].class_mins	100 150 200 250 300 350 400 450 500 550 600 650 700 750 800 850 900 950 1000 1050 1100 1150 1200 1250 1300 1350 1400 1450 1500 1550 1600 1650 1700 1750 1800 1850 1900 1950 2000 2050
  tag[Tags2006_R1_LL].mature_only	False
  tag[Tags2006_R1_LL].mortality 	0.1
  tag[Tags2006_R1_LL].number    	25000
  tag[Tags2006_R1_LL].ogive     	SelLL
  tag[Tags2006_R1_LL].plus_group	False
  tag[Tags2006_R1_LL].props_all 	0 0 0 0 0 0 1e-04 8e-04 0.004 0.0178 0.0534 0.1035 0.1411 0.266 0.0926 0.073 0.061 0.0806 0.0269 0.0198 0.0271 0.0079 0.0115 0.003 0.0038 0.0012 0.0016 0.0032 0 0 0 0 0 0 0 0 0 0 0
  tag[Tags2006_R1_LL].release_type	deterministic
  tag[Tags2006_R1_LL].sex       	both
  tag[Tags2006_R1_LL].step      	1
  tag[Tags2006_R1_LL].tag_name  	Tags2006_R1
  tag[Tags2006_R1_LL].year      	2006
  tag[Tags2007_R1_LL].area      	R1
  tag[Tags2007_R1_LL].class_mins	100 150 200 250 300 350 400 450 500 550 600 650 700 750 800 850 900 950 1000 1050 1100 1150 1200 1250 1300 1350 1400 1450 1500 1550 1600 1650 1700 1750 1800 1850 1900 1950 2000 2050
  tag[Tags2007_R1_LL].mature_only	False
  tag[Tags2007_R1_LL].mortality 	0.1
  tag[Tags2007_R1_LL].number    	25000
  tag[Tags2007_R1_LL].ogive     	SelLL
  tag[Tags2007_R1_LL].plus_group	False
  tag[Tags2007_R1_LL].props_all 	0 0 0 0 0 0 0 8e-04 0.0045 0.0172 0.0494 0.1069 0.1415 0.2639 0.0934 0.0794 0.0585 0.0806 0.0274 0.0204 0.0279 0.0076 0.0087 0.0034 0.0038 0.0011 0.0012 0.0023 0 0 0 0 0 0 0 0 0 0 0
  tag[Tags2007_R1_LL].release_type	deterministic
  tag[Tags2007_R1_LL].sex       	both
  tag[Tags2007_R1_LL].step      	1
  tag[Tags2007_R1_LL].tag_name  	Tags2007_R1
  tag[Tags2007_R1_LL].year      	2007
  tag[Tags2008_R1_LL].area      	R1
  tag[Tags2008_R1_LL].class_mins	100 150 200 250 300 350 400 450 500 550 600 650 700 750 800 850 900 950 1000 1050 1100 1150 1200 1250 1300 1350 1400 1450 1500 1550 1600 1650 1700 1750 1800 1850 1900 1950 2000 2050
  tag[Tags2008_R1_LL].mature_only	False
  tag[Tags2008_R1_LL].mortality 	0.1
  tag[Tags2008_R1_LL].number    	25000
  tag[Tags2008_R1_LL].ogive     	SelLL
  tag[Tags2008_R1_LL].plus_group	False
  tag[Tags2008_R1_LL].props_all 	0 0 0 0 0 0 1e-04 7e-04 0.0043 0.0175 0.0494 0.1038 0.1462 0.2659 0.0955 0.0764 0.061 0.0799 0.0259 0.0199 0.0245 0.0079 0.0104 0.0029 0.003 0.0012 8e-04 0.0027 0 0 0 0 0 0 0 0 0 0 0
  tag[Tags2008_R1_LL].release_type	deterministic
  tag[Tags2008_R1_LL].sex       	both
  tag[Tags2008_R1_LL].step      	1
  tag[Tags2008_R1_LL].tag_name  	Tags2008_R1
  tag[Tags2008_R1_LL].year      	2008
  tag[Tags2009_R1_LL].area      	R1
  tag[Tags2009_R1_LL].class_mins	100 150 200 250 300 350 400 450 500 550 600 650 700 750 800 850 900 950 1000 1050 1100 1150 1200 1250 1300 1350 1400 1450 1500 1550 1600 1650 1700 1750 1800 1850 1900 1950 2000 2050
  tag[Tags2009_R1_LL].mature_only	False
  tag[Tags2009_R1_LL].mortality 	0.1
  tag[Tags2009_R1_LL].number    	25000
  tag[Tags2009_R1_LL].ogive     	SelLL
  tag[Tags2009_R1_LL].plus_group	False
  tag[Tags2009_R1_LL].props_all 	0 0 0 0 0 0 3e-04 0.0011 0.0043 0.0165 0.0484 0.1038 0.1432 0.2648 0.0948 0.0783 0.0596 0.0833 0.0266 0.0195 0.0258 0.0087 0.0108 0.0029 0.0033 8e-04 0.001 0.0023 0 0 0 0 0 0 0 0 0 0 0
  tag[Tags2009_R1_LL].release_type	deterministic
  tag[Tags2009_R1_LL].sex       	both
  tag[Tags2009_R1_LL].step      	1
  tag[Tags2009_R1_LL].tag_name  	Tags2009_R1
  tag[Tags2009_R1_LL].year      	2009
  tag_growth_loss[Tags2005_R1].nogrowth_period	0
  tag_growth_loss[Tags2006_R1].nogrowth_period	0
  tag_growth_loss[Tags2007_R1].nogrowth_period	0
  tag_growth_loss[Tags2008_R1].nogrowth_period	0
  tag_growth_loss[Tags2009_R1].nogrowth_period	0
  tag_loss_props                	1
  tag_names                     	Tags2005_R1 Tags2006_R1 Tags2007_R1 Tags2008_R1 Tags2009_R1
  tag_shedding_rate             	0.0084 0.0084 0.0084 0.0084 0.0084
  y_enter                       	1
Stored as DOUBLEs: 
Stored as VECTORs: 
Stored as OGIVEs: 

Output parameters:
Stored as strings: 
  n_projections                 	100
  numbers_at[Numbers_at_age_R1].area	R1
  numbers_at[Numbers_at_age_R1].proportion_mortality	0.5
  numbers_at[Numbers_at_age_R1].step	1
  numbers_at[Numbers_at_age_R1].years	1990 1991 1992 1993 1994 1995 1996 1997 1998 1999 2000 2001 2002 2003 2004 2005 2006 2007 2008 2009 2010
  print.covariance              	true
  print.estimation_section      	true
  print.final_state             	false
  print.fits                    	true
  print.fits_every_eval         	false
  print.initial_state           	false
  print.normalised_resids       	true
  print.objective_every_eval    	false
  print.parameter_vector_every_eval	false
  print.parameters              	true
  print.parameters_every_eval   	false
  print.pearson_resids          	true
  print.requests                	false
  print.resids                  	true
  print.results                 	false
  print.state_annually          	false
  print.state_every_step        	false
  print.unused_parameters       	true
  print.yields                  	true
  quantities.B0                 	true
  quantities.R0                 	true
  quantities.SSBs               	true
  quantities.YCS                	true
  quantities.actual_catches     	false
  quantities.all_free_parameters	true
  quantities.fishing_pressures  	true
  quantities.nuisance_qs        	true
  quantities.recruitments       	true
  quantities.true_YCS           	true
Stored as DOUBLEs: 
Stored as VECTORs: 
Stored as OGIVEs: 

A fish of size 500 cm has a weight of 1.16755 kg in your model. This size-weight scale check assumes that the growth curve is in centimetres, and that the catch is in tonnes.

A fish of size 500 cm has a weight of 1.16755 kg in your model. This size-weight scale check assumes that the growth curve is in centimetres, and that the catch is in tonnes.

Estimation section :

Objective function: Bayes

Minimiser convergence threshold: 0.001


Observations:

The observations are:
LL_catchA
Tags2005_R1_R1
Tags2006_R1_R1
Tags2007_R1_R1
Tags2008_R1_R1
Tags2009_R1_R1
Fits follow:

LL_catchA :
catch proportions-at-age for fishery LL  with ageing error (not constrained to sum to 1):
obs (last class is a plus group):
class 1       2       3       4       5       6       7       8       9       10      11      12      13      14      15      16      17      18      19      20      21      22      23      24      25      26      27      28      29      30      
2000 0       0       0       0       0.005   0.014   0.05    0.089   0.146   0.131   0.11    0.112   0.086   0.055   0.048   0.044   0.024   0.016   0.02    0.014   0.011   0.008   0.007   0.004   0.001   0.002   0       0.001   0       0.002   
2001 0       0       0       0.002   0.003   0.021   0.056   0.108   0.12    0.129   0.129   0.1     0.062   0.067   0.046   0.039   0.04    0.018   0.014   0.011   0.011   0.006   0.007   0.003   0       0.002   0.002   0.001   0       0.003   
2002 0       0       0       0.001   0.007   0.022   0.054   0.103   0.146   0.142   0.114   0.116   0.062   0.063   0.043   0.03    0.02    0.015   0.008   0.011   0.011   0.012   0.006   0.005   0.003   0.002   0       0.001   0       0.003   
2003 0       0       0       0.001   0.005   0.013   0.046   0.097   0.178   0.149   0.112   0.079   0.08    0.053   0.045   0.039   0.027   0.02    0.01    0.011   0.009   0.01    0.004   0.003   0.001   0.002   0.002   0       0.001   0.003   
2004 0       0       0       0.002   0.003   0.017   0.042   0.106   0.146   0.133   0.107   0.11    0.089   0.054   0.049   0.04    0.025   0.015   0.009   0.013   0.012   0.007   0.004   0.004   0.004   0.001   0.001   0.001   0.001   0.005   
2005 0       0       0       0.002   0.006   0.025   0.054   0.096   0.157   0.152   0.111   0.114   0.069   0.051   0.043   0.034   0.025   0.018   0.011   0.011   0.002   0.007   0.005   0.001   0.002   0.001   0       0.001   0       0.002   
2006 0       0       0       0       0.003   0.013   0.063   0.109   0.153   0.148   0.116   0.091   0.08    0.047   0.053   0.033   0.025   0.016   0.012   0.012   0.008   0.005   0.004   0.001   0.003   0       0.002   0.001   0.001   0.001   
2007 0       0       0       0.002   0.005   0.033   0.054   0.093   0.142   0.156   0.119   0.1     0.081   0.056   0.052   0.025   0.022   0.014   0.009   0.012   0.006   0.003   0.004   0.003   0.002   0.003   0       0.002   0       0.002   
2008 0       0       0       0       0.003   0.017   0.049   0.115   0.154   0.13    0.114   0.095   0.078   0.059   0.049   0.04    0.027   0.018   0.015   0.01    0.008   0.007   0.002   0.003   0.001   0.004   0.001   0       0       0.001   
2009 0       0       0       0.002   0.006   0.014   0.047   0.092   0.146   0.149   0.123   0.104   0.066   0.069   0.045   0.035   0.035   0.02    0.012   0.009   0.006   0.008   0.004   0.001   0.002   0.001   0.001   0       0.002   0.001   
2010 0       0       0       0.002   0.003   0.018   0.052   0.096   0.149   0.149   0.13    0.093   0.08    0.048   0.043   0.037   0.027   0.022   0.017   0.011   0.004   0.004   0.004   0.003   0.004   0.001   0       0       0       0.003   
objective function: multinomial likelihood, with delta = 1e-011, N =
100 100 100 100 100 100 100 100 100 100 100 100 100 100 100 100 100 100 100 100 100 100 100 100 100 100 100 100 100 100 
100 100 100 100 100 100 100 100 100 100 100 100 100 100 100 100 100 100 100 100 100 100 100 100 100 100 100 100 100 100 
100 100 100 100 100 100 100 100 100 100 100 100 100 100 100 100 100 100 100 100 100 100 100 100 100 100 100 100 100 100 
100 100 100 100 100 100 100 100 100 100 100 100 100 100 100 100 100 100 100 100 100 100 100 100 100 100 100 100 100 100 
100 100 100 100 100 100 100 100 100 100 100 100 100 100 100 100 100 100 100 100 100 100 100 100 100 100 100 100 100 100 
100 100 100 100 100 100 100 100 100 100 100 100 100 100 100 100 100 100 100 100 100 100 100 100 100 100 100 100 100 100 
100 100 100 100 100 100 100 100 100 100 100 100 100 100 100 100 100 100 100 100 100 100 100 100 100 100 100 100 100 100 
100 100 100 100 100 100 100 100 100 100 100 100 100 100 100 100 100 100 100 100 100 100 100 100 100 100 100 100 100 100 
100 100 100 100 100 100 100 100 100 100 100 100 100 100 100 100 100 100 100 100 100 100 100 100 100 100 100 100 100 100 
100 100 100 100 100 100 100 100 100 100 100 100 100 100 100 100 100 100 100 100 100 100 100 100 100 100 100 100 100 100 
100 100 100 100 100 100 100 100 100 100 100 100 100 100 100 100 100 100 100 100 100 100 100 100 100 100 100 100 100 100 

Tags2005_R1_R1 :
tag-recapture data for tag Tags2005_R1 in years 2006 2007 2008 2009 2010 , step 1, after proportion 0.5 of mortality, with sampling method size, detection probability 1.
Year 2006
class scanned recaptured
100 0 0
150 0 0
200 0 0
250 0 0
300 0 0
350 8 0
400 88 0
450 712 0
500 4118 0
550 16810 0
600 48426 6
650 98022 18
700 138546 71
750 247792 245
800 89730 95
850 71366 69
900 56072 58
950 76950 62
1000 25356 22
1050 19046 13
1100 24590 8
1150 7602 5
1200 9446 5
1250 2836 1
1300 3492 2
1350 1024 0
1400 1200 0
1450 2516 0
1500 0 0
1550 0 0
1600 0 0
1650 0 0
1700 0 0
1750 0 0
1800 0 0
1850 0 0
1900 0 0
1950 0 0
2000 0 0


Year 2007
class scanned recaptured
100 0 0
150 0 0
200 0 0
250 0 0
300 0 0
350 8 0
400 88 0
450 714 0
500 4128 0
550 16852 0
600 48542 0
650 98252 3
700 138858 22
750 248306 177
800 89898 81
850 71492 70
900 56162 63
950 77078 82
1000 25400 26
1050 19068 23
1100 24596 15
1150 7592 0
1200 9390 1
1250 2782 2
1300 3378 2
1350 988 0
1400 1160 0
1450 2480 0
1500 0 0
1550 0 0
1600 0 0
1650 0 0
1700 0 0
1750 0 0
1800 0 0
1850 0 0
1900 0 0
1950 0 0
2000 0 0


Year 2008
class scanned recaptured
100 0 0
150 0 0
200 0 0
250 0 0
300 0 0
350 8 0
400 88 0
450 716 0
500 4138 0
550 16888 0
600 48644 0
650 98448 2
700 139120 7
750 248714 83
800 90026 64
850 71584 82
900 56228 50
950 77154 72
1000 25438 20
1050 19094 17
1100 24608 25
1150 7588 6
1200 9366 5
1250 2756 0
1300 3296 0
1350 952 0
1400 1120 0
1450 2438 0
1500 0 0
1550 0 0
1600 0 0
1650 0 0
1700 0 0
1750 0 0
1800 0 0
1850 0 0
1900 0 0
1950 0 0
2000 0 0


Year 2009
class scanned recaptured
100 0 0
150 0 0
200 0 0
250 0 0
300 0 0
350 8 0
400 88 0
450 718 0
500 4146 0
550 16922 0
600 48736 0
650 98624 1
700 139348 6
750 249050 25
800 90124 46
850 71652 57
900 56276 77
950 77208 71
1000 25450 28
1050 19114 18
1100 24624 16
1150 7586 5
1200 9354 5
1250 2744 1
1300 3250 3
1350 922 0
1400 1080 0
1450 2390 1
1500 0 0
1550 0 0
1600 0 0
1650 0 0
1700 0 0
1750 0 0
1800 0 0
1850 0 0
1900 0 0
1950 0 0
2000 0 0


Year 2010
class scanned recaptured
100 0 0
150 0 0
200 0 0
250 0 0
300 0 0
350 8 0
400 88 0
450 720 0
500 4154 0
550 16954 0
600 48824 0
650 98788 0
700 139554 1
750 249340 12
800 90198 22
850 71702 36
900 56306 43
950 77240 74
1000 25456 41
1050 19116 21
1100 24640 28
1150 7586 6
1200 9346 6
1250 2738 2
1300 3228 4
1350 904 0
1400 1042 1
1450 2336 0
1500 0 0
1550 0 0
1600 0 0
1650 0 0
1700 0 0
1750 0 0
1800 0 0
1850 0 0
1900 0 0
1950 0 0
2000 0 0


Tags2006_R1_R1 :
tag-recapture data for tag Tags2006_R1 in years 2007 2008 2009 2010 , step 1, after proportion 0.5 of mortality, with sampling method size, detection probability 1.
Year 2007
class scanned recaptured
100 0 0
150 0 0
200 0 0
250 0 0
300 0 0
350 8 0
400 88 0
450 714 0
500 4128 0
550 16852 0
600 48542 0
650 98252 19
700 138858 66
750 248306 240
800 89898 94
850 71492 76
900 56162 54
950 77078 70
1000 25400 32
1050 19068 15
1100 24596 15
1150 7592 8
1200 9390 7
1250 2782 3
1300 3378 1
1350 988 0
1400 1160 1
1450 2480 0
1500 0 0
1550 0 0
1600 0 0
1650 0 0
1700 0 0
1750 0 0
1800 0 0
1850 0 0
1900 0 0
1950 0 0
2000 0 0


Year 2008
class scanned recaptured
100 0 0
150 0 0
200 0 0
250 0 0
300 0 0
350 8 0
400 88 0
450 716 0
500 4138 0
550 16888 0
600 48644 0
650 98448 5
700 139120 31
750 248714 147
800 90026 96
850 71584 79
900 56228 49
950 77154 99
1000 25438 23
1050 19094 15
1100 24608 7
1150 7588 6
1200 9366 3
1250 2756 2
1300 3296 1
1350 952 0
1400 1120 0
1450 2438 0
1500 0 0
1550 0 0
1600 0 0
1650 0 0
1700 0 0
1750 0 0
1800 0 0
1850 0 0
1900 0 0
1950 0 0
2000 0 0


Year 2009
class scanned recaptured
100 0 0
150 0 0
200 0 0
250 0 0
300 0 0
350 8 0
400 88 0
450 718 0
500 4146 0
550 16922 0
600 48736 0
650 98624 4
700 139348 15
750 249050 80
800 90124 77
850 71652 71
900 56276 58
950 77208 95
1000 25450 23
1050 19114 20
1100 24624 25
1150 7586 10
1200 9354 6
1250 2744 1
1300 3250 0
1350 922 0
1400 1080 0
1450 2390 0
1500 0 0
1550 0 0
1600 0 0
1650 0 0
1700 0 0
1750 0 0
1800 0 0
1850 0 0
1900 0 0
1950 0 0
2000 0 0


Year 2010
class scanned recaptured
100 0 0
150 0 0
200 0 0
250 0 0
300 0 0
350 8 0
400 88 0
450 720 0
500 4154 0
550 16954 0
600 48824 0
650 98788 0
700 139554 3
750 249340 30
800 90198 34
850 71702 53
900 56306 57
950 77240 99
1000 25456 14
1050 19116 22
1100 24640 22
1150 7586 9
1200 9346 6
1250 2738 0
1300 3228 6
1350 904 2
1400 1042 1
1450 2336 0
1500 0 0
1550 0 0
1600 0 0
1650 0 0
1700 0 0
1750 0 0
1800 0 0
1850 0 0
1900 0 0
1950 0 0
2000 0 0


Tags2007_R1_R1 :
tag-recapture data for tag Tags2007_R1 in years 2008 2009 2010 , step 1, after proportion 0.5 of mortality, with sampling method size, detection probability 1.
Year 2008
class scanned recaptured
100 0 0
150 0 0
200 0 0
250 0 0
300 0 0
350 8 0
400 88 0
450 716 0
500 4138 0
550 16888 0
600 48644 4
650 98448 12
700 139120 79
750 248714 196
800 90026 84
850 71584 70
900 56228 54
950 77154 79
1000 25438 20
1050 19094 7
1100 24608 16
1150 7588 4
1200 9366 1
1250 2756 0
1300 3296 0
1350 952 0
1400 1120 0
1450 2438 1
1500 0 0
1550 0 0
1600 0 0
1650 0 0
1700 0 0
1750 0 0
1800 0 0
1850 0 0
1900 0 0
1950 0 0
2000 0 0


Year 2009
class scanned recaptured
100 0 0
150 0 0
200 0 0
250 0 0
300 0 0
350 8 0
400 88 0
450 718 0
500 4146 0
550 16922 0
600 48736 0
650 98624 5
700 139348 33
750 249050 163
800 90124 93
850 71652 65
900 56276 43
950 77208 71
1000 25450 23
1050 19114 16
1100 24624 21
1150 7586 2
1200 9354 8
1250 2744 0
1300 3250 1
1350 922 0
1400 1080 0
1450 2390 0
1500 0 0
1550 0 0
1600 0 0
1650 0 0
1700 0 0
1750 0 0
1800 0 0
1850 0 0
1900 0 0
1950 0 0
2000 0 0


Year 2010
class scanned recaptured
100 0 0
150 0 0
200 0 0
250 0 0
300 0 0
350 8 0
400 88 0
450 720 0
500 4154 0
550 16954 0
600 48824 1
650 98788 0
700 139554 6
750 249340 95
800 90198 77
850 71702 76
900 56306 63
950 77240 85
1000 25456 29
1050 19116 12
1100 24640 16
1150 7586 4
1200 9346 2
1250 2738 0
1300 3228 1
1350 904 0
1400 1042 0
1450 2336 0
1500 0 0
1550 0 0
1600 0 0
1650 0 0
1700 0 0
1750 0 0
1800 0 0
1850 0 0
1900 0 0
1950 0 0
2000 0 0


Tags2008_R1_R1 :
tag-recapture data for tag Tags2008_R1 in years 2009 2010 , step 1, after proportion 0.5 of mortality, with sampling method size, detection probability 1.
Year 2009
class scanned recaptured
100 0 0
150 0 0
200 0 0
250 0 0
300 0 0
350 8 0
400 88 0
450 718 0
500 4146 0
550 16922 0
600 48736 2
650 98624 19
700 139348 60
750 249050 255
800 90124 85
850 71652 82
900 56276 60
950 77208 83
1000 25450 17
1050 19114 18
1100 24624 15
1150 7586 4
1200 9354 4
1250 2744 1
1300 3250 2
1350 922 0
1400 1080 0
1450 2390 0
1500 0 0
1550 0 0
1600 0 0
1650 0 0
1700 0 0
1750 0 0
1800 0 0
1850 0 0
1900 0 0
1950 0 0
2000 0 0


Year 2010
class scanned recaptured
100 0 0
150 0 0
200 0 0
250 0 0
300 0 0
350 8 0
400 88 0
450 720 0
500 4154 0
550 16954 0
600 48824 2
650 98788 5
700 139554 27
750 249340 159
800 90198 99
850 71702 71
900 56306 61
950 77240 73
1000 25456 17
1050 19116 25
1100 24640 19
1150 7586 3
1200 9346 1
1250 2738 1
1300 3228 0
1350 904 0
1400 1042 0
1450 2336 0
1500 0 0
1550 0 0
1600 0 0
1650 0 0
1700 0 0
1750 0 0
1800 0 0
1850 0 0
1900 0 0
1950 0 0
2000 0 0


Tags2009_R1_R1 :
tag-recapture data for tag Tags2009_R1 in years 2010 , step 1, after proportion 0.5 of mortality, with sampling method size, detection probability 1.
Year 2010
class scanned recaptured
100 0 0
150 0 0
200 0 0
250 0 0
300 0 0
350 8 0
400 88 0
450 720 0
500 4154 0
550 16954 0
600 48824 2
650 98788 24
700 139554 97
750 249340 246
800 90198 101
850 71702 76
900 56306 53
950 77240 74
1000 25456 16
1050 19116 15
1100 24640 25
1150 7586 2
1200 9346 5
1250 2738 0
1300 3228 0
1350 904 0
1400 1042 1
1450 2336 0
1500 0 0
1550 0 0
1600 0 0
1650 0 0
1700 0 0
1750 0 0
1800 0 0
1850 0 0
1900 0 0
1950 0 0
2000 0 0



Ageing_error:
  Misclassification matrix:
1 0 0 0 0 0 0 0 0 0 0 0 0 0 0 0 0 0 0 0 0 0 0 0 0 0 0 0 0 0 
0 1 0 0 0 0 0 0 0 0 0 0 0 0 0 0 0 0 0 0 0 0 0 0 0 0 0 0 0 0 
0 0 1 0 0 0 0 0 0 0 0 0 0 0 0 0 0 0 0 0 0 0 0 0 0 0 0 0 0 0 
0 0 0 1 0 0 0 0 0 0 0 0 0 0 0 0 0 0 0 0 0 0 0 0 0 0 0 0 0 0 
0 0 0 0 1 0 0 0 0 0 0 0 0 0 0 0 0 0 0 0 0 0 0 0 0 0 0 0 0 0 
0 0 0 0 0 1 0 0 0 0 0 0 0 0 0 0 0 0 0 0 0 0 0 0 0 0 0 0 0 0 
0 0 0 0 0 0 1 0 0 0 0 0 0 0 0 0 0 0 0 0 0 0 0 0 0 0 0 0 0 0 
0 0 0 0 0 0 0 1 0 0 0 0 0 0 0 0 0 0 0 0 0 0 0 0 0 0 0 0 0 0 
0 0 0 0 0 0 0 0 1 0 0 0 0 0 0 0 0 0 0 0 0 0 0 0 0 0 0 0 0 0 
0 0 0 0 0 0 0 0 0 1 0 0 0 0 0 0 0 0 0 0 0 0 0 0 0 0 0 0 0 0 
0 0 0 0 0 0 0 0 0 0 1 0 0 0 0 0 0 0 0 0 0 0 0 0 0 0 0 0 0 0 
0 0 0 0 0 0 0 0 0 0 0 1 0 0 0 0 0 0 0 0 0 0 0 0 0 0 0 0 0 0 
0 0 0 0 0 0 0 0 0 0 0 0 1 0 0 0 0 0 0 0 0 0 0 0 0 0 0 0 0 0 
0 0 0 0 0 0 0 0 0 0 0 0 0 1 0 0 0 0 0 0 0 0 0 0 0 0 0 0 0 0 
0 0 0 0 0 0 0 0 0 0 0 0 0 0 1 0 0 0 0 0 0 0 0 0 0 0 0 0 0 0 
0 0 0 0 0 0 0 0 0 0 0 0 0 0 0 1 0 0 0 0 0 0 0 0 0 0 0 0 0 0 
0 0 0 0 0 0 0 0 0 0 0 0 0 0 0 0 1 0 0 0 0 0 0 0 0 0 0 0 0 0 
0 0 0 0 0 0 0 0 0 0 0 0 0 0 0 0 0 1 0 0 0 0 0 0 0 0 0 0 0 0 
0 0 0 0 0 0 0 0 0 0 0 0 0 0 0 0 0 0 1 0 0 0 0 0 0 0 0 0 0 0 
0 0 0 0 0 0 0 0 0 0 0 0 0 0 0 0 0 0 0 1 0 0 0 0 0 0 0 0 0 0 
0 0 0 0 0 0 0 0 0 0 0 0 0 0 0 0 0 0 0 0 1 0 0 0 0 0 0 0 0 0 
0 0 0 0 0 0 0 0 0 0 0 0 0 0 0 0 0 0 0 0 0 1 0 0 0 0 0 0 0 0 
0 0 0 0 0 0 0 0 0 0 0 0 0 0 0 0 0 0 0 0 0 0 1 0 0 0 0 0 0 0 
0 0 0 0 0 0 0 0 0 0 0 0 0 0 0 0 0 0 0 0 0 0 0 1 0 0 0 0 0 0 
0 0 0 0 0 0 0 0 0 0 0 0 0 0 0 0 0 0 0 0 0 0 0 0 1 0 0 0 0 0 
0 0 0 0 0 0 0 0 0 0 0 0 0 0 0 0 0 0 0 0 0 0 0 0 0 1 0 0 0 0 
0 0 0 0 0 0 0 0 0 0 0 0 0 0 0 0 0 0 0 0 0 0 0 0 0 0 1 0 0 0 
0 0 0 0 0 0 0 0 0 0 0 0 0 0 0 0 0 0 0 0 0 0 0 0 0 0 0 1 0 0 
0 0 0 0 0 0 0 0 0 0 0 0 0 0 0 0 0 0 0 0 0 0 0 0 0 0 0 0 1 0 
0 0 0 0 0 0 0 0 0 0 0 0 0 0 0 0 0 0 0 0 0 0 0 0 0 0 0 0 0 1 

Free parameters:

initialization.B0
uniform: bounds from 5000 to 500000
current value: 380874
lower bound: 5000
upper bound: 500000


Q's:
qs are nuisance parameters

Penalties:
LL_Penalty :
Catch limit penalty of 1000 x the sum of squares of (log(actual catch) - log(specified catch)) for fishery LL to disencourage breaking exploitation rate limits
meanYCS_1 :
Vector average penalty of 100 x square of (mean(recruitment.YCS) - 1) 
Penalty_Tags2005_R1_LL :
'Fish-must-be-tagged' penalty of 1 x square of (actual number of tagged fish - nominal number of tagged fish) for tagging episode Tags2005_R1_LL
Penalty_Tags2006_R1_LL :
'Fish-must-be-tagged' penalty of 1 x square of (actual number of tagged fish - nominal number of tagged fish) for tagging episode Tags2006_R1_LL
Penalty_Tags2007_R1_LL :
'Fish-must-be-tagged' penalty of 1 x square of (actual number of tagged fish - nominal number of tagged fish) for tagging episode Tags2007_R1_LL
Penalty_Tags2008_R1_LL :
'Fish-must-be-tagged' penalty of 1 x square of (actual number of tagged fish - nominal number of tagged fish) for tagging episode Tags2008_R1_LL
Penalty_Tags2009_R1_LL :
'Fish-must-be-tagged' penalty of 1 x square of (actual number of tagged fish - nominal number of tagged fish) for tagging episode Tags2009_R1_LL

Components of the objective function are:
  LL_catchA
  Tags2005_R1_R1
  Tags2006_R1_R1
  Tags2007_R1_R1
  Tags2008_R1_R1
  Tags2009_R1_R1
  prior_on_initialization.B0
  LL_Penalty
  meanYCS_1
  Penalty_Tags2005_R1_LL
  Penalty_Tags2006_R1_LL
  Penalty_Tags2007_R1_LL
  Penalty_Tags2008_R1_LL
  Penalty_Tags2009_R1_LL

Random number seed : 17771


Minimiser achieved convergence after 8 quasi-Newton iterations using 12 objective function evaluations



Approximate Covariance matrix (Inverse Hessian of parameters at point estimate):
4.4944e+006 

Correlation matrix:
1 

List of parameter names, in the same order as the rows & cols of the covariance/correlation matrices:
initialization.B0 



Start extracting output from here

Point estimate:
initialization.B0
current value: 232413
lower bound: 5000
upper bound: 500000


In a format suitable for -i :

initialization.B0 
232413 

Objective function : 1723

Components :
LL_catchA                                          321.882
Tags2005_R1_R1                                     432.436
Tags2006_R1_R1                                     383.484
Tags2007_R1_R1                                     274.295
Tags2008_R1_R1                                     200.208
Tags2009_R1_R1                                     110.692
prior_on_initialization.B0                         0
LL_Penalty                                         0
meanYCS_1                                          0
Penalty_Tags2005_R1_LL                             0
Penalty_Tags2006_R1_LL                             1.32349e-023
Penalty_Tags2007_R1_LL                             0
Penalty_Tags2008_R1_LL                             1.32349e-023
Penalty_Tags2009_R1_LL                             1.32349e-023

Fits : 

The observations are:
LL_catchA
Tags2005_R1_R1
Tags2006_R1_R1
Tags2007_R1_R1
Tags2008_R1_R1
Tags2009_R1_R1
Fits follow:

LL_catchA :
catch proportions-at-age for fishery LL  with ageing error (not constrained to sum to 1):
obs (last class is a plus group):
class 1       2       3       4       5       6       7       8       9       10      11      12      13      14      15      16      17      18      19      20      21      22      23      24      25      26      27      28      29      30      
2000 0       0       0       0       0.005   0.014   0.05    0.089   0.146   0.131   0.11    0.112   0.086   0.055   0.048   0.044   0.024   0.016   0.02    0.014   0.011   0.008   0.007   0.004   0.001   0.002   0       0.001   0       0.002   
2001 0       0       0       0.002   0.003   0.021   0.056   0.108   0.12    0.129   0.129   0.1     0.062   0.067   0.046   0.039   0.04    0.018   0.014   0.011   0.011   0.006   0.007   0.003   0       0.002   0.002   0.001   0       0.003   
2002 0       0       0       0.001   0.007   0.022   0.054   0.103   0.146   0.142   0.114   0.116   0.062   0.063   0.043   0.03    0.02    0.015   0.008   0.011   0.011   0.012   0.006   0.005   0.003   0.002   0       0.001   0       0.003   
2003 0       0       0       0.001   0.005   0.013   0.046   0.097   0.178   0.149   0.112   0.079   0.08    0.053   0.045   0.039   0.027   0.02    0.01    0.011   0.009   0.01    0.004   0.003   0.001   0.002   0.002   0       0.001   0.003   
2004 0       0       0       0.002   0.003   0.017   0.042   0.106   0.146   0.133   0.107   0.11    0.089   0.054   0.049   0.04    0.025   0.015   0.009   0.013   0.012   0.007   0.004   0.004   0.004   0.001   0.001   0.001   0.001   0.005   
2005 0       0       0       0.002   0.006   0.025   0.054   0.096   0.157   0.152   0.111   0.114   0.069   0.051   0.043   0.034   0.025   0.018   0.011   0.011   0.002   0.007   0.005   0.001   0.002   0.001   0       0.001   0       0.002   
2006 0       0       0       0       0.003   0.013   0.063   0.109   0.153   0.148   0.116   0.091   0.08    0.047   0.053   0.033   0.025   0.016   0.012   0.012   0.008   0.005   0.004   0.001   0.003   0       0.002   0.001   0.001   0.001   
2007 0       0       0       0.002   0.005   0.033   0.054   0.093   0.142   0.156   0.119   0.1     0.081   0.056   0.052   0.025   0.022   0.014   0.009   0.012   0.006   0.003   0.004   0.003   0.002   0.003   0       0.002   0       0.002   
2008 0       0       0       0       0.003   0.017   0.049   0.115   0.154   0.13    0.114   0.095   0.078   0.059   0.049   0.04    0.027   0.018   0.015   0.01    0.008   0.007   0.002   0.003   0.001   0.004   0.001   0       0       0.001   
2009 0       0       0       0.002   0.006   0.014   0.047   0.092   0.146   0.149   0.123   0.104   0.066   0.069   0.045   0.035   0.035   0.02    0.012   0.009   0.006   0.008   0.004   0.001   0.002   0.001   0.001   0       0.002   0.001   
2010 0       0       0       0.002   0.003   0.018   0.052   0.096   0.149   0.149   0.13    0.093   0.08    0.048   0.043   0.037   0.027   0.022   0.017   0.011   0.004   0.004   0.004   0.003   0.004   0.001   0       0       0       0.003   
fits (last class is a plus group):
class 1       2       3       4       5       6       7       8       9       10      11      12      13      14      15      16      17      18      19      20      21      22      23      24      25      26      27      28      29      30      
2000 4.79141e-007 7.82815e-006 9.04332e-005 0.000738661 0.00426546 0.0174068 0.0501281 0.101499 0.143733 0.141976 0.116378 0.0941619 0.075245 0.0594194 0.0464039 0.0358945 0.0275923 0.0211743 0.0162469 0.0123895 0.00933799 0.00695206 0.00510944 0.00370492 0.0026491 0.00186692 0.00129625 0.000886458 0.000596954 0.00284754 
2001 4.80196e-007 7.84523e-006 9.0633e-005 0.00074035 0.00427574 0.0174516 0.0502655 0.101789 0.144142 0.142458 0.116788 0.0944387 0.0754185 0.0595139 0.0464299 0.0358354 0.0274032 0.0208287 0.0158065 0.011994 0.00904472 0.00674055 0.0049612 0.00360405 0.00258253 0.00182437 0.00126994 0.000870751 0.000587919 0.00283547 
2002 4.81045e-007 7.8587e-006 9.07868e-005 0.000741626 0.00428343 0.0174851 0.0503691 0.102011 0.144458 0.142749 0.117083 0.0946898 0.0755758 0.0596011 0.0464655 0.0358269 0.0273369 0.0206705 0.0155373 0.0116608 0.00875014 0.00652465 0.00480727 0.00349739 0.00251077 0.00177753 0.00124032 0.000852623 0.0005772 0.00281776 
2003 4.81765e-007 7.86989e-006 9.09114e-005 0.00074263 0.00428934 0.0175105 0.0504474 0.102179 0.144699 0.142973 0.117243 0.0948652 0.0757263 0.0596864 0.0465039 0.0358321 0.0273139 0.0206086 0.0154108 0.0114561 0.00850275 0.00630909 0.00465114 0.00338738 0.00243542 0.00172742 0.00120799 0.000832413 0.00056497 0.00279453 
2004 4.82413e-007 7.87979e-006 9.10192e-005 0.000743472 0.00429412 0.0175304 0.0505078 0.102308 0.144883 0.143143 0.117365 0.0949447 0.075827 0.0597746 0.0465472 0.0358444 0.0273053 0.0205821 0.0153581 0.0113582 0.00835032 0.0061285 0.00449593 0.0032763 0.00235808 0.00167508 0.00117361 0.000810495 0.000551431 0.00276589 
2005 4.8303e-007 7.88913e-006 9.11192e-005 0.000744235 0.0042983 0.0175471 0.0505564 0.102408 0.145023 0.14327 0.117455 0.0950033 0.0758592 0.0598299 0.0465977 0.0358642 0.0273048 0.0205685 0.0153334 0.011316 0.00827659 0.00601701 0.00436614 0.00316621 0.00228024 0.00162154 0.00113782 0.000787271 0.000536811 0.002732 
2006 4.83683e-007 7.89903e-006 9.1225e-005 0.000745034 0.00430261 0.0175637 0.0506024 0.102499 0.145141 0.143367 0.117515 0.095027 0.0758784 0.059837 0.0466272 0.0358909 0.0273087 0.0205627 0.01532 0.0112956 0.00824357 0.00596297 0.00428614 0.00307425 0.00220341 0.00156788 0.00110133 0.000763217 0.000521401 0.00269326 
2007 4.84344e-007 7.90905e-006 9.13318e-005 0.000745836 0.00430687 0.0175797 0.0506454 0.102579 0.145241 0.143446 0.117559 0.0950459 0.0758736 0.0598346 0.0466197 0.0359037 0.0273219 0.0205604 0.0153122 0.0112834 0.00822709 0.0059381 0.00424695 0.00301744 0.0021391 0.00151486 0.00106476 0.000738652 0.000505415 0.0026497 
2008 4.85024e-007 7.91932e-006 9.14414e-005 0.000746659 0.00431121 0.0175959 0.0506877 0.102655 0.145331 0.14351 0.117591 0.0950561 0.075868 0.0598141 0.0466058 0.0358895 0.0273254 0.0205659 0.0153073 0.0112755 0.00821675 0.0059253 0.00422861 0.00298953 0.00209931 0.00147047 0.00102864 0.000714058 0.000489103 0.00260171 
2009 4.85725e-007 7.92994e-006 9.15545e-005 0.000747509 0.00431569 0.0176125 0.0507306 0.10273 0.145416 0.143568 0.117614 0.0950581 0.0758569 0.059795 0.0465783 0.0358704 0.0273088 0.0205645 0.0153084 0.0112698 0.00820984 0.00591699 0.00421893 0.00297619 0.00207967 0.00144297 0.000998411 0.000689775 0.000472779 0.00254971 
2010 4.86446e-007 7.9409e-006 9.16714e-005 0.000748385 0.00432033 0.0176296 0.0507746 0.102807 0.145501 0.143621 0.117633 0.0950535 0.0758403 0.059772 0.0465526 0.035841 0.0272883 0.020548 0.0153046 0.0112688 0.0082043 0.00591115 0.00421245 0.00296901 0.00207015 0.00142933 0.000979642 0.000669443 0.000456664 0.00249428 
resids (last class is a plus group):
class 1       2       3       4       5       6       7       8       9       10      11      12      13      14      15      16      17      18      19      20      21      22      23      24      25      26      27      28      29      30      
2000 -4.79141e-007 -7.82815e-006 -9.04332e-005 -0.000738661 0.000734541 -0.00340684 -0.000128127 -0.0124989 0.00226666 -0.0109764 -0.0063783 0.0178381 0.010755 -0.00441942 0.00159614 0.00810549 -0.00359225 -0.00517429 0.00375312 0.0016105 0.00166201 0.00104794 0.00189056 0.000295077 -0.0016491 0.000133084 -0.00129625 0.000113542 -0.000596954 -0.00084754 
2001 -4.80196e-007 -7.84523e-006 -9.0633e-005 0.00125965 -0.00127574 0.00354843 0.00573451 0.0062107 -0.0241423 -0.013458 0.012212 0.00556129 -0.0134185 0.00748615 -0.000429899 0.00316457 0.0125968 -0.00282872 -0.00180654 -0.000994002 0.00195528 -0.000740548 0.0020388 -0.000604052 -0.00258253 0.000175634 0.000730059 0.000129249 -0.000587919 0.000164532 
2002 -4.81045e-007 -7.8587e-006 -9.07868e-005 0.000258374 0.00271657 0.00451493 0.00363088 0.000989058 0.001542 -0.000749158 -0.00308319 0.0213102 -0.0135758 0.00339887 -0.00346554 -0.00582687 -0.00733686 -0.00567049 -0.00753734 -0.00066081 0.00224986 0.00547535 0.00119273 0.00150261 0.000489233 0.000222474 -0.00124032 0.000147377 -0.0005772 0.000182243 
2003 -4.81765e-007 -7.86989e-006 -9.09114e-005 0.00025737 0.000710659 -0.00451045 -0.00444744 -0.00517918 0.0333008 0.00602712 -0.00524323 -0.0158652 0.00427372 -0.00668637 -0.00150392 0.0031679 -0.000313934 -0.000608557 -0.00541076 -0.000456137 0.000497252 0.00369091 -0.000651139 -0.000387379 -0.00143542 0.000272581 0.000792007 -0.000832413 0.00043503 0.000205474 
2004 -4.82413e-007 -7.87979e-006 -9.10192e-005 0.00125653 -0.00129412 -0.000530372 -0.00850779 0.00369231 0.00111735 -0.0101426 -0.0103647 0.0150553 0.013173 -0.00577456 0.00245279 0.00415559 -0.00230526 -0.00558214 -0.00635809 0.00164175 0.00364968 0.0008715 -0.000495934 0.000723704 0.00164192 -0.000675085 -0.000173606 0.000189505 0.000448569 0.00223411 
2005 -4.8303e-007 -7.88913e-006 -9.11192e-005 0.00125577 0.0017017 0.00745295 0.00344362 -0.00640828 0.0119769 0.00873008 -0.00645459 0.0189967 -0.00685916 -0.00882986 -0.00359771 -0.00186423 -0.00230477 -0.00256854 -0.00433342 -0.000315965 -0.00627659 0.000982986 0.000633862 -0.00216621 -0.000280241 -0.000621545 -0.00113782 0.000212729 -0.000536811 -0.000732004 
2006 -4.83683e-007 -7.89903e-006 -9.1225e-005 -0.000745034 -0.00130261 -0.00456365 0.0123976 0.00650142 0.00785865 0.00463279 -0.00151457 -0.00402702 0.0041216 -0.012837 0.00637279 -0.00289092 -0.00230871 -0.00456267 -0.00332001 0.000704389 -0.00024357 -0.000962971 -0.000286138 -0.00207425 0.000796591 -0.00156788 0.000898673 0.000236783 0.000478599 -0.00169326 
2007 -4.84344e-007 -7.90905e-006 -9.13318e-005 0.00125416 0.000693133 0.0154203 0.00335458 -0.00957877 -0.00324143 0.0125542 0.00144105 0.00495408 0.00512638 -0.00383462 0.00538028 -0.0109037 -0.00532194 -0.00656042 -0.00631218 0.000716618 -0.00222709 -0.0029381 -0.000246952 -1.74382e-005 -0.000139099 0.00148514 -0.00106476 0.00126135 -0.000505415 -0.000649699 
2008 -4.85024e-007 -7.91932e-006 -9.14414e-005 -0.000746659 -0.00131121 -0.000595884 -0.00168767 0.0123453 0.00866883 -0.0135104 -0.00359142 -5.60815e-005 0.002132 -0.000814137 0.00239423 0.00411052 -0.000325423 -0.00256586 -0.000307276 -0.00127551 -0.000216751 0.0010747 -0.00222861 1.0472e-005 -0.00109931 0.00252953 -2.86407e-005 -0.000714058 -0.000489103 -0.00160171 
2009 -4.85725e-007 -7.92994e-006 -9.15545e-005 0.00125249 0.00168431 -0.00361249 -0.00373055 -0.01073 0.000583735 0.00543231 0.00538576 0.00894189 -0.0098569 0.00920499 -0.00157834 -0.000870361 0.00769115 -0.000564463 -0.00330843 -0.00226985 -0.00220984 0.00208301 -0.000218934 -0.00197619 -7.96697e-005 -0.000442974 1.5894e-006 -0.000689775 0.00152722 -0.00154971 
2010 -4.86446e-007 -7.9409e-006 -9.16714e-005 0.00125161 -0.00132033 0.000370362 0.00122537 -0.00680664 0.00349913 0.00537897 0.0123671 -0.00205349 0.00415966 -0.011772 -0.00355256 0.00115896 -0.000288299 0.00145204 0.00169538 -0.000268763 -0.0042043 -0.00191115 -0.000212452 3.09894e-005 0.00192985 -0.00042933 -0.000979642 -0.000669443 -0.000456664 0.000505717 
pearson_resids (last class is a plus group):
class 1       2       3       4       5       6       7       8       9       10      11      12      13      14      15      16      17      18      19      20      21      22      23      24      25      26      27      28      29      30      
2000 -0.006922 -0.0279789 -0.0951007 -0.271884 0.11271 -0.260498 -0.00587174 -0.413887 0.0646106 -0.314486 -0.1989 0.61078 0.407718 -0.18694 0.0758771 0.435716 -0.219305 -0.359413 0.296869 0.145593 0.1728  0.126123 0.265165 0.0485682 -0.320829 0.0308298 -0.360268 0.0381521 -0.244399 -0.159054 
2001 -0.00692962 -0.0280095 -0.0952057 0.463119 -0.195518 0.270983 0.262458 0.2054  -0.687358 -0.385042 0.380239 0.19017 -0.50815 0.316427 -0.0204311 0.170248 0.771603 -0.198075 -0.14484 -0.0913114 0.206531 -0.0905054 0.290177 -0.100801 -0.508844 0.0411576 0.204994 0.0438196 -0.242542 0.0309425 
2002 -0.00693574 -0.0280335 -0.0952864 0.0949111 0.415964 0.344467 0.166017 0.0326786 0.0438624 -0.0214157 -0.0958944 0.727843 -0.513617 0.143566 -0.164641 -0.313512 -0.44994 -0.398548 -0.609439 -0.0615544 0.241578 0.680072 0.17244 0.254527 0.0977593 0.0528151 -0.3524 0.0504934 -0.240319 0.0343804 
2003 -0.00694093 -0.0280534 -0.0953518 0.0944787 0.108743 -0.34388 -0.203203 -0.170996 0.94659 0.172181 -0.16298 -0.541422 0.161541 -0.282239 -0.0714199 0.170435 -0.0192601 -0.042835 -0.439257 -0.0428626 0.0541566 0.466149 -0.0956988 -0.0666717 -0.291221 0.0656405 0.228013 -0.288636 0.183075 0.0389233 
2004 -0.0069456 -0.0280711 -0.0954083 0.461001 -0.197912 -0.0404134 -0.388501 0.121837 0.0317444 -0.289607 -0.322031 0.513589 0.497619 -0.243582 0.11643 0.223537 -0.141452 -0.393162 -0.517034 0.154929 0.401073 0.111667 -0.0741297 0.126643 0.33852 -0.165084 -0.050706 0.0665919 0.191075 0.42539 
2005 -0.00695004 -0.0280877 -0.0954607 0.460485 0.260117 0.567636 0.157178 -0.211366 0.340131 0.249183 -0.200477 0.647866 -0.259059 -0.372299 -0.170689 -0.100253 -0.141423 -0.180966 -0.352669 -0.029872 -0.692792 0.127106 0.0961382 -0.385585 -0.0587539 -0.154476 -0.337508 0.0758466 -0.231754 -0.140238 
2006 -0.00695473 -0.0281053 -0.0955161 -0.273055 -0.199014 -0.347419 0.565622 0.214354 0.223103 0.132197 -0.0470315 -0.137323 0.155648 -0.541223 0.302259 -0.15541 -0.141655 -0.321508 -0.27031 0.0666537 -0.0269379 -0.125078 -0.0438001 -0.37468 0.16989 -0.396276 0.270946 0.0857419 0.209652 -0.326715 
2007 -0.00695949 -0.0281231 -0.095572 0.459404 0.105846 1.17338 0.152987 -0.315706 -0.0919961 0.358154 0.0447412 0.168921 0.193597 -0.161675 0.255204 -0.586062 -0.32646 -0.462303 -0.514057 0.0678473 -0.246552 -0.382416 -0.037975 -0.00317935 -0.0301074 0.381866 -0.32648 0.464275 -0.224871 -0.126383 
2008 -0.00696437 -0.0281414 -0.0956294 -0.273353 -0.200129 -0.0453222 -0.0769365 0.406753 0.24597 -0.385358 -0.111492 -0.00191214 0.0805175 -0.0343312 0.113582 0.220978 -0.019961 -0.180789 -0.0250282 -0.120803 -0.0240106 0.14003 -0.343444 0.00191812 -0.240181 0.660132 -0.0089346 -0.267314 -0.221211 -0.314427 
2009 -0.0069694 -0.0281603 -0.0956885 0.458278 0.256942 -0.274634 -0.169998 -0.353419 0.0165589 0.154921 0.167181 0.304877 -0.372283 0.388222 -0.0748971 -0.0468019 0.471902 -0.039773 -0.269468 -0.21503 -0.244897 0.271599 -0.0337776 -0.362782 -0.0174883 -0.116698 0.000503263 -0.262726 0.702547 -0.307298 
2010 -0.00697457 -0.0281797 -0.0957496 0.457689 -0.201309 0.0281428 0.0558161 -0.224119 0.0992366 0.153376 0.383866 -0.070016 0.157121 -0.496576 -0.168625 0.0623455 -0.0176955 0.102353 0.138103 -0.025462 -0.466081 -0.249313 -0.0328027 0.00569578 0.424594 -0.113641 -0.313146 -0.258823 -0.213746 0.101386 
objective function: multinomial likelihood, with delta = 1e-011, N =
100 100 100 100 100 100 100 100 100 100 100 100 100 100 100 100 100 100 100 100 100 100 100 100 100 100 100 100 100 100 
100 100 100 100 100 100 100 100 100 100 100 100 100 100 100 100 100 100 100 100 100 100 100 100 100 100 100 100 100 100 
100 100 100 100 100 100 100 100 100 100 100 100 100 100 100 100 100 100 100 100 100 100 100 100 100 100 100 100 100 100 
100 100 100 100 100 100 100 100 100 100 100 100 100 100 100 100 100 100 100 100 100 100 100 100 100 100 100 100 100 100 
100 100 100 100 100 100 100 100 100 100 100 100 100 100 100 100 100 100 100 100 100 100 100 100 100 100 100 100 100 100 
100 100 100 100 100 100 100 100 100 100 100 100 100 100 100 100 100 100 100 100 100 100 100 100 100 100 100 100 100 100 
100 100 100 100 100 100 100 100 100 100 100 100 100 100 100 100 100 100 100 100 100 100 100 100 100 100 100 100 100 100 
100 100 100 100 100 100 100 100 100 100 100 100 100 100 100 100 100 100 100 100 100 100 100 100 100 100 100 100 100 100 
100 100 100 100 100 100 100 100 100 100 100 100 100 100 100 100 100 100 100 100 100 100 100 100 100 100 100 100 100 100 
100 100 100 100 100 100 100 100 100 100 100 100 100 100 100 100 100 100 100 100 100 100 100 100 100 100 100 100 100 100 
100 100 100 100 100 100 100 100 100 100 100 100 100 100 100 100 100 100 100 100 100 100 100 100 100 100 100 100 100 100 

Tags2005_R1_R1 :
tag-recapture data for tag Tags2005_R1 in years 2006 2007 2008 2009 2010 , step 1, after proportion 0.5 of mortality, with sampling method size, detection probability 1.
Year 2006
class scanned recaptured expected_prop neg_log_likelihood
100 0 0 0 0
150 0 0 0 0
200 0 0 0 0
250 0 0 0 0
300 0 0 0 0
350 8 0 0 0
400 88 0 0 0
450 712 0 2.424e-007 0.000172588
500 4118 0 2.25974e-006 0.00930561
550 16810 0 1.45102e-005 0.243918
600 48426 6 6.50558e-005 2.84451
650 98022 18 0.000236406 2.99472
700 138546 71 0.00057811 3.5886
750 247792 245 0.000989645 3.66952
800 89730 95 0.00213874 33.3591
850 71366 69 0.000730825 5.50553
900 56072 58 0.000480898 16.3462
950 76950 62 0.00099102 4.4097
1000 25356 22 0.00167658 8.49543
1050 19046 13 0.000504738 2.74453
1100 24590 8 0.000303658 1.9875
1150 7602 5 0.000688306 1.74522
1200 9446 5 0.00020811 3.374
1250 2836 1 0.000435881 1.02398
1300 3492 2 0.000100752 3.13431
1350 1024 0 0.000252465 0.258556
1400 1200 0 5.1025e-005 0.0612316
1450 2516 0 7.92091e-005 0.199298
1500 0 0 0 0
1550 0 0 0 0
1600 0 0 0 0
1650 0 0 0 0
1700 0 0 0 0
1750 0 0 0 0
1800 0 0 0 0
1850 0 0 0 0
1900 0 0 0 0
1950 0 0 0 0
2000 0 0 0 0

total neg_log_likelihood: 95.9953


Year 2007
class scanned recaptured expected_prop neg_log_likelihood
100 0 0 0 0
150 0 0 0 0
200 0 0 0 0
250 0 0 0 0
300 0 0 0 0
350 8 0 0 0
400 88 0 0 0
450 714 0 0 0
500 4128 0 2.40373e-007 0.00099226
550 16852 0 2.24087e-006 0.0377632
600 48542 0 1.43894e-005 0.698496
650 98252 3 6.45167e-005 2.59058
700 138858 22 0.000234454 4.4023
750 248306 177 0.000573383 7.41499
800 89898 81 0.000981572 3.42264
850 71492 70 0.00157255 12.3159
900 56162 63 0.000500616 18.9468
950 77078 82 0.000476954 23.6821
1000 25400 26 0.000982885 2.57185
1050 19068 23 0.00119442 2.49081
1100 24596 15 0.000338791 4.42959
1150 7592 0 0.000647757 4.91937
1200 9390 1 0.000242042 1.45181
1250 2782 2 0.000437632 1.5168
1300 3378 2 0.000122155 2.87622
1350 988 0 0.000247632 0.24469
1400 1160 0 6.4491e-005 0.074812
1450 2480 0 7.49521e-005 0.185888
1500 0 0 0 0
1550 0 0 0 0
1600 0 0 0 0
1650 0 0 0 0
1700 0 0 0 0
1750 0 0 0 0
1800 0 0 0 0
1850 0 0 0 0
1900 0 0 0 0
1950 0 0 0 0
2000 0 0 0 0

total neg_log_likelihood: 94.2744


Year 2008
class scanned recaptured expected_prop neg_log_likelihood
100 0 0 0 0
150 0 0 0 0
200 0 0 0 0
250 0 0 0 0
300 0 0 0 0
350 8 0 0 0
400 88 0 0 0
450 716 0 0 0
500 4138 0 0 0
550 16888 0 2.38367e-007 0.00402553
600 48644 0 2.22222e-006 0.108098
650 98448 2 1.42702e-005 1.41812
700 139120 7 6.39842e-005 2.12311
750 248714 83 0.000232538 7.94874
800 90026 64 0.000568709 4.48178
850 71584 82 0.00148543 6.15162
900 56228 50 0.000902942 2.88206
950 77154 72 0.00049651 14.8061
1000 25438 20 0.00047304 4.61628
1050 19094 17 0.00128219 3.6232
1100 24608 25 0.00063103 4.96656
1150 7588 6 0.000318862 3.6978
1200 9366 5 0.00104796 3.18399
1250 2756 0 0.000223683 0.61654
1300 3296 0 0.000698338 2.30252
1350 952 0 0.000110779 0.105467
1400 1120 0 0.000411147 0.46058
1450 2438 0 7.30086e-005 0.178001
1500 0 0 0 0
1550 0 0 0 0
1600 0 0 0 0
1650 0 0 0 0
1700 0 0 0 0
1750 0 0 0 0
1800 0 0 0 0
1850 0 0 0 0
1900 0 0 0 0
1950 0 0 0 0
2000 0 0 0 0

total neg_log_likelihood: 63.6746


Year 2009
class scanned recaptured expected_prop neg_log_likelihood
100 0 0 0 0
150 0 0 0 0
200 0 0 0 0
250 0 0 0 0
300 0 0 0 0
350 8 0 0 0
400 88 0 0 0
450 718 0 0 0
500 4146 0 0 0
550 16922 0 0 0
600 48736 0 2.36382e-007 0.0115203
650 98624 1 2.2038e-006 1.7436
700 139348 6 1.41524e-005 4.47679
750 249050 25 6.34614e-005 4.80053
800 90124 46 0.000230643 14.1644
850 71652 57 0.000745854 3.05752
900 56276 77 0.00208617 11.029
950 77208 71 0.000895551 3.07571
1000 25450 28 0.000492438 9.63322
1050 19114 18 0.000696052 3.11427
1100 24624 16 0.00163523 11.8213
1150 7586 5 0.000491681 1.93526
1200 9354 5 0.000296156 2.46305
1250 2744 1 0.000669939 1.22941
1300 3250 3 0.000202955 3.70009
1350 922 0 0.000424423 0.391401
1400 1080 0 9.82503e-005 0.106116
1450 2390 1 0.00011444 1.56983
1500 0 0 0 0
1550 0 0 0 0
1600 0 0 0 0
1650 0 0 0 0
1700 0 0 0 0
1750 0 0 0 0
1800 0 0 0 0
1850 0 0 0 0
1900 0 0 0 0
1950 0 0 0 0
2000 0 0 0 0

total neg_log_likelihood: 78.323


Year 2010
class scanned recaptured expected_prop neg_log_likelihood
100 0 0 0 0
150 0 0 0 0
200 0 0 0 0
250 0 0 0 0
300 0 0 0 0
350 8 0 0 0
400 88 0 0 0
450 720 0 0 0
500 4154 0 0 0
550 16954 0 0 0
600 48824 0 0 0
650 98788 0 2.34416e-007 0.0231575
700 139554 1 2.18549e-006 1.49245
750 249340 12 1.4035e-005 8.45541
800 90198 22 6.29411e-005 15.9478
850 71702 36 0.000378486 4.02427
900 56306 43 0.000957413 3.98878
950 77240 74 0.00206893 31.952
1000 25456 41 0.000888186 8.79626
1050 19116 21 0.0004778 8.06568
1100 24640 28 0.000958608 2.97092
1150 7586 6 0.0011629 2.33781
1200 9346 6 0.000330413 2.9022
1250 2738 2 0.000632964 1.32608
1300 3228 4 0.000236039 5.02858
1350 904 0 0.000427325 0.386384
1400 1042 1 0.000119121 2.21048
1450 2336 0 0.000111495 0.260466
1500 0 0 0 0
1550 0 0 0 0
1600 0 0 0 0
1650 0 0 0 0
1700 0 0 0 0
1750 0 0 0 0
1800 0 0 0 0
1850 0 0 0 0
1900 0 0 0 0
1950 0 0 0 0
2000 0 0 0 0

total neg_log_likelihood: 100.169


Tags2006_R1_R1 :
tag-recapture data for tag Tags2006_R1 in years 2007 2008 2009 2010 , step 1, after proportion 0.5 of mortality, with sampling method size, detection probability 1.
Year 2007
class scanned recaptured expected_prop neg_log_likelihood
100 0 0 0 0
150 0 0 0 0
200 0 0 0 0
250 0 0 0 0
300 0 0 0 0
350 8 0 0 0
400 88 0 0 0
450 714 0 2.43023e-007 0.000173518
500 4128 0 2.26572e-006 0.0093529
550 16852 0 1.32269e-005 0.222901
600 48542 0 6.91196e-005 3.35532
650 98252 19 0.000246311 2.99934
700 138858 66 0.000574855 4.28816
750 248306 240 0.000949721 3.69596
800 89898 94 0.00216878 35.6393
850 71492 76 0.000719778 8.18442
900 56162 54 0.000463102 14.38
950 77078 70 0.00105472 3.86857
1000 25400 32 0.00167344 4.07671
1050 19068 15 0.000517128 3.43197
1100 24596 15 0.000298984 5.32569
1150 7592 8 0.00071782 2.48973
1200 9390 7 0.000193152 6.17234
1250 2782 3 0.00048136 2.25477
1300 3378 1 0.000111852 1.35104
1350 988 0 0.000241461 0.238592
1400 1160 1 6.34638e-005 2.68242
1450 2480 0 9.01932e-005 0.223689
1500 0 0 0 0
1550 0 0 0 0
1600 0 0 0 0
1650 0 0 0 0
1700 0 0 0 0
1750 0 0 0 0
1800 0 0 0 0
1850 0 0 0 0
1900 0 0 0 0
1950 0 0 0 0
2000 0 0 0 0

total neg_log_likelihood: 104.89


Year 2008
class scanned recaptured expected_prop neg_log_likelihood
100 0 0 0 0
150 0 0 0 0
200 0 0 0 0
250 0 0 0 0
300 0 0 0 0
350 8 0 0 0
400 88 0 0 0
450 716 0 0 0
500 4138 0 2.40991e-007 0.000997221
550 16888 0 2.24681e-006 0.0379441
600 48644 0 1.31168e-005 0.638056
650 98448 5 6.85468e-005 1.98933
700 139120 31 0.000244278 2.77356
750 248714 147 0.000570156 3.50847
800 90026 96 0.000941979 3.91086
850 71584 79 0.00158689 9.01573
900 56228 49 0.0004819 9.99542
950 77154 99 0.000459304 41.3886
1000 25438 23 0.00104606 2.74684
1050 19094 15 0.00120521 3.8724
1100 24608 7 0.000333476 1.99702
1150 7588 6 0.000676332 1.89793
1200 9366 3 0.000224468 1.66482
1250 2756 2 0.00046067 1.48507
1300 3296 1 0.000135535 1.25243
1350 952 0 0.000237427 0.226057
1400 1120 0 8.01847e-005 0.0898104
1450 2438 0 8.60738e-005 0.209857
1500 0 0 0 0
1550 0 0 0 0
1600 0 0 0 0
1650 0 0 0 0
1700 0 0 0 0
1750 0 0 0 0
1800 0 0 0 0
1850 0 0 0 0
1900 0 0 0 0
1950 0 0 0 0
2000 0 0 0 0

total neg_log_likelihood: 88.7012


Year 2009
class scanned recaptured expected_prop neg_log_likelihood
100 0 0 0 0
150 0 0 0 0
200 0 0 0 0
250 0 0 0 0
300 0 0 0 0
350 8 0 0 0
400 88 0 0 0
450 718 0 0 0
500 4146 0 0 0
550 16922 0 2.38979e-007 0.00404401
600 48736 0 2.2281e-006 0.108589
650 98624 4 1.30081e-005 3.46446
700 139348 15 6.79809e-005 3.64564
750 249050 80 0.000242282 6.01401
800 90124 77 0.00056551 8.83503
850 71652 71 0.0014773 9.5566
900 56276 58 0.000898496 3.47239
950 77208 95 0.000477956 34.953
1000 25450 23 0.000455537 6.84213
1050 19114 20 0.0013149 2.98515
1100 24624 25 0.000657828 4.58029
1150 7586 10 0.000313906 8.81244
1200 9354 6 0.00111556 2.94395
1250 2744 1 0.000207552 1.13233
1300 3250 0 0.000767413 2.49505
1350 922 0 0.000122971 0.113387
1400 1080 0 0.000377159 0.407409
1450 2390 0 8.46224e-005 0.202256
1500 0 0 0 0
1550 0 0 0 0
1600 0 0 0 0
1650 0 0 0 0
1700 0 0 0 0
1750 0 0 0 0
1800 0 0 0 0
1850 0 0 0 0
1900 0 0 0 0
1950 0 0 0 0
2000 0 0 0 0

total neg_log_likelihood: 100.568


Year 2010
class scanned recaptured expected_prop neg_log_likelihood
100 0 0 0 0
150 0 0 0 0
200 0 0 0 0
250 0 0 0 0
300 0 0 0 0
350 8 0 0 0
400 88 0 0 0
450 720 0 0 0
500 4154 0 0 0
550 16954 0 0 0
600 48824 0 2.36987e-007 0.0115707
650 98788 0 2.20957e-006 0.218279
700 139554 3 1.29e-005 1.82823
750 249340 30 6.74173e-005 6.80944
800 90198 34 0.000240296 5.66752
850 71702 53 0.000726449 2.91323
900 56306 57 0.0021154 23.0767
950 77240 99 0.000891071 9.03875
1000 25456 14 0.000474025 2.39141
1050 19116 22 0.000715022 4.60894
1100 24640 22 0.00163211 7.41927
1150 7586 9 0.000503704 4.55926
1200 9346 6 0.00029159 3.28945
1250 2738 0 0.000698589 1.91341
1300 3228 6 0.000188361 10.176
1350 904 2 0.000468711 2.83452
1400 1042 1 0.000109074 2.28814
1450 2336 0 0.000119851 0.279989
1500 0 0 0 0
1550 0 0 0 0
1600 0 0 0 0
1650 0 0 0 0
1700 0 0 0 0
1750 0 0 0 0
1800 0 0 0 0
1850 0 0 0 0
1900 0 0 0 0
1950 0 0 0 0
2000 0 0 0 0

total neg_log_likelihood: 89.3241


Tags2007_R1_R1 :
tag-recapture data for tag Tags2007_R1 in years 2008 2009 2010 , step 1, after proportion 0.5 of mortality, with sampling method size, detection probability 1.
Year 2008
class scanned recaptured expected_prop neg_log_likelihood
100 0 0 0 0
150 0 0 0 0
200 0 0 0 0
250 0 0 0 0
300 0 0 0 0
350 8 0 0 0
400 88 0 0 0
450 716 0 0 0
500 4138 0 2.27132e-006 0.00939875
550 16888 0 1.49183e-005 0.251942
600 48644 4 6.6967e-005 1.71167
650 98448 12 0.000228493 5.12305
700 139120 79 0.000595488 3.1951
750 248714 196 0.000955386 7.43975
800 90026 84 0.00215874 43.0854
850 71584 70 0.000745937 5.39462
900 56228 54 0.000505925 11.978
950 77154 79 0.00101533 3.10701
1000 25438 20 0.00167891 9.96571
1050 19094 7 0.000530289 2.44528
1100 24608 16 0.000309424 5.8068
1150 7588 4 0.000735834 1.8822
1200 9366 1 0.000186951 1.19078
1250 2756 0 0.000395114 1.08915
1300 3296 0 0.000130167 0.429057
1350 952 0 0.000247417 0.23557
1400 1120 0 6.03441e-005 0.0675874
1450 2438 1 6.72065e-005 1.97259
1500 0 0 0 0
1550 0 0 0 0
1600 0 0 0 0
1650 0 0 0 0
1700 0 0 0 0
1750 0 0 0 0
1800 0 0 0 0
1850 0 0 0 0
1900 0 0 0 0
1950 0 0 0 0
2000 0 0 0 0

total neg_log_likelihood: 106.381


Year 2009
class scanned recaptured expected_prop neg_log_likelihood
100 0 0 0 0
150 0 0 0 0
200 0 0 0 0
250 0 0 0 0
300 0 0 0 0
350 8 0 0 0
400 88 0 0 0
450 718 0 0 0
500 4146 0 0 0
550 16922 0 2.25236e-006 0.0381145
600 48736 0 1.47941e-005 0.721012
650 98624 5 6.64119e-005 1.94011
700 139348 33 0.000226607 2.70119
750 249050 163 0.000590623 4.29701
800 90124 93 0.000947601 3.51436
850 71652 65 0.00158649 15.3665
900 56276 43 0.000525827 5.46387
950 77208 71 0.000501784 13.8086
1000 25450 23 0.001007 2.62961
1050 19114 16 0.00121471 3.57197
1100 24624 21 0.000344766 8.95692
1150 7586 2 0.000699522 2.66242
1200 9354 8 0.000217406 6.96119
1250 2744 0 0.000373239 1.02436
1300 3250 1 0.000157798 1.18051
1350 922 0 0.000253644 0.233889
1400 1080 0 7.6271e-005 0.0823759
1450 2390 0 6.57918e-005 0.157248
1500 0 0 0 0
1550 0 0 0 0
1600 0 0 0 0
1650 0 0 0 0
1700 0 0 0 0
1750 0 0 0 0
1800 0 0 0 0
1850 0 0 0 0
1900 0 0 0 0
1950 0 0 0 0
2000 0 0 0 0

total neg_log_likelihood: 75.3113


Year 2010
class scanned recaptured expected_prop neg_log_likelihood
100 0 0 0 0
150 0 0 0 0
200 0 0 0 0
250 0 0 0 0
300 0 0 0 0
350 8 0 0 0
400 88 0 0 0
450 720 0 0 0
500 4154 0 0 0
550 16954 0 0 0
600 48824 1 2.23359e-006 2.32498
650 98788 0 1.4671e-005 1.44933
700 139554 6 6.58602e-005 2.46094
750 249340 95 0.000224728 14.386
800 90198 77 0.00058578 7.92981
850 71702 76 0.0014758 7.75402
900 56306 63 0.00090937 4.25772
950 77240 85 0.000521482 21.9122
1000 25456 29 0.000497657 10.296
1050 19116 12 0.00129636 6.25135
1100 24640 16 0.000672124 2.31974
1150 7586 4 0.000324679 2.03541
1200 9346 2 0.0011538 6.72459
1250 2738 0 0.000200984 0.55035
1300 3228 1 0.000587961 1.25714
1350 904 0 0.000143221 0.129481
1400 1042 0 0.000391725 0.408257
1450 2336 0 6.65293e-005 0.155418
1500 0 0 0 0
1550 0 0 0 0
1600 0 0 0 0
1650 0 0 0 0
1700 0 0 0 0
1750 0 0 0 0
1800 0 0 0 0
1850 0 0 0 0
1900 0 0 0 0
1950 0 0 0 0
2000 0 0 0 0

total neg_log_likelihood: 92.6027


Tags2008_R1_R1 :
tag-recapture data for tag Tags2008_R1 in years 2009 2010 , step 1, after proportion 0.5 of mortality, with sampling method size, detection probability 1.
Year 2009
class scanned recaptured expected_prop neg_log_likelihood
100 0 0 0 0
150 0 0 0 0
200 0 0 0 0
250 0 0 0 0
300 0 0 0 0
350 8 0 0 0
400 88 0 0 0
450 718 0 2.4416e-007 0.000175307
500 4146 0 1.99215e-006 0.00825947
550 16922 0 1.42907e-005 0.241829
600 48736 2 6.8312e-005 1.6169
650 98624 19 0.000229121 2.69829
700 139348 60 0.000579915 5.91346
750 249050 255 0.000990218 3.83053
800 90124 85 0.0021823 43.5801
850 71652 82 0.00075104 9.47976
900 56276 60 0.000488342 17.3072
950 77208 83 0.00106282 3.13421
1000 25450 17 0.00167089 12.2905
1050 19114 18 0.000507825 5.19289
1100 24624 15 0.00030278 5.22118
1150 7586 4 0.000665358 1.74977
1200 9354 4 0.000195327 2.59429
1250 2744 1 0.000451919 1.02473
1300 3250 2 0.000112872 3.06577
1350 922 0 0.000213632 0.19699
1400 1080 0 6.83598e-005 0.0738311
1450 2390 0 6.88056e-005 0.164451
1500 0 0 0 0
1550 0 0 0 0
1600 0 0 0 0
1650 0 0 0 0
1700 0 0 0 0
1750 0 0 0 0
1800 0 0 0 0
1850 0 0 0 0
1900 0 0 0 0
1950 0 0 0 0
2000 0 0 0 0

total neg_log_likelihood: 119.385


Year 2010
class scanned recaptured expected_prop neg_log_likelihood
100 0 0 0 0
150 0 0 0 0
200 0 0 0 0
250 0 0 0 0
300 0 0 0 0
350 8 0 0 0
400 88 0 0 0
450 720 0 0 0
500 4154 0 2.42119e-007 0.00100576
550 16954 0 1.97551e-006 0.0334929
600 48824 2 1.41716e-005 2.12165
650 98788 5 6.77436e-005 1.97498
700 139554 27 0.000227217 2.93831
750 249340 159 0.000575107 4.27372
800 90198 99 0.000982099 3.80716
850 71702 71 0.0016101 12.9967
900 56306 61 0.000508099 16.7798
950 77240 73 0.000484307 16.2872
1000 25456 17 0.00105408 4.41577
1050 19116 25 0.0011943 2.63116
1100 24640 19 0.000337579 7.40986
1150 7586 3 0.000632862 1.88626
1200 9346 1 0.000227135 1.37008
1250 2738 1 0.000433398 1.01534
1300 3228 0 0.000136864 0.441826
1350 904 0 0.000209926 0.189793
1400 1042 0 8.6394e-005 0.0900264
1450 2336 0 6.81758e-005 0.159264
1500 0 0 0 0
1550 0 0 0 0
1600 0 0 0 0
1650 0 0 0 0
1700 0 0 0 0
1750 0 0 0 0
1800 0 0 0 0
1850 0 0 0 0
1900 0 0 0 0
1950 0 0 0 0
2000 0 0 0 0

total neg_log_likelihood: 80.8233


Tags2009_R1_R1 :
tag-recapture data for tag Tags2009_R1 in years 2010 , step 1, after proportion 0.5 of mortality, with sampling method size, detection probability 1.
Year 2010
class scanned recaptured expected_prop neg_log_likelihood
100 0 0 0 0
150 0 0 0 0
200 0 0 0 0
250 0 0 0 0
300 0 0 0 0
350 8 0 0 0
400 88 0 0 0
450 720 0 7.3394e-007 0.000528437
500 4154 0 3.13707e-006 0.0130314
550 16954 0 1.4322e-005 0.242817
600 48824 2 6.45571e-005 1.54904
650 98788 24 0.000225033 2.57995
700 139554 97 0.000581447 4.66495
750 249340 246 0.000972605 3.69648
800 90198 101 0.00217994 31.6191
850 71702 76 0.000755585 6.98946
900 56306 53 0.0005021 11.4895
950 77240 74 0.00104238 3.34274
1000 25456 16 0.0017486 14.4676
1050 19116 15 0.000516107 3.4292
1100 24640 25 0.000297563 15.5354
1150 7586 2 0.000708483 2.70497
1200 9346 5 0.000216036 3.29359
1250 2738 0 0.000469987 1.28713
1300 3228 0 0.000114043 0.36815
1350 904 0 0.000223343 0.201924
1400 1042 1 4.72066e-005 3.06122
1450 2336 0 6.65188e-005 0.155393
1500 0 0 0 0
1550 0 0 0 0
1600 0 0 0 0
1650 0 0 0 0
1700 0 0 0 0
1750 0 0 0 0
1800 0 0 0 0
1850 0 0 0 0
1900 0 0 0 0
1950 0 0 0 0
2000 0 0 0 0

total neg_log_likelihood: 110.692


Output quantities start here

* Scalar parameter values
initialization.B0 232413

* Nuisance q's

* B0
232413

* R0
1.74516e+007

* SSBs
SSB 232413 231011 227631 223917 219899 215646 211244 206793 202387 198111 194031 190182 186578 183219 180098 177200 174513 172030 169737 167622 165678 
year 1990 1991 1992 1993 1994 1995 1996 1997 1998 1999 2000 2001 2002 2003 2004 2005 2006 2007 2008 2009 2010 

* recruitments
recruitment 1.74516e+007 1.74516e+007 1.74402e+007 1.74124e+007 1.73809e+007 1.73458e+007 1.73074e+007 1.72662e+007 1.7223e+007 1.71785e+007 1.71337e+007 1.70894e+007 1.7046e+007 1.7004e+007 1.69636e+007 1.69248e+007 1.68878e+007 1.68525e+007 1.68191e+007 1.67874e+007 1.67576e+007 
year 1990 1991 1992 1993 1994 1995 1996 1997 1998 1999 2000 2001 2002 2003 2004 2005 2006 2007 2008 2009 2010 

* YCS
YCS 1 1 1 1 1 1 1 1 1 1 1 1 1 1 1 1 1 1 1 1 1 
year 1989 1990 1991 1992 1993 1994 1995 1996 1997 1998 1999 2000 2001 2002 2003 2004 2005 2006 2007 2008 2009 

* true_YCS
true_YCS 1 1 0.99935 0.997754 0.995951 0.99394 0.991738 0.989377 0.9869 0.984353 0.981786 0.979245 0.976761 0.974354 0.972037 0.969816 0.967694 0.965673 0.963755 0.961942 0.960233 
year 1989 1990 1991 1992 1993 1994 1995 1996 1997 1998 1999 2000 2001 2002 2003 2004 2005 2006 2007 2008 2009 

* fishing_pressures
pressure 0 0.0318712 0.0326323 0.0333881 0.0341185 0.0348091 0.03545 0.036035 0.036561 0.0370286 0.0374412 0.0378042 0.0381237 0.0384058 0.0386566 0.038882 0.0390909 0.0392843 0.0394657 0.0396378 0.0398029 
year 1990 1991 1992 1993 1994 1995 1996 1997 1998 1999 2000 2001 2002 2003 2004 2005 2006 2007 2008 2009 2010 

* Numbers_at_age_R1
1990  1.61987e+007 1.38728e+007 1.18809e+007 1.0175e+007 8.714e+006 7.4628e+006 6.39126e+006 5.47357e+006 4.68765e+006 4.01457e+006 3.43814e+006 2.94448e+006 2.52169e+006 2.15962e+006 1.84953e+006 1.58396e+006 1.35653e+006 1.16175e+006 994944 852085 729738 624959 535224 458374 392559 336193 287921 246580 211175 1.25956e+006 
1991  1.61987e+007 1.38728e+007 1.18809e+007 1.01747e+007 8.71232e+006 7.45594e+006 6.3715e+006 5.43333e+006 4.62969e+006 3.95555e+006 3.38794e+006 2.90237e+006 2.48686e+006 2.1312e+006 1.82666e+006 1.56582e+006 1.34233e+006 1.15079e+006 986600 845821 725100 621572 532785 456642 391345 335355 287350 246196 210920 1.2584e+006 
1992  1.61882e+007 1.38728e+007 1.18808e+007 1.01746e+007 8.71173e+006 7.45266e+006 6.35834e+006 5.39597e+006 4.55455e+006 3.84816e+006 3.2788e+006 2.80953e+006 2.40896e+006 2.06672e+006 1.77402e+006 1.52343e+006 1.30867e+006 1.12442e+006 966226 830298 713437 612929 526469 452091 388111 333088 285783 245129 210203 1.25575e+006 
1993  1.61623e+007 1.38638e+007 1.18808e+007 1.01746e+007 8.71162e+006 7.45196e+006 6.35491e+006 5.38341e+006 4.52094e+006 3.78301e+006 3.1873e+006 2.71693e+006 2.33016e+006 2.00055e+006 1.71919e+006 1.4786e+006 1.2725e+006 1.09564e+006 943640 812814 700090 602883 519013 446633 384173 330287 283818 243770 209276 1.25282e+006 
1994  1.61331e+007 1.38417e+007 1.18731e+007 1.01746e+007 8.71157e+006 7.45167e+006 6.35369e+006 5.37912e+006 4.50818e+006 3.75247e+006 3.13093e+006 2.63911e+006 2.2517e+006 1.93374e+006 1.66303e+006 1.432e+006 1.23434e+006 1.06481e+006 919062 793489 685105 591424 510374 440213 379469 326889 281399 242071 208101 1.24946e+006 
1995  1.61005e+007 1.38166e+007 1.18542e+007 1.0168e+007 8.71152e+006 7.45143e+006 6.35286e+006 5.37679e+006 4.50246e+006 3.73938e+006 3.10337e+006 2.59055e+006 2.18566e+006 1.86736e+006 1.60646e+006 1.38439e+006 1.19479e+006 1.03237e+006 892803 772520 668589 578596 500550 432796 373950 322841 278473 239987 206638 1.24553e+006 
1996  1.60649e+007 1.37887e+007 1.18327e+007 1.01517e+007 8.70581e+006 7.45121e+006 6.35212e+006 5.37486e+006 4.49851e+006 3.73229e+006 3.09041e+006 2.56601e+006 2.14403e+006 1.81144e+006 1.55039e+006 1.33656e+006 1.15447e+006 998820 865240 750172 650712 564493 489579 424384 367591 318105 274997 237472 204845 1.24086e+006 
1997  1.60266e+007 1.37582e+007 1.18088e+007 1.01334e+007 8.69186e+006 7.44617e+006 6.35143e+006 5.3731e+006 4.49507e+006 3.72687e+006 3.0826e+006 2.55369e+006 2.12241e+006 1.7759e+006 1.50313e+006 1.28924e+006 1.11405e+006 964704 836801 726766 631702 549261 477544 415008 360393 312659 270936 234490 202687 1.2353e+006 
1998  1.59865e+007 1.37254e+007 1.17827e+007 1.01129e+007 8.67611e+006 7.4341e+006 6.34668e+006 5.3715e+006 4.49194e+006 3.72206e+006 3.07634e+006 2.54578e+006 2.11105e+006 1.75706e+006 1.47289e+006 1.24935e+006 1.07415e+006 930565 807937 702662 611829 533092 464568 404740 352385 306503 266275 231012 200131 1.22865e+006 
1999  1.59452e+007 1.36911e+007 1.17546e+007 1.00905e+007 8.65856e+006 7.4205e+006 6.33599e+006 5.36658e+006 4.48913e+006 3.71773e+006 3.07078e+006 2.53931e+006 2.10347e+006 1.74682e+006 1.45662e+006 1.22371e+006 1.04052e+006 896919 779102 678239 591395 516215 450814 393686 343625 299663 261012 227023 197153 1.22075e+006 
2000  1.59037e+007 1.36557e+007 1.17252e+007 1.00665e+007 8.63935e+006 7.40537e+006 6.32405e+006 5.35674e+006 4.48371e+006 3.71386e+006 3.0658e+006 2.53358e+006 2.0972e+006 1.73982e+006 1.44755e+006 1.20974e+006 1.01881e+006 868568 750725 653872 570718 498884 436475 381981 334204 292189 255169 222524 193740 1.21143e+006 
2001  1.58625e+007 1.36201e+007 1.16949e+007 1.00413e+007 8.61876e+006 7.38884e+006 6.31085e+006 5.34594e+006 4.47433e+006 3.70801e+006 3.06137e+006 2.52846e+006 2.09166e+006 1.73399e+006 1.44123e+006 1.20181e+006 1.00687e+006 850217 726817 629921 550111 481364 421763 369789 324238 284157 248790 217533 189894 1.20051e+006 
2002  1.58223e+007 1.35849e+007 1.16644e+007 1.00153e+007 8.59715e+006 7.37115e+006 6.29649e+006 5.33416e+006 4.4643e+006 3.69907e+006 3.05547e+006 2.52392e+006 2.08672e+006 1.72884e+006 1.43596e+006 1.19622e+006 1.00001e+006 840052 711308 609745 529873 463918 406903 357290 313863 275665 241938 212085 185628 1.18788e+006 
2003  1.57833e+007 1.35504e+007 1.16343e+007 9.98922e+006 8.57494e+006 7.35259e+006 6.28117e+006 5.32148e+006 4.45358e+006 3.68973e+006 3.04714e+006 2.51827e+006 2.08235e+006 1.72426e+006 1.43131e+006 1.19154e+006 995130 834152 702670 596634 512827 446796 392115 344671 303232 266828 234696 206236 180975 1.17341e+006 
2004  1.57457e+007 1.3517e+007 1.16047e+007 9.96336e+006 8.55257e+006 7.33353e+006 6.26514e+006 5.30805e+006 4.4422e+006 3.67994e+006 3.0386e+006 2.51073e+006 2.07713e+006 1.7202e+006 1.42717e+006 1.18741e+006 991032 829922 697618 589302 501736 432374 377607 332119 292504 257777 227164 200057 175979 1.15706e+006 
2005  1.57098e+007 1.34849e+007 1.15761e+007 9.93808e+006 8.53041e+006 7.31433e+006 6.24869e+006 5.29401e+006 4.43015e+006 3.66951e+006 3.02943e+006 2.50295e+006 2.07036e+006 1.71546e+006 1.42343e+006 1.18363e+006 987378 826350 693965 584953 495506 422977 365374 319806 281834 248640 219449 193630 170700 1.13881e+006 
2006  1.56754e+007 1.34541e+007 1.15486e+007 9.91359e+006 8.50876e+006 7.29533e+006 6.23215e+006 5.27969e+006 4.41772e+006 3.65867e+006 3.01996e+006 2.49447e+006 2.06337e+006 1.70945e+006 1.41917e+006 1.18023e+006 983953 823141 690868 581806 491763 417681 357399 309411 271369 239558 211657 187048 165212 1.11868e+006 
2007  1.56426e+007 1.34246e+007 1.15222e+007 9.89001e+006 8.48778e+006 7.27675e+006 6.2158e+006 5.26535e+006 4.40517e+006 3.6477e+006 3.01039e+006 2.48612e+006 2.05592e+006 1.70333e+006 1.41394e+006 1.17649e+006 980965 820157 688094 579142 489066 414488 352903 302637 262533 230654 203920 180401 159594 1.09678e+006 
2008  1.56116e+007 1.33966e+007 1.1497e+007 9.86741e+006 8.46758e+006 7.25876e+006 6.19982e+006 5.25119e+006 4.39266e+006 3.63668e+006 3.00077e+006 2.47776e+006 2.04864e+006 1.69685e+006 1.40862e+006 1.17197e+006 977711 817551 685509 576758 486780 412182 350177 298817 256774 223135 196334 173803 153919 1.07327e+006 
2009  1.55822e+007 1.337e+007 1.1473e+007 9.84582e+006 8.44822e+006 7.24144e+006 6.18435e+006 5.23738e+006 4.38034e+006 3.62576e+006 2.99115e+006 2.46939e+006 2.04138e+006 1.69054e+006 1.40301e+006 1.16737e+006 973814 814737 683250 574525 484737 410223 348205 296489 253522 218231 189929 167333 148287 1.04832e+006 
2010  1.55545e+007 1.33448e+007 1.14502e+007 9.82525e+006 8.42973e+006 7.22485e+006 6.16948e+006 5.22408e+006 4.36846e+006 3.6152e+006 2.982e+006 2.46116e+006 2.03419e+006 1.68431e+006 1.39765e+006 1.16265e+006 969889 811404 680835 572609 482819 408475 346543 294806 251536 215465 185750 161871 142766 1.02219e+006 

Output quantities finish here

Unused parameters:
annual_cycle.fishery_areas annual_cycle.migrate_from annual_cycle.migrate_to annual_cycle.migration_names annual_cycle.migration_times annual_cycle.n_migrations annual_cycle.recruitment_areas annual_cycle.spawning_all_areas area_names recruitment.p_male recruitment.year_range tag[Tags2005_R1_LL].area tag[Tags2005_R1_LL].sex tag[Tags2006_R1_LL].area tag[Tags2006_R1_LL].sex tag[Tags2007_R1_LL].area tag[Tags2007_R1_LL].sex tag[Tags2008_R1_LL].area tag[Tags2008_R1_LL].sex tag[Tags2009_R1_LL].area tag[Tags2009_R1_LL].sex MCMC.adapt_at MCMC.adaptive_stepsize MCMC.burn_in MCMC.keep MCMC.length MCMC.start MCMC.stepsize profile[1].l profile[1].n profile[1].parameter profile[1].u tag_recapture[Tags2005_R1_R1].area tag_recapture[Tags2006_R1_R1].area tag_recapture[Tags2007_R1_R1].area tag_recapture[Tags2008_R1_R1].area tag_recapture[Tags2009_R1_R1].area n_projections numbers_at[Numbers_at_age_R1].area print.yields 
