CASAL (C++ algorithmic stock assessment laboratory)
Call: casal -e -O C:/Users/STA384/Documents/GitHub/planetfish2_bugs/Output/TOA_bug_8/casalout_mpd.dat -f C:/Users/STA384/Documents/GitHub/planetfish2_bugs/Output/TOA_bug_8/casal_ 
Date: Fri Aug 09 12:46:36 2019
v2.30-2012-03-21 00:22:59 UTC (rev.4648)  (c) Copyright 2002-2012, NIWA
User name: sta384
Machine name: MACKEREL-HF (Microsoft Windows, PID=16412)

Prefix for the input parameter filenames : C:/Users/STA384/Documents/GitHub/planetfish2_bugs/Output/TOA_bug_8/casal_

Random number seed : 18796

Estimation parameters:
Stored as strings: 
  MCMC.adapt_at                 	1e+05 2e+05 3e+05 4e+05
  MCMC.adaptive_stepsize        	True
  MCMC.burn_in                  	500
  MCMC.keep                     	1000
  MCMC.length                   	1500000
  MCMC.start                    	0
  MCMC.stepsize                 	0.01
  ageing_error.c                	0
  ageing_error.type             	normal
  catch_at[LL_catchA].2000      	0 0 0 0 0.003 0.011 0.043 0.103 0.148 0.146 0.131 0.099 0.07 0.054 0.051 0.04 0.024 0.023 0.01 0.013 0.01 0.005 0.004 0.002 0.004 0.002 0.002 0 0.001 0.001
  catch_at[LL_catchA].2001      	0 0 0 0.001 0.004 0.021 0.047 0.087 0.156 0.148 0.113 0.092 0.072 0.063 0.046 0.041 0.023 0.02 0.012 0.013 0.008 0.008 0.009 0.005 0.003 0.003 0 0.001 0 0.004
  catch_at[LL_catchA].2002      	0 0 0 0 0.006 0.023 0.053 0.107 0.146 0.141 0.11 0.08 0.079 0.064 0.045 0.036 0.026 0.015 0.014 0.011 0.014 0.005 0.009 0.005 0.002 0.005 0 0.002 0 0.002
  catch_at[LL_catchA].2003      	0 0 0 0.001 0.007 0.013 0.045 0.112 0.15 0.145 0.101 0.111 0.06 0.074 0.034 0.035 0.023 0.021 0.025 0.01 0.009 0.006 0.004 0.003 0.002 0.002 0.002 0.001 0 0.004
  catch_at[LL_catchA].2004      	0 0 0 0.001 0.003 0.017 0.062 0.102 0.157 0.141 0.124 0.097 0.073 0.055 0.039 0.038 0.023 0.019 0.014 0.005 0.004 0.007 0.001 0.002 0.006 0.005 0.003 0 0 0.002
  catch_at[LL_catchA].2005      	0 0 0 0.001 0.004 0.013 0.047 0.095 0.143 0.16 0.121 0.087 0.066 0.058 0.048 0.038 0.026 0.03 0.018 0.009 0.012 0.006 0.003 0.003 0.003 0.003 0.002 0.001 0 0.003
  catch_at[LL_catchA].2006      	0 0 0 0.001 0.002 0.016 0.048 0.118 0.133 0.135 0.116 0.104 0.082 0.063 0.046 0.034 0.025 0.017 0.015 0.009 0.004 0.007 0.004 0.006 0.004 0.002 0.002 0.003 0.002 0.002
  catch_at[LL_catchA].2007      	0 0 0 0.001 0.007 0.017 0.038 0.116 0.142 0.133 0.113 0.106 0.074 0.064 0.044 0.035 0.025 0.017 0.018 0.017 0.012 0.009 0.002 0.002 0.001 0.002 0.002 0 0.001 0.002
  catch_at[LL_catchA].2008      	0 0 0 0 0.004 0.012 0.056 0.103 0.155 0.134 0.122 0.086 0.075 0.066 0.047 0.044 0.027 0.022 0.008 0.01 0.005 0.004 0.007 0.003 0.005 0.001 0 0 0 0.004
  catch_at[LL_catchA].2009      	0 0 0 0.001 0.003 0.017 0.05 0.132 0.142 0.138 0.125 0.095 0.054 0.068 0.046 0.028 0.033 0.017 0.012 0.008 0.008 0.008 0.002 0.001 0.003 0.002 0 0 0.002 0.005
  catch_at[LL_catchA].2010      	0 0 0 0 0.004 0.012 0.05 0.117 0.148 0.141 0.119 0.106 0.078 0.063 0.031 0.038 0.027 0.02 0.013 0.012 0.006 0.002 0.002 0.003 0.002 0 0.002 0.002 0 0.002
  catch_at[LL_catchA].N_2000    	100
  catch_at[LL_catchA].N_2001    	100
  catch_at[LL_catchA].N_2002    	100
  catch_at[LL_catchA].N_2003    	100
  catch_at[LL_catchA].N_2004    	100
  catch_at[LL_catchA].N_2005    	100
  catch_at[LL_catchA].N_2006    	100
  catch_at[LL_catchA].N_2007    	100
  catch_at[LL_catchA].N_2008    	100
  catch_at[LL_catchA].N_2009    	100
  catch_at[LL_catchA].N_2010    	100
  catch_at[LL_catchA].at_size   	False
  catch_at[LL_catchA].dist      	multinomial
  catch_at[LL_catchA].fishery   	LL
  catch_at[LL_catchA].max_class 	30
  catch_at[LL_catchA].min_class 	1
  catch_at[LL_catchA].plus_group	True
  catch_at[LL_catchA].r         	1e-11
  catch_at[LL_catchA].sexed     	False
  catch_at[LL_catchA].sum_to_one	False
  catch_at[LL_catchA].years     	2000 2001 2002 2003 2004 2005 2006 2007 2008 2009 2010
  catch_limit_penalty[1].fishery	LL
  catch_limit_penalty[1].label  	LL_Penalty
  catch_limit_penalty[1].log_scale	True
  catch_limit_penalty[1].multiplier	1000
  estimate[1].lower_bound       	5000
  estimate[1].parameter         	initialization.B0
  estimate[1].prior             	uniform
  estimate[1].upper_bound       	5e+05
  estimator                     	Bayes
  fish_tagged_penalty[1].label  	Penalty_Tags2005_R1_LL
  fish_tagged_penalty[1].multiplier	1
  fish_tagged_penalty[1].tagging_episode	Tags2005_R1_LL
  fish_tagged_penalty[2].label  	Penalty_Tags2006_R1_LL
  fish_tagged_penalty[2].multiplier	1
  fish_tagged_penalty[2].tagging_episode	Tags2006_R1_LL
  fish_tagged_penalty[3].label  	Penalty_Tags2007_R1_LL
  fish_tagged_penalty[3].multiplier	1
  fish_tagged_penalty[3].tagging_episode	Tags2007_R1_LL
  fish_tagged_penalty[4].label  	Penalty_Tags2008_R1_LL
  fish_tagged_penalty[4].multiplier	1
  fish_tagged_penalty[4].tagging_episode	Tags2008_R1_LL
  fish_tagged_penalty[5].label  	Penalty_Tags2009_R1_LL
  fish_tagged_penalty[5].multiplier	1
  fish_tagged_penalty[5].tagging_episode	Tags2009_R1_LL
  grad_tol                      	0.001
  max_evals                     	10000
  max_iters                     	1600
  profile[1].l                  	40000
  profile[1].n                  	11
  profile[1].parameter          	initialization.B0
  profile[1].u                  	130000
  q_method                      	nuisance
  tag_recapture[Tags2005_R1_R1].area	R1
  tag_recapture[Tags2005_R1_R1].class_mins	100 150 200 250 300 350 400 450 500 550 600 650 700 750 800 850 900 950 1000 1050 1100 1150 1200 1250 1300 1350 1400 1450 1500 1550 1600 1650 1700 1750 1800 1850 1900 1950 2000 2050
  tag_recapture[Tags2005_R1_R1].detection_probability	1
  tag_recapture[Tags2005_R1_R1].dispersion	1
  tag_recapture[Tags2005_R1_R1].do_bootstrap	True
  tag_recapture[Tags2005_R1_R1].plus_group	False
  tag_recapture[Tags2005_R1_R1].proportion_mortality	0.5
  tag_recapture[Tags2005_R1_R1].r	1e-11
  tag_recapture[Tags2005_R1_R1].recaptured_2006	0 0 0 0 0 0 0 0.4 2.5 10.5 29.9 60.3 90.3 105.8 103.1 88 68.5 50.4 35.6 24.5 16.3 10.5 6.6 4 2.5 1.5 1 0.6 0.4 0.3 0.2 0.1 0.1 0 0 0 0 0 0
  tag_recapture[Tags2005_R1_R1].recaptured_2007	0 0 0 0 0 0 0 0.1 0.8 4.1 14 33.6 59.1 80.3 88 81.3 66.2 49.4 35 24 16.1 10.5 6.7 4.1 2.5 1.5 0.8 0.5 0.2 0.1 0 0 0 0 0 0 0 0 0
  tag_recapture[Tags2005_R1_R1].recaptured_2008	0 0 0 0 0 0 0 0 0.3 1.7 6.1 15.7 30.4 46.4 58.1 62 58.2 49.3 38.6 28.4 19.6 12.8 7.9 4.7 2.7 1.5 0.8 0.4 0.2 0.1 0 0 0 0 0 0 0 0 0
  tag_recapture[Tags2005_R1_R1].recaptured_2009	0 0 0 0 0 0 0 0 0.1 0.5 2.1 6.4 14.5 25.9 37.3 44.7 46 41.8 34.3 25.8 18 11.8 7.4 4.4 2.5 1.3 0.7 0.3 0.1 0.1 0 0 0 0 0 0 0 0 0
  tag_recapture[Tags2005_R1_R1].recaptured_2010	0 0 0 0 0 0 0 0 0 0.2 0.7 2.5 6.6 14 23.9 33.4 38.7 38 32.5 25 17.8 12.1 7.8 4.8 2.9 1.7 1 0.6 0.3 0.2 0.1 0 0 0 0 0 0 0 0
  tag_recapture[Tags2005_R1_R1].sample	size
  tag_recapture[Tags2005_R1_R1].scanned_2006	0 0 0 0 12 136 1000 4906 16734 41272 76258 109356 126608 123954 107946 87526 68156 51728 38450 28026 20046 14082 9736 6646 4498 3034 2042 1368 904 578 352 200 106 52 22 8 4 2 0
  tag_recapture[Tags2005_R1_R1].scanned_2007	0 0 0 0 12 136 1002 4918 16774 41370 76434 109600 126882 124210 108156 87686 68274 51810 38504 28054 20050 14066 9704 6604 4454 2992 2006 1340 884 564 344 196 104 50 22 8 4 0 0
  tag_recapture[Tags2005_R1_R1].scanned_2008	0 0 0 0 12 136 1004 4928 16808 41452 76582 109802 127104 124414 108320 87808 68360 51870 38544 28076 20056 14060 9686 6578 4422 2960 1978 1316 866 552 336 192 102 50 22 8 4 0 0
  tag_recapture[Tags2005_R1_R1].scanned_2009	0 0 0 0 12 136 1006 4938 16840 41528 76712 109978 127294 124582 108452 87902 68424 51912 38570 28092 20062 14056 9676 6560 4400 2936 1954 1296 850 542 330 188 100 48 22 8 2 0 0
  tag_recapture[Tags2005_R1_R1].scanned_2010	0 0 0 0 12 136 1008 4946 16870 41596 76832 110138 127460 124726 108560 87974 68470 51942 38588 28100 20064 14054 9668 6548 4386 2918 1938 1280 836 532 322 184 98 46 20 8 2 0 0
  tag_recapture[Tags2005_R1_R1].step	1
  tag_recapture[Tags2005_R1_R1].tag_name	Tags2005_R1
  tag_recapture[Tags2005_R1_R1].years	2006 2007 2008 2009 2010
  tag_recapture[Tags2006_R1_R1].area	R1
  tag_recapture[Tags2006_R1_R1].class_mins	100 150 200 250 300 350 400 450 500 550 600 650 700 750 800 850 900 950 1000 1050 1100 1150 1200 1250 1300 1350 1400 1450 1500 1550 1600 1650 1700 1750 1800 1850 1900 1950 2000 2050
  tag_recapture[Tags2006_R1_R1].detection_probability	1
  tag_recapture[Tags2006_R1_R1].dispersion	1
  tag_recapture[Tags2006_R1_R1].do_bootstrap	True
  tag_recapture[Tags2006_R1_R1].plus_group	False
  tag_recapture[Tags2006_R1_R1].proportion_mortality	0.5
  tag_recapture[Tags2006_R1_R1].r	1e-11
  tag_recapture[Tags2006_R1_R1].recaptured_2007	0 0 0 0 0 0 0 0.5 2.9 11.5 31.4 61.9 92.2 108.2 104.7 87.8 67 48.3 33.6 22.8 15.2 9.8 6.2 3.7 2.1 1.2 0.6 0.3 0.1 0.1 0 0 0 0 0 0 0 0 0
  tag_recapture[Tags2006_R1_R1].recaptured_2008	0 0 0 0 0 0 0 0.2 1.2 5.6 17.3 38.1 62.9 80.8 84.6 76.2 62.1 47.7 34.9 24.5 16.6 11 7.2 4.6 2.9 1.7 0.9 0.5 0.2 0.1 0 0 0 0 0 0 0 0 0
  tag_recapture[Tags2006_R1_R1].recaptured_2009	0 0 0 0 0 0 0 0 0.4 1.9 6.7 17.4 33.8 51.2 62.7 65 59 48.5 36.8 25.9 17.2 10.9 6.6 3.9 2.3 1.3 0.7 0.4 0.2 0.1 0 0 0 0 0 0 0 0 0
  tag_recapture[Tags2006_R1_R1].recaptured_2010	0 0 0 0 0 0 0 0 0.1 0.5 2.2 6.8 16.1 29.6 43.3 51.8 52.7 47.2 38.2 28.7 20.4 14.1 9.4 6.2 3.9 2.3 1.3 0.7 0.3 0.2 0.1 0 0 0 0 0 0 0 0
  tag_recapture[Tags2006_R1_R1].sample	size
  tag_recapture[Tags2006_R1_R1].scanned_2007	0 0 0 0 12 136 1002 4918 16774 41370 76434 109600 126882 124210 108156 87686 68274 51810 38504 28054 20050 14066 9704 6604 4454 2992 2006 1340 884 564 344 196 104 50 22 8 4 0 0
  tag_recapture[Tags2006_R1_R1].scanned_2008	0 0 0 0 12 136 1004 4928 16808 41452 76582 109802 127104 124414 108320 87808 68360 51870 38544 28076 20056 14060 9686 6578 4422 2960 1978 1316 866 552 336 192 102 50 22 8 4 0 0
  tag_recapture[Tags2006_R1_R1].scanned_2009	0 0 0 0 12 136 1006 4938 16840 41528 76712 109978 127294 124582 108452 87902 68424 51912 38570 28092 20062 14056 9676 6560 4400 2936 1954 1296 850 542 330 188 100 48 22 8 2 0 0
  tag_recapture[Tags2006_R1_R1].scanned_2010	0 0 0 0 12 136 1008 4946 16870 41596 76832 110138 127460 124726 108560 87974 68470 51942 38588 28100 20064 14054 9668 6548 4386 2918 1938 1280 836 532 322 184 98 46 20 8 2 0 0
  tag_recapture[Tags2006_R1_R1].step	1
  tag_recapture[Tags2006_R1_R1].tag_name	Tags2006_R1
  tag_recapture[Tags2006_R1_R1].years	2007 2008 2009 2010
  tag_recapture[Tags2007_R1_R1].area	R1
  tag_recapture[Tags2007_R1_R1].class_mins	100 150 200 250 300 350 400 450 500 550 600 650 700 750 800 850 900 950 1000 1050 1100 1150 1200 1250 1300 1350 1400 1450 1500 1550 1600 1650 1700 1750 1800 1850 1900 1950 2000 2050
  tag_recapture[Tags2007_R1_R1].detection_probability	1
  tag_recapture[Tags2007_R1_R1].dispersion	1
  tag_recapture[Tags2007_R1_R1].do_bootstrap	True
  tag_recapture[Tags2007_R1_R1].plus_group	False
  tag_recapture[Tags2007_R1_R1].proportion_mortality	0.5
  tag_recapture[Tags2007_R1_R1].r	1e-11
  tag_recapture[Tags2007_R1_R1].recaptured_2008	0 0 0 0 0 0 0 0.4 2.6 10.7 29.9 59 86.9 100.4 96.7 82.7 66 50.4 36.9 26 17.7 11.5 7.2 4.3 2.5 1.4 0.8 0.5 0.3 0.1 0.1 0 0 0 0 0 0 0 0
  tag_recapture[Tags2007_R1_R1].recaptured_2009	0 0 0 0 0 0 0 0.1 1 4.8 15.3 35.3 60.2 79 83.4 74.6 59.7 44.9 32.6 23 15.7 10.4 6.6 4 2.4 1.3 0.7 0.4 0.2 0.1 0 0 0 0 0 0 0 0 0
  tag_recapture[Tags2007_R1_R1].recaptured_2010	0 0 0 0 0 0 0 0.1 0.4 2 7.3 18.6 35.6 53 64.1 65.5 58.6 47.2 34.9 24.1 15.8 10.2 6.5 4 2.4 1.4 0.7 0.3 0.1 0.1 0 0 0 0 0 0 0 0 0
  tag_recapture[Tags2007_R1_R1].sample	size
  tag_recapture[Tags2007_R1_R1].scanned_2008	0 0 0 0 12 136 1004 4928 16808 41452 76582 109802 127104 124414 108320 87808 68360 51870 38544 28076 20056 14060 9686 6578 4422 2960 1978 1316 866 552 336 192 102 50 22 8 4 0 0
  tag_recapture[Tags2007_R1_R1].scanned_2009	0 0 0 0 12 136 1006 4938 16840 41528 76712 109978 127294 124582 108452 87902 68424 51912 38570 28092 20062 14056 9676 6560 4400 2936 1954 1296 850 542 330 188 100 48 22 8 2 0 0
  tag_recapture[Tags2007_R1_R1].scanned_2010	0 0 0 0 12 136 1008 4946 16870 41596 76832 110138 127460 124726 108560 87974 68470 51942 38588 28100 20064 14054 9668 6548 4386 2918 1938 1280 836 532 322 184 98 46 20 8 2 0 0
  tag_recapture[Tags2007_R1_R1].step	1
  tag_recapture[Tags2007_R1_R1].tag_name	Tags2007_R1
  tag_recapture[Tags2007_R1_R1].years	2008 2009 2010
  tag_recapture[Tags2008_R1_R1].area	R1
  tag_recapture[Tags2008_R1_R1].class_mins	100 150 200 250 300 350 400 450 500 550 600 650 700 750 800 850 900 950 1000 1050 1100 1150 1200 1250 1300 1350 1400 1450 1500 1550 1600 1650 1700 1750 1800 1850 1900 1950 2000 2050
  tag_recapture[Tags2008_R1_R1].detection_probability	1
  tag_recapture[Tags2008_R1_R1].dispersion	1
  tag_recapture[Tags2008_R1_R1].do_bootstrap	True
  tag_recapture[Tags2008_R1_R1].plus_group	False
  tag_recapture[Tags2008_R1_R1].proportion_mortality	0.5
  tag_recapture[Tags2008_R1_R1].r	1e-11
  tag_recapture[Tags2008_R1_R1].recaptured_2009	0 0 0 0 0 0 0.1 0.5 2.7 10.7 29.5 59.2 88.8 104.5 101.4 85.9 66.7 49.2 34.9 24 16 10.1 6 3.4 1.9 1 0.6 0.4 0.2 0.1 0.1 0.1 0 0 0 0 0 0 0
  tag_recapture[Tags2008_R1_R1].recaptured_2010	0 0 0 0 0 0 0 0.2 1.2 5.2 15.7 34.5 58.1 78.7 88.3 84.7 71.5 54.6 38.8 26.1 16.9 10.6 6.5 3.9 2.2 1.2 0.6 0.3 0.1 0.1 0 0 0 0 0 0 0 0 0
  tag_recapture[Tags2008_R1_R1].sample	size
  tag_recapture[Tags2008_R1_R1].scanned_2009	0 0 0 0 12 136 1006 4938 16840 41528 76712 109978 127294 124582 108452 87902 68424 51912 38570 28092 20062 14056 9676 6560 4400 2936 1954 1296 850 542 330 188 100 48 22 8 2 0 0
  tag_recapture[Tags2008_R1_R1].scanned_2010	0 0 0 0 12 136 1008 4946 16870 41596 76832 110138 127460 124726 108560 87974 68470 51942 38588 28100 20064 14054 9668 6548 4386 2918 1938 1280 836 532 322 184 98 46 20 8 2 0 0
  tag_recapture[Tags2008_R1_R1].step	1
  tag_recapture[Tags2008_R1_R1].tag_name	Tags2008_R1
  tag_recapture[Tags2008_R1_R1].years	2009 2010
  tag_recapture[Tags2009_R1_R1].area	R1
  tag_recapture[Tags2009_R1_R1].class_mins	100 150 200 250 300 350 400 450 500 550 600 650 700 750 800 850 900 950 1000 1050 1100 1150 1200 1250 1300 1350 1400 1450 1500 1550 1600 1650 1700 1750 1800 1850 1900 1950 2000 2050
  tag_recapture[Tags2009_R1_R1].detection_probability	1
  tag_recapture[Tags2009_R1_R1].dispersion	1
  tag_recapture[Tags2009_R1_R1].do_bootstrap	True
  tag_recapture[Tags2009_R1_R1].plus_group	False
  tag_recapture[Tags2009_R1_R1].proportion_mortality	0.5
  tag_recapture[Tags2009_R1_R1].r	1e-11
  tag_recapture[Tags2009_R1_R1].recaptured_2010	0 0 0 0 0 0 0 0.3 2.2 9.3 27.1 56.8 89 108.8 108.6 93 72 52.5 37 25.3 16.6 10.4 6.4 3.8 2.3 1.3 0.7 0.3 0.1 0.1 0 0 0 0 0 0 0 0 0
  tag_recapture[Tags2009_R1_R1].sample	size
  tag_recapture[Tags2009_R1_R1].scanned_2010	0 0 0 0 12 136 1008 4946 16870 41596 76832 110138 127460 124726 108560 87974 68470 51942 38588 28100 20064 14054 9668 6548 4386 2918 1938 1280 836 532 322 184 98 46 20 8 2 0 0
  tag_recapture[Tags2009_R1_R1].step	1
  tag_recapture[Tags2009_R1_R1].tag_name	Tags2009_R1
  tag_recapture[Tags2009_R1_R1].years	2010
  vector_average_penalty[1].k   	1
  vector_average_penalty[1].label	meanYCS_1
  vector_average_penalty[1].multiplier	100
  vector_average_penalty[1].vector	recruitment.YCS
Stored as DOUBLEs: 
Stored as VECTORs: 
Stored as OGIVEs: 

Population parameters:
Stored as strings: 
  annual_cycle.M_props          	1
  annual_cycle.aging_time       	1
  annual_cycle.baranov          	False
  annual_cycle.fishery_areas    	R1
  annual_cycle.fishery_names    	LL
  annual_cycle.fishery_times    	1
  annual_cycle.growth_props     	0
  annual_cycle.migrate_from     	R1
  annual_cycle.migrate_to       	R2
  annual_cycle.migration_names  	MoveRec_1_2
  annual_cycle.migration_times  	1
  annual_cycle.n_migrations     	0
  annual_cycle.recruitment_areas	R1
  annual_cycle.recruitment_time 	1
  annual_cycle.spawning_all_areas	1
  annual_cycle.spawning_p       	1
  annual_cycle.spawning_part_mort	1
  annual_cycle.spawning_time    	1
  annual_cycle.spawning_use_total_B	False
  annual_cycle.time_steps       	1
  area_names                    	R1
  current                       	2010
  final                         	2045
  first_random_year             	2007
  fishery[LL].U_max             	0.95
  fishery[LL].catches           	0 6000 6000 6000 6000 6000 6000 6000 6000 6000 6000 6000 6000 6000 6000 6000 6000 6000 6000 6000 6000
  fishery[LL].future_constant_catches	200
  fishery[LL].selectivity       	SelLL
  fishery[LL].years             	1990 1991 1992 1993 1994 1995 1996 1997 1998 1999 2000 2001 2002 2003 2004 2005 2006 2007 2008 2009 2010
  initial                       	1990
  initialization.B0             	132841
  mature_partition              	False
  maturity_props.all            	allvalues  0 0 0 0 0 0 0 0 0 0 0 0.1667 0.3333 0.5 0.6667 0.8333 1 1 1 1 1 1 1 1 1 1 1 1 1 1
  max_age                       	30
  min_age                       	1
  n_areas                       	1
  n_stocks                      	1
  n_tags                        	5
  natural_mortality.all         	0.155
  plus_group                    	True
  randomisation_method          	lognormal
  recruitment.SR                	BH
  recruitment.YCS               	1 1 1 1 1 1 1 1 1 1 1 1 1 1 1 1 1 1 1 1 1
  recruitment.YCS_years         	1989 1990 1991 1992 1993 1994 1995 1996 1997 1998 1999 2000 2001 2002 2003 2004 2005 2006 2007 2008 2009
  recruitment.first_free        	1989
  recruitment.last_free         	2006
  recruitment.p_male            	0.5
  recruitment.rho               	0
  recruitment.sigma_r           	0.6
  recruitment.steepness         	0.7
  recruitment.year_range        	1989 2006
  selectivity[SelLL].all        	double_normal 10 2 10
  selectivity_names             	SelLL
  sex_partition                 	False
  size_at_age.Linf              	2870.8
  size_at_age.by_length         	True
  size_at_age.cv                	0.1
  size_at_age.k                 	0.02056
  size_at_age.t0                	-4.2897
  size_at_age_dist              	normal
  size_at_age_type              	von_Bert
  size_based                    	False
  size_weight.a                 	2.59e-12
  size_weight.b                 	3.2064
  size_weight.verify_size_weight	500 0.5 1.5
  standardise_YCS               	True
  tag[Tags2005_R1_LL].area      	R1
  tag[Tags2005_R1_LL].class_mins	100 150 200 250 300 350 400 450 500 550 600 650 700 750 800 850 900 950 1000 1050 1100 1150 1200 1250 1300 1350 1400 1450 1500 1550 1600 1650 1700 1750 1800 1850 1900 1950 2000 2050
  tag[Tags2005_R1_LL].mature_only	False
  tag[Tags2005_R1_LL].mortality 	0.1
  tag[Tags2005_R1_LL].number    	25000
  tag[Tags2005_R1_LL].ogive     	SelLL
  tag[Tags2005_R1_LL].plus_group	False
  tag[Tags2005_R1_LL].props_all 	0 0 0 0 0 1e-04 0.001 0.0051 0.0175 0.043 0.0796 0.1146 0.1332 0.1307 0.114 0.0924 0.072 0.0547 0.0409 0.0302 0.0219 0.0156 0.0109 0.0076 0.0052 0.0035 0.0024 0.0016 0.001 7e-04 4e-04 2e-04 1e-04 1e-04 0 0 0 0 0
  tag[Tags2005_R1_LL].release_type	deterministic
  tag[Tags2005_R1_LL].sex       	both
  tag[Tags2005_R1_LL].step      	1
  tag[Tags2005_R1_LL].tag_name  	Tags2005_R1
  tag[Tags2005_R1_LL].year      	2005
  tag[Tags2006_R1_LL].area      	R1
  tag[Tags2006_R1_LL].class_mins	100 150 200 250 300 350 400 450 500 550 600 650 700 750 800 850 900 950 1000 1050 1100 1150 1200 1250 1300 1350 1400 1450 1500 1550 1600 1650 1700 1750 1800 1850 1900 1950 2000 2050
  tag[Tags2006_R1_LL].mature_only	False
  tag[Tags2006_R1_LL].mortality 	0.1
  tag[Tags2006_R1_LL].number    	25000
  tag[Tags2006_R1_LL].ogive     	SelLL
  tag[Tags2006_R1_LL].plus_group	False
  tag[Tags2006_R1_LL].props_all 	0 0 0 0 0 1e-04 0.001 0.0051 0.0176 0.0436 0.0806 0.1157 0.1342 0.1314 0.1143 0.0924 0.0717 0.0543 0.0405 0.0297 0.0214 0.0151 0.0105 0.0071 0.0048 0.0032 0.0021 0.0014 9e-04 6e-04 4e-04 2e-04 1e-04 1e-04 0 0 0 0 0
  tag[Tags2006_R1_LL].release_type	deterministic
  tag[Tags2006_R1_LL].sex       	both
  tag[Tags2006_R1_LL].step      	1
  tag[Tags2006_R1_LL].tag_name  	Tags2006_R1
  tag[Tags2006_R1_LL].year      	2006
  tag[Tags2007_R1_LL].area      	R1
  tag[Tags2007_R1_LL].class_mins	100 150 200 250 300 350 400 450 500 550 600 650 700 750 800 850 900 950 1000 1050 1100 1150 1200 1250 1300 1350 1400 1450 1500 1550 1600 1650 1700 1750 1800 1850 1900 1950 2000 2050
  tag[Tags2007_R1_LL].mature_only	False
  tag[Tags2007_R1_LL].mortality 	0.1
  tag[Tags2007_R1_LL].number    	25000
  tag[Tags2007_R1_LL].ogive     	SelLL
  tag[Tags2007_R1_LL].plus_group	False
  tag[Tags2007_R1_LL].props_all 	0 0 0 0 0 1e-04 0.001 0.0051 0.0177 0.0439 0.0811 0.1158 0.1332 0.13 0.1132 0.0922 0.0722 0.0551 0.0411 0.03 0.0215 0.0152 0.0105 0.0072 0.0049 0.0033 0.0022 0.0014 9e-04 6e-04 3e-04 2e-04 1e-04 0 0 0 0 0 0
  tag[Tags2007_R1_LL].release_type	deterministic
  tag[Tags2007_R1_LL].sex       	both
  tag[Tags2007_R1_LL].step      	1
  tag[Tags2007_R1_LL].tag_name  	Tags2007_R1
  tag[Tags2007_R1_LL].year      	2007
  tag[Tags2008_R1_LL].area      	R1
  tag[Tags2008_R1_LL].class_mins	100 150 200 250 300 350 400 450 500 550 600 650 700 750 800 850 900 950 1000 1050 1100 1150 1200 1250 1300 1350 1400 1450 1500 1550 1600 1650 1700 1750 1800 1850 1900 1950 2000 2050
  tag[Tags2008_R1_LL].mature_only	False
  tag[Tags2008_R1_LL].mortality 	0.1
  tag[Tags2008_R1_LL].number    	25000
  tag[Tags2008_R1_LL].ogive     	SelLL
  tag[Tags2008_R1_LL].plus_group	False
  tag[Tags2008_R1_LL].props_all 	0 0 0 0 0 2e-04 0.0012 0.0056 0.0186 0.0446 0.0812 0.1159 0.134 0.1309 0.1136 0.0918 0.0714 0.0542 0.0404 0.0295 0.0211 0.0148 0.0102 0.007 0.0047 0.0032 0.0021 0.0015 0.001 6e-04 4e-04 2e-04 1e-04 1e-04 0 0 0 0 0
  tag[Tags2008_R1_LL].release_type	deterministic
  tag[Tags2008_R1_LL].sex       	both
  tag[Tags2008_R1_LL].step      	1
  tag[Tags2008_R1_LL].tag_name  	Tags2008_R1
  tag[Tags2008_R1_LL].year      	2008
  tag[Tags2009_R1_LL].area      	R1
  tag[Tags2009_R1_LL].class_mins	100 150 200 250 300 350 400 450 500 550 600 650 700 750 800 850 900 950 1000 1050 1100 1150 1200 1250 1300 1350 1400 1450 1500 1550 1600 1650 1700 1750 1800 1850 1900 1950 2000 2050
  tag[Tags2009_R1_LL].mature_only	False
  tag[Tags2009_R1_LL].mortality 	0.1
  tag[Tags2009_R1_LL].number    	25000
  tag[Tags2009_R1_LL].ogive     	SelLL
  tag[Tags2009_R1_LL].plus_group	False
  tag[Tags2009_R1_LL].props_all 	0 0 0 0 0 1e-04 0.0011 0.0052 0.0176 0.0434 0.0805 0.1157 0.134 0.1312 0.1143 0.0928 0.0724 0.055 0.0408 0.0296 0.0211 0.0148 0.0102 0.007 0.0047 0.0031 0.0021 0.0014 9e-04 6e-04 3e-04 2e-04 1e-04 1e-04 0 0 0 0 0
  tag[Tags2009_R1_LL].release_type	deterministic
  tag[Tags2009_R1_LL].sex       	both
  tag[Tags2009_R1_LL].step      	1
  tag[Tags2009_R1_LL].tag_name  	Tags2009_R1
  tag[Tags2009_R1_LL].year      	2009
  tag_growth_loss[Tags2005_R1].nogrowth_period	0
  tag_growth_loss[Tags2006_R1].nogrowth_period	0
  tag_growth_loss[Tags2007_R1].nogrowth_period	0
  tag_growth_loss[Tags2008_R1].nogrowth_period	0
  tag_growth_loss[Tags2009_R1].nogrowth_period	0
  tag_loss_props                	1
  tag_names                     	Tags2005_R1 Tags2006_R1 Tags2007_R1 Tags2008_R1 Tags2009_R1
  tag_shedding_rate             	0.0084 0.0084 0.0084 0.0084 0.0084
  y_enter                       	1
Stored as DOUBLEs: 
Stored as VECTORs: 
Stored as OGIVEs: 

Output parameters:
Stored as strings: 
  n_projections                 	100
  numbers_at[Numbers_at_age_R1].area	R1
  numbers_at[Numbers_at_age_R1].proportion_mortality	0.5
  numbers_at[Numbers_at_age_R1].step	1
  numbers_at[Numbers_at_age_R1].years	1990 1991 1992 1993 1994 1995 1996 1997 1998 1999 2000 2001 2002 2003 2004 2005 2006 2007 2008 2009 2010
  print.covariance              	true
  print.estimation_section      	true
  print.final_state             	false
  print.fits                    	true
  print.fits_every_eval         	false
  print.initial_state           	false
  print.normalised_resids       	true
  print.objective_every_eval    	false
  print.parameter_vector_every_eval	false
  print.parameters              	true
  print.parameters_every_eval   	false
  print.pearson_resids          	true
  print.requests                	false
  print.resids                  	true
  print.results                 	false
  print.state_annually          	false
  print.state_every_step        	false
  print.unused_parameters       	true
  print.yields                  	true
  quantities.B0                 	true
  quantities.R0                 	true
  quantities.SSBs               	true
  quantities.YCS                	true
  quantities.actual_catches     	false
  quantities.all_free_parameters	true
  quantities.fishing_pressures  	true
  quantities.nuisance_qs        	true
  quantities.recruitments       	true
  quantities.true_YCS           	true
Stored as DOUBLEs: 
Stored as VECTORs: 
Stored as OGIVEs: 

A fish of size 500 cm has a weight of 1.16755 kg in your model. This size-weight scale check assumes that the growth curve is in centimetres, and that the catch is in tonnes.

A fish of size 500 cm has a weight of 1.16755 kg in your model. This size-weight scale check assumes that the growth curve is in centimetres, and that the catch is in tonnes.

Estimation section :

Objective function: Bayes

Minimiser convergence threshold: 0.001


Observations:

The observations are:
LL_catchA
Tags2005_R1_R1
Tags2006_R1_R1
Tags2007_R1_R1
Tags2008_R1_R1
Tags2009_R1_R1
Fits follow:

LL_catchA :
catch proportions-at-age for fishery LL  with ageing error (not constrained to sum to 1):
obs (last class is a plus group):
class 1       2       3       4       5       6       7       8       9       10      11      12      13      14      15      16      17      18      19      20      21      22      23      24      25      26      27      28      29      30      
2000 0       0       0       0       0.003   0.011   0.043   0.103   0.148   0.146   0.131   0.099   0.07    0.054   0.051   0.04    0.024   0.023   0.01    0.013   0.01    0.005   0.004   0.002   0.004   0.002   0.002   0       0.001   0.001   
2001 0       0       0       0.001   0.004   0.021   0.047   0.087   0.156   0.148   0.113   0.092   0.072   0.063   0.046   0.041   0.023   0.02    0.012   0.013   0.008   0.008   0.009   0.005   0.003   0.003   0       0.001   0       0.004   
2002 0       0       0       0       0.006   0.023   0.053   0.107   0.146   0.141   0.11    0.08    0.079   0.064   0.045   0.036   0.026   0.015   0.014   0.011   0.014   0.005   0.009   0.005   0.002   0.005   0       0.002   0       0.002   
2003 0       0       0       0.001   0.007   0.013   0.045   0.112   0.15    0.145   0.101   0.111   0.06    0.074   0.034   0.035   0.023   0.021   0.025   0.01    0.009   0.006   0.004   0.003   0.002   0.002   0.002   0.001   0       0.004   
2004 0       0       0       0.001   0.003   0.017   0.062   0.102   0.157   0.141   0.124   0.097   0.073   0.055   0.039   0.038   0.023   0.019   0.014   0.005   0.004   0.007   0.001   0.002   0.006   0.005   0.003   0       0       0.002   
2005 0       0       0       0.001   0.004   0.013   0.047   0.095   0.143   0.16    0.121   0.087   0.066   0.058   0.048   0.038   0.026   0.03    0.018   0.009   0.012   0.006   0.003   0.003   0.003   0.003   0.002   0.001   0       0.003   
2006 0       0       0       0.001   0.002   0.016   0.048   0.118   0.133   0.135   0.116   0.104   0.082   0.063   0.046   0.034   0.025   0.017   0.015   0.009   0.004   0.007   0.004   0.006   0.004   0.002   0.002   0.003   0.002   0.002   
2007 0       0       0       0.001   0.007   0.017   0.038   0.116   0.142   0.133   0.113   0.106   0.074   0.064   0.044   0.035   0.025   0.017   0.018   0.017   0.012   0.009   0.002   0.002   0.001   0.002   0.002   0       0.001   0.002   
2008 0       0       0       0       0.004   0.012   0.056   0.103   0.155   0.134   0.122   0.086   0.075   0.066   0.047   0.044   0.027   0.022   0.008   0.01    0.005   0.004   0.007   0.003   0.005   0.001   0       0       0       0.004   
2009 0       0       0       0.001   0.003   0.017   0.05    0.132   0.142   0.138   0.125   0.095   0.054   0.068   0.046   0.028   0.033   0.017   0.012   0.008   0.008   0.008   0.002   0.001   0.003   0.002   0       0       0.002   0.005   
2010 0       0       0       0       0.004   0.012   0.05    0.117   0.148   0.141   0.119   0.106   0.078   0.063   0.031   0.038   0.027   0.02    0.013   0.012   0.006   0.002   0.002   0.003   0.002   0       0.002   0.002   0       0.002   
objective function: multinomial likelihood, with delta = 1e-011, N =
100 100 100 100 100 100 100 100 100 100 100 100 100 100 100 100 100 100 100 100 100 100 100 100 100 100 100 100 100 100 
100 100 100 100 100 100 100 100 100 100 100 100 100 100 100 100 100 100 100 100 100 100 100 100 100 100 100 100 100 100 
100 100 100 100 100 100 100 100 100 100 100 100 100 100 100 100 100 100 100 100 100 100 100 100 100 100 100 100 100 100 
100 100 100 100 100 100 100 100 100 100 100 100 100 100 100 100 100 100 100 100 100 100 100 100 100 100 100 100 100 100 
100 100 100 100 100 100 100 100 100 100 100 100 100 100 100 100 100 100 100 100 100 100 100 100 100 100 100 100 100 100 
100 100 100 100 100 100 100 100 100 100 100 100 100 100 100 100 100 100 100 100 100 100 100 100 100 100 100 100 100 100 
100 100 100 100 100 100 100 100 100 100 100 100 100 100 100 100 100 100 100 100 100 100 100 100 100 100 100 100 100 100 
100 100 100 100 100 100 100 100 100 100 100 100 100 100 100 100 100 100 100 100 100 100 100 100 100 100 100 100 100 100 
100 100 100 100 100 100 100 100 100 100 100 100 100 100 100 100 100 100 100 100 100 100 100 100 100 100 100 100 100 100 
100 100 100 100 100 100 100 100 100 100 100 100 100 100 100 100 100 100 100 100 100 100 100 100 100 100 100 100 100 100 
100 100 100 100 100 100 100 100 100 100 100 100 100 100 100 100 100 100 100 100 100 100 100 100 100 100 100 100 100 100 

Tags2005_R1_R1 :
tag-recapture data for tag Tags2005_R1 in years 2006 2007 2008 2009 2010 , step 1, after proportion 0.5 of mortality, with sampling method size, detection probability 1.
Year 2006
class scanned recaptured
100 0 0
150 0 0
200 0 0
250 0 0
300 12 0
350 136 0
400 1000 0
450 4906 0.4
500 16734 2.5
550 41272 10.5
600 76258 29.9
650 109356 60.3
700 126608 90.3
750 123954 105.8
800 107946 103.1
850 87526 88
900 68156 68.5
950 51728 50.4
1000 38450 35.6
1050 28026 24.5
1100 20046 16.3
1150 14082 10.5
1200 9736 6.6
1250 6646 4
1300 4498 2.5
1350 3034 1.5
1400 2042 1
1450 1368 0.6
1500 904 0.4
1550 578 0.3
1600 352 0.2
1650 200 0.1
1700 106 0.1
1750 52 0
1800 22 0
1850 8 0
1900 4 0
1950 2 0
2000 0 0


Year 2007
class scanned recaptured
100 0 0
150 0 0
200 0 0
250 0 0
300 12 0
350 136 0
400 1002 0
450 4918 0.1
500 16774 0.8
550 41370 4.1
600 76434 14
650 109600 33.6
700 126882 59.1
750 124210 80.3
800 108156 88
850 87686 81.3
900 68274 66.2
950 51810 49.4
1000 38504 35
1050 28054 24
1100 20050 16.1
1150 14066 10.5
1200 9704 6.7
1250 6604 4.1
1300 4454 2.5
1350 2992 1.5
1400 2006 0.8
1450 1340 0.5
1500 884 0.2
1550 564 0.1
1600 344 0
1650 196 0
1700 104 0
1750 50 0
1800 22 0
1850 8 0
1900 4 0
1950 0 0
2000 0 0


Year 2008
class scanned recaptured
100 0 0
150 0 0
200 0 0
250 0 0
300 12 0
350 136 0
400 1004 0
450 4928 0
500 16808 0.3
550 41452 1.7
600 76582 6.1
650 109802 15.7
700 127104 30.4
750 124414 46.4
800 108320 58.1
850 87808 62
900 68360 58.2
950 51870 49.3
1000 38544 38.6
1050 28076 28.4
1100 20056 19.6
1150 14060 12.8
1200 9686 7.9
1250 6578 4.7
1300 4422 2.7
1350 2960 1.5
1400 1978 0.8
1450 1316 0.4
1500 866 0.2
1550 552 0.1
1600 336 0
1650 192 0
1700 102 0
1750 50 0
1800 22 0
1850 8 0
1900 4 0
1950 0 0
2000 0 0


Year 2009
class scanned recaptured
100 0 0
150 0 0
200 0 0
250 0 0
300 12 0
350 136 0
400 1006 0
450 4938 0
500 16840 0.1
550 41528 0.5
600 76712 2.1
650 109978 6.4
700 127294 14.5
750 124582 25.9
800 108452 37.3
850 87902 44.7
900 68424 46
950 51912 41.8
1000 38570 34.3
1050 28092 25.8
1100 20062 18
1150 14056 11.8
1200 9676 7.4
1250 6560 4.4
1300 4400 2.5
1350 2936 1.3
1400 1954 0.7
1450 1296 0.3
1500 850 0.1
1550 542 0.1
1600 330 0
1650 188 0
1700 100 0
1750 48 0
1800 22 0
1850 8 0
1900 2 0
1950 0 0
2000 0 0


Year 2010
class scanned recaptured
100 0 0
150 0 0
200 0 0
250 0 0
300 12 0
350 136 0
400 1008 0
450 4946 0
500 16870 0
550 41596 0.2
600 76832 0.7
650 110138 2.5
700 127460 6.6
750 124726 14
800 108560 23.9
850 87974 33.4
900 68470 38.7
950 51942 38
1000 38588 32.5
1050 28100 25
1100 20064 17.8
1150 14054 12.1
1200 9668 7.8
1250 6548 4.8
1300 4386 2.9
1350 2918 1.7
1400 1938 1
1450 1280 0.6
1500 836 0.3
1550 532 0.2
1600 322 0.1
1650 184 0
1700 98 0
1750 46 0
1800 20 0
1850 8 0
1900 2 0
1950 0 0
2000 0 0


Tags2006_R1_R1 :
tag-recapture data for tag Tags2006_R1 in years 2007 2008 2009 2010 , step 1, after proportion 0.5 of mortality, with sampling method size, detection probability 1.
Year 2007
class scanned recaptured
100 0 0
150 0 0
200 0 0
250 0 0
300 12 0
350 136 0
400 1002 0
450 4918 0.5
500 16774 2.9
550 41370 11.5
600 76434 31.4
650 109600 61.9
700 126882 92.2
750 124210 108.2
800 108156 104.7
850 87686 87.8
900 68274 67
950 51810 48.3
1000 38504 33.6
1050 28054 22.8
1100 20050 15.2
1150 14066 9.8
1200 9704 6.2
1250 6604 3.7
1300 4454 2.1
1350 2992 1.2
1400 2006 0.6
1450 1340 0.3
1500 884 0.1
1550 564 0.1
1600 344 0
1650 196 0
1700 104 0
1750 50 0
1800 22 0
1850 8 0
1900 4 0
1950 0 0
2000 0 0


Year 2008
class scanned recaptured
100 0 0
150 0 0
200 0 0
250 0 0
300 12 0
350 136 0
400 1004 0
450 4928 0.2
500 16808 1.2
550 41452 5.6
600 76582 17.3
650 109802 38.1
700 127104 62.9
750 124414 80.8
800 108320 84.6
850 87808 76.2
900 68360 62.1
950 51870 47.7
1000 38544 34.9
1050 28076 24.5
1100 20056 16.6
1150 14060 11
1200 9686 7.2
1250 6578 4.6
1300 4422 2.9
1350 2960 1.7
1400 1978 0.9
1450 1316 0.5
1500 866 0.2
1550 552 0.1
1600 336 0
1650 192 0
1700 102 0
1750 50 0
1800 22 0
1850 8 0
1900 4 0
1950 0 0
2000 0 0


Year 2009
class scanned recaptured
100 0 0
150 0 0
200 0 0
250 0 0
300 12 0
350 136 0
400 1006 0
450 4938 0
500 16840 0.4
550 41528 1.9
600 76712 6.7
650 109978 17.4
700 127294 33.8
750 124582 51.2
800 108452 62.7
850 87902 65
900 68424 59
950 51912 48.5
1000 38570 36.8
1050 28092 25.9
1100 20062 17.2
1150 14056 10.9
1200 9676 6.6
1250 6560 3.9
1300 4400 2.3
1350 2936 1.3
1400 1954 0.7
1450 1296 0.4
1500 850 0.2
1550 542 0.1
1600 330 0
1650 188 0
1700 100 0
1750 48 0
1800 22 0
1850 8 0
1900 2 0
1950 0 0
2000 0 0


Year 2010
class scanned recaptured
100 0 0
150 0 0
200 0 0
250 0 0
300 12 0
350 136 0
400 1008 0
450 4946 0
500 16870 0.1
550 41596 0.5
600 76832 2.2
650 110138 6.8
700 127460 16.1
750 124726 29.6
800 108560 43.3
850 87974 51.8
900 68470 52.7
950 51942 47.2
1000 38588 38.2
1050 28100 28.7
1100 20064 20.4
1150 14054 14.1
1200 9668 9.4
1250 6548 6.2
1300 4386 3.9
1350 2918 2.3
1400 1938 1.3
1450 1280 0.7
1500 836 0.3
1550 532 0.2
1600 322 0.1
1650 184 0
1700 98 0
1750 46 0
1800 20 0
1850 8 0
1900 2 0
1950 0 0
2000 0 0


Tags2007_R1_R1 :
tag-recapture data for tag Tags2007_R1 in years 2008 2009 2010 , step 1, after proportion 0.5 of mortality, with sampling method size, detection probability 1.
Year 2008
class scanned recaptured
100 0 0
150 0 0
200 0 0
250 0 0
300 12 0
350 136 0
400 1004 0
450 4928 0.4
500 16808 2.6
550 41452 10.7
600 76582 29.9
650 109802 59
700 127104 86.9
750 124414 100.4
800 108320 96.7
850 87808 82.7
900 68360 66
950 51870 50.4
1000 38544 36.9
1050 28076 26
1100 20056 17.7
1150 14060 11.5
1200 9686 7.2
1250 6578 4.3
1300 4422 2.5
1350 2960 1.4
1400 1978 0.8
1450 1316 0.5
1500 866 0.3
1550 552 0.1
1600 336 0.1
1650 192 0
1700 102 0
1750 50 0
1800 22 0
1850 8 0
1900 4 0
1950 0 0
2000 0 0


Year 2009
class scanned recaptured
100 0 0
150 0 0
200 0 0
250 0 0
300 12 0
350 136 0
400 1006 0
450 4938 0.1
500 16840 1
550 41528 4.8
600 76712 15.3
650 109978 35.3
700 127294 60.2
750 124582 79
800 108452 83.4
850 87902 74.6
900 68424 59.7
950 51912 44.9
1000 38570 32.6
1050 28092 23
1100 20062 15.7
1150 14056 10.4
1200 9676 6.6
1250 6560 4
1300 4400 2.4
1350 2936 1.3
1400 1954 0.7
1450 1296 0.4
1500 850 0.2
1550 542 0.1
1600 330 0
1650 188 0
1700 100 0
1750 48 0
1800 22 0
1850 8 0
1900 2 0
1950 0 0
2000 0 0


Year 2010
class scanned recaptured
100 0 0
150 0 0
200 0 0
250 0 0
300 12 0
350 136 0
400 1008 0
450 4946 0.1
500 16870 0.4
550 41596 2
600 76832 7.3
650 110138 18.6
700 127460 35.6
750 124726 53
800 108560 64.1
850 87974 65.5
900 68470 58.6
950 51942 47.2
1000 38588 34.9
1050 28100 24.1
1100 20064 15.8
1150 14054 10.2
1200 9668 6.5
1250 6548 4
1300 4386 2.4
1350 2918 1.4
1400 1938 0.7
1450 1280 0.3
1500 836 0.1
1550 532 0.1
1600 322 0
1650 184 0
1700 98 0
1750 46 0
1800 20 0
1850 8 0
1900 2 0
1950 0 0
2000 0 0


Tags2008_R1_R1 :
tag-recapture data for tag Tags2008_R1 in years 2009 2010 , step 1, after proportion 0.5 of mortality, with sampling method size, detection probability 1.
Year 2009
class scanned recaptured
100 0 0
150 0 0
200 0 0
250 0 0
300 12 0
350 136 0
400 1006 0.1
450 4938 0.5
500 16840 2.7
550 41528 10.7
600 76712 29.5
650 109978 59.2
700 127294 88.8
750 124582 104.5
800 108452 101.4
850 87902 85.9
900 68424 66.7
950 51912 49.2
1000 38570 34.9
1050 28092 24
1100 20062 16
1150 14056 10.1
1200 9676 6
1250 6560 3.4
1300 4400 1.9
1350 2936 1
1400 1954 0.6
1450 1296 0.4
1500 850 0.2
1550 542 0.1
1600 330 0.1
1650 188 0.1
1700 100 0
1750 48 0
1800 22 0
1850 8 0
1900 2 0
1950 0 0
2000 0 0


Year 2010
class scanned recaptured
100 0 0
150 0 0
200 0 0
250 0 0
300 12 0
350 136 0
400 1008 0
450 4946 0.2
500 16870 1.2
550 41596 5.2
600 76832 15.7
650 110138 34.5
700 127460 58.1
750 124726 78.7
800 108560 88.3
850 87974 84.7
900 68470 71.5
950 51942 54.6
1000 38588 38.8
1050 28100 26.1
1100 20064 16.9
1150 14054 10.6
1200 9668 6.5
1250 6548 3.9
1300 4386 2.2
1350 2918 1.2
1400 1938 0.6
1450 1280 0.3
1500 836 0.1
1550 532 0.1
1600 322 0
1650 184 0
1700 98 0
1750 46 0
1800 20 0
1850 8 0
1900 2 0
1950 0 0
2000 0 0


Tags2009_R1_R1 :
tag-recapture data for tag Tags2009_R1 in years 2010 , step 1, after proportion 0.5 of mortality, with sampling method size, detection probability 1.
Year 2010
class scanned recaptured
100 0 0
150 0 0
200 0 0
250 0 0
300 12 0
350 136 0
400 1008 0
450 4946 0.3
500 16870 2.2
550 41596 9.3
600 76832 27.1
650 110138 56.8
700 127460 89
750 124726 108.8
800 108560 108.6
850 87974 93
900 68470 72
950 51942 52.5
1000 38588 37
1050 28100 25.3
1100 20064 16.6
1150 14054 10.4
1200 9668 6.4
1250 6548 3.8
1300 4386 2.3
1350 2918 1.3
1400 1938 0.7
1450 1280 0.3
1500 836 0.1
1550 532 0.1
1600 322 0
1650 184 0
1700 98 0
1750 46 0
1800 20 0
1850 8 0
1900 2 0
1950 0 0
2000 0 0



Ageing_error:
  Misclassification matrix:
1 0 0 0 0 0 0 0 0 0 0 0 0 0 0 0 0 0 0 0 0 0 0 0 0 0 0 0 0 0 
0 1 0 0 0 0 0 0 0 0 0 0 0 0 0 0 0 0 0 0 0 0 0 0 0 0 0 0 0 0 
0 0 1 0 0 0 0 0 0 0 0 0 0 0 0 0 0 0 0 0 0 0 0 0 0 0 0 0 0 0 
0 0 0 1 0 0 0 0 0 0 0 0 0 0 0 0 0 0 0 0 0 0 0 0 0 0 0 0 0 0 
0 0 0 0 1 0 0 0 0 0 0 0 0 0 0 0 0 0 0 0 0 0 0 0 0 0 0 0 0 0 
0 0 0 0 0 1 0 0 0 0 0 0 0 0 0 0 0 0 0 0 0 0 0 0 0 0 0 0 0 0 
0 0 0 0 0 0 1 0 0 0 0 0 0 0 0 0 0 0 0 0 0 0 0 0 0 0 0 0 0 0 
0 0 0 0 0 0 0 1 0 0 0 0 0 0 0 0 0 0 0 0 0 0 0 0 0 0 0 0 0 0 
0 0 0 0 0 0 0 0 1 0 0 0 0 0 0 0 0 0 0 0 0 0 0 0 0 0 0 0 0 0 
0 0 0 0 0 0 0 0 0 1 0 0 0 0 0 0 0 0 0 0 0 0 0 0 0 0 0 0 0 0 
0 0 0 0 0 0 0 0 0 0 1 0 0 0 0 0 0 0 0 0 0 0 0 0 0 0 0 0 0 0 
0 0 0 0 0 0 0 0 0 0 0 1 0 0 0 0 0 0 0 0 0 0 0 0 0 0 0 0 0 0 
0 0 0 0 0 0 0 0 0 0 0 0 1 0 0 0 0 0 0 0 0 0 0 0 0 0 0 0 0 0 
0 0 0 0 0 0 0 0 0 0 0 0 0 1 0 0 0 0 0 0 0 0 0 0 0 0 0 0 0 0 
0 0 0 0 0 0 0 0 0 0 0 0 0 0 1 0 0 0 0 0 0 0 0 0 0 0 0 0 0 0 
0 0 0 0 0 0 0 0 0 0 0 0 0 0 0 1 0 0 0 0 0 0 0 0 0 0 0 0 0 0 
0 0 0 0 0 0 0 0 0 0 0 0 0 0 0 0 1 0 0 0 0 0 0 0 0 0 0 0 0 0 
0 0 0 0 0 0 0 0 0 0 0 0 0 0 0 0 0 1 0 0 0 0 0 0 0 0 0 0 0 0 
0 0 0 0 0 0 0 0 0 0 0 0 0 0 0 0 0 0 1 0 0 0 0 0 0 0 0 0 0 0 
0 0 0 0 0 0 0 0 0 0 0 0 0 0 0 0 0 0 0 1 0 0 0 0 0 0 0 0 0 0 
0 0 0 0 0 0 0 0 0 0 0 0 0 0 0 0 0 0 0 0 1 0 0 0 0 0 0 0 0 0 
0 0 0 0 0 0 0 0 0 0 0 0 0 0 0 0 0 0 0 0 0 1 0 0 0 0 0 0 0 0 
0 0 0 0 0 0 0 0 0 0 0 0 0 0 0 0 0 0 0 0 0 0 1 0 0 0 0 0 0 0 
0 0 0 0 0 0 0 0 0 0 0 0 0 0 0 0 0 0 0 0 0 0 0 1 0 0 0 0 0 0 
0 0 0 0 0 0 0 0 0 0 0 0 0 0 0 0 0 0 0 0 0 0 0 0 1 0 0 0 0 0 
0 0 0 0 0 0 0 0 0 0 0 0 0 0 0 0 0 0 0 0 0 0 0 0 0 1 0 0 0 0 
0 0 0 0 0 0 0 0 0 0 0 0 0 0 0 0 0 0 0 0 0 0 0 0 0 0 1 0 0 0 
0 0 0 0 0 0 0 0 0 0 0 0 0 0 0 0 0 0 0 0 0 0 0 0 0 0 0 1 0 0 
0 0 0 0 0 0 0 0 0 0 0 0 0 0 0 0 0 0 0 0 0 0 0 0 0 0 0 0 1 0 
0 0 0 0 0 0 0 0 0 0 0 0 0 0 0 0 0 0 0 0 0 0 0 0 0 0 0 0 0 1 

Free parameters:

initialization.B0
uniform: bounds from 5000 to 500000
current value: 132841
lower bound: 5000
upper bound: 500000


Q's:
qs are nuisance parameters

Penalties:
LL_Penalty :
Catch limit penalty of 1000 x the sum of squares of (log(actual catch) - log(specified catch)) for fishery LL to disencourage breaking exploitation rate limits
meanYCS_1 :
Vector average penalty of 100 x square of (mean(recruitment.YCS) - 1) 
Penalty_Tags2005_R1_LL :
'Fish-must-be-tagged' penalty of 1 x square of (actual number of tagged fish - nominal number of tagged fish) for tagging episode Tags2005_R1_LL
Penalty_Tags2006_R1_LL :
'Fish-must-be-tagged' penalty of 1 x square of (actual number of tagged fish - nominal number of tagged fish) for tagging episode Tags2006_R1_LL
Penalty_Tags2007_R1_LL :
'Fish-must-be-tagged' penalty of 1 x square of (actual number of tagged fish - nominal number of tagged fish) for tagging episode Tags2007_R1_LL
Penalty_Tags2008_R1_LL :
'Fish-must-be-tagged' penalty of 1 x square of (actual number of tagged fish - nominal number of tagged fish) for tagging episode Tags2008_R1_LL
Penalty_Tags2009_R1_LL :
'Fish-must-be-tagged' penalty of 1 x square of (actual number of tagged fish - nominal number of tagged fish) for tagging episode Tags2009_R1_LL

Components of the objective function are:
  LL_catchA
  Tags2005_R1_R1
  Tags2006_R1_R1
  Tags2007_R1_R1
  Tags2008_R1_R1
  Tags2009_R1_R1
  prior_on_initialization.B0
  LL_Penalty
  meanYCS_1
  Penalty_Tags2005_R1_LL
  Penalty_Tags2006_R1_LL
  Penalty_Tags2007_R1_LL
  Penalty_Tags2008_R1_LL
  Penalty_Tags2009_R1_LL

Random number seed : 18796


Minimiser achieved convergence after 9 quasi-Newton iterations using 13 objective function evaluations



Approximate Covariance matrix (Inverse Hessian of parameters at point estimate):
3.36703e+006 

Correlation matrix:
1 

List of parameter names, in the same order as the rows & cols of the covariance/correlation matrices:
initialization.B0 



Start extracting output from here

Point estimate:
initialization.B0
current value: 201162
lower bound: 5000
upper bound: 500000


In a format suitable for -i :

initialization.B0 
201162 

Objective function : 1152.45

Components :
LL_catchA                                          324.29
Tags2005_R1_R1                                     254.956
Tags2006_R1_R1                                     224.215
Tags2007_R1_R1                                     173.877
Tags2008_R1_R1                                     118.262
Tags2009_R1_R1                                     56.8514
prior_on_initialization.B0                         0
LL_Penalty                                         0
meanYCS_1                                          0
Penalty_Tags2005_R1_LL                             0
Penalty_Tags2006_R1_LL                             1.32349e-023
Penalty_Tags2007_R1_LL                             5.29396e-023
Penalty_Tags2008_R1_LL                             5.29396e-023
Penalty_Tags2009_R1_LL                             1.32349e-023

Fits : 

The observations are:
LL_catchA
Tags2005_R1_R1
Tags2006_R1_R1
Tags2007_R1_R1
Tags2008_R1_R1
Tags2009_R1_R1
Fits follow:

LL_catchA :
catch proportions-at-age for fishery LL  with ageing error (not constrained to sum to 1):
obs (last class is a plus group):
class 1       2       3       4       5       6       7       8       9       10      11      12      13      14      15      16      17      18      19      20      21      22      23      24      25      26      27      28      29      30      
2000 0       0       0       0       0.003   0.011   0.043   0.103   0.148   0.146   0.131   0.099   0.07    0.054   0.051   0.04    0.024   0.023   0.01    0.013   0.01    0.005   0.004   0.002   0.004   0.002   0.002   0       0.001   0.001   
2001 0       0       0       0.001   0.004   0.021   0.047   0.087   0.156   0.148   0.113   0.092   0.072   0.063   0.046   0.041   0.023   0.02    0.012   0.013   0.008   0.008   0.009   0.005   0.003   0.003   0       0.001   0       0.004   
2002 0       0       0       0       0.006   0.023   0.053   0.107   0.146   0.141   0.11    0.08    0.079   0.064   0.045   0.036   0.026   0.015   0.014   0.011   0.014   0.005   0.009   0.005   0.002   0.005   0       0.002   0       0.002   
2003 0       0       0       0.001   0.007   0.013   0.045   0.112   0.15    0.145   0.101   0.111   0.06    0.074   0.034   0.035   0.023   0.021   0.025   0.01    0.009   0.006   0.004   0.003   0.002   0.002   0.002   0.001   0       0.004   
2004 0       0       0       0.001   0.003   0.017   0.062   0.102   0.157   0.141   0.124   0.097   0.073   0.055   0.039   0.038   0.023   0.019   0.014   0.005   0.004   0.007   0.001   0.002   0.006   0.005   0.003   0       0       0.002   
2005 0       0       0       0.001   0.004   0.013   0.047   0.095   0.143   0.16    0.121   0.087   0.066   0.058   0.048   0.038   0.026   0.03    0.018   0.009   0.012   0.006   0.003   0.003   0.003   0.003   0.002   0.001   0       0.003   
2006 0       0       0       0.001   0.002   0.016   0.048   0.118   0.133   0.135   0.116   0.104   0.082   0.063   0.046   0.034   0.025   0.017   0.015   0.009   0.004   0.007   0.004   0.006   0.004   0.002   0.002   0.003   0.002   0.002   
2007 0       0       0       0.001   0.007   0.017   0.038   0.116   0.142   0.133   0.113   0.106   0.074   0.064   0.044   0.035   0.025   0.017   0.018   0.017   0.012   0.009   0.002   0.002   0.001   0.002   0.002   0       0.001   0.002   
2008 0       0       0       0       0.004   0.012   0.056   0.103   0.155   0.134   0.122   0.086   0.075   0.066   0.047   0.044   0.027   0.022   0.008   0.01    0.005   0.004   0.007   0.003   0.005   0.001   0       0       0       0.004   
2009 0       0       0       0.001   0.003   0.017   0.05    0.132   0.142   0.138   0.125   0.095   0.054   0.068   0.046   0.028   0.033   0.017   0.012   0.008   0.008   0.008   0.002   0.001   0.003   0.002   0       0       0.002   0.005   
2010 0       0       0       0       0.004   0.012   0.05    0.117   0.148   0.141   0.119   0.106   0.078   0.063   0.031   0.038   0.027   0.02    0.013   0.012   0.006   0.002   0.002   0.003   0.002   0       0.002   0.002   0       0.002   
fits (last class is a plus group):
class 1       2       3       4       5       6       7       8       9       10      11      12      13      14      15      16      17      18      19      20      21      22      23      24      25      26      27      28      29      30      
2000 4.82095e-007 7.87842e-006 9.10361e-005 0.000743756 0.00429577 0.0175333 0.050492 0.10219 0.144523 0.142532 0.116501 0.0940039 0.0749257 0.0590276 0.0460012 0.0355213 0.0272738 0.0209238 0.0160652 0.0122656 0.00925706 0.00690183 0.00508021 0.00368939 0.00264199 0.00186463 0.00129645 0.000887725 0.000598501 0.00286447 
2001 4.83308e-007 7.89816e-006 9.12676e-005 0.000745715 0.00430768 0.017585 0.0506504 0.102523 0.144989 0.142956 0.116954 0.0943055 0.0751112 0.0591253 0.0460244 0.035454 0.0270697 0.0205558 0.0155982 0.0118463 0.00894598 0.00667732 0.00492276 0.00358219 0.00257122 0.00181938 0.00126848 0.000871037 0.000588915 0.00285211 
2002 4.8429e-007 7.91383e-006 9.14478e-005 0.000747215 0.00431674 0.0176244 0.0507717 0.102781 0.145353 0.143288 0.117187 0.0945795 0.0752796 0.0592156 0.0460578 0.0354399 0.0269948 0.0203848 0.0153115 0.011493 0.00863373 0.0064483 0.00475934 0.00346886 0.00249491 0.00176955 0.00123695 0.000851744 0.000577511 0.00283364 
2003 4.85124e-007 7.92691e-006 9.15946e-005 0.000748407 0.00432378 0.0176546 0.0508648 0.10298 0.145635 0.143546 0.117368 0.0946951 0.0754407 0.0593038 0.0460944 0.0354405 0.0269656 0.020315 0.0151746 0.011275 0.00837144 0.00621983 0.00459371 0.00335204 0.00241482 0.00171624 0.00120254 0.000830218 0.000564483 0.00280918 
2004 4.85871e-007 7.93846e-006 9.17217e-005 0.00074941 0.00432953 0.0176787 0.0509376 0.103134 0.145853 0.143745 0.117507 0.0947833 0.0754872 0.0593955 0.0461364 0.0354488 0.0269516 0.0202826 0.0151153 0.011169 0.00820902 0.00602839 0.00442923 0.00323418 0.00233268 0.00166059 0.00116594 0.00080687 0.000550052 0.00277888 
2005 4.86578e-007 7.94926e-006 9.18388e-005 0.000750315 0.00433456 0.017699 0.0509969 0.103257 0.146023 0.143896 0.117611 0.0948489 0.0755208 0.0594038 0.0461865 0.0354654 0.0269466 0.020264 0.0150855 0.0111214 0.00812915 0.00590958 0.00429164 0.00311752 0.00225008 0.00160371 0.00112787 0.00078214 0.00053447 0.0027429 
2006 4.87314e-007 7.96055e-006 9.19607e-005 0.000751249 0.00433964 0.0177188 0.0510525 0.103365 0.146164 0.14401 0.117683 0.0948906 0.0755396 0.0594047 0.0461738 0.03549 0.0269493 0.0202533 0.0150669 0.0110964 0.00809249 0.0058508 0.00420625 0.00302018 0.00216861 0.00154674 0.00108912 0.000756536 0.000518048 0.00270169 
2007 4.88057e-007 7.97186e-006 9.20828e-005 0.000752176 0.00434464 0.0177379 0.0511042 0.103463 0.146285 0.144103 0.117733 0.0949138 0.0755457 0.0593986 0.0461589 0.0354688 0.0269597 0.0202496 0.015055 0.01108 0.00807247 0.0058232 0.00416362 0.00295958 0.00210056 0.00149051 0.00105029 0.000730452 0.000501029 0.00265532 
2008 4.88817e-007 7.98341e-006 9.22066e-005 0.000753117 0.00434966 0.0177569 0.0511546 0.103554 0.146393 0.144181 0.117771 0.0949233 0.0755396 0.0593846 0.0461401 0.035447 0.0269362 0.0202522 0.0150486 0.0110688 0.00805892 0.00580771 0.00414328 0.00292912 0.00205812 0.00144355 0.00101199 0.000704327 0.000483704 0.00260419 
2009 4.89596e-007 7.99527e-006 9.23338e-005 0.000754077 0.0043548 0.0177762 0.0512051 0.103644 0.146496 0.14425 0.117799 0.0949245 0.0755244 0.0593623 0.0461161 0.0354229 0.0269128 0.0202297 0.0150472 0.0110618 0.00804924 0.00579697 0.0041316 0.00291439 0.00203667 0.00141422 0.000979994 0.000678573 0.00046636 0.00254881 
2010 4.90398e-007 8.00748e-006 9.24646e-005 0.000755065 0.00436005 0.0177959 0.0512565 0.103735 0.146598 0.144315 0.117821 0.0949199 0.0755037 0.0593336 0.0460861 0.0353952 0.0268878 0.0202073 0.0150272 0.0110586 0.00804269 0.00578902 0.00412332 0.00290577 0.00202617 0.00139932 0.000959973 0.000657055 0.000449265 0.00248979 
resids (last class is a plus group):
class 1       2       3       4       5       6       7       8       9       10      11      12      13      14      15      16      17      18      19      20      21      22      23      24      25      26      27      28      29      30      
2000 -4.82095e-007 -7.87842e-006 -9.10361e-005 -0.000743756 -0.00129577 -0.00653326 -0.00749196 0.000810275 0.00347746 0.0034679 0.0144988 0.00499611 -0.00492568 -0.0050276 0.00499884 0.00447867 -0.00327379 0.00207625 -0.00606522 0.000734403 0.000742945 -0.00190183 -0.00108021 -0.00168939 0.00135801 0.000135375 0.000703553 -0.000887725 0.000401499 -0.00186447 
2001 -4.83308e-007 -7.89816e-006 -9.12676e-005 0.000254285 -0.000307684 0.00341498 -0.00365038 -0.0155231 0.011011 0.00504396 -0.00395353 -0.00230547 -0.00311122 0.00387467 -2.43814e-005 0.00554603 -0.00406975 -0.000555785 -0.00359824 0.00115365 -0.000945976 0.00132268 0.00407724 0.00141781 0.000428784 0.00118062 -0.00126848 0.000128963 -0.000588915 0.00114789 
2002 -4.8429e-007 -7.91383e-006 -9.14478e-005 -0.000747215 0.00168326 0.00537563 0.00222834 0.00421898 0.000646765 -0.00228803 -0.00718691 -0.0145795 0.0037204 0.00478444 -0.00105783 0.000560139 -0.000994796 -0.00538479 -0.00131149 -0.000493033 0.00536627 -0.0014483 0.00424066 0.00153114 -0.000494908 0.00323045 -0.00123695 0.00114826 -0.000577511 -0.000833636 
2003 -4.85124e-007 -7.92691e-006 -9.15946e-005 0.000251593 0.00267622 -0.00465465 -0.00586478 0.00902022 0.00436458 0.00145392 -0.0163681 0.0163049 -0.0154407 0.0146962 -0.0120944 -0.000440453 -0.00396558 0.000685013 0.00982544 -0.00127498 0.000628564 -0.000219835 -0.00059371 -0.000352037 -0.000414824 0.000283759 0.000797464 0.000169782 -0.000564483 0.00119082 
2004 -4.85871e-007 -7.93846e-006 -9.17217e-005 0.00025059 -0.00132953 -0.000678707 0.0110624 -0.00113405 0.0111466 -0.00274455 0.00649294 0.00221667 -0.00248717 -0.00439546 -0.00713642 0.0025512 -0.0039516 -0.00128263 -0.00111525 -0.006169 -0.00420902 0.000971614 -0.00342923 -0.00123418 0.00366732 0.00333941 0.00183406 -0.00080687 -0.000550052 -0.000778877 
2005 -4.86578e-007 -7.94926e-006 -9.18388e-005 0.000249685 -0.000334555 -0.00469895 -0.00399691 -0.00825658 -0.00302316 0.016104 0.00338864 -0.00784887 -0.00952084 -0.00140383 0.00181354 0.00253457 -0.00094655 0.00973602 0.00291454 -0.00212138 0.00387085 9.0418e-005 -0.00129164 -0.000117524 0.000749915 0.00139629 0.000872129 0.00021786 -0.00053447 0.000257102 
2006 -4.87314e-007 -7.96055e-006 -9.19607e-005 0.000248751 -0.00233964 -0.00171883 -0.00305249 0.0146348 -0.0131636 -0.00901025 -0.00168309 0.00910936 0.00646039 0.00359532 -0.000173839 -0.00148998 -0.00194933 -0.00325334 -6.69483e-005 -0.00209638 -0.00409249 0.0011492 -0.000206255 0.00297982 0.00183139 0.000453259 0.000910876 0.00224346 0.00148195 -0.000701688 
2007 -4.88057e-007 -7.97186e-006 -9.20828e-005 0.000247824 0.00265536 -0.000737911 -0.0131042 0.0125374 -0.00428451 -0.0111027 -0.00473342 0.0110862 -0.00154565 0.0046014 -0.00215888 -0.000468826 -0.00195974 -0.00324963 0.00294498 0.00591997 0.00392753 0.0031768 -0.00216362 -0.000959576 -0.00110056 0.000509486 0.000949713 -0.000730452 0.000498971 -0.000655318 
2008 -4.88817e-007 -7.98341e-006 -9.22066e-005 -0.000753117 -0.000349664 -0.00575691 0.00484538 -0.000554394 0.00860654 -0.0101811 0.00422934 -0.00892334 -0.000539617 0.00661543 0.000859942 0.00855301 6.37666e-005 0.00174779 -0.00704864 -0.0010688 -0.00305892 -0.00180771 0.00285672 7.08756e-005 0.00294188 -0.000443553 -0.00101199 -0.000704327 -0.000483704 0.00139581 
2009 -4.89596e-007 -7.99527e-006 -9.23338e-005 0.000245923 -0.0013548 -0.000776177 -0.00120513 0.0283556 -0.00449647 -0.00625047 0.00720099 7.54614e-005 -0.0215244 0.00863767 -0.000116061 -0.00742293 0.00608724 -0.0032297 -0.00304721 -0.00306184 -4.92391e-005 0.00220303 -0.0021316 -0.00191439 0.000963327 0.000585784 -0.000979994 -0.000678573 0.00153364 0.00245119 
2010 -4.90398e-007 -8.00748e-006 -9.24646e-005 -0.000755065 -0.000360052 -0.00579591 -0.0012565 0.013265 0.00140204 -0.00331547 0.00117853 0.0110801 0.00249635 0.00366643 -0.0150861 0.00260482 0.000112212 -0.000207342 -0.00202721 0.00094144 -0.00204269 -0.00378902 -0.00212332 9.42293e-005 -2.61683e-005 -0.00139932 0.00104003 0.00134295 -0.000449265 -0.000489786 
pearson_resids (last class is a plus group):
class 1       2       3       4       5       6       7       8       9       10      11      12      13      14      15      16      17      18      19      20      21      22      23      24      25      26      27      28      29      30      
2000 -0.00694331 -0.0280686 -0.0954172 -0.27282 -0.198126 -0.497783 -0.342165 0.0267508 0.0988986 0.0991976 0.451921 0.171197 -0.187095 -0.213327 0.238622 0.241968 -0.200994 0.145061 -0.482414 0.0667221 0.0775782 -0.229717 -0.15194 -0.278647 0.264553 0.0313796 0.195525 -0.29808 0.164166 -0.348864 
2001 -0.00695204 -0.0281038 -0.0955384 0.0931529 -0.0469808 0.259818 -0.166469 -0.511748 0.312733 0.144102 -0.123023 -0.0788859 -0.118041 0.164279 -0.00116358 0.299908 -0.250775 -0.0391696 -0.290379 0.106628 -0.100466 0.162409 0.582551 0.237314 0.0846697 0.277041 -0.356383 0.0437156 -0.242747 0.215247 
2002 -0.0069591 -0.0281317 -0.0956327 -0.273455 0.256751 0.408539 0.101505 0.138932 0.0183502 -0.065304 -0.223444 -0.498217 0.141009 0.202707 -0.0504663 0.030296 -0.0613813 -0.381055 -0.106808 -0.0462561 0.580037 -0.180942 0.616163 0.260421 -0.0992064 0.76863 -0.351921 0.393613 -0.240384 -0.156827 
2003 -0.00696509 -0.0281549 -0.0957095 0.092001 0.407878 -0.353448 -0.266919 0.296784 0.123734 0.0414662 -0.508549 0.556875 -0.584651 0.622213 -0.576775 -0.0238224 -0.244815 0.0485565 0.803737 -0.120755 0.0689883 -0.0279616 -0.0877996 -0.0609064 -0.0845174 0.068554 0.230103 0.0589489 -0.237656 0.224992 
2004 -0.00697045 -0.0281754 -0.0957758 0.0915727 -0.202498 -0.0515028 0.503131 -0.037288 0.315804 -0.0782302 0.201629 0.0756761 -0.0941483 -0.185962 -0.340185 0.137969 -0.244013 -0.0909889 -0.0914054 -0.587011 -0.466472 0.125518 -0.516412 -0.217371 0.760201 0.820159 0.53744 -0.284169 -0.234596 -0.147958 
2005 -0.00697551 -0.0281945 -0.095837 0.0911871 -0.0509259 -0.356373 -0.181685 -0.271336 -0.0856105 0.458824 0.105189 -0.267874 -0.360324 -0.0593891 0.0864047 0.137038 -0.0584553 0.690979 0.239107 -0.202287 0.431078 0.0117968 -0.197589 -0.0210814 0.158271 0.348947 0.259834 0.0779302 -0.231248 0.0491584 
2006 -0.00698079 -0.0282146 -0.0959006 0.0907898 -0.355932 -0.130286 -0.138683 0.480718 -0.372621 -0.256629 -0.052232 0.310832 0.244471 0.152099 -0.00828351 -0.0805331 -0.120377 -0.230953 -0.00549571 -0.200126 -0.456784 0.150682 -0.0318692 0.543038 0.393696 0.115338 0.276158 0.815959 0.651271 -0.13518 
2007 -0.00698611 -0.0282346 -0.0959642 0.0903956 0.403732 -0.0559035 -0.595078 0.411652 -0.12124 -0.316143 -0.146867 0.378245 -0.0584876 0.19467 -0.102888 -0.0253472 -0.120997 -0.23071 0.241844 0.565546 0.438911 0.417519 -0.33601 -0.176648 -0.240382 0.132065 0.293202 -0.270368 0.222973 -0.127342 
2008 -0.00699154 -0.028255 -0.0960287 -0.274533 -0.0531337 -0.435909 0.219932 -0.0181959 0.243466 -0.289835 0.131209 -0.304437 -0.0204199 0.279908 0.0409909 0.462558 0.00393871 0.124078 -0.578961 -0.102156 -0.342127 -0.237898 0.444732 0.0131149 0.649139 -0.116827 -0.318278 -0.265485 -0.219986 0.273878 
2009 -0.00699712 -0.028276 -0.0960949 0.0895891 -0.20575 -0.0587403 -0.0546753 0.930306 -0.127162 -0.177902 0.223377 0.0025745 -0.814593 0.365536 -0.00553366 -0.401573 0.376154 -0.229406 -0.250303 -0.292741 -0.00551046 0.29019 -0.332312 -0.355133 0.213676 0.155879 -0.313202 -0.260583 0.710336 0.486141 
2010 -0.00700284 -0.0282976 -0.096163 -0.274888 -0.0546473 -0.43839 -0.0569788 0.435037 0.0396386 -0.0943479 0.0365554 0.378028 0.0944862 0.155194 -0.71951 0.140971 0.00693713 -0.0147355 -0.166628 0.0900239 -0.228694 -0.499442 -0.331352 0.017506 -0.00581939 -0.374336 0.335833 0.524083 -0.212006 -0.0982803 
objective function: multinomial likelihood, with delta = 1e-011, N =
100 100 100 100 100 100 100 100 100 100 100 100 100 100 100 100 100 100 100 100 100 100 100 100 100 100 100 100 100 100 
100 100 100 100 100 100 100 100 100 100 100 100 100 100 100 100 100 100 100 100 100 100 100 100 100 100 100 100 100 100 
100 100 100 100 100 100 100 100 100 100 100 100 100 100 100 100 100 100 100 100 100 100 100 100 100 100 100 100 100 100 
100 100 100 100 100 100 100 100 100 100 100 100 100 100 100 100 100 100 100 100 100 100 100 100 100 100 100 100 100 100 
100 100 100 100 100 100 100 100 100 100 100 100 100 100 100 100 100 100 100 100 100 100 100 100 100 100 100 100 100 100 
100 100 100 100 100 100 100 100 100 100 100 100 100 100 100 100 100 100 100 100 100 100 100 100 100 100 100 100 100 100 
100 100 100 100 100 100 100 100 100 100 100 100 100 100 100 100 100 100 100 100 100 100 100 100 100 100 100 100 100 100 
100 100 100 100 100 100 100 100 100 100 100 100 100 100 100 100 100 100 100 100 100 100 100 100 100 100 100 100 100 100 
100 100 100 100 100 100 100 100 100 100 100 100 100 100 100 100 100 100 100 100 100 100 100 100 100 100 100 100 100 100 
100 100 100 100 100 100 100 100 100 100 100 100 100 100 100 100 100 100 100 100 100 100 100 100 100 100 100 100 100 100 
100 100 100 100 100 100 100 100 100 100 100 100 100 100 100 100 100 100 100 100 100 100 100 100 100 100 100 100 100 100 

Tags2005_R1_R1 :
tag-recapture data for tag Tags2005_R1 in years 2006 2007 2008 2009 2010 , step 1, after proportion 0.5 of mortality, with sampling method size, detection probability 1.
Year 2006
class scanned recaptured expected_prop neg_log_likelihood
100 0 0 0 0
150 0 0 1.29586e-011 0
200 0 0 7.96847e-011 0
250 0 0 5.06753e-010 0
300 12 0 6.6697e-009 8.00364e-008
350 136 0 8.44036e-008 1.14789e-005
400 1000 0 7.77925e-007 0.000777925
450 4906 0.4 5.13161e-006 1.37829
500 16734 2.5 2.40759e-005 3.87667
550 41272 10.5 8.17153e-005 6.90051
600 76258 29.9 0.000207026 7.60467
650 109356 60.3 0.000406312 5.51655
700 126608 90.3 0.000641968 3.65452
750 123954 105.8 0.000849618 3.2512
800 107946 103.1 0.000983578 3.28208
850 87526 88 0.00103981 3.20846
900 68156 68.5 0.00103871 3.07069
950 51728 50.4 0.00100059 2.89811
1000 38450 35.6 0.000937609 2.70983
1050 28026 24.5 0.000856386 2.52639
1100 20046 16.3 0.000761345 2.35378
1150 14082 10.5 0.000656532 2.18378
1200 9736 6.6 0.000547268 2.0158
1250 6646 4 0.00044141 1.80651
1300 4498 2.5 0.000347267 1.64787
1350 3034 1.5 0.000270405 1.40185
1400 2042 1 0.000213055 1.26717
1450 1368 0.6 0.000172895 0.988789
1500 904 0.4 0.000145603 0.822949
1550 578 0.3 0.000127397 0.747835
1600 352 0.2 0.00011494 0.596331
1650 200 0.1 0.000106572 0.356045
1700 106 0.1 0.000101104 0.414003
1750 52 0 9.76071e-005 0.00507582
1800 22 0 9.53986e-005 0.00209887
1850 8 0 9.40042e-005 0.000752069
1900 4 0 9.30869e-005 0.000372365
1950 2 0 9.23693e-005 0.000184747
2000 0 0 9.15665e-005 0

total neg_log_likelihood: 66.49


Year 2007
class scanned recaptured expected_prop neg_log_likelihood
100 0 0 0 0
150 0 0 4.19202e-014 0
200 0 0 4.6276e-012 0
250 0 0 6.34122e-011 0
300 12 0 1.21656e-009 1.45987e-008
350 136 0 1.70029e-008 2.31239e-006
400 1002 0 1.64842e-007 0.000165171
450 4918 0.1 1.25329e-006 0.46519
500 16774 0.8 7.15873e-006 1.74466
550 41370 4.1 2.99554e-005 3.68957
600 76434 14 9.32615e-005 4.82268
650 109600 33.6 0.000222312 4.24208
700 126882 59.1 0.000419254 3.27603
750 124210 80.3 0.000646443 3.11254
800 108156 88 0.000844037 3.21812
850 87686 81.3 0.000970909 3.20636
900 68274 66.2 0.00102317 3.11355
950 51810 49.4 0.00101893 2.98154
1000 38504 35 0.000977375 2.79295
1050 28054 24 0.000910331 2.55835
1100 20050 16.1 0.000824144 2.31862
1150 14066 10.5 0.000723267 2.10738
1200 9704 6.7 0.000613166 1.92748
1250 6604 4.1 0.000502188 1.73048
1300 4454 2.5 0.000399972 1.53862
1350 2992 1.5 0.00031391 1.31776
1400 2006 0.8 0.000248028 0.98474
1450 1340 0.5 0.000200924 0.804369
1500 884 0.2 0.00016832 0.444346
1550 564 0.1 0.000146226 0.282041
1600 344 0 0.000130843 0.0450128
1650 196 0 0.000120324 0.0235849
1700 104 0 0.000113338 0.0117878
1750 50 0 0.000108807 0.00544066
1800 22 0 0.000105916 0.00233028
1850 8 0 0.000104082 0.000832697
1900 4 0 0.000102882 0.00041155
1950 0 0 0.000101976 0
2000 0 0 0.000101009 0

total neg_log_likelihood: 52.769


Year 2008
class scanned recaptured expected_prop neg_log_likelihood
100 0 0 0 0
150 0 0 0 0
200 0 0 1.2497e-013 0
250 0 0 6.14969e-012 0
300 12 0 2.11832e-010 2.54198e-009
350 136 0 3.90995e-009 5.31753e-007
400 1004 0 3.92248e-008 3.93817e-005
450 4928 0 3.01748e-007 0.00148702
500 16808 0.3 1.96702e-006 0.947694
550 41452 1.7 9.82516e-006 2.36916
600 76582 6.1 3.70196e-005 3.24583
650 109802 15.7 0.000106557 2.91795
700 127104 30.4 0.0002401 2.62901
750 124414 46.4 0.000435435 3.42604
800 108320 58.1 0.000654093 4.17518
850 87808 62 0.000840752 3.98635
900 68360 58.2 0.000959227 3.38324
950 51870 49.3 0.00100605 2.9504
1000 38544 38.6 0.000997557 2.74752
1050 28076 28.4 0.00095138 2.64692
1100 20056 19.6 0.000878581 2.51777
1150 14060 12.8 0.000785339 2.33291
1200 9686 7.9 0.000677614 2.0903
1250 6578 4.7 0.000564187 1.83151
1300 4422 2.7 0.000455823 1.55093
1350 2960 1.5 0.000361654 1.25277
1400 1978 0.8 0.000287655 0.948835
1450 1316 0.4 0.000233623 0.659466
1500 866 0.2 0.000195558 0.439018
1550 552 0.1 0.000169397 0.280516
1600 336 0 0.000150923 0.0507139
1650 192 0 0.000138126 0.0265221
1700 102 0 0.00012953 0.013213
1750 50 0 0.000123905 0.00619565
1800 22 0 0.000120293 0.0026466
1850 8 0 0.000117993 0.000943996
1900 4 0 0.000116494 0.000466002
1950 0 0 0.000115381 0
2000 0 0 0.000114237 0

total neg_log_likelihood: 49.4315


Year 2009
class scanned recaptured expected_prop neg_log_likelihood
100 0 0 0 0
150 0 0 0 0
200 0 0 4.08821e-016 0
250 0 0 3.84064e-013 0
300 12 0 2.9945e-011 3.59339e-010
350 136 0 8.87403e-010 1.20687e-007
400 1006 0 1.1227e-008 1.12944e-005
450 4938 0 7.82267e-008 0.000386284
500 16840 0.1 5.31447e-007 0.430689
550 41528 0.5 3.0036e-006 1.04473
600 76712 2.1 1.33196e-005 1.76391
650 109978 6.4 4.56639e-005 2.03388
700 127294 14.5 0.00012223 2.29861
750 124582 25.9 0.00026077 3.26753
800 108452 37.3 0.000454369 4.3215
850 87902 44.7 0.000663935 4.56229
900 68424 46 0.000839047 4.05333
950 51912 41.8 0.000947929 3.37556
1000 38570 34.3 0.00098796 2.88538
1050 28092 25.8 0.000973692 2.59188
1100 20062 18 0.000920944 2.37449
1150 14056 11.8 0.000839941 2.15963
1200 9676 7.4 0.000738325 1.93509
1250 6560 4.4 0.000625584 1.68876
1300 4400 2.5 0.000513507 1.42234
1350 2936 1.3 0.00041284 1.11601
1400 1954 0.7 0.000331564 0.855729
1450 1296 0.3 0.000270917 0.556817
1500 850 0.1 0.000227412 0.307725
1550 542 0.1 0.000197088 0.280516
1600 330 0 0.000175393 0.0578849
1650 188 0 0.000160199 0.0301199
1700 100 0 0.000149903 0.0149914
1750 48 0 0.00014312 0.00687025
1800 22 0 0.000138744 0.00305257
1850 8 0 0.000135953 0.0010877
1900 2 0 0.000134141 0.000268299
1950 0 0 0.000132809 0
2000 0 0 0.000131463 0

total neg_log_likelihood: 45.4411


Year 2010
class scanned recaptured expected_prop neg_log_likelihood
100 0 0 0 0
150 0 0 0 0
200 0 0 0 0
250 0 0 1.07221e-014 0
300 12 0 3.07107e-012 3.68532e-011
350 136 0 1.71082e-010 2.32671e-008
400 1008 0 3.61481e-009 3.64373e-006
450 4946 0 2.33269e-008 0.000115375
500 16870 0 1.51387e-007 0.00255389
550 41596 0.2 8.99972e-007 0.609088
600 76832 0.7 4.4966e-006 0.99364
650 110138 2.5 1.79289e-005 1.47464
700 127460 6.6 5.63236e-005 1.89907
750 124726 14 0.000140567 2.6269
800 108560 23.9 0.000284006 3.35469
850 87974 33.4 0.000475201 3.58402
900 68470 38.7 0.000675207 3.39893
950 51942 38 0.000838099 3.10734
1000 38588 32.5 0.000936283 2.85059
1050 28100 25 0.00096788 2.62261
1100 20064 17.8 0.000945609 2.39982
1150 14054 12.1 0.000883462 2.17606
1200 9668 7.8 0.000792616 1.95749
1250 6548 4.8 0.000684263 1.73135
1300 4386 2.9 0.000571414 1.50904
1350 2918 1.7 0.000466372 1.27161
1400 1938 1 0.000379115 1.04274
1450 1280 0.6 0.000312512 0.836956
1500 836 0.3 0.000263827 0.565685
1550 532 0.2 0.000229385 0.457169
1600 322 0.1 0.000204416 0.287876
1650 184 0 0.00018674 0.0343634
1700 98 0 0.000174664 0.0171186
1750 46 0 0.000166663 0.00766712
1800 20 0 0.000161481 0.00322988
1850 8 0 0.000158174 0.00126549
1900 2 0 0.000156034 0.000312093
1950 0 0 0.000154478 0
2000 0 0 0.000152919 0

total neg_log_likelihood: 40.8239


Tags2006_R1_R1 :
tag-recapture data for tag Tags2006_R1 in years 2007 2008 2009 2010 , step 1, after proportion 0.5 of mortality, with sampling method size, detection probability 1.
Year 2007
class scanned recaptured expected_prop neg_log_likelihood
100 0 0 0 0
150 0 0 1.29947e-011 0
200 0 0 7.99666e-011 0
250 0 0 5.10805e-010 0
300 12 0 6.73176e-009 8.07812e-008
350 136 0 8.51586e-008 1.15816e-005
400 1002 0 7.85523e-007 0.000787094
450 4918 0.5 5.18901e-006 1.73887
500 16774 2.9 2.43719e-005 4.67053
550 41370 11.5 8.27559e-005 8.0056
600 76434 31.4 0.000209622 8.39541
650 109600 61.9 0.000411133 5.79881
700 126882 92.2 0.000648913 3.75051
750 124210 108.2 0.000857634 3.27435
800 108156 104.7 0.000991162 3.27421
850 87686 87.8 0.00104569 3.24081
900 68274 67 0.00104212 3.14558
950 51810 48.3 0.00100124 2.98511
1000 38504 33.6 0.000935562 2.76169
1050 28054 22.8 0.000851966 2.51135
1100 20050 15.2 0.000755062 2.28481
1150 14066 9.8 0.000648958 2.09243
1200 9704 6.2 0.000538869 1.92938
1250 6604 3.7 0.000432477 1.70929
1300 4454 2.1 0.000338017 1.43351
1350 2992 1.2 0.000261112 1.17426
1400 2006 0.6 0.000204017 0.832571
1450 1340 0.3 0.000164324 0.565883
1500 884 0.1 0.000137588 0.282378
1550 564 0.1 0.00011992 0.287038
1600 344 0 0.000107943 0.0371345
1650 196 0 9.99615e-005 0.0195934
1700 104 0 9.47771e-005 0.00985728
1750 50 0 9.14749e-005 0.00457395
1800 22 0 8.93939e-005 0.00196675
1850 8 0 8.80788e-005 0.000704661
1900 4 0 8.72089e-005 0.000348851
1950 0 0 8.65267e-005 0
2000 0 0 8.57691e-005 0

total neg_log_likelihood: 66.2194


Year 2008
class scanned recaptured expected_prop neg_log_likelihood
100 0 0 0 0
150 0 0 4.20358e-014 0
200 0 0 4.64006e-012 0
250 0 0 6.37798e-011 0
300 12 0 1.22861e-009 1.47433e-008
350 136 0 1.71693e-008 2.33503e-006
400 1004 0 1.66416e-007 0.000167082
450 4928 0.2 1.26632e-006 0.936192
500 16808 1.2 7.24102e-006 2.74602
550 41452 5.6 3.03226e-005 5.8192
600 76582 17.3 9.44242e-005 7.37168
650 109802 38.1 0.000225021 5.85064
700 127104 62.9 0.000424077 3.70355
750 124414 80.8 0.000653212 3.11699
800 108320 84.6 0.000851714 3.46575
850 87808 76.2 0.000978061 3.65427
900 68360 62.1 0.00102858 3.4843
950 51870 47.7 0.00102187 3.12772
1000 38544 34.9 0.000977606 2.80245
1050 28076 24.5 0.000907971 2.54082
1100 20056 16.6 0.000819584 2.32905
1150 14060 11 0.000717059 2.16569
1200 9686 7.2 0.000605842 2.05811
1250 6578 4.6 0.000494118 1.94776
1300 4422 2.9 0.000391378 1.8074
1350 2960 1.7 0.000305006 1.51126
1400 1978 0.9 0.000239072 1.10773
1450 1316 0.5 0.000192152 0.819359
1500 866 0.2 0.00015989 0.448405
1550 552 0.1 0.000138196 0.283651
1600 336 0 0.000123222 0.041405
1650 192 0 0.000113065 0.0217097
1700 102 0 0.000106362 0.0108495
1750 50 0 0.000102037 0.0051021
1800 22 0 9.92845e-005 0.00218437
1850 8 0 9.75376e-005 0.000780339
1900 4 0 9.63887e-005 0.000385573
1950 0 0 9.55102e-005 0
2000 0 0 9.45774e-005 0

total neg_log_likelihood: 63.1806


Year 2009
class scanned recaptured expected_prop neg_log_likelihood
100 0 0 0 0
150 0 0 0 0
200 0 0 1.25291e-013 0
250 0 0 6.17053e-012 0
300 12 0 2.13662e-010 2.56395e-009
350 136 0 3.95121e-009 5.37364e-007
400 1006 0 3.96095e-008 3.98471e-005
450 4938 0 3.0476e-007 0.00150491
500 16840 0.4 1.98817e-006 1.27257
550 41528 1.9 9.93911e-006 2.69695
600 76712 6.7 3.74677e-005 3.72708
650 109978 17.4 0.000107854 3.48071
700 127294 33.8 0.000242941 2.81122
750 124582 51.2 0.000440287 3.01264
800 108452 62.7 0.000660706 3.57398
850 87902 65 0.000848091 3.64704
900 68424 59 0.000965925 3.354
950 51912 48.5 0.00101096 3.01608
1000 38570 36.8 0.00100001 2.76478
1050 28092 25.9 0.000951193 2.56157
1100 20062 17.2 0.000875952 2.34981
1150 14056 10.9 0.000780729 2.12082
1200 9676 6.6 0.00067157 1.87554
1250 6560 3.9 0.000557152 1.62849
1300 4400 2.3 0.000448059 1.39713
1350 2936 1.3 0.000353348 1.14364
1400 1954 0.7 0.000279014 0.873843
1450 1296 0.4 0.000224875 0.664847
1500 850 0.2 0.000186895 0.441315
1550 542 0.1 0.000160936 0.281187
1600 330 0 0.000142734 0.0471055
1650 188 0 0.000130216 0.0244822
1700 100 0 0.00012186 0.0121868
1750 48 0 0.000116419 0.00558844
1800 22 0 0.000112936 0.00248472
1850 8 0 0.00011072 0.000885809
1900 2 0 0.00010927 0.000218552
1950 0 0 0.000108177 0
2000 0 0 0.000107041 0

total neg_log_likelihood: 48.7897


Year 2010
class scanned recaptured expected_prop neg_log_likelihood
100 0 0 0 0
150 0 0 0 0
200 0 0 4.09857e-016 0
250 0 0 3.85006e-013 0
300 12 0 3.01171e-011 3.61406e-010
350 136 0 8.96621e-010 1.2194e-007
400 1008 0 1.13422e-008 1.14329e-005
450 4946 0 7.89994e-008 0.000390731
500 16870 0.1 5.36881e-007 0.429602
550 41596 0.5 3.03642e-006 1.04005
600 76832 2.2 1.34736e-005 1.84449
650 110138 6.8 4.6206e-005 2.14954
700 127460 16.1 0.000123676 2.31702
750 124726 29.6 0.000263752 2.78657
800 108560 43.3 0.000459241 3.25613
850 87974 51.8 0.000670357 3.34944
900 68470 52.7 0.000845989 3.14571
950 51942 47.2 0.000954097 2.90449
1000 38588 38.2 0.000992288 2.74215
1050 28100 28.7 0.000975599 2.6295
1100 20064 20.4 0.000920335 2.52833
1150 14054 14.1 0.000837103 2.46544
1200 9668 9.4 0.000733748 2.38771
1250 6548 6.2 0.000619745 2.3304
1300 4386 3.9 0.000506721 2.13628
1350 2918 2.3 0.0004053 1.78371
1400 1938 1.3 0.000323441 1.38801
1450 1280 0.7 0.000262413 1.00354
1500 836 0.3 0.000218733 0.584224
1550 532 0.2 0.000188385 0.474744
1600 322 0.1 0.000166781 0.296107
1650 184 0 0.000151735 0.0279214
1700 98 0 0.000141592 0.013877
1750 46 0 0.000134939 0.00620762
1800 20 0 0.00013066 0.00261337
1850 8 0 0.000127935 0.00102354
1900 2 0 0.00012616 0.000252336
1950 0 0 0.00012484 0
2000 0 0 0.000123482 0

total neg_log_likelihood: 46.0255


Tags2007_R1_R1 :
tag-recapture data for tag Tags2007_R1 in years 2008 2009 2010 , step 1, after proportion 0.5 of mortality, with sampling method size, detection probability 1.
Year 2008
class scanned recaptured expected_prop neg_log_likelihood
100 0 0 0 0
150 0 0 1.30297e-011 0
200 0 0 8.0234e-011 0
250 0 0 5.13819e-010 0
300 12 0 6.76927e-009 8.12312e-008
350 136 0 8.55988e-008 1.16414e-005
400 1004 0 7.90071e-007 0.000793232
450 4928 0.4 5.22141e-006 1.37011
500 16808 2.6 2.45195e-005 4.02983
550 41452 10.7 8.31856e-005 6.97712
600 76582 29.9 0.000210437 7.31753
650 109802 59 0.000412142 4.86325
700 127104 86.9 0.000649691 3.26317
750 124414 100.4 0.000858023 3.41684
800 108320 96.7 0.000991706 3.75949
850 87808 82.7 0.00104745 3.61172
900 68360 66 0.00104603 3.23247
950 51870 50.4 0.00100766 2.91389
1000 38544 36.9 0.000944183 2.72835
1050 28076 26 0.000862187 2.61563
1100 20056 17.7 0.000766251 2.52874
1150 14060 11.5 0.000660535 2.392
1200 9686 7.2 0.000550196 2.21289
1250 6578 4.3 0.0004428 1.95509
1300 4422 2.5 0.00034664 1.66583
1350 2960 1.4 0.000267684 1.33489
1400 1978 0.8 0.000208655 1.04946
1450 1316 0.5 0.000167424 0.855701
1500 866 0.3 0.000139584 0.646438
1550 552 0.1 0.000121172 0.2874
1600 336 0.1 0.000108696 0.317491
1650 192 0 0.000100387 0.0192752
1700 102 0 9.49938e-005 0.00968983
1750 50 0 9.15606e-005 0.00457824
1800 22 0 8.93978e-005 0.00196684
1850 8 0 8.80307e-005 0.000704276
1900 4 0 8.71246e-005 0.000348514
1950 0 0 8.64125e-005 0
2000 0 0 8.56296e-005 0

total neg_log_likelihood: 65.3827


Year 2009
class scanned recaptured expected_prop neg_log_likelihood
100 0 0 0 0
150 0 0 4.21481e-014 0
200 0 0 4.65211e-012 0
250 0 0 6.40884e-011 0
300 12 0 1.23634e-009 1.48361e-008
350 136 0 1.72564e-008 2.34687e-006
400 1006 0 1.67269e-007 0.000168273
450 4938 0.1 1.27357e-006 0.463304
500 16840 1 7.28374e-006 2.22101
550 41528 4.8 3.04892e-005 4.58346
600 76712 15.3 9.48561e-005 5.63602
650 109978 35.3 0.000225778 4.65295
700 127294 60.2 0.000424975 3.3011
750 124582 79 0.000653923 3.14216
800 108452 83.4 0.0008522 3.58725
850 87902 74.6 0.000978896 3.87406
900 68424 59.7 0.00103074 3.84267
950 51912 44.9 0.00102617 3.51835
1000 38570 32.6 0.000984301 3.06184
1050 28092 23 0.000916764 2.6428
1100 20062 15.7 0.000829896 2.3283
1150 14056 10.4 0.000728248 2.09879
1200 9676 6.6 0.000617234 1.90665
1250 6560 4 0.000504955 1.69947
1300 4400 2.4 0.000400908 1.4939
1350 2936 1.3 0.000312718 1.18316
1400 1954 0.7 0.000244895 0.898483
1450 1296 0.4 0.000196352 0.682139
1500 850 0.2 0.000162842 0.448425
1550 542 0.1 0.000140261 0.283731
1600 330 0 0.00012466 0.0411402
1650 188 0 0.000114078 0.0214479
1700 100 0 0.000107099 0.0107105
1750 48 0 0.000102597 0.00492492
1800 22 0 9.97344e-005 0.00219427
1850 8 0 9.79179e-005 0.000783382
1900 2 0 9.67223e-005 0.000193454
1950 0 0 9.5804e-005 0
2000 0 0 9.48271e-005 0

total neg_log_likelihood: 57.6316


Year 2010
class scanned recaptured expected_prop neg_log_likelihood
100 0 0 0 0
150 0 0 0 0
200 0 0 1.25601e-013 0
250 0 0 6.19016e-012 0
300 12 0 2.14972e-010 2.57966e-009
350 136 0 3.97333e-009 5.40373e-007
400 1008 0 3.9783e-008 4.01012e-005
450 4946 0.1 3.06307e-007 0.600868
500 16870 0.4 1.99901e-006 1.26993
550 41596 2 9.9928e-006 2.86459
600 76832 7.3 3.76497e-005 4.27456
650 110138 18.6 0.000108278 3.97799
700 127460 35.6 0.000243631 3.0251
750 124726 53 0.000441071 2.94275
800 108560 64.1 0.000661346 3.42847
850 87974 65.5 0.000848658 3.59774
900 68470 58.6 0.000967022 3.41108
950 51942 47.2 0.00101348 3.13929
1000 38588 34.9 0.00100466 2.89702
1050 28100 24.1 0.000958159 2.66681
1100 20064 15.8 0.000884926 2.41575
1150 14054 10.2 0.000791131 2.127
1200 9668 6.5 0.000682699 1.86808
1250 6548 4 0.000568219 1.64281
1300 4386 2.4 0.000458261 1.42656
1350 2918 1.4 0.000362054 1.1962
1400 1938 0.7 0.000285982 0.871369
1450 1280 0.3 0.000230227 0.552947
1500 836 0.1 0.000190923 0.293183
1550 532 0.1 0.000163968 0.281184
1600 322 0 0.000145027 0.0467021
1650 184 0 0.000131988 0.0242873
1700 98 0 0.000123282 0.0120824
1750 46 0 0.000117613 0.00541052
1800 20 0 0.000113985 0.00227984
1850 8 0 0.000111679 0.000893483
1900 2 0 0.00011017 0.000220352
1950 0 0 0.00010903 0
2000 0 0 0.000107838 0

total neg_log_likelihood: 50.8632


Tags2008_R1_R1 :
tag-recapture data for tag Tags2008_R1 in years 2009 2010 , step 1, after proportion 0.5 of mortality, with sampling method size, detection probability 1.
Year 2009
class scanned recaptured expected_prop neg_log_likelihood
100 0 0 0 0
150 0 0 2.39017e-011 0
200 0 0 1.03974e-010 0
250 0 0 5.90726e-010 0
300 12 0 7.63353e-009 9.16024e-008
350 136 0 9.53402e-008 1.29663e-005
400 1006 0.1 8.536e-007 0.656948
450 4938 0.5 5.48684e-006 1.7105
500 16840 2.7 2.52999e-005 4.15783
550 41528 10.7 8.4906e-005 6.81623
600 76712 29.5 0.000213452 6.85516
650 109978 59.2 0.000416553 4.75086
700 127294 88.8 0.000655215 3.33368
750 124582 104.5 0.000863864 3.28967
800 108452 101.4 0.000996647 3.44038
850 87902 85.9 0.00105028 3.37496
900 68424 66.7 0.00104603 3.18981
950 51912 49.2 0.00100477 2.9538
1000 38570 34.9 0.000938961 2.72133
1050 28092 24 0.000855562 2.51103
1100 20062 16 0.000759345 2.329
1150 14056 10.1 0.000654472 2.12585
1200 9676 6 0.000545848 1.87519
1250 6560 3.4 0.000440555 1.59759
1300 4400 1.9 0.000346366 1.32612
1350 2936 1 0.000268952 1.02565
1400 1954 0.6 0.000211 0.831169
1450 1296 0.4 0.000170499 0.705109
1500 850 0.2 0.000143169 0.457455
1550 542 0.1 0.000125127 0.286947
1600 330 0.1 0.000112934 0.316212
1650 188 0.1 0.000104837 0.362254
1700 100 0 9.95955e-005 0.00996005
1750 48 0 9.62651e-005 0.00462095
1800 22 0 9.41695e-005 0.00207183
1850 8 0 9.2845e-005 0.000742794
1900 2 0 9.19648e-005 0.000183938
1950 0 0 9.12683e-005 0
2000 0 0 9.05022e-005 0

total neg_log_likelihood: 63.0183


Year 2010
class scanned recaptured expected_prop neg_log_likelihood
100 0 0 0 0
150 0 0 8.39097e-014 0
200 0 0 6.94758e-012 0
250 0 0 7.48683e-011 0
300 12 0 1.35644e-009 1.62773e-008
350 136 0 1.88623e-008 2.56527e-006
400 1008 0 1.81535e-007 0.000182987
450 4946 0.2 1.3537e-006 0.922572
500 16870 1.2 7.5882e-006 2.69171
550 41596 5.2 3.13264e-005 5.05898
600 76832 15.7 9.66224e-005 5.78417
650 110138 34.5 0.000228791 4.22956
700 127460 58.1 0.000429301 3.05365
750 124726 78.7 0.00065923 3.17913
800 108560 88.3 0.000857659 3.28626
850 87974 84.7 0.00098333 3.15803
900 68470 71.5 0.00103304 3.05859
950 51942 54.6 0.00102571 2.93625
1000 38588 38.8 0.000981127 2.76139
1050 28100 26.1 0.000911504 2.55723
1100 20064 16.9 0.000823566 2.34135
1150 14054 10.6 0.000722038 2.1168
1200 9668 6.5 0.000612225 1.89496
1250 6548 3.9 0.000501814 1.67459
1300 4386 2.2 0.000399749 1.40318
1350 2918 1.2 0.000313237 1.11866
1400 1938 0.6 0.000246629 0.808153
1450 1280 0.3 0.000198906 0.556727
1500 836 0.1 0.000165958 0.286324
1550 532 0.1 0.000143769 0.283585
1600 322 0 0.000128466 0.0413686
1650 184 0 0.000118109 0.0217334
1700 98 0 0.000111293 0.0109074
1750 46 0 0.000106905 0.0049179
1800 20 0 0.000104118 0.00208247
1850 8 0 0.00010235 0.000818846
1900 2 0 0.000101185 0.00020238
1950 0 0 0.000100285 0
2000 0 0 9.932e-005 0

total neg_log_likelihood: 55.2441


Tags2009_R1_R1 :
tag-recapture data for tag Tags2009_R1 in years 2010 , step 1, after proportion 0.5 of mortality, with sampling method size, detection probability 1.
Year 2010
class scanned recaptured expected_prop neg_log_likelihood
100 0 0 0 0
150 0 0 1.33591e-011 0
200 0 0 8.40764e-011 0
250 0 0 5.24297e-010 0
300 12 0 6.88761e-009 8.26513e-008
350 136 0 8.72439e-008 1.18652e-005
400 1008 0 8.01798e-007 0.000808213
450 4946 0.3 5.26729e-006 1.01215
500 16870 2.2 2.46437e-005 3.2321
550 41596 9.3 8.35259e-005 5.37441
600 76832 27.1 0.000211468 5.58407
650 110138 56.8 0.000414853 4.19313
700 127460 89 0.000655214 3.34035
750 124726 108.8 0.000866771 3.26623
800 108560 108.6 0.00100287 3.26338
850 87974 93 0.00105938 3.18582
900 68470 72 0.00105704 3.05888
950 51942 52.5 0.00101654 2.90129
1000 38588 37 0.000950433 2.7276
1050 28100 25.3 0.000865976 2.55613
1100 20064 16.6 0.000768321 2.37266
1150 14054 10.4 0.000661958 2.15978
1200 9668 6.4 0.000551938 1.95946
1250 6548 3.8 0.0004453 1.73034
1300 4386 2.3 0.000349734 1.53682
1350 2918 1.3 0.000270929 1.25008
1400 1938 0.7 0.000211722 0.937928
1450 1280 0.3 0.00017023 0.566728
1500 836 0.1 0.000142193 0.281911
1550 532 0.1 0.000123686 0.287948
1600 322 0 0.0001112 0.0358085
1650 184 0 0.000102932 0.0189405
1700 98 0 9.75953e-005 0.00956481
1750 46 0 9.42139e-005 0.00433405
1800 20 0 9.20908e-005 0.0018419
1850 8 0 9.07499e-005 0.000726033
1900 2 0 8.98569e-005 0.000179722
1950 0 0 8.91438e-005 0
2000 0 0 8.83513e-005 0

total neg_log_likelihood: 56.8514


Output quantities start here

* Scalar parameter values
initialization.B0 201162

* Nuisance q's

* B0
201162

* R0
1.5805e+007

* SSBs
SSB 201162 198357 195235 191810 188111 184200 180159 176076 172036 168115 164373 160841 157531 154441 151565 148885 146401 144099 141971 140005 138200 
year 1990 1991 1992 1993 1994 1995 1996 1997 1998 1999 2000 2001 2002 2003 2004 2005 2006 2007 2008 2009 2010 

* recruitments
recruitment 1.5805e+007 1.5805e+007 1.57811e+007 1.57538e+007 1.57229e+007 1.56884e+007 1.56506e+007 1.561e+007 1.55674e+007 1.55234e+007 1.5479e+007 1.54349e+007 1.53916e+007 1.53495e+007 1.53088e+007 1.52696e+007 1.5232e+007 1.5196e+007 1.51617e+007 1.51292e+007 1.50984e+007 
year 1990 1991 1992 1993 1994 1995 1996 1997 1998 1999 2000 2001 2002 2003 2004 2005 2006 2007 2008 2009 2010 

* YCS
YCS 1 1 1 1 1 1 1 1 1 1 1 1 1 1 1 1 1 1 1 1 1 
year 1989 1990 1991 1992 1993 1994 1995 1996 1997 1998 1999 2000 2001 2002 2003 2004 2005 2006 2007 2008 2009 

* true_YCS
true_YCS 1 1 0.998487 0.996758 0.994803 0.992621 0.99023 0.987663 0.984965 0.982184 0.979373 0.976582 0.973843 0.97118 0.968605 0.966127 0.963744 0.961467 0.959299 0.957239 0.95529 
year 1989 1990 1991 1992 1993 1994 1995 1996 1997 1998 1999 2000 2001 2002 2003 2004 2005 2006 2007 2008 2009 

* fishing_pressures
pressure 0 0.0339745 0.0348407 0.0357036 0.0365399 0.037333 0.0380714 0.0387475 0.039358 0.0399034 0.0403879 0.0408168 0.0411965 0.0415335 0.041835 0.0421074 0.0423607 0.0425962 0.0428177 0.0430285 0.0432311 
year 1990 1991 1992 1993 1994 1995 1996 1997 1998 1999 2000 2001 2002 2003 2004 2005 2006 2007 2008 2009 2010 

* Numbers_at_age_R1
1990  1.46703e+007 1.25639e+007 1.07599e+007 9.21494e+006 7.89181e+006 6.75867e+006 5.78823e+006 4.95713e+006 4.24536e+006 3.63579e+006 3.11374e+006 2.66666e+006 2.28377e+006 1.95585e+006 1.67502e+006 1.43451e+006 1.22854e+006 1.05214e+006 901069 771689 660886 565993 484725 415126 355520 304473 260755 223315 191250 1.14072e+006 
1991  1.46703e+007 1.25639e+007 1.07599e+007 9.21466e+006 7.89019e+006 6.75205e+006 5.76916e+006 4.91828e+006 4.18941e+006 3.5788e+006 3.06528e+006 2.62601e+006 2.25014e+006 1.92842e+006 1.65295e+006 1.417e+006 1.21483e+006 1.04156e+006 893013 765641 656408 562723 482370 413453 354349 303663 260204 222944 191004 1.1396e+006 
1992  1.46481e+007 1.25639e+007 1.07599e+007 9.21459e+006 7.88962e+006 6.74887e+006 5.75642e+006 4.88217e+006 4.11684e+006 3.47515e+006 2.95994e+006 2.5364e+006 2.17495e+006 1.86618e+006 1.60214e+006 1.37608e+006 1.18233e+006 1.0161e+006 873343 750653 645146 554377 476271 409058 351225 301474 258691 221913 190311 1.13704e+006 
1993  1.46228e+007 1.25449e+007 1.07599e+007 9.21457e+006 7.88951e+006 6.74817e+006 5.75306e+006 4.86993e+006 4.08425e+006 3.41217e+006 2.87165e+006 2.44709e+006 2.09894e+006 1.80235e+006 1.54923e+006 1.33282e+006 1.14743e+006 988320 851537 733770 632255 544672 469066 403784 347419 298766 256791 220599 189416 1.1342e+006 
1994  1.45941e+007 1.25231e+007 1.07436e+007 9.21456e+006 7.88946e+006 6.74788e+006 5.75183e+006 4.86566e+006 4.0717e+006 3.38245e+006 2.81713e+006 2.37203e+006 2.02332e+006 1.73795e+006 1.49509e+006 1.28789e+006 1.11062e+006 958575 827818 715115 617784 533603 460719 397579 342871 295481 254451 218957 188279 1.13095e+006 
1995  1.45621e+007 1.24986e+007 1.0725e+007 9.20061e+006 7.8894e+006 6.74763e+006 5.75097e+006 4.86326e+006 4.06591e+006 3.36947e+006 2.79023e+006 2.32506e+006 1.95967e+006 1.67403e+006 1.44061e+006 1.24203e+006 1.07251e+006 927300 802494 694883 601842 521215 451229 390411 337536 291567 251621 216940 186863 1.12714e+006 
1996  1.4527e+007 1.24712e+007 1.07039e+007 9.18468e+006 7.87742e+006 6.7474e+006 5.75019e+006 4.86125e+006 4.06183e+006 3.36225e+006 2.77731e+006 2.30105e+006 1.9194e+006 1.62019e+006 1.38667e+006 1.196e+006 1.03371e+006 894995 775939 673341 584600 507605 440636 382284 331390 286987 248258 214507 185128 1.12262e+006 
1997  1.44893e+007 1.24411e+007 1.06805e+007 9.16665e+006 7.86373e+006 6.73699e+006 5.74948e+006 4.85942e+006 4.05825e+006 3.35664e+006 2.76933e+006 2.28873e+006 1.89824e+006 1.58582e+006 1.34121e+006 1.15053e+006 994852 862186 748574 650805 566284 492919 429024 373233 324436 281723 244332 211622 183039 1.11722e+006 
1998  1.44497e+007 1.24089e+007 1.06547e+007 9.14654e+006 7.84827e+006 6.72513e+006 5.74013e+006 4.85775e+006 4.05498e+006 3.35163e+006 2.76285e+006 2.28064e+006 1.88686e+006 1.56737e+006 1.31199e+006 1.1122e+006 956552 829404 720841 627629 547162 477349 416518 363329 316706 275777 239826 208258 180566 1.11079e+006 
1999  1.44089e+007 1.2375e+007 1.06271e+007 9.12451e+006 7.83102e+006 6.71177e+006 5.72961e+006 4.84889e+006 4.05203e+006 3.34711e+006 2.75707e+006 2.27395e+006 1.8791e+006 1.55711e+006 1.29605e+006 1.08744e+006 924272 797148 693181 604183 527530 461119 403279 352678 308259 269175 234743 204403 177686 1.10313e+006 
2000  1.43677e+007 1.234e+007 1.05981e+007 9.10085e+006 7.81212e+006 6.6969e+006 5.71785e+006 4.83916e+006 4.04326e+006 3.34304e+006 2.75186e+006 2.26799e+006 1.87263e+006 1.54994e+006 1.28696e+006 1.07376e+006 903332 769967 666006 580833 507697 444480 389497 341417 299186 261970 229106 200058 174388 1.0941e+006 
2001  1.43268e+007 1.23047e+007 1.05681e+007 9.07597e+006 7.79184e+006 6.68064e+006 5.70485e+006 4.82848e+006 4.03392e+006 3.33437e+006 2.74721e+006 2.26265e+006 1.86686e+006 1.54391e+006 1.2805e+006 1.06582e+006 891648 752281 643112 557921 487968 427688 375382 329706 289601 254236 222957 195242 170674 1.08353e+006 
2002  1.42866e+007 1.22697e+007 1.05379e+007 9.05035e+006 7.77053e+006 6.6632e+006 5.6907e+006 4.81683e+006 4.02394e+006 3.32539e+006 2.73892e+006 2.25788e+006 1.8617e+006 1.53856e+006 1.27506e+006 1.06011e+006 884776 742338 628179 538621 468628 410999 361150 317720 279640 246072 216361 189993 166559 1.07131e+006 
2003  1.42475e+007 1.22352e+007 1.05079e+007 9.02445e+006 7.74857e+006 6.64489e+006 5.67559e+006 4.8043e+006 4.01328e+006 3.31603e+006 2.73052e+006 2.25023e+006 1.85711e+006 1.53378e+006 1.27022e+006 1.05528e+006 879788 736431 619737 526010 452338 394651 347014 305642 269451 237591 209402 184364 162075 1.05732e+006 
2004  1.42097e+007 1.22018e+007 1.04784e+007 8.99872e+006 7.72638e+006 6.62604e+006 5.65976e+006 4.79102e+006 4.00199e+006 3.30625e+006 2.72193e+006 2.24259e+006 1.85023e+006 1.52953e+006 1.26591e+006 1.05099e+006 875563 732114 614681 518848 441679 380883 333174 293651 259188 228920 202175 178427 157269 1.04153e+006 
2005  1.41734e+007 1.21694e+007 1.04498e+007 8.97348e+006 7.70433e+006 6.60698e+006 5.64344e+006 4.77708e+006 3.98998e+006 3.29586e+006 2.71293e+006 2.23474e+006 1.84331e+006 1.52335e+006 1.262e+006 1.04711e+006 871771 728419 610944 514516 435592 371854 321511 281910 248998 220186 194785 172262 152199 1.02392e+006 
2006  1.41384e+007 1.21383e+007 1.0422e+007 8.94894e+006 7.68271e+006 6.58806e+006 5.627e+006 4.76281e+006 3.97754e+006 3.28496e+006 2.70346e+006 2.22657e+006 1.83623e+006 1.51715e+006 1.25651e+006 1.04357e+006 868320 725086 607727 511288 431882 366676 313850 272014 239023 211515 187343 165958 146935 1.00452e+006 
2007  1.4105e+007 1.21084e+007 1.03954e+007 8.92521e+006 7.66168e+006 6.56952e+006 5.61071e+006 4.74854e+006 3.96501e+006 3.27395e+006 2.69381e+006 2.21822e+006 1.82905e+006 1.51095e+006 1.25111e+006 1.03881e+006 865212 722086 604848 508524 429120 363514 309452 265513 230618 203031 179959 159612 141555 983437 
2008  1.40732e+007 1.20798e+007 1.03697e+007 8.90237e+006 7.64135e+006 6.55148e+006 5.59475e+006 4.73442e+006 3.95252e+006 3.26292e+006 2.68413e+006 2.20977e+006 1.82176e+006 1.5047e+006 1.24572e+006 1.03413e+006 861102 719380 602254 506048 426750 361153 306758 261774 225093 195883 172734 153316 136139 960824 
2009  1.4043e+007 1.20525e+007 1.03452e+007 8.88041e+006 7.62179e+006 6.53405e+006 5.57924e+006 4.7206e+006 3.94019e+006 3.25197e+006 2.67448e+006 2.20133e+006 1.81441e+006 1.49838e+006 1.24032e+006 1.02949e+006 857073 715847 599911 503813 424625 359124 304741 259477 221911 191181 166646 147157 130766 936872 
2010  1.40144e+007 1.20266e+007 1.03219e+007 8.85943e+006 7.60298e+006 6.51729e+006 5.5643e+006 4.70729e+006 3.92833e+006 3.24138e+006 2.66509e+006 2.19308e+006 1.8072e+006 1.49212e+006 1.23493e+006 1.02488e+006 853117 712418 596905 501808 422717 357312 303011 257758 219955 188472 162642 141967 125510 911818 

Output quantities finish here

Unused parameters:
annual_cycle.fishery_areas annual_cycle.migrate_from annual_cycle.migrate_to annual_cycle.migration_names annual_cycle.migration_times annual_cycle.n_migrations annual_cycle.recruitment_areas annual_cycle.spawning_all_areas area_names recruitment.p_male recruitment.year_range tag[Tags2005_R1_LL].area tag[Tags2005_R1_LL].sex tag[Tags2006_R1_LL].area tag[Tags2006_R1_LL].sex tag[Tags2007_R1_LL].area tag[Tags2007_R1_LL].sex tag[Tags2008_R1_LL].area tag[Tags2008_R1_LL].sex tag[Tags2009_R1_LL].area tag[Tags2009_R1_LL].sex MCMC.adapt_at MCMC.adaptive_stepsize MCMC.burn_in MCMC.keep MCMC.length MCMC.start MCMC.stepsize profile[1].l profile[1].n profile[1].parameter profile[1].u tag_recapture[Tags2005_R1_R1].area tag_recapture[Tags2006_R1_R1].area tag_recapture[Tags2007_R1_R1].area tag_recapture[Tags2008_R1_R1].area tag_recapture[Tags2009_R1_R1].area n_projections numbers_at[Numbers_at_age_R1].area print.yields 
