CASAL (C++ algorithmic stock assessment laboratory)
Call: casal -e -O C:/Users/STA384/Documents/GitHub/planetfish2_bugs/Output/TOA_bug_8/casalout_mpd.dat -f C:/Users/STA384/Documents/GitHub/planetfish2_bugs/Output/TOA_bug_8/casal_ 
Date: Fri Sep 27 14:10:29 2019
v2.30-2012-03-21 00:22:59 UTC (rev.4648)  (c) Copyright 2002-2012, NIWA
User name: sta384
Machine name: MACKEREL-HF (Microsoft Windows, PID=7776)

Prefix for the input parameter filenames : C:/Users/STA384/Documents/GitHub/planetfish2_bugs/Output/TOA_bug_8/casal_

Random number seed : 57429

Estimation parameters:
Stored as strings: 
  MCMC.adapt_at                 	1e+05 2e+05 3e+05 4e+05
  MCMC.adaptive_stepsize        	True
  MCMC.burn_in                  	500
  MCMC.keep                     	1000
  MCMC.length                   	1500000
  MCMC.start                    	0
  MCMC.stepsize                 	0.01
  ageing_error.c                	0
  ageing_error.type             	normal
  catch_at[LL_catchA].2000      	0 0 0 0.003 0.01 0.035 0.035 0.129 0.153 0.135 0.075 0.07 0.112 0.056 0.039 0.041 0.015 0.016 0.013 0.011 0.017 0.017 0.005 0.008 0.003 0 0.002 0 0 0
  catch_at[LL_catchA].2001      	0 0 0 0 0.005 0.042 0.089 0.067 0.18 0.152 0.098 0.054 0.042 0.077 0.056 0.027 0.024 0.018 0.012 0.006 0.008 0.012 0.018 0.003 0.005 0 0 0.003 0 0.002
  catch_at[LL_catchA].2002      	0 0 0 0.003 0.006 0.014 0.095 0.18 0.097 0.156 0.115 0.075 0.038 0.033 0.069 0.02 0.021 0.016 0.014 0.008 0.009 0.004 0.009 0.012 0.001 0.003 0 0 0.001 0.001
  catch_at[LL_catchA].2003      	0 0 0 0 0.007 0.03 0.028 0.163 0.215 0.086 0.116 0.1 0.072 0.024 0.026 0.044 0.028 0.008 0.016 0.013 0.005 0.007 0 0.003 0.004 0 0.001 0.001 0.001 0.002
  catch_at[LL_catchA].2004      	0 0 0 0.001 0.003 0.011 0.08 0.067 0.219 0.195 0.073 0.109 0.061 0.04 0.03 0.016 0.04 0.018 0.007 0.013 0.004 0.001 0.002 0.004 0.001 0.002 0 0.001 0 0.002
  catch_at[LL_catchA].2005      	0 0 0 0.001 0.005 0.013 0.053 0.151 0.093 0.207 0.152 0.061 0.085 0.033 0.029 0.014 0.021 0.026 0.013 0.014 0.005 0.006 0.005 0.001 0 0.002 0.005 0.001 0 0.004
  catch_at[LL_catchA].2006      	0 0 0 0 0.006 0.013 0.054 0.098 0.208 0.098 0.162 0.118 0.046 0.067 0.033 0.024 0.014 0.011 0.02 0.005 0.011 0.006 0 0 0.002 0.001 0.001 0.002 0 0
  catch_at[LL_catchA].2007      	0 0 0 0 0.002 0.016 0.04 0.098 0.147 0.185 0.101 0.129 0.101 0.028 0.037 0.041 0.022 0.011 0.007 0.013 0.007 0.005 0.001 0.004 0.002 0.001 0 0 0 0.002
  catch_at[LL_catchA].2008      	0 0 0 0 0.003 0.007 0.072 0.088 0.12 0.136 0.151 0.057 0.118 0.093 0.039 0.03 0.036 0.013 0.009 0.005 0.009 0.005 0.003 0.003 0 0.001 0 0 0.001 0.001
  catch_at[LL_catchA].2009      	0 0 0 0.003 0.001 0.014 0.021 0.135 0.138 0.107 0.13 0.122 0.057 0.096 0.07 0.022 0.018 0.021 0.014 0.005 0.004 0.009 0 0.006 0.001 0 0 0.001 0 0.005
  catch_at[LL_catchA].2010      	0 0 0 0.001 0.005 0.005 0.025 0.04 0.203 0.122 0.102 0.104 0.118 0.048 0.072 0.069 0.018 0.012 0.024 0.01 0.003 0.001 0.004 0.005 0 0.003 0.002 0 0.001 0.003
  catch_at[LL_catchA].N_2000    	100
  catch_at[LL_catchA].N_2001    	100
  catch_at[LL_catchA].N_2002    	100
  catch_at[LL_catchA].N_2003    	100
  catch_at[LL_catchA].N_2004    	100
  catch_at[LL_catchA].N_2005    	100
  catch_at[LL_catchA].N_2006    	100
  catch_at[LL_catchA].N_2007    	100
  catch_at[LL_catchA].N_2008    	100
  catch_at[LL_catchA].N_2009    	100
  catch_at[LL_catchA].N_2010    	100
  catch_at[LL_catchA].at_size   	False
  catch_at[LL_catchA].dist      	multinomial
  catch_at[LL_catchA].fishery   	LL
  catch_at[LL_catchA].max_class 	30
  catch_at[LL_catchA].min_class 	1
  catch_at[LL_catchA].plus_group	True
  catch_at[LL_catchA].r         	1e-11
  catch_at[LL_catchA].sexed     	False
  catch_at[LL_catchA].sum_to_one	True
  catch_at[LL_catchA].years     	2000 2001 2002 2003 2004 2005 2006 2007 2008 2009 2010
  catch_limit_penalty[1].fishery	LL
  catch_limit_penalty[1].label  	LL_Penalty
  catch_limit_penalty[1].log_scale	True
  catch_limit_penalty[1].multiplier	1000
  estimate[1].lower_bound       	5000
  estimate[1].parameter         	initialization.B0
  estimate[1].prior             	uniform
  estimate[1].upper_bound       	5e+05
  estimator                     	Bayes
  fish_tagged_penalty[1].label  	Penalty_Tags2005_R1_LL
  fish_tagged_penalty[1].multiplier	1
  fish_tagged_penalty[1].tagging_episode	Tags2005_R1_LL
  fish_tagged_penalty[2].label  	Penalty_Tags2006_R1_LL
  fish_tagged_penalty[2].multiplier	1
  fish_tagged_penalty[2].tagging_episode	Tags2006_R1_LL
  fish_tagged_penalty[3].label  	Penalty_Tags2007_R1_LL
  fish_tagged_penalty[3].multiplier	1
  fish_tagged_penalty[3].tagging_episode	Tags2007_R1_LL
  fish_tagged_penalty[4].label  	Penalty_Tags2008_R1_LL
  fish_tagged_penalty[4].multiplier	1
  fish_tagged_penalty[4].tagging_episode	Tags2008_R1_LL
  fish_tagged_penalty[5].label  	Penalty_Tags2009_R1_LL
  fish_tagged_penalty[5].multiplier	1
  fish_tagged_penalty[5].tagging_episode	Tags2009_R1_LL
  grad_tol                      	0.001
  max_evals                     	10000
  max_iters                     	1600
  profile[1].l                  	40000
  profile[1].n                  	11
  profile[1].parameter          	initialization.B0
  profile[1].u                  	130000
  q_method                      	nuisance
  tag_recapture[Tags2005_R1_R1].area	R1
  tag_recapture[Tags2005_R1_R1].class_mins	100 150 200 250 300 350 400 450 500 550 600 650 700 750 800 850 900 950 1000 1050 1100 1150 1200 1250 1300 1350 1400 1450 1500 1550 1600 1650 1700 1750 1800 1850 1900 1950 2000 2050
  tag_recapture[Tags2005_R1_R1].detection_probability	1
  tag_recapture[Tags2005_R1_R1].dispersion	1
  tag_recapture[Tags2005_R1_R1].do_bootstrap	True
  tag_recapture[Tags2005_R1_R1].plus_group	False
  tag_recapture[Tags2005_R1_R1].proportion_mortality	0.5
  tag_recapture[Tags2005_R1_R1].r	1e-11
  tag_recapture[Tags2005_R1_R1].recaptured_2006	0 0 0 0 0 0 0 0 0.1 0.7 2.1 4.4 7 8.5 8.4 6.8 4.7 2.9 1.7 0.9 0.5 0.2 0.1 0 0 0 0 0 0 0 0 0 0 0 0 0 0 0 0
  tag_recapture[Tags2005_R1_R1].recaptured_2007	0 0 0 0 0 0 0 0 0 0.2 0.7 1.9 3.7 5.2 5.8 5.3 4.2 2.9 1.9 1.2 0.8 0.5 0.3 0.2 0.1 0 0 0 0 0 0 0 0 0 0 0 0 0 0
  tag_recapture[Tags2005_R1_R1].recaptured_2008	0 0 0 0 0 0 0 0 0 0.1 0.4 1.4 3 5.1 6.5 6.7 5.8 4.5 3.3 2.3 1.5 0.8 0.4 0.1 0 0 0 0 0 0 0 0 0 0 0 0 0 0 0
  tag_recapture[Tags2005_R1_R1].recaptured_2009	0 0 0 0 0 0 0 0 0 0 0.2 0.7 1.6 2.9 4 4.3 3.8 2.8 1.8 1 0.5 0.2 0.1 0 0 0 0 0 0 0 0 0 0 0 0 0 0 0 0
  tag_recapture[Tags2005_R1_R1].recaptured_2010	0 0 0 0 0 0 0 0 0 0 0 0.1 0.3 0.7 1.3 1.9 2.3 2.4 2.1 1.6 1.1 0.6 0.3 0.2 0.1 0 0 0 0 0 0 0 0 0 0 0 0 0 0
  tag_recapture[Tags2005_R1_R1].sample	size
  tag_recapture[Tags2005_R1_R1].scanned_2006	0 0 0 0 8 114 978 5024 17104 42998 83144 124554 148304 147366 127850 99120 70270 47572 32102 21994 15312 10764 7552 5242 3608 2486 1726 1196 814 532 326 186 98 46 20 8 2 0 0
  tag_recapture[Tags2005_R1_R1].scanned_2007	0 0 0 0 8 90 804 4586 16670 41264 76664 114036 138918 141768 126146 101622 75428 52276 34840 23108 15534 10602 7306 5034 3450 2358 1618 1110 754 496 308 178 94 46 20 8 2 0 0
  tag_recapture[Tags2005_R1_R1].scanned_2008	0 0 0 0 8 84 638 3710 14876 40162 75856 108786 128916 132552 121234 101032 78164 56502 38472 25260 16474 10870 7280 4928 3348 2274 1546 1050 708 464 290 170 90 44 20 8 2 0 0
  tag_recapture[Tags2005_R1_R1].scanned_2009	0 0 0 0 8 92 606 2980 11716 34256 71540 108366 126996 126398 114800 97676 78150 58796 41574 27822 17990 11542 7486 4936 3300 2226 1508 1018 682 444 276 160 86 42 18 8 2 0 0
  tag_recapture[Tags2005_R1_R1].scanned_2010	0 0 0 0 8 98 686 3018 9856 26762 58416 97460 124074 126490 112664 94696 76888 59688 43826 30344 19956 12706 8032 5136 3348 2224 1494 1006 670 434 268 154 82 40 18 8 2 0 0
  tag_recapture[Tags2005_R1_R1].step	1
  tag_recapture[Tags2005_R1_R1].tag_name	Tags2005_R1
  tag_recapture[Tags2005_R1_R1].years	2006 2007 2008 2009 2010
  tag_recapture[Tags2006_R1_R1].area	R1
  tag_recapture[Tags2006_R1_R1].class_mins	100 150 200 250 300 350 400 450 500 550 600 650 700 750 800 850 900 950 1000 1050 1100 1150 1200 1250 1300 1350 1400 1450 1500 1550 1600 1650 1700 1750 1800 1850 1900 1950 2000 2050
  tag_recapture[Tags2006_R1_R1].detection_probability	1
  tag_recapture[Tags2006_R1_R1].dispersion	1
  tag_recapture[Tags2006_R1_R1].do_bootstrap	True
  tag_recapture[Tags2006_R1_R1].plus_group	False
  tag_recapture[Tags2006_R1_R1].proportion_mortality	0.5
  tag_recapture[Tags2006_R1_R1].r	1e-11
  tag_recapture[Tags2006_R1_R1].recaptured_2007	0 0 0 0 0 0 0 0 0.1 0.5 1.7 3.8 6.1 7.6 7.9 7.2 5.7 3.9 2.4 1.4 0.8 0.4 0.2 0.1 0.1 0 0 0 0 0 0 0 0 0 0 0 0 0 0
  tag_recapture[Tags2006_R1_R1].recaptured_2008	0 0 0 0 0 0 0 0 0.1 0.5 1.5 3.6 6.3 8.5 9.1 8 6.2 4.3 2.7 1.7 1.1 0.8 0.6 0.4 0.3 0.2 0.1 0.1 0 0 0 0 0 0 0 0 0 0 0
  tag_recapture[Tags2006_R1_R1].recaptured_2009	0 0 0 0 0 0 0 0 0 0 0.2 0.6 1.4 2.4 3.2 3.5 3.2 2.6 1.8 1.1 0.6 0.3 0.1 0 0 0 0 0 0 0 0 0 0 0 0 0 0 0 0
  tag_recapture[Tags2006_R1_R1].recaptured_2010	0 0 0 0 0 0 0 0 0 0.1 0.3 0.8 1.6 2.6 3.4 3.9 3.9 3.5 2.9 2.2 1.5 1 0.6 0.4 0.2 0.1 0 0 0 0 0 0 0 0 0 0 0 0 0
  tag_recapture[Tags2006_R1_R1].sample	size
  tag_recapture[Tags2006_R1_R1].scanned_2007	0 0 0 0 8 90 804 4586 16670 41264 76664 114036 138918 141768 126146 101622 75428 52276 34840 23108 15534 10602 7306 5034 3450 2358 1618 1110 754 496 308 178 94 46 20 8 2 0 0
  tag_recapture[Tags2006_R1_R1].scanned_2008	0 0 0 0 8 84 638 3710 14876 40162 75856 108786 128916 132552 121234 101032 78164 56502 38472 25260 16474 10870 7280 4928 3348 2274 1546 1050 708 464 290 170 90 44 20 8 2 0 0
  tag_recapture[Tags2006_R1_R1].scanned_2009	0 0 0 0 8 92 606 2980 11716 34256 71540 108366 126996 126398 114800 97676 78150 58796 41574 27822 17990 11542 7486 4936 3300 2226 1508 1018 682 444 276 160 86 42 18 8 2 0 0
  tag_recapture[Tags2006_R1_R1].scanned_2010	0 0 0 0 8 98 686 3018 9856 26762 58416 97460 124074 126490 112664 94696 76888 59688 43826 30344 19956 12706 8032 5136 3348 2224 1494 1006 670 434 268 154 82 40 18 8 2 0 0
  tag_recapture[Tags2006_R1_R1].step	1
  tag_recapture[Tags2006_R1_R1].tag_name	Tags2006_R1
  tag_recapture[Tags2006_R1_R1].years	2007 2008 2009 2010
  tag_recapture[Tags2007_R1_R1].area	R1
  tag_recapture[Tags2007_R1_R1].class_mins	100 150 200 250 300 350 400 450 500 550 600 650 700 750 800 850 900 950 1000 1050 1100 1150 1200 1250 1300 1350 1400 1450 1500 1550 1600 1650 1700 1750 1800 1850 1900 1950 2000 2050
  tag_recapture[Tags2007_R1_R1].detection_probability	1
  tag_recapture[Tags2007_R1_R1].dispersion	1
  tag_recapture[Tags2007_R1_R1].do_bootstrap	True
  tag_recapture[Tags2007_R1_R1].plus_group	False
  tag_recapture[Tags2007_R1_R1].proportion_mortality	0.5
  tag_recapture[Tags2007_R1_R1].r	1e-11
  tag_recapture[Tags2007_R1_R1].recaptured_2008	0 0 0 0 0 0 0 0 0.1 0.5 1.6 3.3 5.5 7.3 7.8 6.9 5.4 3.9 2.7 1.8 1.1 0.7 0.5 0.3 0.2 0.1 0.1 0.1 0 0 0 0 0 0 0 0 0 0 0
  tag_recapture[Tags2007_R1_R1].recaptured_2009	0 0 0 0 0 0 0 0 0 0.2 0.6 1.6 3.2 5 6.3 6.5 5.7 4.4 2.9 1.7 0.9 0.5 0.3 0.2 0.1 0 0 0 0 0 0 0 0 0 0 0 0 0 0
  tag_recapture[Tags2007_R1_R1].recaptured_2010	0 0 0 0 0 0 0 0 0 0.1 0.4 0.9 1.9 3.1 4.1 4.4 3.9 3.1 2.4 1.8 1.3 0.9 0.6 0.3 0.2 0.2 0.1 0.1 0.1 0 0 0 0 0 0 0 0 0 0
  tag_recapture[Tags2007_R1_R1].sample	size
  tag_recapture[Tags2007_R1_R1].scanned_2008	0 0 0 0 8 84 638 3710 14876 40162 75856 108786 128916 132552 121234 101032 78164 56502 38472 25260 16474 10870 7280 4928 3348 2274 1546 1050 708 464 290 170 90 44 20 8 2 0 0
  tag_recapture[Tags2007_R1_R1].scanned_2009	0 0 0 0 8 92 606 2980 11716 34256 71540 108366 126996 126398 114800 97676 78150 58796 41574 27822 17990 11542 7486 4936 3300 2226 1508 1018 682 444 276 160 86 42 18 8 2 0 0
  tag_recapture[Tags2007_R1_R1].scanned_2010	0 0 0 0 8 98 686 3018 9856 26762 58416 97460 124074 126490 112664 94696 76888 59688 43826 30344 19956 12706 8032 5136 3348 2224 1494 1006 670 434 268 154 82 40 18 8 2 0 0
  tag_recapture[Tags2007_R1_R1].step	1
  tag_recapture[Tags2007_R1_R1].tag_name	Tags2007_R1
  tag_recapture[Tags2007_R1_R1].years	2008 2009 2010
  tag_recapture[Tags2008_R1_R1].area	R1
  tag_recapture[Tags2008_R1_R1].class_mins	100 150 200 250 300 350 400 450 500 550 600 650 700 750 800 850 900 950 1000 1050 1100 1150 1200 1250 1300 1350 1400 1450 1500 1550 1600 1650 1700 1750 1800 1850 1900 1950 2000 2050
  tag_recapture[Tags2008_R1_R1].detection_probability	1
  tag_recapture[Tags2008_R1_R1].dispersion	1
  tag_recapture[Tags2008_R1_R1].do_bootstrap	True
  tag_recapture[Tags2008_R1_R1].plus_group	False
  tag_recapture[Tags2008_R1_R1].proportion_mortality	0.5
  tag_recapture[Tags2008_R1_R1].r	1e-11
  tag_recapture[Tags2008_R1_R1].recaptured_2009	0 0 0 0 0 0 0 0 0.2 0.9 2.5 4.8 6.9 7.8 7.5 6.4 5.1 4 3 2.1 1.4 0.8 0.4 0.2 0.1 0 0 0 0 0 0 0 0 0 0 0 0 0 0
  tag_recapture[Tags2008_R1_R1].recaptured_2010	0 0 0 0 0 0 0 0 0.2 0.6 1.3 2.4 3.9 5.4 6.2 5.8 4.8 3.5 2.3 1.4 0.8 0.4 0.2 0.1 0 0 0 0 0 0 0 0 0 0 0 0 0 0 0
  tag_recapture[Tags2008_R1_R1].sample	size
  tag_recapture[Tags2008_R1_R1].scanned_2009	0 0 0 0 8 92 606 2980 11716 34256 71540 108366 126996 126398 114800 97676 78150 58796 41574 27822 17990 11542 7486 4936 3300 2226 1508 1018 682 444 276 160 86 42 18 8 2 0 0
  tag_recapture[Tags2008_R1_R1].scanned_2010	0 0 0 0 8 98 686 3018 9856 26762 58416 97460 124074 126490 112664 94696 76888 59688 43826 30344 19956 12706 8032 5136 3348 2224 1494 1006 670 434 268 154 82 40 18 8 2 0 0
  tag_recapture[Tags2008_R1_R1].step	1
  tag_recapture[Tags2008_R1_R1].tag_name	Tags2008_R1
  tag_recapture[Tags2008_R1_R1].years	2009 2010
  tag_recapture[Tags2009_R1_R1].area	R1
  tag_recapture[Tags2009_R1_R1].class_mins	100 150 200 250 300 350 400 450 500 550 600 650 700 750 800 850 900 950 1000 1050 1100 1150 1200 1250 1300 1350 1400 1450 1500 1550 1600 1650 1700 1750 1800 1850 1900 1950 2000 2050
  tag_recapture[Tags2009_R1_R1].detection_probability	1
  tag_recapture[Tags2009_R1_R1].dispersion	1
  tag_recapture[Tags2009_R1_R1].do_bootstrap	True
  tag_recapture[Tags2009_R1_R1].plus_group	False
  tag_recapture[Tags2009_R1_R1].proportion_mortality	0.5
  tag_recapture[Tags2009_R1_R1].r	1e-11
  tag_recapture[Tags2009_R1_R1].recaptured_2010	0 0 0 0 0 0 0 0 0.2 0.8 2.1 4 6.1 7.3 7.6 7.1 6.1 4.7 3.3 2 1.1 0.6 0.3 0.2 0.1 0.1 0 0 0 0 0 0 0 0 0 0 0 0 0
  tag_recapture[Tags2009_R1_R1].sample	size
  tag_recapture[Tags2009_R1_R1].scanned_2010	0 0 0 0 8 98 686 3018 9856 26762 58416 97460 124074 126490 112664 94696 76888 59688 43826 30344 19956 12706 8032 5136 3348 2224 1494 1006 670 434 268 154 82 40 18 8 2 0 0
  tag_recapture[Tags2009_R1_R1].step	1
  tag_recapture[Tags2009_R1_R1].tag_name	Tags2009_R1
  tag_recapture[Tags2009_R1_R1].years	2010
  vector_average_penalty[1].k   	1
  vector_average_penalty[1].label	meanYCS_1
  vector_average_penalty[1].multiplier	100
  vector_average_penalty[1].vector	recruitment.YCS
Stored as DOUBLEs: 
Stored as VECTORs: 
Stored as OGIVEs: 

Population parameters:
Stored as strings: 
  annual_cycle.M_props          	1
  annual_cycle.aging_time       	1
  annual_cycle.baranov          	False
  annual_cycle.fishery_areas    	R1
  annual_cycle.fishery_names    	LL
  annual_cycle.fishery_times    	1
  annual_cycle.growth_props     	0
  annual_cycle.migrate_from     	R1
  annual_cycle.migrate_to       	R2
  annual_cycle.migration_names  	MoveRec_1_2
  annual_cycle.migration_times  	1
  annual_cycle.n_migrations     	0
  annual_cycle.recruitment_areas	R1
  annual_cycle.recruitment_time 	1
  annual_cycle.spawning_all_areas	1
  annual_cycle.spawning_p       	1
  annual_cycle.spawning_part_mort	1
  annual_cycle.spawning_time    	1
  annual_cycle.spawning_use_total_B	False
  annual_cycle.time_steps       	1
  area_names                    	R1
  current                       	2010
  final                         	2045
  first_random_year             	2007
  fishery[LL].U_max             	0.95
  fishery[LL].catches           	0 6000 6000 6000 6000 6000 6000 6000 6000 6000 6000 6000 6000 6000 6000 6000 6000 6000 6000 6000 6000
  fishery[LL].future_constant_catches	200
  fishery[LL].selectivity       	SelLL
  fishery[LL].years             	1990 1991 1992 1993 1994 1995 1996 1997 1998 1999 2000 2001 2002 2003 2004 2005 2006 2007 2008 2009 2010
  initial                       	1990
  initialization.B0             	316502
  mature_partition              	False
  maturity_props.all            	allvalues  0 0 0 0 0 0 0 0 0 0 0 0.1667 0.3333 0.5 0.6667 0.8333 1 1 1 1 1 1 1 1 1 1 1 1 1 1
  max_age                       	30
  min_age                       	1
  n_areas                       	1
  n_stocks                      	1
  n_tags                        	5
  natural_mortality.all         	0.155
  plus_group                    	True
  randomisation_method          	lognormal
  recruitment.SR                	BH
  recruitment.YCS               	1 1 1 1 1 1 1 1 1 1 1 1 1 1 1 1 1 1 1 1 1
  recruitment.YCS_years         	1989 1990 1991 1992 1993 1994 1995 1996 1997 1998 1999 2000 2001 2002 2003 2004 2005 2006 2007 2008 2009
  recruitment.first_free        	1989
  recruitment.last_free         	2006
  recruitment.p_male            	0.5
  recruitment.rho               	0
  recruitment.sigma_r           	0.6
  recruitment.steepness         	0.7
  recruitment.year_range        	1989 2006
  selectivity[SelLL].all        	double_normal 10 2 10
  selectivity_names             	SelLL
  sex_partition                 	False
  size_at_age.Linf              	2870.8
  size_at_age.by_length         	True
  size_at_age.cv                	0.1
  size_at_age.k                 	0.02056
  size_at_age.t0                	-4.2897
  size_at_age_dist              	normal
  size_at_age_type              	von_Bert
  size_based                    	False
  size_weight.a                 	2.59e-12
  size_weight.b                 	3.2064
  size_weight.verify_size_weight	500 0.5 1.5
  standardise_YCS               	True
  tag[Tags2005_R1_LL].area      	R1
  tag[Tags2005_R1_LL].class_mins	100 150 200 250 300 350 400 450 500 550 600 650 700 750 800 850 900 950 1000 1050 1100 1150 1200 1250 1300 1350 1400 1450 1500 1550 1600 1650 1700 1750 1800 1850 1900 1950 2000 2050
  tag[Tags2005_R1_LL].mature_only	False
  tag[Tags2005_R1_LL].mortality 	0.1
  tag[Tags2005_R1_LL].number    	2500
  tag[Tags2005_R1_LL].ogive     	SelLL
  tag[Tags2005_R1_LL].plus_group	False
  tag[Tags2005_R1_LL].props_all 	0 0 0 0 0 1e-04 9e-04 0.0046 0.0168 0.0444 0.0864 0.1279 0.1517 0.149 0.1234 0.0895 0.0609 0.0414 0.0287 0.0205 0.015 0.0111 0.0081 0.0059 0.0043 0.0031 0.0022 0.0015 0.001 6e-04 4e-04 2e-04 1e-04 0 0 0 0 0 0
  tag[Tags2005_R1_LL].release_type	deterministic
  tag[Tags2005_R1_LL].sex       	both
  tag[Tags2005_R1_LL].step      	1
  tag[Tags2005_R1_LL].tag_name  	Tags2005_R1
  tag[Tags2005_R1_LL].year      	2005
  tag[Tags2006_R1_LL].area      	R1
  tag[Tags2006_R1_LL].class_mins	100 150 200 250 300 350 400 450 500 550 600 650 700 750 800 850 900 950 1000 1050 1100 1150 1200 1250 1300 1350 1400 1450 1500 1550 1600 1650 1700 1750 1800 1850 1900 1950 2000 2050
  tag[Tags2006_R1_LL].mature_only	False
  tag[Tags2006_R1_LL].mortality 	0.1
  tag[Tags2006_R1_LL].number    	2500
  tag[Tags2006_R1_LL].ogive     	SelLL
  tag[Tags2006_R1_LL].plus_group	False
  tag[Tags2006_R1_LL].props_all 	0 0 0 0 0 1e-04 7e-04 0.0042 0.0156 0.042 0.0833 0.1249 0.1476 0.1458 0.126 0.0974 0.0686 0.046 0.0306 0.0206 0.014 0.0097 0.0068 0.0048 0.0034 0.0025 0.0018 0.0013 9e-04 6e-04 4e-04 2e-04 1e-04 1e-04 0 0 0 0 0
  tag[Tags2006_R1_LL].release_type	deterministic
  tag[Tags2006_R1_LL].sex       	both
  tag[Tags2006_R1_LL].step      	1
  tag[Tags2006_R1_LL].tag_name  	Tags2006_R1
  tag[Tags2006_R1_LL].year      	2006
  tag[Tags2007_R1_LL].area      	R1
  tag[Tags2007_R1_LL].class_mins	100 150 200 250 300 350 400 450 500 550 600 650 700 750 800 850 900 950 1000 1050 1100 1150 1200 1250 1300 1350 1400 1450 1500 1550 1600 1650 1700 1750 1800 1850 1900 1950 2000 2050
  tag[Tags2007_R1_LL].mature_only	False
  tag[Tags2007_R1_LL].mortality 	0.1
  tag[Tags2007_R1_LL].number    	2500
  tag[Tags2007_R1_LL].ogive     	SelLL
  tag[Tags2007_R1_LL].plus_group	False
  tag[Tags2007_R1_LL].props_all 	0 0 0 0 0 1e-04 7e-04 0.0045 0.0167 0.0414 0.077 0.1141 0.1378 0.1397 0.1246 0.1019 0.0777 0.0555 0.0377 0.0249 0.0163 0.0105 0.0068 0.0044 0.0028 0.0018 0.0011 7e-04 5e-04 3e-04 2e-04 1e-04 1e-04 0 0 0 0 0 0
  tag[Tags2007_R1_LL].release_type	deterministic
  tag[Tags2007_R1_LL].sex       	both
  tag[Tags2007_R1_LL].step      	1
  tag[Tags2007_R1_LL].tag_name  	Tags2007_R1
  tag[Tags2007_R1_LL].year      	2007
  tag[Tags2008_R1_LL].area      	R1
  tag[Tags2008_R1_LL].class_mins	100 150 200 250 300 350 400 450 500 550 600 650 700 750 800 850 900 950 1000 1050 1100 1150 1200 1250 1300 1350 1400 1450 1500 1550 1600 1650 1700 1750 1800 1850 1900 1950 2000 2050
  tag[Tags2008_R1_LL].mature_only	False
  tag[Tags2008_R1_LL].mortality 	0.1
  tag[Tags2008_R1_LL].number    	2500
  tag[Tags2008_R1_LL].ogive     	SelLL
  tag[Tags2008_R1_LL].plus_group	False
  tag[Tags2008_R1_LL].props_all 	0 0 0 0 0 0 5e-04 0.0035 0.0147 0.0406 0.0783 0.114 0.1355 0.1379 0.124 0.1016 0.078 0.0563 0.0385 0.0253 0.0166 0.011 0.0075 0.0051 0.0035 0.0024 0.0017 0.0012 8e-04 5e-04 3e-04 2e-04 1e-04 1e-04 0 0 0 0 0
  tag[Tags2008_R1_LL].release_type	deterministic
  tag[Tags2008_R1_LL].sex       	both
  tag[Tags2008_R1_LL].step      	1
  tag[Tags2008_R1_LL].tag_name  	Tags2008_R1
  tag[Tags2008_R1_LL].year      	2008
  tag[Tags2009_R1_LL].area      	R1
  tag[Tags2009_R1_LL].class_mins	100 150 200 250 300 350 400 450 500 550 600 650 700 750 800 850 900 950 1000 1050 1100 1150 1200 1250 1300 1350 1400 1450 1500 1550 1600 1650 1700 1750 1800 1850 1900 1950 2000 2050
  tag[Tags2009_R1_LL].mature_only	False
  tag[Tags2009_R1_LL].mortality 	0.1
  tag[Tags2009_R1_LL].number    	2500
  tag[Tags2009_R1_LL].ogive     	SelLL
  tag[Tags2009_R1_LL].plus_group	False
  tag[Tags2009_R1_LL].props_all 	0 0 0 0 0 1e-04 6e-04 0.0033 0.013 0.0368 0.0751 0.1125 0.132 0.1327 0.1218 0.104 0.0827 0.0614 0.0427 0.0279 0.0177 0.0112 0.0074 0.0051 0.0036 0.0026 0.0019 0.0014 9e-04 6e-04 4e-04 2e-04 1e-04 1e-04 0 0 0 0 0
  tag[Tags2009_R1_LL].release_type	deterministic
  tag[Tags2009_R1_LL].sex       	both
  tag[Tags2009_R1_LL].step      	1
  tag[Tags2009_R1_LL].tag_name  	Tags2009_R1
  tag[Tags2009_R1_LL].year      	2009
  tag_growth_loss[Tags2005_R1].nogrowth_period	0
  tag_growth_loss[Tags2006_R1].nogrowth_period	0
  tag_growth_loss[Tags2007_R1].nogrowth_period	0
  tag_growth_loss[Tags2008_R1].nogrowth_period	0
  tag_growth_loss[Tags2009_R1].nogrowth_period	0
  tag_loss_props                	1
  tag_names                     	Tags2005_R1 Tags2006_R1 Tags2007_R1 Tags2008_R1 Tags2009_R1
  tag_shedding_rate             	0.0084 0.0084 0.0084 0.0084 0.0084
  y_enter                       	1
Stored as DOUBLEs: 
Stored as VECTORs: 
Stored as OGIVEs: 

Output parameters:
Stored as strings: 
  n_projections                 	100
  numbers_at[Numbers_at_age_R1].area	R1
  numbers_at[Numbers_at_age_R1].proportion_mortality	0.5
  numbers_at[Numbers_at_age_R1].step	1
  numbers_at[Numbers_at_age_R1].years	1990 1991 1992 1993 1994 1995 1996 1997 1998 1999 2000 2001 2002 2003 2004 2005 2006 2007 2008 2009 2010
  print.covariance              	true
  print.estimation_section      	true
  print.final_state             	false
  print.fits                    	true
  print.fits_every_eval         	false
  print.initial_state           	false
  print.normalised_resids       	true
  print.objective_every_eval    	false
  print.parameter_vector_every_eval	false
  print.parameters              	true
  print.parameters_every_eval   	false
  print.pearson_resids          	true
  print.requests                	false
  print.resids                  	true
  print.results                 	false
  print.state_annually          	false
  print.state_every_step        	false
  print.unused_parameters       	true
  print.yields                  	true
  quantities.B0                 	true
  quantities.R0                 	true
  quantities.SSBs               	true
  quantities.YCS                	true
  quantities.actual_catches     	false
  quantities.all_free_parameters	true
  quantities.fishing_pressures  	true
  quantities.nuisance_qs        	true
  quantities.recruitments       	true
  quantities.true_YCS           	true
Stored as DOUBLEs: 
Stored as VECTORs: 
Stored as OGIVEs: 

A fish of size 500 cm has a weight of 1.16755 kg in your model. This size-weight scale check assumes that the growth curve is in centimetres, and that the catch is in tonnes.

A fish of size 500 cm has a weight of 1.16755 kg in your model. This size-weight scale check assumes that the growth curve is in centimetres, and that the catch is in tonnes.

Estimation section :

Objective function: Bayes

Minimiser convergence threshold: 0.001


Observations:

The observations are:
LL_catchA
Tags2005_R1_R1
Tags2006_R1_R1
Tags2007_R1_R1
Tags2008_R1_R1
Tags2009_R1_R1
Fits follow:

LL_catchA :
catch proportions-at-age for fishery LL  with ageing error (constrained to sum to 1):
obs (last class is a plus group):
class 1       2       3       4       5       6       7       8       9       10      11      12      13      14      15      16      17      18      19      20      21      22      23      24      25      26      27      28      29      30      
2000 0       0       0       0.003   0.01    0.035   0.035   0.129   0.153   0.135   0.075   0.07    0.112   0.056   0.039   0.041   0.015   0.016   0.013   0.011   0.017   0.017   0.005   0.008   0.003   0       0.002   0       0       0       
2001 0       0       0       0       0.005   0.042   0.089   0.067   0.18    0.152   0.098   0.054   0.042   0.077   0.056   0.027   0.024   0.018   0.012   0.006   0.008   0.012   0.018   0.003   0.005   0       0       0.003   0       0.002   
2002 0       0       0       0.003   0.006   0.014   0.095   0.18    0.097   0.156   0.115   0.075   0.038   0.033   0.069   0.02    0.021   0.016   0.014   0.008   0.009   0.004   0.009   0.012   0.001   0.003   0       0       0.001   0.001   
2003 0       0       0       0       0.007   0.03    0.028   0.163   0.215   0.086   0.116   0.1     0.072   0.024   0.026   0.044   0.028   0.008   0.016   0.013   0.005   0.007   0       0.003   0.004   0       0.001   0.001   0.001   0.002   
2004 0       0       0       0.001   0.003   0.011   0.08    0.067   0.219   0.195   0.073   0.109   0.061   0.04    0.03    0.016   0.04    0.018   0.007   0.013   0.004   0.001   0.002   0.004   0.001   0.002   0       0.001   0       0.002   
2005 0       0       0       0.001   0.005   0.013   0.053   0.151   0.093   0.207   0.152   0.061   0.085   0.033   0.029   0.014   0.021   0.026   0.013   0.014   0.005   0.006   0.005   0.001   0       0.002   0.005   0.001   0       0.004   
2006 0       0       0       0       0.006   0.013   0.054   0.098   0.208   0.098   0.162   0.118   0.046   0.067   0.033   0.024   0.014   0.011   0.02    0.005   0.011   0.006   0       0       0.002   0.001   0.001   0.002   0       0       
2007 0       0       0       0       0.002   0.016   0.04    0.098   0.147   0.185   0.101   0.129   0.101   0.028   0.037   0.041   0.022   0.011   0.007   0.013   0.007   0.005   0.001   0.004   0.002   0.001   0       0       0       0.002   
2008 0       0       0       0       0.003   0.007   0.072   0.088   0.12    0.136   0.151   0.057   0.118   0.093   0.039   0.03    0.036   0.013   0.009   0.005   0.009   0.005   0.003   0.003   0       0.001   0       0       0.001   0.001   
2009 0       0       0       0.003   0.001   0.014   0.021   0.135   0.138   0.107   0.13    0.122   0.057   0.096   0.07    0.022   0.018   0.021   0.014   0.005   0.004   0.009   0       0.006   0.001   0       0       0.001   0       0.005   
2010 0       0       0       0.001   0.005   0.005   0.025   0.04    0.203   0.122   0.102   0.104   0.118   0.048   0.072   0.069   0.018   0.012   0.024   0.01    0.003   0.001   0.004   0.005   0       0.003   0.002   0       0.001   0.003   
objective function: multinomial likelihood, with delta = 1e-011, N =
100 100 100 100 100 100 100 100 100 100 100 100 100 100 100 100 100 100 100 100 100 100 100 100 100 100 100 100 100 100 
100 100 100 100 100 100 100 100 100 100 100 100 100 100 100 100 100 100 100 100 100 100 100 100 100 100 100 100 100 100 
100 100 100 100 100 100 100 100 100 100 100 100 100 100 100 100 100 100 100 100 100 100 100 100 100 100 100 100 100 100 
100 100 100 100 100 100 100 100 100 100 100 100 100 100 100 100 100 100 100 100 100 100 100 100 100 100 100 100 100 100 
100 100 100 100 100 100 100 100 100 100 100 100 100 100 100 100 100 100 100 100 100 100 100 100 100 100 100 100 100 100 
100 100 100 100 100 100 100 100 100 100 100 100 100 100 100 100 100 100 100 100 100 100 100 100 100 100 100 100 100 100 
100 100 100 100 100 100 100 100 100 100 100 100 100 100 100 100 100 100 100 100 100 100 100 100 100 100 100 100 100 100 
100 100 100 100 100 100 100 100 100 100 100 100 100 100 100 100 100 100 100 100 100 100 100 100 100 100 100 100 100 100 
100 100 100 100 100 100 100 100 100 100 100 100 100 100 100 100 100 100 100 100 100 100 100 100 100 100 100 100 100 100 
100 100 100 100 100 100 100 100 100 100 100 100 100 100 100 100 100 100 100 100 100 100 100 100 100 100 100 100 100 100 
100 100 100 100 100 100 100 100 100 100 100 100 100 100 100 100 100 100 100 100 100 100 100 100 100 100 100 100 100 100 

Tags2005_R1_R1 :
tag-recapture data for tag Tags2005_R1 in years 2006 2007 2008 2009 2010 , step 1, after proportion 0.5 of mortality, with sampling method size, detection probability 1.
Year 2006
class scanned recaptured
100 0 0
150 0 0
200 0 0
250 0 0
300 8 0
350 114 0
400 978 0
450 5024 0
500 17104 0.1
550 42998 0.7
600 83144 2.1
650 124554 4.4
700 148304 7
750 147366 8.5
800 127850 8.4
850 99120 6.8
900 70270 4.7
950 47572 2.9
1000 32102 1.7
1050 21994 0.9
1100 15312 0.5
1150 10764 0.2
1200 7552 0.1
1250 5242 0
1300 3608 0
1350 2486 0
1400 1726 0
1450 1196 0
1500 814 0
1550 532 0
1600 326 0
1650 186 0
1700 98 0
1750 46 0
1800 20 0
1850 8 0
1900 2 0
1950 0 0
2000 0 0


Year 2007
class scanned recaptured
100 0 0
150 0 0
200 0 0
250 0 0
300 8 0
350 90 0
400 804 0
450 4586 0
500 16670 0
550 41264 0.2
600 76664 0.7
650 114036 1.9
700 138918 3.7
750 141768 5.2
800 126146 5.8
850 101622 5.3
900 75428 4.2
950 52276 2.9
1000 34840 1.9
1050 23108 1.2
1100 15534 0.8
1150 10602 0.5
1200 7306 0.3
1250 5034 0.2
1300 3450 0.1
1350 2358 0
1400 1618 0
1450 1110 0
1500 754 0
1550 496 0
1600 308 0
1650 178 0
1700 94 0
1750 46 0
1800 20 0
1850 8 0
1900 2 0
1950 0 0
2000 0 0


Year 2008
class scanned recaptured
100 0 0
150 0 0
200 0 0
250 0 0
300 8 0
350 84 0
400 638 0
450 3710 0
500 14876 0
550 40162 0.1
600 75856 0.4
650 108786 1.4
700 128916 3
750 132552 5.1
800 121234 6.5
850 101032 6.7
900 78164 5.8
950 56502 4.5
1000 38472 3.3
1050 25260 2.3
1100 16474 1.5
1150 10870 0.8
1200 7280 0.4
1250 4928 0.1
1300 3348 0
1350 2274 0
1400 1546 0
1450 1050 0
1500 708 0
1550 464 0
1600 290 0
1650 170 0
1700 90 0
1750 44 0
1800 20 0
1850 8 0
1900 2 0
1950 0 0
2000 0 0


Year 2009
class scanned recaptured
100 0 0
150 0 0
200 0 0
250 0 0
300 8 0
350 92 0
400 606 0
450 2980 0
500 11716 0
550 34256 0
600 71540 0.2
650 108366 0.7
700 126996 1.6
750 126398 2.9
800 114800 4
850 97676 4.3
900 78150 3.8
950 58796 2.8
1000 41574 1.8
1050 27822 1
1100 17990 0.5
1150 11542 0.2
1200 7486 0.1
1250 4936 0
1300 3300 0
1350 2226 0
1400 1508 0
1450 1018 0
1500 682 0
1550 444 0
1600 276 0
1650 160 0
1700 86 0
1750 42 0
1800 18 0
1850 8 0
1900 2 0
1950 0 0
2000 0 0


Year 2010
class scanned recaptured
100 0 0
150 0 0
200 0 0
250 0 0
300 8 0
350 98 0
400 686 0
450 3018 0
500 9856 0
550 26762 0
600 58416 0
650 97460 0.1
700 124074 0.3
750 126490 0.7
800 112664 1.3
850 94696 1.9
900 76888 2.3
950 59688 2.4
1000 43826 2.1
1050 30344 1.6
1100 19956 1.1
1150 12706 0.6
1200 8032 0.3
1250 5136 0.2
1300 3348 0.1
1350 2224 0
1400 1494 0
1450 1006 0
1500 670 0
1550 434 0
1600 268 0
1650 154 0
1700 82 0
1750 40 0
1800 18 0
1850 8 0
1900 2 0
1950 0 0
2000 0 0


Tags2006_R1_R1 :
tag-recapture data for tag Tags2006_R1 in years 2007 2008 2009 2010 , step 1, after proportion 0.5 of mortality, with sampling method size, detection probability 1.
Year 2007
class scanned recaptured
100 0 0
150 0 0
200 0 0
250 0 0
300 8 0
350 90 0
400 804 0
450 4586 0
500 16670 0.1
550 41264 0.5
600 76664 1.7
650 114036 3.8
700 138918 6.1
750 141768 7.6
800 126146 7.9
850 101622 7.2
900 75428 5.7
950 52276 3.9
1000 34840 2.4
1050 23108 1.4
1100 15534 0.8
1150 10602 0.4
1200 7306 0.2
1250 5034 0.1
1300 3450 0.1
1350 2358 0
1400 1618 0
1450 1110 0
1500 754 0
1550 496 0
1600 308 0
1650 178 0
1700 94 0
1750 46 0
1800 20 0
1850 8 0
1900 2 0
1950 0 0
2000 0 0


Year 2008
class scanned recaptured
100 0 0
150 0 0
200 0 0
250 0 0
300 8 0
350 84 0
400 638 0
450 3710 0
500 14876 0.1
550 40162 0.5
600 75856 1.5
650 108786 3.6
700 128916 6.3
750 132552 8.5
800 121234 9.1
850 101032 8
900 78164 6.2
950 56502 4.3
1000 38472 2.7
1050 25260 1.7
1100 16474 1.1
1150 10870 0.8
1200 7280 0.6
1250 4928 0.4
1300 3348 0.3
1350 2274 0.2
1400 1546 0.1
1450 1050 0.1
1500 708 0
1550 464 0
1600 290 0
1650 170 0
1700 90 0
1750 44 0
1800 20 0
1850 8 0
1900 2 0
1950 0 0
2000 0 0


Year 2009
class scanned recaptured
100 0 0
150 0 0
200 0 0
250 0 0
300 8 0
350 92 0
400 606 0
450 2980 0
500 11716 0
550 34256 0
600 71540 0.2
650 108366 0.6
700 126996 1.4
750 126398 2.4
800 114800 3.2
850 97676 3.5
900 78150 3.2
950 58796 2.6
1000 41574 1.8
1050 27822 1.1
1100 17990 0.6
1150 11542 0.3
1200 7486 0.1
1250 4936 0
1300 3300 0
1350 2226 0
1400 1508 0
1450 1018 0
1500 682 0
1550 444 0
1600 276 0
1650 160 0
1700 86 0
1750 42 0
1800 18 0
1850 8 0
1900 2 0
1950 0 0
2000 0 0


Year 2010
class scanned recaptured
100 0 0
150 0 0
200 0 0
250 0 0
300 8 0
350 98 0
400 686 0
450 3018 0
500 9856 0
550 26762 0.1
600 58416 0.3
650 97460 0.8
700 124074 1.6
750 126490 2.6
800 112664 3.4
850 94696 3.9
900 76888 3.9
950 59688 3.5
1000 43826 2.9
1050 30344 2.2
1100 19956 1.5
1150 12706 1
1200 8032 0.6
1250 5136 0.4
1300 3348 0.2
1350 2224 0.1
1400 1494 0
1450 1006 0
1500 670 0
1550 434 0
1600 268 0
1650 154 0
1700 82 0
1750 40 0
1800 18 0
1850 8 0
1900 2 0
1950 0 0
2000 0 0


Tags2007_R1_R1 :
tag-recapture data for tag Tags2007_R1 in years 2008 2009 2010 , step 1, after proportion 0.5 of mortality, with sampling method size, detection probability 1.
Year 2008
class scanned recaptured
100 0 0
150 0 0
200 0 0
250 0 0
300 8 0
350 84 0
400 638 0
450 3710 0
500 14876 0.1
550 40162 0.5
600 75856 1.6
650 108786 3.3
700 128916 5.5
750 132552 7.3
800 121234 7.8
850 101032 6.9
900 78164 5.4
950 56502 3.9
1000 38472 2.7
1050 25260 1.8
1100 16474 1.1
1150 10870 0.7
1200 7280 0.5
1250 4928 0.3
1300 3348 0.2
1350 2274 0.1
1400 1546 0.1
1450 1050 0.1
1500 708 0
1550 464 0
1600 290 0
1650 170 0
1700 90 0
1750 44 0
1800 20 0
1850 8 0
1900 2 0
1950 0 0
2000 0 0


Year 2009
class scanned recaptured
100 0 0
150 0 0
200 0 0
250 0 0
300 8 0
350 92 0
400 606 0
450 2980 0
500 11716 0
550 34256 0.2
600 71540 0.6
650 108366 1.6
700 126996 3.2
750 126398 5
800 114800 6.3
850 97676 6.5
900 78150 5.7
950 58796 4.4
1000 41574 2.9
1050 27822 1.7
1100 17990 0.9
1150 11542 0.5
1200 7486 0.3
1250 4936 0.2
1300 3300 0.1
1350 2226 0
1400 1508 0
1450 1018 0
1500 682 0
1550 444 0
1600 276 0
1650 160 0
1700 86 0
1750 42 0
1800 18 0
1850 8 0
1900 2 0
1950 0 0
2000 0 0


Year 2010
class scanned recaptured
100 0 0
150 0 0
200 0 0
250 0 0
300 8 0
350 98 0
400 686 0
450 3018 0
500 9856 0
550 26762 0.1
600 58416 0.4
650 97460 0.9
700 124074 1.9
750 126490 3.1
800 112664 4.1
850 94696 4.4
900 76888 3.9
950 59688 3.1
1000 43826 2.4
1050 30344 1.8
1100 19956 1.3
1150 12706 0.9
1200 8032 0.6
1250 5136 0.3
1300 3348 0.2
1350 2224 0.2
1400 1494 0.1
1450 1006 0.1
1500 670 0.1
1550 434 0
1600 268 0
1650 154 0
1700 82 0
1750 40 0
1800 18 0
1850 8 0
1900 2 0
1950 0 0
2000 0 0


Tags2008_R1_R1 :
tag-recapture data for tag Tags2008_R1 in years 2009 2010 , step 1, after proportion 0.5 of mortality, with sampling method size, detection probability 1.
Year 2009
class scanned recaptured
100 0 0
150 0 0
200 0 0
250 0 0
300 8 0
350 92 0
400 606 0
450 2980 0
500 11716 0.2
550 34256 0.9
600 71540 2.5
650 108366 4.8
700 126996 6.9
750 126398 7.8
800 114800 7.5
850 97676 6.4
900 78150 5.1
950 58796 4
1000 41574 3
1050 27822 2.1
1100 17990 1.4
1150 11542 0.8
1200 7486 0.4
1250 4936 0.2
1300 3300 0.1
1350 2226 0
1400 1508 0
1450 1018 0
1500 682 0
1550 444 0
1600 276 0
1650 160 0
1700 86 0
1750 42 0
1800 18 0
1850 8 0
1900 2 0
1950 0 0
2000 0 0


Year 2010
class scanned recaptured
100 0 0
150 0 0
200 0 0
250 0 0
300 8 0
350 98 0
400 686 0
450 3018 0
500 9856 0.2
550 26762 0.6
600 58416 1.3
650 97460 2.4
700 124074 3.9
750 126490 5.4
800 112664 6.2
850 94696 5.8
900 76888 4.8
950 59688 3.5
1000 43826 2.3
1050 30344 1.4
1100 19956 0.8
1150 12706 0.4
1200 8032 0.2
1250 5136 0.1
1300 3348 0
1350 2224 0
1400 1494 0
1450 1006 0
1500 670 0
1550 434 0
1600 268 0
1650 154 0
1700 82 0
1750 40 0
1800 18 0
1850 8 0
1900 2 0
1950 0 0
2000 0 0


Tags2009_R1_R1 :
tag-recapture data for tag Tags2009_R1 in years 2010 , step 1, after proportion 0.5 of mortality, with sampling method size, detection probability 1.
Year 2010
class scanned recaptured
100 0 0
150 0 0
200 0 0
250 0 0
300 8 0
350 98 0
400 686 0
450 3018 0
500 9856 0.2
550 26762 0.8
600 58416 2.1
650 97460 4
700 124074 6.1
750 126490 7.3
800 112664 7.6
850 94696 7.1
900 76888 6.1
950 59688 4.7
1000 43826 3.3
1050 30344 2
1100 19956 1.1
1150 12706 0.6
1200 8032 0.3
1250 5136 0.2
1300 3348 0.1
1350 2224 0.1
1400 1494 0
1450 1006 0
1500 670 0
1550 434 0
1600 268 0
1650 154 0
1700 82 0
1750 40 0
1800 18 0
1850 8 0
1900 2 0
1950 0 0
2000 0 0



Ageing_error:
  Misclassification matrix:
1 0 0 0 0 0 0 0 0 0 0 0 0 0 0 0 0 0 0 0 0 0 0 0 0 0 0 0 0 0 
0 1 0 0 0 0 0 0 0 0 0 0 0 0 0 0 0 0 0 0 0 0 0 0 0 0 0 0 0 0 
0 0 1 0 0 0 0 0 0 0 0 0 0 0 0 0 0 0 0 0 0 0 0 0 0 0 0 0 0 0 
0 0 0 1 0 0 0 0 0 0 0 0 0 0 0 0 0 0 0 0 0 0 0 0 0 0 0 0 0 0 
0 0 0 0 1 0 0 0 0 0 0 0 0 0 0 0 0 0 0 0 0 0 0 0 0 0 0 0 0 0 
0 0 0 0 0 1 0 0 0 0 0 0 0 0 0 0 0 0 0 0 0 0 0 0 0 0 0 0 0 0 
0 0 0 0 0 0 1 0 0 0 0 0 0 0 0 0 0 0 0 0 0 0 0 0 0 0 0 0 0 0 
0 0 0 0 0 0 0 1 0 0 0 0 0 0 0 0 0 0 0 0 0 0 0 0 0 0 0 0 0 0 
0 0 0 0 0 0 0 0 1 0 0 0 0 0 0 0 0 0 0 0 0 0 0 0 0 0 0 0 0 0 
0 0 0 0 0 0 0 0 0 1 0 0 0 0 0 0 0 0 0 0 0 0 0 0 0 0 0 0 0 0 
0 0 0 0 0 0 0 0 0 0 1 0 0 0 0 0 0 0 0 0 0 0 0 0 0 0 0 0 0 0 
0 0 0 0 0 0 0 0 0 0 0 1 0 0 0 0 0 0 0 0 0 0 0 0 0 0 0 0 0 0 
0 0 0 0 0 0 0 0 0 0 0 0 1 0 0 0 0 0 0 0 0 0 0 0 0 0 0 0 0 0 
0 0 0 0 0 0 0 0 0 0 0 0 0 1 0 0 0 0 0 0 0 0 0 0 0 0 0 0 0 0 
0 0 0 0 0 0 0 0 0 0 0 0 0 0 1 0 0 0 0 0 0 0 0 0 0 0 0 0 0 0 
0 0 0 0 0 0 0 0 0 0 0 0 0 0 0 1 0 0 0 0 0 0 0 0 0 0 0 0 0 0 
0 0 0 0 0 0 0 0 0 0 0 0 0 0 0 0 1 0 0 0 0 0 0 0 0 0 0 0 0 0 
0 0 0 0 0 0 0 0 0 0 0 0 0 0 0 0 0 1 0 0 0 0 0 0 0 0 0 0 0 0 
0 0 0 0 0 0 0 0 0 0 0 0 0 0 0 0 0 0 1 0 0 0 0 0 0 0 0 0 0 0 
0 0 0 0 0 0 0 0 0 0 0 0 0 0 0 0 0 0 0 1 0 0 0 0 0 0 0 0 0 0 
0 0 0 0 0 0 0 0 0 0 0 0 0 0 0 0 0 0 0 0 1 0 0 0 0 0 0 0 0 0 
0 0 0 0 0 0 0 0 0 0 0 0 0 0 0 0 0 0 0 0 0 1 0 0 0 0 0 0 0 0 
0 0 0 0 0 0 0 0 0 0 0 0 0 0 0 0 0 0 0 0 0 0 1 0 0 0 0 0 0 0 
0 0 0 0 0 0 0 0 0 0 0 0 0 0 0 0 0 0 0 0 0 0 0 1 0 0 0 0 0 0 
0 0 0 0 0 0 0 0 0 0 0 0 0 0 0 0 0 0 0 0 0 0 0 0 1 0 0 0 0 0 
0 0 0 0 0 0 0 0 0 0 0 0 0 0 0 0 0 0 0 0 0 0 0 0 0 1 0 0 0 0 
0 0 0 0 0 0 0 0 0 0 0 0 0 0 0 0 0 0 0 0 0 0 0 0 0 0 1 0 0 0 
0 0 0 0 0 0 0 0 0 0 0 0 0 0 0 0 0 0 0 0 0 0 0 0 0 0 0 1 0 0 
0 0 0 0 0 0 0 0 0 0 0 0 0 0 0 0 0 0 0 0 0 0 0 0 0 0 0 0 1 0 
0 0 0 0 0 0 0 0 0 0 0 0 0 0 0 0 0 0 0 0 0 0 0 0 0 0 0 0 0 1 

Free parameters:

initialization.B0
uniform: bounds from 5000 to 500000
current value: 316502
lower bound: 5000
upper bound: 500000


Q's:
qs are nuisance parameters

Penalties:
LL_Penalty :
Catch limit penalty of 1000 x the sum of squares of (log(actual catch) - log(specified catch)) for fishery LL to disencourage breaking exploitation rate limits
meanYCS_1 :
Vector average penalty of 100 x square of (mean(recruitment.YCS) - 1) 
Penalty_Tags2005_R1_LL :
'Fish-must-be-tagged' penalty of 1 x square of (actual number of tagged fish - nominal number of tagged fish) for tagging episode Tags2005_R1_LL
Penalty_Tags2006_R1_LL :
'Fish-must-be-tagged' penalty of 1 x square of (actual number of tagged fish - nominal number of tagged fish) for tagging episode Tags2006_R1_LL
Penalty_Tags2007_R1_LL :
'Fish-must-be-tagged' penalty of 1 x square of (actual number of tagged fish - nominal number of tagged fish) for tagging episode Tags2007_R1_LL
Penalty_Tags2008_R1_LL :
'Fish-must-be-tagged' penalty of 1 x square of (actual number of tagged fish - nominal number of tagged fish) for tagging episode Tags2008_R1_LL
Penalty_Tags2009_R1_LL :
'Fish-must-be-tagged' penalty of 1 x square of (actual number of tagged fish - nominal number of tagged fish) for tagging episode Tags2009_R1_LL

Components of the objective function are:
  LL_catchA
  Tags2005_R1_R1
  Tags2006_R1_R1
  Tags2007_R1_R1
  Tags2008_R1_R1
  Tags2009_R1_R1
  prior_on_initialization.B0
  LL_Penalty
  meanYCS_1
  Penalty_Tags2005_R1_LL
  Penalty_Tags2006_R1_LL
  Penalty_Tags2007_R1_LL
  Penalty_Tags2008_R1_LL
  Penalty_Tags2009_R1_LL

Random number seed : 57429


Minimiser achieved convergence after 5 quasi-Newton iterations using 5 objective function evaluations



Approximate Covariance matrix (Inverse Hessian of parameters at point estimate):
1.10988e+008 

Correlation matrix:
1 

List of parameter names, in the same order as the rows & cols of the covariance/correlation matrices:
initialization.B0 



Start extracting output from here

Point estimate:
initialization.B0
current value: 280493
lower bound: 5000
upper bound: 500000


In a format suitable for -i :

initialization.B0 
280493 

Objective function : 686.337

Components :
LL_catchA                                          379.402
Tags2005_R1_R1                                     88.7521
Tags2006_R1_R1                                     84.5701
Tags2007_R1_R1                                     63.0718
Tags2008_R1_R1                                     46.5087
Tags2009_R1_R1                                     24.0326
prior_on_initialization.B0                         0
LL_Penalty                                         0
meanYCS_1                                          0
Penalty_Tags2005_R1_LL                             8.27181e-025
Penalty_Tags2006_R1_LL                             2.06795e-025
Penalty_Tags2007_R1_LL                             2.06795e-025
Penalty_Tags2008_R1_LL                             0
Penalty_Tags2009_R1_LL                             2.06795e-025

Fits : 

The observations are:
LL_catchA
Tags2005_R1_R1
Tags2006_R1_R1
Tags2007_R1_R1
Tags2008_R1_R1
Tags2009_R1_R1
Fits follow:

LL_catchA :
catch proportions-at-age for fishery LL  with ageing error (constrained to sum to 1):
obs (last class is a plus group):
class 1       2       3       4       5       6       7       8       9       10      11      12      13      14      15      16      17      18      19      20      21      22      23      24      25      26      27      28      29      30      
2000 0       0       0       0.003   0.01    0.035   0.035   0.129   0.153   0.135   0.075   0.07    0.112   0.056   0.039   0.041   0.015   0.016   0.013   0.011   0.017   0.017   0.005   0.008   0.003   0       0.002   0       0       0       
2001 0       0       0       0       0.005   0.042   0.089   0.067   0.18    0.152   0.098   0.054   0.042   0.077   0.056   0.027   0.024   0.018   0.012   0.006   0.008   0.012   0.018   0.003   0.005   0       0       0.003   0       0.002   
2002 0       0       0       0.003   0.006   0.014   0.095   0.18    0.097   0.156   0.115   0.075   0.038   0.033   0.069   0.02    0.021   0.016   0.014   0.008   0.009   0.004   0.009   0.012   0.001   0.003   0       0       0.001   0.001   
2003 0       0       0       0       0.007   0.03    0.028   0.163   0.215   0.086   0.116   0.1     0.072   0.024   0.026   0.044   0.028   0.008   0.016   0.013   0.005   0.007   0       0.003   0.004   0       0.001   0.001   0.001   0.002   
2004 0       0       0       0.001   0.003   0.011   0.08    0.067   0.219   0.195   0.073   0.109   0.061   0.04    0.03    0.016   0.04    0.018   0.007   0.013   0.004   0.001   0.002   0.004   0.001   0.002   0       0.001   0       0.002   
2005 0       0       0       0.001   0.005   0.013   0.053   0.151   0.093   0.207   0.152   0.061   0.085   0.033   0.029   0.014   0.021   0.026   0.013   0.014   0.005   0.006   0.005   0.001   0       0.002   0.005   0.001   0       0.004   
2006 0       0       0       0       0.006   0.013   0.054   0.098   0.208   0.098   0.162   0.118   0.046   0.067   0.033   0.024   0.014   0.011   0.02    0.005   0.011   0.006   0       0       0.002   0.001   0.001   0.002   0       0       
2007 0       0       0       0       0.002   0.016   0.04    0.098   0.147   0.185   0.101   0.129   0.101   0.028   0.037   0.041   0.022   0.011   0.007   0.013   0.007   0.005   0.001   0.004   0.002   0.001   0       0       0       0.002   
2008 0       0       0       0       0.003   0.007   0.072   0.088   0.12    0.136   0.151   0.057   0.118   0.093   0.039   0.03    0.036   0.013   0.009   0.005   0.009   0.005   0.003   0.003   0       0.001   0       0       0.001   0.001   
2009 0       0       0       0.003   0.001   0.014   0.021   0.135   0.138   0.107   0.13    0.122   0.057   0.096   0.07    0.022   0.018   0.021   0.014   0.005   0.004   0.009   0       0.006   0.001   0       0       0.001   0       0.005   
2010 0       0       0       0.001   0.005   0.005   0.025   0.04    0.203   0.122   0.102   0.104   0.118   0.048   0.072   0.069   0.018   0.012   0.024   0.01    0.003   0.001   0.004   0.005   0       0.003   0.002   0       0.001   0.003   
fits (last class is a plus group):
class 1       2       3       4       5       6       7       8       9       10      11      12      13      14      15      16      17      18      19      20      21      22      23      24      25      26      27      28      29      30      
2000 4.67499e-007 7.63246e-006 8.81113e-005 0.000719225 0.00415077 0.0169316 0.0487652 0.0988993 0.140687 0.14018 0.116026 0.0947596 0.0763966 0.0608259 0.0478531 0.0372437 0.028749 0.0220874 0.0169103 0.012843 0.00963525 0.00713767 0.00521857 0.00376409 0.00267736 0.00187733 0.00129727 0.000883232 0.000592388 0.00279304 
2001 4.6824e-007 7.64429e-006 8.82481e-005 0.00072037 0.00415769 0.0169617 0.0488576 0.0990967 0.140972 0.140454 0.116346 0.094991 0.0765564 0.0609281 0.0479023 0.0372237 0.0286217 0.0218305 0.0165737 0.0125393 0.0094106 0.00697612 0.0051057 0.00368754 0.00262701 0.00184523 0.00127747 0.000871432 0.000585608 0.00278374 
2002 4.68827e-007 7.65345e-006 8.8351e-005 0.000721211 0.00416271 0.0169834 0.048925 0.0992425 0.141186 0.140662 0.116506 0.0951977 0.0766991 0.0610208 0.047956 0.0372415 0.028591 0.0217224 0.0163726 0.0122836 0.00918365 0.00681028 0.00498787 0.00360618 0.00257246 0.00180975 0.0012551 0.000857781 0.000577551 0.00277023 
2003 4.6932e-007 7.66097e-006 8.84328e-005 0.000721855 0.00416643 0.0169992 0.0489738 0.0993486 0.141343 0.140816 0.116626 0.0952863 0.0768323 0.0611081 0.0480085 0.0372677 0.0285931 0.0216906 0.0162853 0.01213 0.00899317 0.00664374 0.00486767 0.00352181 0.00251491 0.00177163 0.0012306 0.000842514 0.000568338 0.00275259 
2004 4.69762e-007 7.66758e-006 8.85029e-005 0.000722387 0.00416937 0.0170112 0.0490097 0.0994259 0.141457 0.140929 0.116714 0.0953524 0.0768781 0.061194 0.0480617 0.0372968 0.0286045 0.0216858 0.0162568 0.0120621 0.00887842 0.0065043 0.00474748 0.00343614 0.00245552 0.00173162 0.00120442 0.000825896 0.00055811 0.0027309 
2005 4.70182e-007 7.67382e-006 8.85681e-005 0.000722869 0.00417191 0.017021 0.0490376 0.0994836 0.14154 0.141009 0.116777 0.0954001 0.0769118 0.0612151 0.0481175 0.0373293 0.0286202 0.0216896 0.0162498 0.0120386 0.008827 0.00642013 0.00464703 0.00335074 0.0023954 0.00169046 0.00117705 0.000808211 0.000547024 0.00270526 
2006 4.70604e-007 7.68008e-006 8.86331e-005 0.000723343 0.00417436 0.01703 0.0490616 0.0995297 0.141602 0.141065 0.11682 0.0954319 0.0769346 0.0612298 0.0481248 0.0373657 0.0286401 0.021698 0.0162501 0.0120316 0.00880854 0.00638211 0.00458632 0.00327945 0.00233561 0.0016489 0.00114895 0.000789763 0.000535261 0.00267581 
2007 4.71037e-007 7.6865e-006 8.86999e-005 0.000723829 0.00417684 0.0170389 0.0490841 0.09957 0.141652 0.141106 0.116847 0.0954506 0.0769476 0.0612381 0.0481288 0.0373658 0.0286639 0.02171 0.0162542 0.0120303 0.00880241 0.00636808 0.0045587 0.0032363 0.00228572 0.00160761 0.00112062 0.000770857 0.000523005 0.0026427 
2008 4.71487e-007 7.69319e-006 8.87696e-005 0.000724338 0.00417944 0.0170481 0.0491071 0.0996089 0.141695 0.141137 0.116863 0.0954588 0.0769515 0.0612397 0.0481287 0.0373639 0.0286603 0.0217255 0.0162615 0.0120321 0.00880065 0.00636307 0.00454829 0.00321656 0.00225548 0.00157316 0.00109248 0.000751798 0.000510454 0.00260617 
2009 4.71954e-007 7.70017e-006 8.88428e-005 0.000724874 0.00418218 0.0170579 0.0491312 0.099649 0.141738 0.141163 0.116873 0.0954593 0.0769478 0.0612348 0.0481238 0.0373592 0.0286556 0.0217204 0.0162713 0.0120363 0.00880115 0.00636125 0.00454435 0.00320898 0.00224156 0.00155224 0.00106901 0.000732879 0.000497806 0.00256653 
2010 4.72436e-007 7.70743e-006 8.89191e-005 0.000725437 0.00418508 0.0170683 0.0491568 0.0996915 0.141782 0.141189 0.116879 0.0954546 0.0769381 0.061224 0.048114 0.037351 0.0286487 0.0217144 0.0162658 0.0120424 0.0088034 0.00636108 0.00454269 0.00320596 0.00223612 0.00154256 0.00105473 0.000717088 0.000485251 0.00252417 
resids (last class is a plus group):
class 1       2       3       4       5       6       7       8       9       10      11      12      13      14      15      16      17      18      19      20      21      22      23      24      25      26      27      28      29      30      
2000 -4.67499e-007 -7.63246e-006 -8.81113e-005 0.00228077 0.00584923 0.0180684 -0.0137652 0.0301007 0.0123127 -0.00518009 -0.0410257 -0.0247596 0.0356034 -0.00482589 -0.0088531 0.0037563 -0.013749 -0.00608741 -0.00391032 -0.00184296 0.00736475 0.00986233 -0.000218571 0.00423591 0.000322635 -0.00187733 0.000702734 -0.000883232 -0.000592388 -0.00279304 
2001 -4.6824e-007 -7.64429e-006 -8.82481e-005 -0.00072037 0.000842305 0.0250383 0.0401424 -0.0320967 0.0390276 0.0115457 -0.0183457 -0.040991 -0.0345564 0.0160719 0.00809767 -0.0102237 -0.0046217 -0.00383047 -0.00457371 -0.00653926 -0.0014106 0.00502388 0.0128943 -0.000687539 0.00237299 -0.00184523 -0.00127747 0.00212857 -0.000585608 -0.000783737 
2002 -4.68827e-007 -7.65345e-006 -8.8351e-005 0.00227879 0.00183729 -0.00298338 0.046075 0.0807575 -0.0441859 0.0153383 -0.00150555 -0.0201977 -0.0386991 -0.0280208 0.021044 -0.0172415 -0.00759098 -0.00572243 -0.00237256 -0.00428358 -0.00018365 -0.00281028 0.00401213 0.00839382 -0.00157246 0.00119025 -0.0012551 -0.000857781 0.000422449 -0.00177023 
2003 -4.6932e-007 -7.66097e-006 -8.84328e-005 -0.000721855 0.00283357 0.0130008 -0.0209738 0.0636514 0.073657 -0.0548161 -0.000625698 0.00471374 -0.00483229 -0.0371081 -0.0220085 0.00673229 -0.000593075 -0.0136906 -0.000285317 0.000869985 -0.00399317 0.000356259 -0.00486767 -0.000521812 0.00148509 -0.00177163 -0.000230601 0.000157486 0.000431662 -0.000752588 
2004 -4.69762e-007 -7.66758e-006 -8.85029e-005 0.000277613 -0.00116937 -0.00601117 0.0309903 -0.0324259 0.0775429 0.0540715 -0.0437142 0.0136476 -0.0158781 -0.021194 -0.0180617 -0.0212968 0.0113955 -0.00368577 -0.00925682 0.000937913 -0.00487842 -0.0055043 -0.00274748 0.000563864 -0.00145552 0.000268381 -0.00120442 0.000174104 -0.00055811 -0.000730903 
2005 -4.70182e-007 -7.67382e-006 -8.85681e-005 0.000277131 0.000828086 -0.00402096 0.00396239 0.0515164 -0.04854 0.0659912 0.0352228 -0.0344001 0.00808824 -0.0282151 -0.0191175 -0.0233293 -0.00762024 0.00431037 -0.0032498 0.00196145 -0.003827 -0.000420132 0.00035297 -0.00235074 -0.0023954 0.000309537 0.00382295 0.000191789 -0.000547024 0.00129474 
2006 -4.70604e-007 -7.68008e-006 -8.86331e-005 -0.000723343 0.00182564 -0.00402996 0.00493844 -0.0015297 0.0663979 -0.0430653 0.0451804 0.0225681 -0.0309346 0.00577016 -0.0151248 -0.0133657 -0.0146401 -0.010698 0.00374989 -0.00703155 0.00219146 -0.000382106 -0.00458632 -0.00327945 -0.000335605 -0.000648901 -0.000148955 0.00121024 -0.000535261 -0.00267581 
2007 -4.71037e-007 -7.6865e-006 -8.86999e-005 -0.000723829 -0.00217684 -0.00103887 -0.00908415 -0.00157 0.00534845 0.0438941 -0.0158467 0.0335494 0.0240524 -0.0332381 -0.0111288 0.00363424 -0.0066639 -0.01071 -0.00925424 0.000969679 -0.00180241 -0.00136808 -0.0035587 0.000763695 -0.000285716 -0.000607607 -0.00112062 -0.000770857 -0.000523005 -0.000642697 
2008 -4.71487e-007 -7.69319e-006 -8.87696e-005 -0.000724338 -0.00117944 -0.0100481 0.0228929 -0.0116089 -0.0216951 -0.00513678 0.0341368 -0.0384588 0.0410485 0.0317603 -0.00912869 -0.0073639 0.00733968 -0.00872548 -0.00726145 -0.00703211 0.000199353 -0.00136307 -0.00154829 -0.000216559 -0.00225548 -0.000573158 -0.00109248 -0.000751798 0.000489546 -0.00160617 
2009 -4.71954e-007 -7.70017e-006 -8.88428e-005 0.00227513 -0.00318218 -0.00305792 -0.0281312 0.035351 -0.00373762 -0.034163 0.0131271 0.0265407 -0.0199478 0.0347652 0.0218762 -0.0153592 -0.0106556 -0.000720365 -0.00227134 -0.00703627 -0.00480115 0.00263875 -0.00454435 0.00279102 -0.00124156 -0.00155224 -0.00106901 0.000267121 -0.000497806 0.00243347 
2010 -4.72436e-007 -7.70743e-006 -8.89191e-005 0.000274563 0.000814924 -0.0120683 -0.0241568 -0.0596915 0.061218 -0.0191886 -0.0148791 0.00854539 0.0410619 -0.013224 0.023886 0.031649 -0.0106487 -0.00971439 0.00773416 -0.00204243 -0.0058034 -0.00536108 -0.000542692 0.00179404 -0.00223612 0.00145744 0.000945273 -0.000717088 0.000514749 0.000475825 
pearson_resids (last class is a plus group):
class 1       2       3       4       5       6       7       8       9       10      11      12      13      14      15      16      17      18      19      20      21      22      23      24      25      26      27      28      29      30      
2000 -0.00683739 -0.027627 -0.0938718 0.850758 0.909782 1.40049 -0.639122 1.00831 0.354121 -0.149207 -1.28103 -0.845375 1.34033 -0.201911 -0.414752 0.19837 -0.822799 -0.4142 -0.303277 -0.163678 0.753926 1.17154 -0.0303356 0.691728 0.0624367 -0.433689 0.195235 -0.297323 -0.243462 -0.529231 
2001 -0.0068428 -0.0276484 -0.0939446 -0.268494 0.130902 1.93904 1.86215 -1.07422 1.1215  0.33229 -0.572161 -1.39804 -1.29967 0.671906 0.379176 -0.540052 -0.277179 -0.262128 -0.358251 -0.587669 -0.1461 0.603605 1.80918 -0.113431 0.463594 -0.429958 -0.357645 0.721373 -0.242064 -0.148752 
2002 -0.0068471 -0.027665 -0.0939994 0.848848 0.285361 -0.230896 2.13596 2.70104 -1.26893 0.441171 -0.0469266 -0.688196 -1.45423 -1.17061 0.98487 -0.91055 -0.455494 -0.39255 -0.186958 -0.388891 -0.0192525 -0.341705 0.569513 1.4003  -0.310431 0.280041 -0.354497 -0.293005 0.175835 -0.336801 
2003 -0.0068507 -0.0276786 -0.0940429 -0.268771 0.439904 1.00572 -0.971848 2.12789 2.1143  -1.57594 -0.0194937 0.160544 -0.181443 -1.54921 -1.02947 0.355421 -0.035586 -0.939827 -0.0225421 0.0794752 -0.422983 0.0438538 -0.699391 -0.0880839 0.296509 -0.421281 -0.0657763 0.0542794 0.181119 -0.143643 
2004 -0.00685392 -0.0276905 -0.0940802 0.103326 -0.181478 -0.464855 1.43548 -1.08363 2.22509 1.55401 -1.36148 0.464678 -0.596028 -0.884242 -0.844411 -1.12391 0.683628 -0.253047 -0.731987 0.0859185 -0.520053 -0.68473 -0.399702 0.0963577 -0.29409 0.0645509 -0.347257 0.0606073 -0.236309 -0.140056 
2005 -0.00685698 -0.0277018 -0.0941148 0.103113 0.128474 -0.310861 0.183489 1.72117 -1.39252 1.89613 1.09676 -1.171  0.303554 -1.17698 -0.89328 -1.23066 -0.457022 0.295903 -0.257034 0.179854 -0.409145 -0.0526032 0.0518993 -0.406783 -0.490015 0.0753489 1.11496 0.0674897 -0.233949 0.249267 
2006 -0.00686006 -0.0277131 -0.0941493 -0.269048 0.283158 -0.311475 0.228635 -0.0510971 1.90448 -1.23719 1.40659 0.768116 -1.16083 0.240673 -0.706668 -0.704733 -0.877741 -0.734268 0.296584 -0.644939 0.234533 -0.0479835 -0.678782 -0.573606 -0.0695244 -0.159933 -0.0439696 0.430818 -0.231419 -0.517976 
2007 -0.00686322 -0.0277246 -0.0941848 -0.269138 -0.33753 -0.0802735 -0.420477 -0.0524337 0.153386 1.26085 -0.493302 1.14177 0.902502 -1.38627 -0.519944 0.191622 -0.399371 -0.734897 -0.73184 0.0889442 -0.192963 -0.171986 -0.528278 0.134462 -0.0598302 -0.151664 -0.334944 -0.27775 -0.228753 -0.125186 
2008 -0.00686649 -0.0277367 -0.0942218 -0.269233 -0.182821 -0.776213 1.05941 -0.387638 -0.622105 -0.14754 1.0626  -1.3088 1.5402  1.32462 -0.426498 -0.388285 0.439897 -0.598514 -0.574122 -0.644976 0.0213445 -0.171423 -0.230101 -0.0382455 -0.475455 -0.144621 -0.330708 -0.274292 0.216733 -0.315033 
2009 -0.00686989 -0.0277493 -0.0942606 0.84534 -0.493099 -0.236156 -1.30152 1.18021 -0.107162 -0.981161 0.408603 0.90321 -0.748485 1.45    1.02212 -0.809914 -0.638682 -0.0494183 -0.179528 -0.645247 -0.514038 0.331905 -0.675655 0.49349 -0.26253 -0.394291 -0.327131 0.0987078 -0.223171 0.480961 
2010 -0.0068734 -0.0277624 -0.0943011 0.101977 0.126234 -0.931728 -1.11736 -1.99245 1.75497 -0.551055 -0.463125 0.290816 1.54082 -0.551596 1.11613 1.66907 -0.638346 -0.666513 0.611415 -0.18725 -0.621266 -0.67433 -0.0807022 0.317359 -0.473406 0.371367 0.291217 -0.267881 0.233732 0.094828 
objective function: multinomial likelihood, with delta = 1e-011, N =
100 100 100 100 100 100 100 100 100 100 100 100 100 100 100 100 100 100 100 100 100 100 100 100 100 100 100 100 100 100 
100 100 100 100 100 100 100 100 100 100 100 100 100 100 100 100 100 100 100 100 100 100 100 100 100 100 100 100 100 100 
100 100 100 100 100 100 100 100 100 100 100 100 100 100 100 100 100 100 100 100 100 100 100 100 100 100 100 100 100 100 
100 100 100 100 100 100 100 100 100 100 100 100 100 100 100 100 100 100 100 100 100 100 100 100 100 100 100 100 100 100 
100 100 100 100 100 100 100 100 100 100 100 100 100 100 100 100 100 100 100 100 100 100 100 100 100 100 100 100 100 100 
100 100 100 100 100 100 100 100 100 100 100 100 100 100 100 100 100 100 100 100 100 100 100 100 100 100 100 100 100 100 
100 100 100 100 100 100 100 100 100 100 100 100 100 100 100 100 100 100 100 100 100 100 100 100 100 100 100 100 100 100 
100 100 100 100 100 100 100 100 100 100 100 100 100 100 100 100 100 100 100 100 100 100 100 100 100 100 100 100 100 100 
100 100 100 100 100 100 100 100 100 100 100 100 100 100 100 100 100 100 100 100 100 100 100 100 100 100 100 100 100 100 
100 100 100 100 100 100 100 100 100 100 100 100 100 100 100 100 100 100 100 100 100 100 100 100 100 100 100 100 100 100 
100 100 100 100 100 100 100 100 100 100 100 100 100 100 100 100 100 100 100 100 100 100 100 100 100 100 100 100 100 100 

Tags2005_R1_R1 :
tag-recapture data for tag Tags2005_R1 in years 2006 2007 2008 2009 2010 , step 1, after proportion 0.5 of mortality, with sampling method size, detection probability 1.
Year 2006
class scanned recaptured expected_prop neg_log_likelihood
100 0 0 0 0
150 0 0 8.99836e-013 0
200 0 0 5.22563e-012 0
250 0 0 3.45026e-011 0
300 8 0 4.68551e-010 3.74841e-009
350 114 0 5.91954e-009 6.74827e-007
400 978 0 5.48002e-008 5.35946e-005
450 5024 0 3.68386e-007 0.00185077
500 17104 0.1 1.76911e-006 0.33018
550 42998 0.7 6.12602e-006 1.10143
600 83144 2.1 1.57162e-005 1.5323
650 124554 4.4 3.0936e-005 1.71571
700 148304 7 4.84969e-005 1.90636
750 147366 8.5 6.29246e-005 2.03189
800 127850 8.4 7.04738e-005 2.01408
850 99120 6.8 7.10977e-005 1.894
900 70270 4.7 6.70026e-005 1.7104
950 47572 2.9 6.0513e-005 1.47997
1000 32102 1.7 5.31985e-005 1.23274
1050 21994 0.9 4.59235e-005 0.962045
1100 15312 0.5 3.90772e-005 0.734341
1150 10764 0.2 3.27777e-005 0.475797
1200 7552 0.1 2.70334e-005 0.313165
1250 5242 0 2.19099e-005 0.114853
1300 3608 0 1.75231e-005 0.0632237
1350 2486 0 1.39624e-005 0.0347109
1400 1726 0 1.12723e-005 0.0194561
1450 1196 0 9.34871e-006 0.0111811
1500 814 0 8.01181e-006 0.00652164
1550 532 0 7.10111e-006 0.0037778
1600 326 0 6.466e-006 0.00210792
1650 186 0 6.03245e-006 0.00112204
1700 98 0 5.7456e-006 0.00056307
1750 46 0 5.56047e-006 0.000255782
1800 20 0 5.4429e-006 0.000108858
1850 8 0 5.36855e-006 4.29485e-005
1900 2 0 5.31986e-006 1.06397e-005
1950 0 0 5.28219e-006 0
2000 0 0 5.24025e-006 0

total neg_log_likelihood: 19.6943


Year 2007
class scanned recaptured expected_prop neg_log_likelihood
100 0 0 0 0
150 0 0 2.96874e-015 0
200 0 0 3.07636e-013 0
250 0 0 4.21302e-012 0
300 8 0 8.56316e-011 6.85053e-010
350 90 0 1.22109e-009 1.09898e-007
400 804 0 1.17667e-008 9.46042e-006
450 4586 0 9.00188e-008 0.000412826
500 16670 0 5.23707e-007 0.0087302
550 41264 0.2 2.23649e-006 0.483482
600 76664 0.7 7.07249e-006 0.874871
650 114036 1.9 1.69842e-005 1.28369
700 138918 3.7 3.19648e-005 1.66105
750 141768 5.2 4.86971e-005 1.98929
800 126146 5.8 6.21401e-005 2.10387
850 101622 5.3 6.90104e-005 1.99717
900 75428 4.2 6.93311e-005 1.76499
950 52276 2.9 6.51373e-005 1.51936
1000 34840 1.9 5.86386e-005 1.28844
1050 23108 1.2 5.13387e-005 1.07821
1100 15534 0.8 4.40453e-005 0.916695
1150 10602 0.5 3.71287e-005 0.738994
1200 7306 0.3 3.07379e-005 0.564445
1250 5034 0.2 2.50007e-005 0.454988
1300 3450 0.1 2.00585e-005 0.286388
1350 2358 0 1.60135e-005 0.0377602
1400 1618 0 1.29266e-005 0.0209154
1450 1110 0 1.06954e-005 0.0118719
1500 754 0 9.12569e-006 0.0068808
1550 496 0 8.04344e-006 0.00398956
1600 308 0 7.27679e-006 0.00224126
1650 178 0 6.74452e-006 0.00120053
1700 94 0 6.38663e-006 0.000600345
1750 46 0 6.15242e-006 0.000283012
1800 20 0 6.00208e-006 0.000120042
1850 8 0 5.90647e-006 4.72519e-005
1900 2 0 5.84422e-006 1.16885e-005
1950 0 0 5.79771e-006 0
2000 0 0 5.74854e-006 0

total neg_log_likelihood: 19.101


Year 2008
class scanned recaptured expected_prop neg_log_likelihood
100 0 0 0 0
150 0 0 0 0
200 0 0 8.66026e-015 0
250 0 0 4.02067e-013 0
300 8 0 1.46338e-011 1.17071e-010
350 84 0 2.85281e-010 2.39636e-008
400 638 0 2.87852e-009 1.8365e-006
450 3710 0 2.19573e-008 8.14617e-005
500 14876 0 1.44427e-007 0.0021485
550 40162 0.1 7.33515e-007 0.33206
600 75856 0.4 2.8078e-006 0.71198
650 108786 1.4 8.16056e-006 1.27129
700 128916 3 1.8416e-005 1.57199
750 132552 5.1 3.31686e-005 1.80335
800 121234 6.5 4.905e-005 1.89262
850 101032 6.7 6.14547e-005 1.90132
900 78164 5.8 6.75719e-005 1.83682
950 56502 4.5 6.75064e-005 1.74768
1000 38472 3.3 6.31636e-005 1.68094
1050 25260 2.3 5.66105e-005 1.59443
1100 16474 1.5 4.92551e-005 1.40952
1150 10870 0.8 4.18659e-005 1.01379
1200 7280 0.4 3.48397e-005 0.682741
1250 4928 0.1 2.8445e-005 0.28678
1300 3348 0 2.28953e-005 0.0766545
1350 2274 0 1.8324e-005 0.0416691
1400 1546 0 1.4811e-005 0.022898
1450 1050 0 1.22536e-005 0.0128663
1500 708 0 1.04398e-005 0.00739141
1550 464 0 9.17942e-006 0.00425927
1600 290 0 8.27763e-006 0.00240052
1650 170 0 7.64483e-006 0.00129963
1700 90 0 7.21502e-006 0.000649354
1750 44 0 6.93132e-006 0.000304979
1800 20 0 6.74802e-006 0.000134961
1850 8 0 6.63103e-006 5.30484e-005
1900 2 0 6.55506e-006 1.31102e-005
1950 0 0 6.49932e-006 0
2000 0 0 6.44265e-006 0

total neg_log_likelihood: 19.9101


Year 2009
class scanned recaptured expected_prop neg_log_likelihood
100 0 0 0 0
150 0 0 0 0
200 0 0 2.89018e-017 0
250 0 0 2.54999e-014 0
300 8 0 2.0112e-012 1.60894e-011
350 92 0 6.44868e-011 5.93278e-009
400 606 0 8.50422e-010 5.15356e-007
450 2980 0 5.83169e-009 1.73784e-005
500 11716 0 3.95394e-008 0.000463244
550 34256 0 2.25574e-007 0.00772726
600 71540 0.2 1.01324e-006 0.511981
650 108366 0.7 3.5076e-006 0.961411
700 126996 1.6 9.41974e-006 1.26694
750 126398 2.9 2.00195e-005 1.50567
800 114800 4 3.45045e-005 1.63305
850 97676 4.3 4.94883e-005 1.6982
900 78150 3.8 6.0825e-005 1.71105
950 58796 2.8 6.61239e-005 1.63215
1000 41574 1.8 6.56027e-005 1.43805
1050 27822 1 6.10425e-005 1.16867
1100 17990 0.5 5.43483e-005 0.868199
1150 11542 0.2 4.68419e-005 0.578269
1200 7486 0.1 3.93088e-005 0.366716
1250 4936 0 3.22641e-005 0.159258
1300 3300 0 2.60667e-005 0.0860213
1350 2226 0 2.09221e-005 0.0465731
1400 1508 0 1.69459e-005 0.0255546
1450 1018 0 1.40368e-005 0.0142896
1500 682 0 1.19627e-005 0.00815864
1550 444 0 1.05143e-005 0.00466839
1600 276 0 9.47147e-006 0.00261414
1650 160 0 8.73477e-006 0.00139757
1700 86 0 8.23125e-006 0.00070789
1750 42 0 7.89712e-006 0.00033168
1800 18 0 7.68035e-006 0.000138247
1850 8 0 7.54168e-006 6.03337e-005
1900 2 0 7.45177e-006 1.49036e-005
1950 0 0 7.38645e-006 0
2000 0 0 7.32143e-006 0

total neg_log_likelihood: 15.6984


Year 2010
class scanned recaptured expected_prop neg_log_likelihood
100 0 0 0 0
150 0 0 0 0
200 0 0 0 0
250 0 0 7.43472e-016 0
300 8 0 2.02898e-013 1.62359e-012
350 98 0 1.21589e-011 1.19158e-009
400 686 0 2.79718e-010 1.91886e-007
450 3018 0 1.79141e-009 5.40647e-006
500 9856 0 1.15034e-008 0.000113378
550 26762 0 6.84391e-008 0.00183157
600 58416 0 3.44436e-007 0.0201206
650 97460 0.1 1.38362e-006 0.285336
700 124074 0.3 4.36135e-006 0.617183
750 126490 0.7 1.08598e-005 1.05562
800 112664 1.3 2.17663e-005 1.44035
850 94696 1.9 3.59134e-005 1.67808
900 76888 2.3 4.99648e-005 1.73319
950 59688 2.4 6.01996e-005 1.61581
1000 43826 2.1 6.46263e-005 1.43337
1050 30344 1.6 6.35721e-005 1.23519
1100 19956 1.1 5.86879e-005 1.04278
1150 12706 0.6 5.17335e-005 0.796456
1200 8032 0.3 4.40162e-005 0.557274
1250 5136 0.2 3.64331e-005 0.436927
1300 3348 0.1 2.95914e-005 0.280375
1350 2224 0 2.38371e-005 0.0530143
1400 1494 0 1.93561e-005 0.0289183
1450 1006 0 1.60634e-005 0.0161599
1500 670 0 1.37071e-005 0.00918383
1550 434 0 1.20566e-005 0.00523258
1600 268 0 1.08636e-005 0.00291147
1650 154 0 1.00175e-005 0.0015427
1700 82 0 9.43697e-006 0.000773835
1750 40 0 9.05048e-006 0.000362021
1800 18 0 8.79909e-006 0.000158384
1850 8 0 8.63803e-006 6.91045e-005
1900 2 0 8.53368e-006 1.70674e-005
1950 0 0 8.45834e-006 0
2000 0 0 8.38422e-006 0

total neg_log_likelihood: 14.3484


Tags2006_R1_R1 :
tag-recapture data for tag Tags2006_R1 in years 2007 2008 2009 2010 , step 1, after proportion 0.5 of mortality, with sampling method size, detection probability 1.
Year 2007
class scanned recaptured expected_prop neg_log_likelihood
100 0 0 0 0
150 0 0 8.62945e-013 0
200 0 0 4.61804e-012 0
250 0 0 3.16546e-011 0
300 8 0 4.3554e-010 3.48432e-009
350 90 0 5.49192e-009 4.94273e-007
400 804 0 5.10928e-008 4.10786e-005
450 4586 0 3.47231e-007 0.0015924
500 16670 0.1 1.68611e-006 0.335404
550 41264 0.5 5.89294e-006 0.829384
600 76664 1.7 1.52391e-005 1.33868
650 114036 3.8 3.02296e-005 1.62576
700 138918 6.1 4.77993e-005 1.8593
750 141768 7.6 6.26691e-005 2.04163
800 126146 7.9 7.10729e-005 2.02888
850 101622 7.2 7.26906e-005 1.9199
900 75428 5.7 6.93609e-005 1.8241
950 52276 3.9 6.31443e-005 1.67206
1000 34840 2.4 5.55522e-005 1.44293
1050 23108 1.4 4.7577e-005 1.18356
1100 15534 0.8 3.98309e-005 0.93169
1150 10602 0.4 3.26595e-005 0.650855
1200 7306 0.2 2.62386e-005 0.436677
1250 5034 0.1 2.07105e-005 0.280464
1300 3450 0.1 1.61765e-005 0.294504
1350 2358 0 1.26536e-005 0.0298375
1400 1618 0 1.00951e-005 0.0163339
1450 1110 0 8.32651e-006 0.00924247
1500 754 0 7.13231e-006 0.00537778
1550 496 0 6.33766e-006 0.00314349
1600 308 0 5.79408e-006 0.00178458
1650 178 0 5.42822e-006 0.000966225
1700 94 0 5.18842e-006 0.000487713
1750 46 0 5.03456e-006 0.00023159
1800 20 0 4.93709e-006 9.87421e-005
1850 8 0 4.87535e-006 3.90029e-005
1900 2 0 4.83463e-006 9.66928e-006
1950 0 0 4.80304e-006 0
2000 0 0 4.76831e-006 0

total neg_log_likelihood: 20.765


Year 2008
class scanned recaptured expected_prop neg_log_likelihood
100 0 0 0 0
150 0 0 2.96239e-015 0
200 0 0 2.73264e-013 0
250 0 0 3.80019e-012 0
300 8 0 7.9739e-011 6.37912e-010
350 84 0 1.14389e-009 9.6087e-008
400 638 0 1.10084e-008 7.02334e-006
450 3710 0 8.45699e-008 0.000313754
500 14876 0.1 4.96498e-007 0.448329
550 40162 0.5 2.13991e-006 1.19219
600 75856 1.5 6.82235e-006 1.79027
650 108786 3.6 1.65061e-005 2.2822
700 128916 6.3 3.13025e-005 2.39413
750 132552 8.5 4.8103e-005 2.31867
800 121234 9.1 6.20241e-005 2.18777
850 101032 8 6.97292e-005 2.03104
900 78164 6.2 7.0969e-005 1.88159
950 56502 4.3 6.74389e-005 1.69774
1000 38472 2.7 6.11195e-005 1.47091
1050 25260 1.7 5.3484e-005 1.27435
1100 16474 1.1 4.54781e-005 1.11223
1150 10870 0.8 3.7694e-005 1.05242
1200 7280 0.6 3.04986e-005 1.01237
1250 4928 0.4 2.41696e-005 0.850553
1300 3348 0.3 1.88981e-005 0.783158
1350 2274 0.2 1.47504e-005 0.627119
1400 1546 0.1 1.17048e-005 0.369401
1450 1050 0.1 9.57929e-006 0.420078
1500 708 0 8.13002e-006 0.00575608
1550 464 0 7.15682e-006 0.00332078
1600 290 0 6.48328e-006 0.00188016
1650 170 0 6.024e-006 0.00102408
1700 90 0 5.71909e-006 0.000514719
1750 44 0 5.5212e-006 0.000242933
1800 20 0 5.39471e-006 0.000107894
1850 8 0 5.31418e-006 4.25136e-005
1900 2 0 5.26126e-006 1.05226e-005
1950 0 0 5.22114e-006 0
2000 0 0 5.17902e-006 0

total neg_log_likelihood: 27.2097


Year 2009
class scanned recaptured expected_prop neg_log_likelihood
100 0 0 0 0
150 0 0 0 0
200 0 0 8.29986e-015 0
250 0 0 3.54044e-013 0
300 8 0 1.34906e-011 1.07924e-010
350 92 0 2.68423e-010 2.46949e-008
400 606 0 2.71614e-009 1.64598e-006
450 2980 0 2.06623e-008 6.15737e-005
500 11716 0 1.3654e-007 0.0015997
550 34256 0 6.98799e-007 0.0239381
600 71540 0.2 2.69613e-006 0.436642
650 108366 0.6 7.89369e-006 0.83652
700 126996 1.4 1.79408e-005 1.3424
750 126398 2.4 3.25576e-005 1.81229
800 114800 3.2 4.85668e-005 2.12523
850 97676 3.5 6.14815e-005 2.18479
900 78150 3.2 6.84081e-005 2.03029
950 58796 2.6 6.9182e-005 1.73259
1000 41574 1.8 6.53976e-005 1.43516
1050 27822 1.1 5.89299e-005 1.14111
1100 17990 0.6 5.11827e-005 0.857694
1150 11542 0.3 4.3073e-005 0.598622
1200 7486 0.1 3.52197e-005 0.347089
1250 4936 0 2.80976e-005 0.138691
1300 3300 0 2.20415e-005 0.0727377
1350 2226 0 1.72053e-005 0.0382992
1400 1508 0 1.36136e-005 0.0205294
1450 1018 0 1.10851e-005 0.0112847
1500 682 0 9.34781e-006 0.00637523
1550 444 0 8.17378e-006 0.00362917
1600 276 0 7.35537e-006 0.00203009
1650 160 0 6.79309e-006 0.0010869
1700 86 0 6.41712e-006 0.000551874
1750 42 0 6.1716e-006 0.000259208
1800 18 0 6.0139e-006 0.000108251
1850 8 0 5.91324e-006 4.7306e-005
1900 2 0 5.84719e-006 1.16944e-005
1950 0 0 5.79762e-006 0
2000 0 0 5.74675e-006 0

total neg_log_likelihood: 17.2017


Year 2010
class scanned recaptured expected_prop neg_log_likelihood
100 0 0 0 0
150 0 0 0 0
200 0 0 2.88352e-017 0
250 0 0 2.25729e-014 0
300 8 0 1.81634e-012 1.45306e-011
350 98 0 6.04089e-011 5.92007e-009
400 686 0 8.08476e-010 5.54614e-007
450 3018 0 5.51923e-009 1.6657e-005
500 9856 0 3.74106e-008 0.000368719
550 26762 0.1 2.14374e-007 0.471944
600 58416 0.3 9.69419e-007 0.80982
650 97460 0.8 3.37935e-006 1.14677
700 124074 1.6 9.1369e-006 1.29035
750 126490 2.6 1.95522e-005 1.43178
800 112664 3.4 3.39531e-005 1.57982
850 94696 3.9 4.91229e-005 1.68504
900 76888 3.9 6.09952e-005 1.69132
950 59688 3.5 6.70715e-005 1.6021
1000 43826 2.9 6.73042e-005 1.48031
1050 30344 2.2 6.31945e-005 1.37061
1100 19956 1.5 5.64926e-005 1.23219
1150 12706 1 4.85398e-005 1.10001
1200 8032 0.6 4.02856e-005 0.887946
1250 5136 0.4 3.24666e-005 0.763609
1300 3348 0.2 2.56246e-005 0.491557
1350 2224 0.1 2.00528e-005 0.305711
1400 1494 0 1.58578e-005 0.0236917
1450 1006 0 1.28763e-005 0.0129536
1500 670 0 1.08127e-005 0.00724455
1550 434 0 9.41055e-006 0.0040842
1600 268 0 8.42804e-006 0.00225872
1650 154 0 7.74977e-006 0.00119347
1700 82 0 7.29434e-006 0.000598138
1750 40 0 6.99588e-006 0.000279836
1800 18 0 6.80367e-006 0.000122467
1850 8 0 6.6808e-006 5.34466e-005
1900 2 0 6.60023e-006 1.32005e-005
1950 0 0 6.54009e-006 0
2000 0 0 6.47895e-006 0

total neg_log_likelihood: 19.3938


Tags2007_R1_R1 :
tag-recapture data for tag Tags2007_R1 in years 2008 2009 2010 , step 1, after proportion 0.5 of mortality, with sampling method size, detection probability 1.
Year 2008
class scanned recaptured expected_prop neg_log_likelihood
100 0 0 0 0
150 0 0 8.64805e-013 0
200 0 0 4.76918e-012 0
250 0 0 3.24089e-011 0
300 8 0 4.34521e-010 3.47617e-009
350 84 0 5.50082e-009 4.62069e-007
400 638 0 5.12159e-008 3.26758e-005
450 3710 0 3.44406e-007 0.00127775
500 14876 0.1 1.64667e-006 0.345545
550 40162 0.5 5.67688e-006 0.846423
600 75856 1.6 1.45599e-005 1.30289
650 108786 3.3 2.88316e-005 1.54525
700 128916 5.5 4.58135e-005 1.80072
750 132552 7.3 6.07731e-005 1.96086
800 121234 7.8 7.02008e-005 1.98719
850 101032 6.9 7.3542e-005 1.91611
900 78164 5.4 7.21057e-005 1.78253
950 56502 3.9 6.74302e-005 1.62177
1000 38472 2.7 6.0695e-005 1.4734
1050 25260 1.8 5.27994e-005 1.33204
1100 16474 1.1 4.44559e-005 1.1204
1150 10870 0.7 3.62231e-005 0.950345
1200 7280 0.5 2.85343e-005 0.872677
1250 4928 0.3 2.17742e-005 0.66873
1300 3348 0.2 1.62171e-005 0.551559
1350 2274 0.1 1.19549e-005 0.3378
1400 1546 0.1 8.92937e-006 0.392176
1450 1050 0.1 6.89855e-006 0.450093
1500 708 0 5.57219e-006 0.00394512
1550 464 0 4.7191e-006 0.00218967
1600 290 0 4.15619e-006 0.0012053
1650 170 0 3.78946e-006 0.000644209
1700 90 0 3.55538e-006 0.000319985
1750 44 0 3.4081e-006 0.000149957
1800 20 0 3.31587e-006 6.63176e-005
1850 8 0 3.25744e-006 2.60595e-005
1900 2 0 3.21806e-006 6.43614e-006
1950 0 0 3.18622e-006 0
2000 0 0 3.15095e-006 0

total neg_log_likelihood: 23.2684


Year 2009
class scanned recaptured expected_prop neg_log_likelihood
100 0 0 0 0
150 0 0 2.96738e-015 0
200 0 0 2.7649e-013 0
250 0 0 3.95329e-012 0
300 8 0 7.99128e-011 6.39302e-010
350 92 0 1.132e-009 1.04144e-007
400 606 0 1.09687e-008 6.64702e-006
450 2980 0 8.41015e-008 0.000250622
500 11716 0 4.88579e-007 0.0057242
550 34256 0.2 2.07833e-006 0.514284
600 71540 0.6 6.55595e-006 0.810692
650 108366 1.6 1.57717e-005 1.20896
700 126996 3.2 2.9911e-005 1.57632
750 126398 5 4.62464e-005 1.80461
800 114800 6.3 6.03762e-005 1.88206
850 97676 6.5 6.91529e-005 1.87248
900 78150 5.7 7.20743e-005 1.80414
950 58796 4.4 7.03271e-005 1.68693
1000 41574 2.9 6.54008e-005 1.48578
1050 27822 1.7 5.84714e-005 1.23435
1100 17990 0.9 5.04162e-005 0.955842
1150 11542 0.5 4.19385e-005 0.72603
1200 7486 0.3 3.36348e-005 0.557343
1250 4936 0.2 2.60556e-005 0.45341
1300 3300 0.1 1.96297e-005 0.28857
1350 2226 0 1.4568e-005 0.0324287
1400 1508 0 1.0891e-005 0.0164237
1450 1018 0 8.37361e-006 0.00852437
1500 682 0 6.69985e-006 0.00456931
1550 444 0 5.60642e-006 0.00248926
1600 276 0 4.87319e-006 0.001345
1650 160 0 4.38802e-006 0.000702084
1700 86 0 4.074e-006 0.000350365
1750 42 0 3.87411e-006 0.000162713
1800 18 0 3.7479e-006 6.74624e-005
1850 8 0 3.66769e-006 2.93416e-005
1900 2 0 3.61399e-006 7.228e-006
1950 0 0 3.5714e-006 0
2000 0 0 3.52537e-006 0

total neg_log_likelihood: 18.9349


Year 2010
class scanned recaptured expected_prop neg_log_likelihood
100 0 0 0 0
150 0 0 0 0
200 0 0 8.31642e-015 0
250 0 0 3.66619e-013 0
300 8 0 1.37945e-011 1.10356e-010
350 98 0 2.64445e-010 2.59156e-008
400 686 0 2.67726e-009 1.8366e-006
450 3018 0 2.04841e-008 6.1821e-005
500 9856 0 1.34803e-007 0.00132862
550 26762 0.1 6.83085e-007 0.368597
600 58416 0.4 2.6072e-006 0.785441
650 97460 0.9 7.57295e-006 0.972429
700 124074 1.9 1.71527e-005 1.29604
750 126490 3.1 3.11802e-005 1.60896
800 112664 4.1 4.68509e-005 1.7873
850 94696 4.4 6.00933e-005 1.8375
900 76888 3.9 6.81359e-005 1.80859
950 59688 3.1 7.05436e-005 1.67279
1000 43826 2.4 6.84206e-005 1.45536
1050 30344 1.8 6.31866e-005 1.26232
1100 19956 1.3 5.59824e-005 1.12729
1150 12706 0.9 4.7677e-005 1.01788
1200 8032 0.6 3.90292e-005 0.896865
1250 5136 0.3 3.07701e-005 0.603314
1300 3348 0.2 2.35152e-005 0.501676
1350 2224 0.2 1.7632e-005 0.601547
1400 1494 0.1 1.32533e-005 0.362102
1450 1006 0.1 1.01951e-005 0.418324
1500 670 0.1 8.12629e-006 0.476817
1550 434 0 6.75505e-006 0.0029317
1600 268 0 5.82267e-006 0.00156048
1650 154 0 5.19808e-006 0.000800507
1700 82 0 4.78967e-006 0.000392754
1750 40 0 4.52762e-006 0.000181105
1800 18 0 4.36128e-006 7.85032e-005
1850 8 0 4.2554e-006 3.40433e-005
1900 2 0 4.18487e-006 8.36976e-006
1950 0 0 4.12965e-006 0
2000 0 0 4.07065e-006 0

total neg_log_likelihood: 20.8685


Tags2008_R1_R1 :
tag-recapture data for tag Tags2008_R1 in years 2009 2010 , step 1, after proportion 0.5 of mortality, with sampling method size, detection probability 1.
Year 2009
class scanned recaptured expected_prop neg_log_likelihood
100 0 0 0 0
150 0 0 9.89563e-014 0
200 0 0 2.89754e-012 0
250 0 0 2.57604e-011 0
300 8 0 3.63102e-010 2.90482e-009
350 92 0 4.6613e-009 4.2884e-007
400 606 0 4.52742e-008 2.74362e-005
450 2980 0 3.18072e-007 0.000947855
500 11716 0.2 1.57039e-006 0.732112
550 34256 0.9 5.5253e-006 1.64839
600 71540 2.5 1.4337e-005 2.16328
650 108366 4.8 2.85626e-005 2.12183
700 126996 6.9 4.55207e-005 1.99867
750 126398 7.8 6.04853e-005 1.9582
800 114800 7.5 6.99794e-005 1.95559
850 97676 6.4 7.34723e-005 1.90368
900 78150 5.1 7.22626e-005 1.77727
950 58796 4 6.78563e-005 1.63286
1000 41574 3 6.14057e-005 1.53294
1050 27822 2.1 5.37977e-005 1.43717
1100 17990 1.4 4.57412e-005 1.31263
1150 11542 0.8 3.77833e-005 1.0289
1200 7486 0.4 3.03301e-005 0.700445
1250 4936 0.2 2.37312e-005 0.460625
1300 3300 0.1 1.82402e-005 0.291326
1350 2226 0 1.39568e-005 0.0310681
1400 1508 0 1.08569e-005 0.0163722
1450 1018 0 8.73425e-006 0.0088915
1500 682 0 7.32034e-006 0.00499249
1550 444 0 6.39421e-006 0.00283904
1600 276 0 5.77201e-006 0.00159308
1650 160 0 5.36026e-006 0.000857644
1700 86 0 5.09416e-006 0.000438099
1750 42 0 4.92519e-006 0.000206859
1800 18 0 4.81883e-006 8.67392e-005
1850 8 0 4.75146e-006 3.80118e-005
1900 2 0 4.70649e-006 9.413e-006
1950 0 0 4.6707e-006 0
2000 0 0 4.63126e-006 0

total neg_log_likelihood: 24.7243


Year 2010
class scanned recaptured expected_prop neg_log_likelihood
100 0 0 0 0
150 0 0 2.59625e-017 0
200 0 0 1.11049e-013 0
250 0 0 2.9916e-012 0
300 8 0 6.93215e-011 5.54572e-010
350 98 0 9.94143e-010 9.7426e-008
400 686 0 9.68572e-009 6.64441e-006
450 3018 0 7.64136e-008 0.000230616
500 9856 0.2 4.58387e-007 0.999079
550 26762 0.6 1.99804e-006 1.69804
600 58416 1.3 6.40369e-006 1.80654
650 97460 2.4 1.55509e-005 1.60998
700 124074 3.9 2.96447e-005 1.62729
750 126490 5.4 4.59604e-005 1.7926
800 112664 6.2 6.01066e-005 1.86947
850 94696 5.8 6.89634e-005 1.85467
900 76888 4.8 7.20459e-005 1.77227
950 59688 3.5 7.05295e-005 1.63255
1000 43826 2.3 6.58748e-005 1.43558
1050 30344 1.4 5.92332e-005 1.19336
1100 19956 0.8 5.14705e-005 0.934616
1150 12706 0.4 4.32806e-005 0.669486
1200 8032 0.2 3.52408e-005 0.450091
1250 5136 0.1 2.78695e-005 0.28765
1300 3348 0 2.15684e-005 0.0722118
1350 2224 0 1.6543e-005 0.0367919
1400 1494 0 1.28362e-005 0.0191774
1450 1006 0 1.02562e-005 0.0103178
1500 670 0 8.51103e-006 0.00570242
1550 434 0 7.35201e-006 0.00319079
1600 268 0 6.56147e-006 0.00175848
1650 154 0 6.03033e-006 0.000928674
1700 82 0 5.68228e-006 0.000465948
1750 40 0 5.45868e-006 0.000218348
1800 18 0 5.31671e-006 9.5701e-005
1850 8 0 5.22644e-006 4.18116e-005
1900 2 0 5.16655e-006 1.03331e-005
1950 0 0 5.11992e-006 0
2000 0 0 5.06992e-006 0

total neg_log_likelihood: 21.7844


Tags2009_R1_R1 :
tag-recapture data for tag Tags2009_R1 in years 2010 , step 1, after proportion 0.5 of mortality, with sampling method size, detection probability 1.
Year 2010
class scanned recaptured expected_prop neg_log_likelihood
100 0 0 0 0
150 0 0 8.46992e-013 0
200 0 0 4.00465e-012 0
250 0 0 2.72531e-011 0
300 8 0 3.80969e-010 3.04775e-009
350 98 0 4.78381e-009 4.68814e-007
400 686 0 4.43618e-008 3.04322e-005
450 3018 0 3.03277e-007 0.000915291
500 9856 0.2 1.48941e-006 0.773556
550 26762 0.8 5.26639e-006 1.63739
600 58416 2.1 1.37715e-005 2.04873
650 97460 4 2.76525e-005 1.90745
700 124074 6.1 4.44119e-005 1.86719
750 126490 7.3 5.95117e-005 1.92773
800 112664 7.6 6.95574e-005 1.94755
850 94696 7.1 7.39347e-005 1.91137
900 76888 6.1 7.37244e-005 1.85271
950 59688 4.7 7.01791e-005 1.74038
1000 43826 3.3 6.42655e-005 1.58035
1050 30344 2 5.68113e-005 1.32784
1100 19956 1.1 4.85836e-005 1.04898
1150 12706 0.6 4.02529e-005 0.801138
1200 8032 0.3 3.23571e-005 0.555945
1250 5136 0.2 2.53449e-005 0.452559
1300 3348 0.1 1.95201e-005 0.288261
1350 2224 0.1 1.49912e-005 0.323545
1400 1494 0 1.1723e-005 0.0175143
1450 1006 0 9.48996e-006 0.00954694
1500 670 0 8.00419e-006 0.00536283
1550 434 0 7.03137e-006 0.00305163
1600 268 0 6.37751e-006 0.00170918
1650 154 0 5.94441e-006 0.000915442
1700 82 0 5.66421e-006 0.000464466
1750 40 0 5.48612e-006 0.000219445
1800 18 0 5.37391e-006 9.67307e-005
1850 8 0 5.30282e-006 4.24227e-005
1900 2 0 5.25543e-006 1.05109e-005
1950 0 0 5.21784e-006 0
2000 0 0 5.17649e-006 0

total neg_log_likelihood: 24.0326


Output quantities start here

* Scalar parameter values
initialization.B0 280493

* Nuisance q's

* B0
280493

* R0
2.20379e+007

* SSBs
SSB 280493 277688 274568 271142 267437 263510 259444 255326 251245 247283 243501 239936 236601 233494 230610 227938 225470 223194 221097 219171 217404 
year 1990 1991 1992 1993 1994 1995 1996 1997 1998 1999 2000 2001 2002 2003 2004 2005 2006 2007 2008 2009 2010 

* recruitments
recruitment 2.20379e+007 2.20379e+007 2.20141e+007 2.19871e+007 2.19568e+007 2.19232e+007 2.18868e+007 2.1848e+007 2.18076e+007 2.17664e+007 2.17253e+007 2.16849e+007 2.16459e+007 2.16084e+007 2.15727e+007 2.15387e+007 2.15066e+007 2.14764e+007 2.1448e+007 2.14213e+007 2.13965e+007 
year 1990 1991 1992 1993 1994 1995 1996 1997 1998 1999 2000 2001 2002 2003 2004 2005 2006 2007 2008 2009 2010 

* YCS
YCS 1 1 1 1 1 1 1 1 1 1 1 1 1 1 1 1 1 1 1 1 1 
year 1989 1990 1991 1992 1993 1994 1995 1996 1997 1998 1999 2000 2001 2002 2003 2004 2005 2006 2007 2008 2009 

* true_YCS
true_YCS 1 1 0.998919 0.997693 0.996318 0.994797 0.993142 0.991382 0.98955 0.987681 0.985815 0.983984 0.982212 0.980511 0.978889 0.977349 0.975892 0.97452 0.97323 0.972022 0.970895 
year 1989 1990 1991 1992 1993 1994 1995 1996 1997 1998 1999 2000 2001 2002 2003 2004 2005 2006 2007 2008 2009 

* fishing_pressures
pressure 0 0.0243656 0.0248079 0.0252426 0.0256582 0.0260469 0.0264038 0.0267262 0.0270131 0.0272656 0.0274863 0.0276786 0.0278458 0.0279918 0.02812 0.0282339 0.0283367 0.0284307 0.028518 0.0286003 0.0286786 
year 1990 1991 1992 1993 1994 1995 1996 1997 1998 1999 2000 2001 2002 2003 2004 2005 2006 2007 2008 2009 2010 

* Numbers_at_age_R1
1990  2.04557e+007 1.75186e+007 1.50032e+007 1.2849e+007 1.10041e+007 9.42404e+006 8.07089e+006 6.91203e+006 5.91957e+006 5.06961e+006 4.34169e+006 3.71829e+006 3.1844e+006 2.72717e+006 2.33559e+006 2.00023e+006 1.71303e+006 1.46707e+006 1.25642e+006 1.07601e+006 921515 789200 675882 578836 495724 424546 363587 311382 266672 1.59057e+006 
1991  2.04557e+007 1.75186e+007 1.50032e+007 1.28487e+007 1.10024e+007 9.41742e+006 8.05182e+006 6.87319e+006 5.86362e+006 5.01263e+006 4.29323e+006 3.67764e+006 3.15077e+006 2.69973e+006 2.31351e+006 1.98272e+006 1.69932e+006 1.45648e+006 1.24836e+006 1.06997e+006 917038 785930 673528 577164 494553 423736 363036 311011 266426 1.58945e+006 
1992  2.04336e+007 1.75186e+007 1.50032e+007 1.28486e+007 1.10019e+007 9.41428e+006 8.03921e+006 6.83728e+006 5.79118e+006 4.90891e+006 4.18776e+006 3.58793e+006 3.0755e+006 2.63744e+006 2.26267e+006 1.94178e+006 1.66681e+006 1.43103e+006 1.2287e+006 1.05499e+006 905785 777593 667437 572775 491434 421551 361526 309982 265735 1.58691e+006 
1993  2.04086e+007 1.74997e+007 1.50032e+007 1.28486e+007 1.10018e+007 9.41366e+006 8.03608e+006 6.82554e+006 5.75925e+006 4.84628e+006 4.09927e+006 3.49824e+006 2.99919e+006 2.57338e+006 2.2096e+006 1.89841e+006 1.63185e+006 1.40323e+006 1.20689e+006 1.03812e+006 892919 767915 660257 567524 487647 418858 359637 308676 264845 1.58409e+006 
1994  2.03804e+007 1.74782e+007 1.49869e+007 1.28486e+007 1.10017e+007 9.41344e+006 8.0351e+006 6.82188e+006 5.74774e+006 4.81764e+006 4.04521e+006 3.42285e+006 2.923e+006 2.50852e+006 2.15511e+006 1.85323e+006 1.59489e+006 1.37339e+006 1.18314e+006 1.01946e+006 878466 756875 651943 561350 483127 415595 357316 307048 263718 1.58088e+006 
1995  2.03493e+007 1.74541e+007 1.49686e+007 1.28347e+007 1.10017e+007 9.41327e+006 8.0345e+006 6.82012e+006 5.74313e+006 4.80621e+006 4.01965e+006 3.37633e+006 2.85887e+006 2.44386e+006 2.10003e+006 1.80692e+006 1.55645e+006 1.3419e+006 1.15769e+006 999175 862511 744502 642482 554217 477825 411711 354511 305051 262317 1.57713e+006 
1996  2.03155e+007 1.74275e+007 1.49479e+007 1.2819e+007 1.09898e+007 9.41312e+006 8.03397e+006 6.81874e+006 5.74022e+006 4.80068e+006 4.00857e+006 3.35373e+006 2.81898e+006 2.3894e+006 2.04522e+006 1.7602e+006 1.51713e+006 1.30922e+006 1.13089e+006 977485 845195 730868 631896 546114 471712 407164 351177 302642 260601 1.57269e+006 
1997  2.02795e+007 1.73985e+007 1.49251e+007 1.28013e+007 1.09763e+007 9.4028e+006 8.03349e+006 6.8175e+006 5.73777e+006 4.79673e+006 4.00256e+006 3.34334e+006 2.79917e+006 2.3553e+006 1.99904e+006 1.71377e+006 1.47751e+006 1.27584e+006 1.10311e+006 954676 826713 716095 620251 537064 464778 401928 347280 299784 258535 1.56739e+006 
1998  2.0242e+007 1.73676e+007 1.49003e+007 1.27817e+007 1.09611e+007 9.39114e+006 8.02437e+006 6.81639e+006 5.73558e+006 4.79332e+006 3.99801e+006 3.33729e+006 2.78965e+006 2.33807e+006 1.96997e+006 1.67464e+006 1.4382e+006 1.24226e+006 1.07478e+006 931072 807304 700348 607650 527120 457042 395996 342798 296446 256086 1.56106e+006 
1999  2.02038e+007 1.73355e+007 1.48739e+007 1.27605e+007 1.09443e+007 9.37809e+006 8.01415e+006 6.80803e+006 5.73363e+006 4.79028e+006 3.99406e+006 3.33258e+006 2.78387e+006 2.32953e+006 1.95509e+006 1.64992e+006 1.40507e+006 1.20898e+006 1.04632e+006 907023 787243 683830 594232 516370 448550 389385 337724 292610 253228 1.55353e+006 
2000  2.01656e+007 1.73028e+007 1.48464e+007 1.27379e+007 1.09261e+007 9.36367e+006 8.00277e+006 6.79881e+006 5.7257e+006 4.78758e+006 3.99055e+006 3.32849e+006 2.77929e+006 2.32417e+006 1.94753e+006 1.63713e+006 1.38408e+006 1.18094e+006 1.01814e+006 882887 766822 666772 580169 504933 439378 382133 332074 288271 249946 1.54463e+006 
2001  2.01281e+007 1.72701e+007 1.48183e+007 1.27143e+007 1.09067e+007 9.34801e+006 7.99025e+006 6.78868e+006 5.71717e+006 4.78004e+006 3.98746e+006 3.32486e+006 2.7753e+006 2.3199e+006 1.94269e+006 1.63052e+006 1.37313e+006 1.16313e+006 994391 859010 746342 649421 565655 492953 429624 374303 325878 283440 246234 1.53419e+006 
2002  2.00919e+007 1.7238e+007 1.47903e+007 1.26903e+007 1.08866e+007 9.33137e+006 7.97671e+006 6.77765e+006 5.70798e+006 4.77212e+006 3.98044e+006 3.32168e+006 2.77179e+006 2.31617e+006 1.9388e+006 1.62622e+006 1.36739e+006 1.15378e+006 979281 838893 726095 632030 550901 480596 419414 365982 319192 278146 242104 1.52208e+006 
2003  2.00571e+007 1.7207e+007 1.47629e+007 1.26663e+007 1.0866e+007 9.31406e+006 7.96236e+006 6.76581e+006 5.69812e+006 4.76375e+006 3.9732e+006 3.3153e+006 2.7687e+006 2.3129e+006 1.93542e+006 1.62275e+006 1.36363e+006 1.14883e+006 971317 826075 709038 614844 536119 468039 408885 357272 312089 272434 237578 1.50817e+006 
2004  2.00239e+007 1.71772e+007 1.47363e+007 1.26428e+007 1.08455e+007 9.29642e+006 7.94745e+006 6.75332e+006 5.68765e+006 4.75491e+006 3.96567e+006 3.30881e+006 2.76301e+006 2.31002e+006 1.93244e+006 1.61974e+006 1.36057e+006 1.14556e+006 967071 819295 698158 600366 521516 455462 398188 348294 304655 266367 232697 1.49241e+006 
2005  1.99924e+007 1.71488e+007 1.47108e+007 1.262e+007 1.08253e+007 9.2788e+006 7.93226e+006 6.74038e+006 5.67667e+006 4.74561e+006 3.9578e+006 3.30212e+006 2.75726e+006 2.305e+006 1.92982e+006 1.61708e+006 1.35791e+006 1.1429e+006 964239 815657 692386 591123 509214 443041 387477 339175 296994 260018 227511 1.47475e+006 
2006  1.99626e+007 1.71218e+007 1.46864e+007 1.25982e+007 1.08058e+007 9.26152e+006 7.91712e+006 6.72725e+006 5.66538e+006 4.73595e+006 3.9496e+006 3.29518e+006 2.75137e+006 2.29995e+006 1.92543e+006 1.61473e+006 1.35556e+006 1.14057e+006 961930 813218 689275 586210 501355 432575 376899 330043 289212 253476 222086 1.4552e+006 
2007  1.99345e+007 1.70963e+007 1.46633e+007 1.25773e+007 1.07871e+007 9.2448e+006 7.90228e+006 6.71419e+006 5.65398e+006 4.72609e+006 3.94116e+006 3.28802e+006 2.74532e+006 2.29482e+006 1.92104e+006 1.61092e+006 1.3535e+006 1.13852e+006 959913 811226 687181 583552 497170 425887 367988 321028 281422 246831 216496 1.43385e+006 
2008  1.99082e+007 1.70722e+007 1.46415e+007 1.25575e+007 1.07692e+007 9.22876e+006 7.88792e+006 6.70139e+006 5.64265e+006 4.71618e+006 3.93259e+006 3.28069e+006 2.73911e+006 2.28958e+006 1.9166e+006 1.60713e+006 1.35021e+006 1.13671e+006 958132 809485 685468 581757 494900 422321 362290 313432 273730 240180 210819 1.41081e+006 
2009  1.98834e+007 1.70496e+007 1.46209e+007 1.25388e+007 1.07523e+007 9.21346e+006 7.87415e+006 6.68902e+006 5.63159e+006 4.70637e+006 3.924e+006 3.27328e+006 2.73278e+006 2.28421e+006 1.91208e+006 1.6033e+006 1.34694e+006 1.13388e+006 956556 807944 683968 580287 493364 420382 359249 308573 267250 233613 205137 1.38626e+006 
2010  1.98604e+007 1.70285e+007 1.46015e+007 1.25212e+007 1.07362e+007 9.19893e+006 7.86102e+006 6.67717e+006 5.62091e+006 4.6968e+006 3.91552e+006 3.26587e+006 2.72639e+006 2.27876e+006 1.90746e+006 1.59941e+006 1.34365e+006 1.13107e+006 954129 806581 682641 578998 492103 419068 357593 305979 263104 228080 199526 1.3604e+006 

Output quantities finish here

Unused parameters:
annual_cycle.fishery_areas annual_cycle.migrate_from annual_cycle.migrate_to annual_cycle.migration_names annual_cycle.migration_times annual_cycle.n_migrations annual_cycle.recruitment_areas annual_cycle.spawning_all_areas area_names recruitment.p_male recruitment.year_range tag[Tags2005_R1_LL].area tag[Tags2005_R1_LL].sex tag[Tags2006_R1_LL].area tag[Tags2006_R1_LL].sex tag[Tags2007_R1_LL].area tag[Tags2007_R1_LL].sex tag[Tags2008_R1_LL].area tag[Tags2008_R1_LL].sex tag[Tags2009_R1_LL].area tag[Tags2009_R1_LL].sex MCMC.adapt_at MCMC.adaptive_stepsize MCMC.burn_in MCMC.keep MCMC.length MCMC.start MCMC.stepsize profile[1].l profile[1].n profile[1].parameter profile[1].u tag_recapture[Tags2005_R1_R1].area tag_recapture[Tags2006_R1_R1].area tag_recapture[Tags2007_R1_R1].area tag_recapture[Tags2008_R1_R1].area tag_recapture[Tags2009_R1_R1].area n_projections numbers_at[Numbers_at_age_R1].area print.yields 
