CASAL (C++ algorithmic stock assessment laboratory)
Call: casal -e -O C:/Users/STA384/Documents/GitHub/planetfish2_bugs/Output/TOA_bug_2/casalout_mpd.dat -f C:/Users/STA384/Documents/GitHub/planetfish2_bugs/Output/TOA_bug_2/casal_ 
Date: Thu Jun 20 12:07:06 2019
v2.30-2012-03-21 00:22:59 UTC (rev.4648)  (c) Copyright 2002-2012, NIWA
User name: sta384
Machine name: MACKEREL-HF (Microsoft Windows, PID=16260)

Prefix for the input parameter filenames : C:/Users/STA384/Documents/GitHub/planetfish2_bugs/Output/TOA_bug_2/casal_

Random number seed : 96426

Estimation parameters:
Stored as strings: 
  MCMC.adapt_at                 	1e+05 2e+05 3e+05 4e+05
  MCMC.adaptive_stepsize        	True
  MCMC.burn_in                  	500
  MCMC.keep                     	1000
  MCMC.length                   	1500000
  MCMC.start                    	0
  MCMC.stepsize                 	0.01
  ageing_error.c                	0
  ageing_error.type             	normal
  catch_at[LL_catchA].2000      	0 0 0 0 0.004 0.017 0.043 0.079 0.096 0.115 0.105 0.106 0.073 0.082 0.062 0.062 0.023 0.034 0.026 0.021 0.012 0.009 0.012 0.01 0.004 0.001 0.001 0.002 0 0.001 0 0 0 0 0
  catch_at[LL_catchA].2001      	0 0 0 0 0.001 0.02 0.033 0.09 0.145 0.096 0.092 0.1 0.095 0.058 0.059 0.062 0.045 0.011 0.02 0.019 0.019 0.006 0.013 0.004 0.004 0.003 0.001 0 0.004 0 0 0 0 0 0
  catch_at[LL_catchA].2002      	0 0 0 0 0.003 0.008 0.051 0.065 0.166 0.109 0.096 0.079 0.078 0.081 0.034 0.06 0.042 0.032 0.013 0.017 0.019 0.014 0.011 0.007 0.005 0 0.005 0 0 0 0 0.001 0.002 0.001 0.001
  catch_at[LL_catchA].2003      	0 0 0 0 0.002 0.009 0.057 0.115 0.096 0.163 0.109 0.068 0.07 0.059 0.047 0.04 0.032 0.038 0.027 0.006 0.013 0.014 0.008 0.01 0.009 0.004 0.003 0 0 0 0.001 0 0 0 0
  catch_at[LL_catchA].2004      	0 0 0 0 0.003 0.007 0.041 0.111 0.167 0.085 0.115 0.102 0.072 0.051 0.04 0.048 0.027 0.028 0.029 0.025 0.008 0.015 0.003 0.01 0.003 0.003 0.003 0.001 0 0.001 0.001 0.001 0 0 0
  catch_at[LL_catchA].2005      	0 0 0.001 0.001 0.005 0.013 0.023 0.072 0.142 0.182 0.076 0.11 0.072 0.047 0.039 0.05 0.04 0.017 0.027 0.027 0.021 0.004 0.008 0.004 0.005 0.003 0.001 0.001 0.002 0 0.001 0.001 0.001 0.001 0.003
  catch_at[LL_catchA].2006      	0 0 0 0.001 0.005 0.005 0.051 0.045 0.101 0.158 0.167 0.065 0.1 0.068 0.033 0.033 0.037 0.034 0.011 0.02 0.022 0.016 0.006 0.005 0.004 0.004 0.007 0 0 0.001 0 0 0 0 0.001
  catch_at[LL_catchA].2007      	0 0 0 0 0.007 0.017 0.025 0.114 0.079 0.117 0.145 0.148 0.064 0.073 0.043 0.025 0.037 0.035 0.013 0.012 0.012 0.013 0.006 0.004 0.006 0.001 0.002 0 0.001 0.001 0 0 0 0 0
  catch_at[LL_catchA].2008      	0 0 0 0.001 0.003 0.019 0.033 0.054 0.173 0.083 0.1 0.125 0.1 0.054 0.071 0.039 0.02 0.02 0.023 0.023 0.009 0.015 0.015 0.006 0.001 0.004 0.004 0.002 0 0 0 0 0.001 0 0.002
  catch_at[LL_catchA].2009      	0 0 0 0 0.004 0.006 0.057 0.093 0.088 0.172 0.08 0.07 0.106 0.097 0.044 0.044 0.031 0.019 0.017 0.015 0.023 0.009 0.009 0.007 0.004 0 0 0 0.002 0.003 0 0 0 0 0
  catch_at[LL_catchA].2010      	0 0 0 0 0.002 0.016 0.022 0.103 0.154 0.079 0.147 0.068 0.069 0.078 0.082 0.033 0.048 0.028 0.016 0.014 0.013 0.006 0.01 0.003 0.002 0.001 0 0 0.002 0.001 0 0.001 0 0 0.002
  catch_at[LL_catchA].N_2000    	100
  catch_at[LL_catchA].N_2001    	100
  catch_at[LL_catchA].N_2002    	100
  catch_at[LL_catchA].N_2003    	100
  catch_at[LL_catchA].N_2004    	100
  catch_at[LL_catchA].N_2005    	100
  catch_at[LL_catchA].N_2006    	100
  catch_at[LL_catchA].N_2007    	100
  catch_at[LL_catchA].N_2008    	100
  catch_at[LL_catchA].N_2009    	100
  catch_at[LL_catchA].N_2010    	100
  catch_at[LL_catchA].at_size   	False
  catch_at[LL_catchA].dist      	multinomial
  catch_at[LL_catchA].fishery   	LL
  catch_at[LL_catchA].max_class 	35
  catch_at[LL_catchA].min_class 	1
  catch_at[LL_catchA].plus_group	True
  catch_at[LL_catchA].r         	1e-11
  catch_at[LL_catchA].sexed     	False
  catch_at[LL_catchA].sum_to_one	False
  catch_at[LL_catchA].years     	2000 2001 2002 2003 2004 2005 2006 2007 2008 2009 2010
  catch_limit_penalty[1].fishery	LL
  catch_limit_penalty[1].label  	LL_Penalty
  catch_limit_penalty[1].log_scale	True
  catch_limit_penalty[1].multiplier	1000
  estimate[1].lower_bound       	1
  estimate[1].parameter         	q[qLL].q
  estimate[1].phase             	1
  estimate[1].prior             	uniform
  estimate[1].upper_bound       	1
  estimate[2].lower_bound       	5000
  estimate[2].parameter         	initialization.B0
  estimate[2].prior             	uniform
  estimate[2].upper_bound       	5e+05
  estimate[3].cv                	1 1 1 1 1 1 1 1 1 1 1 1 1 1 1 1 1 1 1 1 1
  estimate[3].lower_bound       	1 1 1 1 1 1 1 1 1 1 1 1 1 1 1 1 1 1 1 1 1
  estimate[3].mu                	1 1 1 1 1 1 1 1 1 1 1 1 1 1 1 1 1 1 1 1 1
  estimate[3].parameter         	recruitment.YCS
  estimate[3].prior             	lognormal
  estimate[3].upper_bound       	1 1 1 1 1 1 1 1 1 1 1 1 1 1 1 1 1 1 1 1 1
  estimator                     	Bayes
  fish_tagged_penalty[1].label  	Penalty_Tags2005_R1_LL
  fish_tagged_penalty[1].multiplier	1
  fish_tagged_penalty[1].tagging_episode	Tags2005_R1_LL
  fish_tagged_penalty[2].label  	Penalty_Tags2006_R1_LL
  fish_tagged_penalty[2].multiplier	1
  fish_tagged_penalty[2].tagging_episode	Tags2006_R1_LL
  fish_tagged_penalty[3].label  	Penalty_Tags2007_R1_LL
  fish_tagged_penalty[3].multiplier	1
  fish_tagged_penalty[3].tagging_episode	Tags2007_R1_LL
  fish_tagged_penalty[4].label  	Penalty_Tags2008_R1_LL
  fish_tagged_penalty[4].multiplier	1
  fish_tagged_penalty[4].tagging_episode	Tags2008_R1_LL
  fish_tagged_penalty[5].label  	Penalty_Tags2009_R1_LL
  fish_tagged_penalty[5].multiplier	1
  fish_tagged_penalty[5].tagging_episode	Tags2009_R1_LL
  grad_tol                      	0.001
  max_evals                     	10000
  max_iters                     	1600
  profile[1].l                  	40000
  profile[1].n                  	11
  profile[1].parameter          	initialization.B0
  profile[1].u                  	130000
  q_method                      	nuisance
  tag_recapture[Tags2005_R1_R1].area	R1
  tag_recapture[Tags2005_R1_R1].class_mins	100 150 200 250 300 350 400 450 500 550 600 650 700 750 800 850 900 950 1000 1050 1100 1150 1200 1250 1300 1350 1400 1450 1500 1550 1600 1650 1700 1750 1800 1850 1900 1950 2000 2050
  tag_recapture[Tags2005_R1_R1].detection_probability	1
  tag_recapture[Tags2005_R1_R1].dispersion	1
  tag_recapture[Tags2005_R1_R1].do_bootstrap	True
  tag_recapture[Tags2005_R1_R1].plus_group	False
  tag_recapture[Tags2005_R1_R1].proportion_mortality	0.5
  tag_recapture[Tags2005_R1_R1].r	1e-11
  tag_recapture[Tags2005_R1_R1].recaptured_2006	0 0 0 0 0 0 0 0 0 0 0 0 0 0 0 0.2 0.4 0.5 0.9 1.3 1.7 2.1 2.5 2.7 2.7 2.6 2.2 1.9 1.4 1 0.7 0.5 0.3 0.2 0.1 0 0 0 0
  tag_recapture[Tags2005_R1_R1].recaptured_2007	0 0 0 0 0 0 0 0 0 0 0 0 0 0 0 0 0.1 0.3 0.5 0.7 1 1.3 1.7 1.8 1.9 1.9 1.6 1.3 0.9 0.7 0.4 0.3 0.2 0.1 0 0 0 0 0
  tag_recapture[Tags2005_R1_R1].recaptured_2008	0 0 0 0 0 0 0 0 0 0 0 0 0 0 0 0 0 0.2 0.3 0.5 0.8 1.1 1.4 1.7 2 2 2 1.8 1.5 1.2 1 0.6 0.4 0.3 0.2 0.1 0 0 0
  tag_recapture[Tags2005_R1_R1].recaptured_2009	0 0 0 0 0 0 0 0 0 0 0 0 0 0 0 0 0 0.2 0.2 0.4 0.6 0.9 1.2 1.5 1.7 1.9 1.9 1.7 1.5 1.1 0.8 0.6 0.4 0.2 0.1 0 0 0 0
  tag_recapture[Tags2005_R1_R1].recaptured_2010	0 0 0 0 0 0 0 0 0 0 0 0 0 0 0 0 0 0.1 0.2 0.3 0.5 0.7 1 1.2 1.4 1.6 1.6 1.5 1.3 1.1 0.8 0.6 0.4 0.2 0.2 0 0 0 0
  tag_recapture[Tags2005_R1_R1].sample	size
  tag_recapture[Tags2005_R1_R1].scanned_2006	0 0 0 0 0 0 0 0 0 2 8 22 52 112 224 414 698 1084 1556 2072 2570 2982 3248 3326 3210 2928 2532 2082 1630 1218 866 588 378 232 134 74 38 18 0
  tag_recapture[Tags2005_R1_R1].scanned_2007	0 0 0 0 0 0 0 0 0 2 8 22 52 116 232 422 710 1096 1568 2078 2564 2958 3208 3282 3178 2916 2538 2100 1650 1234 876 592 380 230 132 72 38 18 0
  tag_recapture[Tags2005_R1_R1].scanned_2008	0 0 0 0 0 0 0 0 0 2 8 20 52 114 232 430 724 1116 1590 2098 2582 2974 3216 3282 3168 2902 2526 2092 1648 1234 878 592 378 230 132 72 36 18 0
  tag_recapture[Tags2005_R1_R1].scanned_2009	0 0 0 0 0 0 0 0 0 2 8 20 50 112 230 426 722 1124 1606 2120 2602 2984 3216 3274 3160 2894 2520 2090 1648 1234 878 594 380 230 132 72 36 18 0
  tag_recapture[Tags2005_R1_R1].scanned_2010	0 0 0 0 0 0 0 0 0 2 8 20 48 110 224 418 712 1112 1600 2128 2624 3014 3246 3292 3162 2886 2510 2078 1640 1230 876 592 380 230 132 72 36 18 0
  tag_recapture[Tags2005_R1_R1].step	1
  tag_recapture[Tags2005_R1_R1].tag_name	Tags2005_R1
  tag_recapture[Tags2005_R1_R1].years	2006 2007 2008 2009 2010
  tag_recapture[Tags2006_R1_R1].area	R1
  tag_recapture[Tags2006_R1_R1].class_mins	100 150 200 250 300 350 400 450 500 550 600 650 700 750 800 850 900 950 1000 1050 1100 1150 1200 1250 1300 1350 1400 1450 1500 1550 1600 1650 1700 1750 1800 1850 1900 1950 2000 2050
  tag_recapture[Tags2006_R1_R1].detection_probability	1
  tag_recapture[Tags2006_R1_R1].dispersion	1
  tag_recapture[Tags2006_R1_R1].do_bootstrap	True
  tag_recapture[Tags2006_R1_R1].plus_group	False
  tag_recapture[Tags2006_R1_R1].proportion_mortality	0.5
  tag_recapture[Tags2006_R1_R1].r	1e-11
  tag_recapture[Tags2006_R1_R1].recaptured_2007	0 0 0 0 0 0 0 0 0 0 0 0 0 0 0 0 0.2 0.3 0.6 0.9 1.3 1.7 2.1 2.4 2.5 2.3 2.1 1.7 1.3 0.9 0.6 0.3 0.2 0.1 0 0 0 0 0
  tag_recapture[Tags2006_R1_R1].recaptured_2008	0 0 0 0 0 0 0 0 0 0 0 0 0 0 0 0 0.2 0.2 0.4 0.7 1.1 1.6 2 2.3 2.6 2.7 2.5 2.3 1.8 1.5 1.1 0.7 0.5 0.3 0.2 0.1 0 0 0
  tag_recapture[Tags2006_R1_R1].recaptured_2009	0 0 0 0 0 0 0 0 0 0 0 0 0 0 0 0 0 0.2 0.3 0.5 0.7 0.9 1.2 1.4 1.6 1.7 1.5 1.3 1.1 0.8 0.6 0.4 0.3 0.1 0.1 0 0 0 0
  tag_recapture[Tags2006_R1_R1].recaptured_2010	0 0 0 0 0 0 0 0 0 0 0 0 0 0 0 0 0 0.1 0.3 0.4 0.7 1 1.4 1.9 2.2 2.4 2.4 2.3 1.9 1.6 1.2 0.8 0.6 0.3 0.2 0.1 0 0 0
  tag_recapture[Tags2006_R1_R1].sample	size
  tag_recapture[Tags2006_R1_R1].scanned_2007	0 0 0 0 0 0 0 0 0 2 8 22 52 116 232 422 710 1096 1568 2078 2564 2958 3208 3282 3178 2916 2538 2100 1650 1234 876 592 380 230 132 72 38 18 0
  tag_recapture[Tags2006_R1_R1].scanned_2008	0 0 0 0 0 0 0 0 0 2 8 20 52 114 232 430 724 1116 1590 2098 2582 2974 3216 3282 3168 2902 2526 2092 1648 1234 878 592 378 230 132 72 36 18 0
  tag_recapture[Tags2006_R1_R1].scanned_2009	0 0 0 0 0 0 0 0 0 2 8 20 50 112 230 426 722 1124 1606 2120 2602 2984 3216 3274 3160 2894 2520 2090 1648 1234 878 594 380 230 132 72 36 18 0
  tag_recapture[Tags2006_R1_R1].scanned_2010	0 0 0 0 0 0 0 0 0 2 8 20 48 110 224 418 712 1112 1600 2128 2624 3014 3246 3292 3162 2886 2510 2078 1640 1230 876 592 380 230 132 72 36 18 0
  tag_recapture[Tags2006_R1_R1].step	1
  tag_recapture[Tags2006_R1_R1].tag_name	Tags2006_R1
  tag_recapture[Tags2006_R1_R1].years	2007 2008 2009 2010
  tag_recapture[Tags2007_R1_R1].area	R1
  tag_recapture[Tags2007_R1_R1].class_mins	100 150 200 250 300 350 400 450 500 550 600 650 700 750 800 850 900 950 1000 1050 1100 1150 1200 1250 1300 1350 1400 1450 1500 1550 1600 1650 1700 1750 1800 1850 1900 1950 2000 2050
  tag_recapture[Tags2007_R1_R1].detection_probability	1
  tag_recapture[Tags2007_R1_R1].dispersion	1
  tag_recapture[Tags2007_R1_R1].do_bootstrap	True
  tag_recapture[Tags2007_R1_R1].plus_group	False
  tag_recapture[Tags2007_R1_R1].proportion_mortality	0.5
  tag_recapture[Tags2007_R1_R1].r	1e-11
  tag_recapture[Tags2007_R1_R1].recaptured_2008	0 0 0 0 0 0 0 0 0 0 0 0 0 0 0 0.2 0.3 0.6 1 1.4 1.9 2.3 2.6 2.9 2.8 2.6 2.2 1.8 1.4 1 0.8 0.5 0.3 0.2 0.1 0 0 0 0
  tag_recapture[Tags2007_R1_R1].recaptured_2009	0 0 0 0 0 0 0 0 0 0 0 0 0 0 0 0 0.2 0.4 0.6 1 1.5 2.1 2.5 2.9 3.1 3 2.8 2.4 2 1.5 1 0.7 0.4 0.2 0.2 0 0 0 0
  tag_recapture[Tags2007_R1_R1].recaptured_2010	0 0 0 0 0 0 0 0 0 0 0 0 0 0 0 0 0.1 0.2 0.4 0.7 0.9 1.2 1.6 1.8 1.9 2 1.9 1.7 1.4 1.1 0.8 0.6 0.3 0.2 0.1 0 0 0 0
  tag_recapture[Tags2007_R1_R1].sample	size
  tag_recapture[Tags2007_R1_R1].scanned_2008	0 0 0 0 0 0 0 0 0 2 8 20 52 114 232 430 724 1116 1590 2098 2582 2974 3216 3282 3168 2902 2526 2092 1648 1234 878 592 378 230 132 72 36 18 0
  tag_recapture[Tags2007_R1_R1].scanned_2009	0 0 0 0 0 0 0 0 0 2 8 20 50 112 230 426 722 1124 1606 2120 2602 2984 3216 3274 3160 2894 2520 2090 1648 1234 878 594 380 230 132 72 36 18 0
  tag_recapture[Tags2007_R1_R1].scanned_2010	0 0 0 0 0 0 0 0 0 2 8 20 48 110 224 418 712 1112 1600 2128 2624 3014 3246 3292 3162 2886 2510 2078 1640 1230 876 592 380 230 132 72 36 18 0
  tag_recapture[Tags2007_R1_R1].step	1
  tag_recapture[Tags2007_R1_R1].tag_name	Tags2007_R1
  tag_recapture[Tags2007_R1_R1].years	2008 2009 2010
  tag_recapture[Tags2008_R1_R1].area	R1
  tag_recapture[Tags2008_R1_R1].class_mins	100 150 200 250 300 350 400 450 500 550 600 650 700 750 800 850 900 950 1000 1050 1100 1150 1200 1250 1300 1350 1400 1450 1500 1550 1600 1650 1700 1750 1800 1850 1900 1950 2000 2050
  tag_recapture[Tags2008_R1_R1].detection_probability	1
  tag_recapture[Tags2008_R1_R1].dispersion	1
  tag_recapture[Tags2008_R1_R1].do_bootstrap	True
  tag_recapture[Tags2008_R1_R1].plus_group	False
  tag_recapture[Tags2008_R1_R1].proportion_mortality	0.5
  tag_recapture[Tags2008_R1_R1].r	1e-11
  tag_recapture[Tags2008_R1_R1].recaptured_2009	0 0 0 0 0 0 0 0 0 0 0 0 0 0 0 0.1 0.2 0.5 0.8 1.1 1.6 2.1 2.4 2.6 2.5 2.4 2.1 1.7 1.3 0.9 0.6 0.4 0.2 0.2 0.1 0 0 0 0
  tag_recapture[Tags2008_R1_R1].recaptured_2010	0 0 0 0 0 0 0 0 0 0 0 0 0 0 0 0.1 0.2 0.5 0.8 1.2 1.6 2.1 2.4 2.6 2.6 2.3 1.9 1.5 1.1 0.8 0.5 0.3 0.2 0.1 0 0 0 0 0
  tag_recapture[Tags2008_R1_R1].sample	size
  tag_recapture[Tags2008_R1_R1].scanned_2009	0 0 0 0 0 0 0 0 0 2 8 20 50 112 230 426 722 1124 1606 2120 2602 2984 3216 3274 3160 2894 2520 2090 1648 1234 878 594 380 230 132 72 36 18 0
  tag_recapture[Tags2008_R1_R1].scanned_2010	0 0 0 0 0 0 0 0 0 2 8 20 48 110 224 418 712 1112 1600 2128 2624 3014 3246 3292 3162 2886 2510 2078 1640 1230 876 592 380 230 132 72 36 18 0
  tag_recapture[Tags2008_R1_R1].step	1
  tag_recapture[Tags2008_R1_R1].tag_name	Tags2008_R1
  tag_recapture[Tags2008_R1_R1].years	2009 2010
  tag_recapture[Tags2009_R1_R1].area	R1
  tag_recapture[Tags2009_R1_R1].class_mins	100 150 200 250 300 350 400 450 500 550 600 650 700 750 800 850 900 950 1000 1050 1100 1150 1200 1250 1300 1350 1400 1450 1500 1550 1600 1650 1700 1750 1800 1850 1900 1950 2000 2050
  tag_recapture[Tags2009_R1_R1].detection_probability	1
  tag_recapture[Tags2009_R1_R1].dispersion	1
  tag_recapture[Tags2009_R1_R1].do_bootstrap	True
  tag_recapture[Tags2009_R1_R1].plus_group	False
  tag_recapture[Tags2009_R1_R1].proportion_mortality	0.5
  tag_recapture[Tags2009_R1_R1].r	1e-11
  tag_recapture[Tags2009_R1_R1].recaptured_2010	0 0 0 0 0 0 0 0 0 0 0 0 0 0 0 0.2 0.3 0.6 0.9 1.5 2.1 2.6 3.1 3.3 3.2 2.9 2.4 1.9 1.4 0.9 0.6 0.4 0.2 0.1 0 0 0 0 0
  tag_recapture[Tags2009_R1_R1].sample	size
  tag_recapture[Tags2009_R1_R1].scanned_2010	0 0 0 0 0 0 0 0 0 2 8 20 48 110 224 418 712 1112 1600 2128 2624 3014 3246 3292 3162 2886 2510 2078 1640 1230 876 592 380 230 132 72 36 18 0
  tag_recapture[Tags2009_R1_R1].step	1
  tag_recapture[Tags2009_R1_R1].tag_name	Tags2009_R1
  tag_recapture[Tags2009_R1_R1].years	2010
  vector_average_penalty[1].k   	1
  vector_average_penalty[1].label	meanYCS_1
  vector_average_penalty[1].multiplier	100
  vector_average_penalty[1].vector	recruitment.YCS
Stored as DOUBLEs: 
Stored as VECTORs: 
Stored as OGIVEs: 

Population parameters:
Stored as strings: 
  annual_cycle.M_props          	1
  annual_cycle.aging_time       	1
  annual_cycle.baranov          	False
  annual_cycle.fishery_areas    	R1
  annual_cycle.fishery_names    	LL
  annual_cycle.fishery_times    	1
  annual_cycle.growth_props     	0
  annual_cycle.n_migrations     	0
  annual_cycle.recruitment_areas	R1
  annual_cycle.recruitment_time 	1
  annual_cycle.spawning_all_areas	1
  annual_cycle.spawning_p       	1
  annual_cycle.spawning_part_mort	1
  annual_cycle.spawning_time    	1
  annual_cycle.spawning_use_total_B	False
  annual_cycle.time_steps       	1
  area_names                    	R1
  current                       	2010
  final                         	2045
  first_random_year             	2007
  fishery[LL].U_max             	0.95
  fishery[LL].catches           	0 1000 1000 1000 1000 1000 1000 1000 1000 1000 1000 1000 1000 1000 1000 1000 1000 1000 1000 1000 1000
  fishery[LL].future_constant_catches	200
  fishery[LL].selectivity       	SelLL
  fishery[LL].years             	1990 1991 1992 1993 1994 1995 1996 1997 1998 1999 2000 2001 2002 2003 2004 2005 2006 2007 2008 2009 2010
  initial                       	1990
  initialization.B0             	37579
  mature_partition              	False
  maturity_props.all            	allvalues  0.0023 0.0035 0.0056 0.0087 0.0136 0.0213 0.0331 0.0511 0.0781 0.1176 0.1732 0.2479 0.3415 0.4492 0.562 0.6687 0.7604 0.8331 0.8871 0.9251 0.9511 0.9683 0.9796 0.987 0.9917 0.9947 0.9966 0.9978 0.9986 0.9991 0.9994 0.9996 0.9998 0.9999 0.9999
  max_age                       	35
  min_age                       	1
  n_areas                       	1
  n_stocks                      	1
  n_tags                        	5
  natural_mortality.all         	0.13
  plus_group                    	True
  randomisation_method          	lognormal
  recruitment.SR                	BH
  recruitment.YCS               	1 1 1 1 1 1 1 1 1 1 1 1 1 1 1 1 1 1 1 1 1
  recruitment.YCS_years         	1989 1990 1991 1992 1993 1994 1995 1996 1997 1998 1999 2000 2001 2002 2003 2004 2005 2006 2007 2008 2009
  recruitment.first_free        	1989
  recruitment.last_free         	2006
  recruitment.p_male            	0.5
  recruitment.rho               	0
  recruitment.sigma_r           	0
  recruitment.steepness         	0.75
  recruitment.year_range        	1989 2006
  selectivity[SelLL].all        	double_normal 10 2 10
  selectivity_names             	SelLL
  sex_partition                 	False
  size_at_age.Linf              	1565
  size_at_age.by_length         	True
  size_at_age.cv                	0.122
  size_at_age.k                 	0.146
  size_at_age.t0                	0.015
  size_at_age_dist              	normal
  size_at_age_type              	von_Bert
  size_based                    	False
  size_weight.a                 	3.0088e-12
  size_weight.b                 	3.2064
  size_weight.verify_size_weight	500 0.5 1.5
  standardise_YCS               	True
  tag[Tags2005_R1_LL].area      	R1
  tag[Tags2005_R1_LL].class_mins	100 150 200 250 300 350 400 450 500 550 600 650 700 750 800 850 900 950 1000 1050 1100 1150 1200 1250 1300 1350 1400 1450 1500 1550 1600 1650 1700 1750 1800 1850 1900 1950 2000 2050
  tag[Tags2005_R1_LL].mature_only	False
  tag[Tags2005_R1_LL].mortality 	0.1
  tag[Tags2005_R1_LL].number    	2499
  tag[Tags2005_R1_LL].ogive     	SelLL
  tag[Tags2005_R1_LL].plus_group	False
  tag[Tags2005_R1_LL].props_all 	0 0 0 0 0 0 0 0 0 1e-04 3e-04 7e-04 0.0016 0.0035 0.0068 0.0122 0.0204 0.0316 0.0455 0.061 0.0761 0.0883 0.0957 0.0971 0.0929 0.0841 0.0724 0.0596 0.0468 0.0351 0.0252 0.0172 0.0111 0.0068 0.004 0.0022 0.0011 5e-04 0
  tag[Tags2005_R1_LL].release_type	deterministic
  tag[Tags2005_R1_LL].sex       	both
  tag[Tags2005_R1_LL].step      	1
  tag[Tags2005_R1_LL].tag_name  	Tags2005_R1
  tag[Tags2005_R1_LL].year      	2005
  tag[Tags2006_R1_LL].area      	R1
  tag[Tags2006_R1_LL].class_mins	100 150 200 250 300 350 400 450 500 550 600 650 700 750 800 850 900 950 1000 1050 1100 1150 1200 1250 1300 1350 1400 1450 1500 1550 1600 1650 1700 1750 1800 1850 1900 1950 2000 2050
  tag[Tags2006_R1_LL].mature_only	False
  tag[Tags2006_R1_LL].mortality 	0.1
  tag[Tags2006_R1_LL].number    	2499
  tag[Tags2006_R1_LL].ogive     	SelLL
  tag[Tags2006_R1_LL].plus_group	False
  tag[Tags2006_R1_LL].props_all 	0 0 0 0 0 0 0 0 0 1e-04 3e-04 8e-04 0.0017 0.0035 0.0067 0.0122 0.0204 0.0316 0.0452 0.0601 0.0746 0.0867 0.0946 0.097 0.0938 0.0856 0.0739 0.0607 0.0474 0.0354 0.0251 0.017 0.011 0.0067 0.0039 0.0021 0.0011 5e-04 0
  tag[Tags2006_R1_LL].release_type	deterministic
  tag[Tags2006_R1_LL].sex       	both
  tag[Tags2006_R1_LL].step      	1
  tag[Tags2006_R1_LL].tag_name  	Tags2006_R1
  tag[Tags2006_R1_LL].year      	2006
  tag[Tags2007_R1_LL].area      	R1
  tag[Tags2007_R1_LL].class_mins	100 150 200 250 300 350 400 450 500 550 600 650 700 750 800 850 900 950 1000 1050 1100 1150 1200 1250 1300 1350 1400 1450 1500 1550 1600 1650 1700 1750 1800 1850 1900 1950 2000 2050
  tag[Tags2007_R1_LL].mature_only	False
  tag[Tags2007_R1_LL].mortality 	0.1
  tag[Tags2007_R1_LL].number    	2499
  tag[Tags2007_R1_LL].ogive     	SelLL
  tag[Tags2007_R1_LL].plus_group	False
  tag[Tags2007_R1_LL].props_all 	0 0 0 0 0 0 0 0 0 1e-04 2e-04 6e-04 0.0015 0.0034 0.0068 0.0123 0.0204 0.0313 0.0445 0.059 0.073 0.0847 0.0923 0.0951 0.0928 0.0858 0.0753 0.0628 0.0496 0.0373 0.0266 0.018 0.0115 0.007 0.004 0.0022 0.0011 5e-04 0
  tag[Tags2007_R1_LL].release_type	deterministic
  tag[Tags2007_R1_LL].sex       	both
  tag[Tags2007_R1_LL].step      	1
  tag[Tags2007_R1_LL].tag_name  	Tags2007_R1
  tag[Tags2007_R1_LL].year      	2007
  tag[Tags2008_R1_LL].area      	R1
  tag[Tags2008_R1_LL].class_mins	100 150 200 250 300 350 400 450 500 550 600 650 700 750 800 850 900 950 1000 1050 1100 1150 1200 1250 1300 1350 1400 1450 1500 1550 1600 1650 1700 1750 1800 1850 1900 1950 2000 2050
  tag[Tags2008_R1_LL].mature_only	False
  tag[Tags2008_R1_LL].mortality 	0.1
  tag[Tags2008_R1_LL].number    	2499
  tag[Tags2008_R1_LL].ogive     	SelLL
  tag[Tags2008_R1_LL].plus_group	False
  tag[Tags2008_R1_LL].props_all 	0 0 0 0 0 0 0 0 0 1e-04 2e-04 5e-04 0.0013 0.003 0.0061 0.0115 0.0196 0.0308 0.0444 0.0593 0.0736 0.0855 0.0932 0.0957 0.093 0.0858 0.0752 0.0627 0.0497 0.0374 0.0267 0.0181 0.0116 0.0071 0.0041 0.0022 0.0011 5e-04 0
  tag[Tags2008_R1_LL].release_type	deterministic
  tag[Tags2008_R1_LL].sex       	both
  tag[Tags2008_R1_LL].step      	1
  tag[Tags2008_R1_LL].tag_name  	Tags2008_R1
  tag[Tags2008_R1_LL].year      	2008
  tag[Tags2009_R1_LL].area      	R1
  tag[Tags2009_R1_LL].class_mins	100 150 200 250 300 350 400 450 500 550 600 650 700 750 800 850 900 950 1000 1050 1100 1150 1200 1250 1300 1350 1400 1450 1500 1550 1600 1650 1700 1750 1800 1850 1900 1950 2000 2050
  tag[Tags2009_R1_LL].mature_only	False
  tag[Tags2009_R1_LL].mortality 	0.1
  tag[Tags2009_R1_LL].number    	2499
  tag[Tags2009_R1_LL].ogive     	SelLL
  tag[Tags2009_R1_LL].plus_group	False
  tag[Tags2009_R1_LL].props_all 	0 0 0 0 0 0 0 0 0 1e-04 2e-04 5e-04 0.0014 0.0032 0.0065 0.012 0.0204 0.0319 0.0457 0.0605 0.0745 0.0857 0.0927 0.0949 0.0921 0.0849 0.0744 0.062 0.0491 0.037 0.0264 0.0178 0.0114 0.0069 0.004 0.0022 0.0011 5e-04 0
  tag[Tags2009_R1_LL].release_type	deterministic
  tag[Tags2009_R1_LL].sex       	both
  tag[Tags2009_R1_LL].step      	1
  tag[Tags2009_R1_LL].tag_name  	Tags2009_R1
  tag[Tags2009_R1_LL].year      	2009
  tag_growth_loss[Tags2005_R1].nogrowth_period	0
  tag_growth_loss[Tags2006_R1].nogrowth_period	0
  tag_growth_loss[Tags2007_R1].nogrowth_period	0
  tag_growth_loss[Tags2008_R1].nogrowth_period	0
  tag_growth_loss[Tags2009_R1].nogrowth_period	0
  tag_loss_props                	1
  tag_names                     	Tags2005_R1 Tags2006_R1 Tags2007_R1 Tags2008_R1 Tags2009_R1
  tag_shedding_rate             	0.0084 0.0084 0.0084 0.0084 0.0084
  y_enter                       	1
Stored as DOUBLEs: 
Stored as VECTORs: 
Stored as OGIVEs: 

Output parameters:
Stored as strings: 
  n_projections                 	100
  numbers_at[Numbers_at_age_R1].area	R1
  numbers_at[Numbers_at_age_R1].proportion_mortality	0.5
  numbers_at[Numbers_at_age_R1].step	1
  numbers_at[Numbers_at_age_R1].years	1990 1991 1992 1993 1994 1995 1996 1997 1998 1999 2000 2001 2002 2003 2004 2005 2006 2007 2008 2009 2010
  print.covariance              	true
  print.estimation_section      	true
  print.final_state             	false
  print.fits                    	true
  print.fits_every_eval         	false
  print.initial_state           	false
  print.normalised_resids       	true
  print.objective_every_eval    	false
  print.parameter_vector_every_eval	false
  print.parameters              	true
  print.parameters_every_eval   	false
  print.pearson_resids          	true
  print.requests                	false
  print.resids                  	true
  print.results                 	false
  print.state_annually          	false
  print.state_every_step        	false
  print.unused_parameters       	true
  print.yields                  	true
  quantities.B0                 	true
  quantities.R0                 	true
  quantities.SSBs               	true
  quantities.YCS                	true
  quantities.actual_catches     	false
  quantities.all_free_parameters	true
  quantities.fishing_pressures  	true
  quantities.nuisance_qs        	true
  quantities.recruitments       	true
  quantities.true_YCS           	true
Stored as DOUBLEs: 
Stored as VECTORs: 
Stored as OGIVEs: 

A fish of size 500 cm has a weight of 1.35635 kg in your model. This size-weight scale check assumes that the growth curve is in centimetres, and that the catch is in tonnes.

A fish of size 500 cm has a weight of 1.35635 kg in your model. This size-weight scale check assumes that the growth curve is in centimetres, and that the catch is in tonnes.

Estimation section :

Objective function: Bayes

Minimiser convergence threshold: 0.001


Observations:

The observations are:
LL_catchA
Tags2005_R1_R1
Tags2006_R1_R1
Tags2007_R1_R1
Tags2008_R1_R1
Tags2009_R1_R1
Fits follow:

LL_catchA :
catch proportions-at-age for fishery LL  with ageing error (not constrained to sum to 1):
obs (last class is a plus group):
class 1       2       3       4       5       6       7       8       9       10      11      12      13      14      15      16      17      18      19      20      21      22      23      24      25      26      27      28      29      30      31      32      33      34      35      
2000 0       0       0       0       0.004   0.017   0.043   0.079   0.096   0.115   0.105   0.106   0.073   0.082   0.062   0.062   0.023   0.034   0.026   0.021   0.012   0.009   0.012   0.01    0.004   0.001   0.001   0.002   0       0.001   0       0       0       0       0       
2001 0       0       0       0       0.001   0.02    0.033   0.09    0.145   0.096   0.092   0.1     0.095   0.058   0.059   0.062   0.045   0.011   0.02    0.019   0.019   0.006   0.013   0.004   0.004   0.003   0.001   0       0.004   0       0       0       0       0       0       
2002 0       0       0       0       0.003   0.008   0.051   0.065   0.166   0.109   0.096   0.079   0.078   0.081   0.034   0.06    0.042   0.032   0.013   0.017   0.019   0.014   0.011   0.007   0.005   0       0.005   0       0       0       0       0.001   0.002   0.001   0.001   
2003 0       0       0       0       0.002   0.009   0.057   0.115   0.096   0.163   0.109   0.068   0.07    0.059   0.047   0.04    0.032   0.038   0.027   0.006   0.013   0.014   0.008   0.01    0.009   0.004   0.003   0       0       0       0.001   0       0       0       0       
2004 0       0       0       0       0.003   0.007   0.041   0.111   0.167   0.085   0.115   0.102   0.072   0.051   0.04    0.048   0.027   0.028   0.029   0.025   0.008   0.015   0.003   0.01    0.003   0.003   0.003   0.001   0       0.001   0.001   0.001   0       0       0       
2005 0       0       0.001   0.001   0.005   0.013   0.023   0.072   0.142   0.182   0.076   0.11    0.072   0.047   0.039   0.05    0.04    0.017   0.027   0.027   0.021   0.004   0.008   0.004   0.005   0.003   0.001   0.001   0.002   0       0.001   0.001   0.001   0.001   0.003   
2006 0       0       0       0.001   0.005   0.005   0.051   0.045   0.101   0.158   0.167   0.065   0.1     0.068   0.033   0.033   0.037   0.034   0.011   0.02    0.022   0.016   0.006   0.005   0.004   0.004   0.007   0       0       0.001   0       0       0       0       0.001   
2007 0       0       0       0       0.007   0.017   0.025   0.114   0.079   0.117   0.145   0.148   0.064   0.073   0.043   0.025   0.037   0.035   0.013   0.012   0.012   0.013   0.006   0.004   0.006   0.001   0.002   0       0.001   0.001   0       0       0       0       0       
2008 0       0       0       0.001   0.003   0.019   0.033   0.054   0.173   0.083   0.1     0.125   0.1     0.054   0.071   0.039   0.02    0.02    0.023   0.023   0.009   0.015   0.015   0.006   0.001   0.004   0.004   0.002   0       0       0       0       0.001   0       0.002   
2009 0       0       0       0       0.004   0.006   0.057   0.093   0.088   0.172   0.08    0.07    0.106   0.097   0.044   0.044   0.031   0.019   0.017   0.015   0.023   0.009   0.009   0.007   0.004   0       0       0       0.002   0.003   0       0       0       0       0       
2010 0       0       0       0       0.002   0.016   0.022   0.103   0.154   0.079   0.147   0.068   0.069   0.078   0.082   0.033   0.048   0.028   0.016   0.014   0.013   0.006   0.01    0.003   0.002   0.001   0       0       0.002   0.001   0       0.001   0       0       0.002   
objective function: multinomial likelihood, with delta = 1e-011, N =
100 100 100 100 100 100 100 100 100 100 100 100 100 100 100 100 100 100 100 100 100 100 100 100 100 100 100 100 100 100 100 100 100 100 100 
100 100 100 100 100 100 100 100 100 100 100 100 100 100 100 100 100 100 100 100 100 100 100 100 100 100 100 100 100 100 100 100 100 100 100 
100 100 100 100 100 100 100 100 100 100 100 100 100 100 100 100 100 100 100 100 100 100 100 100 100 100 100 100 100 100 100 100 100 100 100 
100 100 100 100 100 100 100 100 100 100 100 100 100 100 100 100 100 100 100 100 100 100 100 100 100 100 100 100 100 100 100 100 100 100 100 
100 100 100 100 100 100 100 100 100 100 100 100 100 100 100 100 100 100 100 100 100 100 100 100 100 100 100 100 100 100 100 100 100 100 100 
100 100 100 100 100 100 100 100 100 100 100 100 100 100 100 100 100 100 100 100 100 100 100 100 100 100 100 100 100 100 100 100 100 100 100 
100 100 100 100 100 100 100 100 100 100 100 100 100 100 100 100 100 100 100 100 100 100 100 100 100 100 100 100 100 100 100 100 100 100 100 
100 100 100 100 100 100 100 100 100 100 100 100 100 100 100 100 100 100 100 100 100 100 100 100 100 100 100 100 100 100 100 100 100 100 100 
100 100 100 100 100 100 100 100 100 100 100 100 100 100 100 100 100 100 100 100 100 100 100 100 100 100 100 100 100 100 100 100 100 100 100 
100 100 100 100 100 100 100 100 100 100 100 100 100 100 100 100 100 100 100 100 100 100 100 100 100 100 100 100 100 100 100 100 100 100 100 
100 100 100 100 100 100 100 100 100 100 100 100 100 100 100 100 100 100 100 100 100 100 100 100 100 100 100 100 100 100 100 100 100 100 100 

Tags2005_R1_R1 :
tag-recapture data for tag Tags2005_R1 in years 2006 2007 2008 2009 2010 , step 1, after proportion 0.5 of mortality, with sampling method size, detection probability 1.
Year 2006
class scanned recaptured
100 0 0
150 0 0
200 0 0
250 0 0
300 0 0
350 0 0
400 0 0
450 0 0
500 0 0
550 2 0
600 8 0
650 22 0
700 52 0
750 112 0
800 224 0
850 414 0.2
900 698 0.4
950 1084 0.5
1000 1556 0.9
1050 2072 1.3
1100 2570 1.7
1150 2982 2.1
1200 3248 2.5
1250 3326 2.7
1300 3210 2.7
1350 2928 2.6
1400 2532 2.2
1450 2082 1.9
1500 1630 1.4
1550 1218 1
1600 866 0.7
1650 588 0.5
1700 378 0.3
1750 232 0.2
1800 134 0.1
1850 74 0
1900 38 0
1950 18 0
2000 0 0


Year 2007
class scanned recaptured
100 0 0
150 0 0
200 0 0
250 0 0
300 0 0
350 0 0
400 0 0
450 0 0
500 0 0
550 2 0
600 8 0
650 22 0
700 52 0
750 116 0
800 232 0
850 422 0
900 710 0.1
950 1096 0.3
1000 1568 0.5
1050 2078 0.7
1100 2564 1
1150 2958 1.3
1200 3208 1.7
1250 3282 1.8
1300 3178 1.9
1350 2916 1.9
1400 2538 1.6
1450 2100 1.3
1500 1650 0.9
1550 1234 0.7
1600 876 0.4
1650 592 0.3
1700 380 0.2
1750 230 0.1
1800 132 0
1850 72 0
1900 38 0
1950 18 0
2000 0 0


Year 2008
class scanned recaptured
100 0 0
150 0 0
200 0 0
250 0 0
300 0 0
350 0 0
400 0 0
450 0 0
500 0 0
550 2 0
600 8 0
650 20 0
700 52 0
750 114 0
800 232 0
850 430 0
900 724 0
950 1116 0.2
1000 1590 0.3
1050 2098 0.5
1100 2582 0.8
1150 2974 1.1
1200 3216 1.4
1250 3282 1.7
1300 3168 2
1350 2902 2
1400 2526 2
1450 2092 1.8
1500 1648 1.5
1550 1234 1.2
1600 878 1
1650 592 0.6
1700 378 0.4
1750 230 0.3
1800 132 0.2
1850 72 0.1
1900 36 0
1950 18 0
2000 0 0


Year 2009
class scanned recaptured
100 0 0
150 0 0
200 0 0
250 0 0
300 0 0
350 0 0
400 0 0
450 0 0
500 0 0
550 2 0
600 8 0
650 20 0
700 50 0
750 112 0
800 230 0
850 426 0
900 722 0
950 1124 0.2
1000 1606 0.2
1050 2120 0.4
1100 2602 0.6
1150 2984 0.9
1200 3216 1.2
1250 3274 1.5
1300 3160 1.7
1350 2894 1.9
1400 2520 1.9
1450 2090 1.7
1500 1648 1.5
1550 1234 1.1
1600 878 0.8
1650 594 0.6
1700 380 0.4
1750 230 0.2
1800 132 0.1
1850 72 0
1900 36 0
1950 18 0
2000 0 0


Year 2010
class scanned recaptured
100 0 0
150 0 0
200 0 0
250 0 0
300 0 0
350 0 0
400 0 0
450 0 0
500 0 0
550 2 0
600 8 0
650 20 0
700 48 0
750 110 0
800 224 0
850 418 0
900 712 0
950 1112 0.1
1000 1600 0.2
1050 2128 0.3
1100 2624 0.5
1150 3014 0.7
1200 3246 1
1250 3292 1.2
1300 3162 1.4
1350 2886 1.6
1400 2510 1.6
1450 2078 1.5
1500 1640 1.3
1550 1230 1.1
1600 876 0.8
1650 592 0.6
1700 380 0.4
1750 230 0.2
1800 132 0.2
1850 72 0
1900 36 0
1950 18 0
2000 0 0


Tags2006_R1_R1 :
tag-recapture data for tag Tags2006_R1 in years 2007 2008 2009 2010 , step 1, after proportion 0.5 of mortality, with sampling method size, detection probability 1.
Year 2007
class scanned recaptured
100 0 0
150 0 0
200 0 0
250 0 0
300 0 0
350 0 0
400 0 0
450 0 0
500 0 0
550 2 0
600 8 0
650 22 0
700 52 0
750 116 0
800 232 0
850 422 0
900 710 0.2
950 1096 0.3
1000 1568 0.6
1050 2078 0.9
1100 2564 1.3
1150 2958 1.7
1200 3208 2.1
1250 3282 2.4
1300 3178 2.5
1350 2916 2.3
1400 2538 2.1
1450 2100 1.7
1500 1650 1.3
1550 1234 0.9
1600 876 0.6
1650 592 0.3
1700 380 0.2
1750 230 0.1
1800 132 0
1850 72 0
1900 38 0
1950 18 0
2000 0 0


Year 2008
class scanned recaptured
100 0 0
150 0 0
200 0 0
250 0 0
300 0 0
350 0 0
400 0 0
450 0 0
500 0 0
550 2 0
600 8 0
650 20 0
700 52 0
750 114 0
800 232 0
850 430 0
900 724 0.2
950 1116 0.2
1000 1590 0.4
1050 2098 0.7
1100 2582 1.1
1150 2974 1.6
1200 3216 2
1250 3282 2.3
1300 3168 2.6
1350 2902 2.7
1400 2526 2.5
1450 2092 2.3
1500 1648 1.8
1550 1234 1.5
1600 878 1.1
1650 592 0.7
1700 378 0.5
1750 230 0.3
1800 132 0.2
1850 72 0.1
1900 36 0
1950 18 0
2000 0 0


Year 2009
class scanned recaptured
100 0 0
150 0 0
200 0 0
250 0 0
300 0 0
350 0 0
400 0 0
450 0 0
500 0 0
550 2 0
600 8 0
650 20 0
700 50 0
750 112 0
800 230 0
850 426 0
900 722 0
950 1124 0.2
1000 1606 0.3
1050 2120 0.5
1100 2602 0.7
1150 2984 0.9
1200 3216 1.2
1250 3274 1.4
1300 3160 1.6
1350 2894 1.7
1400 2520 1.5
1450 2090 1.3
1500 1648 1.1
1550 1234 0.8
1600 878 0.6
1650 594 0.4
1700 380 0.3
1750 230 0.1
1800 132 0.1
1850 72 0
1900 36 0
1950 18 0
2000 0 0


Year 2010
class scanned recaptured
100 0 0
150 0 0
200 0 0
250 0 0
300 0 0
350 0 0
400 0 0
450 0 0
500 0 0
550 2 0
600 8 0
650 20 0
700 48 0
750 110 0
800 224 0
850 418 0
900 712 0
950 1112 0.1
1000 1600 0.3
1050 2128 0.4
1100 2624 0.7
1150 3014 1
1200 3246 1.4
1250 3292 1.9
1300 3162 2.2
1350 2886 2.4
1400 2510 2.4
1450 2078 2.3
1500 1640 1.9
1550 1230 1.6
1600 876 1.2
1650 592 0.8
1700 380 0.6
1750 230 0.3
1800 132 0.2
1850 72 0.1
1900 36 0
1950 18 0
2000 0 0


Tags2007_R1_R1 :
tag-recapture data for tag Tags2007_R1 in years 2008 2009 2010 , step 1, after proportion 0.5 of mortality, with sampling method size, detection probability 1.
Year 2008
class scanned recaptured
100 0 0
150 0 0
200 0 0
250 0 0
300 0 0
350 0 0
400 0 0
450 0 0
500 0 0
550 2 0
600 8 0
650 20 0
700 52 0
750 114 0
800 232 0
850 430 0.2
900 724 0.3
950 1116 0.6
1000 1590 1
1050 2098 1.4
1100 2582 1.9
1150 2974 2.3
1200 3216 2.6
1250 3282 2.9
1300 3168 2.8
1350 2902 2.6
1400 2526 2.2
1450 2092 1.8
1500 1648 1.4
1550 1234 1
1600 878 0.8
1650 592 0.5
1700 378 0.3
1750 230 0.2
1800 132 0.1
1850 72 0
1900 36 0
1950 18 0
2000 0 0


Year 2009
class scanned recaptured
100 0 0
150 0 0
200 0 0
250 0 0
300 0 0
350 0 0
400 0 0
450 0 0
500 0 0
550 2 0
600 8 0
650 20 0
700 50 0
750 112 0
800 230 0
850 426 0
900 722 0.2
950 1124 0.4
1000 1606 0.6
1050 2120 1
1100 2602 1.5
1150 2984 2.1
1200 3216 2.5
1250 3274 2.9
1300 3160 3.1
1350 2894 3
1400 2520 2.8
1450 2090 2.4
1500 1648 2
1550 1234 1.5
1600 878 1
1650 594 0.7
1700 380 0.4
1750 230 0.2
1800 132 0.2
1850 72 0
1900 36 0
1950 18 0
2000 0 0


Year 2010
class scanned recaptured
100 0 0
150 0 0
200 0 0
250 0 0
300 0 0
350 0 0
400 0 0
450 0 0
500 0 0
550 2 0
600 8 0
650 20 0
700 48 0
750 110 0
800 224 0
850 418 0
900 712 0.1
950 1112 0.2
1000 1600 0.4
1050 2128 0.7
1100 2624 0.9
1150 3014 1.2
1200 3246 1.6
1250 3292 1.8
1300 3162 1.9
1350 2886 2
1400 2510 1.9
1450 2078 1.7
1500 1640 1.4
1550 1230 1.1
1600 876 0.8
1650 592 0.6
1700 380 0.3
1750 230 0.2
1800 132 0.1
1850 72 0
1900 36 0
1950 18 0
2000 0 0


Tags2008_R1_R1 :
tag-recapture data for tag Tags2008_R1 in years 2009 2010 , step 1, after proportion 0.5 of mortality, with sampling method size, detection probability 1.
Year 2009
class scanned recaptured
100 0 0
150 0 0
200 0 0
250 0 0
300 0 0
350 0 0
400 0 0
450 0 0
500 0 0
550 2 0
600 8 0
650 20 0
700 50 0
750 112 0
800 230 0
850 426 0.1
900 722 0.2
950 1124 0.5
1000 1606 0.8
1050 2120 1.1
1100 2602 1.6
1150 2984 2.1
1200 3216 2.4
1250 3274 2.6
1300 3160 2.5
1350 2894 2.4
1400 2520 2.1
1450 2090 1.7
1500 1648 1.3
1550 1234 0.9
1600 878 0.6
1650 594 0.4
1700 380 0.2
1750 230 0.2
1800 132 0.1
1850 72 0
1900 36 0
1950 18 0
2000 0 0


Year 2010
class scanned recaptured
100 0 0
150 0 0
200 0 0
250 0 0
300 0 0
350 0 0
400 0 0
450 0 0
500 0 0
550 2 0
600 8 0
650 20 0
700 48 0
750 110 0
800 224 0
850 418 0.1
900 712 0.2
950 1112 0.5
1000 1600 0.8
1050 2128 1.2
1100 2624 1.6
1150 3014 2.1
1200 3246 2.4
1250 3292 2.6
1300 3162 2.6
1350 2886 2.3
1400 2510 1.9
1450 2078 1.5
1500 1640 1.1
1550 1230 0.8
1600 876 0.5
1650 592 0.3
1700 380 0.2
1750 230 0.1
1800 132 0
1850 72 0
1900 36 0
1950 18 0
2000 0 0


Tags2009_R1_R1 :
tag-recapture data for tag Tags2009_R1 in years 2010 , step 1, after proportion 0.5 of mortality, with sampling method size, detection probability 1.
Year 2010
class scanned recaptured
100 0 0
150 0 0
200 0 0
250 0 0
300 0 0
350 0 0
400 0 0
450 0 0
500 0 0
550 2 0
600 8 0
650 20 0
700 48 0
750 110 0
800 224 0
850 418 0.2
900 712 0.3
950 1112 0.6
1000 1600 0.9
1050 2128 1.5
1100 2624 2.1
1150 3014 2.6
1200 3246 3.1
1250 3292 3.3
1300 3162 3.2
1350 2886 2.9
1400 2510 2.4
1450 2078 1.9
1500 1640 1.4
1550 1230 0.9
1600 876 0.6
1650 592 0.4
1700 380 0.2
1750 230 0.1
1800 132 0
1850 72 0
1900 36 0
1950 18 0
2000 0 0



Ageing_error:
  Misclassification matrix:
1 0 0 0 0 0 0 0 0 0 0 0 0 0 0 0 0 0 0 0 0 0 0 0 0 0 0 0 0 0 0 0 0 0 0 
0 1 0 0 0 0 0 0 0 0 0 0 0 0 0 0 0 0 0 0 0 0 0 0 0 0 0 0 0 0 0 0 0 0 0 
0 0 1 0 0 0 0 0 0 0 0 0 0 0 0 0 0 0 0 0 0 0 0 0 0 0 0 0 0 0 0 0 0 0 0 
0 0 0 1 0 0 0 0 0 0 0 0 0 0 0 0 0 0 0 0 0 0 0 0 0 0 0 0 0 0 0 0 0 0 0 
0 0 0 0 1 0 0 0 0 0 0 0 0 0 0 0 0 0 0 0 0 0 0 0 0 0 0 0 0 0 0 0 0 0 0 
0 0 0 0 0 1 0 0 0 0 0 0 0 0 0 0 0 0 0 0 0 0 0 0 0 0 0 0 0 0 0 0 0 0 0 
0 0 0 0 0 0 1 0 0 0 0 0 0 0 0 0 0 0 0 0 0 0 0 0 0 0 0 0 0 0 0 0 0 0 0 
0 0 0 0 0 0 0 1 0 0 0 0 0 0 0 0 0 0 0 0 0 0 0 0 0 0 0 0 0 0 0 0 0 0 0 
0 0 0 0 0 0 0 0 1 0 0 0 0 0 0 0 0 0 0 0 0 0 0 0 0 0 0 0 0 0 0 0 0 0 0 
0 0 0 0 0 0 0 0 0 1 0 0 0 0 0 0 0 0 0 0 0 0 0 0 0 0 0 0 0 0 0 0 0 0 0 
0 0 0 0 0 0 0 0 0 0 1 0 0 0 0 0 0 0 0 0 0 0 0 0 0 0 0 0 0 0 0 0 0 0 0 
0 0 0 0 0 0 0 0 0 0 0 1 0 0 0 0 0 0 0 0 0 0 0 0 0 0 0 0 0 0 0 0 0 0 0 
0 0 0 0 0 0 0 0 0 0 0 0 1 0 0 0 0 0 0 0 0 0 0 0 0 0 0 0 0 0 0 0 0 0 0 
0 0 0 0 0 0 0 0 0 0 0 0 0 1 0 0 0 0 0 0 0 0 0 0 0 0 0 0 0 0 0 0 0 0 0 
0 0 0 0 0 0 0 0 0 0 0 0 0 0 1 0 0 0 0 0 0 0 0 0 0 0 0 0 0 0 0 0 0 0 0 
0 0 0 0 0 0 0 0 0 0 0 0 0 0 0 1 0 0 0 0 0 0 0 0 0 0 0 0 0 0 0 0 0 0 0 
0 0 0 0 0 0 0 0 0 0 0 0 0 0 0 0 1 0 0 0 0 0 0 0 0 0 0 0 0 0 0 0 0 0 0 
0 0 0 0 0 0 0 0 0 0 0 0 0 0 0 0 0 1 0 0 0 0 0 0 0 0 0 0 0 0 0 0 0 0 0 
0 0 0 0 0 0 0 0 0 0 0 0 0 0 0 0 0 0 1 0 0 0 0 0 0 0 0 0 0 0 0 0 0 0 0 
0 0 0 0 0 0 0 0 0 0 0 0 0 0 0 0 0 0 0 1 0 0 0 0 0 0 0 0 0 0 0 0 0 0 0 
0 0 0 0 0 0 0 0 0 0 0 0 0 0 0 0 0 0 0 0 1 0 0 0 0 0 0 0 0 0 0 0 0 0 0 
0 0 0 0 0 0 0 0 0 0 0 0 0 0 0 0 0 0 0 0 0 1 0 0 0 0 0 0 0 0 0 0 0 0 0 
0 0 0 0 0 0 0 0 0 0 0 0 0 0 0 0 0 0 0 0 0 0 1 0 0 0 0 0 0 0 0 0 0 0 0 
0 0 0 0 0 0 0 0 0 0 0 0 0 0 0 0 0 0 0 0 0 0 0 1 0 0 0 0 0 0 0 0 0 0 0 
0 0 0 0 0 0 0 0 0 0 0 0 0 0 0 0 0 0 0 0 0 0 0 0 1 0 0 0 0 0 0 0 0 0 0 
0 0 0 0 0 0 0 0 0 0 0 0 0 0 0 0 0 0 0 0 0 0 0 0 0 1 0 0 0 0 0 0 0 0 0 
0 0 0 0 0 0 0 0 0 0 0 0 0 0 0 0 0 0 0 0 0 0 0 0 0 0 1 0 0 0 0 0 0 0 0 
0 0 0 0 0 0 0 0 0 0 0 0 0 0 0 0 0 0 0 0 0 0 0 0 0 0 0 1 0 0 0 0 0 0 0 
0 0 0 0 0 0 0 0 0 0 0 0 0 0 0 0 0 0 0 0 0 0 0 0 0 0 0 0 1 0 0 0 0 0 0 
0 0 0 0 0 0 0 0 0 0 0 0 0 0 0 0 0 0 0 0 0 0 0 0 0 0 0 0 0 1 0 0 0 0 0 
0 0 0 0 0 0 0 0 0 0 0 0 0 0 0 0 0 0 0 0 0 0 0 0 0 0 0 0 0 0 1 0 0 0 0 
0 0 0 0 0 0 0 0 0 0 0 0 0 0 0 0 0 0 0 0 0 0 0 0 0 0 0 0 0 0 0 1 0 0 0 
0 0 0 0 0 0 0 0 0 0 0 0 0 0 0 0 0 0 0 0 0 0 0 0 0 0 0 0 0 0 0 0 1 0 0 
0 0 0 0 0 0 0 0 0 0 0 0 0 0 0 0 0 0 0 0 0 0 0 0 0 0 0 0 0 0 0 0 0 1 0 
0 0 0 0 0 0 0 0 0 0 0 0 0 0 0 0 0 0 0 0 0 0 0 0 0 0 0 0 0 0 0 0 0 0 1 

Free parameters:

initialization.B0
uniform: bounds from 5000 to 500000
current value: 37579
lower bound: 5000
upper bound: 500000

recruitment.YCS
lognormal with means 1 1 1 1 1 1 1 1 1 1 1 1 1 1 1 1 1 1 1 1 1 c.v.s 1 1 1 1 1 1 1 1 1 1 1 1 1 1 1 1 1 1 1 1 1 :
bounds of
1 1 1 1 1 1 1 1 1 1 1 1 1 1 1 1 1 1 1 1 1 
1 1 1 1 1 1 1 1 1 1 1 1 1 1 1 1 1 1 1 1 1 
current values: 1 1 1 1 1 1 1 1 1 1 1 1 1 1 1 1 1 1 1 1 1 
lower bounds: 1 1 1 1 1 1 1 1 1 1 1 1 1 1 1 1 1 1 1 1 1 
upper bounds: 1 1 1 1 1 1 1 1 1 1 1 1 1 1 1 1 1 1 1 1 1 


Q's:
qs are nuisance parameters

Penalties:
LL_Penalty :
Catch limit penalty of 1000 x the sum of squares of (log(actual catch) - log(specified catch)) for fishery LL to disencourage breaking exploitation rate limits
meanYCS_1 :
Vector average penalty of 100 x square of (mean(recruitment.YCS) - 1) 
Penalty_Tags2005_R1_LL :
'Fish-must-be-tagged' penalty of 1 x square of (actual number of tagged fish - nominal number of tagged fish) for tagging episode Tags2005_R1_LL
Penalty_Tags2006_R1_LL :
'Fish-must-be-tagged' penalty of 1 x square of (actual number of tagged fish - nominal number of tagged fish) for tagging episode Tags2006_R1_LL
Penalty_Tags2007_R1_LL :
'Fish-must-be-tagged' penalty of 1 x square of (actual number of tagged fish - nominal number of tagged fish) for tagging episode Tags2007_R1_LL
Penalty_Tags2008_R1_LL :
'Fish-must-be-tagged' penalty of 1 x square of (actual number of tagged fish - nominal number of tagged fish) for tagging episode Tags2008_R1_LL
Penalty_Tags2009_R1_LL :
'Fish-must-be-tagged' penalty of 1 x square of (actual number of tagged fish - nominal number of tagged fish) for tagging episode Tags2009_R1_LL

Components of the objective function are:
  LL_catchA
  Tags2005_R1_R1
  Tags2006_R1_R1
  Tags2007_R1_R1
  Tags2008_R1_R1
  Tags2009_R1_R1
  prior_on_initialization.B0
  prior_on_recruitment.YCS
  LL_Penalty
  meanYCS_1
  Penalty_Tags2005_R1_LL
  Penalty_Tags2006_R1_LL
  Penalty_Tags2007_R1_LL
  Penalty_Tags2008_R1_LL
  Penalty_Tags2009_R1_LL

Random number seed : 96426


Minimiser achieved convergence after 6 quasi-Newton iterations using 8 objective function evaluations



Approximate Covariance matrix (Inverse Hessian of parameters at point estimate):
6.33754e+006 0 0 0 0 0 0 0 0 0 0 0 0 0 0 0 0 0 0 0 0 0 
0 0 0 0 0 0 0 0 0 0 0 0 0 0 0 0 0 0 0 0 0 0 
0 0 0 0 0 0 0 0 0 0 0 0 0 0 0 0 0 0 0 0 0 0 
0 0 0 0 0 0 0 0 0 0 0 0 0 0 0 0 0 0 0 0 0 0 
0 0 0 0 0 0 0 0 0 0 0 0 0 0 0 0 0 0 0 0 0 0 
0 0 0 0 0 0 0 0 0 0 0 0 0 0 0 0 0 0 0 0 0 0 
0 0 0 0 0 0 0 0 0 0 0 0 0 0 0 0 0 0 0 0 0 0 
0 0 0 0 0 0 0 0 0 0 0 0 0 0 0 0 0 0 0 0 0 0 
0 0 0 0 0 0 0 0 0 0 0 0 0 0 0 0 0 0 0 0 0 0 
0 0 0 0 0 0 0 0 0 0 0 0 0 0 0 0 0 0 0 0 0 0 
0 0 0 0 0 0 0 0 0 0 0 0 0 0 0 0 0 0 0 0 0 0 
0 0 0 0 0 0 0 0 0 0 0 0 0 0 0 0 0 0 0 0 0 0 
0 0 0 0 0 0 0 0 0 0 0 0 0 0 0 0 0 0 0 0 0 0 
0 0 0 0 0 0 0 0 0 0 0 0 0 0 0 0 0 0 0 0 0 0 
0 0 0 0 0 0 0 0 0 0 0 0 0 0 0 0 0 0 0 0 0 0 
0 0 0 0 0 0 0 0 0 0 0 0 0 0 0 0 0 0 0 0 0 0 
0 0 0 0 0 0 0 0 0 0 0 0 0 0 0 0 0 0 0 0 0 0 
0 0 0 0 0 0 0 0 0 0 0 0 0 0 0 0 0 0 0 0 0 0 
0 0 0 0 0 0 0 0 0 0 0 0 0 0 0 0 0 0 0 0 0 0 
0 0 0 0 0 0 0 0 0 0 0 0 0 0 0 0 0 0 0 0 0 0 
0 0 0 0 0 0 0 0 0 0 0 0 0 0 0 0 0 0 0 0 0 0 
0 0 0 0 0 0 0 0 0 0 0 0 0 0 0 0 0 0 0 0 0 0 

Correlation matrix:
1 -1.#IND -1.#IND -1.#IND -1.#IND -1.#IND -1.#IND -1.#IND -1.#IND -1.#IND -1.#IND -1.#IND -1.#IND -1.#IND -1.#IND -1.#IND -1.#IND -1.#IND -1.#IND -1.#IND -1.#IND -1.#IND 
-1.#IND -1.#IND -1.#IND -1.#IND -1.#IND -1.#IND -1.#IND -1.#IND -1.#IND -1.#IND -1.#IND -1.#IND -1.#IND -1.#IND -1.#IND -1.#IND -1.#IND -1.#IND -1.#IND -1.#IND -1.#IND -1.#IND 
-1.#IND -1.#IND -1.#IND -1.#IND -1.#IND -1.#IND -1.#IND -1.#IND -1.#IND -1.#IND -1.#IND -1.#IND -1.#IND -1.#IND -1.#IND -1.#IND -1.#IND -1.#IND -1.#IND -1.#IND -1.#IND -1.#IND 
-1.#IND -1.#IND -1.#IND -1.#IND -1.#IND -1.#IND -1.#IND -1.#IND -1.#IND -1.#IND -1.#IND -1.#IND -1.#IND -1.#IND -1.#IND -1.#IND -1.#IND -1.#IND -1.#IND -1.#IND -1.#IND -1.#IND 
-1.#IND -1.#IND -1.#IND -1.#IND -1.#IND -1.#IND -1.#IND -1.#IND -1.#IND -1.#IND -1.#IND -1.#IND -1.#IND -1.#IND -1.#IND -1.#IND -1.#IND -1.#IND -1.#IND -1.#IND -1.#IND -1.#IND 
-1.#IND -1.#IND -1.#IND -1.#IND -1.#IND -1.#IND -1.#IND -1.#IND -1.#IND -1.#IND -1.#IND -1.#IND -1.#IND -1.#IND -1.#IND -1.#IND -1.#IND -1.#IND -1.#IND -1.#IND -1.#IND -1.#IND 
-1.#IND -1.#IND -1.#IND -1.#IND -1.#IND -1.#IND -1.#IND -1.#IND -1.#IND -1.#IND -1.#IND -1.#IND -1.#IND -1.#IND -1.#IND -1.#IND -1.#IND -1.#IND -1.#IND -1.#IND -1.#IND -1.#IND 
-1.#IND -1.#IND -1.#IND -1.#IND -1.#IND -1.#IND -1.#IND -1.#IND -1.#IND -1.#IND -1.#IND -1.#IND -1.#IND -1.#IND -1.#IND -1.#IND -1.#IND -1.#IND -1.#IND -1.#IND -1.#IND -1.#IND 
-1.#IND -1.#IND -1.#IND -1.#IND -1.#IND -1.#IND -1.#IND -1.#IND -1.#IND -1.#IND -1.#IND -1.#IND -1.#IND -1.#IND -1.#IND -1.#IND -1.#IND -1.#IND -1.#IND -1.#IND -1.#IND -1.#IND 
-1.#IND -1.#IND -1.#IND -1.#IND -1.#IND -1.#IND -1.#IND -1.#IND -1.#IND -1.#IND -1.#IND -1.#IND -1.#IND -1.#IND -1.#IND -1.#IND -1.#IND -1.#IND -1.#IND -1.#IND -1.#IND -1.#IND 
-1.#IND -1.#IND -1.#IND -1.#IND -1.#IND -1.#IND -1.#IND -1.#IND -1.#IND -1.#IND -1.#IND -1.#IND -1.#IND -1.#IND -1.#IND -1.#IND -1.#IND -1.#IND -1.#IND -1.#IND -1.#IND -1.#IND 
-1.#IND -1.#IND -1.#IND -1.#IND -1.#IND -1.#IND -1.#IND -1.#IND -1.#IND -1.#IND -1.#IND -1.#IND -1.#IND -1.#IND -1.#IND -1.#IND -1.#IND -1.#IND -1.#IND -1.#IND -1.#IND -1.#IND 
-1.#IND -1.#IND -1.#IND -1.#IND -1.#IND -1.#IND -1.#IND -1.#IND -1.#IND -1.#IND -1.#IND -1.#IND -1.#IND -1.#IND -1.#IND -1.#IND -1.#IND -1.#IND -1.#IND -1.#IND -1.#IND -1.#IND 
-1.#IND -1.#IND -1.#IND -1.#IND -1.#IND -1.#IND -1.#IND -1.#IND -1.#IND -1.#IND -1.#IND -1.#IND -1.#IND -1.#IND -1.#IND -1.#IND -1.#IND -1.#IND -1.#IND -1.#IND -1.#IND -1.#IND 
-1.#IND -1.#IND -1.#IND -1.#IND -1.#IND -1.#IND -1.#IND -1.#IND -1.#IND -1.#IND -1.#IND -1.#IND -1.#IND -1.#IND -1.#IND -1.#IND -1.#IND -1.#IND -1.#IND -1.#IND -1.#IND -1.#IND 
-1.#IND -1.#IND -1.#IND -1.#IND -1.#IND -1.#IND -1.#IND -1.#IND -1.#IND -1.#IND -1.#IND -1.#IND -1.#IND -1.#IND -1.#IND -1.#IND -1.#IND -1.#IND -1.#IND -1.#IND -1.#IND -1.#IND 
-1.#IND -1.#IND -1.#IND -1.#IND -1.#IND -1.#IND -1.#IND -1.#IND -1.#IND -1.#IND -1.#IND -1.#IND -1.#IND -1.#IND -1.#IND -1.#IND -1.#IND -1.#IND -1.#IND -1.#IND -1.#IND -1.#IND 
-1.#IND -1.#IND -1.#IND -1.#IND -1.#IND -1.#IND -1.#IND -1.#IND -1.#IND -1.#IND -1.#IND -1.#IND -1.#IND -1.#IND -1.#IND -1.#IND -1.#IND -1.#IND -1.#IND -1.#IND -1.#IND -1.#IND 
-1.#IND -1.#IND -1.#IND -1.#IND -1.#IND -1.#IND -1.#IND -1.#IND -1.#IND -1.#IND -1.#IND -1.#IND -1.#IND -1.#IND -1.#IND -1.#IND -1.#IND -1.#IND -1.#IND -1.#IND -1.#IND -1.#IND 
-1.#IND -1.#IND -1.#IND -1.#IND -1.#IND -1.#IND -1.#IND -1.#IND -1.#IND -1.#IND -1.#IND -1.#IND -1.#IND -1.#IND -1.#IND -1.#IND -1.#IND -1.#IND -1.#IND -1.#IND -1.#IND -1.#IND 
-1.#IND -1.#IND -1.#IND -1.#IND -1.#IND -1.#IND -1.#IND -1.#IND -1.#IND -1.#IND -1.#IND -1.#IND -1.#IND -1.#IND -1.#IND -1.#IND -1.#IND -1.#IND -1.#IND -1.#IND -1.#IND -1.#IND 
-1.#IND -1.#IND -1.#IND -1.#IND -1.#IND -1.#IND -1.#IND -1.#IND -1.#IND -1.#IND -1.#IND -1.#IND -1.#IND -1.#IND -1.#IND -1.#IND -1.#IND -1.#IND -1.#IND -1.#IND -1.#IND -1.#IND 

List of parameter names, in the same order as the rows & cols of the covariance/correlation matrices:
initialization.B0 recruitment.YCS 21 



Start extracting output from here

Point estimate:
initialization.B0
current value: 49980
lower bound: 5000
upper bound: 500000

recruitment.YCS
current values: 1 1 1 1 1 1 1 1 1 1 1 1 1 1 1 1 1 1 1 1 1 
lower bounds: 1 1 1 1 1 1 1 1 1 1 1 1 1 1 1 1 1 1 1 1 1 
upper bounds: 1 1 1 1 1 1 1 1 1 1 1 1 1 1 1 1 1 1 1 1 1 


In a format suitable for -i :

initialization.B0 recruitment.YCS 21 
49980 1 1 1 1 1 1 1 1 1 1 1 1 1 1 1 1 1 1 1 1 1 

Objective function : 661.102

Components :
LL_catchA                                          379.821
Tags2005_R1_R1                                     87.0979
Tags2006_R1_R1                                     73.042
Tags2007_R1_R1                                     59.8429
Tags2008_R1_R1                                     38.7905
Tags2009_R1_R1                                     20.6878
prior_on_initialization.B0                         0
prior_on_recruitment.YCS                           1.81951
LL_Penalty                                         0
meanYCS_1                                          0
Penalty_Tags2005_R1_LL                             0
Penalty_Tags2006_R1_LL                             8.27181e-025
Penalty_Tags2007_R1_LL                             2.06795e-025
Penalty_Tags2008_R1_LL                             8.27181e-025
Penalty_Tags2009_R1_LL                             2.06795e-025

Fits : 

The observations are:
LL_catchA
Tags2005_R1_R1
Tags2006_R1_R1
Tags2007_R1_R1
Tags2008_R1_R1
Tags2009_R1_R1
Fits follow:

LL_catchA :
catch proportions-at-age for fishery LL  with ageing error (not constrained to sum to 1):
obs (last class is a plus group):
class 1       2       3       4       5       6       7       8       9       10      11      12      13      14      15      16      17      18      19      20      21      22      23      24      25      26      27      28      29      30      31      32      33      34      35      
2000 0       0       0       0       0.004   0.017   0.043   0.079   0.096   0.115   0.105   0.106   0.073   0.082   0.062   0.062   0.023   0.034   0.026   0.021   0.012   0.009   0.012   0.01    0.004   0.001   0.001   0.002   0       0.001   0       0       0       0       0       
2001 0       0       0       0       0.001   0.02    0.033   0.09    0.145   0.096   0.092   0.1     0.095   0.058   0.059   0.062   0.045   0.011   0.02    0.019   0.019   0.006   0.013   0.004   0.004   0.003   0.001   0       0.004   0       0       0       0       0       0       
2002 0       0       0       0       0.003   0.008   0.051   0.065   0.166   0.109   0.096   0.079   0.078   0.081   0.034   0.06    0.042   0.032   0.013   0.017   0.019   0.014   0.011   0.007   0.005   0       0.005   0       0       0       0       0.001   0.002   0.001   0.001   
2003 0       0       0       0       0.002   0.009   0.057   0.115   0.096   0.163   0.109   0.068   0.07    0.059   0.047   0.04    0.032   0.038   0.027   0.006   0.013   0.014   0.008   0.01    0.009   0.004   0.003   0       0       0       0.001   0       0       0       0       
2004 0       0       0       0       0.003   0.007   0.041   0.111   0.167   0.085   0.115   0.102   0.072   0.051   0.04    0.048   0.027   0.028   0.029   0.025   0.008   0.015   0.003   0.01    0.003   0.003   0.003   0.001   0       0.001   0.001   0.001   0       0       0       
2005 0       0       0.001   0.001   0.005   0.013   0.023   0.072   0.142   0.182   0.076   0.11    0.072   0.047   0.039   0.05    0.04    0.017   0.027   0.027   0.021   0.004   0.008   0.004   0.005   0.003   0.001   0.001   0.002   0       0.001   0.001   0.001   0.001   0.003   
2006 0       0       0       0.001   0.005   0.005   0.051   0.045   0.101   0.158   0.167   0.065   0.1     0.068   0.033   0.033   0.037   0.034   0.011   0.02    0.022   0.016   0.006   0.005   0.004   0.004   0.007   0       0       0.001   0       0       0       0       0.001   
2007 0       0       0       0       0.007   0.017   0.025   0.114   0.079   0.117   0.145   0.148   0.064   0.073   0.043   0.025   0.037   0.035   0.013   0.012   0.012   0.013   0.006   0.004   0.006   0.001   0.002   0       0.001   0.001   0       0       0       0       0       
2008 0       0       0       0.001   0.003   0.019   0.033   0.054   0.173   0.083   0.1     0.125   0.1     0.054   0.071   0.039   0.02    0.02    0.023   0.023   0.009   0.015   0.015   0.006   0.001   0.004   0.004   0.002   0       0       0       0       0.001   0       0.002   
2009 0       0       0       0       0.004   0.006   0.057   0.093   0.088   0.172   0.08    0.07    0.106   0.097   0.044   0.044   0.031   0.019   0.017   0.015   0.023   0.009   0.009   0.007   0.004   0       0       0       0.002   0.003   0       0       0       0       0       
2010 0       0       0       0       0.002   0.016   0.022   0.103   0.154   0.079   0.147   0.068   0.069   0.078   0.082   0.033   0.048   0.028   0.016   0.014   0.013   0.006   0.01    0.003   0.002   0.001   0       0       0.002   0.001   0       0.001   0       0       0.002   
fits (last class is a plus group):
class 1       2       3       4       5       6       7       8       9       10      11      12      13      14      15      16      17      18      19      20      21      22      23      24      25      26      27      28      29      30      31      32      33      34      35      
2000 3.47656e-007 5.8136e-006 6.87444e-005 0.000574802 0.00339835 0.0142038 0.0419398 0.0873284 0.127901 0.131636 0.112744 0.0952571 0.0794158 0.0653493 0.0530962 0.0426315 0.033885 0.0267271 0.0209382 0.0162414 0.0124384 0.00940237 0.00701313 0.00516015 0.00374431 0.00267877 0.00188915 0.0013131 0.000899457 0.000607133 0.000403828 0.000264679 0.00017095 0.000108809 0.000563694 
2001 3.48196e-007 5.8224e-006 6.88467e-005 0.00057565 0.00340338 0.0142252 0.0420042 0.0874654 0.128104 0.131843 0.112985 0.0954494 0.0795648 0.0654598 0.0531671 0.0426458 0.0338076 0.0265341 0.0206674 0.0159889 0.0122473 0.00926185 0.00691279 0.00509062 0.00369758 0.00264835 0.00186998 0.00130143 0.000892608 0.000603269 0.000401741 0.000263608 0.000170434 0.000108582 0.000564209 
2002 3.48629e-007 5.82938e-006 6.89265e-005 0.000576302 0.0034072 0.0142412 0.0420522 0.0875675 0.128255 0.131999 0.113116 0.0956139 0.0796924 0.0655556 0.0532352 0.0426854 0.0338054 0.026463 0.0205101 0.015776 0.0120523 0.00911609 0.00680691 0.00501591 0.00364641 0.00261434 0.00184807 0.00128776 0.000884358 0.00059846 0.000399041 0.000262153 0.000169685 0.000108216 0.000564319 
2003 3.48987e-007 5.83506e-006 6.89904e-005 0.000576814 0.00341013 0.0142533 0.042088 0.087643 0.128367 0.132113 0.113212 0.0956936 0.079804 0.0656396 0.0532961 0.0427266 0.0338262 0.0264531 0.0204489 0.0156513 0.0118883 0.0089683 0.00669784 0.00493767 0.00359187 0.00257743 0.00182383 0.00127232 0.000874826 0.000592765 0.000395752 0.00026032 0.000168701 0.000107711 0.000564033 
2004 3.49293e-007 5.83985e-006 6.90434e-005 0.00057723 0.00341246 0.0142626 0.042115 0.0876989 0.128449 0.132196 0.113282 0.0957516 0.0798507 0.0657153 0.0533514 0.0427651 0.0338507 0.0264631 0.0204365 0.015601 0.0117916 0.00884428 0.0065878 0.00485749 0.00353508 0.00253834 0.0017977 0.00125536 0.000864154 0.000586254 0.000391904 0.00025812 0.000167487 0.000107065 0.00056335 
2005 3.49563e-007 5.84406e-006 6.90894e-005 0.000577585 0.00341439 0.0142701 0.042136 0.0877408 0.128508 0.132255 0.113332 0.0957924 0.0798838 0.0657414 0.0534029 0.0428016 0.0338751 0.0264775 0.0204406 0.0155888 0.0117517 0.00877084 0.00649561 0.00477689 0.0034771 0.00249779 0.00177015 0.00123718 0.000852503 0.000579011 0.000387539 0.000255571 0.000166046 0.000106278 0.000562257 
2006 3.49846e-007 5.84854e-006 6.91387e-005 0.000577965 0.00341646 0.0142781 0.0421575 0.0877809 0.128558 0.132296 0.113361 0.0958155 0.0799024 0.0657561 0.0534142 0.0428354 0.0338984 0.0264926 0.0204489 0.01559 0.0117412 0.00874031 0.00644114 0.0047097 0.0034192 0.00245671 0.0017418 0.00121818 0.000840129 0.00057119 0.000382743 0.00025272 0.000164404 0.000105362 0.000560798 
2007 3.50111e-007 5.8527e-006 6.91848e-005 0.00057832 0.00341837 0.0142853 0.0421767 0.0878164 0.128602 0.13233 0.11338 0.0958268 0.0799105 0.0657622 0.0534189 0.0428387 0.0339206 0.0265073 0.020458 0.0155944 0.0117407 0.00873148 0.00641797 0.00466968 0.00337074 0.00241553 0.00171297 0.00119854 0.000827139 0.000562842 0.000377535 0.000249567 0.000162553 0.000104309 0.000558886 
2008 3.50362e-007 5.85664e-006 6.92282e-005 0.000578657 0.00342018 0.0142921 0.0421945 0.0878486 0.128641 0.132361 0.113396 0.0958315 0.0799101 0.0657608 0.0534173 0.0428372 0.0339192 0.0265217 0.020467 0.0155995 0.0117427 0.00873018 0.00641084 0.00465242 0.00334177 0.00238107 0.0016841 0.00117859 0.000813735 0.00055409 0.000371984 0.00024615 0.000160512 0.000103126 0.0005565 
2009 3.50601e-007 5.8604e-006 6.92697e-005 0.000578977 0.00342193 0.0142986 0.0422114 0.0878786 0.128677 0.132389 0.113411 0.0958352 0.0799055 0.0657534 0.0534105 0.0428315 0.0339145 0.0265178 0.0204761 0.0156049 0.0117455 0.0087309 0.0064093 0.00464684 0.00332914 0.00236041 0.00165994 0.00115864 0.000800128 0.000545069 0.000366172 0.000242512 0.000158302 0.000101824 0.000553621 
2010 3.50829e-007 5.864e-006 6.93096e-005 0.000579286 0.00342359 0.0143049 0.0422277 0.0879075 0.128711 0.132414 0.113425 0.095839 0.079901 0.0657433 0.0533993 0.0428218 0.0339067 0.0265117 0.0204712 0.0156104 0.0117485 0.00873221 0.00640931 0.00464536 0.00332488 0.00235131 0.00164541 0.00114193 0.000786525 0.000535916 0.000360185 0.000238707 0.000155952 0.000100415 0.000550239 
resids (last class is a plus group):
class 1       2       3       4       5       6       7       8       9       10      11      12      13      14      15      16      17      18      19      20      21      22      23      24      25      26      27      28      29      30      31      32      33      34      35      
2000 -3.47656e-007 -5.8136e-006 -6.87444e-005 -0.000574802 0.000601652 0.00279617 0.00106023 -0.00832837 -0.031901 -0.0166359 -0.00774373 0.0107429 -0.00641581 0.0166507 0.00890377 0.0193685 -0.010885 0.00727295 0.00506184 0.00475861 -0.000438408 -0.000402374 0.00498687 0.00483985 0.000255692 -0.00167877 -0.000889151 0.0006869 -0.000899457 0.000392867 -0.000403828 -0.000264679 -0.00017095 -0.000108809 -0.000563694 
2001 -3.48196e-007 -5.8224e-006 -6.88467e-005 -0.00057565 -0.00240338 0.00577483 -0.00900417 0.00253464 0.0168962 -0.0358431 -0.020985 0.00455056 0.0154352 -0.00745979 0.00583292 0.0193542 0.0111924 -0.0155341 -0.000667428 0.00301108 0.00675268 -0.00326185 0.00608721 -0.00109062 0.00030242 0.000351654 -0.000869984 -0.00130143 0.00310739 -0.000603269 -0.000401741 -0.000263608 -0.000170434 -0.000108582 -0.000564209 
2002 -3.48629e-007 -5.82938e-006 -6.89265e-005 -0.000576302 -0.000407198 -0.00624119 0.00894776 -0.0225675 0.0377447 -0.0229985 -0.0171157 -0.0166139 -0.00169238 0.0154444 -0.0192352 0.0173146 0.00819463 0.00553703 -0.00751013 0.00122396 0.00694771 0.00488391 0.00419309 0.00198409 0.00135359 -0.00261434 0.00315193 -0.00128776 -0.000884358 -0.00059846 -0.000399041 0.000737847 0.00183032 0.000891784 0.000435681 
2003 -3.48987e-007 -5.83506e-006 -6.89904e-005 -0.000576814 -0.00141013 -0.00525328 0.014912 0.027357 -0.032367 0.0308869 -0.00421243 -0.0276936 -0.00980397 -0.00663963 -0.00629611 -0.00272659 -0.00182618 0.0115469 0.00655107 -0.00965126 0.00111171 0.0050317 0.00130216 0.00506233 0.00540813 0.00142257 0.00117617 -0.00127232 -0.000874826 -0.000592765 0.000604248 -0.00026032 -0.000168701 -0.000107711 -0.000564033 
2004 -3.49293e-007 -5.83985e-006 -6.90434e-005 -0.00057723 -0.000412459 -0.00726262 -0.00111503 0.0233011 0.0385515 -0.0471961 0.00171756 0.00624842 -0.00785072 -0.0147153 -0.0133514 0.00523485 -0.00685073 0.00153689 0.00856348 0.00939903 -0.00379159 0.00615572 -0.0035878 0.00514251 -0.000535077 0.000461664 0.0012023 -0.000255364 -0.000864154 0.000413746 0.000608096 0.00074188 -0.000167487 -0.000107065 -0.00056335 
2005 -3.49563e-007 -5.84406e-006 0.000930911 0.000422415 0.00158561 -0.00127014 -0.019136 -0.0157408 0.0134919 0.0497446 -0.0373318 0.0142076 -0.00788383 -0.0187414 -0.0144029 0.00719844 0.00612495 -0.00947751 0.00655938 0.0114112 0.00924834 -0.00477084 0.00150439 -0.000776885 0.0015229 0.000502206 -0.000770149 -0.00023718 0.0011475 -0.000579011 0.000612461 0.000744429 0.000833954 0.000893722 0.00243774 
2006 -3.49846e-007 -5.84854e-006 -6.91387e-005 0.000422035 0.00158354 -0.00927808 0.0088425 -0.0427809 -0.0275577 0.025704 0.053639 -0.0308155 0.0200976 0.0022439 -0.0204142 -0.0098354 0.00310163 0.00750744 -0.00944895 0.00441003 0.0102588 0.00725969 -0.000441135 0.000290299 0.000580802 0.00154329 0.0052582 -0.00121818 -0.000840129 0.00042881 -0.000382743 -0.00025272 -0.000164404 -0.000105362 0.000439202 
2007 -3.50111e-007 -5.8527e-006 -6.91848e-005 -0.00057832 0.00358163 0.00271468 -0.0171767 0.0261836 -0.0496016 -0.0153301 0.0316198 0.0521732 -0.0159105 0.0072378 -0.0104189 -0.0178387 0.00307936 0.00849267 -0.00745795 -0.00359438 0.000259329 0.00426852 -0.000417971 -0.00066968 0.00262926 -0.00141553 0.000287033 -0.00119854 0.000172861 0.000437158 -0.000377535 -0.000249567 -0.000162553 -0.000104309 -0.000558886 
2008 -3.50362e-007 -5.85664e-006 -6.92282e-005 0.000421343 -0.000420183 0.00470789 -0.00919446 -0.0338486 0.044359 -0.049361 -0.0133963 0.0291685 0.0200899 -0.0117608 0.0175827 -0.00383723 -0.0139192 -0.00652167 0.00253296 0.00740048 -0.00274273 0.00626982 0.00858916 0.00134758 -0.00234177 0.00161893 0.0023159 0.000821406 -0.000813735 -0.00055409 -0.000371984 -0.00024615 0.000839488 -0.000103126 0.0014435 
2009 -3.50601e-007 -5.8604e-006 -6.92697e-005 -0.000578977 0.000578073 -0.00829862 0.0147886 0.00512136 -0.0406771 0.0396111 -0.0334113 -0.0258352 0.0260945 0.0312466 -0.00941048 0.00116854 -0.00291453 -0.00751784 -0.00347606 -0.000604924 0.0112545 0.000269097 0.0025907 0.00235316 0.000670865 -0.00236041 -0.00165994 -0.00115864 0.00119987 0.00245493 -0.000366172 -0.000242512 -0.000158302 -0.000101824 -0.000553621 
2010 -3.50829e-007 -5.864e-006 -6.93096e-005 -0.000579286 -0.00142359 0.00169505 -0.0202277 0.0150925 0.0252891 -0.0534144 0.0335752 -0.027839 -0.010901 0.0122567 0.0286007 -0.00982184 0.0140933 0.0014883 -0.00447124 -0.00161041 0.00125147 -0.00273221 0.00359069 -0.00164536 -0.00132488 -0.00135131 -0.00164541 -0.00114193 0.00121347 0.000464084 -0.000360185 0.000761293 -0.000155952 -0.000100415 0.00144976 
pearson_resids (last class is a plus group):
class 1       2       3       4       5       6       7       8       9       10      11      12      13      14      15      16      17      18      19      20      21      22      23      24      25      26      27      28      29      30      31      32      33      34      35      
2000 -0.00589624 -0.0241115 -0.0829151 -0.239819 0.103383 0.236302 0.0528921 -0.295002 -0.955177 -0.492048 -0.244838 0.365939 -0.237283 0.673733 0.39709 0.95872 -0.601601 0.450939 0.353536 0.376465 -0.0395561 -0.0416929 0.597585 0.675497 0.0418646 -0.324792 -0.204764 0.189684 -0.300044 0.159491 -0.200995 -0.162711 -0.130759 -0.104317 -0.237489 
2001 -0.00590081 -0.0241297 -0.0829768 -0.239996 -0.412675 0.487665 -0.448865 0.0897168 0.505564 -1.05944 -0.662876 0.154868 0.570366 -0.301606 0.259973 0.957855 0.619277 -0.966548 -0.0469133 0.240056 0.613948 -0.340515 0.734679 -0.153248 0.0498259 0.0684232 -0.201372 -0.360989 1.04054 -0.245689 -0.200475 -0.162382 -0.130562 -0.104208 -0.237598 
2002 -0.00590449 -0.0241442 -0.0830248 -0.240132 -0.0698793 -0.526755 0.445809 -0.798384 1.12882 -0.679447 -0.540381 -0.56498 -0.0624919 0.624009 -0.856792 0.856536 0.453424 0.34497 -0.529863 0.0982249 0.636707 0.513868 0.509967 0.280852 0.224569 -0.511976 0.733868 -0.359085 -0.297513 -0.244708 -0.1998 0.455771 1.40521 0.857307 0.183455 
2003 -0.00590752 -0.0241559 -0.0830633 -0.240239 -0.241889 -0.443191 0.742664 0.967447 -0.967629 0.912158 -0.132946 -0.941413 -0.361784 -0.268104 -0.280296 -0.134819 -0.101016 0.719531 0.462874 -0.777562 0.102572 0.533723 0.159645 0.722212 0.903999 0.28057 0.27566 -0.356923 -0.295904 -0.24354 0.303801 -0.161365 -0.129896 -0.10379 -0.237561 
2004 -0.0059101 -0.0241659 -0.0830952 -0.240326 -0.0707277 -0.61251 -0.0555152 0.82378 1.15221 -1.39343 0.0541923 0.21235 -0.289628 -0.593878 -0.5941 0.258732 -0.378818 0.0957516 0.605244 0.758441 -0.351246 0.657471 -0.443499 0.739651 -0.0901541 0.0917494 0.283822 -0.0721185 -0.294092 0.17093 0.307232 0.461826 -0.129428 -0.103478 -0.237417 
2005 -0.00591239 -0.0241746 1.12    0.175816 0.27182 -0.107092 -0.952517 -0.556375 0.40316 1.46839 -1.17767 0.482748 -0.290795 -0.75622 -0.640597 0.355638 0.338568 -0.590314 0.463554 0.921168 0.858185 -0.511667 0.18727 -0.112674 0.258713 0.100611 -0.183212 -0.0674729 0.393178 -0.240696 0.311175 0.465718 0.647237 0.866971 1.02835 
2006 -0.00591478 -0.0241838 -0.0831525 0.1756  0.271384 -0.782071 0.440039 -1.51182 -0.823331 0.75865 1.6919  -1.04694 0.741221 0.0905328 -0.907872 -0.485733 0.171392 0.467477 -0.667628 0.355984 0.95237 0.77994 -0.0551435 0.0424008 0.099497 0.31175 1.261   -0.349237 -0.289972 0.179473 -0.195676 -0.158992 -0.128231 -0.102651 0.185517 
2007 -0.00591702 -0.0241924 -0.0831803 -0.240552 0.613641 0.22877 -0.854596 0.925125 -1.48171 -0.452415 0.997292 1.77247 -0.586768 0.292005 -0.463333 -0.880952 0.170107 0.528683 -0.526838 -0.290103 0.0240752 0.458815 -0.0523414 -0.0982291 0.453633 -0.288362 0.0694113 -0.346407 0.0601295 0.184318 -0.194339 -0.157997 -0.127507 -0.102137 -0.236474 
2008 -0.00591914 -0.0242006 -0.0832064 0.175207 -0.0719711 0.396647 -0.457362 -1.19575 1.32493 -1.45658 -0.422494 0.990912 0.740903 -0.474489 0.781924 -0.189502 -0.768927 -0.405878 0.178892 0.597198 -0.254603 0.673981 1.07619 0.198028 -0.405773 0.332169 0.564808 0.239404 -0.285377 -0.235456 -0.192905 -0.156911 0.662668 -0.101556 0.612076 
2009 -0.00592116 -0.0242083 -0.0832313 -0.240689 0.0989901 -0.699015 0.735493 0.180891 -1.21481 1.16877 -1.05367 -0.877658 0.962375 1.2607  -0.418522 0.0577125 -0.161016 -0.467907 -0.245446 -0.0488074 1.04462 0.0289257 0.324644 0.346006 0.116464 -0.486415 -0.407762 -0.340586 0.424355 1.0518  -0.191391 -0.155747 -0.125828 -0.100913 -0.235357 
2010 -0.00592308 -0.0242158 -0.0832553 -0.240753 -0.243719 0.142747 -1.00581 0.533003 0.75517 -1.57592 1.05878 -0.945714 -0.402045 0.494556 1.27211 -0.485136 0.77868 0.0926414 -0.315753 -0.129911 0.116144 -0.293668 0.449955 -0.241971 -0.230151 -0.279004 -0.405971 -0.338118 0.432858 0.200523 -0.18982 0.492801 -0.12489 -0.100212 0.618216 
objective function: multinomial likelihood, with delta = 1e-011, N =
100 100 100 100 100 100 100 100 100 100 100 100 100 100 100 100 100 100 100 100 100 100 100 100 100 100 100 100 100 100 100 100 100 100 100 
100 100 100 100 100 100 100 100 100 100 100 100 100 100 100 100 100 100 100 100 100 100 100 100 100 100 100 100 100 100 100 100 100 100 100 
100 100 100 100 100 100 100 100 100 100 100 100 100 100 100 100 100 100 100 100 100 100 100 100 100 100 100 100 100 100 100 100 100 100 100 
100 100 100 100 100 100 100 100 100 100 100 100 100 100 100 100 100 100 100 100 100 100 100 100 100 100 100 100 100 100 100 100 100 100 100 
100 100 100 100 100 100 100 100 100 100 100 100 100 100 100 100 100 100 100 100 100 100 100 100 100 100 100 100 100 100 100 100 100 100 100 
100 100 100 100 100 100 100 100 100 100 100 100 100 100 100 100 100 100 100 100 100 100 100 100 100 100 100 100 100 100 100 100 100 100 100 
100 100 100 100 100 100 100 100 100 100 100 100 100 100 100 100 100 100 100 100 100 100 100 100 100 100 100 100 100 100 100 100 100 100 100 
100 100 100 100 100 100 100 100 100 100 100 100 100 100 100 100 100 100 100 100 100 100 100 100 100 100 100 100 100 100 100 100 100 100 100 
100 100 100 100 100 100 100 100 100 100 100 100 100 100 100 100 100 100 100 100 100 100 100 100 100 100 100 100 100 100 100 100 100 100 100 
100 100 100 100 100 100 100 100 100 100 100 100 100 100 100 100 100 100 100 100 100 100 100 100 100 100 100 100 100 100 100 100 100 100 100 
100 100 100 100 100 100 100 100 100 100 100 100 100 100 100 100 100 100 100 100 100 100 100 100 100 100 100 100 100 100 100 100 100 100 100 

Tags2005_R1_R1 :
tag-recapture data for tag Tags2005_R1 in years 2006 2007 2008 2009 2010 , step 1, after proportion 0.5 of mortality, with sampling method size, detection probability 1.
Year 2006
class scanned recaptured expected_prop neg_log_likelihood
100 0 0 0 0
150 0 0 0 0
200 0 0 2.17188e-016 0
250 0 0 9.73402e-012 0
300 0 0 1.13446e-010 0
350 0 0 1.05243e-009 0
400 0 0 9.30831e-009 0
450 0 0 5.65136e-008 0
500 0 0 1.60676e-007 0
550 2 0 3.79806e-007 7.59611e-007
600 8 0 1.08807e-006 8.70458e-006
650 22 0 3.03112e-006 6.66848e-005
700 52 0 7.47017e-006 0.00038845
750 112 0 1.72471e-005 0.00193169
800 224 0 3.73879e-005 0.00837504
850 414 0.2 7.40068e-005 0.642155
900 698 0.4 0.000133311 0.923061
950 1084 0.5 0.000220065 0.834156
1000 1556 0.9 0.000334315 1.06916
1050 2072 1.3 0.000468342 1.16336
1100 2570 1.7 0.00060935 1.238
1150 2982 2.1 0.000741807 1.33184
1200 3248 2.5 0.00085 1.4226
1250 3326 2.7 0.000924287 1.46966
1300 3210 2.7 0.000961704 1.47124
1350 2928 2.6 0.000964731 1.43734
1400 2532 2.2 0.000939596 1.35728
1450 2082 1.9 0.00089445 1.28327
1500 1630 1.4 0.000838473 1.14577
1550 1218 1 0.000775944 1.00116
1600 866 0.7 0.000712535 0.858805
1650 588 0.5 0.000651652 0.741612
1700 378 0.3 0.000592627 0.564264
1750 232 0.2 0.000536821 0.455371
1800 134 0.1 0.000486087 0.288023
1850 74 0 0.000441962 0.0327124
1900 38 0 0.000405301 0.0154046
1950 18 0 0.000375599 0.00676205
2000 0 0 0.000353102 0

total neg_log_likelihood: 20.7638


Year 2007
class scanned recaptured expected_prop neg_log_likelihood
100 0 0 0 0
150 0 0 0 0
200 0 0 0 0
250 0 0 9.72436e-016 0
300 0 0 4.5411e-012 0
350 0 0 1.53673e-010 0
400 0 0 2.54963e-009 0
450 0 0 2.36342e-008 0
500 0 0 7.66239e-008 0
550 2 0 1.59932e-007 3.19864e-007
600 8 0 4.13335e-007 3.30668e-006
650 22 0 1.13467e-006 2.49626e-005
700 52 0 2.86687e-006 0.000149078
750 116 0 6.97668e-006 0.000809298
800 232 0 1.6244e-005 0.00376864
850 422 0 3.49025e-005 0.0147291
900 710 0.1 6.85855e-005 0.300971
950 1096 0.3 0.000123504 0.627005
1000 1568 0.5 0.000203953 0.768899
1050 2078 0.7 0.000309141 0.856206
1100 2564 1 0.000432642 1.00538
1150 2958 1.3 0.000563549 1.15665
1200 3208 1.7 0.000687158 1.29522
1250 3282 1.8 0.000789882 1.39427
1300 3178 1.9 0.000862983 1.42835
1350 2916 1.9 0.000902729 1.39602
1400 2538 1.6 0.000910839 1.32813
1450 2100 1.3 0.00089293 1.21181
1500 1650 0.9 0.000857447 1.06333
1550 1234 0.7 0.000809239 0.903526
1600 876 0.4 0.000755042 0.706963
1650 592 0.3 0.000699784 0.570225
1700 380 0.2 0.00064375 0.440596
1750 230 0.1 0.000589034 0.285286
1800 132 0 0.000538027 0.0710387
1850 72 0 0.000492918 0.0354989
1900 38 0 0.000454752 0.0172845
1950 18 0 0.00042373 0.00762875
2000 0 0 0.000399732 0

total neg_log_likelihood: 16.8898


Year 2008
class scanned recaptured expected_prop neg_log_likelihood
100 0 0 0 0
150 0 0 0 0
200 0 0 0 0
250 0 0 0 0
300 0 0 4.53969e-016 0
350 0 0 1.58428e-011 0
400 0 0 5.63797e-010 0
450 0 0 9.23933e-009 0
500 0 0 4.64249e-008 0
550 2 0 9.19533e-008 1.83907e-007
600 8 0 2.08809e-007 1.67047e-006
650 20 0 5.43466e-007 1.08693e-005
700 52 0 1.3365e-006 6.94982e-005
750 114 0 3.25487e-006 0.000371056
800 232 0 7.77791e-006 0.00180448
850 430 0 1.74932e-005 0.00752213
900 724 0 3.64704e-005 0.026405
950 1116 0.2 7.01846e-005 0.502244
1000 1590 0.3 0.000124104 0.57593
1050 2098 0.5 0.000201126 0.732482
1100 2582 0.8 0.000299871 0.907699
1150 2974 1.1 0.000414613 1.04787
1200 3216 1.4 0.000535005 1.17751
1250 3282 1.7 0.000648303 1.27873
1300 3168 2 0.000743261 1.33472
1350 2902 2 0.000811962 1.33494
1400 2526 2 0.00085102 1.3118
1450 2092 1.8 0.000862196 1.25826
1500 1648 1.5 0.000851615 1.17928
1550 1234 1.2 0.000823155 1.09347
1600 878 1 0.000783317 1.06156
1650 592 0.6 0.000737956 0.820666
1700 378 0.4 0.000688255 0.678627
1750 230 0.3 0.000637139 0.613899
1800 132 0.2 0.000587727 0.502795
1850 72 0.1 0.000542953 0.312735
1900 36 0 0.000504261 0.018158
1950 18 0 0.000472563 0.00850815
2000 0 0 0.000447458 0

total neg_log_likelihood: 17.7881


Year 2009
class scanned recaptured expected_prop neg_log_likelihood
100 0 0 0 0
150 0 0 0 0
200 0 0 0 0
250 0 0 0 0
300 0 0 0 0
350 0 0 6.98996e-013 0
400 0 0 9.22879e-011 0
450 0 0 2.86723e-009 0
500 0 0 2.92875e-008 0
550 2 0 6.22081e-008 1.24416e-007
600 8 0 1.24608e-007 9.96865e-007
650 20 0 3.09529e-007 6.19058e-006
700 50 0 7.34664e-007 3.67332e-005
750 112 0 1.75232e-006 0.00019626
800 230 0 4.17766e-006 0.000960865
850 426 0 9.55312e-006 0.00406965
900 722 0 2.05832e-005 0.0148612
950 1124 0.2 4.14271e-005 0.574497
1000 1606 0.2 7.71339e-005 0.456136
1050 2120 0.4 0.000131918 0.669626
1100 2602 0.6 0.000207325 0.797066
1150 2984 0.9 0.000301419 0.95569
1200 3216 1.2 0.000408193 1.08296
1250 3274 1.5 0.00051832 1.18816
1300 3160 1.7 0.000621105 1.25092
1350 2894 1.9 0.000707107 1.28839
1400 2520 1.9 0.00076968 1.28338
1450 2090 1.7 0.000806476 1.23241
1500 1648 1.5 0.000820752 1.18379
1550 1234 1.1 0.000814608 1.04449
1600 878 0.8 0.000793053 0.914346
1650 594 0.6 0.00076178 0.815203
1700 380 0.4 0.000722237 0.671526
1750 230 0.2 0.000677866 0.441801
1800 132 0.1 0.000632491 0.281543
1850 72 0 0.000589844 0.0424813
1900 36 0 0.00055197 0.0198764
1950 18 0 0.000520465 0.00937081
2000 0 0 0.00049495 0

total neg_log_likelihood: 16.2238


Year 2010
class scanned recaptured expected_prop neg_log_likelihood
100 0 0 0 0
150 0 0 0 0
200 0 0 0 0
250 0 0 0 0
300 0 0 0 0
350 0 0 6.98882e-017 0
400 0 0 1.01153e-011 0
450 0 0 6.66073e-010 0
500 0 0 1.74718e-008 0
550 2 0 4.6428e-008 9.2856e-008
600 8 0 8.21188e-008 6.56951e-007
650 20 0 1.96624e-007 3.93248e-006
700 48 0 4.53027e-007 2.17453e-005
750 110 0 1.05578e-006 0.000116135
800 224 0 2.48512e-006 0.000556667
850 418 0 5.68554e-006 0.00237656
900 712 0 1.24289e-005 0.00884943
950 1112 0.1 2.56987e-005 0.334177
1000 1600 0.2 4.96092e-005 0.500658
1050 2128 0.3 8.8415e-005 0.581064
1100 2624 0.5 0.000144991 0.742774
1150 3014 0.7 0.000219694 0.85481
1200 3246 1 0.000309597 0.999858
1250 3292 1.2 0.000408847 1.0862
1300 3162 1.4 0.000509254 1.15995
1350 2886 1.6 0.00060164 1.21063
1400 2510 1.6 0.000678383 1.20825
1450 2078 1.5 0.000734238 1.17634
1500 1640 1.3 0.000769546 1.11328
1550 1230 1.1 0.000784672 1.04917
1600 876 0.8 0.000782643 0.916036
1650 592 0.6 0.000768162 0.814473
1700 380 0.4 0.000742113 0.668217
1750 230 0.2 0.000707746 0.440045
1800 132 0.2 0.000669204 0.487575
1850 72 0 0.000630887 0.0454382
1900 36 0 0.000595515 0.0214449
1950 18 0 0.000565378 0.0101797
2000 0 0 0.000540393 0

total neg_log_likelihood: 15.4325


Tags2006_R1_R1 :
tag-recapture data for tag Tags2006_R1 in years 2007 2008 2009 2010 , step 1, after proportion 0.5 of mortality, with sampling method size, detection probability 1.
Year 2007
class scanned recaptured expected_prop neg_log_likelihood
100 0 0 0 0
150 0 0 0 0
200 0 0 2.1742e-016 0
250 0 0 9.93911e-012 0
300 0 0 1.18254e-010 0
350 0 0 1.06446e-009 0
400 0 0 9.30957e-009 0
450 0 0 5.65611e-008 0
500 0 0 1.61305e-007 0
550 2 0 3.81871e-007 7.63743e-007
600 8 0 1.09411e-006 8.75288e-006
650 22 0 3.04453e-006 6.69797e-005
700 52 0 7.48912e-006 0.000389436
750 116 0 1.7257e-005 0.00200182
800 232 0 3.73481e-005 0.00866492
850 422 0 7.38464e-005 0.0311643
900 710 0.2 0.000132943 0.480947
950 1096 0.3 0.000219422 0.559704
1000 1568 0.6 0.000333398 0.799157
1050 2078 0.9 0.000467263 0.958284
1100 2564 1.3 0.000608342 1.13582
1150 2958 1.7 0.000741192 1.29249
1200 3208 2.1 0.000850129 1.40743
1250 3282 2.4 0.000925439 1.463
1300 3178 2.5 0.000964026 1.46527
1350 2916 2.3 0.000968212 1.42287
1400 2538 2.1 0.000944092 1.34801
1450 2100 1.7 0.000899733 1.24219
1500 1650 1.3 0.000844275 1.1159
1550 1234 0.9 0.000782013 0.957717
1600 876 0.6 0.000718647 0.794265
1650 592 0.3 0.000657633 0.563904
1700 380 0.2 0.000598338 0.437969
1750 230 0.1 0.000542165 0.282796
1800 132 0 0.000491014 0.0648298
1850 72 0 0.000446472 0.0321531
1900 38 0 0.000409426 0.0155614
1950 18 0 0.000379396 0.00683042
2000 0 0 0.000356631 0

total neg_log_likelihood: 17.8894


Year 2008
class scanned recaptured expected_prop neg_log_likelihood
100 0 0 0 0
150 0 0 0 0
200 0 0 0 0
250 0 0 9.73444e-016 0
300 0 0 4.63678e-012 0
350 0 0 1.57361e-010 0
400 0 0 2.55142e-009 0
450 0 0 2.35539e-008 0
500 0 0 7.65806e-008 0
550 2 0 1.60082e-007 3.20163e-007
600 8 0 4.13785e-007 3.31028e-006
650 20 0 1.13615e-006 2.27229e-005
700 52 0 2.86969e-006 0.000149224
750 114 0 6.97821e-006 0.000795519
800 232 0 1.62325e-005 0.00376597
850 430 0 3.48489e-005 0.0149853
900 724 0.2 6.84404e-005 0.565006
950 1116 0.2 0.00012321 0.448864
1000 1590 0.4 0.00020347 0.655181
1050 2098 0.7 0.000308489 0.855795
1100 2582 1.1 0.000431926 1.04049
1150 2974 1.6 0.000562964 1.20681
1200 3216 2 0.000686972 1.31679
1250 3282 2.3 0.000790379 1.3884
1300 3168 2.6 0.000864391 1.43174
1350 2902 2.7 0.000905167 1.44684
1400 2526 2.5 0.000914297 1.41741
1450 2092 2.3 0.000897291 1.41531
1500 1648 1.8 0.000862517 1.30464
1550 1234 1.5 0.000814801 1.28146
1600 878 1.1 0.000760876 1.1567
1650 592 0.7 0.000705697 0.932413
1700 378 0.5 0.000649571 0.826332
1750 230 0.3 0.000594632 0.624843
1800 132 0.2 0.000543315 0.512653
1850 72 0.1 0.000497863 0.318161
1900 36 0 0.000459357 0.0165407
1950 18 0 0.000428036 0.00770629
2000 0 0 0.000403783 0

total neg_log_likelihood: 20.1898


Year 2009
class scanned recaptured expected_prop neg_log_likelihood
100 0 0 0 0
150 0 0 0 0
200 0 0 0 0
250 0 0 0 0
300 0 0 4.54434e-016 0
350 0 0 1.65474e-011 0
400 0 0 5.67923e-010 0
450 0 0 9.20243e-009 0
500 0 0 4.63096e-008 0
550 2 0 9.1952e-008 1.83904e-007
600 8 0 2.08659e-007 1.66927e-006
650 20 0 5.43181e-007 1.08636e-005
700 50 0 1.33586e-006 6.67931e-005
750 112 0 3.25279e-006 0.000364313
800 230 0 7.77022e-006 0.00178716
850 426 0 1.74684e-005 0.00744159
900 722 0 3.64051e-005 0.026285
950 1124 0.2 7.00441e-005 0.50162
1000 1606 0.3 0.000123854 0.575116
1050 2120 0.5 0.000200756 0.731828
1100 2602 0.7 0.000299422 0.85789
1150 2984 0.9 0.000414187 1.00617
1200 3216 1.2 0.000534773 1.16596
1250 3274 1.4 0.00064849 1.28582
1300 3160 1.6 0.000744094 1.34061
1350 2894 1.7 0.000813618 1.33337
1400 2520 1.5 0.000853586 1.28658
1450 2090 1.3 0.000865657 1.1924
1500 1648 1.1 0.000855867 1.07729
1550 1234 0.8 0.000828045 0.933161
1600 878 0.6 0.000788666 0.800033
1650 594 0.4 0.000743582 0.6486
1700 380 0.3 0.00069398 0.555013
1750 230 0.1 0.000642807 0.28892
1800 132 0.1 0.000593218 0.28277
1850 72 0 0.000548202 0.0394814
1900 36 0 0.000509242 0.0183374
1950 18 0 0.000477292 0.0085933
2000 0 0 0.000451961 0

total neg_log_likelihood: 15.9655


Year 2010
class scanned recaptured expected_prop neg_log_likelihood
100 0 0 0 0
150 0 0 0 0
200 0 0 0 0
250 0 0 0 0
300 0 0 0 0
350 0 0 7.13667e-013 0
400 0 0 9.43409e-011 0
450 0 0 2.8635e-009 0
500 0 0 2.9173e-008 0
550 2 0 6.2214e-008 1.24428e-007
600 8 0 1.24457e-007 9.95655e-007
650 20 0 3.09173e-007 6.18346e-006
700 48 0 7.33826e-007 3.52236e-005
750 110 0 1.75025e-006 0.000192528
800 224 0 4.17226e-006 0.000934588
850 418 0 9.53904e-006 0.00398734
900 712 0 2.0549e-005 0.014631
950 1112 0.1 4.13532e-005 0.304013
1000 1600 0.3 7.69965e-005 0.643133
1050 2128 0.4 0.000131702 0.669371
1100 2624 0.7 0.000207043 0.874435
1150 3014 1 0.000301125 1.00439
1200 3246 1.4 0.000407988 1.14771
1250 3292 1.9 0.000518358 1.29365
1300 3162 2.2 0.000621576 1.36393
1350 2886 2.4 0.000708194 1.42018
1400 2510 2.4 0.000771515 1.44227
1450 2078 2.3 0.000809117 1.47292
1500 1640 1.9 0.000824175 1.38151
1550 1230 1.6 0.000818731 1.35272
1600 876 1.2 0.000797754 1.22525
1650 592 0.8 0.000766916 1.01406
1700 380 0.6 0.000727649 0.934575
1750 230 0.3 0.000683393 0.603506
1800 132 0.2 0.000637994 0.493011
1850 72 0.1 0.000595228 0.307303
1900 36 0 0.000557179 0.020064
1950 18 0 0.00052549 0.0094613
2000 0 0 0.000499794 0

total neg_log_likelihood: 18.9972


Tags2007_R1_R1 :
tag-recapture data for tag Tags2007_R1 in years 2008 2009 2010 , step 1, after proportion 0.5 of mortality, with sampling method size, detection probability 1.
Year 2008
class scanned recaptured expected_prop neg_log_likelihood
100 0 0 0 0
150 0 0 0 0
200 0 0 2.1312e-016 0
250 0 0 8.39444e-012 0
300 0 0 1.00347e-010 0
350 0 0 1.01513e-009 0
400 0 0 9.0415e-009 0
450 0 0 5.48925e-008 0
500 0 0 1.56346e-007 0
550 2 0 3.68798e-007 7.37597e-007
600 8 0 1.05564e-006 8.44515e-006
650 20 0 2.94978e-006 5.89956e-005
700 52 0 7.29698e-006 0.000379444
750 114 0 1.69007e-005 0.0019267
800 232 0 3.67224e-005 0.00851975
850 430 0.2 7.28061e-005 0.638518
900 724 0.3 0.000131316 0.692654
950 1116 0.6 0.000217046 0.980157
1000 1590 1 0.000330216 1.16907
1050 2098 1.4 0.00046343 1.22821
1100 2582 1.9 0.000604265 1.31757
1150 2974 2.3 0.000737505 1.37358
1200 3216 2.6 0.000847598 1.43114
1250 3282 2.9 0.000924785 1.48253
1300 3168 2.8 0.000965773 1.47429
1350 2902 2.6 0.000972595 1.43716
1400 2526 2.2 0.00095104 1.35914
1450 2092 1.8 0.00090893 1.26102
1500 1648 1.4 0.000855269 1.14541
1550 1234 1 0.000794306 0.999794
1600 878 0.8 0.000731749 0.924891
1650 592 0.5 0.000671141 0.737632
1700 378 0.3 0.000611878 0.56195
1750 230 0.2 0.00055543 0.453489
1800 132 0.1 0.000503786 0.287309
1850 72 0 0.000458646 0.0330301
1900 36 0 0.000420978 0.0151584
1950 18 0 0.000390385 0.00702831
2000 0 0 0.000367127 0

total neg_log_likelihood: 21.0216


Year 2009
class scanned recaptured expected_prop neg_log_likelihood
100 0 0 0 0
150 0 0 0 0
200 0 0 0 0
250 0 0 9.54168e-016 0
300 0 0 3.91569e-012 0
350 0 0 1.45195e-010 0
400 0 0 2.49246e-009 0
450 0 0 2.3088e-008 0
500 0 0 7.53612e-008 0
550 2 0 1.5756e-007 3.1512e-007
600 8 0 4.05252e-007 3.24202e-006
650 20 0 1.1115e-006 2.22299e-005
700 50 0 2.80944e-006 0.000140472
750 112 0 6.8453e-006 0.000766677
800 230 0 1.59618e-005 0.00367123
850 426 0 3.4344e-005 0.0146308
900 722 0.2 6.75758e-005 0.56734
950 1124 0.4 0.000121844 0.81244
1000 1606 0.6 0.000201499 0.887787
1050 2120 1 0.00030592 1.08136
1100 2602 1.5 0.000428937 1.23576
1150 2984 2.1 0.000559923 1.37992
1200 3216 2.5 0.000684424 1.4293
1250 3274 2.9 0.000788953 1.49819
1300 3160 3.1 0.000864674 1.53465
1350 2894 3 0.000907585 1.5208
1400 2520 2.8 0.000919027 1.51027
1450 2090 2.4 0.000904257 1.45406
1500 1648 2 0.000871467 1.40484
1550 1234 1.5 0.000825371 1.27517
1600 878 1 0.000772646 1.06592
1650 594 0.7 0.000718285 0.926562
1700 380 0.4 0.000662595 0.683346
1750 230 0.2 0.000607742 0.447516
1800 132 0.2 0.000556232 0.509657
1850 72 0 0.000510414 0.0367592
1900 36 0 0.000471456 0.0169764
1950 18 0 0.000439688 0.00791613
2000 0 0 0.000415018 0

total neg_log_likelihood: 21.3058


Year 2010
class scanned recaptured expected_prop neg_log_likelihood
100 0 0 0 0
150 0 0 0 0
200 0 0 0 0
250 0 0 0 0
300 0 0 4.45431e-016 0
350 0 0 1.40463e-011 0
400 0 0 5.5012e-010 0
450 0 0 9.03742e-009 0
500 0 0 4.56925e-008 0
550 2 0 9.12041e-008 1.82408e-007
600 8 0 2.05975e-007 1.6478e-006
650 20 0 5.35385e-007 1.07077e-005
700 48 0 1.31559e-006 6.31482e-005
750 110 0 3.20336e-006 0.00035237
800 224 0 7.65767e-006 0.00171532
850 418 0 1.72352e-005 0.00720439
900 712 0.1 3.59656e-005 0.342156
950 1112 0.2 6.92875e-005 0.504257
1000 1600 0.4 0.000122672 0.727846
1050 2128 0.7 0.000199097 0.92887
1100 2624 0.9 0.000297343 0.964427
1150 3014 1.2 0.000411885 1.07866
1200 3246 1.6 0.000532589 1.21008
1250 3292 1.8 0.000646893 1.28536
1300 3162 1.9 0.000743605 1.32946
1350 2886 2 0.000814713 1.33418
1400 2510 1.9 0.000856586 1.29812
1450 2078 1.7 0.000870673 1.23571
1500 1640 1.4 0.000862833 1.14545
1550 1230 1.1 0.000836761 1.04253
1600 876 0.8 0.000798831 0.913837
1650 592 0.6 0.000754888 0.817076
1700 380 0.3 0.000706085 0.554425
1750 230 0.2 0.000655358 0.443379
1800 132 0.1 0.000605901 0.282329
1850 72 0 0.000560786 0.0403879
1900 36 0 0.000521582 0.0187819
1950 18 0 0.000489338 0.00881025
2000 0 0 0.0004637 0

total neg_log_likelihood: 17.5155


Tags2008_R1_R1 :
tag-recapture data for tag Tags2008_R1 in years 2009 2010 , step 1, after proportion 0.5 of mortality, with sampling method size, detection probability 1.
Year 2009
class scanned recaptured expected_prop neg_log_likelihood
100 0 0 0 0
150 0 0 0 0
200 0 0 2.13204e-016 0
250 0 0 8.18028e-012 0
300 0 0 9.16076e-011 0
350 0 0 9.5119e-010 0
400 0 0 8.79841e-009 0
450 0 0 5.38005e-008 0
500 0 0 1.52856e-007 0
550 2 0 3.58483e-007 7.16967e-007
600 8 0 1.02223e-006 8.17781e-006
650 20 0 2.85676e-006 5.71352e-005
700 50 0 7.08687e-006 0.000354345
750 112 0 1.64876e-005 0.00184662
800 230 0 3.60055e-005 0.00828142
850 426 0.1 7.17255e-005 0.329393
900 722 0.2 0.000129905 0.481623
950 1124 0.5 0.00021545 0.830257
1000 1606 0.8 0.000328689 0.967682
1050 2120 1.1 0.0004623 1.0474
1100 2602 1.6 0.000603833 1.20536
1150 2984 2.1 0.000737993 1.33136
1200 3216 2.4 0.000849092 1.41173
1250 3274 2.6 0.000927235 1.46112
1300 3160 2.5 0.000969038 1.46499
1350 2894 2.4 0.000976488 1.42467
1400 2520 2.1 0.000955375 1.34945
1450 2090 1.7 0.000913542 1.24427
1500 1648 1.3 0.000860016 1.11772
1550 1234 0.9 0.000799085 0.959349
1600 878 0.6 0.000736479 0.795286
1650 594 0.4 0.000675759 0.646569
1700 380 0.2 0.000616337 0.438882
1750 230 0.2 0.000559694 0.45294
1800 132 0.1 0.000507829 0.287043
1850 72 0 0.000462461 0.0333049
1900 36 0 0.000424575 0.0152879
1950 18 0 0.000393785 0.00708952
2000 0 0 0.000370364 0

total neg_log_likelihood: 19.3133


Year 2010
class scanned recaptured expected_prop neg_log_likelihood
100 0 0 0 0
150 0 0 0 0
200 0 0 0 0
250 0 0 9.54516e-016 0
300 0 0 3.81567e-012 0
350 0 0 1.32365e-010 0
400 0 0 2.40134e-009 0
450 0 0 2.27525e-008 0
500 0 0 7.45735e-008 0
550 2 0 1.5535e-007 3.10701e-007
600 8 0 3.97901e-007 3.18321e-006
650 20 0 1.08912e-006 2.17824e-005
700 48 0 2.75136e-006 0.000132065
750 110 0 6.71092e-006 0.000738204
800 224 0 1.56849e-005 0.00351344
850 418 0.1 3.38495e-005 0.389976
900 712 0.2 6.68112e-005 0.571184
950 1112 0.5 0.000120815 1.01707
1000 1600 0.8 0.0002003 1.15957
1050 2128 1.2 0.000304748 1.26495
1100 2624 1.6 0.000428051 1.29446
1150 3014 2.1 0.000559595 1.37595
1200 3246 2.4 0.000684874 1.3977
1250 3292 2.6 0.000790292 1.4282
1300 3162 2.6 0.000866898 1.43188
1350 2886 2.3 0.000910599 1.3924
1400 2510 1.9 0.000922682 1.32281
1450 2078 1.5 0.000908389 1.21901
1500 1640 1.1 0.00087591 1.0832
1550 1230 0.8 0.000829986 0.932959
1600 876 0.5 0.000777322 0.75203
1650 592 0.3 0.000722934 0.574168
1700 380 0.2 0.000667152 0.442349
1750 230 0.1 0.000612162 0.286755
1800 132 0 0.000560479 0.0740039
1850 72 0 0.000514475 0.0370517
1900 36 0 0.000475329 0.0171159
1950 18 0 0.000443392 0.00798282
2000 0 0 0.000418574 0

total neg_log_likelihood: 19.4772


Tags2009_R1_R1 :
tag-recapture data for tag Tags2009_R1 in years 2010 , step 1, after proportion 0.5 of mortality, with sampling method size, detection probability 1.
Year 2010
class scanned recaptured expected_prop neg_log_likelihood
100 0 0 0 0
150 0 0 0 0
200 0 0 2.13338e-016 0
250 0 0 8.20475e-012 0
300 0 0 9.44203e-011 0
350 0 0 9.91061e-010 0
400 0 0 9.03808e-009 0
450 0 0 5.48499e-008 0
500 0 0 1.5557e-007 0
550 2 0 3.65906e-007 7.31812e-007
600 8 0 1.04648e-006 8.37184e-006
650 20 0 2.92775e-006 5.85551e-005
700 48 0 7.26194e-006 0.000348574
750 110 0 1.6874e-005 0.00185616
800 224 0 3.67764e-005 0.00823805
850 418 0.2 7.30863e-005 0.642649
900 712 0.3 0.000132033 0.694965
950 1112 0.6 0.000218428 0.97917
1000 1600 0.9 0.000332431 1.06085
1050 2128 1.5 0.000466499 1.28808
1100 2624 2.1 0.000608033 1.40144
1150 3014 2.6 0.000741674 1.45642
1200 3246 3.1 0.000851797 1.5305
1250 3292 3.3 0.000928684 1.54998
1300 3162 3.2 0.000969158 1.52892
1350 2886 2.9 0.000975395 1.48069
1400 2510 2.4 0.000953312 1.39074
1450 2078 1.9 0.00091081 1.2829
1500 1640 1.4 0.000856879 1.14538
1550 1230 0.9 0.000795784 0.958739
1600 876 0.6 0.000733189 0.794985
1650 592 0.4 0.000672582 0.64657
1700 380 0.2 0.000613359 0.438718
1750 230 0.1 0.000556962 0.283507
1800 132 0 0.000505355 0.0667238
1850 72 0 0.000460223 0.0331437
1900 36 0 0.000422539 0.0152146
1950 18 0 0.000391904 0.00705565
2000 0 0 0.000368609 0

total neg_log_likelihood: 20.6878


Output quantities start here

* Scalar parameter values
initialization.B0 49980

* Vector parameter values
recruitment.YCS 1 1 1 1 1 1 1 1 1 1 1 1 1 1 1 1 1 1 1 1 1 

* Nuisance q's

* B0
49980

* R0
888014

* SSBs
SSB 49980 49583.4 49155.3 48700.6 48225.9 47739.4 47250.2 46767.5 46299.9 45854.7 45437 45049.8 44694.3 44369.9 44075.2 43804.6 43558.6 43334.6 43130.3 42943.8 42776.4 
year 1990 1991 1992 1993 1994 1995 1996 1997 1998 1999 2000 2001 2002 2003 2004 2005 2006 2007 2008 2009 2010 

* recruitments
recruitment 888014 888014 887423 886774 886074 885331 884555 883759 882960 882171 881406 880676 879989 879348 878755 878210 877703 877237 876809 876415 876053 
year 1990 1991 1992 1993 1994 1995 1996 1997 1998 1999 2000 2001 2002 2003 2004 2005 2006 2007 2008 2009 2010 

* YCS
YCS 1 1 1 1 1 1 1 1 1 1 1 1 1 1 1 1 1 1 1 1 1 
year 1989 1990 1991 1992 1993 1994 1995 1996 1997 1998 1999 2000 2001 2002 2003 2004 2005 2006 2007 2008 2009 

* true_YCS
true_YCS 1 1 0.999334 0.998604 0.997815 0.996978 0.996104 0.995209 0.994308 0.99342 0.992559 0.991737 0.990963 0.990241 0.989573 0.988959 0.988388 0.987864 0.987382 0.986938 0.98653 
year 1989 1990 1991 1992 1993 1994 1995 1996 1997 1998 1999 2000 2001 2002 2003 2004 2005 2006 2007 2008 2009 

* fishing_pressures
pressure 0 0.0167541 0.0169694 0.0171734 0.0173606 0.0175278 0.0176741 0.0177996 0.0179056 0.0179943 0.0180681 0.0181295 0.0181808 0.018224 0.0182608 0.0182927 0.018323 0.0183505 0.0183758 0.0183992 0.0184211 
year 1990 1991 1992 1993 1994 1995 1996 1997 1998 1999 2000 2001 2002 2003 2004 2005 2006 2007 2008 2009 2010 

* Numbers_at_age_R1
1990  833888 732233 642971 564589 495763 435328 382259 335660 294742 258811 227261 199557 175230 153869 135111 118641 104178 91478 80326.4 70534.3 61935.8 54385.6 47755.7 41934.1 36822.1 32333.3 28391.8 24930.7 21891.5 19222.8 16879.5 14821.8 13015 11428.4 82320.1 
1991  833888 732233 642969 564581 495712 435114 381630 334345 292800 256784 225493 198036 173940 152790 134221 117916 103597 91018.2 79967.5 70258 61726.1 54228.6 47639.8 41849.7 36761.5 32290.4 28361.8 24910 21877.5 19213.4 16873.3 14817.7 13012.3 11426.7 82311.7 
1992  833332 732233 642969 564579 495696 435016 381222 333151 290323 253140 221693 194722 171089 150371 132197 116246 102237 89926.6 79103.2 69583.1 61206.4 53833.8 47344.1 41631.3 36602.4 32176.1 28280.8 24853.4 21838.5 19186.9 16855.5 14806 13004.7 11421.8 82292.5 
1993  832724 731745 642969 564579 495693 434998 381125 332771 289245 250950 218501 191400 168192 147878 130080 114473 100773 88733.4 78144.4 68823.2 60612.4 53376 46996.1 41370.4 36409.6 32035.6 28179.8 24781.9 21788.5 19152.5 16832.1 14790.3 12994.3 11415 82271.2 
1994  832066 731211 642541 564578 495692 434993 381100 332664 288878 249973 216567 188607 165291 145346 127901 112622 99221.1 87450.6 77098.2 67981.7 59944.8 52853.7 46593.2 41064 36179.8 31865.6 28055.9 24692.8 21725.3 19108.3 16801.7 14769.6 12980.5 11405.9 82246.3 
1995  831368 730633 642072 564202 495691 434989 381087 332622 288752 249615 215685 186904 162851 142816 125692 110719 97603.2 86093.6 75975.3 67065.1 59206.9 52267.9 46134.6 40709.9 35910.3 31663.4 27906.2 24583.6 21646.8 19052.7 16762.8 14742.8 12962.2 11393.7 82216.2 
1996  830639 730020 641565 563790 495361 434986 381076 332593 288685 249469 215341 186114 161356 140687 123486 108793 95942.5 84680.7 74789.1 66082.6 58404.2 51621.1 45620.7 40307.3 35599.3 31426.6 27728.5 24452.1 21550.8 18983.6 16713.8 14708.6 12938.7 11377.6 82178.9 
1997  829892 729380 641026 563345 494998 434694 381067 332568 288634 249381 215186 185792 160652 139377 121631 106871 94263.3 83231.9 73555.4 65046 57544.9 50918.5 45054.1 39856.7 35246.1 31153.6 27520.5 24295.9 21435.2 18899.3 16653.1 14665.6 12908.6 11356.9 82131.9 
1998  829142 728725 640464 562872 494607 434374 380805 332547 288591 249310 215084 185637 160356 138754 120486 105255 92590.5 81768.7 72291.8 63969 56639.1 50166.9 44439 39360.4 34851.1 30843.8 27281 24113.3 21298.1 18797.7 16579 14612.2 12870.7 11330.4 82072.4 
1999  828401 728065 639889 562378 494191 434029 380520 332308 288554 249250 215001 185530 160206 138486 119937 104256 91183.5 80312.1 71016.6 62866.7 55698.7 49375.2 43781.6 38822 34416.3 30497.6 27009.3 23903.1 21137.8 18677.3 16489.8 14547.1 12823.9 11297.2 81996.7 
2000  827683 727415 639310 561873 493758 433664 380214 332050 288332 249199 214932 185444 160102 138346 119697 103774 90312.6 79087.3 69748.1 61755 54736.8 48553.8 43089.5 38246.7 33944.9 30116.6 26705.8 23664.8 20953.4 18536.7 16384.1 14468.8 12766.7 11256.1 81901.1 
2001  826997 726784 638738 561364 493314 433282 379891 331776 288095 248991 214874 185371 160017 138247 119569 103560 89890.4 78328.2 68681.4 60649.6 53767.1 47714 42371.6 37641.4 33441.4 29703.7 26371.9 23398.7 20744.4 18374.9 16260.7 14376 12698 11205.9 81780.9 
2002  826352 726182 638185 560863 492867 432891 379554 331487 287847 248774 214682 185310 159945 138166 119477 103445 89701 77958.9 68019.8 59720.3 52803.3 46867.6 41637.9 37013.7 32911.6 29262.8 26010 23106 20511 18191.5 16118.7 14267.7 12616.5 11145.5 81631.3 
2003  825750 725615 637656 560377 492427 432499 379209 331188 287587 248548 214484 185136 159885 138098 119402 103361 89597.6 77792.2 67697.2 59143.5 51993 46026.6 40898.6 36372.2 32362.4 28799 25623.8 22788.9 20254.3 17986.8 15957.8 14143.1 12521.4 11074 81447 
2004  825193 725087 637158 559913 492000 432112 378864 330883 287320 248315 214281 184958 159728 138041 119339 103293 89522.7 77700.3 67550.7 58861.6 51489.8 45319.5 40164.2 35726 31801.3 28318.2 25217.5 22450.3 19976.3 17761.6 15778.2 14001.9 12412.1 10990.6 81222.3 
2005  824681 724598 636694 559475 491592 431735 378518 330567 287033 248059 214057 184763 159559 137892 119279 103229 89456.2 77629.6 67466.4 58730.8 51241.9 44879 39545.7 35083.4 31235.5 27826.6 24796.1 22094.1 19679.3 17517.6 15580.6 13844.2 12288.1 10894.5 80951.7 
2006  824205 724148 636265 559068 491208 431376 378185 330257 286742 247787 213811 184548 159371 137729 119137 103166 89392.4 77565 67399.6 58653.4 51124.8 44660.4 39159.5 34541.8 30672.7 27330.8 24365.1 21724.5 19366.8 17257 15366.4 13670.8 12149.7 10785.7 80629.6 
2007  823768 723731 635870 558691 490850 431039 377870 329963 286467 247528 213569 184329 159180 137563 118991 103040 89334.7 77507.3 67341.6 58593.8 51056.2 44557.5 38968.2 34204 30198.8 26838.1 23930.8 21346.8 19042.7 16982.9 15137.8 13482.8 11997.5 10664.2 80251.3 
2008  823366 723347 635503 558344 490519 430725 377573 329685 286207 247285 213339 184114 158985 137392 118843 102911 89222.3 77454.9 67289.7 58542 51003.3 44497 38877.8 34036.4 29903.2 26423.2 23499.2 20966.2 18711.6 16698.7 14897.3 13282.2 11832.5 10530.6 79812.5 
2009  822996 722994 635166 558022 490214 430434 377296 329423 285961 247055 213124 183910 158794 137219 118692 102779 89108 77355.4 67242.6 58495.5 50957.2 44450 38824.3 33957 29756.3 26164.3 23135.8 20587.9 18377.8 16408.2 14647.9 13071.2 11656.4 10385.8 79310 
2010  822655 722669 634856 557726 489932 430168 377045 329190 285746 246854 212935 183733 158625 137060 118547 102652 88996.8 77258.4 67157.7 58455.7 50917.6 44410.4 38783.8 33910.6 29687.1 26035.9 22909.2 20269.6 18046.3 16115.6 14393.1 12852.4 11471.2 10231.2 78741.7 

Output quantities finish here

Unused parameters:
annual_cycle.fishery_areas annual_cycle.n_migrations annual_cycle.recruitment_areas annual_cycle.spawning_all_areas area_names recruitment.p_male recruitment.year_range tag[Tags2005_R1_LL].area tag[Tags2005_R1_LL].sex tag[Tags2006_R1_LL].area tag[Tags2006_R1_LL].sex tag[Tags2007_R1_LL].area tag[Tags2007_R1_LL].sex tag[Tags2008_R1_LL].area tag[Tags2008_R1_LL].sex tag[Tags2009_R1_LL].area tag[Tags2009_R1_LL].sex MCMC.adapt_at MCMC.adaptive_stepsize MCMC.burn_in MCMC.keep MCMC.length MCMC.start MCMC.stepsize estimate[1].lower_bound estimate[1].prior estimate[1].upper_bound profile[1].l profile[1].n profile[1].parameter profile[1].u tag_recapture[Tags2005_R1_R1].area tag_recapture[Tags2006_R1_R1].area tag_recapture[Tags2007_R1_R1].area tag_recapture[Tags2008_R1_R1].area tag_recapture[Tags2009_R1_R1].area n_projections numbers_at[Numbers_at_age_R1].area print.yields 
