CASAL (C++ algorithmic stock assessment laboratory)
Call: casal -e -O C:/Users/STA384/Documents/GitHub/planetfish2_bugs/Output/TOA_bug_2/casalout_mpd.dat -f C:/Users/STA384/Documents/GitHub/planetfish2_bugs/Output/TOA_bug_2/casal_ 
Date: Tue Jun 18 18:35:20 2019
v2.30-2012-03-21 00:22:59 UTC (rev.4648)  (c) Copyright 2002-2012, NIWA
User name: sta384
Machine name: MACKEREL-HF (Microsoft Windows, PID=11640)

Prefix for the input parameter filenames : C:/Users/STA384/Documents/GitHub/planetfish2_bugs/Output/TOA_bug_2/casal_

Random number seed : 46920

Estimation parameters:
Stored as strings: 
  MCMC.adapt_at                 	1e+05 2e+05 3e+05 4e+05
  MCMC.adaptive_stepsize        	True
  MCMC.burn_in                  	500
  MCMC.keep                     	1000
  MCMC.length                   	1500000
  MCMC.start                    	0
  MCMC.stepsize                 	0.01
  ageing_error.c                	0
  ageing_error.type             	normal
  catch_at[LL_catchA].2000      	0 0 0 0.001 0.003 0.024 0.057 0.117 0.154 0.15 0.132 0.085 0.058 0.055 0.035 0.029 0.022 0.019 0.015 0.012 0.007 0.006 0.002 0.005 0.005 0.002 0.003 0 0 0.002 0 0 0 0 0
  catch_at[LL_catchA].2001      	0 0 0 0.001 0.004 0.025 0.049 0.12 0.159 0.175 0.112 0.1 0.068 0.036 0.042 0.023 0.02 0.01 0.011 0.01 0.009 0.005 0.006 0.002 0.004 0.004 0.003 0.001 0 0 0 0.001 0 0 0
  catch_at[LL_catchA].2002      	0 0 0 0.001 0.003 0.021 0.057 0.129 0.157 0.177 0.11 0.088 0.053 0.051 0.04 0.026 0.024 0.014 0.01 0.008 0.013 0.004 0.004 0.001 0.002 0.001 0.004 0.001 0 0 0 0 0 0 0.001
  catch_at[LL_catchA].2003      	0 0 0 0.001 0.003 0.023 0.068 0.117 0.162 0.18 0.13 0.088 0.061 0.042 0.034 0.023 0.022 0.009 0.008 0.005 0.006 0.002 0.004 0.001 0.002 0.003 0.001 0.001 0.001 0.001 0 0 0 0.001 0.001
  catch_at[LL_catchA].2004      	0 0 0 0 0.003 0.02 0.053 0.146 0.175 0.153 0.123 0.095 0.073 0.036 0.032 0.024 0.023 0.009 0.011 0.008 0.005 0.002 0.005 0 0 0.003 0 0 0 0 0 0.001 0 0 0
  catch_at[LL_catchA].2005      	0 0 0 0.003 0.008 0.025 0.074 0.146 0.179 0.138 0.115 0.084 0.057 0.047 0.026 0.022 0.028 0.012 0.006 0.005 0.005 0.004 0.002 0.002 0.004 0.001 0 0.002 0.001 0.001 0.001 0.001 0 0 0.001
  catch_at[LL_catchA].2006      	0 0 0 0.001 0.004 0.026 0.071 0.122 0.195 0.168 0.107 0.062 0.056 0.045 0.042 0.027 0.021 0.011 0.01 0.003 0.007 0.006 0.003 0.002 0.006 0.003 0 0 0.001 0 0 0 0 0 0.001
  catch_at[LL_catchA].2007      	0 0 0 0 0.005 0.032 0.078 0.135 0.164 0.185 0.096 0.076 0.07 0.044 0.035 0.026 0.012 0.01 0.008 0.004 0.007 0.003 0.003 0.001 0.002 0.002 0.002 0 0 0 0 0 0 0 0
  catch_at[LL_catchA].2008      	0 0 0.001 0.002 0.009 0.017 0.08 0.131 0.174 0.152 0.118 0.096 0.061 0.042 0.036 0.019 0.016 0.009 0.011 0.009 0.007 0.002 0 0.003 0.001 0.001 0 0 0.001 0.001 0 0 0.001 0 0
  catch_at[LL_catchA].2009      	0 0 0 0 0.005 0.02 0.063 0.132 0.186 0.172 0.123 0.081 0.054 0.054 0.03 0.013 0.016 0.017 0.011 0.005 0.005 0.001 0.005 0.002 0.003 0.002 0 0 0 0 0 0 0 0 0
  catch_at[LL_catchA].2010      	0 0 0 0.004 0.004 0.022 0.055 0.153 0.195 0.176 0.103 0.079 0.069 0.034 0.034 0.015 0.012 0.012 0.005 0.007 0.007 0.003 0.004 0.001 0.001 0.001 0.001 0.001 0.001 0 0 0 0 0 0.001
  catch_at[LL_catchA].N_2000    	100
  catch_at[LL_catchA].N_2001    	100
  catch_at[LL_catchA].N_2002    	100
  catch_at[LL_catchA].N_2003    	100
  catch_at[LL_catchA].N_2004    	100
  catch_at[LL_catchA].N_2005    	100
  catch_at[LL_catchA].N_2006    	100
  catch_at[LL_catchA].N_2007    	100
  catch_at[LL_catchA].N_2008    	100
  catch_at[LL_catchA].N_2009    	100
  catch_at[LL_catchA].N_2010    	100
  catch_at[LL_catchA].at_size   	False
  catch_at[LL_catchA].dist      	multinomial
  catch_at[LL_catchA].fishery   	LL
  catch_at[LL_catchA].max_class 	35
  catch_at[LL_catchA].min_class 	1
  catch_at[LL_catchA].plus_group	True
  catch_at[LL_catchA].r         	1e-11
  catch_at[LL_catchA].sexed     	False
  catch_at[LL_catchA].sum_to_one	False
  catch_at[LL_catchA].years     	2000 2001 2002 2003 2004 2005 2006 2007 2008 2009 2010
  catch_limit_penalty[1].fishery	LL
  catch_limit_penalty[1].label  	LL_Penalty
  catch_limit_penalty[1].log_scale	True
  catch_limit_penalty[1].multiplier	1000
  estimate[1].lower_bound       	1
  estimate[1].parameter         	q[qLL].q
  estimate[1].phase             	1
  estimate[1].prior             	uniform
  estimate[1].upper_bound       	1
  estimate[2].lower_bound       	5000
  estimate[2].parameter         	initialization.B0
  estimate[2].prior             	uniform
  estimate[2].upper_bound       	5e+05
  estimate[3].cv                	1 1 1 1 1 1 1 1 1 1 1 1 1 1 1 1 1 1 1 1 1
  estimate[3].lower_bound       	1 1 1 1 1 1 1 1 1 1 1 1 1 1 1 1 1 1 1 1 1
  estimate[3].mu                	1 1 1 1 1 1 1 1 1 1 1 1 1 1 1 1 1 1 1 1 1
  estimate[3].parameter         	recruitment.YCS
  estimate[3].prior             	lognormal
  estimate[3].upper_bound       	1 1 1 1 1 1 1 1 1 1 1 1 1 1 1 1 1 1 1 1 1
  estimator                     	Bayes
  fish_tagged_penalty[1].label  	Penalty_Tags2005_R1_LL
  fish_tagged_penalty[1].multiplier	1
  fish_tagged_penalty[1].tagging_episode	Tags2005_R1_LL
  fish_tagged_penalty[2].label  	Penalty_Tags2006_R1_LL
  fish_tagged_penalty[2].multiplier	1
  fish_tagged_penalty[2].tagging_episode	Tags2006_R1_LL
  fish_tagged_penalty[3].label  	Penalty_Tags2007_R1_LL
  fish_tagged_penalty[3].multiplier	1
  fish_tagged_penalty[3].tagging_episode	Tags2007_R1_LL
  fish_tagged_penalty[4].label  	Penalty_Tags2008_R1_LL
  fish_tagged_penalty[4].multiplier	1
  fish_tagged_penalty[4].tagging_episode	Tags2008_R1_LL
  fish_tagged_penalty[5].label  	Penalty_Tags2009_R1_LL
  fish_tagged_penalty[5].multiplier	1
  fish_tagged_penalty[5].tagging_episode	Tags2009_R1_LL
  grad_tol                      	0.001
  max_evals                     	10000
  max_iters                     	1600
  profile[1].l                  	40000
  profile[1].n                  	11
  profile[1].parameter          	initialization.B0
  profile[1].u                  	130000
  q_method                      	nuisance
  tag_recapture[Tags2005_R1_R1].area	R1
  tag_recapture[Tags2005_R1_R1].class_mins	100 150 200 250 300 350 400 450 500 550 600 650 700 750 800 850 900 950 1000 1050 1100 1150 1200 1250 1300 1350 1400 1450 1500 1550 1600 1650 1700 1750 1800 1850 1900 1950 2000 2050
  tag_recapture[Tags2005_R1_R1].detection_probability	1
  tag_recapture[Tags2005_R1_R1].dispersion	1
  tag_recapture[Tags2005_R1_R1].do_bootstrap	True
  tag_recapture[Tags2005_R1_R1].plus_group	False
  tag_recapture[Tags2005_R1_R1].proportion_mortality	0.5
  tag_recapture[Tags2005_R1_R1].r	1e-11
  tag_recapture[Tags2005_R1_R1].recaptured_2006	0 0 0 0 0 0 0 0 0 0 0 0 0.2 0.4 0.9 2 3.9 6.9 11.2 16.3 21.6 26.3 29.3 30.2 28.8 25.6 21.3 16.6 12.1 8.4 5.4 3.4 1.9 1.1 0.6 0.2 0.2 0 0
  tag_recapture[Tags2005_R1_R1].recaptured_2007	0 0 0 0 0 0 0 0 0 0 0 0 0 0.2 0.5 1.2 2.4 4.5 7.7 11.8 16.6 21.3 25 27.1 27.1 25.2 21.7 17.5 13.1 9.3 6.1 3.9 2.3 1.3 0.7 0.3 0.2 0 0
  tag_recapture[Tags2005_R1_R1].recaptured_2008	0 0 0 0 0 0 0 0 0 0 0 0 0 0.2 0.3 0.7 1.5 2.8 4.9 7.7 11 14.3 17.3 19.2 19.8 18.9 16.8 13.9 10.8 7.8 5.4 3.5 2.1 1.2 0.6 0.4 0.2 0 0
  tag_recapture[Tags2005_R1_R1].recaptured_2009	0 0 0 0 0 0 0 0 0 0 0 0 0 0 0.1 0.2 0.5 1.1 2 3.3 5.1 7.3 9.5 11.4 12.6 12.9 12.1 10.5 8.6 6.4 4.5 3 1.8 1.1 0.6 0.3 0.1 0 0
  tag_recapture[Tags2005_R1_R1].recaptured_2010	0 0 0 0 0 0 0 0 0 0 0 0 0 0 0 0.2 0.4 0.7 1.3 2.2 3.5 5.1 6.7 8.2 9.3 9.8 9.5 8.5 7.1 5.5 4 2.7 1.6 0.9 0.5 0.2 0.2 0 0
  tag_recapture[Tags2005_R1_R1].sample	size
  tag_recapture[Tags2005_R1_R1].scanned_2006	0 0 0 0 0 0 0 2 10 30 86 226 542 1184 2348 4240 6978 10500 14488 18400 21586 23494 23836 22648 20256 17136 13770 10546 7720 5408 3626 2326 1426 834 464 246 124 60 0
  tag_recapture[Tags2005_R1_R1].scanned_2007	0 0 0 0 0 0 0 4 10 30 88 230 552 1204 2388 4310 7088 10658 14694 18638 21836 23728 24024 22774 20316 17134 13722 10472 7636 5326 3556 2270 1386 808 448 236 118 56 0
  tag_recapture[Tags2005_R1_R1].scanned_2008	0 0 0 0 0 0 0 4 10 30 88 234 560 1224 2428 4378 7196 10812 14892 18870 22076 23948 24202 22892 20368 17128 13674 10400 7554 5250 3490 2220 1350 782 432 228 114 54 0
  tag_recapture[Tags2005_R1_R1].scanned_2009	0 0 0 0 0 0 0 4 10 32 90 238 570 1244 2466 4446 7304 10966 15090 19096 22310 24162 24370 23000 20412 17118 13622 10326 7474 5176 3428 2174 1316 760 418 220 110 52 0
  tag_recapture[Tags2005_R1_R1].scanned_2010	0 0 0 0 0 0 0 4 10 32 92 242 580 1266 2506 4516 7414 11120 15286 19320 22540 24372 24534 23102 20452 17102 13568 10252 7396 5104 3370 2128 1284 740 406 212 106 50 0
  tag_recapture[Tags2005_R1_R1].step	1
  tag_recapture[Tags2005_R1_R1].tag_name	Tags2005_R1
  tag_recapture[Tags2005_R1_R1].years	2006 2007 2008 2009 2010
  tag_recapture[Tags2006_R1_R1].area	R1
  tag_recapture[Tags2006_R1_R1].class_mins	100 150 200 250 300 350 400 450 500 550 600 650 700 750 800 850 900 950 1000 1050 1100 1150 1200 1250 1300 1350 1400 1450 1500 1550 1600 1650 1700 1750 1800 1850 1900 1950 2000 2050
  tag_recapture[Tags2006_R1_R1].detection_probability	1
  tag_recapture[Tags2006_R1_R1].dispersion	1
  tag_recapture[Tags2006_R1_R1].do_bootstrap	True
  tag_recapture[Tags2006_R1_R1].plus_group	False
  tag_recapture[Tags2006_R1_R1].proportion_mortality	0.5
  tag_recapture[Tags2006_R1_R1].r	1e-11
  tag_recapture[Tags2006_R1_R1].recaptured_2007	0 0 0 0 0 0 0 0 0 0 0 0 0.2 0.4 1 2.2 4.2 7.4 11.9 17.2 22.7 27.6 30.6 31.5 29.8 26.4 21.7 16.8 12.2 8.4 5.4 3.3 1.9 1.1 0.6 0.2 0.2 0 0
  tag_recapture[Tags2006_R1_R1].recaptured_2008	0 0 0 0 0 0 0 0 0 0 0 0 0 0.2 0.5 1.1 2.4 4.5 7.7 11.7 16.5 21.2 25.1 27.4 27.7 25.9 22.6 18.3 13.9 9.9 6.6 4.2 2.5 1.4 0.7 0.4 0.2 0 0
  tag_recapture[Tags2006_R1_R1].recaptured_2009	0 0 0 0 0 0 0 0 0 0 0 0 0 0.2 0.3 0.7 1.5 2.8 4.8 7.5 10.8 14.3 17.4 19.4 20.1 19.2 17.1 14.2 10.9 7.9 5.4 3.3 2 1.1 0.6 0.3 0.2 0 0
  tag_recapture[Tags2006_R1_R1].recaptured_2010	0 0 0 0 0 0 0 0 0 0 0 0 0 0 0.1 0.2 0.5 1 1.8 3.2 4.9 7.1 9.2 11.2 12.5 12.7 12.1 10.7 8.7 6.7 4.8 3.1 2 1.1 0.7 0.3 0.2 0 0
  tag_recapture[Tags2006_R1_R1].sample	size
  tag_recapture[Tags2006_R1_R1].scanned_2007	0 0 0 0 0 0 0 4 10 30 88 230 552 1204 2388 4310 7088 10658 14694 18638 21836 23728 24024 22774 20316 17134 13722 10472 7636 5326 3556 2270 1386 808 448 236 118 56 0
  tag_recapture[Tags2006_R1_R1].scanned_2008	0 0 0 0 0 0 0 4 10 30 88 234 560 1224 2428 4378 7196 10812 14892 18870 22076 23948 24202 22892 20368 17128 13674 10400 7554 5250 3490 2220 1350 782 432 228 114 54 0
  tag_recapture[Tags2006_R1_R1].scanned_2009	0 0 0 0 0 0 0 4 10 32 90 238 570 1244 2466 4446 7304 10966 15090 19096 22310 24162 24370 23000 20412 17118 13622 10326 7474 5176 3428 2174 1316 760 418 220 110 52 0
  tag_recapture[Tags2006_R1_R1].scanned_2010	0 0 0 0 0 0 0 4 10 32 92 242 580 1266 2506 4516 7414 11120 15286 19320 22540 24372 24534 23102 20452 17102 13568 10252 7396 5104 3370 2128 1284 740 406 212 106 50 0
  tag_recapture[Tags2006_R1_R1].step	1
  tag_recapture[Tags2006_R1_R1].tag_name	Tags2006_R1
  tag_recapture[Tags2006_R1_R1].years	2007 2008 2009 2010
  tag_recapture[Tags2007_R1_R1].area	R1
  tag_recapture[Tags2007_R1_R1].class_mins	100 150 200 250 300 350 400 450 500 550 600 650 700 750 800 850 900 950 1000 1050 1100 1150 1200 1250 1300 1350 1400 1450 1500 1550 1600 1650 1700 1750 1800 1850 1900 1950 2000 2050
  tag_recapture[Tags2007_R1_R1].detection_probability	1
  tag_recapture[Tags2007_R1_R1].dispersion	1
  tag_recapture[Tags2007_R1_R1].do_bootstrap	True
  tag_recapture[Tags2007_R1_R1].plus_group	False
  tag_recapture[Tags2007_R1_R1].proportion_mortality	0.5
  tag_recapture[Tags2007_R1_R1].r	1e-11
  tag_recapture[Tags2007_R1_R1].recaptured_2008	0 0 0 0 0 0 0 0 0 0 0 0 0.2 0.5 1.1 2.5 5 8.8 14.1 20.4 26.9 32.5 35.9 36.7 34.6 30.3 24.7 18.9 13.5 9.1 5.7 3.4 2 1 0.6 0.2 0.2 0 0
  tag_recapture[Tags2007_R1_R1].recaptured_2009	0 0 0 0 0 0 0 0 0 0 0 0 0 0.2 0.5 1.2 2.5 4.7 7.8 12 16.7 21.2 24.9 26.8 26.8 24.8 21.3 17.2 12.9 9.1 6 3.8 2.2 1.2 0.6 0.3 0.2 0 0
  tag_recapture[Tags2007_R1_R1].recaptured_2010	0 0 0 0 0 0 0 0 0 0 0 0 0 0.1 0.2 0.6 1.3 2.6 4.7 7.4 11 14.8 18.3 20.8 21.8 21.1 18.9 15.8 12.2 8.9 5.9 3.8 2.2 1.3 0.7 0.3 0.2 0 0
  tag_recapture[Tags2007_R1_R1].sample	size
  tag_recapture[Tags2007_R1_R1].scanned_2008	0 0 0 0 0 0 0 4 10 30 88 234 560 1224 2428 4378 7196 10812 14892 18870 22076 23948 24202 22892 20368 17128 13674 10400 7554 5250 3490 2220 1350 782 432 228 114 54 0
  tag_recapture[Tags2007_R1_R1].scanned_2009	0 0 0 0 0 0 0 4 10 32 90 238 570 1244 2466 4446 7304 10966 15090 19096 22310 24162 24370 23000 20412 17118 13622 10326 7474 5176 3428 2174 1316 760 418 220 110 52 0
  tag_recapture[Tags2007_R1_R1].scanned_2010	0 0 0 0 0 0 0 4 10 32 92 242 580 1266 2506 4516 7414 11120 15286 19320 22540 24372 24534 23102 20452 17102 13568 10252 7396 5104 3370 2128 1284 740 406 212 106 50 0
  tag_recapture[Tags2007_R1_R1].step	1
  tag_recapture[Tags2007_R1_R1].tag_name	Tags2007_R1
  tag_recapture[Tags2007_R1_R1].years	2008 2009 2010
  tag_recapture[Tags2008_R1_R1].area	R1
  tag_recapture[Tags2008_R1_R1].class_mins	100 150 200 250 300 350 400 450 500 550 600 650 700 750 800 850 900 950 1000 1050 1100 1150 1200 1250 1300 1350 1400 1450 1500 1550 1600 1650 1700 1750 1800 1850 1900 1950 2000 2050
  tag_recapture[Tags2008_R1_R1].detection_probability	1
  tag_recapture[Tags2008_R1_R1].dispersion	1
  tag_recapture[Tags2008_R1_R1].do_bootstrap	True
  tag_recapture[Tags2008_R1_R1].plus_group	False
  tag_recapture[Tags2008_R1_R1].proportion_mortality	0.5
  tag_recapture[Tags2008_R1_R1].r	1e-11
  tag_recapture[Tags2008_R1_R1].recaptured_2009	0 0 0 0 0 0 0 0 0 0 0 0 0.2 0.4 1.1 2.5 4.9 8.8 14.1 20.4 26.9 32.4 35.9 36.5 34.5 30.2 24.7 18.9 13.6 9.2 5.8 3.6 2 1.1 0.5 0.2 0.1 0 0
  tag_recapture[Tags2008_R1_R1].recaptured_2010	0 0 0 0 0 0 0 0 0 0 0 0 0 0.2 0.5 1.2 2.3 4.5 7.6 11.7 16.4 21 24.9 27.1 27.4 25.6 22.3 18.2 13.9 9.9 6.6 4.2 2.6 1.4 0.8 0.4 0.2 0 0
  tag_recapture[Tags2008_R1_R1].sample	size
  tag_recapture[Tags2008_R1_R1].scanned_2009	0 0 0 0 0 0 0 4 10 32 90 238 570 1244 2466 4446 7304 10966 15090 19096 22310 24162 24370 23000 20412 17118 13622 10326 7474 5176 3428 2174 1316 760 418 220 110 52 0
  tag_recapture[Tags2008_R1_R1].scanned_2010	0 0 0 0 0 0 0 4 10 32 92 242 580 1266 2506 4516 7414 11120 15286 19320 22540 24372 24534 23102 20452 17102 13568 10252 7396 5104 3370 2128 1284 740 406 212 106 50 0
  tag_recapture[Tags2008_R1_R1].step	1
  tag_recapture[Tags2008_R1_R1].tag_name	Tags2008_R1
  tag_recapture[Tags2008_R1_R1].years	2009 2010
  tag_recapture[Tags2009_R1_R1].area	R1
  tag_recapture[Tags2009_R1_R1].class_mins	100 150 200 250 300 350 400 450 500 550 600 650 700 750 800 850 900 950 1000 1050 1100 1150 1200 1250 1300 1350 1400 1450 1500 1550 1600 1650 1700 1750 1800 1850 1900 1950 2000 2050
  tag_recapture[Tags2009_R1_R1].detection_probability	1
  tag_recapture[Tags2009_R1_R1].dispersion	1
  tag_recapture[Tags2009_R1_R1].do_bootstrap	True
  tag_recapture[Tags2009_R1_R1].plus_group	False
  tag_recapture[Tags2009_R1_R1].proportion_mortality	0.5
  tag_recapture[Tags2009_R1_R1].r	1e-11
  tag_recapture[Tags2009_R1_R1].recaptured_2010	0 0 0 0 0 0 0 0 0 0 0 0 0.2 0.5 1.3 2.7 5.4 9.5 15.3 22.3 29.6 35.9 39.8 40.8 38.5 33.9 27.8 21.3 15.5 10.5 6.8 4.1 2.4 1.4 0.8 0.4 0.2 0 0
  tag_recapture[Tags2009_R1_R1].sample	size
  tag_recapture[Tags2009_R1_R1].scanned_2010	0 0 0 0 0 0 0 4 10 32 92 242 580 1266 2506 4516 7414 11120 15286 19320 22540 24372 24534 23102 20452 17102 13568 10252 7396 5104 3370 2128 1284 740 406 212 106 50 0
  tag_recapture[Tags2009_R1_R1].step	1
  tag_recapture[Tags2009_R1_R1].tag_name	Tags2009_R1
  tag_recapture[Tags2009_R1_R1].years	2010
  vector_average_penalty[1].k   	1
  vector_average_penalty[1].label	meanYCS_1
  vector_average_penalty[1].multiplier	100
  vector_average_penalty[1].vector	recruitment.YCS
Stored as DOUBLEs: 
Stored as VECTORs: 
Stored as OGIVEs: 

Population parameters:
Stored as strings: 
  annual_cycle.M_props          	1
  annual_cycle.aging_time       	1
  annual_cycle.baranov          	False
  annual_cycle.fishery_areas    	R1
  annual_cycle.fishery_names    	LL
  annual_cycle.fishery_times    	1
  annual_cycle.growth_props     	0
  annual_cycle.n_migrations     	0
  annual_cycle.recruitment_areas	R1
  annual_cycle.recruitment_time 	1
  annual_cycle.spawning_all_areas	1
  annual_cycle.spawning_p       	1
  annual_cycle.spawning_part_mort	1
  annual_cycle.spawning_time    	1
  annual_cycle.spawning_use_total_B	False
  annual_cycle.time_steps       	1
  area_names                    	R1
  current                       	2010
  final                         	2045
  first_random_year             	2007
  fishery[LL].U_max             	0.95
  fishery[LL].catches           	0 6000 6000 6000 6000 6000 6000 6000 6000 6000 6000 6000 6000 6000 6000 6000 6000 6000 6000 6000 6000
  fishery[LL].future_constant_catches	200
  fishery[LL].selectivity       	SelLL
  fishery[LL].years             	1990 1991 1992 1993 1994 1995 1996 1997 1998 1999 2000 2001 2002 2003 2004 2005 2006 2007 2008 2009 2010
  initial                       	1990
  initialization.B0             	254685
  mature_partition              	False
  maturity_props.all            	allvalues  0.0023 0.0035 0.0056 0.0087 0.0136 0.0213 0.0331 0.0511 0.0781 0.1176 0.1732 0.2479 0.3415 0.4492 0.562 0.6687 0.7604 0.8331 0.8871 0.9251 0.9511 0.9683 0.9796 0.987 0.9917 0.9947 0.9966 0.9978 0.9986 0.9991 0.9994 0.9996 0.9998 0.9999 0.9999
  max_age                       	35
  min_age                       	1
  n_areas                       	1
  n_stocks                      	1
  n_tags                        	5
  natural_mortality.all         	0.13
  plus_group                    	True
  randomisation_method          	lognormal
  recruitment.SR                	BH
  recruitment.YCS               	1 1 1 1 1 1 1 1 1 1 1 1 1 1 1 1 1 1 1 1 1
  recruitment.YCS_years         	1989 1990 1991 1992 1993 1994 1995 1996 1997 1998 1999 2000 2001 2002 2003 2004 2005 2006 2007 2008 2009
  recruitment.first_free        	1989
  recruitment.last_free         	2006
  recruitment.p_male            	0.5
  recruitment.rho               	0
  recruitment.sigma_r           	0
  recruitment.steepness         	0.75
  recruitment.year_range        	1989 2006
  selectivity[SelLL].all        	double_normal 10 2 10
  selectivity_names             	SelLL
  sex_partition                 	False
  size_at_age.Linf              	1565
  size_at_age.by_length         	True
  size_at_age.cv                	0.122
  size_at_age.k                 	0.146
  size_at_age.t0                	0.015
  size_at_age_dist              	normal
  size_at_age_type              	von_Bert
  size_based                    	False
  size_weight.a                 	3.0088e-12
  size_weight.b                 	3.2064
  size_weight.verify_size_weight	500 0.5 1.5
  standardise_YCS               	True
  tag[Tags2005_R1_LL].area      	R1
  tag[Tags2005_R1_LL].class_mins	100 150 200 250 300 350 400 450 500 550 600 650 700 750 800 850 900 950 1000 1050 1100 1150 1200 1250 1300 1350 1400 1450 1500 1550 1600 1650 1700 1750 1800 1850 1900 1950 2000 2050
  tag[Tags2005_R1_LL].mature_only	False
  tag[Tags2005_R1_LL].mortality 	0.1
  tag[Tags2005_R1_LL].number    	2500
  tag[Tags2005_R1_LL].ogive     	SelLL
  tag[Tags2005_R1_LL].plus_group	False
  tag[Tags2005_R1_LL].props_all 	0 0 0 0 0 0 0 0 0 1e-04 4e-04 0.001 0.0023 0.005 0.0098 0.0178 0.0293 0.0441 0.0609 0.0773 0.0908 0.099 0.1007 0.0961 0.0865 0.0738 0.0598 0.0463 0.0342 0.0241 0.0162 0.0104 0.0064 0.0037 0.0021 0.0011 5e-04 3e-04 0
  tag[Tags2005_R1_LL].release_type	deterministic
  tag[Tags2005_R1_LL].sex       	both
  tag[Tags2005_R1_LL].step      	1
  tag[Tags2005_R1_LL].tag_name  	Tags2005_R1
  tag[Tags2005_R1_LL].year      	2005
  tag[Tags2006_R1_LL].area      	R1
  tag[Tags2006_R1_LL].class_mins	100 150 200 250 300 350 400 450 500 550 600 650 700 750 800 850 900 950 1000 1050 1100 1150 1200 1250 1300 1350 1400 1450 1500 1550 1600 1650 1700 1750 1800 1850 1900 1950 2000 2050
  tag[Tags2006_R1_LL].mature_only	False
  tag[Tags2006_R1_LL].mortality 	0.1
  tag[Tags2006_R1_LL].number    	2499
  tag[Tags2006_R1_LL].ogive     	SelLL
  tag[Tags2006_R1_LL].plus_group	False
  tag[Tags2006_R1_LL].props_all 	0 0 0 0 0 0 0 0 1e-04 2e-04 4e-04 9e-04 0.0021 0.0047 0.0096 0.0174 0.0288 0.0435 0.0602 0.0768 0.0906 0.0993 0.1014 0.0971 0.0875 0.0744 0.0602 0.0463 0.034 0.0239 0.0161 0.0104 0.0064 0.0037 0.0021 0.0011 6e-04 3e-04 0
  tag[Tags2006_R1_LL].release_type	deterministic
  tag[Tags2006_R1_LL].sex       	both
  tag[Tags2006_R1_LL].step      	1
  tag[Tags2006_R1_LL].tag_name  	Tags2006_R1
  tag[Tags2006_R1_LL].year      	2006
  tag[Tags2007_R1_LL].area      	R1
  tag[Tags2007_R1_LL].class_mins	100 150 200 250 300 350 400 450 500 550 600 650 700 750 800 850 900 950 1000 1050 1100 1150 1200 1250 1300 1350 1400 1450 1500 1550 1600 1650 1700 1750 1800 1850 1900 1950 2000 2050
  tag[Tags2007_R1_LL].mature_only	False
  tag[Tags2007_R1_LL].mortality 	0.1
  tag[Tags2007_R1_LL].number    	2500
  tag[Tags2007_R1_LL].ogive     	SelLL
  tag[Tags2007_R1_LL].plus_group	False
  tag[Tags2007_R1_LL].props_all 	0 0 0 0 0 0 0 0 0 1e-04 3e-04 9e-04 0.0022 0.0048 0.0095 0.0173 0.0288 0.0438 0.0611 0.0783 0.0926 0.1014 0.1033 0.0983 0.0879 0.0741 0.0592 0.0449 0.0324 0.0224 0.0147 0.0093 0.0056 0.0032 0.0018 9e-04 5e-04 2e-04 0
  tag[Tags2007_R1_LL].release_type	deterministic
  tag[Tags2007_R1_LL].sex       	both
  tag[Tags2007_R1_LL].step      	1
  tag[Tags2007_R1_LL].tag_name  	Tags2007_R1
  tag[Tags2007_R1_LL].year      	2007
  tag[Tags2008_R1_LL].area      	R1
  tag[Tags2008_R1_LL].class_mins	100 150 200 250 300 350 400 450 500 550 600 650 700 750 800 850 900 950 1000 1050 1100 1150 1200 1250 1300 1350 1400 1450 1500 1550 1600 1650 1700 1750 1800 1850 1900 1950 2000 2050
  tag[Tags2008_R1_LL].mature_only	False
  tag[Tags2008_R1_LL].mortality 	0.1
  tag[Tags2008_R1_LL].number    	2500
  tag[Tags2008_R1_LL].ogive     	SelLL
  tag[Tags2008_R1_LL].plus_group	False
  tag[Tags2008_R1_LL].props_all 	0 0 0 0 0 0 0 0 0 2e-04 5e-04 0.0012 0.0028 0.0058 0.0111 0.0197 0.0318 0.0471 0.0642 0.0806 0.0936 0.1011 0.1018 0.096 0.0851 0.0713 0.0567 0.0429 0.0309 0.0213 0.014 0.0088 0.0053 0.0031 0.0017 9e-04 4e-04 2e-04 0
  tag[Tags2008_R1_LL].release_type	deterministic
  tag[Tags2008_R1_LL].sex       	both
  tag[Tags2008_R1_LL].step      	1
  tag[Tags2008_R1_LL].tag_name  	Tags2008_R1
  tag[Tags2008_R1_LL].year      	2008
  tag[Tags2009_R1_LL].area      	R1
  tag[Tags2009_R1_LL].class_mins	100 150 200 250 300 350 400 450 500 550 600 650 700 750 800 850 900 950 1000 1050 1100 1150 1200 1250 1300 1350 1400 1450 1500 1550 1600 1650 1700 1750 1800 1850 1900 1950 2000 2050
  tag[Tags2009_R1_LL].mature_only	False
  tag[Tags2009_R1_LL].mortality 	0.1
  tag[Tags2009_R1_LL].number    	2500
  tag[Tags2009_R1_LL].ogive     	SelLL
  tag[Tags2009_R1_LL].plus_group	False
  tag[Tags2009_R1_LL].props_all 	0 0 0 0 0 0 0 0 1e-04 3e-04 5e-04 0.0011 0.0024 0.005 0.0098 0.0177 0.0294 0.0446 0.0622 0.0796 0.0938 0.1022 0.1034 0.0977 0.0867 0.0726 0.0577 0.0437 0.0316 0.0219 0.0145 0.0092 0.0056 0.0033 0.0018 0.001 5e-04 2e-04 0
  tag[Tags2009_R1_LL].release_type	deterministic
  tag[Tags2009_R1_LL].sex       	both
  tag[Tags2009_R1_LL].step      	1
  tag[Tags2009_R1_LL].tag_name  	Tags2009_R1
  tag[Tags2009_R1_LL].year      	2009
  tag_growth_loss[Tags2005_R1].nogrowth_period	0
  tag_growth_loss[Tags2006_R1].nogrowth_period	0
  tag_growth_loss[Tags2007_R1].nogrowth_period	0
  tag_growth_loss[Tags2008_R1].nogrowth_period	0
  tag_growth_loss[Tags2009_R1].nogrowth_period	0
  tag_loss_props                	1
  tag_names                     	Tags2005_R1 Tags2006_R1 Tags2007_R1 Tags2008_R1 Tags2009_R1
  tag_shedding_rate             	0.0084 0.0084 0.0084 0.0084 0.0084
  y_enter                       	1
Stored as DOUBLEs: 
Stored as VECTORs: 
Stored as OGIVEs: 

Output parameters:
Stored as strings: 
  n_projections                 	100
  numbers_at[Numbers_at_age_R1].area	R1
  numbers_at[Numbers_at_age_R1].proportion_mortality	0.5
  numbers_at[Numbers_at_age_R1].step	1
  numbers_at[Numbers_at_age_R1].years	1990 1991 1992 1993 1994 1995 1996 1997 1998 1999 2000 2001 2002 2003 2004 2005 2006 2007 2008 2009 2010
  print.covariance              	true
  print.estimation_section      	true
  print.final_state             	false
  print.fits                    	true
  print.fits_every_eval         	false
  print.initial_state           	false
  print.normalised_resids       	true
  print.objective_every_eval    	false
  print.parameter_vector_every_eval	false
  print.parameters              	true
  print.parameters_every_eval   	false
  print.pearson_resids          	true
  print.requests                	false
  print.resids                  	true
  print.results                 	false
  print.state_annually          	false
  print.state_every_step        	false
  print.unused_parameters       	true
  print.yields                  	true
  quantities.B0                 	true
  quantities.R0                 	true
  quantities.SSBs               	true
  quantities.YCS                	true
  quantities.actual_catches     	false
  quantities.all_free_parameters	true
  quantities.fishing_pressures  	true
  quantities.nuisance_qs        	true
  quantities.recruitments       	true
  quantities.true_YCS           	true
Stored as DOUBLEs: 
Stored as VECTORs: 
Stored as OGIVEs: 

A fish of size 500 cm has a weight of 1.35635 kg in your model. This size-weight scale check assumes that the growth curve is in centimetres, and that the catch is in tonnes.

A fish of size 500 cm has a weight of 1.35635 kg in your model. This size-weight scale check assumes that the growth curve is in centimetres, and that the catch is in tonnes.

Estimation section :

Objective function: Bayes

Minimiser convergence threshold: 0.001


Observations:

The observations are:
LL_catchA
Tags2005_R1_R1
Tags2006_R1_R1
Tags2007_R1_R1
Tags2008_R1_R1
Tags2009_R1_R1
Fits follow:

LL_catchA :
catch proportions-at-age for fishery LL  with ageing error (not constrained to sum to 1):
obs (last class is a plus group):
class 1       2       3       4       5       6       7       8       9       10      11      12      13      14      15      16      17      18      19      20      21      22      23      24      25      26      27      28      29      30      31      32      33      34      35      
2000 0       0       0       0.001   0.003   0.024   0.057   0.117   0.154   0.15    0.132   0.085   0.058   0.055   0.035   0.029   0.022   0.019   0.015   0.012   0.007   0.006   0.002   0.005   0.005   0.002   0.003   0       0       0.002   0       0       0       0       0       
2001 0       0       0       0.001   0.004   0.025   0.049   0.12    0.159   0.175   0.112   0.1     0.068   0.036   0.042   0.023   0.02    0.01    0.011   0.01    0.009   0.005   0.006   0.002   0.004   0.004   0.003   0.001   0       0       0       0.001   0       0       0       
2002 0       0       0       0.001   0.003   0.021   0.057   0.129   0.157   0.177   0.11    0.088   0.053   0.051   0.04    0.026   0.024   0.014   0.01    0.008   0.013   0.004   0.004   0.001   0.002   0.001   0.004   0.001   0       0       0       0       0       0       0.001   
2003 0       0       0       0.001   0.003   0.023   0.068   0.117   0.162   0.18    0.13    0.088   0.061   0.042   0.034   0.023   0.022   0.009   0.008   0.005   0.006   0.002   0.004   0.001   0.002   0.003   0.001   0.001   0.001   0.001   0       0       0       0.001   0.001   
2004 0       0       0       0       0.003   0.02    0.053   0.146   0.175   0.153   0.123   0.095   0.073   0.036   0.032   0.024   0.023   0.009   0.011   0.008   0.005   0.002   0.005   0       0       0.003   0       0       0       0       0       0.001   0       0       0       
2005 0       0       0       0.003   0.008   0.025   0.074   0.146   0.179   0.138   0.115   0.084   0.057   0.047   0.026   0.022   0.028   0.012   0.006   0.005   0.005   0.004   0.002   0.002   0.004   0.001   0       0.002   0.001   0.001   0.001   0.001   0       0       0.001   
2006 0       0       0       0.001   0.004   0.026   0.071   0.122   0.195   0.168   0.107   0.062   0.056   0.045   0.042   0.027   0.021   0.011   0.01    0.003   0.007   0.006   0.003   0.002   0.006   0.003   0       0       0.001   0       0       0       0       0       0.001   
2007 0       0       0       0       0.005   0.032   0.078   0.135   0.164   0.185   0.096   0.076   0.07    0.044   0.035   0.026   0.012   0.01    0.008   0.004   0.007   0.003   0.003   0.001   0.002   0.002   0.002   0       0       0       0       0       0       0       0       
2008 0       0       0.001   0.002   0.009   0.017   0.08    0.131   0.174   0.152   0.118   0.096   0.061   0.042   0.036   0.019   0.016   0.009   0.011   0.009   0.007   0.002   0       0.003   0.001   0.001   0       0       0.001   0.001   0       0       0.001   0       0       
2009 0       0       0       0       0.005   0.02    0.063   0.132   0.186   0.172   0.123   0.081   0.054   0.054   0.03    0.013   0.016   0.017   0.011   0.005   0.005   0.001   0.005   0.002   0.003   0.002   0       0       0       0       0       0       0       0       0       
2010 0       0       0       0.004   0.004   0.022   0.055   0.153   0.195   0.176   0.103   0.079   0.069   0.034   0.034   0.015   0.012   0.012   0.005   0.007   0.007   0.003   0.004   0.001   0.001   0.001   0.001   0.001   0.001   0       0       0       0       0       0.001   
objective function: multinomial likelihood, with delta = 1e-011, N =
100 100 100 100 100 100 100 100 100 100 100 100 100 100 100 100 100 100 100 100 100 100 100 100 100 100 100 100 100 100 100 100 100 100 100 
100 100 100 100 100 100 100 100 100 100 100 100 100 100 100 100 100 100 100 100 100 100 100 100 100 100 100 100 100 100 100 100 100 100 100 
100 100 100 100 100 100 100 100 100 100 100 100 100 100 100 100 100 100 100 100 100 100 100 100 100 100 100 100 100 100 100 100 100 100 100 
100 100 100 100 100 100 100 100 100 100 100 100 100 100 100 100 100 100 100 100 100 100 100 100 100 100 100 100 100 100 100 100 100 100 100 
100 100 100 100 100 100 100 100 100 100 100 100 100 100 100 100 100 100 100 100 100 100 100 100 100 100 100 100 100 100 100 100 100 100 100 
100 100 100 100 100 100 100 100 100 100 100 100 100 100 100 100 100 100 100 100 100 100 100 100 100 100 100 100 100 100 100 100 100 100 100 
100 100 100 100 100 100 100 100 100 100 100 100 100 100 100 100 100 100 100 100 100 100 100 100 100 100 100 100 100 100 100 100 100 100 100 
100 100 100 100 100 100 100 100 100 100 100 100 100 100 100 100 100 100 100 100 100 100 100 100 100 100 100 100 100 100 100 100 100 100 100 
100 100 100 100 100 100 100 100 100 100 100 100 100 100 100 100 100 100 100 100 100 100 100 100 100 100 100 100 100 100 100 100 100 100 100 
100 100 100 100 100 100 100 100 100 100 100 100 100 100 100 100 100 100 100 100 100 100 100 100 100 100 100 100 100 100 100 100 100 100 100 
100 100 100 100 100 100 100 100 100 100 100 100 100 100 100 100 100 100 100 100 100 100 100 100 100 100 100 100 100 100 100 100 100 100 100 

Tags2005_R1_R1 :
tag-recapture data for tag Tags2005_R1 in years 2006 2007 2008 2009 2010 , step 1, after proportion 0.5 of mortality, with sampling method size, detection probability 1.
Year 2006
class scanned recaptured
100 0 0
150 0 0
200 0 0
250 0 0
300 0 0
350 0 0
400 0 0
450 2 0
500 10 0
550 30 0
600 86 0
650 226 0
700 542 0.2
750 1184 0.4
800 2348 0.9
850 4240 2
900 6978 3.9
950 10500 6.9
1000 14488 11.2
1050 18400 16.3
1100 21586 21.6
1150 23494 26.3
1200 23836 29.3
1250 22648 30.2
1300 20256 28.8
1350 17136 25.6
1400 13770 21.3
1450 10546 16.6
1500 7720 12.1
1550 5408 8.4
1600 3626 5.4
1650 2326 3.4
1700 1426 1.9
1750 834 1.1
1800 464 0.6
1850 246 0.2
1900 124 0.2
1950 60 0
2000 0 0


Year 2007
class scanned recaptured
100 0 0
150 0 0
200 0 0
250 0 0
300 0 0
350 0 0
400 0 0
450 4 0
500 10 0
550 30 0
600 88 0
650 230 0
700 552 0
750 1204 0.2
800 2388 0.5
850 4310 1.2
900 7088 2.4
950 10658 4.5
1000 14694 7.7
1050 18638 11.8
1100 21836 16.6
1150 23728 21.3
1200 24024 25
1250 22774 27.1
1300 20316 27.1
1350 17134 25.2
1400 13722 21.7
1450 10472 17.5
1500 7636 13.1
1550 5326 9.3
1600 3556 6.1
1650 2270 3.9
1700 1386 2.3
1750 808 1.3
1800 448 0.7
1850 236 0.3
1900 118 0.2
1950 56 0
2000 0 0


Year 2008
class scanned recaptured
100 0 0
150 0 0
200 0 0
250 0 0
300 0 0
350 0 0
400 0 0
450 4 0
500 10 0
550 30 0
600 88 0
650 234 0
700 560 0
750 1224 0.2
800 2428 0.3
850 4378 0.7
900 7196 1.5
950 10812 2.8
1000 14892 4.9
1050 18870 7.7
1100 22076 11
1150 23948 14.3
1200 24202 17.3
1250 22892 19.2
1300 20368 19.8
1350 17128 18.9
1400 13674 16.8
1450 10400 13.9
1500 7554 10.8
1550 5250 7.8
1600 3490 5.4
1650 2220 3.5
1700 1350 2.1
1750 782 1.2
1800 432 0.6
1850 228 0.4
1900 114 0.2
1950 54 0
2000 0 0


Year 2009
class scanned recaptured
100 0 0
150 0 0
200 0 0
250 0 0
300 0 0
350 0 0
400 0 0
450 4 0
500 10 0
550 32 0
600 90 0
650 238 0
700 570 0
750 1244 0
800 2466 0.1
850 4446 0.2
900 7304 0.5
950 10966 1.1
1000 15090 2
1050 19096 3.3
1100 22310 5.1
1150 24162 7.3
1200 24370 9.5
1250 23000 11.4
1300 20412 12.6
1350 17118 12.9
1400 13622 12.1
1450 10326 10.5
1500 7474 8.6
1550 5176 6.4
1600 3428 4.5
1650 2174 3
1700 1316 1.8
1750 760 1.1
1800 418 0.6
1850 220 0.3
1900 110 0.1
1950 52 0
2000 0 0


Year 2010
class scanned recaptured
100 0 0
150 0 0
200 0 0
250 0 0
300 0 0
350 0 0
400 0 0
450 4 0
500 10 0
550 32 0
600 92 0
650 242 0
700 580 0
750 1266 0
800 2506 0
850 4516 0.2
900 7414 0.4
950 11120 0.7
1000 15286 1.3
1050 19320 2.2
1100 22540 3.5
1150 24372 5.1
1200 24534 6.7
1250 23102 8.2
1300 20452 9.3
1350 17102 9.8
1400 13568 9.5
1450 10252 8.5
1500 7396 7.1
1550 5104 5.5
1600 3370 4
1650 2128 2.7
1700 1284 1.6
1750 740 0.9
1800 406 0.5
1850 212 0.2
1900 106 0.2
1950 50 0
2000 0 0


Tags2006_R1_R1 :
tag-recapture data for tag Tags2006_R1 in years 2007 2008 2009 2010 , step 1, after proportion 0.5 of mortality, with sampling method size, detection probability 1.
Year 2007
class scanned recaptured
100 0 0
150 0 0
200 0 0
250 0 0
300 0 0
350 0 0
400 0 0
450 4 0
500 10 0
550 30 0
600 88 0
650 230 0
700 552 0.2
750 1204 0.4
800 2388 1
850 4310 2.2
900 7088 4.2
950 10658 7.4
1000 14694 11.9
1050 18638 17.2
1100 21836 22.7
1150 23728 27.6
1200 24024 30.6
1250 22774 31.5
1300 20316 29.8
1350 17134 26.4
1400 13722 21.7
1450 10472 16.8
1500 7636 12.2
1550 5326 8.4
1600 3556 5.4
1650 2270 3.3
1700 1386 1.9
1750 808 1.1
1800 448 0.6
1850 236 0.2
1900 118 0.2
1950 56 0
2000 0 0


Year 2008
class scanned recaptured
100 0 0
150 0 0
200 0 0
250 0 0
300 0 0
350 0 0
400 0 0
450 4 0
500 10 0
550 30 0
600 88 0
650 234 0
700 560 0
750 1224 0.2
800 2428 0.5
850 4378 1.1
900 7196 2.4
950 10812 4.5
1000 14892 7.7
1050 18870 11.7
1100 22076 16.5
1150 23948 21.2
1200 24202 25.1
1250 22892 27.4
1300 20368 27.7
1350 17128 25.9
1400 13674 22.6
1450 10400 18.3
1500 7554 13.9
1550 5250 9.9
1600 3490 6.6
1650 2220 4.2
1700 1350 2.5
1750 782 1.4
1800 432 0.7
1850 228 0.4
1900 114 0.2
1950 54 0
2000 0 0


Year 2009
class scanned recaptured
100 0 0
150 0 0
200 0 0
250 0 0
300 0 0
350 0 0
400 0 0
450 4 0
500 10 0
550 32 0
600 90 0
650 238 0
700 570 0
750 1244 0.2
800 2466 0.3
850 4446 0.7
900 7304 1.5
950 10966 2.8
1000 15090 4.8
1050 19096 7.5
1100 22310 10.8
1150 24162 14.3
1200 24370 17.4
1250 23000 19.4
1300 20412 20.1
1350 17118 19.2
1400 13622 17.1
1450 10326 14.2
1500 7474 10.9
1550 5176 7.9
1600 3428 5.4
1650 2174 3.3
1700 1316 2
1750 760 1.1
1800 418 0.6
1850 220 0.3
1900 110 0.2
1950 52 0
2000 0 0


Year 2010
class scanned recaptured
100 0 0
150 0 0
200 0 0
250 0 0
300 0 0
350 0 0
400 0 0
450 4 0
500 10 0
550 32 0
600 92 0
650 242 0
700 580 0
750 1266 0
800 2506 0.1
850 4516 0.2
900 7414 0.5
950 11120 1
1000 15286 1.8
1050 19320 3.2
1100 22540 4.9
1150 24372 7.1
1200 24534 9.2
1250 23102 11.2
1300 20452 12.5
1350 17102 12.7
1400 13568 12.1
1450 10252 10.7
1500 7396 8.7
1550 5104 6.7
1600 3370 4.8
1650 2128 3.1
1700 1284 2
1750 740 1.1
1800 406 0.7
1850 212 0.3
1900 106 0.2
1950 50 0
2000 0 0


Tags2007_R1_R1 :
tag-recapture data for tag Tags2007_R1 in years 2008 2009 2010 , step 1, after proportion 0.5 of mortality, with sampling method size, detection probability 1.
Year 2008
class scanned recaptured
100 0 0
150 0 0
200 0 0
250 0 0
300 0 0
350 0 0
400 0 0
450 4 0
500 10 0
550 30 0
600 88 0
650 234 0
700 560 0.2
750 1224 0.5
800 2428 1.1
850 4378 2.5
900 7196 5
950 10812 8.8
1000 14892 14.1
1050 18870 20.4
1100 22076 26.9
1150 23948 32.5
1200 24202 35.9
1250 22892 36.7
1300 20368 34.6
1350 17128 30.3
1400 13674 24.7
1450 10400 18.9
1500 7554 13.5
1550 5250 9.1
1600 3490 5.7
1650 2220 3.4
1700 1350 2
1750 782 1
1800 432 0.6
1850 228 0.2
1900 114 0.2
1950 54 0
2000 0 0


Year 2009
class scanned recaptured
100 0 0
150 0 0
200 0 0
250 0 0
300 0 0
350 0 0
400 0 0
450 4 0
500 10 0
550 32 0
600 90 0
650 238 0
700 570 0
750 1244 0.2
800 2466 0.5
850 4446 1.2
900 7304 2.5
950 10966 4.7
1000 15090 7.8
1050 19096 12
1100 22310 16.7
1150 24162 21.2
1200 24370 24.9
1250 23000 26.8
1300 20412 26.8
1350 17118 24.8
1400 13622 21.3
1450 10326 17.2
1500 7474 12.9
1550 5176 9.1
1600 3428 6
1650 2174 3.8
1700 1316 2.2
1750 760 1.2
1800 418 0.6
1850 220 0.3
1900 110 0.2
1950 52 0
2000 0 0


Year 2010
class scanned recaptured
100 0 0
150 0 0
200 0 0
250 0 0
300 0 0
350 0 0
400 0 0
450 4 0
500 10 0
550 32 0
600 92 0
650 242 0
700 580 0
750 1266 0.1
800 2506 0.2
850 4516 0.6
900 7414 1.3
950 11120 2.6
1000 15286 4.7
1050 19320 7.4
1100 22540 11
1150 24372 14.8
1200 24534 18.3
1250 23102 20.8
1300 20452 21.8
1350 17102 21.1
1400 13568 18.9
1450 10252 15.8
1500 7396 12.2
1550 5104 8.9
1600 3370 5.9
1650 2128 3.8
1700 1284 2.2
1750 740 1.3
1800 406 0.7
1850 212 0.3
1900 106 0.2
1950 50 0
2000 0 0


Tags2008_R1_R1 :
tag-recapture data for tag Tags2008_R1 in years 2009 2010 , step 1, after proportion 0.5 of mortality, with sampling method size, detection probability 1.
Year 2009
class scanned recaptured
100 0 0
150 0 0
200 0 0
250 0 0
300 0 0
350 0 0
400 0 0
450 4 0
500 10 0
550 32 0
600 90 0
650 238 0
700 570 0.2
750 1244 0.4
800 2466 1.1
850 4446 2.5
900 7304 4.9
950 10966 8.8
1000 15090 14.1
1050 19096 20.4
1100 22310 26.9
1150 24162 32.4
1200 24370 35.9
1250 23000 36.5
1300 20412 34.5
1350 17118 30.2
1400 13622 24.7
1450 10326 18.9
1500 7474 13.6
1550 5176 9.2
1600 3428 5.8
1650 2174 3.6
1700 1316 2
1750 760 1.1
1800 418 0.5
1850 220 0.2
1900 110 0.1
1950 52 0
2000 0 0


Year 2010
class scanned recaptured
100 0 0
150 0 0
200 0 0
250 0 0
300 0 0
350 0 0
400 0 0
450 4 0
500 10 0
550 32 0
600 92 0
650 242 0
700 580 0
750 1266 0.2
800 2506 0.5
850 4516 1.2
900 7414 2.3
950 11120 4.5
1000 15286 7.6
1050 19320 11.7
1100 22540 16.4
1150 24372 21
1200 24534 24.9
1250 23102 27.1
1300 20452 27.4
1350 17102 25.6
1400 13568 22.3
1450 10252 18.2
1500 7396 13.9
1550 5104 9.9
1600 3370 6.6
1650 2128 4.2
1700 1284 2.6
1750 740 1.4
1800 406 0.8
1850 212 0.4
1900 106 0.2
1950 50 0
2000 0 0


Tags2009_R1_R1 :
tag-recapture data for tag Tags2009_R1 in years 2010 , step 1, after proportion 0.5 of mortality, with sampling method size, detection probability 1.
Year 2010
class scanned recaptured
100 0 0
150 0 0
200 0 0
250 0 0
300 0 0
350 0 0
400 0 0
450 4 0
500 10 0
550 32 0
600 92 0
650 242 0
700 580 0.2
750 1266 0.5
800 2506 1.3
850 4516 2.7
900 7414 5.4
950 11120 9.5
1000 15286 15.3
1050 19320 22.3
1100 22540 29.6
1150 24372 35.9
1200 24534 39.8
1250 23102 40.8
1300 20452 38.5
1350 17102 33.9
1400 13568 27.8
1450 10252 21.3
1500 7396 15.5
1550 5104 10.5
1600 3370 6.8
1650 2128 4.1
1700 1284 2.4
1750 740 1.4
1800 406 0.8
1850 212 0.4
1900 106 0.2
1950 50 0
2000 0 0



Ageing_error:
  Misclassification matrix:
1 0 0 0 0 0 0 0 0 0 0 0 0 0 0 0 0 0 0 0 0 0 0 0 0 0 0 0 0 0 0 0 0 0 0 
0 1 0 0 0 0 0 0 0 0 0 0 0 0 0 0 0 0 0 0 0 0 0 0 0 0 0 0 0 0 0 0 0 0 0 
0 0 1 0 0 0 0 0 0 0 0 0 0 0 0 0 0 0 0 0 0 0 0 0 0 0 0 0 0 0 0 0 0 0 0 
0 0 0 1 0 0 0 0 0 0 0 0 0 0 0 0 0 0 0 0 0 0 0 0 0 0 0 0 0 0 0 0 0 0 0 
0 0 0 0 1 0 0 0 0 0 0 0 0 0 0 0 0 0 0 0 0 0 0 0 0 0 0 0 0 0 0 0 0 0 0 
0 0 0 0 0 1 0 0 0 0 0 0 0 0 0 0 0 0 0 0 0 0 0 0 0 0 0 0 0 0 0 0 0 0 0 
0 0 0 0 0 0 1 0 0 0 0 0 0 0 0 0 0 0 0 0 0 0 0 0 0 0 0 0 0 0 0 0 0 0 0 
0 0 0 0 0 0 0 1 0 0 0 0 0 0 0 0 0 0 0 0 0 0 0 0 0 0 0 0 0 0 0 0 0 0 0 
0 0 0 0 0 0 0 0 1 0 0 0 0 0 0 0 0 0 0 0 0 0 0 0 0 0 0 0 0 0 0 0 0 0 0 
0 0 0 0 0 0 0 0 0 1 0 0 0 0 0 0 0 0 0 0 0 0 0 0 0 0 0 0 0 0 0 0 0 0 0 
0 0 0 0 0 0 0 0 0 0 1 0 0 0 0 0 0 0 0 0 0 0 0 0 0 0 0 0 0 0 0 0 0 0 0 
0 0 0 0 0 0 0 0 0 0 0 1 0 0 0 0 0 0 0 0 0 0 0 0 0 0 0 0 0 0 0 0 0 0 0 
0 0 0 0 0 0 0 0 0 0 0 0 1 0 0 0 0 0 0 0 0 0 0 0 0 0 0 0 0 0 0 0 0 0 0 
0 0 0 0 0 0 0 0 0 0 0 0 0 1 0 0 0 0 0 0 0 0 0 0 0 0 0 0 0 0 0 0 0 0 0 
0 0 0 0 0 0 0 0 0 0 0 0 0 0 1 0 0 0 0 0 0 0 0 0 0 0 0 0 0 0 0 0 0 0 0 
0 0 0 0 0 0 0 0 0 0 0 0 0 0 0 1 0 0 0 0 0 0 0 0 0 0 0 0 0 0 0 0 0 0 0 
0 0 0 0 0 0 0 0 0 0 0 0 0 0 0 0 1 0 0 0 0 0 0 0 0 0 0 0 0 0 0 0 0 0 0 
0 0 0 0 0 0 0 0 0 0 0 0 0 0 0 0 0 1 0 0 0 0 0 0 0 0 0 0 0 0 0 0 0 0 0 
0 0 0 0 0 0 0 0 0 0 0 0 0 0 0 0 0 0 1 0 0 0 0 0 0 0 0 0 0 0 0 0 0 0 0 
0 0 0 0 0 0 0 0 0 0 0 0 0 0 0 0 0 0 0 1 0 0 0 0 0 0 0 0 0 0 0 0 0 0 0 
0 0 0 0 0 0 0 0 0 0 0 0 0 0 0 0 0 0 0 0 1 0 0 0 0 0 0 0 0 0 0 0 0 0 0 
0 0 0 0 0 0 0 0 0 0 0 0 0 0 0 0 0 0 0 0 0 1 0 0 0 0 0 0 0 0 0 0 0 0 0 
0 0 0 0 0 0 0 0 0 0 0 0 0 0 0 0 0 0 0 0 0 0 1 0 0 0 0 0 0 0 0 0 0 0 0 
0 0 0 0 0 0 0 0 0 0 0 0 0 0 0 0 0 0 0 0 0 0 0 1 0 0 0 0 0 0 0 0 0 0 0 
0 0 0 0 0 0 0 0 0 0 0 0 0 0 0 0 0 0 0 0 0 0 0 0 1 0 0 0 0 0 0 0 0 0 0 
0 0 0 0 0 0 0 0 0 0 0 0 0 0 0 0 0 0 0 0 0 0 0 0 0 1 0 0 0 0 0 0 0 0 0 
0 0 0 0 0 0 0 0 0 0 0 0 0 0 0 0 0 0 0 0 0 0 0 0 0 0 1 0 0 0 0 0 0 0 0 
0 0 0 0 0 0 0 0 0 0 0 0 0 0 0 0 0 0 0 0 0 0 0 0 0 0 0 1 0 0 0 0 0 0 0 
0 0 0 0 0 0 0 0 0 0 0 0 0 0 0 0 0 0 0 0 0 0 0 0 0 0 0 0 1 0 0 0 0 0 0 
0 0 0 0 0 0 0 0 0 0 0 0 0 0 0 0 0 0 0 0 0 0 0 0 0 0 0 0 0 1 0 0 0 0 0 
0 0 0 0 0 0 0 0 0 0 0 0 0 0 0 0 0 0 0 0 0 0 0 0 0 0 0 0 0 0 1 0 0 0 0 
0 0 0 0 0 0 0 0 0 0 0 0 0 0 0 0 0 0 0 0 0 0 0 0 0 0 0 0 0 0 0 1 0 0 0 
0 0 0 0 0 0 0 0 0 0 0 0 0 0 0 0 0 0 0 0 0 0 0 0 0 0 0 0 0 0 0 0 1 0 0 
0 0 0 0 0 0 0 0 0 0 0 0 0 0 0 0 0 0 0 0 0 0 0 0 0 0 0 0 0 0 0 0 0 1 0 
0 0 0 0 0 0 0 0 0 0 0 0 0 0 0 0 0 0 0 0 0 0 0 0 0 0 0 0 0 0 0 0 0 0 1 

Free parameters:

initialization.B0
uniform: bounds from 5000 to 500000
current value: 254685
lower bound: 5000
upper bound: 500000

recruitment.YCS
lognormal with means 1 1 1 1 1 1 1 1 1 1 1 1 1 1 1 1 1 1 1 1 1 c.v.s 1 1 1 1 1 1 1 1 1 1 1 1 1 1 1 1 1 1 1 1 1 :
bounds of
1 1 1 1 1 1 1 1 1 1 1 1 1 1 1 1 1 1 1 1 1 
1 1 1 1 1 1 1 1 1 1 1 1 1 1 1 1 1 1 1 1 1 
current values: 1 1 1 1 1 1 1 1 1 1 1 1 1 1 1 1 1 1 1 1 1 
lower bounds: 1 1 1 1 1 1 1 1 1 1 1 1 1 1 1 1 1 1 1 1 1 
upper bounds: 1 1 1 1 1 1 1 1 1 1 1 1 1 1 1 1 1 1 1 1 1 


Q's:
qs are nuisance parameters

Penalties:
LL_Penalty :
Catch limit penalty of 1000 x the sum of squares of (log(actual catch) - log(specified catch)) for fishery LL to disencourage breaking exploitation rate limits
meanYCS_1 :
Vector average penalty of 100 x square of (mean(recruitment.YCS) - 1) 
Penalty_Tags2005_R1_LL :
'Fish-must-be-tagged' penalty of 1 x square of (actual number of tagged fish - nominal number of tagged fish) for tagging episode Tags2005_R1_LL
Penalty_Tags2006_R1_LL :
'Fish-must-be-tagged' penalty of 1 x square of (actual number of tagged fish - nominal number of tagged fish) for tagging episode Tags2006_R1_LL
Penalty_Tags2007_R1_LL :
'Fish-must-be-tagged' penalty of 1 x square of (actual number of tagged fish - nominal number of tagged fish) for tagging episode Tags2007_R1_LL
Penalty_Tags2008_R1_LL :
'Fish-must-be-tagged' penalty of 1 x square of (actual number of tagged fish - nominal number of tagged fish) for tagging episode Tags2008_R1_LL
Penalty_Tags2009_R1_LL :
'Fish-must-be-tagged' penalty of 1 x square of (actual number of tagged fish - nominal number of tagged fish) for tagging episode Tags2009_R1_LL

Components of the objective function are:
  LL_catchA
  Tags2005_R1_R1
  Tags2006_R1_R1
  Tags2007_R1_R1
  Tags2008_R1_R1
  Tags2009_R1_R1
  prior_on_initialization.B0
  prior_on_recruitment.YCS
  LL_Penalty
  meanYCS_1
  Penalty_Tags2005_R1_LL
  Penalty_Tags2006_R1_LL
  Penalty_Tags2007_R1_LL
  Penalty_Tags2008_R1_LL
  Penalty_Tags2009_R1_LL

Random number seed : 46920


Minimiser achieved convergence after 9 quasi-Newton iterations using 14 objective function evaluations



Approximate Covariance matrix (Inverse Hessian of parameters at point estimate):
164089 0 0 0 0 0 0 0 0 0 0 0 0 0 0 0 0 0 0 0 0 0 
0 0 0 0 0 0 0 0 0 0 0 0 0 0 0 0 0 0 0 0 0 0 
0 0 0 0 0 0 0 0 0 0 0 0 0 0 0 0 0 0 0 0 0 0 
0 0 0 0 0 0 0 0 0 0 0 0 0 0 0 0 0 0 0 0 0 0 
0 0 0 0 0 0 0 0 0 0 0 0 0 0 0 0 0 0 0 0 0 0 
0 0 0 0 0 0 0 0 0 0 0 0 0 0 0 0 0 0 0 0 0 0 
0 0 0 0 0 0 0 0 0 0 0 0 0 0 0 0 0 0 0 0 0 0 
0 0 0 0 0 0 0 0 0 0 0 0 0 0 0 0 0 0 0 0 0 0 
0 0 0 0 0 0 0 0 0 0 0 0 0 0 0 0 0 0 0 0 0 0 
0 0 0 0 0 0 0 0 0 0 0 0 0 0 0 0 0 0 0 0 0 0 
0 0 0 0 0 0 0 0 0 0 0 0 0 0 0 0 0 0 0 0 0 0 
0 0 0 0 0 0 0 0 0 0 0 0 0 0 0 0 0 0 0 0 0 0 
0 0 0 0 0 0 0 0 0 0 0 0 0 0 0 0 0 0 0 0 0 0 
0 0 0 0 0 0 0 0 0 0 0 0 0 0 0 0 0 0 0 0 0 0 
0 0 0 0 0 0 0 0 0 0 0 0 0 0 0 0 0 0 0 0 0 0 
0 0 0 0 0 0 0 0 0 0 0 0 0 0 0 0 0 0 0 0 0 0 
0 0 0 0 0 0 0 0 0 0 0 0 0 0 0 0 0 0 0 0 0 0 
0 0 0 0 0 0 0 0 0 0 0 0 0 0 0 0 0 0 0 0 0 0 
0 0 0 0 0 0 0 0 0 0 0 0 0 0 0 0 0 0 0 0 0 0 
0 0 0 0 0 0 0 0 0 0 0 0 0 0 0 0 0 0 0 0 0 0 
0 0 0 0 0 0 0 0 0 0 0 0 0 0 0 0 0 0 0 0 0 0 
0 0 0 0 0 0 0 0 0 0 0 0 0 0 0 0 0 0 0 0 0 0 

Correlation matrix:
1 -1.#IND -1.#IND -1.#IND -1.#IND -1.#IND -1.#IND -1.#IND -1.#IND -1.#IND -1.#IND -1.#IND -1.#IND -1.#IND -1.#IND -1.#IND -1.#IND -1.#IND -1.#IND -1.#IND -1.#IND -1.#IND 
-1.#IND -1.#IND -1.#IND -1.#IND -1.#IND -1.#IND -1.#IND -1.#IND -1.#IND -1.#IND -1.#IND -1.#IND -1.#IND -1.#IND -1.#IND -1.#IND -1.#IND -1.#IND -1.#IND -1.#IND -1.#IND -1.#IND 
-1.#IND -1.#IND -1.#IND -1.#IND -1.#IND -1.#IND -1.#IND -1.#IND -1.#IND -1.#IND -1.#IND -1.#IND -1.#IND -1.#IND -1.#IND -1.#IND -1.#IND -1.#IND -1.#IND -1.#IND -1.#IND -1.#IND 
-1.#IND -1.#IND -1.#IND -1.#IND -1.#IND -1.#IND -1.#IND -1.#IND -1.#IND -1.#IND -1.#IND -1.#IND -1.#IND -1.#IND -1.#IND -1.#IND -1.#IND -1.#IND -1.#IND -1.#IND -1.#IND -1.#IND 
-1.#IND -1.#IND -1.#IND -1.#IND -1.#IND -1.#IND -1.#IND -1.#IND -1.#IND -1.#IND -1.#IND -1.#IND -1.#IND -1.#IND -1.#IND -1.#IND -1.#IND -1.#IND -1.#IND -1.#IND -1.#IND -1.#IND 
-1.#IND -1.#IND -1.#IND -1.#IND -1.#IND -1.#IND -1.#IND -1.#IND -1.#IND -1.#IND -1.#IND -1.#IND -1.#IND -1.#IND -1.#IND -1.#IND -1.#IND -1.#IND -1.#IND -1.#IND -1.#IND -1.#IND 
-1.#IND -1.#IND -1.#IND -1.#IND -1.#IND -1.#IND -1.#IND -1.#IND -1.#IND -1.#IND -1.#IND -1.#IND -1.#IND -1.#IND -1.#IND -1.#IND -1.#IND -1.#IND -1.#IND -1.#IND -1.#IND -1.#IND 
-1.#IND -1.#IND -1.#IND -1.#IND -1.#IND -1.#IND -1.#IND -1.#IND -1.#IND -1.#IND -1.#IND -1.#IND -1.#IND -1.#IND -1.#IND -1.#IND -1.#IND -1.#IND -1.#IND -1.#IND -1.#IND -1.#IND 
-1.#IND -1.#IND -1.#IND -1.#IND -1.#IND -1.#IND -1.#IND -1.#IND -1.#IND -1.#IND -1.#IND -1.#IND -1.#IND -1.#IND -1.#IND -1.#IND -1.#IND -1.#IND -1.#IND -1.#IND -1.#IND -1.#IND 
-1.#IND -1.#IND -1.#IND -1.#IND -1.#IND -1.#IND -1.#IND -1.#IND -1.#IND -1.#IND -1.#IND -1.#IND -1.#IND -1.#IND -1.#IND -1.#IND -1.#IND -1.#IND -1.#IND -1.#IND -1.#IND -1.#IND 
-1.#IND -1.#IND -1.#IND -1.#IND -1.#IND -1.#IND -1.#IND -1.#IND -1.#IND -1.#IND -1.#IND -1.#IND -1.#IND -1.#IND -1.#IND -1.#IND -1.#IND -1.#IND -1.#IND -1.#IND -1.#IND -1.#IND 
-1.#IND -1.#IND -1.#IND -1.#IND -1.#IND -1.#IND -1.#IND -1.#IND -1.#IND -1.#IND -1.#IND -1.#IND -1.#IND -1.#IND -1.#IND -1.#IND -1.#IND -1.#IND -1.#IND -1.#IND -1.#IND -1.#IND 
-1.#IND -1.#IND -1.#IND -1.#IND -1.#IND -1.#IND -1.#IND -1.#IND -1.#IND -1.#IND -1.#IND -1.#IND -1.#IND -1.#IND -1.#IND -1.#IND -1.#IND -1.#IND -1.#IND -1.#IND -1.#IND -1.#IND 
-1.#IND -1.#IND -1.#IND -1.#IND -1.#IND -1.#IND -1.#IND -1.#IND -1.#IND -1.#IND -1.#IND -1.#IND -1.#IND -1.#IND -1.#IND -1.#IND -1.#IND -1.#IND -1.#IND -1.#IND -1.#IND -1.#IND 
-1.#IND -1.#IND -1.#IND -1.#IND -1.#IND -1.#IND -1.#IND -1.#IND -1.#IND -1.#IND -1.#IND -1.#IND -1.#IND -1.#IND -1.#IND -1.#IND -1.#IND -1.#IND -1.#IND -1.#IND -1.#IND -1.#IND 
-1.#IND -1.#IND -1.#IND -1.#IND -1.#IND -1.#IND -1.#IND -1.#IND -1.#IND -1.#IND -1.#IND -1.#IND -1.#IND -1.#IND -1.#IND -1.#IND -1.#IND -1.#IND -1.#IND -1.#IND -1.#IND -1.#IND 
-1.#IND -1.#IND -1.#IND -1.#IND -1.#IND -1.#IND -1.#IND -1.#IND -1.#IND -1.#IND -1.#IND -1.#IND -1.#IND -1.#IND -1.#IND -1.#IND -1.#IND -1.#IND -1.#IND -1.#IND -1.#IND -1.#IND 
-1.#IND -1.#IND -1.#IND -1.#IND -1.#IND -1.#IND -1.#IND -1.#IND -1.#IND -1.#IND -1.#IND -1.#IND -1.#IND -1.#IND -1.#IND -1.#IND -1.#IND -1.#IND -1.#IND -1.#IND -1.#IND -1.#IND 
-1.#IND -1.#IND -1.#IND -1.#IND -1.#IND -1.#IND -1.#IND -1.#IND -1.#IND -1.#IND -1.#IND -1.#IND -1.#IND -1.#IND -1.#IND -1.#IND -1.#IND -1.#IND -1.#IND -1.#IND -1.#IND -1.#IND 
-1.#IND -1.#IND -1.#IND -1.#IND -1.#IND -1.#IND -1.#IND -1.#IND -1.#IND -1.#IND -1.#IND -1.#IND -1.#IND -1.#IND -1.#IND -1.#IND -1.#IND -1.#IND -1.#IND -1.#IND -1.#IND -1.#IND 
-1.#IND -1.#IND -1.#IND -1.#IND -1.#IND -1.#IND -1.#IND -1.#IND -1.#IND -1.#IND -1.#IND -1.#IND -1.#IND -1.#IND -1.#IND -1.#IND -1.#IND -1.#IND -1.#IND -1.#IND -1.#IND -1.#IND 
-1.#IND -1.#IND -1.#IND -1.#IND -1.#IND -1.#IND -1.#IND -1.#IND -1.#IND -1.#IND -1.#IND -1.#IND -1.#IND -1.#IND -1.#IND -1.#IND -1.#IND -1.#IND -1.#IND -1.#IND -1.#IND -1.#IND 

List of parameter names, in the same order as the rows & cols of the covariance/correlation matrices:
initialization.B0 recruitment.YCS 21 



Start extracting output from here

Point estimate:
initialization.B0
current value: 52652.9
lower bound: 5000
upper bound: 500000

recruitment.YCS
current values: 1 1 1 1 1 1 1 1 1 1 1 1 1 1 1 1 1 1 1 1 1 
lower bounds: 1 1 1 1 1 1 1 1 1 1 1 1 1 1 1 1 1 1 1 1 1 
upper bounds: 1 1 1 1 1 1 1 1 1 1 1 1 1 1 1 1 1 1 1 1 1 


In a format suitable for -i :

initialization.B0 recruitment.YCS 21 
52652.9 1 1 1 1 1 1 1 1 1 1 1 1 1 1 1 1 1 1 1 1 1 

Objective function : 1069.17

Components :
LL_catchA                                          312.411
Tags2005_R1_R1                                     227.427
Tags2006_R1_R1                                     194.847
Tags2007_R1_R1                                     158.883
Tags2008_R1_R1                                     110.088
Tags2009_R1_R1                                     63.6945
prior_on_initialization.B0                         0
prior_on_recruitment.YCS                           1.81951
LL_Penalty                                         0
meanYCS_1                                          0
Penalty_Tags2005_R1_LL                             2.06795e-025
Penalty_Tags2006_R1_LL                             3.30872e-024
Penalty_Tags2007_R1_LL                             1.86116e-024
Penalty_Tags2008_R1_LL                             2.06795e-025
Penalty_Tags2009_R1_LL                             0

Fits : 

The observations are:
LL_catchA
Tags2005_R1_R1
Tags2006_R1_R1
Tags2007_R1_R1
Tags2008_R1_R1
Tags2009_R1_R1
Fits follow:

LL_catchA :
catch proportions-at-age for fishery LL  with ageing error (not constrained to sum to 1):
obs (last class is a plus group):
class 1       2       3       4       5       6       7       8       9       10      11      12      13      14      15      16      17      18      19      20      21      22      23      24      25      26      27      28      29      30      31      32      33      34      35      
2000 0       0       0       0.001   0.003   0.024   0.057   0.117   0.154   0.15    0.132   0.085   0.058   0.055   0.035   0.029   0.022   0.019   0.015   0.012   0.007   0.006   0.002   0.005   0.005   0.002   0.003   0       0       0.002   0       0       0       0       0       
2001 0       0       0       0.001   0.004   0.025   0.049   0.12    0.159   0.175   0.112   0.1     0.068   0.036   0.042   0.023   0.02    0.01    0.011   0.01    0.009   0.005   0.006   0.002   0.004   0.004   0.003   0.001   0       0       0       0.001   0       0       0       
2002 0       0       0       0.001   0.003   0.021   0.057   0.129   0.157   0.177   0.11    0.088   0.053   0.051   0.04    0.026   0.024   0.014   0.01    0.008   0.013   0.004   0.004   0.001   0.002   0.001   0.004   0.001   0       0       0       0       0       0       0.001   
2003 0       0       0       0.001   0.003   0.023   0.068   0.117   0.162   0.18    0.13    0.088   0.061   0.042   0.034   0.023   0.022   0.009   0.008   0.005   0.006   0.002   0.004   0.001   0.002   0.003   0.001   0.001   0.001   0.001   0       0       0       0.001   0.001   
2004 0       0       0       0       0.003   0.02    0.053   0.146   0.175   0.153   0.123   0.095   0.073   0.036   0.032   0.024   0.023   0.009   0.011   0.008   0.005   0.002   0.005   0       0       0.003   0       0       0       0       0       0.001   0       0       0       
2005 0       0       0       0.003   0.008   0.025   0.074   0.146   0.179   0.138   0.115   0.084   0.057   0.047   0.026   0.022   0.028   0.012   0.006   0.005   0.005   0.004   0.002   0.002   0.004   0.001   0       0.002   0.001   0.001   0.001   0.001   0       0       0.001   
2006 0       0       0       0.001   0.004   0.026   0.071   0.122   0.195   0.168   0.107   0.062   0.056   0.045   0.042   0.027   0.021   0.011   0.01    0.003   0.007   0.006   0.003   0.002   0.006   0.003   0       0       0.001   0       0       0       0       0       0.001   
2007 0       0       0       0       0.005   0.032   0.078   0.135   0.164   0.185   0.096   0.076   0.07    0.044   0.035   0.026   0.012   0.01    0.008   0.004   0.007   0.003   0.003   0.001   0.002   0.002   0.002   0       0       0       0       0       0       0       0       
2008 0       0       0.001   0.002   0.009   0.017   0.08    0.131   0.174   0.152   0.118   0.096   0.061   0.042   0.036   0.019   0.016   0.009   0.011   0.009   0.007   0.002   0       0.003   0.001   0.001   0       0       0.001   0.001   0       0       0.001   0       0       
2009 0       0       0       0       0.005   0.02    0.063   0.132   0.186   0.172   0.123   0.081   0.054   0.054   0.03    0.013   0.016   0.017   0.011   0.005   0.005   0.001   0.005   0.002   0.003   0.002   0       0       0       0       0       0       0       0       0       
2010 0       0       0       0.004   0.004   0.022   0.055   0.153   0.195   0.176   0.103   0.079   0.069   0.034   0.034   0.015   0.012   0.012   0.005   0.007   0.007   0.003   0.004   0.001   0.001   0.001   0.001   0.001   0.001   0       0       0       0       0       0.001   
fits (last class is a plus group):
class 1       2       3       4       5       6       7       8       9       10      11      12      13      14      15      16      17      18      19      20      21      22      23      24      25      26      27      28      29      30      31      32      33      34      35      
2000 4.85521e-007 8.20092e-006 9.78627e-005 0.000824995 0.00491191 0.0206235 0.0606958 0.12325 0.168634 0.154029 0.114466 0.0848101 0.0628101 0.0466018 0.0347214 0.026088 0.0199404 0.0156911 0.0127478 0.0104788 0.00855755 0.00692605 0.00554217 0.00437484 0.00339993 0.00259703 0.00194721 0.00143171 0.00103168 0.000728359 0.000503795 0.000341475 0.000226895 0.000147867 0.000811099 
2001 4.95758e-007 8.38111e-006 0.000100101 0.000844628 0.00503335 0.0211507 0.0622738 0.126351 0.172288 0.156288 0.115509 0.0847759 0.0622019 0.0457339 0.0337613 0.0250729 0.0188031 0.0143578 0.0112918 0.00916862 0.00752992 0.00613983 0.00495728 0.00395316 0.00310635 0.0024004 0.00182107 0.00135467 0.000987223 0.000704455 0.000492113 0.00033658 0.000225456 0.000147976 0.000829452 
2002 5.05196e-007 8.54809e-006 0.000102184 0.000862966 0.0051472 0.0216469 0.0637628 0.129275 0.175693 0.15831 0.116004 0.0846796 0.0615595 0.0448574 0.0328309 0.0241714 0.0179284 0.0134407 0.0102644 0.00807342 0.00655374 0.00537735 0.0043765 0.00352321 0.00279804 0.00218702 0.00167906 0.00126415 0.000932272 0.000672911 0.000475193 0.000328283 0.000221912 0.000146842 0.000845085 
2003 5.13991e-007 8.70463e-006 0.000104146 0.000880297 0.00525514 0.0221186 0.0651812 0.132055 0.17889 0.160127 0.11635 0.0842138 0.060904 0.0439873 0.0319219 0.0233143 0.0171542 0.012728 0.00954966 0.00729868 0.00574302 0.00466045 0.00381892 0.00310056 0.0024869 0.00196533 0.0015267 0.00116353 0.000868659 0.000634607 0.000453377 0.000316658 0.000216231 0.000144403 0.000857791 
2004 5.22289e-007 8.85333e-006 0.000106019 0.000896907 0.00535887 0.0225729 0.0665484 0.134726 0.18192 0.161767 0.116562 0.0836651 0.060009 0.0431326 0.03104 0.0224916 0.0164273 0.0120993 0.00899078 0.00675567 0.00516869 0.00406816 0.00329886 0.00269797 0.00218342 0.00174334 0.00136969 0.00105651 0.000798607 0.000590744 0.000427228 0.000301915 0.000208452 0.000140634 0.000867334 
2005 5.3022e-007 8.9966e-006 0.000107834 0.00091307 0.00546011 0.023017 0.067885 0.137327 0.184822 0.163252 0.116647 0.083035 0.0590758 0.0421283 0.0301867 0.0217035 0.0157373 0.0115139 0.00849919 0.00632941 0.0047641 0.00364826 0.00287099 0.00232477 0.00189605 0.00152809 0.0012134 0.000946885 0.000724579 0.000542779 0.000397521 0.00028441 0.000198701 0.000135553 0.00087347 
2006 5.37986e-007 9.13834e-006 0.000109641 0.000929224 0.00556155 0.0234626 0.0692242 0.139916 0.18765 0.164597 0.116597 0.0823104 0.0580911 0.0411078 0.0292398 0.0209456 0.0150805 0.010962 0.00804408 0.00595529 0.00444577 0.00335159 0.00256773 0.00201891 0.00163108 0.00132533 0.00106265 0.000838358 0.000649187 0.000492406 0.00036526 0.000264679 0.000187231 0.000129257 0.000876142 
2007 5.456e-007 9.27867e-006 0.000111446 0.000945451 0.00566381 0.0239126 0.0705769 0.142519 0.190446 0.165837 0.116423 0.081488 0.0570481 0.0400633 0.0282937 0.0201328 0.0144527 0.0104397 0.00761717 0.00561031 0.0041667 0.00311759 0.00235281 0.00180199 0.0014143 0.00113885 0.00092096 0.000733874 0.000574669 0.000441176 0.000331421 0.000243274 0.000174313 0.000121855 0.000875024 
2008 5.53147e-007 9.41951e-006 0.000113272 0.000961989 0.00576845 0.0243742 0.0719641 0.145174 0.193248 0.166987 0.116129 0.0805613 0.055935 0.0389835 0.0273386 0.0193282 0.0137936 0.00994247 0.00721482 0.00528806 0.00391027 0.0029128 0.00218318 0.00164809 0.00126065 0.000986609 0.000790967 0.0006359 0.000503085 0.000390648 0.000297078 0.000220868 0.000160329 0.000113538 0.000870031 
2009 5.60705e-007 9.56255e-006 0.000115145 0.000979052 0.00587708 0.0248546 0.0734082 0.147925 0.196094 0.168059 0.115709 0.0795232 0.0547414 0.0378561 0.0263636 0.0185228 0.0131451 0.00942773 0.00683301 0.00498528 0.00367148 0.00272513 0.00203494 0.00152661 0.00115162 0.000878803 0.000685031 0.00054617 0.000436067 0.00034218 0.00026325 0.000198158 0.00014571 0.000104544 0.000861202 
2010 5.68342e-007 9.70949e-006 0.00011709 0.000996908 0.00599125 0.0253619 0.074934 0.150818 0.199028 0.169061 0.115149 0.0783576 0.0534551 0.0366697 0.0253576 0.0177072 0.0124996 0.00892352 0.00644162 0.00469855 0.00344761 0.00255079 0.0018994 0.00142061 0.00106562 0.000802378 0.00061013 0.000473158 0.000374759 0.000296848 0.000230829 0.000175805 0.000130901 9.51461e-005 0.00084872 
resids (last class is a plus group):
class 1       2       3       4       5       6       7       8       9       10      11      12      13      14      15      16      17      18      19      20      21      22      23      24      25      26      27      28      29      30      31      32      33      34      35      
2000 -4.85521e-007 -8.20092e-006 -9.78627e-005 0.000175005 -0.00191191 0.00337654 -0.00369583 -0.00625015 -0.0146345 -0.00402909 0.0175337 0.000189875 -0.00481013 0.00839817 0.000278603 0.002912 0.00205955 0.0033089 0.0022522 0.00152118 -0.00155755 -0.000926047 -0.00354217 0.000625164 0.00160007 -0.000597032 0.00105279 -0.00143171 -0.00103168 0.00127164 -0.000503795 -0.000341475 -0.000226895 -0.000147867 -0.000811099 
2001 -4.95758e-007 -8.38111e-006 -0.000100101 0.000155372 -0.00103335 0.00384925 -0.0132738 -0.00635131 -0.0132877 0.0187122 -0.00350862 0.0152241 0.00579811 -0.00973385 0.00823871 -0.00207292 0.00119692 -0.00435785 -0.000291771 0.000831377 0.00147008 -0.00113983 0.00104272 -0.00195316 0.000893655 0.0015996 0.00117893 -0.000354666 -0.000987223 -0.000704455 -0.000492113 0.00066342 -0.000225456 -0.000147976 -0.000829452 
2002 -5.05196e-007 -8.54809e-006 -0.000102184 0.000137034 -0.0021472 -0.000646896 -0.00676283 -0.000275057 -0.0186928 0.0186903 -0.00600407 0.00332038 -0.00855951 0.00614256 0.0071691 0.00182862 0.0060716 0.000559296 -0.000264373 -7.34241e-005 0.00644626 -0.00137735 -0.000376498 -0.00252321 -0.000798041 -0.00118702 0.00232094 -0.000264153 -0.000932272 -0.000672911 -0.000475193 -0.000328283 -0.000221912 -0.000146842 0.000154915 
2003 -5.13991e-007 -8.70463e-006 -0.000104146 0.000119703 -0.00225514 0.000881393 0.0028188 -0.015055 -0.0168901 0.0198731 0.0136496 0.00378619 9.60359e-005 -0.00198731 0.00207808 -0.000314306 0.00484577 -0.00372799 -0.00154966 -0.00229868 0.000256978 -0.00266045 0.000181081 -0.00210056 -0.000486902 0.00103467 -0.000526702 -0.000163529 0.000131341 0.000365393 -0.000453377 -0.000316658 -0.000216231 0.000855597 0.000142209 
2004 -5.22289e-007 -8.85333e-006 -0.000106019 -0.000896907 -0.00235887 -0.00257292 -0.0135484 0.0112735 -0.00691965 -0.00876663 0.00643804 0.0113349 0.012991 -0.00713256 0.00096001 0.00150837 0.00657274 -0.00309928 0.00200922 0.00124433 -0.000168687 -0.00206816 0.00170114 -0.00269797 -0.00218342 0.00125666 -0.00136969 -0.00105651 -0.000798607 -0.000590744 -0.000427228 0.000698085 -0.000208452 -0.000140634 -0.000867334 
2005 -5.3022e-007 -8.9966e-006 -0.000107834 0.00208693 0.00253989 0.00198295 0.00611504 0.00867295 -0.00582211 -0.0252523 -0.00164721 0.000964962 -0.00207576 0.00487167 -0.00418674 0.000296465 0.0122627 0.000486053 -0.00249919 -0.00132941 0.000235902 0.000351735 -0.000870988 -0.00032477 0.00210395 -0.000528088 -0.0012134 0.00105311 0.000275421 0.000457221 0.000602479 0.00071559 -0.000198701 -0.000135553 0.00012653 
2006 -5.37986e-007 -9.13834e-006 -0.000109641 7.0776e-005 -0.00156155 0.00253742 0.00177575 -0.0179157 0.00734966 0.00340255 -0.0095974 -0.0203104 -0.00209106 0.00389218 0.0127602 0.00605442 0.00591953 3.79768e-005 0.00195592 -0.00295529 0.00255423 0.00264841 0.000432267 -1.89123e-005 0.00436892 0.00167467 -0.00106265 -0.000838358 0.000350813 -0.000492406 -0.00036526 -0.000264679 -0.000187231 -0.000129257 0.000123858 
2007 -5.456e-007 -9.27867e-006 -0.000111446 -0.000945451 -0.000663811 0.00808739 0.00742307 -0.00751862 -0.0264464 0.0191631 -0.0204234 -0.00548797 0.0129519 0.00393669 0.00670625 0.00586717 -0.00245273 -0.000439655 0.00038283 -0.00161031 0.0028333 -0.000117592 0.000647186 -0.000801991 0.000585697 0.000861153 0.00107904 -0.000733874 -0.000574669 -0.000441176 -0.000331421 -0.000243274 -0.000174313 -0.000121855 -0.000875024 
2008 -5.53147e-007 -9.41951e-006 0.000886728 0.00103801 0.00323155 -0.00737418 0.00803588 -0.0141744 -0.0192477 -0.0149874 0.00187098 0.0154387 0.00506499 0.0030165 0.00866144 -0.000328229 0.00220645 -0.000942472 0.00378518 0.00371194 0.00308973 -0.000912796 -0.00218318 0.00135191 -0.000260648 1.33915e-005 -0.000790967 -0.0006359 0.000496915 0.000609352 -0.000297078 -0.000220868 0.000839671 -0.000113538 -0.000870031 
2009 -5.60705e-007 -9.56255e-006 -0.000115145 -0.000979052 -0.000877077 -0.0048546 -0.0104082 -0.0159251 -0.0100935 0.00394078 0.00729118 0.00147676 -0.000741386 0.0161439 0.00363638 -0.00552281 0.00285495 0.00757227 0.00416699 1.47223e-005 0.00132852 -0.00172513 0.00296506 0.00047339 0.00184838 0.0011212 -0.000685031 -0.00054617 -0.000436067 -0.00034218 -0.00026325 -0.000198158 -0.00014571 -0.000104544 -0.000861202 
2010 -5.68342e-007 -9.70949e-006 -0.00011709 0.00300309 -0.00199125 -0.00336187 -0.019934 0.0021822 -0.00402849 0.00693945 -0.0121486 0.000642449 0.0155449 -0.00266968 0.00864242 -0.00270722 -0.00049959 0.00307648 -0.00144162 0.00230145 0.00355239 0.000449213 0.0021006 -0.000420609 -6.5621e-005 0.000197622 0.00038987 0.000526842 0.000625241 -0.000296848 -0.000230829 -0.000175805 -0.000130901 -9.51461e-005 0.00015128 
pearson_resids (last class is a plus group):
class 1       2       3       4       5       6       7       8       9       10      11      12      13      14      15      16      17      18      19      20      21      22      23      24      25      26      27      28      29      30      31      32      33      34      35      
2000 -0.00696794 -0.0286374 -0.0989304 0.0609543 -0.273471 0.237584 -0.154785 -0.190134 -0.390848 -0.111616 0.550723 0.00681536 -0.198257 0.398425 0.0152181 0.182688 0.147326 0.266251 0.200759 0.149387 -0.169096 -0.11166 -0.47713 0.0947251 0.274881 -0.117307 0.238815 -0.378651 -0.321363 0.471357 -0.22451 -0.184822 -0.150647 -0.12161 -0.284914 
2001 -0.00704101 -0.0289503 -0.100056 0.0534838 -0.146021 0.26752 -0.549293 -0.191163 -0.351871 0.515307 -0.10977 0.546553 0.240066 -0.465941 0.45615 -0.132585 0.0881196 -0.366326 -0.0276139 0.087226 0.170054 -0.145915 0.148465 -0.311262 0.160591 0.326883 0.276515 -0.0964268 -0.314356 -0.265509 -0.221891 0.361674 -0.150169 -0.121654 -0.288122 
2002 -0.00710771 -0.0292372 -0.101091 0.0466682 -0.30006 -0.0444518 -0.276791 -0.00819832 -0.491193 0.51202 -0.187493 0.119265 -0.356121 0.296755 0.402321 0.119066 0.457573 0.0485701 -0.0262296 -0.00820484 0.798897 -0.188334 -0.0570363 -0.425843 -0.15108 -0.254101 0.566887 -0.0743414 -0.305474 -0.259493 -0.218041 -0.181216 -0.148984 -0.121187 0.0533123 
2003 -0.00716932 -0.0295037 -0.102057 0.040363 -0.311907 0.0599304 0.114193 -0.444689 -0.440694 0.541908 0.425693 0.136337 0.00401565 -0.0969105 0.118213 -0.0208288 0.373194 -0.332565 -0.159341 -0.270052 0.0340077 -0.390621 0.0293585 -0.377824 -0.0977581 0.233622 -0.134902 -0.0479687 0.0445826 0.145093 -0.212975 -0.177977 -0.147064 0.712052 0.0485761 
2004 -0.00722696 -0.0297547 -0.102971 -0.299618 -0.323098 -0.173217 -0.543592 0.330185 -0.179368 -0.238071 0.200626 0.409374 0.54698 -0.351089 0.0553557 0.101727 0.517083 -0.283481 0.212858 0.151905 -0.0235243 -0.324916 0.296672 -0.520122 -0.467781 0.301235 -0.370347 -0.325212 -0.282709 -0.243124 -0.206739 0.40182 -0.144394 -0.118598 -0.294633 
2005 -0.00728162 -0.0299945 -0.103849 0.690962 0.34467 0.132234 0.243096 0.25198 -0.149995 -0.683241 -0.0513151 0.0349706 -0.0880432 0.242514 -0.244694 0.0203457 0.985296 0.0455603 -0.272247 -0.167631 0.0342592 0.05834 -0.162787 -0.067436 0.48364 -0.135196 -0.348551 0.342399 0.102355 0.196306 0.302237 0.424379 -0.140975 -0.116435 0.042831 
2006 -0.00733475 -0.0302298 -0.104715 0.0232289 -0.209976 0.167633 0.0699569 -0.516452 0.188244 0.0917583 -0.29904 -0.738999 -0.0893937 0.196041 0.757378 0.422788 0.485712 0.00364726 0.218961 -0.384101 0.383931 0.458236 0.0854153 -0.00421332 1.08266 0.460313 -0.326156 -0.289666 0.137731 -0.221957 -0.191153 -0.162711 -0.136845 -0.113699 0.0418627 
2007 -0.00738647 -0.030461 -0.105574 -0.307627 -0.0884552 0.529359 0.289831 -0.215075 -0.67353 0.515228 -0.636774 -0.200596 0.558429 0.200741 0.404452 0.417727 -0.205512 -0.0432561 0.0440321 -0.215595 0.439849 -0.0210933 0.133582 -0.189097 0.155851 0.255326 0.355727 -0.271001 -0.239791 -0.210088 -0.18208 -0.155991 -0.132039 -0.110395 -0.295937 
2008 -0.00743739 -0.0306914 0.833208 0.334831 0.426714 -0.478197 0.310952 -0.402367 -0.487473 -0.401845 0.058399 0.567267 0.220412 0.155847 0.531155 -0.0238407 0.189179 -0.0949929 0.447245 0.511804 0.495071 -0.169376 -0.467756 0.333285 -0.0734566 0.0042655 -0.281353 -0.252251 0.2216  0.308361 -0.172385 -0.148633 0.663189 -0.10656 -0.295091 
2009 -0.00748803 -0.0309235 -0.107312 -0.313051 -0.114746 -0.311828 -0.39908 -0.448561 -0.25422 0.105391 0.227938 0.0545829 -0.032592 0.845901 0.22697 -0.409607 0.250663 0.783573 0.505831 0.00209034 0.219658 -0.330919 0.657962 0.121252 0.544989 0.378379 -0.261821 -0.233767 -0.208868 -0.185013 -0.162271 -0.140782 -0.120719 -0.102252 -0.293589 
2010 -0.00753885 -0.0311602 -0.108214 0.951607 -0.258031 -0.21383 -0.757128 0.0609774 -0.100896 0.185148 -0.380594 0.0239066 0.691069 -0.142043 0.549742 -0.205271 -0.0449673 0.327139 -0.180201 0.336545 0.606054 0.0890573 0.482447 -0.111673 -0.0201128 0.0697942 0.157885 0.242259 0.323038 -0.172318 -0.151948 -0.132603 -0.114419 -0.0975475 0.0519499 
objective function: multinomial likelihood, with delta = 1e-011, N =
100 100 100 100 100 100 100 100 100 100 100 100 100 100 100 100 100 100 100 100 100 100 100 100 100 100 100 100 100 100 100 100 100 100 100 
100 100 100 100 100 100 100 100 100 100 100 100 100 100 100 100 100 100 100 100 100 100 100 100 100 100 100 100 100 100 100 100 100 100 100 
100 100 100 100 100 100 100 100 100 100 100 100 100 100 100 100 100 100 100 100 100 100 100 100 100 100 100 100 100 100 100 100 100 100 100 
100 100 100 100 100 100 100 100 100 100 100 100 100 100 100 100 100 100 100 100 100 100 100 100 100 100 100 100 100 100 100 100 100 100 100 
100 100 100 100 100 100 100 100 100 100 100 100 100 100 100 100 100 100 100 100 100 100 100 100 100 100 100 100 100 100 100 100 100 100 100 
100 100 100 100 100 100 100 100 100 100 100 100 100 100 100 100 100 100 100 100 100 100 100 100 100 100 100 100 100 100 100 100 100 100 100 
100 100 100 100 100 100 100 100 100 100 100 100 100 100 100 100 100 100 100 100 100 100 100 100 100 100 100 100 100 100 100 100 100 100 100 
100 100 100 100 100 100 100 100 100 100 100 100 100 100 100 100 100 100 100 100 100 100 100 100 100 100 100 100 100 100 100 100 100 100 100 
100 100 100 100 100 100 100 100 100 100 100 100 100 100 100 100 100 100 100 100 100 100 100 100 100 100 100 100 100 100 100 100 100 100 100 
100 100 100 100 100 100 100 100 100 100 100 100 100 100 100 100 100 100 100 100 100 100 100 100 100 100 100 100 100 100 100 100 100 100 100 
100 100 100 100 100 100 100 100 100 100 100 100 100 100 100 100 100 100 100 100 100 100 100 100 100 100 100 100 100 100 100 100 100 100 100 

Tags2005_R1_R1 :
tag-recapture data for tag Tags2005_R1 in years 2006 2007 2008 2009 2010 , step 1, after proportion 0.5 of mortality, with sampling method size, detection probability 1.
Year 2006
class scanned recaptured expected_prop neg_log_likelihood
100 0 0 0 0
150 0 0 0 0
200 0 0 2.48473e-016 0
250 0 0 1.31126e-011 0
300 0 0 1.757e-010 0
350 0 0 1.86272e-009 0
400 0 0 1.59327e-008 0
450 2 0 8.58419e-008 1.71684e-007
500 10 0 2.27336e-007 2.27336e-006
550 30 0 5.52427e-007 1.65728e-005
600 86 0 1.64207e-006 0.000141218
650 226 0 4.62433e-006 0.0010451
700 542 0.2 1.14339e-005 0.937405
750 1184 0.4 2.62847e-005 1.29934
800 2348 0.9 5.63875e-005 1.9131
850 4240 2 0.000110174 2.68258
900 6978 3.9 0.000196253 3.17199
950 10500 6.9 0.000322398 3.29579
1000 14488 11.2 0.000492564 3.1189
1050 18400 16.3 0.000702445 2.72613
1100 21586 21.6 0.000942254 2.49696
1150 23494 26.3 0.00119486 2.61354
1200 23836 29.3 0.00143367 2.97571
1250 22648 30.2 0.00163132 3.28318
1300 20256 28.8 0.00176288 3.31869
1350 17136 25.6 0.0018121 3.05304
1400 13770 21.3 0.00177629 2.66525
1450 10546 16.6 0.00166802 2.35637
1500 7720 12.1 0.00151613 2.17826
1550 5408 8.4 0.00134289 2.0771
1600 3626 5.4 0.00116879 1.92345
1650 2326 3.4 0.00101167 1.75919
1700 1426 1.9 0.000870742 1.43275
1750 834 1.1 0.000748458 1.18752
1800 464 0.6 0.000646596 0.909222
1850 246 0.2 0.000564901 0.447898
1900 124 0.2 0.000502135 0.531433
1950 60 0 0.000453834 0.0272362
2000 0 0 0.000419736 0

total neg_log_likelihood: 54.3832


Year 2007
class scanned recaptured expected_prop neg_log_likelihood
100 0 0 0 0
150 0 0 0 0
200 0 0 0 0
250 0 0 1.12631e-015 0
300 0 0 6.13511e-012 0
350 0 0 2.61036e-010 0
400 0 0 4.20058e-009 0
450 4 0 3.20754e-008 1.28302e-007
500 10 0 8.71441e-008 8.71441e-007
550 30 0 1.83235e-007 5.49704e-006
600 88 0 5.07725e-007 4.46798e-005
650 230 0 1.42216e-006 0.000327098
700 552 0 3.63428e-006 0.00200612
750 1204 0.2 8.86088e-006 0.833318
800 2388 0.5 2.05022e-005 1.4365
850 4310 1.2 4.35942e-005 2.29109
900 7088 2.4 8.48575e-005 2.91397
950 10658 4.5 0.000152336 3.4007
1000 14694 7.7 0.000253709 3.56382
1050 18638 11.8 0.000393425 3.30691
1100 21836 16.6 0.000571929 2.94139
1150 23728 21.3 0.000784171 2.63804
1200 24024 25 0.00101442 2.53926
1250 22774 27.1 0.00123886 2.59349
1300 20316 27.1 0.00142948 2.63759
1350 17134 25.2 0.00155898 2.57859
1400 13722 21.7 0.00161019 2.4642
1450 10472 17.5 0.00158139 2.38018
1500 7636 13.1 0.00149145 2.33351
1550 5326 9.3 0.00136067 2.30911
1600 3556 6.1 0.00121143 2.16606
1650 2270 3.9 0.00106709 2.00008
1700 1386 2.3 0.000930989 1.69069
1750 808 1.3 0.000808808 1.36016
1800 448 0.7 0.00070436 1.02653
1850 236 0.3 0.000619422 0.614291
1900 118 0.2 0.000552913 0.525025
1950 56 0 0.000501953 0.0281164
2000 0 0 0.000465045 0

total neg_log_likelihood: 52.575


Year 2008
class scanned recaptured expected_prop neg_log_likelihood
100 0 0 0 0
150 0 0 0 0
200 0 0 0 0
250 0 0 0 0
300 0 0 5.2742e-016 0
350 0 0 2.48929e-011 0
400 0 0 8.79294e-010 0
450 4 0 1.13265e-008 4.53059e-008
500 10 0 4.23584e-008 4.23584e-007
550 30 0 7.88951e-008 2.36685e-006
600 88 0 1.96638e-007 1.73041e-005
650 234 0 5.23611e-007 0.000122525
700 560 0 1.3111e-006 0.000734215
750 1224 0.2 3.22761e-006 1.02529
800 2428 0.3 7.73714e-006 1.10296
850 4378 0.7 1.73758e-005 1.78349
900 7196 1.5 3.61807e-005 2.5636
950 10812 2.8 6.9949e-005 3.0848
1000 14892 4.9 0.000125708 3.41753
1050 18870 7.7 0.000210249 3.32387
1100 22076 11 0.000329022 2.9544
1150 23948 14.3 0.000484967 2.54384
1200 24202 17.3 0.000673939 2.37819
1250 22892 19.2 0.000882206 2.42528
1300 20368 19.8 0.00108752 2.54503
1350 17128 18.9 0.00126175 2.57025
1400 13674 16.8 0.00137872 2.45016
1450 10400 13.9 0.00142377 2.26863
1500 7554 10.8 0.00140248 2.1177
1550 5250 7.8 0.00132727 2.00378
1600 3490 5.4 0.00121699 1.9209
1650 2220 3.5 0.00109717 1.77307
1700 1350 2.1 0.000974736 1.52623
1750 782 1.2 0.000858811 1.24568
1800 432 0.6 0.000755954 0.884835
1850 228 0.4 0.000670369 0.783823
1900 114 0.2 0.000601881 0.51829
1950 54 0 0.000549291 0.0296698
2000 0 0 0.00051008 0

total neg_log_likelihood: 49.2422


Year 2009
class scanned recaptured expected_prop neg_log_likelihood
100 0 0 0 0
150 0 0 0 0
200 0 0 0 0
250 0 0 0 0
300 0 0 0 0
350 0 0 9.42839e-013 0
400 0 0 1.33456e-010 0
450 4 0 3.20915e-009 1.28366e-008
500 10 0 2.20631e-008 2.20631e-007
550 32 0 4.02437e-008 1.2878e-006
600 90 0 8.93672e-008 8.04305e-006
650 238 0 2.25726e-007 5.37229e-005
700 570 0 5.44803e-007 0.000310538
750 1244 0 1.31766e-006 0.00163918
800 2466 0.1 3.17319e-006 0.442976
850 4446 0.2 7.31413e-006 0.632314
900 7304 0.5 1.59085e-005 1.07163
950 10966 1.1 3.25244e-005 1.53614
1000 15090 2 6.22345e-005 1.75786
1050 19096 3.3 0.000111106 1.82036
1100 22310 5.1 0.00018554 1.8535
1150 24162 7.3 0.000291567 1.9287
1200 24370 9.5 0.000432003 2.10508
1250 23000 11.4 0.000602923 2.37673
1300 20412 12.6 0.00079112 2.61442
1350 17118 12.9 0.000974611 2.66974
1400 13622 12.1 0.0011267 2.5432
1450 10326 10.5 0.00122476 2.29578
1500 7474 8.6 0.00126317 2.04259
1550 5176 6.4 0.00124493 1.85963
1600 3428 4.5 0.00118133 1.713
1650 2174 3 0.0010956 1.56938
1700 1316 1.8 0.000995782 1.33989
1750 760 1.1 0.000893252 1.14976
1800 418 0.6 0.000797221 0.879352
1850 220 0.3 0.000714507 0.603468
1900 110 0.1 0.000646515 0.285137
1950 52 0 0.000593691 0.0308811
2000 0 0 0.00055329 0

total neg_log_likelihood: 37.1235


Year 2010
class scanned recaptured expected_prop neg_log_likelihood
100 0 0 0 0
150 0 0 0 0
200 0 0 0 0
250 0 0 0 0
300 0 0 0 0
350 0 0 8.11524e-017 0
400 0 0 1.31469e-011 0
450 4 0 6.79004e-010 2.71602e-009
500 10 0 1.10927e-008 1.10927e-007
550 32 0 2.34038e-008 7.4892e-007
600 92 0 4.5763e-008 4.2102e-006
650 242 0 1.10328e-007 2.66993e-005
700 580 0 2.57098e-007 0.000149117
750 1266 0 6.06207e-007 0.000767459
800 2506 0 1.44361e-006 0.00361768
850 4516 0.2 3.34697e-006 0.768137
900 7414 0.4 7.44833e-006 1.09415
950 11120 0.7 1.58073e-005 1.29693
1000 15286 1.3 3.17219e-005 1.58002
1050 19320 2.2 5.97365e-005 1.72416
1100 22540 3.5 0.000105425 1.80059
1150 24372 5.1 0.000175061 1.82635
1200 24534 6.7 0.000274082 1.88233
1250 23102 8.2 0.000404601 2.05447
1300 20452 9.3 0.000561727 2.26589
1350 17102 9.8 0.00073122 2.38491
1400 13568 9.5 0.000891605 2.35449
1450 10252 8.5 0.00101843 2.1913
1500 7396 7.1 0.00109875 1.97804
1550 5104 5.5 0.0011282 1.7918
1600 3370 4 0.00111 1.64108
1650 2128 2.7 0.00106217 1.48594
1700 1284 1.6 0.000991141 1.24372
1750 740 0.9 0.000908339 0.990132
1800 406 0.5 0.000824483 0.760576
1850 212 0.2 0.000748646 0.441003
1900 106 0.2 0.000684069 0.511074
1950 50 0 0.000632865 0.0316533
2000 0 0 0.000592773 0

total neg_log_likelihood: 34.1033


Tags2006_R1_R1 :
tag-recapture data for tag Tags2006_R1 in years 2007 2008 2009 2010 , step 1, after proportion 0.5 of mortality, with sampling method size, detection probability 1.
Year 2007
class scanned recaptured expected_prop neg_log_likelihood
100 0 0 0 0
150 0 0 0 0
200 0 0 1.08997e-014 0
250 0 0 3.25125e-011 0
300 0 0 2.32398e-010 0
350 0 0 1.9856e-009 0
400 0 0 1.68041e-008 0
450 4 0 9.15808e-008 3.66323e-007
500 10 0 2.44892e-007 2.44892e-006
550 30 0 5.921e-007 1.7763e-005
600 88 0 1.72653e-006 0.000151935
650 230 0 4.76941e-006 0.00109697
700 552 0.2 1.16508e-005 0.930228
750 1204 0.4 2.66456e-005 1.28815
800 2388 1 5.70937e-005 2.12889
850 4310 2.2 0.00011162 2.97635
900 7088 4.2 0.000199102 3.44837
950 10658 7.4 0.000327663 3.58048
1000 14694 11.9 0.000501686 3.33495
1050 18638 17.2 0.000717316 2.84897
1100 21836 22.7 0.000965219 2.54431
1150 23728 27.6 0.0012286 2.62241
1200 24024 30.6 0.00148069 2.99695
1250 22774 31.5 0.00169329 3.33734
1300 20316 29.8 0.00183981 3.44567
1350 17134 26.4 0.00190163 3.18677
1400 13722 21.7 0.00187369 2.79174
1450 10472 16.8 0.00176708 2.41499
1500 7636 12.2 0.00161095 2.1761
1550 5326 8.4 0.00142929 2.03164
1600 3556 5.4 0.0012442 1.87736
1650 2270 3.3 0.00107596 1.67601
1700 1386 1.9 0.000924366 1.41272
1750 808 1.1 0.000792515 1.17555
1800 448 0.6 0.000682583 0.903532
1850 236 0.2 0.000594456 0.447308
1900 118 0.2 0.000526835 0.531614
1950 56 0 0.000474871 0.0265991
2000 0 0 0.000438281 0

total neg_log_likelihood: 56.1363


Year 2008
class scanned recaptured expected_prop neg_log_likelihood
100 0 0 0 0
150 0 0 0 0
200 0 0 0 0
250 0 0 4.94544e-014 0
300 0 0 1.50668e-011 0
350 0 0 2.75306e-010 0
400 0 0 4.28543e-009 0
450 4 0 3.27385e-008 1.30954e-007
500 10 0 8.90569e-008 8.90569e-007
550 30 0 1.88272e-007 5.64816e-006
600 88 0 5.22893e-007 4.60146e-005
650 234 0 1.45863e-006 0.000341319
700 560 0 3.70254e-006 0.00207343
750 1224 0.2 8.97403e-006 0.827802
800 2428 0.5 2.06841e-005 1.42504
850 4378 1.1 4.39069e-005 2.05163
900 7196 2.4 8.54548e-005 2.8743
950 10812 4.5 0.000153546 3.33706
1000 14892 7.7 0.000256153 3.47354
1050 18870 11.7 0.000398161 3.15141
1100 22076 16.5 0.000580605 2.81018
1150 23948 21.2 0.000799152 2.5568
1200 24202 25.1 0.0010386 2.5332
1250 22892 27.4 0.00127515 2.63281
1300 20368 27.7 0.00147995 2.68396
1350 17128 25.9 0.00162371 2.61584
1400 13674 22.6 0.00168668 2.48547
1450 10400 18.3 0.00166473 2.40371
1500 7554 13.9 0.00157586 2.39891
1550 5250 9.9 0.00144115 2.40101
1600 3490 6.6 0.00128426 2.31096
1650 2220 4.2 0.00113102 2.12756
1700 1350 2.5 0.000985638 1.81707
1750 782 1.4 0.000854679 1.44877
1800 432 0.7 0.000742525 1.02024
1850 228 0.4 0.000651302 0.791022
1900 114 0.2 0.0005799 0.523228
1950 54 0 0.000525253 0.0283711
2000 0 0 0.00048573 0

total neg_log_likelihood: 52.7324


Year 2009
class scanned recaptured expected_prop neg_log_likelihood
100 0 0 0 0
150 0 0 0 0
200 0 0 0 0
250 0 0 0 0
300 0 0 2.31648e-014 0
350 0 0 3.02636e-011 0
400 0 0 8.87429e-010 0
450 4 0 1.13867e-008 4.5547e-008
500 10 0 4.24748e-008 4.24748e-007
550 32 0 7.91828e-008 2.53385e-006
600 90 0 1.97996e-007 1.78196e-005
650 238 0 5.27755e-007 0.000125606
700 570 0 1.32014e-006 0.000752483
750 1244 0.2 3.24173e-006 1.02126
800 2466 0.3 7.74942e-006 1.09815
850 4446 0.7 1.73679e-005 1.77416
900 7304 1.5 3.61299e-005 2.5469
950 10966 2.8 6.98631e-005 3.05847
1000 15090 4.8 0.000125704 3.27394
1050 19096 7.5 0.000210693 3.13183
1100 22310 10.8 0.000330729 2.80945
1150 24162 14.3 0.000489437 2.49718
1200 24370 17.4 0.000683487 2.36797
1250 23000 19.4 0.000899799 2.4469
1300 20412 20.1 0.00111617 2.58774
1350 17118 19.2 0.00130341 2.62832
1400 13622 17.1 0.00143322 2.49998
1450 10326 14.2 0.00148831 2.29638
1500 7474 10.9 0.00147248 2.12074
1550 5176 7.9 0.00139784 1.99184
1600 3428 5.4 0.0012838 1.88261
1650 2174 3.3 0.001158 1.65113
1700 1316 2 0.00102831 1.44077
1750 760 1.1 0.000904928 1.14434
1800 418 0.6 0.000795146 0.880049
1850 220 0.3 0.000703717 0.605661
1900 110 0.2 0.000630524 0.516848
1950 52 0 0.000574364 0.0298755
2000 0 0 0.00053251 0

total neg_log_likelihood: 48.3034


Year 2010
class scanned recaptured expected_prop neg_log_likelihood
100 0 0 0 0
150 0 0 0 0
200 0 0 0 0
250 0 0 0 0
300 0 0 0 0
350 0 0 2.31045e-012 0
400 0 0 1.36384e-010 0
450 4 0 3.18684e-009 1.27474e-008
500 10 0 2.18399e-008 2.18399e-007
550 32 0 3.97901e-008 1.27328e-006
600 92 0 8.85049e-008 8.14245e-006
650 242 0 2.23783e-007 5.41555e-005
700 580 0 5.40303e-007 0.000313376
750 1266 0 1.30624e-006 0.00165371
800 2506 0.1 3.14219e-006 0.442398
850 4516 0.2 7.23387e-006 0.631546
900 7414 0.5 1.57229e-005 1.0704
950 11120 1 3.2149e-005 1.3861
1000 15286 1.8 6.15839e-005 1.56679
1050 19320 3.2 0.000110176 1.75961
1100 22540 4.9 0.000184565 1.79265
1150 24372 7.1 0.000291252 1.91057
1200 24534 9.2 0.000433782 2.13994
1250 23102 11.2 0.000609096 2.44947
1300 20452 12.5 0.000804612 2.70751
1350 17102 12.7 0.000998206 2.81117
1400 13568 12.1 0.00116189 2.63586
1450 10252 10.7 0.00127079 2.33324
1500 7396 8.7 0.00131718 2.06747
1550 5104 6.7 0.001303 1.88195
1600 3370 4.8 0.00123926 1.76434
1650 2128 3.1 0.00115067 1.59064
1700 1284 2 0.00104604 1.44567
1750 740 1.1 0.000937809 1.14063
1800 406 0.7 0.00083603 0.999263
1850 212 0.3 0.000748221 0.602156
1900 106 0.2 0.000675962 0.5126
1950 50 0 0.00061984 0.0310016
2000 0 0 0.000576905 0

total neg_log_likelihood: 37.675


Tags2007_R1_R1 :
tag-recapture data for tag Tags2007_R1 in years 2008 2009 2010 , step 1, after proportion 0.5 of mortality, with sampling method size, detection probability 1.
Year 2008
class scanned recaptured expected_prop neg_log_likelihood
100 0 0 0 0
150 0 0 0 0
200 0 0 2.52424e-016 0
250 0 0 1.2019e-011 0
300 0 0 1.65842e-010 0
350 0 0 1.89046e-009 0
400 0 0 1.66444e-008 0
450 4 0 8.92005e-008 3.56802e-007
500 10 0 2.33683e-007 2.33683e-006
550 30 0 5.65896e-007 1.69769e-005
600 88 0 1.68415e-006 0.000148205
650 234 0 4.75585e-006 0.00111287
700 560 0.2 1.18065e-005 0.924878
750 1224 0.5 2.72542e-005 1.61267
800 2428 1.1 5.86852e-005 2.33124
850 4378 2.5 0.000115021 3.41983
900 7196 5 0.000205443 4.31168
950 10812 8.8 0.00033837 4.59891
1000 14892 14.1 0.000518439 4.36163
1050 18870 20.4 0.000741876 3.71184
1100 22076 26.9 0.000999366 3.06347
1150 23948 32.5 0.00127393 2.72518
1200 24202 35.9 0.00153809 2.73479
1250 22892 36.7 0.00176261 2.89236
1300 20368 34.6 0.0019193 2.96154
1350 17128 30.3 0.00198772 2.84083
1400 13674 24.7 0.00196124 2.6109
1450 10400 18.9 0.00185036 2.39511
1500 7554 13.5 0.00168521 2.24843
1550 5250 9.1 0.00149182 2.12902
1600 3490 5.7 0.00129398 1.94635
1650 2220 3.4 0.00111402 1.71002
1700 1350 2 0.000952163 1.47584
1750 782 1 0.000811865 1.08865
1800 432 0.6 0.000695369 0.908802
1850 228 0.2 0.000602366 0.448595
1900 114 0.2 0.000531355 0.535185
1950 54 0 0.000476916 0.0257596
2000 0 0 0.000438849 0

total neg_log_likelihood: 60.0148


Year 2009
class scanned recaptured expected_prop neg_log_likelihood
100 0 0 0 0
150 0 0 0 0
200 0 0 0 0
250 0 0 1.14654e-015 0
300 0 0 5.62612e-012 0
350 0 0 2.58471e-010 0
400 0 0 4.34031e-009 0
450 4 0 3.32134e-008 1.32854e-007
500 10 0 8.92007e-008 8.92007e-007
550 32 0 1.86752e-007 5.97605e-006
600 90 0 5.17958e-007 4.66163e-005
650 238 0 1.45051e-006 0.000345222
700 570 0 3.70966e-006 0.00211451
750 1244 0.2 9.05913e-006 0.822959
800 2466 0.5 2.10005e-005 1.41125
850 4446 1.2 4.47401e-005 2.2337
900 7304 2.5 8.72626e-005 2.96443
950 10966 4.7 0.000156998 3.45239
1000 15090 7.8 0.000262181 3.40796
1050 19096 12 0.000407988 3.14276
1100 22310 16.7 0.000595812 2.73509
1150 24162 21.2 0.000821691 2.49412
1200 24370 24.9 0.00107049 2.5567
1250 23000 26.8 0.00131801 2.778
1300 20412 26.8 0.00153432 2.90896
1350 17118 24.8 0.00168823 2.83301
1400 13622 21.3 0.00175783 2.60348
1450 10326 17.2 0.00173733 2.36089
1500 7474 12.9 0.00164452 2.21801
1550 5176 9.1 0.0015018 2.13879
1600 3428 6 0.0013345 2.03014
1650 2174 3.8 0.00117074 1.87603
1700 1316 2.2 0.00101555 1.58326
1750 760 1.2 0.000876185 1.25018
1800 418 0.6 0.000757288 0.893504
1850 220 0.3 0.000660981 0.615061
1900 110 0.2 0.000585922 0.526621
1950 52 0 0.000528652 0.0274972
2000 0 0 0.000487453 0

total neg_log_likelihood: 51.8673


Year 2010
class scanned recaptured expected_prop neg_log_likelihood
100 0 0 0 0
150 0 0 0 0
200 0 0 0 0
250 0 0 0 0
300 0 0 5.37227e-016 0
350 0 0 2.36066e-011 0
400 0 0 8.88389e-010 0
450 4 0 1.15424e-008 4.61697e-008
500 10 0 4.26523e-008 4.26523e-007
550 32 0 7.88305e-008 2.52257e-006
600 92 0 1.97089e-007 1.81322e-005
650 242 0 5.24851e-007 0.000127014
700 580 0 1.31422e-006 0.00076225
750 1266 0.1 3.23667e-006 0.503924
800 2506 0.2 7.76468e-006 0.721947
850 4516 0.6 1.74568e-005 1.49045
900 7414 1.3 3.64041e-005 2.12669
950 11120 2.6 7.05226e-005 2.72917
1000 15286 4.7 0.000127089 3.10562
1050 19320 7.4 0.000213363 2.98293
1100 22540 11 0.000335586 2.80888
1150 24372 14.8 0.000497891 2.54511
1200 24534 18.3 0.00069747 2.41693
1250 23102 20.8 0.000921534 2.44564
1300 20452 21.8 0.0011476 2.52418
1350 17102 21.1 0.00134527 2.52831
1400 13568 18.9 0.00148421 2.43113
1450 10252 15.8 0.00154495 2.30349
1500 7396 12.2 0.00153006 2.20935
1550 5104 8.9 0.00145186 2.16128
1600 3370 5.9 0.00133081 2.02286
1650 2128 3.8 0.00119671 1.87531
1700 1284 2.2 0.0010585 1.56891
1750 740 1.3 0.000927335 1.3293
1800 406 0.7 0.000811034 1.01037
1850 212 0.3 0.00071456 0.608834
1900 106 0.2 0.000637622 0.520219
1950 50 0 0.000578791 0.0289479
2000 0 0 0.000535116 0

total neg_log_likelihood: 47.0007


Tags2008_R1_R1 :
tag-recapture data for tag Tags2008_R1 in years 2009 2010 , step 1, after proportion 0.5 of mortality, with sampling method size, detection probability 1.
Year 2009
class scanned recaptured expected_prop neg_log_likelihood
100 0 0 0 0
150 0 0 0 0
200 0 0 5.09519e-016 0
250 0 0 2.14584e-011 0
300 0 0 2.4099e-010 0
350 0 0 2.28115e-009 0
400 0 0 1.87108e-008 0
450 4 0 9.9223e-008 3.96892e-007
500 10 0 2.63151e-007 2.63151e-006
550 32 0 6.45495e-007 2.06558e-005
600 90 0 1.91877e-006 0.000172689
650 238 0 5.36558e-006 0.00127701
700 570 0.2 1.31522e-005 0.900637
750 1244 0.4 2.9972e-005 1.23323
800 2466 1.1 6.37578e-005 2.23769
850 4446 2.5 0.000123626 3.24699
900 7304 4.9 0.000218769 3.91955
950 10966 8.8 0.000357519 4.25199
1000 15090 14.1 0.000544293 3.98178
1050 19096 20.4 0.000774882 3.37868
1100 22310 26.9 0.0010398 2.84865
1150 24162 32.4 0.00132185 2.66324
1200 24370 35.9 0.00159333 2.82446
1250 23000 36.5 0.00182472 3.0926
1300 20412 34.5 0.0019872 3.16941
1350 17118 30.2 0.00205931 3.00602
1400 13622 24.7 0.00203332 2.69357
1450 10326 18.9 0.00191906 2.41357
1500 7474 13.6 0.0017471 2.24031
1550 5176 9.2 0.00154489 2.12321
1600 3428 5.8 0.00133735 1.96014
1650 2174 3.6 0.00114843 1.79612
1700 1316 2 0.000978693 1.47442
1750 760 1.1 0.000831815 1.18148
1800 418 0.5 0.00071012 0.782797
1850 220 0.2 0.000613147 0.449729
1900 110 0.1 0.000539328 0.291478
1950 52 0 0.000482755 0.0251093
2000 0 0 0.000443397 0

total neg_log_likelihood: 58.1883


Year 2010
class scanned recaptured expected_prop neg_log_likelihood
100 0 0 0 0
150 0 0 0 0
200 0 0 0 0
250 0 0 2.31718e-015 0
300 0 0 1.00472e-011 0
350 0 0 3.28725e-010 0
400 0 0 4.90074e-009 0
450 4 0 3.57926e-008 1.4317e-007
500 10 0 9.5025e-008 9.5025e-007
550 32 0 2.02097e-007 6.4671e-006
600 92 0 5.67061e-007 5.21697e-005
650 242 0 1.59313e-006 0.000385537
700 580 0 4.0653e-006 0.00235788
750 1266 0.2 9.86637e-006 0.803604
800 2506 0.5 2.26806e-005 1.36977
850 4516 1.2 4.78851e-005 2.15076
900 7414 2.3 9.25859e-005 2.53892
950 11120 4.5 0.000165282 3.05696
1000 15286 7.6 0.000274214 3.05817
1050 19320 11.7 0.000424471 2.81436
1100 22540 16.4 0.000617455 2.53174
1150 24372 21 0.000849272 2.44692
1200 24534 24.9 0.00110475 2.62145
1250 23102 27.1 0.00135961 2.88181
1300 20452 27.4 0.00158342 2.98206
1350 17102 25.6 0.00174391 2.85764
1400 13568 22.3 0.00181771 2.59132
1450 10252 18.2 0.00179771 2.37478
1500 7396 13.9 0.00170145 2.30659
1550 5104 9.9 0.00155229 2.30143
1600 3370 6.6 0.00137677 2.24034
1650 2128 4.2 0.00120486 2.09274
1700 1284 2.6 0.00104218 1.89333
1750 740 1.4 0.000896435 1.45425
1800 406 0.8 0.000772408 1.16954
1850 212 0.4 0.000672189 0.801458
1900 106 0.2 0.000594295 0.529706
1950 50 0 0.000534922 0.0267533
2000 0 0 0.000492393 0

total neg_log_likelihood: 51.8992


Tags2009_R1_R1 :
tag-recapture data for tag Tags2009_R1 in years 2010 , step 1, after proportion 0.5 of mortality, with sampling method size, detection probability 1.
Year 2010
class scanned recaptured expected_prop neg_log_likelihood
100 0 0 0 0
150 0 0 0 0
200 0 0 1.18386e-014 0
250 0 0 4.23053e-011 0
300 0 0 2.95055e-010 0
350 0 0 2.30408e-009 0
400 0 0 1.91942e-008 0
450 4 0 1.03559e-007 4.14237e-007
500 10 0 2.76513e-007 2.76513e-006
550 32 0 6.72198e-007 2.15104e-005
600 92 0 1.95677e-006 0.000180023
650 242 0 5.36761e-006 0.00129896
700 580 0.2 1.30147e-005 0.899314
750 1266 0.5 2.95776e-005 1.55899
800 2506 1.3 6.3052e-005 2.71084
850 4516 2.7 0.00012279 3.57486
900 7414 5.4 0.000218432 4.50088
950 11120 9.5 0.000358935 4.78368
1000 15286 15.3 0.000549535 4.56341
1050 19320 22.3 0.000786942 3.92135
1100 22540 29.6 0.00106248 3.23557
1150 24372 35.9 0.00135959 2.82325
1200 24534 39.8 0.00165034 2.76807
1250 23102 40.8 0.00190409 2.8931
1300 20452 38.5 0.00208963 2.96329
1350 17102 33.9 0.00218212 2.84405
1400 13568 27.8 0.00217029 2.63044
1450 10252 21.3 0.00206147 2.45181
1500 7396 15.5 0.00188638 2.37675
1550 5104 10.5 0.00167445 2.30989
1600 3370 6.8 0.00145302 2.21873
1650 2128 4.1 0.00124948 1.97875
1700 1284 2.4 0.00106536 1.70782
1750 740 1.4 0.000905365 1.44697
1800 406 0.8 0.000772413 1.16953
1850 212 0.4 0.000666329 0.80372
1900 106 0.2 0.000585491 0.531759
1950 50 0 0.00052354 0.0261839
2000 0 0 0.000480429 0

total neg_log_likelihood: 63.6945


Output quantities start here

* Scalar parameter values
initialization.B0 52652.9

* Vector parameter values
recruitment.YCS 1 1 1 1 1 1 1 1 1 1 1 1 1 1 1 1 1 1 1 1 1 

* Nuisance q's

* B0
52652.9

* R0
935504

* SSBs
SSB 52652.9 50273.3 47699.2 44981.4 42180.7 39361.5 36584.6 33901.2 31349.7 28953.4 26722.8 24657.8 22751.6 20993.5 19370.7 17868 16474.6 15178.8 13969.6 12837.3 11774.9 
year 1990 1991 1992 1993 1994 1995 1996 1997 1998 1999 2000 2001 2002 2003 2004 2005 2006 2007 2008 2009 2010 

* recruitments
recruitment 935504 935504 931829 927478 922395 916542 909900 902473 894283 885368 875767 865517 854645 843161 831063 818335 804922 790790 775877 760104 743370 
year 1990 1991 1992 1993 1994 1995 1996 1997 1998 1999 2000 2001 2002 2003 2004 2005 2006 2007 2008 2009 2010 

* YCS
YCS 1 1 1 1 1 1 1 1 1 1 1 1 1 1 1 1 1 1 1 1 1 
year 1989 1990 1991 1992 1993 1994 1995 1996 1997 1998 1999 2000 2001 2002 2003 2004 2005 2006 2007 2008 2009 

* true_YCS
true_YCS 1 1 0.996071 0.99142 0.985987 0.97973 0.972631 0.964691 0.955937 0.946407 0.936144 0.925188 0.913566 0.90129 0.888359 0.874752 0.860415 0.845309 0.829368 0.812507 0.79462 
year 1989 1990 1991 1992 1993 1994 1995 1996 1997 1998 1999 2000 2001 2002 2003 2004 2005 2006 2007 2008 2009 

* fishing_pressures
pressure 0 0.0954218 0.102852 0.110804 0.119065 0.127455 0.135825 0.144069 0.15212 0.159967 0.16765 0.175222 0.182745 0.19029 0.197941 0.20579 0.213983 0.222597 0.231758 0.241613 0.252336 
year 1990 1991 1992 1993 1994 1995 1996 1997 1998 1999 2000 2001 2002 2003 2004 2005 2006 2007 2008 2009 2010 

* Numbers_at_age_R1
1990  878483 771392 677356 594783 522276 458608 402702 353611 310504 272652 239415 210229 184601 162097 142337 124985 109749 96370.2 84622.2 74306.4 65248.1 57294 50309.6 44176.7 38791.3 34062.5 29910.1 26263.9 23062.2 20250.8 17782.2 15614.4 13711 12039.5 86722.5 
1991  878483 771392 677350 594731 521970 457330 398925 345723 298855 260488 228807 201106 176863 155625 136997 120641 106263 93611.2 82468.8 72648.8 63989.8 56351.9 49614 43670.1 38427.5 33804.8 29730.1 26139.9 22978 20194.4 17744.9 15590.1 13695.3 12029.6 86671.7 
1992  875032 771391 677348 594716 521849 456657 396254 338186 283733 238715 206227 181406 159902 141214 124917 110649 98110.9 87050.7 77261.6 68572.7 60843.4 53957.2 47816.9 42340.3 37457.4 33107 29235.2 25793.9 22739.4 20032.2 17636.1 15518.3 13648.5 11999.5 86553.7 
1993  870946 768361 677348 594709 521806 456421 395260 334994 276054 224900 187392 162141 143070 126683 112523 100209 89428.3 79924 71490.2 63963.2 57213.4 51139.3 45660.9 40714.9 36249.8 32223 28597.6 25340.7 22422 19813.1 17487.1 15418.3 13582.4 11956.4 86414.9 
1994  866173 764773 674686 594704 521770 456247 394625 333184 271895 217034 174958 146025 126775 112415 100161 89617.4 80457.5 72418.7 65291.3 58911.8 53154.3 47924.4 43152.1 38786.5 34790.1 31135 27799 24763.4 22011 19524.9 17288 15282.8 13491.6 11896.4 86246 
1995  860676 760582 671535 592362 521733 456077 394036 331660 268845 211966 167261 135080 113153 98759.8 88165.2 79177 71462.7 64754 58837.4 53546.4 48754.3 44367.6 40319.6 36565.4 33075.6 29832.5 26825.4 24047.2 21492.5 19155.4 17028.7 15103.7 13369.6 11814.7 86035.6 
1996  854440 755755 667854 589590 519647 455906 393450 330175 266036 207799 161803 127928 103721 87382.7 76822.6 69166 62700.3 57156.4 52319.2 48019.9 44128.9 40550 37215.4 34080.3 31118.1 28315.7 25669.5 23181 20854 18692.5 16698.6 14871.9 13209.5 11705.7 85769.8 
1997  847465 750279 663615 586354 517185 453947 392869 328707 263289 203873 157113 122593 97335.2 79401.7 67416.6 59810.8 54393.6 49836 45925.6 42493.9 39409.4 36572.7 33911.9 31378.7 28944.5 26596.3 24332.5 22159.3 20086.8 18126.2 16287.6 14578.6 13003.5 11563.3 85431.8 
1998  839775 744154 658806 582627 514316 451663 390758 327266 260602 200066 152691 117932 92434.2 73871.5 60763 52094.1 46714.7 42967.7 39825.4 37123.3 34731 32547.2 30495.9 28523.7 26597 24698.8 22825.6 20984 19186.5 17448.8 15786.9 14214.9 12743.8 11380.9 85001.4 
1999  831402 737401 653428 578400 511019 449029 388382 324582 257989 196381 148447 113563 88130.2 69556.9 56080.4 46606.5 40414.1 36679 34153 32041.8 30219.3 28585.2 27061.2 25589.4 24129.9 22659.9 21170.6 19665 18154.9 16656.9 15190.2 13773.3 12422.8 11151.7 84455.3 
2000  822387 730050 647498 573674 507283 446025 385719 321710 254450 192825 144379 109410 84122.3 65764 52390.5 42702.5 35917.7 31543.5 29001.2 27352 25979.8 24788.3 23700.1 22654.4 21606.3 20526.4 19399.1 18221.6 17001 15752.3 14494.5 13248.4 12034.1 10868.9 83767.2 
2001  812762 722133 641042 568463 503111 442642 382749 318626 250812 188643 140478 105460 80343.1 62253.9 49148.9 39606.4 32694 27869.6 24811.3 23121 22090.9 21240.3 20495.2 19795.1 19092.3 18351.9 17551.5 16681.1 15741.5 14742.8 13701.4 12637.6 11572.7 10527 82908.1 
2002  802552 713682 634090 562791 498514 438881 379463 315311 247051 184449 136186 101694 76771.9 58966.5 46165.3 36890 30126.2 25220.2 21808.5 19691.7 18601.5 18001.6 17513.3 17079.3 16651.6 16192.2 15673.4 15078.1 14400.2 13643 12818 11942.4 11036.6 10121.7 81847.7 
2003  791768 704716 626668 556684 493513 434751 375859 311751 243141 180211 131944 97701.3 73386 55877.8 43387.1 34401.5 27876.5 23103.2 19633.1 17230.5 15781.2 15108.3 14802.1 14561.2 14340.4 14101.1 13812.5 13452.1 13007 12473.5 11856.7 11168.9 10427.1 9651.2 80555.6 
2004  780408 695247 618795 550164 488130 430270 371942 307936 239059 175900 127718 93793.4 69880.7 52963 40789.4 32095.3 25823.7 21251.1 17890.9 15441 13754.6 12775 12388.5 12278.7 12203.2 12125.6 12014.2 11843.7 11595.8 11260.4 10835.8 10328 9749.43 9116.62 79003.9 
2005  768455 685272 610480 543248 482386 425454 367716 303846 234765 171465 123458 89924.6 66466.6 49989.7 38343 29944.3 23926.1 19564.5 16366.9 14004 12275.9 11096.1 10445 10252.1 10270.3 10302.3 10318.2 10291.7 10201.6 10032.8 9777.65 9435.63 9013.27 8522.63 77168.6 
2006  755860 674776 601721 535943 476294 420322 363201 299500 230255 166878 119125 86056.7 63107.7 47108.5 35877.4 27923.7 22160.8 18009.3 14981.7 12747.4 11085.9 9867.36 9044.81 8622.13 8557.68 8656.26 8755.22 8829.74 8857.71 8821.19 8707.74 8511.28 8232.37 7877.65 75033.1 
2007  742589 663716 592504 528248 469860 414885 358410 294906 225540 162147 114715 82173.7 59785.4 44299.4 33506.3 25912.2 20510.5 16568.8 13709.5 11608.7 10046.8 8877.71 8018.24 7447.16 7182.1 7200.64 7346.52 7484.38 7593.26 7654.38 7652.51 7577.28 7423.98 7193.79 72590.4 
2008  728585 652063 582792 520152 463084 409146 353343 290056 220603 157251 110209 78254.3 56475 41538.6 31207.1 23986.7 18881.2 15225.8 12533.8 10565.1 9106.69 8013.82 7190.3 6583.99 6189.63 6032.43 6102.5 6273.18 6430.76 6557.38 6636.97 6656.57 6607.49 6486.1 69844.9 
2009  713774 639766 572559 511621 455955 403102 348002 284945 215422 152161 105583 74280.7 53158 38805.8 28960.4 22128.8 17328 13908.7 11440.1 9602.49 8246.43 7233.17 6467.65 5886.93 5459.23 5188.91 5104.69 5204.71 5385.09 5549.55 5682.75 5770.9 5802.92 5771.53 66813.5 
2010  698060 626760 561761 502633 448443 396746 342385 279577 210001 146873 100824 70242.3 49827.5 36092.2 26754.4 20325.8 15838 12659.3 10374.9 8709.57 7454.89 6520.21 5815.56 5278.79 4868.88 4567.27 4383.79 4348.17 4463.49 4643.67 4806.61 4939.11 5029.26 5067.59 63526.3 

Output quantities finish here

Unused parameters:
annual_cycle.fishery_areas annual_cycle.n_migrations annual_cycle.recruitment_areas annual_cycle.spawning_all_areas area_names recruitment.p_male recruitment.year_range tag[Tags2005_R1_LL].area tag[Tags2005_R1_LL].sex tag[Tags2006_R1_LL].area tag[Tags2006_R1_LL].sex tag[Tags2007_R1_LL].area tag[Tags2007_R1_LL].sex tag[Tags2008_R1_LL].area tag[Tags2008_R1_LL].sex tag[Tags2009_R1_LL].area tag[Tags2009_R1_LL].sex MCMC.adapt_at MCMC.adaptive_stepsize MCMC.burn_in MCMC.keep MCMC.length MCMC.start MCMC.stepsize estimate[1].lower_bound estimate[1].prior estimate[1].upper_bound profile[1].l profile[1].n profile[1].parameter profile[1].u tag_recapture[Tags2005_R1_R1].area tag_recapture[Tags2006_R1_R1].area tag_recapture[Tags2007_R1_R1].area tag_recapture[Tags2008_R1_R1].area tag_recapture[Tags2009_R1_R1].area n_projections numbers_at[Numbers_at_age_R1].area print.yields 
