CASAL (C++ algorithmic stock assessment laboratory)
Call: casal -e -O C:/Users/STA384/Documents/GitHub/planetfish2_bugs/Output/TOA_bug_9.3/casalout_mpd.dat -f C:/Users/STA384/Documents/GitHub/planetfish2_bugs/Output/TOA_bug_9.3/casal_ 
Date: Fri Aug 09 12:27:20 2019
v2.30-2012-03-21 00:22:59 UTC (rev.4648)  (c) Copyright 2002-2012, NIWA
User name: sta384
Machine name: MACKEREL-HF (Microsoft Windows, PID=3372)

Prefix for the input parameter filenames : C:/Users/STA384/Documents/GitHub/planetfish2_bugs/Output/TOA_bug_9.3/casal_

Random number seed : 17640

Estimation parameters:
Stored as strings: 
  MCMC.adapt_at                 	1e+05 2e+05 3e+05 4e+05
  MCMC.adaptive_stepsize        	True
  MCMC.burn_in                  	500
  MCMC.keep                     	1000
  MCMC.length                   	1500000
  MCMC.start                    	0
  MCMC.stepsize                 	0.01
  ageing_error.c                	0
  ageing_error.type             	normal
  catch_at[LL_catchA].2000      	0 0 0 0 0.006 0.011 0.063 0.091 0.147 0.143 0.118 0.096 0.081 0.056 0.052 0.033 0.028 0.017 0.015 0.011 0.015 0.004 0.005 0.001 0.005 0.001 0 0.001 0 0
  catch_at[LL_catchA].2001      	0 0 0 0.002 0.008 0.019 0.048 0.09 0.143 0.152 0.109 0.109 0.071 0.06 0.035 0.038 0.033 0.018 0.009 0.013 0.011 0.009 0.006 0.003 0.001 0.002 0.004 0.001 0.001 0.005
  catch_at[LL_catchA].2002      	0 0 0.001 0 0.003 0.014 0.054 0.113 0.142 0.162 0.109 0.086 0.083 0.05 0.043 0.038 0.025 0.024 0.013 0.013 0.015 0.003 0.004 0.001 0.001 0 0 0 0 0.003
  catch_at[LL_catchA].2003      	0 0 0 0.001 0.004 0.022 0.054 0.094 0.127 0.139 0.134 0.11 0.074 0.059 0.046 0.033 0.028 0.016 0.012 0.012 0.009 0.007 0.003 0.003 0.002 0.003 0.001 0.002 0.001 0.004
  catch_at[LL_catchA].2004      	0 0 0 0.002 0.008 0.014 0.053 0.109 0.148 0.142 0.123 0.097 0.075 0.048 0.035 0.043 0.027 0.014 0.012 0.02 0.007 0.006 0.005 0.003 0.004 0.001 0.001 0 0 0.003
  catch_at[LL_catchA].2005      	0 0 0 0 0.01 0.023 0.063 0.091 0.15 0.141 0.123 0.099 0.059 0.048 0.052 0.035 0.021 0.021 0.022 0.014 0.004 0.005 0.006 0.004 0.002 0.001 0 0.001 0 0.005
  catch_at[LL_catchA].2006      	0 0 0 0 0.005 0.015 0.056 0.094 0.181 0.132 0.115 0.092 0.089 0.056 0.036 0.033 0.018 0.019 0.013 0.013 0.015 0.005 0.002 0.004 0 0.002 0.002 0.001 0 0.002
  catch_at[LL_catchA].2007      	0 0 0 0.001 0.002 0.017 0.054 0.097 0.147 0.161 0.122 0.093 0.065 0.052 0.044 0.029 0.028 0.02 0.017 0.017 0.01 0.01 0.004 0.001 0.003 0.001 0.002 0 0.001 0.002
  catch_at[LL_catchA].2008      	0 0 0 0.001 0.003 0.018 0.052 0.086 0.142 0.154 0.113 0.092 0.095 0.06 0.046 0.038 0.03 0.022 0.018 0.008 0.003 0.006 0.006 0.003 0.001 0.001 0 0 0 0.002
  catch_at[LL_catchA].2009      	0 0 0 0.002 0.001 0.019 0.056 0.101 0.154 0.138 0.112 0.1 0.076 0.048 0.05 0.036 0.029 0.021 0.017 0.011 0.005 0.003 0.007 0.003 0.005 0.002 0.001 0 0 0.003
  catch_at[LL_catchA].2010      	0 0 0 0 0.003 0.022 0.05 0.102 0.148 0.138 0.125 0.08 0.08 0.053 0.05 0.029 0.024 0.027 0.018 0.023 0.007 0.004 0.004 0.007 0.003 0.002 0.001 0 0 0
  catch_at[LL_catchA].N_2000    	100
  catch_at[LL_catchA].N_2001    	100
  catch_at[LL_catchA].N_2002    	100
  catch_at[LL_catchA].N_2003    	100
  catch_at[LL_catchA].N_2004    	100
  catch_at[LL_catchA].N_2005    	100
  catch_at[LL_catchA].N_2006    	100
  catch_at[LL_catchA].N_2007    	100
  catch_at[LL_catchA].N_2008    	100
  catch_at[LL_catchA].N_2009    	100
  catch_at[LL_catchA].N_2010    	100
  catch_at[LL_catchA].at_size   	False
  catch_at[LL_catchA].dist      	multinomial
  catch_at[LL_catchA].fishery   	LL
  catch_at[LL_catchA].max_class 	30
  catch_at[LL_catchA].min_class 	1
  catch_at[LL_catchA].plus_group	True
  catch_at[LL_catchA].r         	1e-11
  catch_at[LL_catchA].sexed     	False
  catch_at[LL_catchA].sum_to_one	False
  catch_at[LL_catchA].years     	2000 2001 2002 2003 2004 2005 2006 2007 2008 2009 2010
  catch_limit_penalty[1].fishery	LL
  catch_limit_penalty[1].label  	LL_Penalty
  catch_limit_penalty[1].log_scale	True
  catch_limit_penalty[1].multiplier	1000
  estimate[1].lower_bound       	5000
  estimate[1].parameter         	initialization.B0
  estimate[1].prior             	uniform
  estimate[1].upper_bound       	5e+05
  estimator                     	Bayes
  fish_tagged_penalty[1].label  	Penalty_Tags2005_R1_LL
  fish_tagged_penalty[1].multiplier	1
  fish_tagged_penalty[1].tagging_episode	Tags2005_R1_LL
  fish_tagged_penalty[2].label  	Penalty_Tags2006_R1_LL
  fish_tagged_penalty[2].multiplier	1
  fish_tagged_penalty[2].tagging_episode	Tags2006_R1_LL
  fish_tagged_penalty[3].label  	Penalty_Tags2007_R1_LL
  fish_tagged_penalty[3].multiplier	1
  fish_tagged_penalty[3].tagging_episode	Tags2007_R1_LL
  fish_tagged_penalty[4].label  	Penalty_Tags2008_R1_LL
  fish_tagged_penalty[4].multiplier	1
  fish_tagged_penalty[4].tagging_episode	Tags2008_R1_LL
  fish_tagged_penalty[5].label  	Penalty_Tags2009_R1_LL
  fish_tagged_penalty[5].multiplier	1
  fish_tagged_penalty[5].tagging_episode	Tags2009_R1_LL
  grad_tol                      	0.001
  max_evals                     	10000
  max_iters                     	1600
  profile[1].l                  	40000
  profile[1].n                  	11
  profile[1].parameter          	initialization.B0
  profile[1].u                  	130000
  q_method                      	nuisance
  tag_recapture[Tags2005_R1_R1].area	R1
  tag_recapture[Tags2005_R1_R1].class_mins	100 150 200 250 300 350 400 450 500 550 600 650 700 750 800 850 900 950 1000 1050 1100 1150 1200 1250 1300 1350 1400 1450 1500 1550 1600 1650 1700 1750 1800 1850 1900 1950 2000 2050
  tag_recapture[Tags2005_R1_R1].detection_probability	1
  tag_recapture[Tags2005_R1_R1].dispersion	1
  tag_recapture[Tags2005_R1_R1].do_bootstrap	True
  tag_recapture[Tags2005_R1_R1].plus_group	False
  tag_recapture[Tags2005_R1_R1].proportion_mortality	0.5
  tag_recapture[Tags2005_R1_R1].r	1e-11
  tag_recapture[Tags2005_R1_R1].recaptured_2006	0 0 0 0 0 0 0.3 1.4 5.4 15.3 33.7 58.8 83.3 98.3 99.1 87.8 70.4 52.4 36.9 24.9 16.3 10.3 6.4 3.9 2.3 1.3 0.7 0.4 0.2 0.1 0 0 0 0 0 0 0 0 0
  tag_recapture[Tags2005_R1_R1].recaptured_2007	0 0 0 0 0 0 0.1 0.7 2.7 8 18.6 35 53.8 69.1 75.7 72.4 61.8 48.1 34.6 23.6 15.3 9.6 5.9 3.4 2 1.1 0.6 0.3 0.2 0.1 0.1 0 0 0 0 0 0 0 0
  tag_recapture[Tags2005_R1_R1].recaptured_2008	0 0 0 0 0 0 0 0.3 1.2 3.9 10.1 20.9 35.1 49.1 58.6 61 56.6 47.8 37.4 27.6 19.5 13.2 8.6 5.5 3.5 2.2 1.4 0.9 0.6 0.4 0.3 0.2 0.1 0.1 0 0 0 0 0
  tag_recapture[Tags2005_R1_R1].recaptured_2009	0 0 0 0 0 0 0 0.1 0.4 1.5 4.2 9.5 17.7 27.8 37.1 42.5 42.7 38.3 31.3 24 17.6 12.6 8.8 6 4 2.6 1.6 1 0.6 0.4 0.2 0.1 0.1 0 0 0 0 0 0
  tag_recapture[Tags2005_R1_R1].recaptured_2010	0 0 0 0 0 0 0 0 0.2 0.7 2.1 5.2 10.6 18.4 27 34 37.4 36.3 31.7 25.4 18.9 13.4 9.2 6.1 4 2.5 1.6 1 0.6 0.4 0.2 0.1 0.1 0 0 0 0 0 0
  tag_recapture[Tags2005_R1_R1].sample	size
  tag_recapture[Tags2005_R1_R1].scanned_2006	0 0 0 4 60 452 2318 8438 22758 47162 77522 104172 118020 116500 103682 85918 68008 52268 39326 29062 21126 15122 10676 7446 5144 3528 2406 1632 1098 730 474 298 180 104 58 30 14 6 0
  tag_recapture[Tags2005_R1_R1].scanned_2007	0 0 0 4 60 454 2324 8458 22812 47270 77698 104400 118272 116740 103886 86076 68126 52350 39378 29090 21132 15110 10650 7412 5108 3492 2374 1606 1078 714 464 292 176 102 56 28 14 6 0
  tag_recapture[Tags2005_R1_R1].scanned_2008	0 0 0 4 60 454 2328 8476 22858 47364 77846 104592 118478 116930 104046 86198 68214 52412 39418 29110 21138 15106 10636 7390 5082 3464 2348 1584 1060 700 454 286 172 100 54 28 14 6 0
  tag_recapture[Tags2005_R1_R1].scanned_2009	0 0 0 4 60 456 2334 8490 22898 47446 77974 104756 118652 117088 104172 86292 68280 52456 39446 29126 21144 15102 10626 7376 5062 3446 2330 1566 1046 690 446 280 170 98 54 28 14 6 0
  tag_recapture[Tags2005_R1_R1].scanned_2010	0 0 0 4 60 456 2338 8506 22936 47522 78092 104902 118804 117224 104278 86368 68330 52486 39464 29136 21146 15100 10620 7366 5050 3430 2314 1552 1034 680 438 274 166 96 52 26 14 6 0
  tag_recapture[Tags2005_R1_R1].step	1
  tag_recapture[Tags2005_R1_R1].tag_name	Tags2005_R1
  tag_recapture[Tags2005_R1_R1].years	2006 2007 2008 2009 2010
  tag_recapture[Tags2006_R1_R1].area	R1
  tag_recapture[Tags2006_R1_R1].class_mins	100 150 200 250 300 350 400 450 500 550 600 650 700 750 800 850 900 950 1000 1050 1100 1150 1200 1250 1300 1350 1400 1450 1500 1550 1600 1650 1700 1750 1800 1850 1900 1950 2000 2050
  tag_recapture[Tags2006_R1_R1].detection_probability	1
  tag_recapture[Tags2006_R1_R1].dispersion	1
  tag_recapture[Tags2006_R1_R1].do_bootstrap	True
  tag_recapture[Tags2006_R1_R1].plus_group	False
  tag_recapture[Tags2006_R1_R1].proportion_mortality	0.5
  tag_recapture[Tags2006_R1_R1].r	1e-11
  tag_recapture[Tags2006_R1_R1].recaptured_2007	0 0 0 0 0 0 0.3 1.4 5.2 14.9 32.9 57.2 80.6 94.3 94.7 84.5 69.4 53.8 40 28.5 19.4 12.7 8 4.8 2.8 1.6 0.9 0.5 0.3 0.1 0.1 0 0 0 0 0 0 0 0
  tag_recapture[Tags2006_R1_R1].recaptured_2008	0 0 0 0 0 0 0.1 0.6 2.4 7.6 18.5 35.6 55.2 71 78 75.4 66.1 53.8 41.2 30 20.8 13.8 8.9 5.5 3.3 1.9 1.1 0.6 0.3 0.1 0.1 0 0 0 0 0 0 0 0
  tag_recapture[Tags2006_R1_R1].recaptured_2009	0 0 0 0 0 0 0 0.3 1.2 3.9 10.2 21 35.2 48.8 57.4 58.6 53 43.4 32.9 23.6 16.2 10.8 7.1 4.5 2.8 1.8 1.1 0.7 0.5 0.3 0.2 0.2 0.1 0.1 0 0 0 0 0
  tag_recapture[Tags2006_R1_R1].recaptured_2010	0 0 0 0 0 0 0 0.1 0.4 1.6 4.6 10.6 19.6 30.2 39.4 44.4 44.3 40 33.2 25.8 18.9 13.1 8.6 5.4 3.3 1.9 1.1 0.6 0.4 0.2 0.1 0.1 0 0 0 0 0 0 0
  tag_recapture[Tags2006_R1_R1].sample	size
  tag_recapture[Tags2006_R1_R1].scanned_2007	0 0 0 4 60 454 2324 8458 22812 47270 77698 104400 118272 116740 103886 86076 68126 52350 39378 29090 21132 15110 10650 7412 5108 3492 2374 1606 1078 714 464 292 176 102 56 28 14 6 0
  tag_recapture[Tags2006_R1_R1].scanned_2008	0 0 0 4 60 454 2328 8476 22858 47364 77846 104592 118478 116930 104046 86198 68214 52412 39418 29110 21138 15106 10636 7390 5082 3464 2348 1584 1060 700 454 286 172 100 54 28 14 6 0
  tag_recapture[Tags2006_R1_R1].scanned_2009	0 0 0 4 60 456 2334 8490 22898 47446 77974 104756 118652 117088 104172 86292 68280 52456 39446 29126 21144 15102 10626 7376 5062 3446 2330 1566 1046 690 446 280 170 98 54 28 14 6 0
  tag_recapture[Tags2006_R1_R1].scanned_2010	0 0 0 4 60 456 2338 8506 22936 47522 78092 104902 118804 117224 104278 86368 68330 52486 39464 29136 21146 15100 10620 7366 5050 3430 2314 1552 1034 680 438 274 166 96 52 26 14 6 0
  tag_recapture[Tags2006_R1_R1].step	1
  tag_recapture[Tags2006_R1_R1].tag_name	Tags2006_R1
  tag_recapture[Tags2006_R1_R1].years	2007 2008 2009 2010
  tag_recapture[Tags2007_R1_R1].area	R1
  tag_recapture[Tags2007_R1_R1].class_mins	100 150 200 250 300 350 400 450 500 550 600 650 700 750 800 850 900 950 1000 1050 1100 1150 1200 1250 1300 1350 1400 1450 1500 1550 1600 1650 1700 1750 1800 1850 1900 1950 2000 2050
  tag_recapture[Tags2007_R1_R1].detection_probability	1
  tag_recapture[Tags2007_R1_R1].dispersion	1
  tag_recapture[Tags2007_R1_R1].do_bootstrap	True
  tag_recapture[Tags2007_R1_R1].plus_group	False
  tag_recapture[Tags2007_R1_R1].proportion_mortality	0.5
  tag_recapture[Tags2007_R1_R1].r	1e-11
  tag_recapture[Tags2007_R1_R1].recaptured_2008	0 0 0 0 0 0 0.3 1.4 5.4 15.4 34 58.9 82.3 95.5 94.9 83.4 66.8 50 35.6 24.3 16 10.2 6.4 3.9 2.3 1.4 0.8 0.4 0.2 0.1 0.1 0 0 0 0 0 0 0 0
  tag_recapture[Tags2007_R1_R1].recaptured_2009	0 0 0 0 0 0 0.1 0.7 2.7 8.1 19.1 35.6 54.1 68.5 74.1 70.4 60 47.1 34.6 24.4 16.8 11.3 7.5 4.9 3.1 2 1.2 0.7 0.4 0.3 0.1 0.1 0 0 0 0 0 0 0
  tag_recapture[Tags2007_R1_R1].recaptured_2010	0 0 0 0 0 0 0 0.2 1.1 3.6 9.5 20 34.1 48.2 57.9 60.4 56.2 47.4 37 27 18.8 12.6 8.1 5.2 3.2 2 1.3 0.8 0.5 0.3 0.2 0.1 0.1 0 0 0 0 0 0
  tag_recapture[Tags2007_R1_R1].sample	size
  tag_recapture[Tags2007_R1_R1].scanned_2008	0 0 0 4 60 454 2328 8476 22858 47364 77846 104592 118478 116930 104046 86198 68214 52412 39418 29110 21138 15106 10636 7390 5082 3464 2348 1584 1060 700 454 286 172 100 54 28 14 6 0
  tag_recapture[Tags2007_R1_R1].scanned_2009	0 0 0 4 60 456 2334 8490 22898 47446 77974 104756 118652 117088 104172 86292 68280 52456 39446 29126 21144 15102 10626 7376 5062 3446 2330 1566 1046 690 446 280 170 98 54 28 14 6 0
  tag_recapture[Tags2007_R1_R1].scanned_2010	0 0 0 4 60 456 2338 8506 22936 47522 78092 104902 118804 117224 104278 86368 68330 52486 39464 29136 21146 15100 10620 7366 5050 3430 2314 1552 1034 680 438 274 166 96 52 26 14 6 0
  tag_recapture[Tags2007_R1_R1].step	1
  tag_recapture[Tags2007_R1_R1].tag_name	Tags2007_R1
  tag_recapture[Tags2007_R1_R1].years	2008 2009 2010
  tag_recapture[Tags2008_R1_R1].area	R1
  tag_recapture[Tags2008_R1_R1].class_mins	100 150 200 250 300 350 400 450 500 550 600 650 700 750 800 850 900 950 1000 1050 1100 1150 1200 1250 1300 1350 1400 1450 1500 1550 1600 1650 1700 1750 1800 1850 1900 1950 2000 2050
  tag_recapture[Tags2008_R1_R1].detection_probability	1
  tag_recapture[Tags2008_R1_R1].dispersion	1
  tag_recapture[Tags2008_R1_R1].do_bootstrap	True
  tag_recapture[Tags2008_R1_R1].plus_group	False
  tag_recapture[Tags2008_R1_R1].proportion_mortality	0.5
  tag_recapture[Tags2008_R1_R1].r	1e-11
  tag_recapture[Tags2008_R1_R1].recaptured_2009	0 0 0 0 0 0 0.3 1.5 5.6 16 35 60.4 84 96.9 95.5 83.4 66.6 49.9 35.7 24.6 16.6 10.9 7.1 4.5 2.9 1.8 1.1 0.7 0.4 0.3 0.2 0.1 0.1 0 0 0 0 0 0
  tag_recapture[Tags2008_R1_R1].recaptured_2010	0 0 0 0 0 0 0.1 0.6 2.6 8.2 19.8 37.7 58.1 74 80 75.5 63.9 49.8 36.4 25.2 16.7 10.5 6.3 3.6 2 1 0.5 0.2 0.1 0 0 0 0 0 0 0 0 0 0
  tag_recapture[Tags2008_R1_R1].sample	size
  tag_recapture[Tags2008_R1_R1].scanned_2009	0 0 0 4 60 456 2334 8490 22898 47446 77974 104756 118652 117088 104172 86292 68280 52456 39446 29126 21144 15102 10626 7376 5062 3446 2330 1566 1046 690 446 280 170 98 54 28 14 6 0
  tag_recapture[Tags2008_R1_R1].scanned_2010	0 0 0 4 60 456 2338 8506 22936 47522 78092 104902 118804 117224 104278 86368 68330 52486 39464 29136 21146 15100 10620 7366 5050 3430 2314 1552 1034 680 438 274 166 96 52 26 14 6 0
  tag_recapture[Tags2008_R1_R1].step	1
  tag_recapture[Tags2008_R1_R1].tag_name	Tags2008_R1
  tag_recapture[Tags2008_R1_R1].years	2009 2010
  tag_recapture[Tags2009_R1_R1].area	R1
  tag_recapture[Tags2009_R1_R1].class_mins	100 150 200 250 300 350 400 450 500 550 600 650 700 750 800 850 900 950 1000 1050 1100 1150 1200 1250 1300 1350 1400 1450 1500 1550 1600 1650 1700 1750 1800 1850 1900 1950 2000 2050
  tag_recapture[Tags2009_R1_R1].detection_probability	1
  tag_recapture[Tags2009_R1_R1].dispersion	1
  tag_recapture[Tags2009_R1_R1].do_bootstrap	True
  tag_recapture[Tags2009_R1_R1].plus_group	False
  tag_recapture[Tags2009_R1_R1].proportion_mortality	0.5
  tag_recapture[Tags2009_R1_R1].r	1e-11
  tag_recapture[Tags2009_R1_R1].recaptured_2010	0 0 0 0 0 0 0.3 1.6 5.9 16.4 35.5 60.7 83.6 95.5 93.4 81 64.5 48.6 35.3 25 17.3 11.7 7.7 4.9 3 1.8 1 0.5 0.3 0.1 0.1 0 0 0 0 0 0 0 0
  tag_recapture[Tags2009_R1_R1].sample	size
  tag_recapture[Tags2009_R1_R1].scanned_2010	0 0 0 4 60 456 2338 8506 22936 47522 78092 104902 118804 117224 104278 86368 68330 52486 39464 29136 21146 15100 10620 7366 5050 3430 2314 1552 1034 680 438 274 166 96 52 26 14 6 0
  tag_recapture[Tags2009_R1_R1].step	1
  tag_recapture[Tags2009_R1_R1].tag_name	Tags2009_R1
  tag_recapture[Tags2009_R1_R1].years	2010
  vector_average_penalty[1].k   	1
  vector_average_penalty[1].label	meanYCS_1
  vector_average_penalty[1].multiplier	100
  vector_average_penalty[1].vector	recruitment.YCS
Stored as DOUBLEs: 
Stored as VECTORs: 
Stored as OGIVEs: 

Population parameters:
Stored as strings: 
  annual_cycle.M_props          	1
  annual_cycle.aging_time       	1
  annual_cycle.baranov          	False
  annual_cycle.fishery_areas    	R1
  annual_cycle.fishery_names    	LL
  annual_cycle.fishery_times    	1
  annual_cycle.growth_props     	0
  annual_cycle.migrate_from     	R1
  annual_cycle.migrate_to       	R2
  annual_cycle.migration_names  	MoveRec_1_2
  annual_cycle.migration_times  	1
  annual_cycle.n_migrations     	0
  annual_cycle.recruitment_areas	R1
  annual_cycle.recruitment_time 	1
  annual_cycle.spawning_all_areas	1
  annual_cycle.spawning_p       	1
  annual_cycle.spawning_part_mort	1
  annual_cycle.spawning_time    	1
  annual_cycle.spawning_use_total_B	False
  annual_cycle.time_steps       	1
  area_names                    	R1
  current                       	2010
  final                         	2045
  first_random_year             	2007
  fishery[LL].U_max             	0.95
  fishery[LL].catches           	0 6000 6000 6000 6000 6000 6000 6000 6000 6000 6000 6000 6000 6000 6000 6000 6000 6000 6000 6000 6000
  fishery[LL].future_constant_catches	200
  fishery[LL].selectivity       	SelLL
  fishery[LL].years             	1990 1991 1992 1993 1994 1995 1996 1997 1998 1999 2000 2001 2002 2003 2004 2005 2006 2007 2008 2009 2010
  initial                       	1990
  initialization.B0             	348936
  mature_partition              	False
  maturity_props.all            	allvalues  0 0 0 0 0 0 0 0 0 0 0 0.1667 0.3333 0.5 0.6667 0.8333 1 1 1 1 1 1 1 1 1 1 1 1 1 1
  max_age                       	30
  min_age                       	1
  n_areas                       	1
  n_stocks                      	1
  n_tags                        	5
  natural_mortality.all         	0.155
  plus_group                    	True
  randomisation_method          	lognormal
  recruitment.SR                	BH
  recruitment.YCS               	1 1 1 1 1 1 1 1 1 1 1 1 1 1 1 1 1 1 1 1 1
  recruitment.YCS_years         	1989 1990 1991 1992 1993 1994 1995 1996 1997 1998 1999 2000 2001 2002 2003 2004 2005 2006 2007 2008 2009
  recruitment.first_free        	1989
  recruitment.last_free         	2006
  recruitment.p_male            	0.5
  recruitment.rho               	0
  recruitment.sigma_r           	0.6
  recruitment.steepness         	0.7
  recruitment.year_range        	1989 2006
  selectivity[SelLL].all        	double_normal 10 2 10
  selectivity_names             	SelLL
  sex_partition                 	False
  size_at_age.Linf              	2870.8
  size_at_age.by_length         	True
  size_at_age.cv                	0.122
  size_at_age.k                 	0.02056
  size_at_age.t0                	-4.2897
  size_at_age_dist              	normal
  size_at_age_type              	von_Bert
  size_based                    	False
  size_weight.a                 	2.59e-12
  size_weight.b                 	3.2064
  size_weight.verify_size_weight	500 0.5 1.5
  standardise_YCS               	True
  tag[Tags2005_R1_LL].area      	R1
  tag[Tags2005_R1_LL].class_mins	100 150 200 250 300 350 400 450 500 550 600 650 700 750 800 850 900 950 1000 1050 1100 1150 1200 1250 1300 1350 1400 1450 1500 1550 1600 1650 1700 1750 1800 1850 1900 1950 2000 2050
  tag[Tags2005_R1_LL].mature_only	False
  tag[Tags2005_R1_LL].mortality 	0.1
  tag[Tags2005_R1_LL].number    	25000
  tag[Tags2005_R1_LL].ogive     	SelLL
  tag[Tags2005_R1_LL].plus_group	False
  tag[Tags2005_R1_LL].props_all 	0 0 0 0 1e-04 5e-04 0.0025 0.0091 0.0246 0.0506 0.0826 0.1104 0.1248 0.1229 0.1092 0.0903 0.0713 0.0548 0.0412 0.0305 0.0222 0.016 0.0113 0.0079 0.0055 0.0038 0.0026 0.0018 0.0012 8e-04 5e-04 3e-04 2e-04 1e-04 1e-04 0 0 0 0
  tag[Tags2005_R1_LL].release_type	deterministic
  tag[Tags2005_R1_LL].sex       	both
  tag[Tags2005_R1_LL].step      	1
  tag[Tags2005_R1_LL].tag_name  	Tags2005_R1
  tag[Tags2005_R1_LL].year      	2005
  tag[Tags2006_R1_LL].area      	R1
  tag[Tags2006_R1_LL].class_mins	100 150 200 250 300 350 400 450 500 550 600 650 700 750 800 850 900 950 1000 1050 1100 1150 1200 1250 1300 1350 1400 1450 1500 1550 1600 1650 1700 1750 1800 1850 1900 1950 2000 2050
  tag[Tags2006_R1_LL].mature_only	False
  tag[Tags2006_R1_LL].mortality 	0.1
  tag[Tags2006_R1_LL].number    	25000
  tag[Tags2006_R1_LL].ogive     	SelLL
  tag[Tags2006_R1_LL].plus_group	False
  tag[Tags2006_R1_LL].props_all 	0 0 0 0 1e-04 5e-04 0.0024 0.0089 0.0241 0.0499 0.0819 0.11 0.1247 0.1233 0.1098 0.091 0.072 0.0553 0.0416 0.0307 0.0223 0.0159 0.0112 0.0078 0.0054 0.0037 0.0025 0.0017 0.0011 8e-04 5e-04 3e-04 2e-04 1e-04 1e-04 0 0 0 0
  tag[Tags2006_R1_LL].release_type	deterministic
  tag[Tags2006_R1_LL].sex       	both
  tag[Tags2006_R1_LL].step      	1
  tag[Tags2006_R1_LL].tag_name  	Tags2006_R1
  tag[Tags2006_R1_LL].year      	2006
  tag[Tags2007_R1_LL].area      	R1
  tag[Tags2007_R1_LL].class_mins	100 150 200 250 300 350 400 450 500 550 600 650 700 750 800 850 900 950 1000 1050 1100 1150 1200 1250 1300 1350 1400 1450 1500 1550 1600 1650 1700 1750 1800 1850 1900 1950 2000 2050
  tag[Tags2007_R1_LL].mature_only	False
  tag[Tags2007_R1_LL].mortality 	0.1
  tag[Tags2007_R1_LL].number    	25000
  tag[Tags2007_R1_LL].ogive     	SelLL
  tag[Tags2007_R1_LL].plus_group	False
  tag[Tags2007_R1_LL].props_all 	0 0 0 0 1e-04 6e-04 0.0027 0.0095 0.0248 0.0503 0.0816 0.1092 0.1238 0.1224 0.1092 0.0905 0.0718 0.0553 0.0418 0.031 0.0227 0.0163 0.0115 0.008 0.0056 0.0038 0.0026 0.0018 0.0012 8e-04 5e-04 3e-04 2e-04 1e-04 1e-04 0 0 0 0
  tag[Tags2007_R1_LL].release_type	deterministic
  tag[Tags2007_R1_LL].sex       	both
  tag[Tags2007_R1_LL].step      	1
  tag[Tags2007_R1_LL].tag_name  	Tags2007_R1
  tag[Tags2007_R1_LL].year      	2007
  tag[Tags2008_R1_LL].area      	R1
  tag[Tags2008_R1_LL].class_mins	100 150 200 250 300 350 400 450 500 550 600 650 700 750 800 850 900 950 1000 1050 1100 1150 1200 1250 1300 1350 1400 1450 1500 1550 1600 1650 1700 1750 1800 1850 1900 1950 2000 2050
  tag[Tags2008_R1_LL].mature_only	False
  tag[Tags2008_R1_LL].mortality 	0.1
  tag[Tags2008_R1_LL].number    	25000
  tag[Tags2008_R1_LL].ogive     	SelLL
  tag[Tags2008_R1_LL].plus_group	False
  tag[Tags2008_R1_LL].props_all 	0 0 0 0 1e-04 5e-04 0.0025 0.009 0.0239 0.0494 0.0813 0.1097 0.1247 0.1234 0.1099 0.0911 0.0721 0.0554 0.0417 0.0309 0.0225 0.0161 0.0114 0.008 0.0055 0.0038 0.0026 0.0017 0.0012 8e-04 5e-04 3e-04 2e-04 1e-04 1e-04 0 0 0 0
  tag[Tags2008_R1_LL].release_type	deterministic
  tag[Tags2008_R1_LL].sex       	both
  tag[Tags2008_R1_LL].step      	1
  tag[Tags2008_R1_LL].tag_name  	Tags2008_R1
  tag[Tags2008_R1_LL].year      	2008
  tag[Tags2009_R1_LL].area      	R1
  tag[Tags2009_R1_LL].class_mins	100 150 200 250 300 350 400 450 500 550 600 650 700 750 800 850 900 950 1000 1050 1100 1150 1200 1250 1300 1350 1400 1450 1500 1550 1600 1650 1700 1750 1800 1850 1900 1950 2000 2050
  tag[Tags2009_R1_LL].mature_only	False
  tag[Tags2009_R1_LL].mortality 	0.1
  tag[Tags2009_R1_LL].number    	25000
  tag[Tags2009_R1_LL].ogive     	SelLL
  tag[Tags2009_R1_LL].plus_group	False
  tag[Tags2009_R1_LL].props_all 	0 0 0 0 1e-04 4e-04 0.0023 0.0087 0.0237 0.0495 0.0818 0.1104 0.1255 0.124 0.1104 0.0914 0.0722 0.0553 0.0415 0.0306 0.0221 0.0157 0.011 0.0076 0.0052 0.0035 0.0024 0.0016 0.0011 7e-04 5e-04 3e-04 2e-04 1e-04 1e-04 0 0 0 0
  tag[Tags2009_R1_LL].release_type	deterministic
  tag[Tags2009_R1_LL].sex       	both
  tag[Tags2009_R1_LL].step      	1
  tag[Tags2009_R1_LL].tag_name  	Tags2009_R1
  tag[Tags2009_R1_LL].year      	2009
  tag_growth_loss[Tags2005_R1].nogrowth_period	0
  tag_growth_loss[Tags2006_R1].nogrowth_period	0
  tag_growth_loss[Tags2007_R1].nogrowth_period	0
  tag_growth_loss[Tags2008_R1].nogrowth_period	0
  tag_growth_loss[Tags2009_R1].nogrowth_period	0
  tag_loss_props                	1
  tag_names                     	Tags2005_R1 Tags2006_R1 Tags2007_R1 Tags2008_R1 Tags2009_R1
  tag_shedding_rate             	0.0084 0.0084 0.0084 0.0084 0.0084
  y_enter                       	1
Stored as DOUBLEs: 
Stored as VECTORs: 
Stored as OGIVEs: 

Output parameters:
Stored as strings: 
  n_projections                 	100
  numbers_at[Numbers_at_age_R1].area	R1
  numbers_at[Numbers_at_age_R1].proportion_mortality	0.5
  numbers_at[Numbers_at_age_R1].step	1
  numbers_at[Numbers_at_age_R1].years	1990 1991 1992 1993 1994 1995 1996 1997 1998 1999 2000 2001 2002 2003 2004 2005 2006 2007 2008 2009 2010
  print.covariance              	true
  print.estimation_section      	true
  print.final_state             	false
  print.fits                    	true
  print.fits_every_eval         	false
  print.initial_state           	false
  print.normalised_resids       	true
  print.objective_every_eval    	false
  print.parameter_vector_every_eval	false
  print.parameters              	true
  print.parameters_every_eval   	false
  print.pearson_resids          	true
  print.requests                	false
  print.resids                  	true
  print.results                 	false
  print.state_annually          	false
  print.state_every_step        	false
  print.unused_parameters       	true
  print.yields                  	true
  quantities.B0                 	true
  quantities.R0                 	true
  quantities.SSBs               	true
  quantities.YCS                	true
  quantities.actual_catches     	false
  quantities.all_free_parameters	true
  quantities.fishing_pressures  	true
  quantities.nuisance_qs        	true
  quantities.recruitments       	true
  quantities.true_YCS           	true
Stored as DOUBLEs: 
Stored as VECTORs: 
Stored as OGIVEs: 

A fish of size 500 cm has a weight of 1.16755 kg in your model. This size-weight scale check assumes that the growth curve is in centimetres, and that the catch is in tonnes.

A fish of size 500 cm has a weight of 1.16755 kg in your model. This size-weight scale check assumes that the growth curve is in centimetres, and that the catch is in tonnes.

Estimation section :

Objective function: Bayes

Minimiser convergence threshold: 0.001


Observations:

The observations are:
LL_catchA
Tags2005_R1_R1
Tags2006_R1_R1
Tags2007_R1_R1
Tags2008_R1_R1
Tags2009_R1_R1
Fits follow:

LL_catchA :
catch proportions-at-age for fishery LL  with ageing error (not constrained to sum to 1):
obs (last class is a plus group):
class 1       2       3       4       5       6       7       8       9       10      11      12      13      14      15      16      17      18      19      20      21      22      23      24      25      26      27      28      29      30      
2000 0       0       0       0       0.006   0.011   0.063   0.091   0.147   0.143   0.118   0.096   0.081   0.056   0.052   0.033   0.028   0.017   0.015   0.011   0.015   0.004   0.005   0.001   0.005   0.001   0       0.001   0       0       
2001 0       0       0       0.002   0.008   0.019   0.048   0.09    0.143   0.152   0.109   0.109   0.071   0.06    0.035   0.038   0.033   0.018   0.009   0.013   0.011   0.009   0.006   0.003   0.001   0.002   0.004   0.001   0.001   0.005   
2002 0       0       0.001   0       0.003   0.014   0.054   0.113   0.142   0.162   0.109   0.086   0.083   0.05    0.043   0.038   0.025   0.024   0.013   0.013   0.015   0.003   0.004   0.001   0.001   0       0       0       0       0.003   
2003 0       0       0       0.001   0.004   0.022   0.054   0.094   0.127   0.139   0.134   0.11    0.074   0.059   0.046   0.033   0.028   0.016   0.012   0.012   0.009   0.007   0.003   0.003   0.002   0.003   0.001   0.002   0.001   0.004   
2004 0       0       0       0.002   0.008   0.014   0.053   0.109   0.148   0.142   0.123   0.097   0.075   0.048   0.035   0.043   0.027   0.014   0.012   0.02    0.007   0.006   0.005   0.003   0.004   0.001   0.001   0       0       0.003   
2005 0       0       0       0       0.01    0.023   0.063   0.091   0.15    0.141   0.123   0.099   0.059   0.048   0.052   0.035   0.021   0.021   0.022   0.014   0.004   0.005   0.006   0.004   0.002   0.001   0       0.001   0       0.005   
2006 0       0       0       0       0.005   0.015   0.056   0.094   0.181   0.132   0.115   0.092   0.089   0.056   0.036   0.033   0.018   0.019   0.013   0.013   0.015   0.005   0.002   0.004   0       0.002   0.002   0.001   0       0.002   
2007 0       0       0       0.001   0.002   0.017   0.054   0.097   0.147   0.161   0.122   0.093   0.065   0.052   0.044   0.029   0.028   0.02    0.017   0.017   0.01    0.01    0.004   0.001   0.003   0.001   0.002   0       0.001   0.002   
2008 0       0       0       0.001   0.003   0.018   0.052   0.086   0.142   0.154   0.113   0.092   0.095   0.06    0.046   0.038   0.03    0.022   0.018   0.008   0.003   0.006   0.006   0.003   0.001   0.001   0       0       0       0.002   
2009 0       0       0       0.002   0.001   0.019   0.056   0.101   0.154   0.138   0.112   0.1     0.076   0.048   0.05    0.036   0.029   0.021   0.017   0.011   0.005   0.003   0.007   0.003   0.005   0.002   0.001   0       0       0.003   
2010 0       0       0       0       0.003   0.022   0.05    0.102   0.148   0.138   0.125   0.08    0.08    0.053   0.05    0.029   0.024   0.027   0.018   0.023   0.007   0.004   0.004   0.007   0.003   0.002   0.001   0       0       0       
objective function: multinomial likelihood, with delta = 1e-011, N =
100 100 100 100 100 100 100 100 100 100 100 100 100 100 100 100 100 100 100 100 100 100 100 100 100 100 100 100 100 100 
100 100 100 100 100 100 100 100 100 100 100 100 100 100 100 100 100 100 100 100 100 100 100 100 100 100 100 100 100 100 
100 100 100 100 100 100 100 100 100 100 100 100 100 100 100 100 100 100 100 100 100 100 100 100 100 100 100 100 100 100 
100 100 100 100 100 100 100 100 100 100 100 100 100 100 100 100 100 100 100 100 100 100 100 100 100 100 100 100 100 100 
100 100 100 100 100 100 100 100 100 100 100 100 100 100 100 100 100 100 100 100 100 100 100 100 100 100 100 100 100 100 
100 100 100 100 100 100 100 100 100 100 100 100 100 100 100 100 100 100 100 100 100 100 100 100 100 100 100 100 100 100 
100 100 100 100 100 100 100 100 100 100 100 100 100 100 100 100 100 100 100 100 100 100 100 100 100 100 100 100 100 100 
100 100 100 100 100 100 100 100 100 100 100 100 100 100 100 100 100 100 100 100 100 100 100 100 100 100 100 100 100 100 
100 100 100 100 100 100 100 100 100 100 100 100 100 100 100 100 100 100 100 100 100 100 100 100 100 100 100 100 100 100 
100 100 100 100 100 100 100 100 100 100 100 100 100 100 100 100 100 100 100 100 100 100 100 100 100 100 100 100 100 100 
100 100 100 100 100 100 100 100 100 100 100 100 100 100 100 100 100 100 100 100 100 100 100 100 100 100 100 100 100 100 

Tags2005_R1_R1 :
tag-recapture data for tag Tags2005_R1 in years 2006 2007 2008 2009 2010 , step 1, after proportion 0.5 of mortality, with sampling method size, detection probability 1.
Year 2006
class scanned recaptured
100 0 0
150 0 0
200 0 0
250 4 0
300 60 0
350 452 0
400 2318 0.3
450 8438 1.4
500 22758 5.4
550 47162 15.3
600 77522 33.7
650 104172 58.8
700 118020 83.3
750 116500 98.3
800 103682 99.1
850 85918 87.8
900 68008 70.4
950 52268 52.4
1000 39326 36.9
1050 29062 24.9
1100 21126 16.3
1150 15122 10.3
1200 10676 6.4
1250 7446 3.9
1300 5144 2.3
1350 3528 1.3
1400 2406 0.7
1450 1632 0.4
1500 1098 0.2
1550 730 0.1
1600 474 0
1650 298 0
1700 180 0
1750 104 0
1800 58 0
1850 30 0
1900 14 0
1950 6 0
2000 0 0


Year 2007
class scanned recaptured
100 0 0
150 0 0
200 0 0
250 4 0
300 60 0
350 454 0
400 2324 0.1
450 8458 0.7
500 22812 2.7
550 47270 8
600 77698 18.6
650 104400 35
700 118272 53.8
750 116740 69.1
800 103886 75.7
850 86076 72.4
900 68126 61.8
950 52350 48.1
1000 39378 34.6
1050 29090 23.6
1100 21132 15.3
1150 15110 9.6
1200 10650 5.9
1250 7412 3.4
1300 5108 2
1350 3492 1.1
1400 2374 0.6
1450 1606 0.3
1500 1078 0.2
1550 714 0.1
1600 464 0.1
1650 292 0
1700 176 0
1750 102 0
1800 56 0
1850 28 0
1900 14 0
1950 6 0
2000 0 0


Year 2008
class scanned recaptured
100 0 0
150 0 0
200 0 0
250 4 0
300 60 0
350 454 0
400 2328 0
450 8476 0.3
500 22858 1.2
550 47364 3.9
600 77846 10.1
650 104592 20.9
700 118478 35.1
750 116930 49.1
800 104046 58.6
850 86198 61
900 68214 56.6
950 52412 47.8
1000 39418 37.4
1050 29110 27.6
1100 21138 19.5
1150 15106 13.2
1200 10636 8.6
1250 7390 5.5
1300 5082 3.5
1350 3464 2.2
1400 2348 1.4
1450 1584 0.9
1500 1060 0.6
1550 700 0.4
1600 454 0.3
1650 286 0.2
1700 172 0.1
1750 100 0.1
1800 54 0
1850 28 0
1900 14 0
1950 6 0
2000 0 0


Year 2009
class scanned recaptured
100 0 0
150 0 0
200 0 0
250 4 0
300 60 0
350 456 0
400 2334 0
450 8490 0.1
500 22898 0.4
550 47446 1.5
600 77974 4.2
650 104756 9.5
700 118652 17.7
750 117088 27.8
800 104172 37.1
850 86292 42.5
900 68280 42.7
950 52456 38.3
1000 39446 31.3
1050 29126 24
1100 21144 17.6
1150 15102 12.6
1200 10626 8.8
1250 7376 6
1300 5062 4
1350 3446 2.6
1400 2330 1.6
1450 1566 1
1500 1046 0.6
1550 690 0.4
1600 446 0.2
1650 280 0.1
1700 170 0.1
1750 98 0
1800 54 0
1850 28 0
1900 14 0
1950 6 0
2000 0 0


Year 2010
class scanned recaptured
100 0 0
150 0 0
200 0 0
250 4 0
300 60 0
350 456 0
400 2338 0
450 8506 0
500 22936 0.2
550 47522 0.7
600 78092 2.1
650 104902 5.2
700 118804 10.6
750 117224 18.4
800 104278 27
850 86368 34
900 68330 37.4
950 52486 36.3
1000 39464 31.7
1050 29136 25.4
1100 21146 18.9
1150 15100 13.4
1200 10620 9.2
1250 7366 6.1
1300 5050 4
1350 3430 2.5
1400 2314 1.6
1450 1552 1
1500 1034 0.6
1550 680 0.4
1600 438 0.2
1650 274 0.1
1700 166 0.1
1750 96 0
1800 52 0
1850 26 0
1900 14 0
1950 6 0
2000 0 0


Tags2006_R1_R1 :
tag-recapture data for tag Tags2006_R1 in years 2007 2008 2009 2010 , step 1, after proportion 0.5 of mortality, with sampling method size, detection probability 1.
Year 2007
class scanned recaptured
100 0 0
150 0 0
200 0 0
250 4 0
300 60 0
350 454 0
400 2324 0.3
450 8458 1.4
500 22812 5.2
550 47270 14.9
600 77698 32.9
650 104400 57.2
700 118272 80.6
750 116740 94.3
800 103886 94.7
850 86076 84.5
900 68126 69.4
950 52350 53.8
1000 39378 40
1050 29090 28.5
1100 21132 19.4
1150 15110 12.7
1200 10650 8
1250 7412 4.8
1300 5108 2.8
1350 3492 1.6
1400 2374 0.9
1450 1606 0.5
1500 1078 0.3
1550 714 0.1
1600 464 0.1
1650 292 0
1700 176 0
1750 102 0
1800 56 0
1850 28 0
1900 14 0
1950 6 0
2000 0 0


Year 2008
class scanned recaptured
100 0 0
150 0 0
200 0 0
250 4 0
300 60 0
350 454 0
400 2328 0.1
450 8476 0.6
500 22858 2.4
550 47364 7.6
600 77846 18.5
650 104592 35.6
700 118478 55.2
750 116930 71
800 104046 78
850 86198 75.4
900 68214 66.1
950 52412 53.8
1000 39418 41.2
1050 29110 30
1100 21138 20.8
1150 15106 13.8
1200 10636 8.9
1250 7390 5.5
1300 5082 3.3
1350 3464 1.9
1400 2348 1.1
1450 1584 0.6
1500 1060 0.3
1550 700 0.1
1600 454 0.1
1650 286 0
1700 172 0
1750 100 0
1800 54 0
1850 28 0
1900 14 0
1950 6 0
2000 0 0


Year 2009
class scanned recaptured
100 0 0
150 0 0
200 0 0
250 4 0
300 60 0
350 456 0
400 2334 0
450 8490 0.3
500 22898 1.2
550 47446 3.9
600 77974 10.2
650 104756 21
700 118652 35.2
750 117088 48.8
800 104172 57.4
850 86292 58.6
900 68280 53
950 52456 43.4
1000 39446 32.9
1050 29126 23.6
1100 21144 16.2
1150 15102 10.8
1200 10626 7.1
1250 7376 4.5
1300 5062 2.8
1350 3446 1.8
1400 2330 1.1
1450 1566 0.7
1500 1046 0.5
1550 690 0.3
1600 446 0.2
1650 280 0.2
1700 170 0.1
1750 98 0.1
1800 54 0
1850 28 0
1900 14 0
1950 6 0
2000 0 0


Year 2010
class scanned recaptured
100 0 0
150 0 0
200 0 0
250 4 0
300 60 0
350 456 0
400 2338 0
450 8506 0.1
500 22936 0.4
550 47522 1.6
600 78092 4.6
650 104902 10.6
700 118804 19.6
750 117224 30.2
800 104278 39.4
850 86368 44.4
900 68330 44.3
950 52486 40
1000 39464 33.2
1050 29136 25.8
1100 21146 18.9
1150 15100 13.1
1200 10620 8.6
1250 7366 5.4
1300 5050 3.3
1350 3430 1.9
1400 2314 1.1
1450 1552 0.6
1500 1034 0.4
1550 680 0.2
1600 438 0.1
1650 274 0.1
1700 166 0
1750 96 0
1800 52 0
1850 26 0
1900 14 0
1950 6 0
2000 0 0


Tags2007_R1_R1 :
tag-recapture data for tag Tags2007_R1 in years 2008 2009 2010 , step 1, after proportion 0.5 of mortality, with sampling method size, detection probability 1.
Year 2008
class scanned recaptured
100 0 0
150 0 0
200 0 0
250 4 0
300 60 0
350 454 0
400 2328 0.3
450 8476 1.4
500 22858 5.4
550 47364 15.4
600 77846 34
650 104592 58.9
700 118478 82.3
750 116930 95.5
800 104046 94.9
850 86198 83.4
900 68214 66.8
950 52412 50
1000 39418 35.6
1050 29110 24.3
1100 21138 16
1150 15106 10.2
1200 10636 6.4
1250 7390 3.9
1300 5082 2.3
1350 3464 1.4
1400 2348 0.8
1450 1584 0.4
1500 1060 0.2
1550 700 0.1
1600 454 0.1
1650 286 0
1700 172 0
1750 100 0
1800 54 0
1850 28 0
1900 14 0
1950 6 0
2000 0 0


Year 2009
class scanned recaptured
100 0 0
150 0 0
200 0 0
250 4 0
300 60 0
350 456 0
400 2334 0.1
450 8490 0.7
500 22898 2.7
550 47446 8.1
600 77974 19.1
650 104756 35.6
700 118652 54.1
750 117088 68.5
800 104172 74.1
850 86292 70.4
900 68280 60
950 52456 47.1
1000 39446 34.6
1050 29126 24.4
1100 21144 16.8
1150 15102 11.3
1200 10626 7.5
1250 7376 4.9
1300 5062 3.1
1350 3446 2
1400 2330 1.2
1450 1566 0.7
1500 1046 0.4
1550 690 0.3
1600 446 0.1
1650 280 0.1
1700 170 0
1750 98 0
1800 54 0
1850 28 0
1900 14 0
1950 6 0
2000 0 0


Year 2010
class scanned recaptured
100 0 0
150 0 0
200 0 0
250 4 0
300 60 0
350 456 0
400 2338 0
450 8506 0.2
500 22936 1.1
550 47522 3.6
600 78092 9.5
650 104902 20
700 118804 34.1
750 117224 48.2
800 104278 57.9
850 86368 60.4
900 68330 56.2
950 52486 47.4
1000 39464 37
1050 29136 27
1100 21146 18.8
1150 15100 12.6
1200 10620 8.1
1250 7366 5.2
1300 5050 3.2
1350 3430 2
1400 2314 1.3
1450 1552 0.8
1500 1034 0.5
1550 680 0.3
1600 438 0.2
1650 274 0.1
1700 166 0.1
1750 96 0
1800 52 0
1850 26 0
1900 14 0
1950 6 0
2000 0 0


Tags2008_R1_R1 :
tag-recapture data for tag Tags2008_R1 in years 2009 2010 , step 1, after proportion 0.5 of mortality, with sampling method size, detection probability 1.
Year 2009
class scanned recaptured
100 0 0
150 0 0
200 0 0
250 4 0
300 60 0
350 456 0
400 2334 0.3
450 8490 1.5
500 22898 5.6
550 47446 16
600 77974 35
650 104756 60.4
700 118652 84
750 117088 96.9
800 104172 95.5
850 86292 83.4
900 68280 66.6
950 52456 49.9
1000 39446 35.7
1050 29126 24.6
1100 21144 16.6
1150 15102 10.9
1200 10626 7.1
1250 7376 4.5
1300 5062 2.9
1350 3446 1.8
1400 2330 1.1
1450 1566 0.7
1500 1046 0.4
1550 690 0.3
1600 446 0.2
1650 280 0.1
1700 170 0.1
1750 98 0
1800 54 0
1850 28 0
1900 14 0
1950 6 0
2000 0 0


Year 2010
class scanned recaptured
100 0 0
150 0 0
200 0 0
250 4 0
300 60 0
350 456 0
400 2338 0.1
450 8506 0.6
500 22936 2.6
550 47522 8.2
600 78092 19.8
650 104902 37.7
700 118804 58.1
750 117224 74
800 104278 80
850 86368 75.5
900 68330 63.9
950 52486 49.8
1000 39464 36.4
1050 29136 25.2
1100 21146 16.7
1150 15100 10.5
1200 10620 6.3
1250 7366 3.6
1300 5050 2
1350 3430 1
1400 2314 0.5
1450 1552 0.2
1500 1034 0.1
1550 680 0
1600 438 0
1650 274 0
1700 166 0
1750 96 0
1800 52 0
1850 26 0
1900 14 0
1950 6 0
2000 0 0


Tags2009_R1_R1 :
tag-recapture data for tag Tags2009_R1 in years 2010 , step 1, after proportion 0.5 of mortality, with sampling method size, detection probability 1.
Year 2010
class scanned recaptured
100 0 0
150 0 0
200 0 0
250 4 0
300 60 0
350 456 0
400 2338 0.3
450 8506 1.6
500 22936 5.9
550 47522 16.4
600 78092 35.5
650 104902 60.7
700 118804 83.6
750 117224 95.5
800 104278 93.4
850 86368 81
900 68330 64.5
950 52486 48.6
1000 39464 35.3
1050 29136 25
1100 21146 17.3
1150 15100 11.7
1200 10620 7.7
1250 7366 4.9
1300 5050 3
1350 3430 1.8
1400 2314 1
1450 1552 0.5
1500 1034 0.3
1550 680 0.1
1600 438 0.1
1650 274 0
1700 166 0
1750 96 0
1800 52 0
1850 26 0
1900 14 0
1950 6 0
2000 0 0



Ageing_error:
  Misclassification matrix:
1 0 0 0 0 0 0 0 0 0 0 0 0 0 0 0 0 0 0 0 0 0 0 0 0 0 0 0 0 0 
0 1 0 0 0 0 0 0 0 0 0 0 0 0 0 0 0 0 0 0 0 0 0 0 0 0 0 0 0 0 
0 0 1 0 0 0 0 0 0 0 0 0 0 0 0 0 0 0 0 0 0 0 0 0 0 0 0 0 0 0 
0 0 0 1 0 0 0 0 0 0 0 0 0 0 0 0 0 0 0 0 0 0 0 0 0 0 0 0 0 0 
0 0 0 0 1 0 0 0 0 0 0 0 0 0 0 0 0 0 0 0 0 0 0 0 0 0 0 0 0 0 
0 0 0 0 0 1 0 0 0 0 0 0 0 0 0 0 0 0 0 0 0 0 0 0 0 0 0 0 0 0 
0 0 0 0 0 0 1 0 0 0 0 0 0 0 0 0 0 0 0 0 0 0 0 0 0 0 0 0 0 0 
0 0 0 0 0 0 0 1 0 0 0 0 0 0 0 0 0 0 0 0 0 0 0 0 0 0 0 0 0 0 
0 0 0 0 0 0 0 0 1 0 0 0 0 0 0 0 0 0 0 0 0 0 0 0 0 0 0 0 0 0 
0 0 0 0 0 0 0 0 0 1 0 0 0 0 0 0 0 0 0 0 0 0 0 0 0 0 0 0 0 0 
0 0 0 0 0 0 0 0 0 0 1 0 0 0 0 0 0 0 0 0 0 0 0 0 0 0 0 0 0 0 
0 0 0 0 0 0 0 0 0 0 0 1 0 0 0 0 0 0 0 0 0 0 0 0 0 0 0 0 0 0 
0 0 0 0 0 0 0 0 0 0 0 0 1 0 0 0 0 0 0 0 0 0 0 0 0 0 0 0 0 0 
0 0 0 0 0 0 0 0 0 0 0 0 0 1 0 0 0 0 0 0 0 0 0 0 0 0 0 0 0 0 
0 0 0 0 0 0 0 0 0 0 0 0 0 0 1 0 0 0 0 0 0 0 0 0 0 0 0 0 0 0 
0 0 0 0 0 0 0 0 0 0 0 0 0 0 0 1 0 0 0 0 0 0 0 0 0 0 0 0 0 0 
0 0 0 0 0 0 0 0 0 0 0 0 0 0 0 0 1 0 0 0 0 0 0 0 0 0 0 0 0 0 
0 0 0 0 0 0 0 0 0 0 0 0 0 0 0 0 0 1 0 0 0 0 0 0 0 0 0 0 0 0 
0 0 0 0 0 0 0 0 0 0 0 0 0 0 0 0 0 0 1 0 0 0 0 0 0 0 0 0 0 0 
0 0 0 0 0 0 0 0 0 0 0 0 0 0 0 0 0 0 0 1 0 0 0 0 0 0 0 0 0 0 
0 0 0 0 0 0 0 0 0 0 0 0 0 0 0 0 0 0 0 0 1 0 0 0 0 0 0 0 0 0 
0 0 0 0 0 0 0 0 0 0 0 0 0 0 0 0 0 0 0 0 0 1 0 0 0 0 0 0 0 0 
0 0 0 0 0 0 0 0 0 0 0 0 0 0 0 0 0 0 0 0 0 0 1 0 0 0 0 0 0 0 
0 0 0 0 0 0 0 0 0 0 0 0 0 0 0 0 0 0 0 0 0 0 0 1 0 0 0 0 0 0 
0 0 0 0 0 0 0 0 0 0 0 0 0 0 0 0 0 0 0 0 0 0 0 0 1 0 0 0 0 0 
0 0 0 0 0 0 0 0 0 0 0 0 0 0 0 0 0 0 0 0 0 0 0 0 0 1 0 0 0 0 
0 0 0 0 0 0 0 0 0 0 0 0 0 0 0 0 0 0 0 0 0 0 0 0 0 0 1 0 0 0 
0 0 0 0 0 0 0 0 0 0 0 0 0 0 0 0 0 0 0 0 0 0 0 0 0 0 0 1 0 0 
0 0 0 0 0 0 0 0 0 0 0 0 0 0 0 0 0 0 0 0 0 0 0 0 0 0 0 0 1 0 
0 0 0 0 0 0 0 0 0 0 0 0 0 0 0 0 0 0 0 0 0 0 0 0 0 0 0 0 0 1 

Free parameters:

initialization.B0
uniform: bounds from 5000 to 500000
current value: 348936
lower bound: 5000
upper bound: 500000


Q's:
qs are nuisance parameters

Penalties:
LL_Penalty :
Catch limit penalty of 1000 x the sum of squares of (log(actual catch) - log(specified catch)) for fishery LL to disencourage breaking exploitation rate limits
meanYCS_1 :
Vector average penalty of 100 x square of (mean(recruitment.YCS) - 1) 
Penalty_Tags2005_R1_LL :
'Fish-must-be-tagged' penalty of 1 x square of (actual number of tagged fish - nominal number of tagged fish) for tagging episode Tags2005_R1_LL
Penalty_Tags2006_R1_LL :
'Fish-must-be-tagged' penalty of 1 x square of (actual number of tagged fish - nominal number of tagged fish) for tagging episode Tags2006_R1_LL
Penalty_Tags2007_R1_LL :
'Fish-must-be-tagged' penalty of 1 x square of (actual number of tagged fish - nominal number of tagged fish) for tagging episode Tags2007_R1_LL
Penalty_Tags2008_R1_LL :
'Fish-must-be-tagged' penalty of 1 x square of (actual number of tagged fish - nominal number of tagged fish) for tagging episode Tags2008_R1_LL
Penalty_Tags2009_R1_LL :
'Fish-must-be-tagged' penalty of 1 x square of (actual number of tagged fish - nominal number of tagged fish) for tagging episode Tags2009_R1_LL

Components of the objective function are:
  LL_catchA
  Tags2005_R1_R1
  Tags2006_R1_R1
  Tags2007_R1_R1
  Tags2008_R1_R1
  Tags2009_R1_R1
  prior_on_initialization.B0
  LL_Penalty
  meanYCS_1
  Penalty_Tags2005_R1_LL
  Penalty_Tags2006_R1_LL
  Penalty_Tags2007_R1_LL
  Penalty_Tags2008_R1_LL
  Penalty_Tags2009_R1_LL

Random number seed : 17640


Minimiser achieved convergence after 8 quasi-Newton iterations using 13 objective function evaluations



Approximate Covariance matrix (Inverse Hessian of parameters at point estimate):
3.23455e+006 

Correlation matrix:
1 

List of parameter names, in the same order as the rows & cols of the covariance/correlation matrices:
initialization.B0 



Start extracting output from here

Point estimate:
initialization.B0
current value: 199158
lower bound: 5000
upper bound: 500000


In a format suitable for -i :

initialization.B0 
199158 

Objective function : 1260.11

Components :
LL_catchA                                          323.737
Tags2005_R1_R1                                     288.845
Tags2006_R1_R1                                     242.075
Tags2007_R1_R1                                     190.813
Tags2008_R1_R1                                     137.6
Tags2009_R1_R1                                     77.0434
prior_on_initialization.B0                         0
LL_Penalty                                         0
meanYCS_1                                          0
Penalty_Tags2005_R1_LL                             1.32349e-023
Penalty_Tags2006_R1_LL                             1.19114e-022
Penalty_Tags2007_R1_LL                             1.32349e-023
Penalty_Tags2008_R1_LL                             1.32349e-023
Penalty_Tags2009_R1_LL                             1.32349e-023

Fits : 

The observations are:
LL_catchA
Tags2005_R1_R1
Tags2006_R1_R1
Tags2007_R1_R1
Tags2008_R1_R1
Tags2009_R1_R1
Fits follow:

LL_catchA :
catch proportions-at-age for fishery LL  with ageing error (not constrained to sum to 1):
obs (last class is a plus group):
class 1       2       3       4       5       6       7       8       9       10      11      12      13      14      15      16      17      18      19      20      21      22      23      24      25      26      27      28      29      30      
2000 0       0       0       0       0.006   0.011   0.063   0.091   0.147   0.143   0.118   0.096   0.081   0.056   0.052   0.033   0.028   0.017   0.015   0.011   0.015   0.004   0.005   0.001   0.005   0.001   0       0.001   0       0       
2001 0       0       0       0.002   0.008   0.019   0.048   0.09    0.143   0.152   0.109   0.109   0.071   0.06    0.035   0.038   0.033   0.018   0.009   0.013   0.011   0.009   0.006   0.003   0.001   0.002   0.004   0.001   0.001   0.005   
2002 0       0       0.001   0       0.003   0.014   0.054   0.113   0.142   0.162   0.109   0.086   0.083   0.05    0.043   0.038   0.025   0.024   0.013   0.013   0.015   0.003   0.004   0.001   0.001   0       0       0       0       0.003   
2003 0       0       0       0.001   0.004   0.022   0.054   0.094   0.127   0.139   0.134   0.11    0.074   0.059   0.046   0.033   0.028   0.016   0.012   0.012   0.009   0.007   0.003   0.003   0.002   0.003   0.001   0.002   0.001   0.004   
2004 0       0       0       0.002   0.008   0.014   0.053   0.109   0.148   0.142   0.123   0.097   0.075   0.048   0.035   0.043   0.027   0.014   0.012   0.02    0.007   0.006   0.005   0.003   0.004   0.001   0.001   0       0       0.003   
2005 0       0       0       0       0.01    0.023   0.063   0.091   0.15    0.141   0.123   0.099   0.059   0.048   0.052   0.035   0.021   0.021   0.022   0.014   0.004   0.005   0.006   0.004   0.002   0.001   0       0.001   0       0.005   
2006 0       0       0       0       0.005   0.015   0.056   0.094   0.181   0.132   0.115   0.092   0.089   0.056   0.036   0.033   0.018   0.019   0.013   0.013   0.015   0.005   0.002   0.004   0       0.002   0.002   0.001   0       0.002   
2007 0       0       0       0.001   0.002   0.017   0.054   0.097   0.147   0.161   0.122   0.093   0.065   0.052   0.044   0.029   0.028   0.02    0.017   0.017   0.01    0.01    0.004   0.001   0.003   0.001   0.002   0       0.001   0.002   
2008 0       0       0       0.001   0.003   0.018   0.052   0.086   0.142   0.154   0.113   0.092   0.095   0.06    0.046   0.038   0.03    0.022   0.018   0.008   0.003   0.006   0.006   0.003   0.001   0.001   0       0       0       0.002   
2009 0       0       0       0.002   0.001   0.019   0.056   0.101   0.154   0.138   0.112   0.1     0.076   0.048   0.05    0.036   0.029   0.021   0.017   0.011   0.005   0.003   0.007   0.003   0.005   0.002   0.001   0       0       0.003   
2010 0       0       0       0       0.003   0.022   0.05    0.102   0.148   0.138   0.125   0.08    0.08    0.053   0.05    0.029   0.024   0.027   0.018   0.023   0.007   0.004   0.004   0.007   0.003   0.002   0.001   0       0       0       
fits (last class is a plus group):
class 1       2       3       4       5       6       7       8       9       10      11      12      13      14      15      16      17      18      19      20      21      22      23      24      25      26      27      28      29      30      
2000 4.82638e-007 7.88758e-006 9.11452e-005 0.000744672 0.00430118 0.0175558 0.0505565 0.102312 0.144664 0.142617 0.116516 0.0939735 0.0748698 0.0589608 0.0459333 0.0354589 0.0272208 0.0208821 0.016035 0.0122449 0.00924349 0.00689336 0.00507524 0.0036867 0.00264072 0.00186418 0.00129643 0.000887898 0.000598731 0.00286714 
2001 4.8387e-007 7.90764e-006 9.13806e-005 0.000746665 0.00431331 0.0176084 0.0507177 0.102651 0.145138 0.143047 0.116973 0.0942772 0.0750557 0.0590578 0.0459551 0.0353894 0.0270137 0.0205101 0.0155634 0.0118216 0.00892936 0.00666662 0.0049162 0.00357841 0.00256922 0.00181846 0.00126816 0.000871033 0.000589044 0.00285468 
2002 4.84868e-007 7.92359e-006 9.15641e-005 0.000748194 0.00432254 0.0176485 0.0508413 0.102914 0.145509 0.143384 0.117209 0.0945533 0.0752246 0.0591474 0.0459873 0.0353737 0.0269368 0.0203366 0.0152735 0.0114649 0.00861413 0.00643538 0.00475117 0.00346394 0.00249213 0.00176811 0.00123631 0.000851537 0.00057752 0.00283603 
2003 4.85716e-007 7.9369e-006 9.17137e-005 0.000749409 0.00432973 0.0176795 0.0509364 0.103117 0.145796 0.143646 0.117392 0.0946696 0.0753863 0.0592352 0.0460228 0.035373 0.0269061 0.0202652 0.0151347 0.0112445 0.00834932 0.00620475 0.00458395 0.00334598 0.00241125 0.00171426 0.00120154 0.000829786 0.000564353 0.00281134 
2004 4.86476e-007 7.94866e-006 9.18433e-005 0.000750434 0.00433561 0.0177041 0.0510109 0.103275 0.146019 0.143848 0.117533 0.0947585 0.0754324 0.0593266 0.046064 0.0353801 0.0268909 0.0202316 0.0150741 0.011137 0.00818519 0.00601149 0.00441792 0.003227 0.0023283 0.00165806 0.00116457 0.000806196 0.000549771 0.00278073 
2005 4.87194e-007 7.95966e-006 9.19627e-005 0.000751357 0.00434074 0.0177248 0.0510716 0.1034  0.146192 0.144002 0.117639 0.0948246 0.0754658 0.0593341 0.0461134 0.0353958 0.0268847 0.0202118 0.0150432 0.0110884 0.00810423 0.00589144 0.00427904 0.00310925 0.00224492 0.00160063 0.00112612 0.000781214 0.000534027 0.00274438 
2006 4.87944e-007 7.97116e-006 9.2087e-005 0.00075231 0.00434595 0.0177451 0.0511286 0.103511 0.146336 0.144119 0.117712 0.0948667 0.0754843 0.0593343 0.0460998 0.0354197 0.0268866 0.0202003 0.0150239 0.0110626 0.00806682 0.00583188 0.00419278 0.00301101 0.0021627 0.00154312 0.001087 0.000755357 0.000517439 0.00270275 
2007 4.88699e-007 7.98267e-006 9.22114e-005 0.000753256 0.00435105 0.0177647 0.0511816 0.103611 0.14646 0.144214 0.117763 0.09489 0.07549 0.0593275 0.0460839 0.0353975 0.0268963 0.0201958 0.0150112 0.0110456 0.00804619 0.00580373 0.00414958 0.00294979 0.00209402 0.00148638 0.0010478 0.000729021 0.000500251 0.00265591 
2008 4.89471e-007 7.99441e-006 9.23374e-005 0.000754216 0.00435618 0.0177841 0.0512332 0.103706 0.146572 0.144294 0.117801 0.0948994 0.0754835 0.0593128 0.0460643 0.0353748 0.0268719 0.0201977 0.0150041 0.0110337 0.00803211 0.00578777 0.00412883 0.00291893 0.00205114 0.00143898 0.00100914 0.000702649 0.000482758 0.00260426 
2009 4.90264e-007 8.00648e-006 9.24668e-005 0.000755194 0.00436142 0.0178038 0.051285 0.103798 0.146678 0.144365 0.11783 0.0949005 0.0754676 0.0592897 0.0460394 0.0353498 0.0268475 0.0201744 0.0150021 0.0110262 0.00802195 0.00577662 0.00411681 0.0029039 0.00202941 0.00140935 0.000976859 0.000676659 0.00046525 0.00254832 
2010 4.91078e-007 8.01889e-006 9.26e-005 0.0007562 0.00436678 0.0178239 0.0513375 0.103891 0.146782 0.144432 0.117853 0.0948957 0.0754462 0.05926 0.0460085 0.0353212 0.0268218 0.0201513 0.0149815 0.0110225 0.00801498 0.00576833 0.00410824 0.00289504 0.00201871 0.00139425 0.000956635 0.000654944 0.000447999 0.0024887 
resids (last class is a plus group):
class 1       2       3       4       5       6       7       8       9       10      11      12      13      14      15      16      17      18      19      20      21      22      23      24      25      26      27      28      29      30      
2000 -4.82638e-007 -7.88758e-006 -9.11452e-005 -0.000744672 0.00169882 -0.00655575 0.0124435 -0.0113123 0.00233577 0.000383088 0.00148409 0.00202653 0.00613017 -0.00296079 0.00606667 -0.00245894 0.000779228 -0.00388211 -0.00103499 -0.00124492 0.00575651 -0.00289336 -7.52365e-005 -0.0026867 0.00235928 -0.000864178 -0.00129643 0.000112102 -0.000598731 -0.00286714 
2001 -4.8387e-007 -7.90764e-006 -9.13806e-005 0.00125333 0.00368669 0.00139157 -0.00271767 -0.0126514 -0.00213806 0.00895334 -0.00797287 0.0147228 -0.00405575 0.000942237 -0.0109551 0.00261056 0.00598629 -0.00251009 -0.0065634 0.00117839 0.00207064 0.00233338 0.0010838 -0.000578407 -0.00156922 0.000181541 0.00273184 0.000128967 0.000410956 0.00214532 
2002 -4.84868e-007 -7.92359e-006 0.000908436 -0.000748194 -0.00132254 -0.00364854 0.00315873 0.010086 -0.00350857 0.0186164 -0.0082089 -0.0085533 0.00777543 -0.00914737 -0.00298727 0.00262627 -0.00193682 0.00366336 -0.00227354 0.00153514 0.00638587 -0.00343538 -0.000751171 -0.00246394 -0.00149213 -0.00176811 -0.00123631 -0.000851537 -0.00057752 0.000163965 
2003 -4.85716e-007 -7.9369e-006 -9.17137e-005 0.000250591 -0.000329734 0.00432054 0.00306365 -0.00911686 -0.0187961 -0.00464586 0.0166077 0.0153304 -0.00138626 -0.000235162 -2.27556e-005 -0.00237296 0.00109388 -0.00426521 -0.00313469 0.00075553 0.00065068 0.000795248 -0.00158395 -0.000345976 -0.000411248 0.00128574 -0.000201538 0.00117021 0.000435647 0.00118866 
2004 -4.86476e-007 -7.94866e-006 -9.18433e-005 0.00124957 0.00366439 -0.00370406 0.00198913 0.00572541 0.00198135 -0.00184794 0.00546678 0.00224149 -0.000432412 -0.0113266 -0.011064 0.00761986 0.000109133 -0.00623157 -0.00307407 0.00886297 -0.00118519 -1.14878e-005 0.00058208 -0.000226998 0.0016717 -0.000658062 -0.000164566 -0.000806196 -0.000549771 0.000219268 
2005 -4.87194e-007 -7.95966e-006 -9.19627e-005 -0.000751357 0.00565926 0.00527521 0.0119284 -0.0124001 0.0038077 -0.00300246 0.00536087 0.00417543 -0.0164658 -0.0113341 0.00588663 -0.000395821 -0.00588473 0.000788167 0.00695675 0.00291161 -0.00410423 -0.000891442 0.00172096 0.000890748 -0.000244921 -0.000600628 -0.00112612 0.000218786 -0.000534027 0.00225562 
2006 -4.87944e-007 -7.97116e-006 -9.2087e-005 -0.00075231 0.000654054 -0.00274514 0.00487144 -0.00951142 0.0346641 -0.012119 -0.00271204 -0.00286672 0.0135157 -0.00333431 -0.0100998 -0.00241966 -0.00888664 -0.0012003 -0.00202388 0.00193738 0.00693318 -0.000831884 -0.00219278 0.00098899 -0.0021627 0.000456881 0.000913 0.000244643 -0.000517439 -0.000702755 
2007 -4.88699e-007 -7.98267e-006 -9.22114e-005 0.000246744 -0.00235105 -0.000764675 0.00281838 -0.00661139 0.000540007 0.0167864 0.00423676 -0.00189 -0.01049 -0.00732752 -0.00208393 -0.00639749 0.0011037 -0.000195779 0.00198881 0.00595443 0.00195381 0.00419627 -0.000149584 -0.00194979 0.00090598 -0.000486376 0.000952202 -0.000729021 0.000499749 -0.00065591 
2008 -4.89471e-007 -7.99441e-006 -9.23374e-005 0.000245784 -0.00135618 0.000215901 0.000766769 -0.0177055 -0.00457189 0.00970597 -0.0048012 -0.00289944 0.0195165 0.000687201 -6.42738e-005 0.00262525 0.00312812 0.00180231 0.00299587 -0.00303373 -0.00503211 0.000212227 0.00187117 8.10725e-005 -0.00105114 -0.000438982 -0.00100914 -0.000702649 -0.000482758 -0.000604258 
2009 -4.90264e-007 -8.00648e-006 -9.24668e-005 0.00124481 -0.00336142 0.00119621 0.00471505 -0.0027979 0.00732223 -0.00636535 -0.00583029 0.00509953 0.000532359 -0.0112897 0.00396062 0.000650197 0.00215246 0.000825629 0.00199788 -2.6213e-005 -0.00302195 -0.00277662 0.00288319 9.60997e-005 0.00297059 0.000590654 2.31414e-005 -0.000676659 -0.00046525 0.000451683 
2010 -4.91078e-007 -8.01889e-006 -9.26e-005 -0.0007562 -0.00136678 0.00417607 -0.00133748 -0.00189068 0.00121815 -0.00643208 0.00714661 -0.0148957 0.00455381 -0.00626004 0.00399149 -0.00632122 -0.0028218 0.0068487 0.00301851 0.0119775 -0.00101498 -0.00176833 -0.000108244 0.00410496 0.000981295 0.00060575 4.33647e-005 -0.000654944 -0.000447999 -0.0024887 
pearson_resids (last class is a plus group):
class 1       2       3       4       5       6       7       8       9       10      11      12      13      14      15      16      17      18      19      20      21      22      23      24      25      26      27      28      29      30      
2000 -0.00694721 -0.0280849 -0.0954743 -0.272988 0.25959 -0.499182 0.567963 -0.373272 0.0664021 0.0109553 0.0462561 0.0694513 0.232926 -0.125696 0.289799 -0.132961 0.0478858 -0.271496 -0.0823972 -0.113198 0.601531 -0.349694 -0.0105878 -0.443305 0.459719 -0.200339 -0.360293 0.0376377 -0.244763 -0.536226 
2001 -0.00695608 -0.0281206 -0.0955976 0.458845 0.562561 0.105804 -0.123857 -0.416845 -0.060699 0.255722 -0.248076 0.503837 -0.153929 0.0399705 -0.523196 0.141293 0.369243 -0.177095 -0.530252 0.109027 0.220111 0.286738 0.154955 -0.0968651 -0.309985 0.0426107 0.767614 0.0437168 0.169375 0.402101 
2002 -0.00696325 -0.028149 0.949405 -0.273634 -0.201596 -0.277097 0.143792 0.331942 -0.099502 0.531194 -0.255197 -0.292324 0.294799 -0.387764 -0.14262 0.142174 -0.119632 0.259538 -0.185385 0.144201 0.691023 -0.429625 -0.109238 -0.419371 -0.29927 -0.420861 -0.351829 -0.291935 -0.240386 0.0308328 
2003 -0.00696933 -0.0281726 -0.0957717 0.0915732 -0.0502199 0.327852 0.139341 -0.299787 -0.532616 -0.132462 0.515947 0.523653 -0.052507 -0.00996176 -0.00108601 -0.128462 0.0676031 -0.302698 -0.256756 0.0716536 0.0715093 0.101273 -0.234487 -0.0599118 -0.0838508 0.310803 -0.0581767 0.406408 0.183435 0.224498 
2004 -0.00697479 -0.0281935 -0.0958393 0.456317 0.557725 -0.28088 0.0904069 0.18814 0.0561089 -0.0526574 0.169747 0.0765323 -0.0163738 -0.479462 -0.527801 0.412467 0.00674639 -0.44261 -0.252288 0.844553 -0.13154 -0.00148612 0.0877678 -0.0400243 0.346852 -0.161743 -0.0482515 -0.28405 -0.234536 0.041639 
2005 -0.00697993 -0.028213 -0.0959016 -0.274212 0.860839 0.399791 0.541846 -0.407254 0.107776 -0.0855176 0.166393 0.14252 -0.62337 -0.479753 0.280676 -0.0214214 -0.363824 0.0560079 0.571515 0.278048 -0.457765 -0.116484 0.263651 0.159994 -0.0517503 -0.150248 -0.335766 0.0783076 -0.231152 0.431161 
2006 -0.0069853 -0.0282334 -0.0959664 -0.274386 0.09943 -0.207928 0.221168 -0.312233 0.980756 -0.345063 -0.0841552 -0.0978301 0.511625 -0.141135 -0.481628 -0.130907 -0.549399 -0.0853181 -0.166373 0.185226 0.775068 -0.109252 -0.339357 0.180506 -0.465552 0.116396 0.277072 0.0890472 -0.227532 -0.135359 
2007 -0.00699071 -0.0282537 -0.0960312 0.089937 -0.3572 -0.0578882 0.127894 -0.216941 0.0152731 0.477828 0.131443 -0.0644914 -0.397078 -0.310177 -0.0993925 -0.346218 0.068222 -0.0139177 0.163557 0.569715 0.218696 0.552426 -0.0232695 -0.359528 0.198191 -0.12625 0.294319 -0.270102 0.223494 -0.127443 
2008 -0.00699622 -0.0282745 -0.0960968 0.0895304 -0.205927 0.0163356 0.0347783 -0.580742 -0.129267 0.276218 -0.148933 -0.0989315 0.738786 0.0290929 -0.00306614 0.142116 0.193441 0.128118 0.246433 -0.290419 -0.56375 0.0279773 0.291809 0.0150278 -0.232332 -0.115806 -0.317831 -0.265168 -0.219771 -0.118562 
2009 -0.00700188 -0.0282958 -0.0961641 0.453144 -0.510103 0.0904591 0.213758 -0.0917349 0.206969 -0.181112 -0.180836 0.173999 0.0201541 -0.478041 0.188987 0.03521 0.133166 0.0587233 0.164353 -0.00251022 -0.338763 -0.366385 0.450285 0.0178592 0.660082 0.157446 0.00740775 -0.260215 -0.215747 0.0895904 
2010 -0.0070077 -0.0283178 -0.0962333 -0.275095 -0.207285 0.315625 -0.0606058 -0.0619655 0.0344218 -0.182975 0.221645 -0.508261 0.172421 -0.265132 0.190521 -0.342445 -0.174657 0.48739 0.248481 1.14719 -0.113829 -0.233504 -0.0169227 0.764031 0.218626 0.16234 0.0140272 -0.256002 -0.211707 -0.499491 
objective function: multinomial likelihood, with delta = 1e-011, N =
100 100 100 100 100 100 100 100 100 100 100 100 100 100 100 100 100 100 100 100 100 100 100 100 100 100 100 100 100 100 
100 100 100 100 100 100 100 100 100 100 100 100 100 100 100 100 100 100 100 100 100 100 100 100 100 100 100 100 100 100 
100 100 100 100 100 100 100 100 100 100 100 100 100 100 100 100 100 100 100 100 100 100 100 100 100 100 100 100 100 100 
100 100 100 100 100 100 100 100 100 100 100 100 100 100 100 100 100 100 100 100 100 100 100 100 100 100 100 100 100 100 
100 100 100 100 100 100 100 100 100 100 100 100 100 100 100 100 100 100 100 100 100 100 100 100 100 100 100 100 100 100 
100 100 100 100 100 100 100 100 100 100 100 100 100 100 100 100 100 100 100 100 100 100 100 100 100 100 100 100 100 100 
100 100 100 100 100 100 100 100 100 100 100 100 100 100 100 100 100 100 100 100 100 100 100 100 100 100 100 100 100 100 
100 100 100 100 100 100 100 100 100 100 100 100 100 100 100 100 100 100 100 100 100 100 100 100 100 100 100 100 100 100 
100 100 100 100 100 100 100 100 100 100 100 100 100 100 100 100 100 100 100 100 100 100 100 100 100 100 100 100 100 100 
100 100 100 100 100 100 100 100 100 100 100 100 100 100 100 100 100 100 100 100 100 100 100 100 100 100 100 100 100 100 
100 100 100 100 100 100 100 100 100 100 100 100 100 100 100 100 100 100 100 100 100 100 100 100 100 100 100 100 100 100 

Tags2005_R1_R1 :
tag-recapture data for tag Tags2005_R1 in years 2006 2007 2008 2009 2010 , step 1, after proportion 0.5 of mortality, with sampling method size, detection probability 1.
Year 2006
class scanned recaptured expected_prop neg_log_likelihood
100 0 0 3.24641e-011 0
150 0 0 1.67722e-009 0
200 0 0 7.38657e-009 0
250 4 0 1.56282e-008 6.25127e-008
300 60 0 7.10062e-008 4.26037e-006
350 452 0 4.60887e-007 0.000208321
400 2318 0.3 2.65761e-006 1.42483
450 8438 1.4 1.20567e-005 3.51816
500 22758 5.4 4.19036e-005 6.69439
550 47162 15.3 0.00011281 8.47116
600 77522 33.7 0.000241807 7.49353
650 104172 58.8 0.000425896 5.08612
700 118020 83.3 0.000634684 3.58485
750 116500 98.3 0.00082291 3.24397
800 103682 99.1 0.000955415 3.21737
850 85918 87.8 0.00102204 3.15691
900 68008 70.4 0.00103256 3.04693
950 52268 52.4 0.00100289 2.89948
1000 39326 36.9 0.00094584 2.72602
1050 29062 24.9 0.000869325 2.53193
1100 21126 16.3 0.000778677 2.31994
1150 15122 10.3 0.000679201 2.0928
1200 10676 6.4 0.000576943 1.86444
1250 7446 3.9 0.000478464 1.63598
1300 5144 2.3 0.000389537 1.39208
1350 3528 1.3 0.00031406 1.12869
1400 2406 0.7 0.000254324 0.859778
1450 1632 0.4 0.000208902 0.651627
1500 1098 0.2 0.000175313 0.436567
1550 730 0.1 0.000151285 0.280827
1600 474 0 0.000133724 0.0633892
1650 298 0 0.000120965 0.0360497
1700 180 0 0.000111799 0.0201249
1750 104 0 0.000105493 0.0109718
1800 58 0 0.000101089 0.00586347
1850 30 0 9.80718e-005 0.0029423
1900 14 0 9.601e-005 0.0013442
1950 6 0 9.45898e-005 0.000567566
2000 0 0 9.35737e-005 0

total neg_log_likelihood: 69.8998


Year 2007
class scanned recaptured expected_prop neg_log_likelihood
100 0 0 0 0
150 0 0 1.4062e-010 0
200 0 0 1.55127e-009 0
250 4 0 4.9111e-009 1.96444e-008
300 60 0 2.458e-008 1.4748e-006
350 454 0 1.41035e-007 6.40299e-005
400 2324 0.1 8.12609e-007 0.579194
450 8458 0.7 4.0306e-006 2.30338
500 22812 2.7 1.59991e-005 4.51454
550 47270 8 4.99965e-005 6.0876
600 77698 18.6 0.000124522 5.61753
650 104400 35 0.000253285 3.95467
700 118272 53.8 0.000431726 2.98511
750 116740 69.1 0.000631264 3.18397
800 103886 75.7 0.000810531 3.52795
850 86076 72.4 0.000937322 3.50147
900 68126 61.8 0.00100136 3.294
950 52350 48.1 0.00101028 3.08067
1000 39378 34.6 0.000978446 2.90057
1050 29090 23.6 0.000918191 2.6914
1100 21132 15.3 0.000837673 2.45893
1150 15110 9.6 0.000743297 2.18292
1200 10650 5.9 0.000641651 1.88718
1250 7412 3.4 0.000539985 1.60285
1300 5108 2 0.000445105 1.32383
1350 3492 1.1 0.000362239 1.0517
1400 2374 0.6 0.000295077 0.801362
1450 1606 0.3 0.000242964 0.564263
1500 1078 0.2 0.000203716 0.437323
1550 714 0.1 0.000175245 0.283027
1600 464 0.1 0.000154134 0.285319
1650 292 0 0.000138575 0.0404667
1700 176 0 0.000127251 0.0223975
1750 102 0 0.000119343 0.0121737
1800 56 0 0.000113767 0.0063713
1850 28 0 0.00010991 0.00307765
1900 14 0 0.000107257 0.00150168
1950 6 0 0.000105424 0.000632576
2000 0 0 0.000104117 0

total neg_log_likelihood: 61.1874


Year 2008
class scanned recaptured expected_prop neg_log_likelihood
100 0 0 0 0
150 0 0 8.12145e-012 0
200 0 0 2.51442e-010 0
250 4 0 1.35399e-009 5.41595e-009
300 60 0 9.84257e-009 5.90554e-007
350 454 0 5.035e-008 2.28589e-005
400 2328 0 2.66811e-007 0.000621136
450 8476 0.3 1.35265e-006 1.24381
500 22858 1.2 5.85791e-006 2.64364
550 47364 3.9 2.06783e-005 4.08917
600 77846 10.1 5.89302e-005 4.54203
650 104592 20.9 0.000137224 3.75014
700 118478 35.1 0.000266438 2.89104
750 116930 49.1 0.000440292 2.92342
800 104046 58.6 0.000631084 3.34983
850 86198 61 0.000800912 3.46288
900 68214 56.6 0.000920757 3.25578
950 52412 47.8 0.000980537 2.98242
1000 39418 37.4 0.000986357 2.7601
1050 29110 27.6 0.000951021 2.58052
1100 21138 19.5 0.000886287 2.42341
1150 15106 13.2 0.000801184 2.26327
1200 10636 8.6 0.000703578 2.08363
1250 7390 5.5 0.00060156 1.90235
1300 5082 3.5 0.000502864 1.72509
1350 3464 2.2 0.000414025 1.52604
1400 2348 1.4 0.000340203 1.32994
1450 1584 0.9 0.000281704 1.13327
1500 1060 0.6 0.000236816 0.967529
1550 700 0.4 0.000203793 0.801734
1600 454 0.3 0.000178973 0.725855
1650 286 0.2 0.000160452 0.576512
1700 172 0.1 0.000146831 0.342982
1750 100 0.1 0.000137214 0.392267
1800 54 0 0.000130385 0.00704125
1850 28 0 0.000125632 0.00351793
1900 14 0 0.000122349 0.00171299
1950 6 0 0.000120077 0.000720508
2000 0 0 0.000118463 0

total neg_log_likelihood: 58.6823


Year 2009
class scanned recaptured expected_prop neg_log_likelihood
100 0 0 0 0
150 0 0 2.13648e-013 0
200 0 0 3.02721e-011 0
250 4 0 2.96828e-010 1.18731e-009
300 60 0 4.0022e-009 2.40132e-007
350 456 0 2.10953e-008 9.61947e-006
400 2334 0 9.75455e-008 0.000227671
450 8490 0.1 4.76717e-007 0.505139
500 22898 0.4 2.13879e-006 1.13594
550 47446 1.5 8.22835e-006 2.08595
600 77974 4.2 2.625e-005 2.52206
650 104756 9.5 6.90682e-005 2.37567
700 118652 17.7 0.000151495 2.36247
750 117088 27.8 0.000281679 3.01458
800 104172 37.1 0.000451312 3.85597
850 86292 42.5 0.000633335 4.26023
900 68280 42.7 0.00079333 4.1088
950 52456 38.3 0.000905015 3.69392
1000 39446 31.3 0.000958932 3.24201
1050 29126 24 0.00095995 2.80592
1100 21144 17.6 0.000919482 2.44739
1150 15102 12.6 0.000849398 2.19402
1200 10626 8.8 0.000760056 2.04688
1250 7376 6 0.000661043 1.94901
1300 5062 4 0.000561176 1.8423
1350 3446 2.6 0.00046828 1.68221
1400 2330 1.6 0.000389015 1.42081
1450 1566 1 0.000324787 1.18444
1500 1046 0.6 0.000274534 0.922955
1550 690 0.4 0.00023701 0.767961
1600 446 0.2 0.000208414 0.4825
1650 280 0.1 0.000186817 0.297321
1700 170 0.1 0.000170783 0.332814
1750 98 0 0.000159351 0.0156176
1800 54 0 0.00015119 0.00816485
1850 28 0 0.000145482 0.00407379
1900 14 0 0.000141527 0.00198151
1950 6 0 0.000138789 0.000832795
2000 0 0 0.000136852 0

total neg_log_likelihood: 53.5702


Year 2010
class scanned recaptured expected_prop neg_log_likelihood
100 0 0 0 0
150 0 0 0 0
200 0 0 2.64904e-012 0
250 4 0 4.91683e-011 1.96673e-010
300 60 0 1.44147e-009 8.64883e-008
350 456 0 1.00855e-008 4.59901e-006
400 2338 0 4.00897e-008 9.37297e-005
450 8506 0 1.82076e-007 0.00154874
500 22936 0.2 8.07231e-007 0.730975
550 47522 0.7 3.24997e-006 1.36617
600 78092 2.1 1.12808e-005 1.93451
650 104902 5.2 3.29487e-005 2.13952
700 118804 10.6 8.07299e-005 2.15849
750 117224 18.4 0.000167559 2.41969
800 104278 27 0.000298775 2.86026
850 86368 34 0.000464047 3.17083
900 68330 37.4 0.000637239 3.18722
950 52486 36.3 0.000786858 3.0326
1000 39464 31.7 0.000889213 2.81895
1050 29136 25.4 0.000935589 2.60412
1100 21146 18.9 0.000929887 2.40751
1150 15100 13.4 0.000883027 2.2225
1200 10620 9.2 0.000807697 2.05922
1250 7366 6.1 0.000715876 1.89805
1300 5050 4 0.000618065 1.74606
1350 3430 2.5 0.00052353 1.53289
1400 2314 1.6 0.000440499 1.34585
1450 1552 1 0.0003716 1.12685
1500 1034 0.6 0.00031656 0.884562
1550 680 0.4 0.000274807 0.737935
1600 438 0.2 0.000242517 0.469074
1650 274 0.1 0.000217822 0.291502
1700 166 0.1 0.000199308 0.323792
1750 96 0 0.000185982 0.0178559
1800 52 0 0.000176419 0.00917457
1850 26 0 0.000169701 0.0044126
1900 14 0 0.000165034 0.00231066
1950 6 0 0.000161803 0.000970897
2000 0 0 0.000159526 0

total neg_log_likelihood: 45.5055


Tags2006_R1_R1 :
tag-recapture data for tag Tags2006_R1 in years 2007 2008 2009 2010 , step 1, after proportion 0.5 of mortality, with sampling method size, detection probability 1.
Year 2007
class scanned recaptured expected_prop neg_log_likelihood
100 0 0 3.25518e-011 0
150 0 0 1.64659e-009 0
200 0 0 7.29805e-009 0
250 4 0 1.55009e-008 6.20038e-008
300 60 0 7.0413e-008 4.22478e-006
350 454 0 4.56463e-007 0.000207234
400 2324 0.3 2.63282e-006 1.42682
450 8458 1.4 1.19611e-005 3.52542
500 22812 5.2 4.16503e-005 6.34874
550 47270 14.9 0.000112351 8.0579
600 77698 32.9 0.00024129 7.01994
650 104400 57.2 0.000425786 4.61879
700 118272 80.6 0.000635691 3.30503
750 116740 94.3 0.000825707 3.21557
800 103886 94.7 0.000960339 3.32569
850 86076 84.5 0.00102898 3.2329
900 68126 69.4 0.00104105 3.05606
950 52350 53.8 0.00101233 2.91869
1000 39378 40 0.000955645 2.83805
1050 29090 28.5 0.000879017 2.75821
1100 21132 19.4 0.000787895 2.62116
1150 15110 12.7 0.00068764 2.43563
1200 10650 8 0.000584293 2.20144
1250 7412 4.8 0.000484433 1.90437
1300 5108 2.8 0.000393946 1.60044
1350 3492 1.6 0.000316935 1.30169
1400 2374 0.9 0.000255907 1.0169
1450 1606 0.5 0.000209527 0.760149
1500 1078 0.3 0.000175311 0.580503
1550 714 0.1 0.000150922 0.280602
1600 464 0.1 0.00013318 0.290209
1650 292 0 0.000120354 0.0351454
1700 176 0 0.000111179 0.0195685
1750 102 0 0.000104894 0.0106998
1800 56 0 0.000100516 0.0056292
1850 28 0 9.75228e-005 0.00273077
1900 14 0 9.54793e-005 0.00133677
1950 6 0 9.40703e-005 0.000564448
2000 0 0 9.30571e-005 0

total neg_log_likelihood: 70.7168


Year 2008
class scanned recaptured expected_prop neg_log_likelihood
100 0 0 0 0
150 0 0 1.38789e-010 0
200 0 0 1.52752e-009 0
250 4 0 4.8653e-009 1.94612e-008
300 60 0 2.44125e-008 1.46475e-006
350 454 0 1.39884e-007 6.35075e-005
400 2328 0.1 8.05388e-007 0.579901
450 8476 0.6 3.997e-006 1.95225
500 22858 2.4 1.58873e-005 3.88657
550 47364 7.6 4.97323e-005 5.60224
600 77846 18.5 0.000124089 5.56377
650 104592 35.6 0.00025286 4.13507
700 118478 55.2 0.000431774 3.08158
750 116930 71 0.000632458 3.11095
800 104046 78 0.000813483 3.36572
850 86198 75.4 0.000942322 3.29535
900 68214 66.1 0.00100829 3.06823
950 52412 53.8 0.00101869 2.91417
1000 39418 41.2 0.000987757 2.84434
1050 29110 30 0.000927852 2.78168
1100 21138 20.8 0.000847222 2.66191
1150 15106 13.8 0.000752352 2.48104
1200 10636 8.9 0.000649857 2.28298
1250 7390 5.5 0.000547006 2.02213
1300 5082 3.3 0.000450673 1.73643
1350 3464 1.9 0.000366256 1.41916
1400 2348 1.1 0.000297669 1.1382
1450 1584 0.6 0.000244396 0.843764
1500 1060 0.3 0.000204298 0.567215
1550 700 0.1 0.000175265 0.282555
1600 454 0.1 0.000153808 0.286018
1650 286 0 0.000138058 0.0394874
1700 172 0 0.000126641 0.0217836
1750 100 0 0.000118702 0.011871
1800 54 0 0.00011312 0.0061088
1850 28 0 0.000109268 0.00305966
1900 14 0 0.000106621 0.00149278
1950 6 0 0.000104793 0.000628792
2000 0 0 0.000103485 0

total neg_log_likelihood: 61.9877


Year 2009
class scanned recaptured expected_prop neg_log_likelihood
100 0 0 0 0
150 0 0 8.10426e-012 0
200 0 0 2.46776e-010 0
250 4 0 1.33766e-009 5.35065e-009
300 60 0 9.77974e-009 5.86784e-007
350 456 0 5.00144e-008 2.28066e-005
400 2334 0 2.64677e-007 0.000617756
450 8490 0.3 1.34156e-006 1.24571
500 22898 1.2 5.81408e-006 2.64979
550 47446 3.9 2.05506e-005 4.10221
600 77974 10.2 5.866e-005 4.64288
650 104756 21 0.000136826 3.79924
700 118652 35.2 0.00026612 2.90221
750 117088 48.8 0.000440523 2.94063
800 104172 57.4 0.000632494 3.51735
850 86292 58.6 0.00080405 3.84111
900 68280 53 0.000925863 3.78027
950 52456 43.4 0.000987473 3.52737
1000 39446 32.9 0.000994699 3.21003
1050 29126 23.6 0.000960227 2.86333
1100 21144 16.2 0.000895827 2.52509
1150 15102 10.8 0.000810593 2.20456
1200 10626 7.1 0.000712437 1.92532
1250 7376 4.5 0.00060948 1.68916
1300 5062 2.8 0.000509508 1.47231
1350 3446 1.8 0.000419189 1.29898
1400 2330 1.1 0.000343893 1.0902
1450 1566 0.7 0.000284095 0.915828
1500 1046 0.5 0.000238171 0.823032
1550 690 0.3 0.000204391 0.620291
1600 446 0.2 0.000179045 0.499783
1650 280 0.2 0.000160184 0.580043
1700 170 0.1 0.000146357 0.344097
1750 98 0.1 0.000136627 0.394374
1800 54 0 0.000129737 0.00700628
1850 28 0 0.000124953 0.00349891
1900 14 0 0.000121653 0.00170325
1950 6 0 0.000119372 0.000716276
2000 0 0 0.000117748 0

total neg_log_likelihood: 59.4188


Year 2010
class scanned recaptured expected_prop neg_log_likelihood
100 0 0 0 0
150 0 0 2.14154e-013 0
200 0 0 2.96799e-011 0
250 4 0 2.92177e-010 1.16871e-009
300 60 0 3.97308e-009 2.38385e-007
350 456 0 2.09811e-008 9.56739e-006
400 2338 0 9.68674e-008 0.000226476
450 8506 0.1 4.73072e-007 0.505695
500 22936 0.4 2.12268e-006 1.13801
550 47522 1.6 8.17315e-006 2.25895
600 78092 4.6 2.61074e-005 2.88189
650 104902 10.6 6.87966e-005 2.79907
700 118804 19.6 0.00015114 2.48395
750 117224 30.2 0.000281473 2.74743
800 104278 39.4 0.000451721 3.4256
850 86368 44.4 0.000634945 3.8812
900 68330 44.3 0.000796628 3.82468
950 52486 40 0.000910199 3.43536
1000 39464 33.2 0.000965857 3.00428
1050 29136 25.8 0.000968216 2.65302
1100 21146 18.9 0.000928579 2.40645
1150 15100 13.1 0.000858809 2.21184
1200 10620 8.6 0.000769292 2.01524
1250 7366 5.4 0.00066965 1.79867
1300 5050 3.3 0.000568749 1.57116
1350 3430 1.9 0.000474522 1.3047
1400 2314 1.1 0.00039382 1.05868
1450 1552 0.6 0.000328231 0.801328
1500 1034 0.4 0.000276811 0.666817
1550 680 0.2 0.000238372 0.44049
1600 438 0.1 0.000209084 0.280648
1650 274 0.1 0.000186991 0.298317
1700 166 0 0.000170619 0.0283251
1750 96 0 0.000158973 0.0152627
1800 52 0 0.000150676 0.00783575
1850 26 0 0.000144885 0.00376727
1900 14 0 0.000140877 0.00197241
1950 6 0 0.000138105 0.000828689
2000 0 0 0.000136142 0

total neg_log_likelihood: 49.9517


Tags2007_R1_R1 :
tag-recapture data for tag Tags2007_R1 in years 2008 2009 2010 , step 1, after proportion 0.5 of mortality, with sampling method size, detection probability 1.
Year 2008
class scanned recaptured expected_prop neg_log_likelihood
100 0 0 3.34528e-011 0
150 0 0 1.80864e-009 0
200 0 0 7.5257e-009 0
250 4 0 1.58504e-008 6.34017e-008
300 60 0 7.23361e-008 4.34016e-006
350 454 0 4.70112e-007 0.000213431
400 2328 0.3 2.70042e-006 1.41887
450 8476 1.4 1.21892e-005 3.49814
500 22858 5.4 4.21905e-005 6.64461
550 47364 15.4 0.000113275 8.49602
600 77846 34 0.000242444 7.57195
650 104592 58.9 0.000426806 5.02652
700 118478 82.3 0.000636238 3.43331
750 116930 95.5 0.000825752 3.20476
800 104046 94.9 0.000960267 3.32376
850 86198 83.4 0.00102947 3.29531
900 68214 66.8 0.00104285 3.15568
950 52412 50 0.00101607 2.97776
1000 39418 35.6 0.000961733 2.7789
1050 29110 24.3 0.000887597 2.56394
1100 21138 16 0.000798822 2.33372
1150 15106 10.2 0.000700448 2.09491
1200 10636 6.4 0.000598221 1.85991
1250 7390 3.9 0.000498547 1.62668
1300 5082 2.3 0.00040735 1.3835
1350 3464 1.4 0.000328999 1.17331
1400 2348 0.8 0.000266405 0.92961
1450 1584 0.4 0.000218532 0.650764
1500 1060 0.2 0.000183054 0.43651
1550 700 0.1 0.000157701 0.28082
1600 454 0.1 0.000139238 0.289356
1650 286 0 0.000125892 0.0360074
1700 172 0 0.000116353 0.0200139
1750 100 0 0.000109825 0.0109831
1800 54 0 0.000105283 0.00568557
1850 28 0 0.000102179 0.00286117
1900 14 0 0.000100063 0.00140095
1950 6 0 9.86034e-005 0.00059165
2000 0 0 9.75522e-005 0

total neg_log_likelihood: 70.5264


Year 2009
class scanned recaptured expected_prop neg_log_likelihood
100 0 0 0 0
150 0 0 1.54903e-010 0
200 0 0 1.59504e-009 0
250 4 0 4.96718e-009 1.98687e-008
300 60 0 2.48606e-008 1.49163e-006
350 456 0 1.43257e-007 6.53251e-005
400 2334 0.1 8.25278e-007 0.577255
450 8490 0.7 4.08035e-006 2.2927
500 22898 2.7 1.61351e-005 4.48601
550 47446 8.1 5.02674e-005 6.16403
600 77974 19.1 0.000124947 5.89888
650 104756 35.6 0.000253891 4.08389
700 118652 54.1 0.000432671 2.98874
750 117088 68.5 0.000632961 3.25148
800 104172 74.1 0.000813616 3.7728
850 86292 70.4 0.000942472 3.81696
900 68280 60 0.0010091 3.56914
950 52456 47.1 0.00102088 3.25202
1000 39446 34.6 0.000991933 2.9658
1050 29126 24.4 0.000934388 2.67024
1100 21144 16.8 0.000856217 2.38235
1150 15102 11.3 0.000763575 2.14068
1200 10626 7.5 0.000662741 1.95171
1250 7376 4.9 0.00056072 1.79685
1300 5062 3.1 0.000464299 1.61975
1350 3446 2 0.000379021 1.46493
1400 2330 1.2 0.000309144 1.21074
1450 1566 0.7 0.000254475 0.946525
1500 1046 0.4 0.000213087 0.703532
1550 690 0.3 0.000182997 0.638702
1600 446 0.1 0.000160701 0.285254
1650 280 0.1 0.000144314 0.311236
1700 170 0 0.000132432 0.0225149
1750 98 0 0.000124171 0.0121695
1800 54 0 0.000118366 0.00639214
1850 28 0 0.000114363 0.00320236
1900 14 0 0.000111616 0.00156271
1950 6 0 0.000109719 0.000658349
2000 0 0 0.000108361 0

total neg_log_likelihood: 65.2888


Year 2010
class scanned recaptured expected_prop neg_log_likelihood
100 0 0 0 0
150 0 0 8.8353e-012 0
200 0 0 2.63345e-010 0
250 4 0 1.37383e-009 5.49534e-009
300 60 0 9.90799e-009 5.94479e-007
350 456 0 5.0892e-008 2.32068e-005
400 2338 0 2.70288e-007 0.000631934
450 8506 0.2 1.36906e-006 0.816833
500 22936 1.1 5.91313e-006 2.37872
550 47522 3.6 2.08128e-005 3.62254
600 78092 9.5 5.91799e-005 4.02041
650 104902 20 0.000137612 3.37725
700 118804 34.1 0.000267026 2.77276
750 117224 48.2 0.000441291 2.98147
800 104278 57.9 0.000632936 3.46866
850 86368 60.4 0.00080424 3.5894
900 68330 56.2 0.000926203 3.3474
950 52486 47.4 0.000988594 3.04963
1000 39464 37 0.000997289 2.79828
1050 29136 27 0.000964859 2.5918
1100 21146 18.8 0.000902842 2.39209
1150 15100 12.6 0.000820014 2.19389
1200 10620 8.1 0.000723925 1.98562
1250 7366 5.2 0.000622366 1.79855
1300 5050 3.2 0.000522931 1.58161
1350 3430 2 0.000432308 1.38782
1400 2314 1.3 0.000356119 1.22958
1450 1552 0.8 0.000295149 1.01135
1500 1034 0.5 0.000248014 0.815868
1550 680 0.3 0.000213166 0.615979
1600 438 0.2 0.000186914 0.49681
1650 274 0.1 0.000167325 0.304042
1700 166 0.1 0.000152942 0.342578
1750 96 0 0.000142812 0.0137109
1800 52 0 0.000135638 0.00705368
1850 26 0 0.000130658 0.00339734
1900 14 0 0.000127225 0.00178126
1950 6 0 0.000124852 0.00074916
2000 0 0 0.000123164 0

total neg_log_likelihood: 54.9983


Tags2008_R1_R1 :
tag-recapture data for tag Tags2008_R1 in years 2009 2010 , step 1, after proportion 0.5 of mortality, with sampling method size, detection probability 1.
Year 2009
class scanned recaptured expected_prop neg_log_likelihood
100 0 0 3.27233e-011 0
150 0 0 1.67742e-009 0
200 0 0 7.32316e-009 0
250 4 0 1.55554e-008 6.22218e-008
300 60 0 7.07494e-008 4.24496e-006
350 456 0 4.58798e-007 0.000209212
400 2334 0.3 2.64419e-006 1.42429
450 8490 1.5 1.20008e-005 3.81243
500 22898 5.6 4.17654e-005 7.04934
550 47446 16 0.000112659 9.19884
600 77974 35 0.000242047 8.18967
650 104756 60.4 0.000427405 5.42738
700 118652 84 0.00063864 3.56624
750 117088 96.9 0.000830302 3.20675
800 104172 95.5 0.000966629 3.33545
850 86292 83.4 0.00103682 3.34217
900 68280 66.6 0.0010503 3.20612
950 52456 49.9 0.00102294 3.01015
1000 39446 35.7 0.000967709 2.79032
1050 29126 24.6 0.000892696 2.56173
1100 21144 16.6 0.000803275 2.33265
1150 15102 10.9 0.000704556 2.12375
1200 10626 7.1 0.000602196 1.94748
1250 7376 4.5 0.00050242 1.7688
1300 5062 2.9 0.000410987 1.62333
1350 3446 1.8 0.000332212 1.41789
1400 2330 1.1 0.000269079 1.18577
1450 1566 0.7 0.000220663 0.993382
1500 1046 0.4 0.000184717 0.731013
1550 690 0.3 0.000159007 0.66431
1600 446 0.2 0.000140291 0.531287
1650 280 0.1 0.000126779 0.319282
1700 170 0.1 0.000117138 0.361402
1750 98 0 0.000110556 0.0108351
1800 54 0 0.000105984 0.00572343
1850 28 0 0.000102865 0.00288037
1900 14 0 0.00010074 0.00141043
1950 6 0 9.92762e-005 0.000595687
2000 0 0 9.82198e-005 0

total neg_log_likelihood: 76.1429


Year 2010
class scanned recaptured expected_prop neg_log_likelihood
100 0 0 0 0
150 0 0 1.4136e-010 0
200 0 0 1.53589e-009 0
250 4 0 4.87524e-009 1.9501e-008
300 60 0 2.44872e-008 1.46923e-006
350 456 0 1.40436e-007 6.4039e-005
400 2338 0.1 8.08588e-007 0.579091
450 8506 0.6 4.01038e-006 1.94836
500 22936 2.6 1.59303e-005 4.2961
550 47522 8.2 4.9854e-005 6.3317
600 78092 19.8 0.000124411 6.42879
650 104902 37.7 0.00025364 4.78117
700 118804 58.1 0.000433417 3.35838
750 117224 74 0.000635415 3.07337
800 104278 80 0.000818064 3.2793
850 86368 75.5 0.000948592 3.34094
900 68330 63.9 0.00101614 3.22521
950 52486 49.8 0.00102801 3.03866
1000 39464 36.4 0.000998548 2.8359
1050 29136 25.2 0.000940224 2.62565
1100 21146 16.7 0.000861316 2.39598
1150 15100 10.5 0.00076816 2.15606
1200 10620 6.3 0.000667048 1.89725
1250 7366 3.6 0.000564867 1.62189
1300 5050 2 0.000468246 1.33635
1350 3430 1 0.00038262 1.04041
1400 2314 0.5 0.000312259 0.76416
1450 1552 0.2 0.000257057 0.497309
1500 1034 0.1 0.000215168 0.32286
1550 680 0 0.000184661 0.125581
1600 438 0 0.000162039 0.0709787
1650 274 0 0.000145413 0.0398462
1700 166 0 0.000133367 0.0221403
1750 96 0 0.000125003 0.012001
1800 52 0 0.000119132 0.00619524
1850 26 0 0.000115089 0.00299249
1900 14 0 0.000112316 0.00157251
1950 6 0 0.000110403 0.000662454
2000 0 0 0.000109033 0

total neg_log_likelihood: 61.4569


Tags2009_R1_R1 :
tag-recapture data for tag Tags2009_R1 in years 2010 , step 1, after proportion 0.5 of mortality, with sampling method size, detection probability 1.
Year 2010
class scanned recaptured expected_prop neg_log_likelihood
100 0 0 3.20125e-011 0
150 0 0 1.56395e-009 0
200 0 0 7.23759e-009 0
250 4 0 1.54393e-008 6.17571e-008
300 60 0 6.99539e-008 4.19724e-006
350 456 0 4.53249e-007 0.000206682
400 2338 0.3 2.62267e-006 1.42619
450 8506 1.6 1.19629e-005 4.11548
500 22936 5.9 4.18036e-005 7.60013
550 47522 16.4 0.000113086 9.59528
600 78092 35.5 0.000243422 8.3903
650 104902 60.7 0.000430344 5.39061
700 118804 83.6 0.000643448 3.45776
750 117224 95.5 0.000836706 3.23328
800 104278 93.4 0.000973815 3.5241
850 86368 81 0.00104374 3.59767
900 68330 64.5 0.00105599 3.42483
950 52486 48.6 0.00102672 3.13067
1000 39464 35.3 0.000969227 2.81967
1050 29136 25 0.000891933 2.5503
1100 21146 17.3 0.000800502 2.35277
1150 15100 11.7 0.000700266 2.21344
1200 10620 7.7 0.000596965 2.08657
1250 7366 4.9 0.000496767 1.92027
1300 5050 3 0.00040528 1.68958
1350 3430 1.8 0.000326641 1.43229
1400 2314 1 0.000263701 1.10398
1450 1552 0.5 0.000215492 0.761153
1500 1034 0.3 0.000179755 0.582371
1550 680 0.1 0.000154238 0.280428
1600 438 0.1 0.000135711 0.291733
1650 274 0 0.000122378 0.0335335
1700 166 0 0.000112892 0.0187412
1750 96 0 0.000106442 0.010219
1800 52 0 0.000101972 0.00530282
1850 26 0 9.89298e-005 0.0025723
1900 14 0 9.68599e-005 0.0013561
1950 6 0 9.54336e-005 0.000572629
2000 0 0 9.44017e-005 0

total neg_log_likelihood: 77.0434


Output quantities start here

* Scalar parameter values
initialization.B0 199158

* Nuisance q's

* B0
199158

* R0
1.53828e+007

* SSBs
SSB 199158 196353 193231 189805 186107 182197 178157 174075 170036 166117 162377 158846 155536 152447 149571 146892 144407 142105 139976 138009 136203 
year 1990 1991 1992 1993 1994 1995 1996 1997 1998 1999 2000 2001 2002 2003 2004 2005 2006 2007 2008 2009 2010 

* recruitments
recruitment 1.53828e+007 1.53828e+007 1.53593e+007 1.53324e+007 1.5302e+007 1.52681e+007 1.52309e+007 1.51909e+007 1.51489e+007 1.51056e+007 1.50618e+007 1.50183e+007 1.49756e+007 1.4934e+007 1.48938e+007 1.48551e+007 1.48179e+007 1.47823e+007 1.47484e+007 1.47161e+007 1.46856e+007 
year 1990 1991 1992 1993 1994 1995 1996 1997 1998 1999 2000 2001 2002 2003 2004 2005 2006 2007 2008 2009 2010 

* YCS
YCS 1 1 1 1 1 1 1 1 1 1 1 1 1 1 1 1 1 1 1 1 1 
year 1989 1990 1991 1992 1993 1994 1995 1996 1997 1998 1999 2000 2001 2002 2003 2004 2005 2006 2007 2008 2009 

* true_YCS
true_YCS 1 1 0.998472 0.996725 0.994748 0.992543 0.990124 0.987527 0.984796 0.981981 0.979134 0.976305 0.973529 0.970828 0.968214 0.965698 0.963277 0.960963 0.958758 0.956663 0.954679 
year 1989 1990 1991 1992 1993 1994 1995 1996 1997 1998 1999 2000 2001 2002 2003 2004 2005 2006 2007 2008 2009 

* fishing_pressures
pressure 0 0.0343164 0.0352004 0.0360813 0.0369356 0.0377461 0.0385011 0.0391929 0.0398178 0.0403764 0.0408728 0.0413126 0.0417021 0.0420482 0.0423579 0.0426379 0.0428985 0.0431409 0.043369 0.0435862 0.043795 
year 1990 1991 1992 1993 1994 1995 1996 1997 1998 1999 2000 2001 2002 2003 2004 2005 2006 2007 2008 2009 2010 

* Numbers_at_age_R1
1990  1.42784e+007 1.22283e+007 1.04725e+007 8.96878e+006 7.681e+006 6.57812e+006 5.63361e+006 4.8247e+006 4.13195e+006 3.53867e+006 3.03057e+006 2.59542e+006 2.22276e+006 1.90361e+006 1.63028e+006 1.39619e+006 1.19572e+006 1.02403e+006 876998 751075 643232 550873 471776 404036 346023 296339 253789 217349 186141 1.11024e+006 
1991  1.42784e+007 1.22283e+007 1.04724e+007 8.9685e+006 7.6794e+006 6.57162e+006 5.61486e+006 4.78651e+006 4.07694e+006 3.48264e+006 2.98292e+006 2.55546e+006 2.1897e+006 1.87663e+006 1.60857e+006 1.37897e+006 1.18224e+006 1.01363e+006 869079 745129 638830 547659 469462 402392 344871 295544 253247 216985 185900 1.10914e+006 
1992  1.42566e+007 1.22283e+007 1.04724e+007 8.96843e+006 7.67885e+006 6.56848e+006 5.60233e+006 4.75101e+006 4.0056e+006 3.38075e+006 2.87937e+006 2.46738e+006 2.11579e+006 1.81546e+006 1.55863e+006 1.33875e+006 1.15029e+006 988602 849741 730394 627757 539454 463465 398071 341800 293391 251760 215971 185218 1.10663e+006 
1993  1.42317e+007 1.22096e+007 1.04724e+007 8.96842e+006 7.67874e+006 6.5678e+006 5.59902e+006 4.73896e+006 3.97354e+006 3.31882e+006 2.79258e+006 2.37958e+006 2.04107e+006 1.75271e+006 1.50662e+006 1.29622e+006 1.11598e+006 961295 828304 713797 615084 529912 456381 392886 338058 290729 249892 214679 184337 1.10384e+006 
1994  1.42034e+007 1.21882e+007 1.04564e+007 8.96841e+006 7.67868e+006 6.56751e+006 5.5978e+006 4.73474e+006 3.96116e+006 3.28957e+006 2.73897e+006 2.30581e+006 1.96675e+006 1.68942e+006 1.45341e+006 1.25206e+006 1.07981e+006 932056 804988 695457 600857 519030 448174 386784 333586 287498 247591 213064 183220 1.10064e+006 
1995  1.41719e+007 1.2164e+007 1.04381e+007 8.95469e+006 7.67863e+006 6.56726e+006 5.59695e+006 4.73235e+006 3.95543e+006 3.27675e+006 2.71248e+006 2.25962e+006 1.9042e+006 1.62661e+006 1.39988e+006 1.20699e+006 1.04235e+006 901318 780097 675570 585185 506851 438843 379737 328340 283649 244808 211081 181827 1.09689e+006 
1996  1.41374e+007 1.21371e+007 1.04174e+007 8.93902e+006 7.66684e+006 6.56704e+006 5.59617e+006 4.73036e+006 3.95138e+006 3.26959e+006 2.69971e+006 2.23597e+006 1.8646e+006 1.57369e+006 1.34688e+006 1.16177e+006 1.00422e+006 869572 754000 654397 568238 493472 428429 371746 322297 279146 241501 208688 180121 1.09245e+006 
1997  1.41003e+007 1.21075e+007 1.03943e+007 8.92129e+006 7.65338e+006 6.55679e+006 5.59546e+006 4.72854e+006 3.94782e+006 3.26401e+006 2.69179e+006 2.22379e+006 1.84375e+006 1.53989e+006 1.30221e+006 1.1171e+006 966053 837339 727113 632252 550238 479037 417015 362848 315460 273970 237640 205850 178066 1.08714e+006 
1998  1.40613e+007 1.20757e+007 1.0369e+007 8.9015e+006 7.63817e+006 6.54513e+006 5.58626e+006 4.72687e+006 3.94457e+006 3.25903e+006 2.68535e+006 2.21576e+006 1.8325e+006 1.52172e+006 1.27348e+006 1.07945e+006 928436 805140 699870 609484 531449 463736 404724 353113 307861 268124 233210 202543 175634 1.0808e+006 
1999  1.40211e+007 1.20423e+007 1.03418e+007 8.87981e+006 7.62119e+006 6.53199e+006 5.57591e+006 4.71815e+006 3.94163e+006 3.25453e+006 2.6796e+006 2.20911e+006 1.8248e+006 1.51157e+006 1.25777e+006 1.05511e+006 896733 773466 672706 586456 512164 447792 391715 342646 299558 261634 228212 198752 172802 1.07328e+006 
2000  1.39805e+007 1.20079e+007 1.03132e+007 8.85651e+006 7.60259e+006 6.51735e+006 5.56433e+006 4.70856e+006 3.93298e+006 3.25048e+006 2.67442e+006 2.20319e+006 1.81836e+006 1.50446e+006 1.24879e+006 1.04163e+006 876150 746776 646027 563528 492688 431449 378177 331582 290642 254552 222671 194481 169560 1.06439e+006 
2001  1.39401e+007 1.19731e+007 1.02837e+007 8.83201e+006 7.58262e+006 6.50134e+006 5.55154e+006 4.69804e+006 3.92376e+006 3.24191e+006 2.66979e+006 2.19787e+006 1.81263e+006 1.49848e+006 1.24238e+006 1.03378e+006 864639 729394 623551 541038 473319 414961 364315 320078 281226 246953 216627 189747 165908 1.054e+006 
2002  1.39005e+007 1.19385e+007 1.02539e+007 8.80676e+006 7.56163e+006 6.48417e+006 5.53761e+006 4.68657e+006 3.91391e+006 3.23304e+006 2.66159e+006 2.19312e+006 1.8075e+006 1.49316e+006 1.23697e+006 1.02811e+006 857845 719601 608878 522094 454338 398579 350342 308308 271442 238933 210147 184588 161863 1.04197e+006 
2003  1.38619e+007 1.19046e+007 1.02243e+007 8.78122e+006 7.53999e+006 6.46613e+006 5.52272e+006 4.67422e+006 3.9034e+006 3.2238e+006 2.65329e+006 2.18556e+006 1.80293e+006 1.4884e+006 1.23217e+006 1.02332e+006 852900 713761 600563 509705 438352 382537 336468 296451 261437 230604 203310 179058 157457 1.02823e+006 
2004  1.38246e+007 1.18715e+007 1.01952e+007 8.75585e+006 7.51811e+006 6.44755e+006 5.50713e+006 4.66114e+006 3.89227e+006 3.21415e+006 2.6448e+006 2.178e+006 1.79612e+006 1.48417e+006 1.22788e+006 1.01906e+006 848706 709482 595566 502652 427882 369027 322889 284684 251363 222090 196213 173225 152735 1.0127e+006 
2005  1.37886e+007 1.18396e+007 1.01669e+007 8.73095e+006 7.49637e+006 6.42876e+006 5.49104e+006 4.64739e+006 3.88043e+006 3.2039e+006 2.63591e+006 2.17024e+006 1.78928e+006 1.47806e+006 1.22399e+006 1.01521e+006 844940 705815 591862 498371 421889 360160 311447 273167 241365 213517 188958 167171 147754 995384 
2006  1.37541e+007 1.18088e+007 1.01395e+007 8.70672e+006 7.47503e+006 6.4101e+006 5.47483e+006 4.63332e+006 3.86815e+006 3.19314e+006 2.62656e+006 2.16217e+006 1.78227e+006 1.47193e+006 1.21856e+006 1.01169e+006 841511 702506 588671 495174 418223 355063 303924 263459 231580 205010 181654 160983 142585 976319 
2007  1.3721e+007 1.17792e+007 1.01132e+007 8.68328e+006 7.45428e+006 6.3918e+006 5.45876e+006 4.61924e+006 3.85579e+006 3.18226e+006 2.61703e+006 2.15392e+006 1.77518e+006 1.4658e+006 1.21321e+006 1.00697e+006 838421 699525 585813 492431 415486 351939 299595 257075 223335 196688 174409 154755 137304 955605 
2008  1.36896e+007 1.17509e+007 1.00878e+007 8.66071e+006 7.43419e+006 6.374e+006 5.44301e+006 4.60531e+006 3.84346e+006 3.17138e+006 2.60746e+006 2.14557e+006 1.76798e+006 1.45962e+006 1.20789e+006 1.00234e+006 834353 696835 583235 489972 413135 349599 296933 253395 217911 189677 167323 148578 131989 933390 
2009  1.36596e+007 1.17239e+007 1.00636e+007 8.639e+006 7.41486e+006 6.35678e+006 5.42769e+006 4.59167e+006 3.8313e+006 3.16057e+006 2.59793e+006 2.13723e+006 1.76071e+006 1.45337e+006 1.20254e+006 997750 830368 693339 580906 487753 411026 347587 294935 251126 214779 185061 161352 142537 126718 909865 
2010  1.36313e+007 1.16983e+007 1.00405e+007 8.61825e+006 7.39627e+006 6.34022e+006 5.41294e+006 4.57853e+006 3.81959e+006 3.15011e+006 2.58866e+006 2.12908e+006 1.75359e+006 1.44718e+006 1.19722e+006 993198 826457 689948 577932 485760 409131 345788 293220 249423 212847 182395 157422 137448 121564 885264 

Output quantities finish here

Unused parameters:
annual_cycle.fishery_areas annual_cycle.migrate_from annual_cycle.migrate_to annual_cycle.migration_names annual_cycle.migration_times annual_cycle.n_migrations annual_cycle.recruitment_areas annual_cycle.spawning_all_areas area_names recruitment.p_male recruitment.year_range tag[Tags2005_R1_LL].area tag[Tags2005_R1_LL].sex tag[Tags2006_R1_LL].area tag[Tags2006_R1_LL].sex tag[Tags2007_R1_LL].area tag[Tags2007_R1_LL].sex tag[Tags2008_R1_LL].area tag[Tags2008_R1_LL].sex tag[Tags2009_R1_LL].area tag[Tags2009_R1_LL].sex MCMC.adapt_at MCMC.adaptive_stepsize MCMC.burn_in MCMC.keep MCMC.length MCMC.start MCMC.stepsize profile[1].l profile[1].n profile[1].parameter profile[1].u tag_recapture[Tags2005_R1_R1].area tag_recapture[Tags2006_R1_R1].area tag_recapture[Tags2007_R1_R1].area tag_recapture[Tags2008_R1_R1].area tag_recapture[Tags2009_R1_R1].area n_projections numbers_at[Numbers_at_age_R1].area print.yields 
