CASAL (C++ algorithmic stock assessment laboratory)
Call: casal -e -O C:/Users/STA384/Documents/GitHub/planetfish2_bugs/Output/TOA_bug_19/casalout_mpd.dat -f C:/Users/STA384/Documents/GitHub/planetfish2_bugs/Output/TOA_bug_19/casal_ 
Date: Wed Nov 20 14:01:24 2019
v2.30-2012-03-21 00:22:59 UTC (rev.4648)  (c) Copyright 2002-2012, NIWA
User name: sta384
Machine name: MACKEREL-HF (Microsoft Windows, PID=8372)

Prefix for the input parameter filenames : C:/Users/STA384/Documents/GitHub/planetfish2_bugs/Output/TOA_bug_19/casal_

Random number seed : 18884

Estimation parameters:
Stored as strings: 
  MCMC.adapt_at                 	1e+05 2e+05 3e+05 4e+05
  MCMC.adaptive_stepsize        	True
  MCMC.burn_in                  	500
  MCMC.keep                     	1000
  MCMC.length                   	1500000
  MCMC.start                    	0
  MCMC.stepsize                 	0.01
  ageing_error.c                	0
  ageing_error.type             	normal
  catch_at[LL_catchA].2000      	0 0 0 0 0.017 0.02 0.032 0.112 0.181 0.112 0.055 0.121 0.069 0.053 0.015 0.045 0.033 0.038 0.022 0.02 0.022 0.006 0.004 0.007 0.009 0.001 0.004 0.001 0 0.001
  catch_at[LL_catchA].2001      	0 0 0 0 0.003 0.065 0.062 0.056 0.148 0.168 0.101 0.04 0.096 0.058 0.036 0.02 0.025 0.011 0.029 0.017 0.02 0.016 0.008 0.005 0.004 0.004 0 0.001 0.001 0.006
  catch_at[LL_catchA].2002      	0 0 0 0.002 0.01 0.017 0.183 0.107 0.067 0.139 0.126 0.053 0.047 0.068 0.033 0.027 0.008 0.02 0.018 0.024 0.008 0.009 0.018 0.005 0.002 0.002 0.002 0 0 0.005
  catch_at[LL_catchA].2003      	0 0 0 0 0.002 0.04 0.029 0.342 0.115 0.056 0.092 0.085 0.048 0.025 0.044 0.028 0.018 0.007 0.01 0.009 0.012 0.009 0.006 0.003 0.001 0.006 0.003 0.003 0.002 0.005
  catch_at[LL_catchA].2004      	0 0 0 0.002 0.003 0.005 0.091 0.065 0.426 0.101 0.047 0.059 0.066 0.022 0.017 0.032 0.022 0.008 0.002 0.003 0.005 0.005 0.007 0.003 0.005 0 0.001 0.001 0.001 0.001
  catch_at[LL_catchA].2005      	0 0 0 0 0.007 0.003 0.014 0.2 0.07 0.357 0.103 0.049 0.051 0.047 0.016 0.008 0.018 0.015 0.007 0.004 0.009 0.005 0.004 0.004 0 0.005 0 0 0.001 0.003
  catch_at[LL_catchA].2006      	0 0 0 0.001 0.004 0.027 0.015 0.041 0.267 0.089 0.319 0.075 0.026 0.035 0.022 0.021 0.012 0.013 0.01 0.006 0.003 0.002 0.001 0.002 0 0.004 0.003 0 0.001 0.001
  catch_at[LL_catchA].2007      	0 0 0 0 0.003 0.014 0.095 0.034 0.057 0.257 0.072 0.268 0.06 0.02 0.023 0.028 0.009 0.009 0.014 0.007 0.011 0.002 0.004 0.004 0.002 0.001 0.002 0.002 0.001 0.001
  catch_at[LL_catchA].2008      	0 0 0 0 0 0.01 0.072 0.168 0.042 0.05 0.252 0.061 0.191 0.049 0.017 0.021 0.022 0.009 0.006 0.003 0.007 0.001 0.001 0.002 0.002 0.005 0.003 0.003 0.001 0.002
  catch_at[LL_catchA].2009      	0 0 0 0.001 0.007 0.004 0.027 0.126 0.238 0.048 0.06 0.176 0.05 0.156 0.036 0.009 0.019 0.013 0.003 0.005 0.008 0.001 0.003 0.001 0.004 0.003 0.002 0 0 0
  catch_at[LL_catchA].2010      	0 0 0.001 0 0.005 0.009 0.019 0.055 0.198 0.23 0.03 0.039 0.163 0.039 0.135 0.03 0.011 0.011 0.009 0.005 0.001 0.001 0 0.004 0 0.001 0 0.002 0.001 0.001
  catch_at[LL_catchA].N_2000    	100
  catch_at[LL_catchA].N_2001    	100
  catch_at[LL_catchA].N_2002    	100
  catch_at[LL_catchA].N_2003    	100
  catch_at[LL_catchA].N_2004    	100
  catch_at[LL_catchA].N_2005    	100
  catch_at[LL_catchA].N_2006    	100
  catch_at[LL_catchA].N_2007    	100
  catch_at[LL_catchA].N_2008    	100
  catch_at[LL_catchA].N_2009    	100
  catch_at[LL_catchA].N_2010    	100
  catch_at[LL_catchA].at_size   	False
  catch_at[LL_catchA].dist      	multinomial
  catch_at[LL_catchA].fishery   	LL
  catch_at[LL_catchA].max_class 	30
  catch_at[LL_catchA].min_class 	1
  catch_at[LL_catchA].plus_group	True
  catch_at[LL_catchA].r         	1e-11
  catch_at[LL_catchA].sexed     	False
  catch_at[LL_catchA].sum_to_one	True
  catch_at[LL_catchA].years     	2000 2001 2002 2003 2004 2005 2006 2007 2008 2009 2010
  catch_limit_penalty[1].fishery	LL
  catch_limit_penalty[1].label  	LL_Penalty
  catch_limit_penalty[1].log_scale	True
  catch_limit_penalty[1].multiplier	1000
  estimate[1].lower_bound       	5000
  estimate[1].parameter         	initialization.B0
  estimate[1].prior             	uniform
  estimate[1].upper_bound       	5e+05
  estimator                     	Bayes
  fish_tagged_penalty[1].label  	Penalty_Tags2005_R1_LL
  fish_tagged_penalty[1].multiplier	1
  fish_tagged_penalty[1].tagging_episode	Tags2005_R1_LL
  fish_tagged_penalty[2].label  	Penalty_Tags2006_R1_LL
  fish_tagged_penalty[2].multiplier	1
  fish_tagged_penalty[2].tagging_episode	Tags2006_R1_LL
  fish_tagged_penalty[3].label  	Penalty_Tags2007_R1_LL
  fish_tagged_penalty[3].multiplier	1
  fish_tagged_penalty[3].tagging_episode	Tags2007_R1_LL
  fish_tagged_penalty[4].label  	Penalty_Tags2008_R1_LL
  fish_tagged_penalty[4].multiplier	1
  fish_tagged_penalty[4].tagging_episode	Tags2008_R1_LL
  fish_tagged_penalty[5].label  	Penalty_Tags2009_R1_LL
  fish_tagged_penalty[5].multiplier	1
  fish_tagged_penalty[5].tagging_episode	Tags2009_R1_LL
  grad_tol                      	0.001
  max_evals                     	10000
  max_iters                     	1600
  profile[1].l                  	40000
  profile[1].n                  	11
  profile[1].parameter          	initialization.B0
  profile[1].u                  	130000
  q_method                      	nuisance
  tag_recapture[Tags2005_R1_R1].area	R1
  tag_recapture[Tags2005_R1_R1].class_mins	100 150 200 250 300 350 400 450 500 550 600 650 700 750 800 850 900 950 1000 1050 1100 1150 1200 1250 1300 1350 1400 1450 1500 1550 1600 1650 1700 1750 1800 1850 1900 1950 2000 2050
  tag_recapture[Tags2005_R1_R1].detection_probability	1
  tag_recapture[Tags2005_R1_R1].dispersion	1
  tag_recapture[Tags2005_R1_R1].do_bootstrap	True
  tag_recapture[Tags2005_R1_R1].plus_group	False
  tag_recapture[Tags2005_R1_R1].proportion_mortality	0.5
  tag_recapture[Tags2005_R1_R1].r	1e-11
  tag_recapture[Tags2005_R1_R1].recaptured_2006	0 0 0 0 0 0 0 0 0.3 1.3 4 8.3 12.3 13.8 12.2 8.7 5.3 3.2 2.1 1.5 1 0.6 0.4 0.3 0.2 0.1 0.1 0.1 0 0 0 0 0 0 0 0 0 0 0
  tag_recapture[Tags2005_R1_R1].recaptured_2007	0 0 0 0 0 0 0 0 0.1 0.4 1.6 4.5 8.7 12.4 13.3 11.2 7.6 4.4 2.5 1.4 0.9 0.5 0.3 0.1 0 0 0 0 0 0 0 0 0 0 0 0 0 0 0
  tag_recapture[Tags2005_R1_R1].recaptured_2008	0 0 0 0 0 0 0 0 0 0.1 0.4 1.2 2.9 5.2 7 7.3 6.1 4.3 2.7 1.7 1.2 0.8 0.5 0.3 0.1 0.1 0 0 0 0 0 0 0 0 0 0 0 0 0
  tag_recapture[Tags2005_R1_R1].recaptured_2009	0 0 0 0 0 0 0 0 0 0 0.2 0.8 2.1 4.2 6.4 7.6 7.3 5.9 4 2.5 1.4 0.8 0.4 0.2 0.1 0 0 0 0 0 0 0 0 0 0 0 0 0 0
  tag_recapture[Tags2005_R1_R1].recaptured_2010	0 0 0 0 0 0 0 0 0 0 0.1 0.2 0.8 1.9 3.6 5.4 6.2 5.9 4.6 3 1.7 0.9 0.4 0.2 0.1 0 0 0 0 0 0 0 0 0 0 0 0 0 0
  tag_recapture[Tags2005_R1_R1].sample	size
  tag_recapture[Tags2005_R1_R1].scanned_2006	0 0 0 0 8 126 1106 5450 16770 39170 79856 135378 176500 177670 144628 99886 62378 38784 25650 17828 12630 9036 6526 4764 3510 2590 1884 1330 898 574 344 192 98 46 20 8 2 0 0
  tag_recapture[Tags2005_R1_R1].scanned_2007	0 0 0 0 8 98 904 5306 18888 43018 71974 105222 140908 160120 148226 114138 76332 47012 28856 18676 12692 8828 6218 4432 3200 2334 1702 1218 840 548 336 190 100 48 20 8 2 0 0
  tag_recapture[Tags2005_R1_R1].scanned_2008	0 0 0 0 10 98 704 4184 17380 47056 84492 110032 121964 130518 131112 114750 86042 56782 34728 21090 13390 8910 6092 4234 2992 2146 1552 1114 778 518 322 186 98 48 20 8 2 0 0
  tag_recapture[Tags2005_R1_R1].scanned_2009	0 0 0 0 12 122 708 3234 12788 38826 82866 123200 135246 125162 113278 102244 84942 62134 40484 24566 14760 9208 6014 4054 2794 1962 1400 1000 702 472 298 176 94 46 20 8 2 0 0
  tag_recapture[Tags2005_R1_R1].scanned_2010	0 0 0 0 12 146 926 3582 10662 28270 63308 108562 137902 134804 113300 93788 78900 62764 44824 28816 17334 10306 6336 4078 2726 1876 1316 932 652 440 280 166 90 44 20 8 2 0 0
  tag_recapture[Tags2005_R1_R1].step	1
  tag_recapture[Tags2005_R1_R1].tag_name	Tags2005_R1
  tag_recapture[Tags2005_R1_R1].years	2006 2007 2008 2009 2010
  tag_recapture[Tags2006_R1_R1].area	R1
  tag_recapture[Tags2006_R1_R1].class_mins	100 150 200 250 300 350 400 450 500 550 600 650 700 750 800 850 900 950 1000 1050 1100 1150 1200 1250 1300 1350 1400 1450 1500 1550 1600 1650 1700 1750 1800 1850 1900 1950 2000 2050
  tag_recapture[Tags2006_R1_R1].detection_probability	1
  tag_recapture[Tags2006_R1_R1].dispersion	1
  tag_recapture[Tags2006_R1_R1].do_bootstrap	True
  tag_recapture[Tags2006_R1_R1].plus_group	False
  tag_recapture[Tags2006_R1_R1].proportion_mortality	0.5
  tag_recapture[Tags2006_R1_R1].r	1e-11
  tag_recapture[Tags2006_R1_R1].recaptured_2007	0 0 0 0 0 0 0 0 0.1 0.7 2.7 6.8 11.7 14.7 14.2 11.2 7.5 4.4 2.4 1.3 0.7 0.3 0.2 0.1 0 0 0 0 0 0 0 0 0 0 0 0 0 0 0
  tag_recapture[Tags2006_R1_R1].recaptured_2008	0 0 0 0 0 0 0 0 0.1 0.5 1.4 3.2 6 9.3 11.8 12 10 6.9 4.1 2.4 1.4 0.9 0.5 0.3 0.2 0.2 0.2 0.1 0.1 0.1 0.1 0 0 0 0 0 0 0 0
  tag_recapture[Tags2006_R1_R1].recaptured_2009	0 0 0 0 0 0 0 0 0.1 0.4 0.9 1.8 3.6 6.1 8.4 9 7.8 5.5 3.3 1.8 1.1 0.7 0.5 0.4 0.3 0.2 0.1 0 0 0 0 0 0 0 0 0 0 0 0
  tag_recapture[Tags2006_R1_R1].recaptured_2010	0 0 0 0 0 0 0 0 0 0.2 0.5 0.9 1.5 2.5 3.6 4.5 4.7 4.1 3 1.8 1 0.4 0.2 0 0 0 0 0 0 0 0 0 0 0 0 0 0 0 0
  tag_recapture[Tags2006_R1_R1].sample	size
  tag_recapture[Tags2006_R1_R1].scanned_2007	0 0 0 0 8 98 904 5306 18888 43018 71974 105222 140908 160120 148226 114138 76332 47012 28856 18676 12692 8828 6218 4432 3200 2334 1702 1218 840 548 336 190 100 48 20 8 2 0 0
  tag_recapture[Tags2006_R1_R1].scanned_2008	0 0 0 0 10 98 704 4184 17380 47056 84492 110032 121964 130518 131112 114750 86042 56782 34728 21090 13390 8910 6092 4234 2992 2146 1552 1114 778 518 322 186 98 48 20 8 2 0 0
  tag_recapture[Tags2006_R1_R1].scanned_2009	0 0 0 0 12 122 708 3234 12788 38826 82866 123200 135246 125162 113278 102244 84942 62134 40484 24566 14760 9208 6014 4054 2794 1962 1400 1000 702 472 298 176 94 46 20 8 2 0 0
  tag_recapture[Tags2006_R1_R1].scanned_2010	0 0 0 0 12 146 926 3582 10662 28270 63308 108562 137902 134804 113300 93788 78900 62764 44824 28816 17334 10306 6336 4078 2726 1876 1316 932 652 440 280 166 90 44 20 8 2 0 0
  tag_recapture[Tags2006_R1_R1].step	1
  tag_recapture[Tags2006_R1_R1].tag_name	Tags2006_R1
  tag_recapture[Tags2006_R1_R1].years	2007 2008 2009 2010
  tag_recapture[Tags2007_R1_R1].area	R1
  tag_recapture[Tags2007_R1_R1].class_mins	100 150 200 250 300 350 400 450 500 550 600 650 700 750 800 850 900 950 1000 1050 1100 1150 1200 1250 1300 1350 1400 1450 1500 1550 1600 1650 1700 1750 1800 1850 1900 1950 2000 2050
  tag_recapture[Tags2007_R1_R1].detection_probability	1
  tag_recapture[Tags2007_R1_R1].dispersion	1
  tag_recapture[Tags2007_R1_R1].do_bootstrap	True
  tag_recapture[Tags2007_R1_R1].plus_group	False
  tag_recapture[Tags2007_R1_R1].proportion_mortality	0.5
  tag_recapture[Tags2007_R1_R1].r	1e-11
  tag_recapture[Tags2007_R1_R1].recaptured_2008	0 0 0 0 0 0 0 0.1 0.5 1.5 3.4 6.1 9.7 13.5 15.3 13.9 10.5 6.9 4 2.3 1.2 0.6 0.3 0.1 0 0 0 0 0 0 0 0 0 0 0 0 0 0 0
  tag_recapture[Tags2007_R1_R1].recaptured_2009	0 0 0 0 0 0 0 0 0.1 0.5 1.5 3.1 5 6.9 8.3 8.4 7.3 5.5 3.9 2.7 1.9 1.2 0.7 0.4 0.2 0.1 0 0 0 0 0 0 0 0 0 0 0 0 0
  tag_recapture[Tags2007_R1_R1].recaptured_2010	0 0 0 0 0 0 0 0 0 0.2 0.9 2.1 3.9 6 7.8 8.6 7.9 6.1 4.1 2.4 1.3 0.7 0.4 0.2 0.1 0 0 0 0 0 0 0 0 0 0 0 0 0 0
  tag_recapture[Tags2007_R1_R1].sample	size
  tag_recapture[Tags2007_R1_R1].scanned_2008	0 0 0 0 10 98 704 4184 17380 47056 84492 110032 121964 130518 131112 114750 86042 56782 34728 21090 13390 8910 6092 4234 2992 2146 1552 1114 778 518 322 186 98 48 20 8 2 0 0
  tag_recapture[Tags2007_R1_R1].scanned_2009	0 0 0 0 12 122 708 3234 12788 38826 82866 123200 135246 125162 113278 102244 84942 62134 40484 24566 14760 9208 6014 4054 2794 1962 1400 1000 702 472 298 176 94 46 20 8 2 0 0
  tag_recapture[Tags2007_R1_R1].scanned_2010	0 0 0 0 12 146 926 3582 10662 28270 63308 108562 137902 134804 113300 93788 78900 62764 44824 28816 17334 10306 6336 4078 2726 1876 1316 932 652 440 280 166 90 44 20 8 2 0 0
  tag_recapture[Tags2007_R1_R1].step	1
  tag_recapture[Tags2007_R1_R1].tag_name	Tags2007_R1
  tag_recapture[Tags2007_R1_R1].years	2008 2009 2010
  tag_recapture[Tags2008_R1_R1].area	R1
  tag_recapture[Tags2008_R1_R1].class_mins	100 150 200 250 300 350 400 450 500 550 600 650 700 750 800 850 900 950 1000 1050 1100 1150 1200 1250 1300 1350 1400 1450 1500 1550 1600 1650 1700 1750 1800 1850 1900 1950 2000 2050
  tag_recapture[Tags2008_R1_R1].detection_probability	1
  tag_recapture[Tags2008_R1_R1].dispersion	1
  tag_recapture[Tags2008_R1_R1].do_bootstrap	True
  tag_recapture[Tags2008_R1_R1].plus_group	False
  tag_recapture[Tags2008_R1_R1].proportion_mortality	0.5
  tag_recapture[Tags2008_R1_R1].r	1e-11
  tag_recapture[Tags2008_R1_R1].recaptured_2009	0 0 0 0 0 0 0 0 0.2 1 2.9 5.7 8.2 9.8 10.7 10.8 9.5 7 4.3 2.3 1.1 0.6 0.4 0.3 0.2 0.1 0 0 0 0 0 0 0 0 0 0 0 0 0
  tag_recapture[Tags2008_R1_R1].recaptured_2010	0 0 0 0 0 0 0 0 0.1 0.3 1.1 2.5 4 5 5.5 5.5 4.9 3.8 2.6 1.7 1.1 0.8 0.7 0.5 0.4 0.2 0.1 0.1 0 0 0 0 0 0 0 0 0 0 0
  tag_recapture[Tags2008_R1_R1].sample	size
  tag_recapture[Tags2008_R1_R1].scanned_2009	0 0 0 0 12 122 708 3234 12788 38826 82866 123200 135246 125162 113278 102244 84942 62134 40484 24566 14760 9208 6014 4054 2794 1962 1400 1000 702 472 298 176 94 46 20 8 2 0 0
  tag_recapture[Tags2008_R1_R1].scanned_2010	0 0 0 0 12 146 926 3582 10662 28270 63308 108562 137902 134804 113300 93788 78900 62764 44824 28816 17334 10306 6336 4078 2726 1876 1316 932 652 440 280 166 90 44 20 8 2 0 0
  tag_recapture[Tags2008_R1_R1].step	1
  tag_recapture[Tags2008_R1_R1].tag_name	Tags2008_R1
  tag_recapture[Tags2008_R1_R1].years	2009 2010
  tag_recapture[Tags2009_R1_R1].area	R1
  tag_recapture[Tags2009_R1_R1].class_mins	100 150 200 250 300 350 400 450 500 550 600 650 700 750 800 850 900 950 1000 1050 1100 1150 1200 1250 1300 1350 1400 1450 1500 1550 1600 1650 1700 1750 1800 1850 1900 1950 2000 2050
  tag_recapture[Tags2009_R1_R1].detection_probability	1
  tag_recapture[Tags2009_R1_R1].dispersion	1
  tag_recapture[Tags2009_R1_R1].do_bootstrap	True
  tag_recapture[Tags2009_R1_R1].plus_group	False
  tag_recapture[Tags2009_R1_R1].proportion_mortality	0.5
  tag_recapture[Tags2009_R1_R1].r	1e-11
  tag_recapture[Tags2009_R1_R1].recaptured_2010	0 0 0 0 0 0 0 0 0.2 1 3.3 7 10.2 11.1 10.1 8.9 7.7 6.2 4.4 2.8 1.6 0.8 0.4 0.2 0.1 0 0 0 0 0 0 0 0 0 0 0 0 0 0
  tag_recapture[Tags2009_R1_R1].sample	size
  tag_recapture[Tags2009_R1_R1].scanned_2010	0 0 0 0 12 146 926 3582 10662 28270 63308 108562 137902 134804 113300 93788 78900 62764 44824 28816 17334 10306 6336 4078 2726 1876 1316 932 652 440 280 166 90 44 20 8 2 0 0
  tag_recapture[Tags2009_R1_R1].step	1
  tag_recapture[Tags2009_R1_R1].tag_name	Tags2009_R1
  tag_recapture[Tags2009_R1_R1].years	2010
  vector_average_penalty[1].k   	1
  vector_average_penalty[1].label	meanYCS_1
  vector_average_penalty[1].multiplier	100
  vector_average_penalty[1].vector	recruitment.YCS
Stored as DOUBLEs: 
Stored as VECTORs: 
Stored as OGIVEs: 

Population parameters:
Stored as strings: 
  annual_cycle.M_props          	1
  annual_cycle.aging_time       	1
  annual_cycle.baranov          	False
  annual_cycle.fishery_areas    	R1
  annual_cycle.fishery_names    	LL
  annual_cycle.fishery_times    	1
  annual_cycle.growth_props     	0
  annual_cycle.migrate_from     	R1
  annual_cycle.migrate_to       	R2
  annual_cycle.migration_names  	MoveRec_1_2
  annual_cycle.migration_times  	1
  annual_cycle.n_migrations     	0
  annual_cycle.recruitment_areas	R1
  annual_cycle.recruitment_time 	1
  annual_cycle.spawning_all_areas	1
  annual_cycle.spawning_p       	1
  annual_cycle.spawning_part_mort	1
  annual_cycle.spawning_time    	1
  annual_cycle.spawning_use_total_B	False
  annual_cycle.time_steps       	1
  area_names                    	R1
  current                       	2010
  final                         	2045
  first_random_year             	2007
  fishery[LL].U_max             	0.95
  fishery[LL].catches           	0 6000 6000 6000 6000 6000 6000 6000 6000 6000 6000 6000 6000 6000 6000 6000 6000 6000 6000 6000 6000
  fishery[LL].future_constant_catches	200
  fishery[LL].selectivity       	SelLL
  fishery[LL].years             	1990 1991 1992 1993 1994 1995 1996 1997 1998 1999 2000 2001 2002 2003 2004 2005 2006 2007 2008 2009 2010
  initial                       	1990
  initialization.B0             	207452
  mature_partition              	False
  maturity_props.all            	allvalues  0 0 0 0 0 0 0 0 0 0 0 0.1667 0.3333 0.5 0.6667 0.8333 1 1 1 1 1 1 1 1 1 1 1 1 1 1
  max_age                       	30
  min_age                       	1
  n_areas                       	1
  n_stocks                      	1
  n_tags                        	5
  natural_mortality.all         	0.155
  plus_group                    	True
  randomisation_method          	lognormal
  recruitment.SR                	BH
  recruitment.YCS               	1 1 1 1 1 1 1 1 1 1 1 1 1 1 1 1 1 1 1 1 1
  recruitment.YCS_years         	1989 1990 1991 1992 1993 1994 1995 1996 1997 1998 1999 2000 2001 2002 2003 2004 2005 2006 2007 2008 2009
  recruitment.first_free        	1989
  recruitment.last_free         	2006
  recruitment.p_male            	0.5
  recruitment.rho               	0
  recruitment.sigma_r           	0.6
  recruitment.steepness         	0.7
  recruitment.year_range        	1989 2006
  selectivity[SelLL].all        	double_normal 10 2 10
  selectivity_names             	SelLL
  sex_partition                 	False
  size_at_age.Linf              	2870.8
  size_at_age.by_length         	True
  size_at_age.cv                	0.1
  size_at_age.k                 	0.02056
  size_at_age.t0                	-4.2897
  size_at_age_dist              	normal
  size_at_age_type              	von_Bert
  size_based                    	False
  size_weight.a                 	2.59e-12
  size_weight.b                 	3.2064
  size_weight.verify_size_weight	500 0.5 1.5
  standardise_YCS               	True
  tag[Tags2005_R1_LL].area      	R1
  tag[Tags2005_R1_LL].class_mins	100 150 200 250 300 350 400 450 500 550 600 650 700 750 800 850 900 950 1000 1050 1100 1150 1200 1250 1300 1350 1400 1450 1500 1550 1600 1650 1700 1750 1800 1850 1900 1950 2000 2050
  tag[Tags2005_R1_LL].mature_only	False
  tag[Tags2005_R1_LL].mortality 	0.1
  tag[Tags2005_R1_LL].number    	2500
  tag[Tags2005_R1_LL].ogive     	SelLL
  tag[Tags2005_R1_LL].plus_group	False
  tag[Tags2005_R1_LL].props_all 	0 0 0 0 0 2e-04 0.0011 0.0048 0.016 0.0454 0.0974 0.1507 0.1743 0.1578 0.1159 0.0742 0.0472 0.0323 0.023 0.0165 0.0117 0.0084 0.0061 0.0046 0.0036 0.0028 0.0021 0.0015 0.001 7e-04 4e-04 2e-04 1e-04 1e-04 0 0 0 0 0
  tag[Tags2005_R1_LL].release_type	deterministic
  tag[Tags2005_R1_LL].sex       	both
  tag[Tags2005_R1_LL].step      	1
  tag[Tags2005_R1_LL].tag_name  	Tags2005_R1
  tag[Tags2005_R1_LL].year      	2005
  tag[Tags2006_R1_LL].area      	R1
  tag[Tags2006_R1_LL].class_mins	100 150 200 250 300 350 400 450 500 550 600 650 700 750 800 850 900 950 1000 1050 1100 1150 1200 1250 1300 1350 1400 1450 1500 1550 1600 1650 1700 1750 1800 1850 1900 1950 2000 2050
  tag[Tags2006_R1_LL].mature_only	False
  tag[Tags2006_R1_LL].mortality 	0.1
  tag[Tags2006_R1_LL].number    	2500
  tag[Tags2006_R1_LL].ogive     	SelLL
  tag[Tags2006_R1_LL].plus_group	False
  tag[Tags2006_R1_LL].props_all 	0 0 0 0 0 2e-04 0.0014 0.0055 0.016 0.0376 0.0767 0.1284 0.1655 0.1657 0.1349 0.0934 0.0581 0.0357 0.0233 0.0162 0.0117 0.0085 0.0062 0.0045 0.0032 0.0024 0.0017 0.0012 8e-04 5e-04 3e-04 2e-04 1e-04 0 0 0 0 0 0
  tag[Tags2006_R1_LL].release_type	deterministic
  tag[Tags2006_R1_LL].sex       	both
  tag[Tags2006_R1_LL].step      	1
  tag[Tags2006_R1_LL].tag_name  	Tags2006_R1
  tag[Tags2006_R1_LL].year      	2006
  tag[Tags2007_R1_LL].area      	R1
  tag[Tags2007_R1_LL].class_mins	100 150 200 250 300 350 400 450 500 550 600 650 700 750 800 850 900 950 1000 1050 1100 1150 1200 1250 1300 1350 1400 1450 1500 1550 1600 1650 1700 1750 1800 1850 1900 1950 2000 2050
  tag[Tags2007_R1_LL].mature_only	False
  tag[Tags2007_R1_LL].mortality 	0.1
  tag[Tags2007_R1_LL].number    	2500
  tag[Tags2007_R1_LL].ogive     	SelLL
  tag[Tags2007_R1_LL].plus_group	False
  tag[Tags2007_R1_LL].props_all 	0 0 0 0 0 1e-04 0.0011 0.0056 0.0184 0.0408 0.0679 0.1003 0.1351 0.1536 0.1425 0.1109 0.0758 0.0483 0.031 0.0208 0.0145 0.0102 0.0071 0.0049 0.0034 0.0024 0.0017 0.0012 9e-04 6e-04 4e-04 2e-04 1e-04 1e-04 0 0 0 0 0
  tag[Tags2007_R1_LL].release_type	deterministic
  tag[Tags2007_R1_LL].sex       	both
  tag[Tags2007_R1_LL].step      	1
  tag[Tags2007_R1_LL].tag_name  	Tags2007_R1
  tag[Tags2007_R1_LL].year      	2007
  tag[Tags2008_R1_LL].area      	R1
  tag[Tags2008_R1_LL].class_mins	100 150 200 250 300 350 400 450 500 550 600 650 700 750 800 850 900 950 1000 1050 1100 1150 1200 1250 1300 1350 1400 1450 1500 1550 1600 1650 1700 1750 1800 1850 1900 1950 2000 2050
  tag[Tags2008_R1_LL].mature_only	False
  tag[Tags2008_R1_LL].mortality 	0.1
  tag[Tags2008_R1_LL].number    	2500
  tag[Tags2008_R1_LL].ogive     	SelLL
  tag[Tags2008_R1_LL].plus_group	False
  tag[Tags2008_R1_LL].props_all 	0 0 0 0 0 1e-04 7e-04 0.0044 0.0179 0.0479 0.0847 0.1085 0.1194 0.1287 0.1306 0.115 0.0865 0.057 0.0348 0.0211 0.0134 0.009 0.0061 0.0042 0.0029 0.0021 0.0015 0.0011 8e-04 6e-04 4e-04 2e-04 1e-04 1e-04 0 0 0 0 0
  tag[Tags2008_R1_LL].release_type	deterministic
  tag[Tags2008_R1_LL].sex       	both
  tag[Tags2008_R1_LL].step      	1
  tag[Tags2008_R1_LL].tag_name  	Tags2008_R1
  tag[Tags2008_R1_LL].year      	2008
  tag[Tags2009_R1_LL].area      	R1
  tag[Tags2009_R1_LL].class_mins	100 150 200 250 300 350 400 450 500 550 600 650 700 750 800 850 900 950 1000 1050 1100 1150 1200 1250 1300 1350 1400 1450 1500 1550 1600 1650 1700 1750 1800 1850 1900 1950 2000 2050
  tag[Tags2009_R1_LL].mature_only	False
  tag[Tags2009_R1_LL].mortality 	0.1
  tag[Tags2009_R1_LL].number    	2500
  tag[Tags2009_R1_LL].ogive     	SelLL
  tag[Tags2009_R1_LL].plus_group	False
  tag[Tags2009_R1_LL].props_all 	0 0 0 0 0 1e-04 8e-04 0.0033 0.0129 0.0395 0.0839 0.1236 0.1345 0.1241 0.1127 0.1023 0.0854 0.0629 0.0417 0.026 0.0162 0.0103 0.0067 0.0043 0.0028 0.0019 0.0013 9e-04 7e-04 5e-04 3e-04 2e-04 1e-04 1e-04 0 0 0 0 0
  tag[Tags2009_R1_LL].release_type	deterministic
  tag[Tags2009_R1_LL].sex       	both
  tag[Tags2009_R1_LL].step      	1
  tag[Tags2009_R1_LL].tag_name  	Tags2009_R1
  tag[Tags2009_R1_LL].year      	2009
  tag_growth_loss[Tags2005_R1].nogrowth_period	0
  tag_growth_loss[Tags2006_R1].nogrowth_period	0
  tag_growth_loss[Tags2007_R1].nogrowth_period	0
  tag_growth_loss[Tags2008_R1].nogrowth_period	0
  tag_growth_loss[Tags2009_R1].nogrowth_period	0
  tag_loss_props                	1
  tag_names                     	Tags2005_R1 Tags2006_R1 Tags2007_R1 Tags2008_R1 Tags2009_R1
  tag_shedding_rate             	0.0084 0.0084 0.0084 0.0084 0.0084
  y_enter                       	1
Stored as DOUBLEs: 
Stored as VECTORs: 
Stored as OGIVEs: 

Output parameters:
Stored as strings: 
  n_projections                 	100
  numbers_at[Numbers_at_age_R1].area	R1
  numbers_at[Numbers_at_age_R1].proportion_mortality	0.5
  numbers_at[Numbers_at_age_R1].step	1
  numbers_at[Numbers_at_age_R1].years	1990 1991 1992 1993 1994 1995 1996 1997 1998 1999 2000 2001 2002 2003 2004 2005 2006 2007 2008 2009 2010
  print.covariance              	true
  print.estimation_section      	true
  print.final_state             	false
  print.fits                    	true
  print.fits_every_eval         	false
  print.initial_state           	false
  print.normalised_resids       	true
  print.objective_every_eval    	false
  print.parameter_vector_every_eval	false
  print.parameters              	true
  print.parameters_every_eval   	false
  print.pearson_resids          	true
  print.requests                	false
  print.resids                  	true
  print.results                 	false
  print.state_annually          	false
  print.state_every_step        	false
  print.unused_parameters       	true
  print.yields                  	true
  quantities.B0                 	true
  quantities.R0                 	true
  quantities.SSBs               	true
  quantities.YCS                	true
  quantities.actual_catches     	false
  quantities.all_free_parameters	true
  quantities.fishing_pressures  	true
  quantities.nuisance_qs        	true
  quantities.recruitments       	true
  quantities.true_YCS           	true
Stored as DOUBLEs: 
Stored as VECTORs: 
Stored as OGIVEs: 

A fish of size 500 cm has a weight of 1.16755 kg in your model. This size-weight scale check assumes that the growth curve is in centimetres, and that the catch is in tonnes.

A fish of size 500 cm has a weight of 1.16755 kg in your model. This size-weight scale check assumes that the growth curve is in centimetres, and that the catch is in tonnes.

Estimation section :

Objective function: Bayes

Minimiser convergence threshold: 0.001


Observations:

The observations are:
LL_catchA
Tags2005_R1_R1
Tags2006_R1_R1
Tags2007_R1_R1
Tags2008_R1_R1
Tags2009_R1_R1
Fits follow:

LL_catchA :
catch proportions-at-age for fishery LL  with ageing error (constrained to sum to 1):
obs (last class is a plus group):
class 1       2       3       4       5       6       7       8       9       10      11      12      13      14      15      16      17      18      19      20      21      22      23      24      25      26      27      28      29      30      
2000 0       0       0       0       0.017   0.02    0.032   0.112   0.181   0.112   0.055   0.121   0.069   0.053   0.015   0.045   0.033   0.038   0.022   0.02    0.022   0.006   0.004   0.007   0.009   0.001   0.004   0.001   0       0.001   
2001 0       0       0       0       0.003   0.065   0.062   0.056   0.148   0.168   0.101   0.04    0.096   0.058   0.036   0.02    0.025   0.011   0.029   0.017   0.02    0.016   0.008   0.005   0.004   0.004   0       0.001   0.001   0.006   
2002 0       0       0       0.002   0.01    0.017   0.183   0.107   0.067   0.139   0.126   0.053   0.047   0.068   0.033   0.027   0.008   0.02    0.018   0.024   0.008   0.009   0.018   0.005   0.002   0.002   0.002   0       0       0.005   
2003 0       0       0       0       0.002   0.04    0.029   0.342   0.115   0.056   0.092   0.085   0.048   0.025   0.044   0.028   0.018   0.007   0.01    0.009   0.012   0.009   0.006   0.003   0.001   0.006   0.003   0.003   0.002   0.005   
2004 0       0       0       0.002   0.003   0.005   0.091   0.065   0.426   0.101   0.047   0.059   0.066   0.022   0.017   0.032   0.022   0.008   0.002   0.003   0.005   0.005   0.007   0.003   0.005   0       0.001   0.001   0.001   0.001   
2005 0       0       0       0       0.007   0.003   0.014   0.2     0.07    0.357   0.103   0.049   0.051   0.047   0.016   0.008   0.018   0.015   0.007   0.004   0.009   0.005   0.004   0.004   0       0.005   0       0       0.001   0.003   
2006 0       0       0       0.001   0.004   0.027   0.015   0.041   0.267   0.089   0.319   0.075   0.026   0.035   0.022   0.021   0.012   0.013   0.01    0.006   0.003   0.002   0.001   0.002   0       0.004   0.003   0       0.001   0.001   
2007 0       0       0       0       0.003   0.014   0.095   0.034   0.057   0.257   0.072   0.268   0.06    0.02    0.023   0.028   0.009   0.009   0.014   0.007   0.011   0.002   0.004   0.004   0.002   0.001   0.002   0.002   0.001   0.001   
2008 0       0       0       0       0       0.01    0.072   0.168   0.042   0.05    0.252   0.061   0.191   0.049   0.017   0.021   0.022   0.009   0.006   0.003   0.007   0.001   0.001   0.002   0.002   0.005   0.003   0.003   0.001   0.002   
2009 0       0       0       0.001   0.007   0.004   0.027   0.126   0.238   0.048   0.06    0.176   0.05    0.156   0.036   0.009   0.019   0.013   0.003   0.005   0.008   0.001   0.003   0.001   0.004   0.003   0.002   0       0       0       
2010 0       0       0.001   0       0.005   0.009   0.019   0.055   0.198   0.23    0.03    0.039   0.163   0.039   0.135   0.03    0.011   0.011   0.009   0.005   0.001   0.001   0       0.004   0       0.001   0       0.002   0.001   0.001   
objective function: multinomial likelihood, with delta = 1e-011, N =
100 100 100 100 100 100 100 100 100 100 100 100 100 100 100 100 100 100 100 100 100 100 100 100 100 100 100 100 100 100 
100 100 100 100 100 100 100 100 100 100 100 100 100 100 100 100 100 100 100 100 100 100 100 100 100 100 100 100 100 100 
100 100 100 100 100 100 100 100 100 100 100 100 100 100 100 100 100 100 100 100 100 100 100 100 100 100 100 100 100 100 
100 100 100 100 100 100 100 100 100 100 100 100 100 100 100 100 100 100 100 100 100 100 100 100 100 100 100 100 100 100 
100 100 100 100 100 100 100 100 100 100 100 100 100 100 100 100 100 100 100 100 100 100 100 100 100 100 100 100 100 100 
100 100 100 100 100 100 100 100 100 100 100 100 100 100 100 100 100 100 100 100 100 100 100 100 100 100 100 100 100 100 
100 100 100 100 100 100 100 100 100 100 100 100 100 100 100 100 100 100 100 100 100 100 100 100 100 100 100 100 100 100 
100 100 100 100 100 100 100 100 100 100 100 100 100 100 100 100 100 100 100 100 100 100 100 100 100 100 100 100 100 100 
100 100 100 100 100 100 100 100 100 100 100 100 100 100 100 100 100 100 100 100 100 100 100 100 100 100 100 100 100 100 
100 100 100 100 100 100 100 100 100 100 100 100 100 100 100 100 100 100 100 100 100 100 100 100 100 100 100 100 100 100 
100 100 100 100 100 100 100 100 100 100 100 100 100 100 100 100 100 100 100 100 100 100 100 100 100 100 100 100 100 100 

Tags2005_R1_R1 :
tag-recapture data for tag Tags2005_R1 in years 2006 2007 2008 2009 2010 , step 1, after proportion 0.5 of mortality, with sampling method size, detection probability 1.
Year 2006
class scanned recaptured
100 0 0
150 0 0
200 0 0
250 0 0
300 8 0
350 126 0
400 1106 0
450 5450 0
500 16770 0.3
550 39170 1.3
600 79856 4
650 135378 8.3
700 176500 12.3
750 177670 13.8
800 144628 12.2
850 99886 8.7
900 62378 5.3
950 38784 3.2
1000 25650 2.1
1050 17828 1.5
1100 12630 1
1150 9036 0.6
1200 6526 0.4
1250 4764 0.3
1300 3510 0.2
1350 2590 0.1
1400 1884 0.1
1450 1330 0.1
1500 898 0
1550 574 0
1600 344 0
1650 192 0
1700 98 0
1750 46 0
1800 20 0
1850 8 0
1900 2 0
1950 0 0
2000 0 0


Year 2007
class scanned recaptured
100 0 0
150 0 0
200 0 0
250 0 0
300 8 0
350 98 0
400 904 0
450 5306 0
500 18888 0.1
550 43018 0.4
600 71974 1.6
650 105222 4.5
700 140908 8.7
750 160120 12.4
800 148226 13.3
850 114138 11.2
900 76332 7.6
950 47012 4.4
1000 28856 2.5
1050 18676 1.4
1100 12692 0.9
1150 8828 0.5
1200 6218 0.3
1250 4432 0.1
1300 3200 0
1350 2334 0
1400 1702 0
1450 1218 0
1500 840 0
1550 548 0
1600 336 0
1650 190 0
1700 100 0
1750 48 0
1800 20 0
1850 8 0
1900 2 0
1950 0 0
2000 0 0


Year 2008
class scanned recaptured
100 0 0
150 0 0
200 0 0
250 0 0
300 10 0
350 98 0
400 704 0
450 4184 0
500 17380 0
550 47056 0.1
600 84492 0.4
650 110032 1.2
700 121964 2.9
750 130518 5.2
800 131112 7
850 114750 7.3
900 86042 6.1
950 56782 4.3
1000 34728 2.7
1050 21090 1.7
1100 13390 1.2
1150 8910 0.8
1200 6092 0.5
1250 4234 0.3
1300 2992 0.1
1350 2146 0.1
1400 1552 0
1450 1114 0
1500 778 0
1550 518 0
1600 322 0
1650 186 0
1700 98 0
1750 48 0
1800 20 0
1850 8 0
1900 2 0
1950 0 0
2000 0 0


Year 2009
class scanned recaptured
100 0 0
150 0 0
200 0 0
250 0 0
300 12 0
350 122 0
400 708 0
450 3234 0
500 12788 0
550 38826 0
600 82866 0.2
650 123200 0.8
700 135246 2.1
750 125162 4.2
800 113278 6.4
850 102244 7.6
900 84942 7.3
950 62134 5.9
1000 40484 4
1050 24566 2.5
1100 14760 1.4
1150 9208 0.8
1200 6014 0.4
1250 4054 0.2
1300 2794 0.1
1350 1962 0
1400 1400 0
1450 1000 0
1500 702 0
1550 472 0
1600 298 0
1650 176 0
1700 94 0
1750 46 0
1800 20 0
1850 8 0
1900 2 0
1950 0 0
2000 0 0


Year 2010
class scanned recaptured
100 0 0
150 0 0
200 0 0
250 0 0
300 12 0
350 146 0
400 926 0
450 3582 0
500 10662 0
550 28270 0
600 63308 0.1
650 108562 0.2
700 137902 0.8
750 134804 1.9
800 113300 3.6
850 93788 5.4
900 78900 6.2
950 62764 5.9
1000 44824 4.6
1050 28816 3
1100 17334 1.7
1150 10306 0.9
1200 6336 0.4
1250 4078 0.2
1300 2726 0.1
1350 1876 0
1400 1316 0
1450 932 0
1500 652 0
1550 440 0
1600 280 0
1650 166 0
1700 90 0
1750 44 0
1800 20 0
1850 8 0
1900 2 0
1950 0 0
2000 0 0


Tags2006_R1_R1 :
tag-recapture data for tag Tags2006_R1 in years 2007 2008 2009 2010 , step 1, after proportion 0.5 of mortality, with sampling method size, detection probability 1.
Year 2007
class scanned recaptured
100 0 0
150 0 0
200 0 0
250 0 0
300 8 0
350 98 0
400 904 0
450 5306 0
500 18888 0.1
550 43018 0.7
600 71974 2.7
650 105222 6.8
700 140908 11.7
750 160120 14.7
800 148226 14.2
850 114138 11.2
900 76332 7.5
950 47012 4.4
1000 28856 2.4
1050 18676 1.3
1100 12692 0.7
1150 8828 0.3
1200 6218 0.2
1250 4432 0.1
1300 3200 0
1350 2334 0
1400 1702 0
1450 1218 0
1500 840 0
1550 548 0
1600 336 0
1650 190 0
1700 100 0
1750 48 0
1800 20 0
1850 8 0
1900 2 0
1950 0 0
2000 0 0


Year 2008
class scanned recaptured
100 0 0
150 0 0
200 0 0
250 0 0
300 10 0
350 98 0
400 704 0
450 4184 0
500 17380 0.1
550 47056 0.5
600 84492 1.4
650 110032 3.2
700 121964 6
750 130518 9.3
800 131112 11.8
850 114750 12
900 86042 10
950 56782 6.9
1000 34728 4.1
1050 21090 2.4
1100 13390 1.4
1150 8910 0.9
1200 6092 0.5
1250 4234 0.3
1300 2992 0.2
1350 2146 0.2
1400 1552 0.2
1450 1114 0.1
1500 778 0.1
1550 518 0.1
1600 322 0.1
1650 186 0
1700 98 0
1750 48 0
1800 20 0
1850 8 0
1900 2 0
1950 0 0
2000 0 0


Year 2009
class scanned recaptured
100 0 0
150 0 0
200 0 0
250 0 0
300 12 0
350 122 0
400 708 0
450 3234 0
500 12788 0.1
550 38826 0.4
600 82866 0.9
650 123200 1.8
700 135246 3.6
750 125162 6.1
800 113278 8.4
850 102244 9
900 84942 7.8
950 62134 5.5
1000 40484 3.3
1050 24566 1.8
1100 14760 1.1
1150 9208 0.7
1200 6014 0.5
1250 4054 0.4
1300 2794 0.3
1350 1962 0.2
1400 1400 0.1
1450 1000 0
1500 702 0
1550 472 0
1600 298 0
1650 176 0
1700 94 0
1750 46 0
1800 20 0
1850 8 0
1900 2 0
1950 0 0
2000 0 0


Year 2010
class scanned recaptured
100 0 0
150 0 0
200 0 0
250 0 0
300 12 0
350 146 0
400 926 0
450 3582 0
500 10662 0
550 28270 0.2
600 63308 0.5
650 108562 0.9
700 137902 1.5
750 134804 2.5
800 113300 3.6
850 93788 4.5
900 78900 4.7
950 62764 4.1
1000 44824 3
1050 28816 1.8
1100 17334 1
1150 10306 0.4
1200 6336 0.2
1250 4078 0
1300 2726 0
1350 1876 0
1400 1316 0
1450 932 0
1500 652 0
1550 440 0
1600 280 0
1650 166 0
1700 90 0
1750 44 0
1800 20 0
1850 8 0
1900 2 0
1950 0 0
2000 0 0


Tags2007_R1_R1 :
tag-recapture data for tag Tags2007_R1 in years 2008 2009 2010 , step 1, after proportion 0.5 of mortality, with sampling method size, detection probability 1.
Year 2008
class scanned recaptured
100 0 0
150 0 0
200 0 0
250 0 0
300 10 0
350 98 0
400 704 0
450 4184 0.1
500 17380 0.5
550 47056 1.5
600 84492 3.4
650 110032 6.1
700 121964 9.7
750 130518 13.5
800 131112 15.3
850 114750 13.9
900 86042 10.5
950 56782 6.9
1000 34728 4
1050 21090 2.3
1100 13390 1.2
1150 8910 0.6
1200 6092 0.3
1250 4234 0.1
1300 2992 0
1350 2146 0
1400 1552 0
1450 1114 0
1500 778 0
1550 518 0
1600 322 0
1650 186 0
1700 98 0
1750 48 0
1800 20 0
1850 8 0
1900 2 0
1950 0 0
2000 0 0


Year 2009
class scanned recaptured
100 0 0
150 0 0
200 0 0
250 0 0
300 12 0
350 122 0
400 708 0
450 3234 0
500 12788 0.1
550 38826 0.5
600 82866 1.5
650 123200 3.1
700 135246 5
750 125162 6.9
800 113278 8.3
850 102244 8.4
900 84942 7.3
950 62134 5.5
1000 40484 3.9
1050 24566 2.7
1100 14760 1.9
1150 9208 1.2
1200 6014 0.7
1250 4054 0.4
1300 2794 0.2
1350 1962 0.1
1400 1400 0
1450 1000 0
1500 702 0
1550 472 0
1600 298 0
1650 176 0
1700 94 0
1750 46 0
1800 20 0
1850 8 0
1900 2 0
1950 0 0
2000 0 0


Year 2010
class scanned recaptured
100 0 0
150 0 0
200 0 0
250 0 0
300 12 0
350 146 0
400 926 0
450 3582 0
500 10662 0
550 28270 0.2
600 63308 0.9
650 108562 2.1
700 137902 3.9
750 134804 6
800 113300 7.8
850 93788 8.6
900 78900 7.9
950 62764 6.1
1000 44824 4.1
1050 28816 2.4
1100 17334 1.3
1150 10306 0.7
1200 6336 0.4
1250 4078 0.2
1300 2726 0.1
1350 1876 0
1400 1316 0
1450 932 0
1500 652 0
1550 440 0
1600 280 0
1650 166 0
1700 90 0
1750 44 0
1800 20 0
1850 8 0
1900 2 0
1950 0 0
2000 0 0


Tags2008_R1_R1 :
tag-recapture data for tag Tags2008_R1 in years 2009 2010 , step 1, after proportion 0.5 of mortality, with sampling method size, detection probability 1.
Year 2009
class scanned recaptured
100 0 0
150 0 0
200 0 0
250 0 0
300 12 0
350 122 0
400 708 0
450 3234 0
500 12788 0.2
550 38826 1
600 82866 2.9
650 123200 5.7
700 135246 8.2
750 125162 9.8
800 113278 10.7
850 102244 10.8
900 84942 9.5
950 62134 7
1000 40484 4.3
1050 24566 2.3
1100 14760 1.1
1150 9208 0.6
1200 6014 0.4
1250 4054 0.3
1300 2794 0.2
1350 1962 0.1
1400 1400 0
1450 1000 0
1500 702 0
1550 472 0
1600 298 0
1650 176 0
1700 94 0
1750 46 0
1800 20 0
1850 8 0
1900 2 0
1950 0 0
2000 0 0


Year 2010
class scanned recaptured
100 0 0
150 0 0
200 0 0
250 0 0
300 12 0
350 146 0
400 926 0
450 3582 0
500 10662 0.1
550 28270 0.3
600 63308 1.1
650 108562 2.5
700 137902 4
750 134804 5
800 113300 5.5
850 93788 5.5
900 78900 4.9
950 62764 3.8
1000 44824 2.6
1050 28816 1.7
1100 17334 1.1
1150 10306 0.8
1200 6336 0.7
1250 4078 0.5
1300 2726 0.4
1350 1876 0.2
1400 1316 0.1
1450 932 0.1
1500 652 0
1550 440 0
1600 280 0
1650 166 0
1700 90 0
1750 44 0
1800 20 0
1850 8 0
1900 2 0
1950 0 0
2000 0 0


Tags2009_R1_R1 :
tag-recapture data for tag Tags2009_R1 in years 2010 , step 1, after proportion 0.5 of mortality, with sampling method size, detection probability 1.
Year 2010
class scanned recaptured
100 0 0
150 0 0
200 0 0
250 0 0
300 12 0
350 146 0
400 926 0
450 3582 0
500 10662 0.2
550 28270 1
600 63308 3.3
650 108562 7
700 137902 10.2
750 134804 11.1
800 113300 10.1
850 93788 8.9
900 78900 7.7
950 62764 6.2
1000 44824 4.4
1050 28816 2.8
1100 17334 1.6
1150 10306 0.8
1200 6336 0.4
1250 4078 0.2
1300 2726 0.1
1350 1876 0
1400 1316 0
1450 932 0
1500 652 0
1550 440 0
1600 280 0
1650 166 0
1700 90 0
1750 44 0
1800 20 0
1850 8 0
1900 2 0
1950 0 0
2000 0 0



Ageing_error:
  Misclassification matrix:
1 0 0 0 0 0 0 0 0 0 0 0 0 0 0 0 0 0 0 0 0 0 0 0 0 0 0 0 0 0 
0 1 0 0 0 0 0 0 0 0 0 0 0 0 0 0 0 0 0 0 0 0 0 0 0 0 0 0 0 0 
0 0 1 0 0 0 0 0 0 0 0 0 0 0 0 0 0 0 0 0 0 0 0 0 0 0 0 0 0 0 
0 0 0 1 0 0 0 0 0 0 0 0 0 0 0 0 0 0 0 0 0 0 0 0 0 0 0 0 0 0 
0 0 0 0 1 0 0 0 0 0 0 0 0 0 0 0 0 0 0 0 0 0 0 0 0 0 0 0 0 0 
0 0 0 0 0 1 0 0 0 0 0 0 0 0 0 0 0 0 0 0 0 0 0 0 0 0 0 0 0 0 
0 0 0 0 0 0 1 0 0 0 0 0 0 0 0 0 0 0 0 0 0 0 0 0 0 0 0 0 0 0 
0 0 0 0 0 0 0 1 0 0 0 0 0 0 0 0 0 0 0 0 0 0 0 0 0 0 0 0 0 0 
0 0 0 0 0 0 0 0 1 0 0 0 0 0 0 0 0 0 0 0 0 0 0 0 0 0 0 0 0 0 
0 0 0 0 0 0 0 0 0 1 0 0 0 0 0 0 0 0 0 0 0 0 0 0 0 0 0 0 0 0 
0 0 0 0 0 0 0 0 0 0 1 0 0 0 0 0 0 0 0 0 0 0 0 0 0 0 0 0 0 0 
0 0 0 0 0 0 0 0 0 0 0 1 0 0 0 0 0 0 0 0 0 0 0 0 0 0 0 0 0 0 
0 0 0 0 0 0 0 0 0 0 0 0 1 0 0 0 0 0 0 0 0 0 0 0 0 0 0 0 0 0 
0 0 0 0 0 0 0 0 0 0 0 0 0 1 0 0 0 0 0 0 0 0 0 0 0 0 0 0 0 0 
0 0 0 0 0 0 0 0 0 0 0 0 0 0 1 0 0 0 0 0 0 0 0 0 0 0 0 0 0 0 
0 0 0 0 0 0 0 0 0 0 0 0 0 0 0 1 0 0 0 0 0 0 0 0 0 0 0 0 0 0 
0 0 0 0 0 0 0 0 0 0 0 0 0 0 0 0 1 0 0 0 0 0 0 0 0 0 0 0 0 0 
0 0 0 0 0 0 0 0 0 0 0 0 0 0 0 0 0 1 0 0 0 0 0 0 0 0 0 0 0 0 
0 0 0 0 0 0 0 0 0 0 0 0 0 0 0 0 0 0 1 0 0 0 0 0 0 0 0 0 0 0 
0 0 0 0 0 0 0 0 0 0 0 0 0 0 0 0 0 0 0 1 0 0 0 0 0 0 0 0 0 0 
0 0 0 0 0 0 0 0 0 0 0 0 0 0 0 0 0 0 0 0 1 0 0 0 0 0 0 0 0 0 
0 0 0 0 0 0 0 0 0 0 0 0 0 0 0 0 0 0 0 0 0 1 0 0 0 0 0 0 0 0 
0 0 0 0 0 0 0 0 0 0 0 0 0 0 0 0 0 0 0 0 0 0 1 0 0 0 0 0 0 0 
0 0 0 0 0 0 0 0 0 0 0 0 0 0 0 0 0 0 0 0 0 0 0 1 0 0 0 0 0 0 
0 0 0 0 0 0 0 0 0 0 0 0 0 0 0 0 0 0 0 0 0 0 0 0 1 0 0 0 0 0 
0 0 0 0 0 0 0 0 0 0 0 0 0 0 0 0 0 0 0 0 0 0 0 0 0 1 0 0 0 0 
0 0 0 0 0 0 0 0 0 0 0 0 0 0 0 0 0 0 0 0 0 0 0 0 0 0 1 0 0 0 
0 0 0 0 0 0 0 0 0 0 0 0 0 0 0 0 0 0 0 0 0 0 0 0 0 0 0 1 0 0 
0 0 0 0 0 0 0 0 0 0 0 0 0 0 0 0 0 0 0 0 0 0 0 0 0 0 0 0 1 0 
0 0 0 0 0 0 0 0 0 0 0 0 0 0 0 0 0 0 0 0 0 0 0 0 0 0 0 0 0 1 

Free parameters:

initialization.B0
uniform: bounds from 5000 to 500000
current value: 207452
lower bound: 5000
upper bound: 500000


Q's:
qs are nuisance parameters

Penalties:
LL_Penalty :
Catch limit penalty of 1000 x the sum of squares of (log(actual catch) - log(specified catch)) for fishery LL to disencourage breaking exploitation rate limits
meanYCS_1 :
Vector average penalty of 100 x square of (mean(recruitment.YCS) - 1) 
Penalty_Tags2005_R1_LL :
'Fish-must-be-tagged' penalty of 1 x square of (actual number of tagged fish - nominal number of tagged fish) for tagging episode Tags2005_R1_LL
Penalty_Tags2006_R1_LL :
'Fish-must-be-tagged' penalty of 1 x square of (actual number of tagged fish - nominal number of tagged fish) for tagging episode Tags2006_R1_LL
Penalty_Tags2007_R1_LL :
'Fish-must-be-tagged' penalty of 1 x square of (actual number of tagged fish - nominal number of tagged fish) for tagging episode Tags2007_R1_LL
Penalty_Tags2008_R1_LL :
'Fish-must-be-tagged' penalty of 1 x square of (actual number of tagged fish - nominal number of tagged fish) for tagging episode Tags2008_R1_LL
Penalty_Tags2009_R1_LL :
'Fish-must-be-tagged' penalty of 1 x square of (actual number of tagged fish - nominal number of tagged fish) for tagging episode Tags2009_R1_LL

Components of the objective function are:
  LL_catchA
  Tags2005_R1_R1
  Tags2006_R1_R1
  Tags2007_R1_R1
  Tags2008_R1_R1
  Tags2009_R1_R1
  prior_on_initialization.B0
  LL_Penalty
  meanYCS_1
  Penalty_Tags2005_R1_LL
  Penalty_Tags2006_R1_LL
  Penalty_Tags2007_R1_LL
  Penalty_Tags2008_R1_LL
  Penalty_Tags2009_R1_LL

Random number seed : 18884


Minimiser achieved convergence after 3 quasi-Newton iterations using 4 objective function evaluations



Approximate Covariance matrix (Inverse Hessian of parameters at point estimate):
3.36357e+007 

Correlation matrix:
1 

List of parameter names, in the same order as the rows & cols of the covariance/correlation matrices:
initialization.B0 



Start extracting output from here

Point estimate:
initialization.B0
current value: 202246
lower bound: 5000
upper bound: 500000


In a format suitable for -i :

initialization.B0 
202246 

Objective function : 901.143

Components :
LL_catchA                                          543.139
Tags2005_R1_R1                                     107.242
Tags2006_R1_R1                                     94.5411
Tags2007_R1_R1                                     75.3402
Tags2008_R1_R1                                     54.0718
Tags2009_R1_R1                                     26.808
prior_on_initialization.B0                         0
LL_Penalty                                         0
meanYCS_1                                          0
Penalty_Tags2005_R1_LL                             8.27181e-025
Penalty_Tags2006_R1_LL                             2.06795e-025
Penalty_Tags2007_R1_LL                             2.06795e-025
Penalty_Tags2008_R1_LL                             2.06795e-025
Penalty_Tags2009_R1_LL                             1.86116e-024

Fits : 

The observations are:
LL_catchA
Tags2005_R1_R1
Tags2006_R1_R1
Tags2007_R1_R1
Tags2008_R1_R1
Tags2009_R1_R1
Fits follow:

LL_catchA :
catch proportions-at-age for fishery LL  with ageing error (constrained to sum to 1):
obs (last class is a plus group):
class 1       2       3       4       5       6       7       8       9       10      11      12      13      14      15      16      17      18      19      20      21      22      23      24      25      26      27      28      29      30      
2000 0       0       0       0       0.017   0.02    0.032   0.112   0.181   0.112   0.055   0.121   0.069   0.053   0.015   0.045   0.033   0.038   0.022   0.02    0.022   0.006   0.004   0.007   0.009   0.001   0.004   0.001   0       0.001   
2001 0       0       0       0       0.003   0.065   0.062   0.056   0.148   0.168   0.101   0.04    0.096   0.058   0.036   0.02    0.025   0.011   0.029   0.017   0.02    0.016   0.008   0.005   0.004   0.004   0       0.001   0.001   0.006   
2002 0       0       0       0.002   0.01    0.017   0.183   0.107   0.067   0.139   0.126   0.053   0.047   0.068   0.033   0.027   0.008   0.02    0.018   0.024   0.008   0.009   0.018   0.005   0.002   0.002   0.002   0       0       0.005   
2003 0       0       0       0       0.002   0.04    0.029   0.342   0.115   0.056   0.092   0.085   0.048   0.025   0.044   0.028   0.018   0.007   0.01    0.009   0.012   0.009   0.006   0.003   0.001   0.006   0.003   0.003   0.002   0.005   
2004 0       0       0       0.002   0.003   0.005   0.091   0.065   0.426   0.101   0.047   0.059   0.066   0.022   0.017   0.032   0.022   0.008   0.002   0.003   0.005   0.005   0.007   0.003   0.005   0       0.001   0.001   0.001   0.001   
2005 0       0       0       0       0.007   0.003   0.014   0.2     0.07    0.357   0.103   0.049   0.051   0.047   0.016   0.008   0.018   0.015   0.007   0.004   0.009   0.005   0.004   0.004   0       0.005   0       0       0.001   0.003   
2006 0       0       0       0.001   0.004   0.027   0.015   0.041   0.267   0.089   0.319   0.075   0.026   0.035   0.022   0.021   0.012   0.013   0.01    0.006   0.003   0.002   0.001   0.002   0       0.004   0.003   0       0.001   0.001   
2007 0       0       0       0       0.003   0.014   0.095   0.034   0.057   0.257   0.072   0.268   0.06    0.02    0.023   0.028   0.009   0.009   0.014   0.007   0.011   0.002   0.004   0.004   0.002   0.001   0.002   0.002   0.001   0.001   
2008 0       0       0       0       0       0.01    0.072   0.168   0.042   0.05    0.252   0.061   0.191   0.049   0.017   0.021   0.022   0.009   0.006   0.003   0.007   0.001   0.001   0.002   0.002   0.005   0.003   0.003   0.001   0.002   
2009 0       0       0       0.001   0.007   0.004   0.027   0.126   0.238   0.048   0.06    0.176   0.05    0.156   0.036   0.009   0.019   0.013   0.003   0.005   0.008   0.001   0.003   0.001   0.004   0.003   0.002   0       0       0       
2010 0       0       0.001   0       0.005   0.009   0.019   0.055   0.198   0.23    0.03    0.039   0.163   0.039   0.135   0.03    0.011   0.011   0.009   0.005   0.001   0.001   0       0.004   0       0.001   0       0.002   0.001   0.001   
fits (last class is a plus group):
class 1       2       3       4       5       6       7       8       9       10      11      12      13      14      15      16      17      18      19      20      21      22      23      24      25      26      27      28      29      30      
2000 4.81807e-007 7.87355e-006 9.09781e-005 0.000743269 0.00429289 0.0175213 0.0504577 0.102125 0.144447 0.142487 0.116493 0.09402 0.0749553 0.0590631 0.0460372 0.0355545 0.027302 0.0209459 0.0160813 0.0122766 0.00926428 0.00690634 0.00508286 0.00369081 0.00264266 0.00186486 0.00129646 0.000887634 0.000598379 0.00286305 
2001 4.8301e-007 7.89311e-006 9.12075e-005 0.00074521 0.00430469 0.0175726 0.0506146 0.102455 0.14491 0.142908 0.116943 0.0943204 0.0751407 0.0591612 0.0460612 0.0354883 0.0270996 0.0205801 0.0156168 0.0118595 0.00895483 0.00668302 0.00492625 0.0035842 0.00257228 0.00181987 0.00126864 0.000871039 0.000588846 0.00285075 
2002 4.83983e-007 7.90865e-006 9.1386e-005 0.000746696 0.00431366 0.0176115 0.0507347 0.10271 0.145271 0.143237 0.117175 0.0945933 0.0753088 0.0592518 0.0460953 0.035475 0.0270257 0.0204104 0.0153317 0.011508 0.00864418 0.00645518 0.00476369 0.00347148 0.00249639 0.00177031 0.00123729 0.000851855 0.000577507 0.00283236 
2003 4.84809e-007 7.9216e-006 9.15313e-005 0.000747874 0.00432062 0.0176415 0.0508268 0.102907 0.14555 0.143493 0.117355 0.0947085 0.0754696 0.0593403 0.0461324 0.0354763 0.0269972 0.0203415 0.0151958 0.0112912 0.00838322 0.00622787 0.00459891 0.00335527 0.00241673 0.0017173 0.00120307 0.000830449 0.000564552 0.00280803 
2004 4.8555e-007 7.93304e-006 9.16571e-005 0.000748867 0.00432631 0.0176652 0.0508987 0.103059 0.145766 0.14369 0.117493 0.0947964 0.0755162 0.059432 0.0461749 0.0354853 0.0269839 0.0203098 0.0151372 0.011186 0.00822172 0.00603739 0.00443525 0.00323801 0.00233501 0.00166194 0.00116667 0.000807229 0.000550202 0.00277789 
2005 4.8625e-007 7.94373e-006 9.1773e-005 0.000749762 0.00433127 0.0176852 0.0509573 0.10318 0.145933 0.143839 0.117596 0.0948617 0.07555 0.0594408 0.0462253 0.0355024 0.0269794 0.0202917 0.0151079 0.011139 0.00814243 0.00591925 0.00429835 0.00312193 0.00225284 0.00160536 0.0011288 0.000782633 0.000534706 0.00274211 
2006 4.86945e-007 7.95429e-006 9.18865e-005 0.000750626 0.00433596 0.0177035 0.0510083 0.103281 0.146067 0.143953 0.117671 0.0949068 0.075572 0.0594445 0.0462149 0.0355285 0.0269834 0.020282 0.01509 0.0111144 0.0081061 0.00586079 0.00421333 0.00302497 0.00217167 0.0015486 0.0010902 0.000757119 0.000518339 0.00270094 
2007 4.8765e-007 7.96497e-006 9.20006e-005 0.000751488 0.00434057 0.017721 0.0510557 0.10337 0.146179 0.144042 0.117724 0.0949345 0.0755823 0.0594421 0.0462031 0.0355098 0.0269955 0.0202795 0.015079 0.0110987 0.0080865 0.0058335 0.00417097 0.00296464 0.0021039 0.0014926 0.00105151 0.000731137 0.000501385 0.00265466 
2008 4.88377e-007 7.97597e-006 9.21179e-005 0.000752371 0.00434526 0.0177387 0.0511021 0.103454 0.146278 0.144114 0.117761 0.094948 0.0755816 0.0594328 0.0461882 0.0354912 0.0269744 0.0202838 0.0150739 0.0110883 0.00807356 0.00581841 0.00415091 0.00293443 0.00206169 0.00144585 0.00101338 0.000705125 0.000484134 0.00260368 
2009 4.89128e-007 7.98736e-006 9.22395e-005 0.000753284 0.0043501 0.0177567 0.0511491 0.103538 0.146372 0.144176 0.117786 0.0949508 0.0755714 0.0594162 0.0461689 0.0354709 0.0269539 0.0202635 0.015074 0.0110824 0.00806464 0.0058082 0.00413959 0.00291994 0.00204043 0.00141669 0.000981548 0.000679492 0.000466871 0.0025485 
2010 4.89906e-007 7.99917e-006 9.23656e-005 0.000754232 0.00435511 0.0177753 0.0511974 0.103622 0.146466 0.144234 0.117805 0.0949455 0.0755534 0.0593926 0.0461443 0.0354475 0.0269324 0.0202438 0.0150559 0.0110805 0.00805904 0.0058009 0.00413175 0.00291161 0.00203013 0.00140194 0.000961657 0.000658089 0.000449862 0.00248973 
resids (last class is a plus group):
class 1       2       3       4       5       6       7       8       9       10      11      12      13      14      15      16      17      18      19      20      21      22      23      24      25      26      27      28      29      30      
2000 -4.81807e-007 -7.87355e-006 -9.09781e-005 -0.000743269 0.0127071 0.00247869 -0.0184577 0.00987544 0.0365528 -0.0304869 -0.0614934 0.02698 -0.00595533 -0.00606313 -0.0310372 0.00944545 0.00569797 0.0170541 0.00591868 0.00772339 0.0127357 -0.000906336 -0.00108286 0.00330919 0.00635734 -0.000864864 0.00270354 0.000112366 -0.000598379 -0.00186305 
2001 -4.8301e-007 -7.89311e-006 -9.12075e-005 -0.00074521 -0.00130469 0.0474274 0.0113854 -0.046455 0.00309024 0.0250922 -0.0159432 -0.0543204 0.0208593 -0.00116123 -0.0100612 -0.0154883 -0.00209959 -0.00958012 0.0133832 0.00514047 0.0110452 0.00931698 0.00307375 0.0014158 0.00142772 0.00218013 -0.00126864 0.000128961 0.000411154 0.00314925 
2002 -4.83983e-007 -7.90865e-006 -9.1386e-005 0.0012533 0.00568634 -0.000611535 0.132265 0.00428966 -0.0782707 -0.00423717 0.00882488 -0.0415933 -0.0283088 0.00874822 -0.0130953 -0.00847504 -0.0190257 -0.000410434 0.0026683 0.012492 -0.000644177 0.00254482 0.0132363 0.00152852 -0.000496387 0.000229688 0.000762707 -0.000851855 -0.000577507 0.00216764 
2003 -4.84809e-007 -7.9216e-006 -9.15313e-005 -0.000747874 -0.00232062 0.0223585 -0.0218268 0.239093 -0.03055 -0.087493 -0.0253551 -0.0097085 -0.0274696 -0.0343403 -0.00213243 -0.00747635 -0.00899723 -0.0133415 -0.0051958 -0.00229123 0.00361678 0.00277213 0.00140109 -0.000355266 -0.00141673 0.0042827 0.00179693 0.00216955 0.00143545 0.00219197 
2004 -4.8555e-007 -7.93304e-006 -9.16571e-005 0.00125113 -0.00132631 -0.0126652 0.0401013 -0.0380594 0.280234 -0.0426896 -0.0704931 -0.0357964 -0.00951619 -0.037432 -0.0291749 -0.0034853 -0.00498391 -0.0123098 -0.0131372 -0.00818603 -0.00322172 -0.00103739 0.00256475 -0.000238015 0.00266499 -0.00166194 -0.000166667 0.000192771 0.000449798 -0.00177789 
2005 -4.8625e-007 -7.94373e-006 -9.1773e-005 -0.000749762 0.00266873 -0.0146852 -0.0369573 0.0968196 -0.0759333 0.213161 -0.0145965 -0.0458617 -0.02455 -0.0124408 -0.0302253 -0.0275024 -0.00897943 -0.00529173 -0.00810793 -0.00713895 0.00085757 -0.000919249 -0.00029835 0.000878067 -0.00225284 0.00339464 -0.0011288 -0.000782633 0.000465294 0.00025789 
2006 -4.86945e-007 -7.95429e-006 -9.18865e-005 0.000249374 -0.000335955 0.00929652 -0.0360083 -0.0622813 0.120933 -0.0549532 0.201329 -0.0199068 -0.049572 -0.0244445 -0.0242149 -0.0145285 -0.0149834 -0.00728195 -0.00509003 -0.00511438 -0.0051061 -0.00386079 -0.00321333 -0.00102497 -0.00217167 0.0024514 0.0019098 -0.000757119 0.000481661 -0.00170094 
2007 -4.8765e-007 -7.96497e-006 -9.20006e-005 -0.000751488 -0.00134057 -0.00372104 0.0439443 -0.0693704 -0.0891791 0.112958 -0.0457238 0.173066 -0.0155823 -0.0394421 -0.0232031 -0.00750983 -0.0179955 -0.0112795 -0.001079 -0.00409865 0.0029135 -0.0038335 -0.00017097 0.00103536 -0.000103903 -0.000492597 0.000948486 0.00126886 0.000498615 -0.00165466 
2008 -4.88377e-007 -7.97597e-006 -9.21179e-005 -0.000752371 -0.00434526 -0.00773865 0.0208979 0.0645455 -0.104278 -0.0941142 0.134239 -0.033948 0.115418 -0.0104328 -0.0291882 -0.0144912 -0.00497443 -0.0112838 -0.00907385 -0.00808829 -0.00107356 -0.00481841 -0.00315091 -0.000934429 -6.16855e-005 0.00355415 0.00198662 0.00229488 0.000515866 -0.000603676 
2009 -4.89128e-007 -7.98736e-006 -9.22395e-005 0.000246716 0.0026499 -0.0137567 -0.0241491 0.0224625 0.0916277 -0.0961764 -0.057786 0.0810492 -0.0255714 0.0965838 -0.0101689 -0.0264709 -0.0079539 -0.00726349 -0.012074 -0.00608243 -6.46431e-005 -0.0048082 -0.00113959 -0.00191994 0.00195957 0.00158331 0.00101845 -0.000679492 -0.000466871 -0.0025485 
2010 -4.89906e-007 -7.99917e-006 0.000907634 -0.000754232 0.000644887 -0.00877532 -0.0321974 -0.0486219 0.0515344 0.0857656 -0.0878046 -0.0559455 0.0874466 -0.0203926 0.0888557 -0.00544751 -0.0159324 -0.00924376 -0.00605592 -0.0060805 -0.00705904 -0.0048009 -0.00413175 0.00108839 -0.00203013 -0.000401938 -0.000961657 0.00134191 0.000550138 -0.00148973 
pearson_resids (last class is a plus group):
class 1       2       3       4       5       6       7       8       9       10      11      12      13      14      15      16      17      18      19      20      21      22      23      24      25      26      27      28      29      30      
2000 -0.00694123 -0.02806 -0.0953868 -0.272731 1.9436  0.18892 -0.84325 0.326125 1.03978 -0.87218 -1.91678 0.924427 -0.226164 -0.257192 -1.48103 0.510078 0.34965 1.1909  0.470526 0.701376 1.32935 -0.109439 -0.152273 0.545711 1.23831 -0.200461 0.751339 0.0377322 -0.244691 -0.348685 
2001 -0.00694989 -0.0280948 -0.095507 -0.273087 -0.199285 3.60962 0.519383 -1.53193 0.0877885 0.716964 -0.496127 -1.85854 0.791271 -0.04922 -0.47998 -0.837159 -0.129306 -0.674781 1.0794  0.474853 1.17246 1.14352 0.439018 0.236911 0.281866 0.511514 -0.356406 0.0437148 0.169485 0.590675 
2002 -0.00695689 -0.0281224 -0.0956004 0.458825 0.867658 -0.0464923 6.02698 0.141302 -2.22124 -0.120953 0.274381 -1.42125 -1.07275 0.370538 -0.624505 -0.458167 -1.17328 -0.0290265 0.217167 1.17123 -0.0695871 0.317767 1.92235 0.259878 -0.0994734 0.0546385 0.216965 -0.29199 -0.240383 0.407876 
2003 -0.00696283 -0.0281454 -0.0956764 -0.273575 -0.353811 1.6984  -0.993735 7.86911 -0.866288 -2.4957 -0.787809 -0.331561 -1.03993 -1.45349 -0.101655 -0.404169 -0.555127 -0.945095 -0.424733 -0.216852 0.396684 0.352371 0.20708 -0.0614355 -0.288535 1.03435 0.518379 0.753171 0.604307 0.414232 
2004 -0.00696814 -0.0281658 -0.0957421 0.457366 -0.202082 -0.961444 1.82452 -1.2518 7.94155 -1.21701 -2.18918 -1.222  -0.360158 -1.58321 -1.39018 -0.188391 -0.30758 -0.872678 -1.07595 -0.778356 -0.356779 -0.133916 0.385968 -0.0418956 0.552152 -0.408009 -0.0488235 0.0678763 0.191812 -0.337794 
2005 -0.00697316 -0.0281847 -0.0958026 -0.27392 0.406387 -1.11417 -1.68056 3.18282 -2.15085 6.07422 -0.453125 -1.56512 -0.928951 -0.526155 -1.43949 -1.48625 -0.554206 -0.375309 -0.664681 -0.680212 0.0954263 -0.119837 -0.0456048 0.157397 -0.475176 0.847923 -0.336167 -0.279865 0.201274 0.0493161 
2006 -0.00697815 -0.0282035 -0.0958618 0.0910549 -0.0511308 0.704969 -1.63663 -2.04653 3.42418 -1.56543 6.24821 -0.679212 -1.87551 -1.03379 -1.15337 -0.784854 -0.924702 -0.516586 -0.41752 -0.48784 -0.569444 -0.505795 -0.496089 -0.186641 -0.466519 0.623422 0.578726 -0.275262 0.211615 -0.327731 
2007 -0.0069832 -0.0282224 -0.0959214 -0.274236 -0.203921 -0.282034 1.99646 -2.27861 -2.52428 3.21696 -1.41876 5.90417 -0.589505 -1.66809 -1.10531 -0.405795 -1.11035 -0.800221 -0.0885393 -0.391228 0.32531 -0.503386 -0.0265282 0.190435 -0.0226763 -0.127598 0.292652 0.469434 0.222735 -0.321574 
2008 -0.0069884 -0.0282419 -0.0959825 -0.274397 -0.660623 -0.586262 0.949013 2.11936 -2.95084 -2.67975 4.16473 -1.15807 4.36649 -0.441259 -1.39063 -0.783231 -0.307047 -0.800442 -0.744694 -0.772406 -0.119965 -0.633533 -0.490081 -0.172752 -0.0135994 0.93538 0.624379 0.864528 0.234509 -0.118461 
2009 -0.00699377 -0.028262 -0.0960458 0.0899252 0.402649 -1.04165 -1.09618 0.737297 2.59217 -2.73797 -1.79262 2.7648  -0.967473 4.08558 -0.484577 -1.43112 -0.491137 -0.515506 -0.990911 -0.581005 -0.00722749 -0.632742 -0.177488 -0.355825 0.434252 0.420957 0.325236 -0.260759 -0.216122 -0.505471 
2010 -0.00699933 -0.0282829 0.944443 -0.274736 0.0979336 -0.664124 -1.46086 -1.59537 1.45753 2.44119 -2.72366 -1.90849 3.30884 -0.862784 4.23531 -0.294606 -0.984173 -0.656363 -0.497303 -0.580871 -0.789516 -0.632176 -0.644119 0.202   -0.451028 -0.107424 -0.310255 0.523268 0.259436 -0.298932 
objective function: multinomial likelihood, with delta = 1e-011, N =
100 100 100 100 100 100 100 100 100 100 100 100 100 100 100 100 100 100 100 100 100 100 100 100 100 100 100 100 100 100 
100 100 100 100 100 100 100 100 100 100 100 100 100 100 100 100 100 100 100 100 100 100 100 100 100 100 100 100 100 100 
100 100 100 100 100 100 100 100 100 100 100 100 100 100 100 100 100 100 100 100 100 100 100 100 100 100 100 100 100 100 
100 100 100 100 100 100 100 100 100 100 100 100 100 100 100 100 100 100 100 100 100 100 100 100 100 100 100 100 100 100 
100 100 100 100 100 100 100 100 100 100 100 100 100 100 100 100 100 100 100 100 100 100 100 100 100 100 100 100 100 100 
100 100 100 100 100 100 100 100 100 100 100 100 100 100 100 100 100 100 100 100 100 100 100 100 100 100 100 100 100 100 
100 100 100 100 100 100 100 100 100 100 100 100 100 100 100 100 100 100 100 100 100 100 100 100 100 100 100 100 100 100 
100 100 100 100 100 100 100 100 100 100 100 100 100 100 100 100 100 100 100 100 100 100 100 100 100 100 100 100 100 100 
100 100 100 100 100 100 100 100 100 100 100 100 100 100 100 100 100 100 100 100 100 100 100 100 100 100 100 100 100 100 
100 100 100 100 100 100 100 100 100 100 100 100 100 100 100 100 100 100 100 100 100 100 100 100 100 100 100 100 100 100 
100 100 100 100 100 100 100 100 100 100 100 100 100 100 100 100 100 100 100 100 100 100 100 100 100 100 100 100 100 100 

Tags2005_R1_R1 :
tag-recapture data for tag Tags2005_R1 in years 2006 2007 2008 2009 2010 , step 1, after proportion 0.5 of mortality, with sampling method size, detection probability 1.
Year 2006
class scanned recaptured expected_prop neg_log_likelihood
100 0 0 0 0
150 0 0 2.33061e-012 0
200 0 0 9.43843e-012 0
250 0 0 5.49699e-011 0
300 8 0 7.56221e-010 6.04977e-009
350 126 0 9.37427e-009 1.18116e-006
400 1106 0 8.40031e-008 9.29074e-005
450 5450 0 5.56988e-007 0.00303558
500 16770 0.3 2.68633e-006 0.866864
550 39170 1.3 9.40036e-006 1.82122
600 79856 4 2.43209e-005 2.465
650 135378 8.3 4.80167e-005 2.21593
700 176500 12.3 7.49476e-005 2.21384
750 177670 13.8 9.59487e-005 2.56832
800 144628 12.2 0.000104982 2.4909
850 99886 8.7 0.000102592 2.13337
900 62378 5.3 9.32339e-005 1.79203
950 38784 3.2 8.12609e-005 1.5268
1000 25650 2.1 6.92908e-005 1.35693
1050 17828 1.5 5.84352e-005 1.26503
1100 12630 1 4.89405e-005 1.09916
1150 9036 0.6 4.06807e-005 0.85544
1200 6526 0.4 3.3447e-005 0.707434
1250 4764 0.3 2.71799e-005 0.634539
1300 3510 0.2 2.19308e-005 0.504426
1350 2590 0.1 1.77409e-005 0.30408
1400 1884 0.1 1.46149e-005 0.336869
1450 1330 0.1 1.23958e-005 0.377101
1500 898 0 1.08564e-005 0.00974913
1550 574 0 9.80562e-006 0.00562845
1600 344 0 9.06779e-006 0.00311933
1650 192 0 8.56013e-006 0.00164355
1700 98 0 8.2218e-006 0.00080574
1750 46 0 8.00217e-006 0.000368101
1800 20 0 7.86218e-006 0.000157244
1850 8 0 7.77371e-006 6.21899e-005
1900 2 0 7.71639e-006 1.54328e-005
1950 0 0 7.67322e-006 0
2000 0 0 7.62594e-006 0

total neg_log_likelihood: 27.56


Year 2007
class scanned recaptured expected_prop neg_log_likelihood
100 0 0 0 0
150 0 0 8.27265e-015 0
200 0 0 6.53644e-013 0
250 0 0 6.72225e-012 0
300 8 0 1.33008e-010 1.06406e-009
350 98 0 1.917e-009 1.87866e-007
400 904 0 1.81447e-008 1.64028e-005
450 5306 0 1.36296e-007 0.000723188
500 18888 0.1 7.88082e-007 0.385749
550 43018 0.4 3.38324e-006 0.796845
600 71974 1.6 1.07954e-005 1.53812
650 105222 4.5 2.61186e-005 2.15672
700 140908 8.7 4.93013e-005 2.21478
750 160120 12.4 7.48049e-005 2.19182
800 148226 13.3 9.42111e-005 2.23511
850 114138 11.2 0.000102265 2.14397
900 76332 7.6 9.96008e-005 1.94392
950 47012 4.4 9.03255e-005 1.68135
1000 28856 2.5 7.85443e-005 1.42184
1050 18676 1.4 6.67427e-005 1.15485
1100 12692 0.9 5.59568e-005 0.979169
1150 8828 0.5 4.64302e-005 0.735014
1200 6218 0.3 3.80904e-005 0.560751
1250 4432 0.1 3.08969e-005 0.285876
1300 3200 0 2.48862e-005 0.0796368
1350 2334 0 2.00816e-005 0.046871
1400 1702 0 1.64828e-005 0.028054
1450 1218 0 1.39144e-005 0.0169478
1500 840 0 1.21194e-005 0.0101803
1550 548 0 1.08842e-005 0.00596458
1600 336 0 1.0006e-005 0.00336203
1650 190 0 9.39265e-006 0.00178461
1700 100 0 8.97773e-006 0.000897777
1750 48 0 8.70477e-006 0.000417831
1800 20 0 8.52892e-006 0.000170579
1850 8 0 8.41704e-006 6.73366e-005
1900 2 0 8.34481e-006 1.66897e-005
1950 0 0 8.29229e-006 0
2000 0 0 8.23831e-006 0

total neg_log_likelihood: 22.621


Year 2008
class scanned recaptured expected_prop neg_log_likelihood
100 0 0 0 0
150 0 0 0 0
200 0 0 2.24497e-014 0
250 0 0 7.04271e-013 0
300 10 0 2.21267e-011 2.21267e-010
350 98 0 4.37529e-010 4.28778e-008
400 704 0 4.39914e-009 3.097e-006
450 4184 0 3.319e-008 0.000138867
500 17380 0 2.16001e-007 0.0037541
550 47056 0.1 1.0958e-006 0.298184
600 84492 0.4 4.22279e-006 0.649418
650 110032 1.2 1.23871e-005 1.08831
700 121964 2.9 2.81693e-005 1.52402
750 130518 5.2 5.089e-005 1.92855
800 131112 7 7.49375e-005 2.35571
850 114750 7.3 9.2647e-005 2.51131
900 86042 6.1 9.95845e-005 2.23241
950 56782 4.3 9.65055e-005 1.80481
1000 34728 2.7 8.72385e-005 1.46487
1050 21090 1.7 7.55893e-005 1.23615
1100 13390 1.2 6.38673e-005 1.13982
1150 8910 0.8 5.30628e-005 1.00095
1200 6092 0.5 4.34667e-005 0.808372
1250 4234 0.3 3.51796e-005 0.611985
1300 2992 0.1 2.82719e-005 0.281695
1350 2146 0.1 2.27582e-005 0.300866
1400 1552 0 1.86261e-005 0.0289079
1450 1114 0 1.56724e-005 0.0174592
1500 778 0 1.36021e-005 0.0105825
1550 518 0 1.21731e-005 0.0063057
1600 322 0 1.1151e-005 0.00359065
1650 186 0 1.04318e-005 0.00194033
1700 98 0 9.9414e-006 0.000974262
1750 48 0 9.61644e-006 0.000461591
1800 20 0 9.40582e-006 0.000188117
1850 8 0 9.27127e-006 7.41705e-005
1900 2 0 9.18441e-006 1.83689e-005
1950 0 0 9.12215e-006 0
2000 0 0 9.06103e-006 0

total neg_log_likelihood: 21.3118


Year 2009
class scanned recaptured expected_prop neg_log_likelihood
100 0 0 0 0
150 0 0 0 0
200 0 0 8.06727e-017 0
250 0 0 5.36697e-014 0
300 12 0 3.09929e-012 3.71916e-011
350 122 0 9.60003e-011 1.1712e-008
400 708 0 1.27918e-009 9.05661e-007
450 3234 0 8.72318e-009 2.82108e-005
500 12788 0 5.87009e-008 0.000750667
550 38826 0 3.33421e-007 0.0129454
600 82866 0.2 1.50268e-006 0.455802
650 123200 0.8 5.24906e-006 0.924315
700 135246 2.1 1.42413e-005 1.33692
750 125162 4.2 3.05041e-005 1.67478
800 113278 6.4 5.27089e-005 1.87514
850 102244 7.6 7.52193e-005 1.94447
900 84942 7.3 9.11772e-005 1.93727
950 62134 5.9 9.68884e-005 1.82168
1000 40484 4 9.32847e-005 1.63931
1050 24566 2.5 8.39237e-005 1.45381
1100 14760 1.4 7.22863e-005 1.19304
1150 9208 0.8 6.05288e-005 0.953876
1200 6014 0.4 4.96589e-005 0.662398
1250 4054 0.2 4.01371e-005 0.440467
1300 2794 0.1 3.21806e-005 0.280914
1350 1962 0 2.58368e-005 0.0506925
1400 1400 0 2.10885e-005 0.0295242
1450 1000 0 1.76973e-005 0.0176975
1500 702 0 1.53203e-005 0.0107549
1550 472 0 1.36791e-005 0.00645659
1600 298 0 1.25034e-005 0.00372605
1650 176 0 1.16738e-005 0.00205461
1700 94 0 1.11063e-005 0.001044
1750 46 0 1.0729e-005 0.000493535
1800 20 0 1.04837e-005 0.000209675
1850 8 0 1.03267e-005 8.26137e-005
1900 2 0 1.02252e-005 2.04505e-005
1950 0 0 1.01527e-005 0
2000 0 0 1.0083e-005 0

total neg_log_likelihood: 18.7307


Year 2010
class scanned recaptured expected_prop neg_log_likelihood
100 0 0 0 0
150 0 0 0 0
200 0 0 0 0
250 0 0 1.92527e-015 0
300 12 0 3.46824e-013 4.162e-012
350 146 0 1.76854e-011 2.58207e-009
400 926 0 4.143e-010 3.83642e-007
450 3582 0 2.6386e-009 9.45148e-006
500 10662 0 1.68733e-008 0.000179903
550 28270 0 1.00112e-007 0.00283017
600 63308 0.1 5.04403e-007 0.326472
650 108562 0.2 2.04188e-006 0.437608
700 137902 0.8 6.50889e-006 0.912937
750 134804 1.9 1.63817e-005 1.30594
800 113300 3.6 3.3072e-005 1.5854
850 93788 5.4 5.46447e-005 1.78477
900 78900 6.2 7.55608e-005 1.8493
950 62764 5.9 8.97147e-005 1.82681
1000 44824 4.6 9.41189e-005 1.71673
1050 28816 3 8.98739e-005 1.52677
1100 17334 1.7 8.02608e-005 1.26468
1150 10306 0.9 6.8481e-005 0.980364
1200 6336 0.4 5.66248e-005 0.649155
1250 4078 0.2 4.58435e-005 0.436934
1300 2726 0.1 3.6707e-005 0.280368
1350 1876 0 2.9398e-005 0.0551515
1400 1316 0 2.3928e-005 0.0314896
1450 932 0 2.00283e-005 0.0186665
1500 652 0 1.72992e-005 0.0112791
1550 440 0 1.54178e-005 0.00678387
1600 280 0 1.40712e-005 0.00393995
1650 166 0 1.3121e-005 0.0021781
1700 90 0 1.24707e-005 0.00112237
1750 44 0 1.2038e-005 0.000529675
1800 20 0 1.17565e-005 0.000235131
1850 8 0 1.15761e-005 9.2609e-005
1900 2 0 1.14593e-005 2.29187e-005
1950 0 0 1.13759e-005 0
2000 0 0 1.1296e-005 0

total neg_log_likelihood: 17.0188


Tags2006_R1_R1 :
tag-recapture data for tag Tags2006_R1 in years 2007 2008 2009 2010 , step 1, after proportion 0.5 of mortality, with sampling method size, detection probability 1.
Year 2007
class scanned recaptured expected_prop neg_log_likelihood
100 0 0 0 0
150 0 0 2.41763e-012 0
200 0 0 1.0695e-011 0
250 0 0 5.62321e-011 0
300 8 0 7.42646e-010 5.94117e-009
350 98 0 9.34752e-009 9.16057e-007
400 904 0 8.21465e-008 7.42605e-005
450 5306 0 5.22873e-007 0.00277436
500 18888 0.1 2.44021e-006 0.30393
550 43018 0.7 8.43479e-006 0.976673
600 71974 2.7 2.19762e-005 1.7718
650 105222 6.8 4.42997e-005 2.3188
700 140908 11.7 7.12561e-005 2.28597
750 160120 14.7 9.45505e-005 2.27493
800 148226 14.2 0.000107459 2.34874
850 114138 11.2 0.00010882 2.19633
900 76332 7.5 0.000101706 1.94197
950 47012 4.4 9.01042e-005 1.68174
1000 28856 2.4 7.70781e-005 1.39794
1050 18676 1.3 6.44588e-005 1.11682
1100 12692 0.7 5.30871e-005 0.854341
1150 8828 0.3 4.31778e-005 0.562332
1200 6218 0.2 3.46429e-005 0.437062
1250 4432 0.1 2.7422e-005 0.282406
1300 3200 0 2.1517e-005 0.0688551
1350 2334 0 1.69093e-005 0.0394667
1400 1702 0 1.35449e-005 0.0230536
1450 1218 0 1.12057e-005 0.0136486
1500 840 0 9.61598e-006 0.00807746
1550 548 0 8.55143e-006 0.0046862
1600 336 0 7.81772e-006 0.00262677
1650 190 0 7.32072e-006 0.00139094
1700 100 0 6.99342e-006 0.000699345
1750 48 0 6.78275e-006 0.000325573
1800 20 0 6.64911e-006 0.000132983
1850 8 0 6.56462e-006 5.25172e-005
1900 2 0 6.50937e-006 1.30188e-005
1950 0 0 6.46717e-006 0
2000 0 0 6.42097e-006 0

total neg_log_likelihood: 22.9177


Year 2008
class scanned recaptured expected_prop neg_log_likelihood
100 0 0 0 0
150 0 0 8.31761e-015 0
200 0 0 7.29447e-013 0
250 0 0 7.28587e-012 0
300 10 0 1.28185e-010 1.28185e-009
350 98 0 1.85028e-009 1.81327e-007
400 704 0 1.77236e-008 1.24774e-005
450 4184 0 1.3022e-007 0.000544841
500 17380 0.1 7.29304e-007 0.39961
550 47056 0.5 3.0624e-006 0.991928
600 84492 1.4 9.72367e-006 1.31357
650 110032 3.2 2.37701e-005 1.58739
700 121964 6 4.58446e-005 1.84325
750 130518 9.3 7.16361e-005 2.043
800 131112 11.8 9.33769e-005 2.16811
850 114750 12 0.000105081 2.16842
900 86042 10 0.00010583 2.12104
950 56782 6.9 9.8513e-005 2.03858
1000 34728 4.1 8.69412e-005 1.81842
1050 21090 2.4 7.40411e-005 1.58422
1100 13390 1.4 6.15201e-005 1.31201
1150 8910 0.9 5.01748e-005 1.1326
1200 6092 0.5 4.02512e-005 0.827212
1250 4234 0.3 3.18289e-005 0.627827
1300 2992 0.2 2.49414e-005 0.508277
1350 2146 0.2 1.9555e-005 0.590734
1400 1552 0.2 1.56013e-005 0.682956
1450 1114 0.1 1.28328e-005 0.389161
1500 778 0.1 1.09339e-005 0.435267
1550 518 0.1 9.65029e-006 0.484893
1600 322 0.1 8.7541e-006 0.539949
1650 186 0 8.13822e-006 0.00151371
1700 98 0 7.72685e-006 0.000757235
1750 48 0 7.45876e-006 0.000358022
1800 20 0 7.28705e-006 0.000145741
1850 8 0 7.17791e-006 5.74235e-005
1900 2 0 7.10681e-006 1.42137e-005
1950 0 0 7.05388e-006 0
2000 0 0 6.99903e-006 0

total neg_log_likelihood: 27.6118


Year 2009
class scanned recaptured expected_prop neg_log_likelihood
100 0 0 0 0
150 0 0 0 0
200 0 0 2.32917e-014 0
250 0 0 8.02552e-013 0
300 12 0 2.21122e-011 2.65346e-010
350 122 0 4.09715e-010 4.99852e-008
400 708 0 4.22155e-009 2.98886e-006
450 3234 0 3.18334e-008 0.000102949
500 12788 0.1 2.02879e-007 0.548158
550 38826 0.4 1.00482e-006 1.21694
600 82866 0.9 3.82023e-006 1.31278
650 123200 1.8 1.12148e-005 1.31644
700 135246 3.6 2.58341e-005 1.58408
750 125162 6.1 4.77101e-005 1.83808
800 113278 8.4 7.23015e-005 1.9956
850 102244 9 9.23803e-005 2.03743
900 84942 7.8 0.000102744 2.00775
950 62134 5.5 0.00010274 1.8506
1000 40484 3.3 9.51353e-005 1.58255
1050 24566 1.8 8.35245e-005 1.27478
1100 14760 1.1 7.06476e-005 1.0421
1150 9208 0.7 5.81246e-005 0.876933
1200 6014 0.5 4.67661e-005 0.794685
1250 4054 0.4 3.69782e-005 0.789344
1300 2794 0.3 2.89379e-005 0.727172
1350 1962 0.2 2.26418e-005 0.581803
1400 1400 0.1 1.80113e-005 0.343338
1450 1000 0 1.4759e-005 0.0147592
1500 702 0 1.25178e-005 0.00878758
1550 472 0 1.0995e-005 0.00518965
1600 298 0 9.9239e-006 0.00295734
1650 176 0 9.18172e-006 0.00161599
1700 94 0 8.68202e-006 0.000816114
1750 46 0 8.35406e-006 0.000384288
1800 20 0 8.14286e-006 0.000162858
1850 8 0 8.00822e-006 6.4066e-005
1900 2 0 7.92069e-006 1.58414e-005
1950 0 0 7.85638e-006 0
2000 0 0 7.7915e-006 0

total neg_log_likelihood: 23.7554


Year 2010
class scanned recaptured expected_prop neg_log_likelihood
100 0 0 0 0
150 0 0 0 0
200 0 0 8.10929e-017 0
250 0 0 6.00919e-014 0
300 12 0 3.34358e-012 4.01226e-011
350 146 0 8.99693e-011 1.31355e-008
400 926 0 1.19727e-009 1.10868e-006
450 3582 0 8.30389e-009 2.97445e-005
500 10662 0 5.54785e-008 0.000591511
550 28270 0.2 3.09339e-007 0.871222
600 63308 0.5 1.37081e-006 1.18817
650 108562 0.9 4.75698e-006 1.07218
700 137902 1.5 1.29728e-005 1.20119
750 134804 2.5 2.82005e-005 1.664
800 113300 3.6 4.98272e-005 2.00824
850 93788 4.5 7.31241e-005 2.15151
900 78900 4.7 9.14718e-005 2.21176
950 62764 4.1 0.000100383 2.08367
1000 44824 3 9.95109e-005 1.76646
1050 28816 1.8 9.15129e-005 1.40834
1100 17334 1 7.97312e-005 1.05846
1150 10306 0.4 6.67461e-005 0.71791
1200 6336 0.2 5.41692e-005 0.471707
1250 4078 0 4.29598e-005 0.175194
1300 2726 0 3.36137e-005 0.0916324
1350 1876 0 2.62564e-005 0.0492576
1400 1316 0 2.08354e-005 0.0274196
1450 932 0 1.70251e-005 0.0158675
1500 652 0 1.43953e-005 0.00938577
1550 440 0 1.26046e-005 0.00554608
1600 280 0 1.13407e-005 0.00317543
1650 166 0 1.04611e-005 0.00173654
1700 90 0 9.86613e-006 0.000887956
1750 44 0 9.47414e-006 0.000416864
1800 20 0 9.22091e-006 0.000184419
1850 8 0 9.05919e-006 7.24738e-005
1900 2 0 8.95419e-006 1.79085e-005
1950 0 0 8.87765e-006 0
2000 0 0 8.80149e-006 0

total neg_log_likelihood: 20.2562


Tags2007_R1_R1 :
tag-recapture data for tag Tags2007_R1 in years 2008 2009 2010 , step 1, after proportion 0.5 of mortality, with sampling method size, detection probability 1.
Year 2008
class scanned recaptured expected_prop neg_log_likelihood
100 0 0 0 0
150 0 0 1.32305e-012 0
200 0 0 8.55527e-012 0
250 0 0 5.21146e-011 0
300 10 0 6.67275e-010 6.67275e-009
350 98 0 8.5542e-009 8.38311e-007
400 704 0 7.83421e-008 5.51528e-005
450 4184 0.1 5.0683e-007 0.567844
500 17380 0.5 2.33502e-006 1.522
550 47056 1.5 7.87063e-006 2.14496
600 84492 3.4 2.00926e-005 2.2143
650 110032 6.1 4.0224e-005 2.11958
700 121964 9.7 6.53057e-005 2.24014
750 130518 13.5 8.88702e-005 2.3743
800 131112 15.3 0.000104982 2.3709
850 114750 13.9 0.000111468 2.28757
900 86042 10.5 0.000109521 2.16179
950 56782 6.9 0.000101652 2.00038
1000 34728 4 9.03709e-005 1.74155
1050 21090 2.3 7.77028e-005 1.48976
1100 13390 1.2 6.50288e-005 1.13374
1150 8910 0.6 5.31409e-005 0.809441
1200 6092 0.3 4.24342e-005 0.556157
1250 4234 0.1 3.31986e-005 0.286889
1300 2992 0 2.56427e-005 0.0767238
1350 2146 0 1.98161e-005 0.0425259
1400 1552 0 1.56371e-005 0.0242689
1450 1114 0 1.27915e-005 0.0142498
1500 778 0 1.08992e-005 0.0084796
1550 518 0 9.65802e-006 0.00500288
1600 322 0 8.81959e-006 0.00283992
1650 186 0 8.26106e-006 0.00153656
1700 98 0 7.89782e-006 0.000773989
1750 48 0 7.66601e-006 0.00036797
1800 20 0 7.51964e-006 0.000150393
1850 8 0 7.42701e-006 5.94163e-005
1900 2 0 7.36578e-006 1.47316e-005
1950 0 0 7.31819e-006 0
2000 0 0 7.26658e-006 0

total neg_log_likelihood: 28.1984


Year 2009
class scanned recaptured expected_prop neg_log_likelihood
100 0 0 0 0
150 0 0 4.19848e-015 0
200 0 0 4.90756e-013 0
250 0 0 6.71187e-012 0
300 12 0 1.2101e-010 1.45212e-009
350 122 0 1.69206e-009 2.06431e-007
400 708 0 1.65853e-008 1.17424e-005
450 3234 0 1.2483e-007 0.000403701
500 12788 0.1 7.01669e-007 0.430451
550 38826 0.5 2.90026e-006 1.08375
600 82866 1.5 9.01602e-006 1.46909
650 123200 3.1 2.17198e-005 1.54338
700 135246 5 4.17932e-005 1.77947
750 125162 6.9 6.61e-005 2.0176
800 113278 8.3 8.84588e-005 2.14403
850 102244 8.4 0.000103433 2.23384
900 84942 7.3 0.000109089 2.14944
950 62134 5.5 0.000106582 1.8874
1000 40484 3.9 9.83812e-005 1.62157
1050 24566 2.7 8.6939e-005 1.51497
1100 14760 1.9 7.4172e-005 1.52556
1150 9208 1.2 6.13982e-005 1.34662
1200 6014 0.7 4.94426e-005 1.05049
1250 4054 0.4 3.88829e-005 0.776975
1300 2794 0.2 3.00995e-005 0.493845
1350 1962 0.1 2.32294e-005 0.304516
1400 1400 0 1.82351e-005 0.0255293
1450 1000 0 1.47919e-005 0.014792
1500 702 0 1.24736e-005 0.00875654
1550 472 0 1.09358e-005 0.00516171
1600 298 0 9.88327e-006 0.00294523
1650 176 0 9.17259e-006 0.00161438
1700 94 0 8.70451e-006 0.000818227
1750 46 0 8.40249e-006 0.000386516
1800 20 0 8.21021e-006 0.000164205
1850 8 0 8.08803e-006 6.47045e-005
1900 2 0 8.00762e-006 1.60153e-005
1950 0 0 7.94629e-006 0
2000 0 0 7.88197e-006 0

total neg_log_likelihood: 25.4337


Year 2010
class scanned recaptured expected_prop neg_log_likelihood
100 0 0 0 0
150 0 0 0 0
200 0 0 1.27555e-014 0
250 0 0 6.61652e-013 0
300 12 0 2.16031e-011 2.59237e-010
350 146 0 3.82319e-010 5.58186e-008
400 926 0 3.91568e-009 3.62592e-006
450 3582 0 3.01086e-008 0.000107849
500 10662 0 1.94297e-007 0.0020716
550 28270 0.2 9.58455e-007 0.663396
600 63308 0.9 3.58599e-006 1.52247
650 108562 2.1 1.03516e-005 1.66608
700 137902 3.9 2.36212e-005 1.68032
750 134804 6 4.3701e-005 1.82967
800 113300 7.8 6.7202e-005 1.9589
850 93788 8.6 8.82426e-005 2.01072
900 78900 7.9 0.000101942 1.96415
950 62764 6.1 0.000106624 1.86369
1000 44824 4.1 0.000103455 1.67708
1050 28816 2.4 9.48343e-005 1.4123
1100 17334 1.3 8.31022e-005 1.12016
1150 10306 0.7 7.00984e-005 0.854183
1200 6336 0.4 5.71709e-005 0.648776
1250 4078 0.2 4.53273e-005 0.437094
1300 2726 0.1 3.52459e-005 0.280447
1350 1876 0 2.72309e-005 0.0510858
1400 1316 0 2.13271e-005 0.0280667
1450 932 0 1.72124e-005 0.0160421
1500 652 0 1.44138e-005 0.00939786
1550 440 0 1.25408e-005 0.00551798
1600 280 0 1.12468e-005 0.00314912
1650 166 0 1.03651e-005 0.00172061
1700 90 0 9.77971e-006 0.000880178
1750 44 0 9.39955e-006 0.000413582
1800 20 0 9.15636e-006 0.000183128
1850 8 0 9.00152e-006 7.20125e-005
1900 2 0 8.89993e-006 1.77999e-005
1950 0 0 8.82334e-006 0
2000 0 0 8.7442e-006 0

total neg_log_likelihood: 21.7082


Tags2008_R1_R1 :
tag-recapture data for tag Tags2008_R1 in years 2009 2010 , step 1, after proportion 0.5 of mortality, with sampling method size, detection probability 1.
Year 2009
class scanned recaptured expected_prop neg_log_likelihood
100 0 0 0 0
150 0 0 1.21813e-012 0
200 0 0 6.76068e-012 0
250 0 0 4.83619e-011 0
300 12 0 6.42655e-010 7.71187e-009
350 122 0 8.07321e-009 9.84932e-007
400 708 0 7.58328e-008 5.36896e-005
450 3234 0 5.12904e-007 0.00165873
500 12788 0.2 2.44215e-006 0.639123
550 38826 1 8.3101e-006 1.45383
600 82866 2.9 2.09892e-005 1.80178
650 123200 5.7 4.11182e-005 1.8419
700 135246 8.2 6.52246e-005 2.00355
750 125162 9.8 8.72945e-005 2.12872
800 113278 10.7 0.00010263 2.14968
850 102244 10.8 0.000109831 2.1247
900 84942 9.5 0.000109706 2.05505
950 62134 7 0.000103719 1.92702
1000 40484 4.3 9.35192e-005 1.70095
1050 24566 2.3 8.08766e-005 1.39484
1100 14760 1.1 6.74253e-005 1.04589
1150 9208 0.6 5.44193e-005 0.803047
1200 6014 0.4 4.26675e-005 0.681049
1250 4054 0.3 3.26954e-005 0.630584
1300 2794 0.2 2.4753e-005 0.51802
1350 1962 0.1 1.88084e-005 0.316954
1400 1400 0 1.46614e-005 0.0205262
1450 1000 0 1.19053e-005 0.0119053
1500 702 0 1.01102e-005 0.00709741
1550 472 0 8.95305e-006 0.00422586
1600 298 0 8.18294e-006 0.00243853
1650 176 0 7.67578e-006 0.00135094
1700 94 0 7.34866e-006 0.000690777
1750 46 0 7.14101e-006 0.000328488
1800 20 0 7.01024e-006 0.000140205
1850 8 0 6.92743e-006 5.54197e-005
1900 2 0 6.87241e-006 1.37449e-005
1950 0 0 6.82926e-006 0
2000 0 0 6.78264e-006 0

total neg_log_likelihood: 25.2672


Year 2010
class scanned recaptured expected_prop neg_log_likelihood
100 0 0 0 0
150 0 0 4.17998e-015 0
200 0 0 3.89289e-013 0
250 0 0 5.77516e-012 0
300 12 0 1.19733e-010 1.4368e-009
350 146 0 1.65263e-009 2.41284e-007
400 926 0 1.60429e-008 1.48557e-005
450 3582 0 1.23852e-007 0.000443638
500 10662 0.1 7.19936e-007 0.444765
550 28270 0.3 3.03956e-006 0.714021
600 63308 1.1 9.47056e-006 1.2077
650 108562 2.5 2.25292e-005 1.41083
700 137902 4 4.24889e-005 1.96523
750 134804 5 6.58608e-005 2.74778
800 113300 5.5 8.69534e-005 2.93233
850 93788 5.5 0.000101395 2.78456
900 78900 4.9 0.000107834 2.63495
950 62764 3.8 0.000107019 2.3607
1000 44824 2.6 0.000100474 1.90388
1050 28816 1.7 8.99077e-005 1.40725
1100 17334 1.1 7.70499e-005 1.06269
1150 10306 0.8 6.34828e-005 0.92254
1200 6336 0.7 5.04738e-005 1.02199
1250 4078 0.5 3.89785e-005 0.957694
1300 2726 0.4 2.95652e-005 0.968256
1350 1876 0.2 2.23782e-005 0.590666
1400 1316 0.1 1.72872e-005 0.351161
1450 932 0.1 1.38632e-005 0.397892
1500 652 0 1.16093e-005 0.00756931
1550 440 0 1.01426e-005 0.00446278
1600 280 0 9.15599e-006 0.00256369
1650 166 0 8.49886e-006 0.00141082
1700 90 0 8.07038e-006 0.000726337
1750 44 0 7.79579e-006 0.000343016
1800 20 0 7.62159e-006 0.000152432
1850 8 0 7.51087e-006 6.00872e-005
1900 2 0 7.43757e-006 1.48752e-005
1950 0 0 7.38104e-006 0
2000 0 0 7.32152e-006 0

total neg_log_likelihood: 28.8046


Tags2009_R1_R1 :
tag-recapture data for tag Tags2009_R1 in years 2010 , step 1, after proportion 0.5 of mortality, with sampling method size, detection probability 1.
Year 2010
class scanned recaptured expected_prop neg_log_likelihood
100 0 0 0 0
150 0 0 1.24531e-012 0
200 0 0 6.25704e-012 0
250 0 0 4.12317e-011 0
300 12 0 5.81072e-010 6.97286e-009
350 146 0 7.25024e-009 1.05854e-006
400 926 0 6.68644e-008 6.19164e-005
450 3582 0 4.55966e-007 0.00163327
500 10662 0.2 2.23937e-006 0.685469
550 28270 1 7.90726e-006 1.7217
600 63308 3.3 2.05881e-005 2.61002
650 108562 7 4.10858e-005 2.51892
700 137902 10.2 6.55617e-005 2.15956
750 134804 11.1 8.73962e-005 2.14997
800 113300 10.1 0.000101921 2.1782
850 93788 8.9 0.000108543 2.10537
900 78900 7.7 0.000108844 1.99788
950 62764 6.2 0.000104335 1.85403
1000 44824 4.4 9.60594e-005 1.67962
1050 28816 2.8 8.50447e-005 1.48714
1100 17334 1.6 7.24503e-005 1.24872
1150 10306 0.8 5.94268e-005 0.933559
1200 6336 0.4 4.69716e-005 0.662754
1250 4078 0.2 3.59362e-005 0.44523
1300 2726 0.1 2.68893e-005 0.284729
1350 1876 0 2.0012e-005 0.0375428
1400 1316 0 1.519e-005 0.0199902
1450 932 0 1.19964e-005 0.0111807
1500 652 0 9.93622e-006 0.00647845
1550 440 0 8.62527e-006 0.00379513
1600 280 0 7.76714e-006 0.00217481
1650 166 0 7.21134e-006 0.00119709
1700 90 0 6.85801e-006 0.000617223
1750 44 0 6.63623e-006 0.000291995
1800 20 0 6.49754e-006 0.000129951
1850 8 0 6.40975e-006 5.12781e-005
1900 2 0 6.35071e-006 1.27015e-005
1950 0 0 6.3032e-006 0
2000 0 0 6.25107e-006 0

total neg_log_likelihood: 26.808


Output quantities start here

* Scalar parameter values
initialization.B0 202246

* Nuisance q's

* B0
202246

* R0
1.58902e+007

* SSBs
SSB 202246 199441 196320 192894 189195 185284 181243 177159 173118 169197 165454 161921 158610 155520 152643 149972 147497 145207 143091 141139 139342 
year 1990 1991 1992 1993 1994 1995 1996 1997 1998 1999 2000 2001 2002 2003 2004 2005 2006 2007 2008 2009 2010 

* recruitments
recruitment 1.58902e+007 1.58902e+007 1.58663e+007 1.5839e+007 1.58081e+007 1.57736e+007 1.57359e+007 1.56953e+007 1.56527e+007 1.56088e+007 1.55645e+007 1.55204e+007 1.54772e+007 1.54352e+007 1.53946e+007 1.53556e+007 1.53181e+007 1.52824e+007 1.52484e+007 1.52162e+007 1.51858e+007 
year 1990 1991 1992 1993 1994 1995 1996 1997 1998 1999 2000 2001 2002 2003 2004 2005 2006 2007 2008 2009 2010 

* YCS
YCS 1 1 1 1 1 1 1 1 1 1 1 1 1 1 1 1 1 1 1 1 1 
year 1989 1990 1991 1992 1993 1994 1995 1996 1997 1998 1999 2000 2001 2002 2003 2004 2005 2006 2007 2008 2009 

* true_YCS
true_YCS 1 1 0.998495 0.996776 0.994832 0.992663 0.990287 0.987736 0.985054 0.982292 0.979501 0.976729 0.97401 0.971367 0.968812 0.966354 0.963999 0.961751 0.959613 0.957585 0.955668 
year 1989 1990 1991 1992 1993 1994 1995 1996 1997 1998 1999 2000 2001 2002 2003 2004 2005 2006 2007 2008 2009 

* fishing_pressures
pressure 0 0.0337923 0.0346492 0.0355024 0.0363292 0.0371132 0.0378428 0.0385107 0.0391136 0.0396521 0.0401302 0.0405535 0.0409279 0.0412603 0.0415574 0.0418258 0.0420716 0.0422996 0.0425139 0.0427176 0.0429134 
year 1990 1991 1992 1993 1994 1995 1996 1997 1998 1999 2000 2001 2002 2003 2004 2005 2006 2007 2008 2009 2010 

* Numbers_at_age_R1
1990  1.47494e+007 1.26316e+007 1.08179e+007 9.26462e+006 7.93436e+006 6.79511e+006 5.81943e+006 4.98385e+006 4.26824e+006 3.65539e+006 3.13053e+006 2.68103e+006 2.29608e+006 1.9664e+006 1.68405e+006 1.44225e+006 1.23516e+006 1.05781e+006 905926 775849 664449 569044 487338 417364 357437 306114 262161 224518 192281 1.14686e+006 
1991  1.47494e+007 1.26316e+007 1.08179e+007 9.26434e+006 7.93273e+006 6.78849e+006 5.80036e+006 4.945e+006 4.21229e+006 3.5984e+006 3.08207e+006 2.64038e+006 2.26245e+006 1.93896e+006 1.66198e+006 1.42473e+006 1.22145e+006 1.04723e+006 897871 769802 659971 565775 484983 415691 356265 305305 261609 224148 192036 1.14575e+006 
1992  1.47272e+007 1.26316e+007 1.08179e+007 9.26427e+006 7.93217e+006 6.7853e+006 5.78763e+006 4.9089e+006 4.13973e+006 3.49475e+006 2.97673e+006 2.55078e+006 2.18726e+006 1.87673e+006 1.61117e+006 1.38381e+006 1.18895e+006 1.02177e+006 878201 754814 648709 557428 478884 411296 353141 303116 260096 223117 191342 1.14319e+006 
1993  1.47019e+007 1.26126e+007 1.08179e+007 9.26425e+006 7.93206e+006 6.78461e+006 5.78427e+006 4.89667e+006 4.10715e+006 3.43178e+006 2.88843e+006 2.46145e+006 2.11124e+006 1.81288e+006 1.55826e+006 1.34055e+006 1.15405e+006 993992 856395 737931 635819 547724 471680 406023 349336 300408 258197 221803 190447 1.14035e+006 
1994  1.46732e+007 1.25909e+007 1.08016e+007 9.26424e+006 7.932e+006 6.78432e+006 5.78305e+006 4.89241e+006 4.09462e+006 3.40208e+006 2.83392e+006 2.38639e+006 2.03561e+006 1.74848e+006 1.50411e+006 1.29561e+006 1.11724e+006 964245 832675 719275 621348 536656 463334 399818 344789 297123 255858 220161 189310 1.1371e+006 
1995  1.46412e+007 1.25663e+007 1.0783e+007 9.25029e+006 7.93195e+006 6.78407e+006 5.78219e+006 4.89002e+006 4.08886e+006 3.38913e+006 2.80705e+006 2.33943e+006 1.97196e+006 1.68455e+006 1.44962e+006 1.24975e+006 1.07912e+006 932967 807349 699043 605406 524268 453844 392651 339454 293209 253028 218145 187894 1.13329e+006 
1996  1.46061e+007 1.25389e+007 1.0762e+007 9.23436e+006 7.91997e+006 6.78385e+006 5.78142e+006 4.88803e+006 4.0848e+006 3.38194e+006 2.79416e+006 2.31545e+006 1.93169e+006 1.63069e+006 1.39566e+006 1.2037e+006 1.04031e+006 900654 780789 677498 588163 510658 443251 384524 333309 288630 249666 215712 186160 1.12877e+006 
1997  1.45685e+007 1.25089e+007 1.07385e+007 9.21634e+006 7.90628e+006 6.77343e+006 5.78071e+006 4.88621e+006 4.08124e+006 3.37636e+006 2.78621e+006 2.30317e+006 1.91056e+006 1.59632e+006 1.35019e+006 1.15822e+006 1.00144e+006 867834 753416 654957 569843 495970 431638 375473 326356 283367 245740 212827 184071 1.12338e+006 
1998  1.4529e+007 1.24767e+007 1.07128e+007 9.19624e+006 7.89083e+006 6.76158e+006 5.77137e+006 4.88455e+006 4.078e+006 3.37139e+006 2.77977e+006 2.29511e+006 1.89922e+006 1.5779e+006 1.32097e+006 1.11987e+006 963120 835036 725672 631773 550715 480396 419130 365568 318625 277421 241235 209464 181599 1.11694e+006 
1999  1.44882e+007 1.24428e+007 1.06852e+007 9.17422e+006 7.87359e+006 6.74823e+006 5.76085e+006 4.8757e+006 4.07507e+006 3.36689e+006 2.77403e+006 2.28846e+006 1.89149e+006 1.56767e+006 1.30505e+006 1.09511e+006 930824 802760 697996 608315 531075 464161 405888 354916 310177 270819 236152 205610 178719 1.10929e+006 
2000  1.4447e+007 1.24079e+007 1.06562e+007 9.15058e+006 7.8547e+006 6.73337e+006 5.7491e+006 4.86598e+006 4.06632e+006 3.36285e+006 2.76886e+006 2.28254e+006 1.88505e+006 1.56053e+006 1.29599e+006 1.08144e+006 909882 775563 670802 584949 511231 447513 392101 343651 301102 263613 230514 201265 175422 1.10026e+006 
2001  1.44062e+007 1.23727e+007 1.06263e+007 9.12574e+006 7.83444e+006 6.71711e+006 5.73611e+006 4.85531e+006 4.05699e+006 3.3542e+006 2.76424e+006 2.27723e+006 1.87932e+006 1.55455e+006 1.28956e+006 1.07353e+006 898211 757874 647891 562019 491487 430711 377978 331935 291514 255878 224364 196449 171708 1.0897e+006 
2002  1.43661e+007 1.23377e+007 1.05961e+007 9.10014e+006 7.81315e+006 6.69969e+006 5.72197e+006 4.84368e+006 4.04702e+006 3.34524e+006 2.75598e+006 2.27249e+006 1.8742e+006 1.54923e+006 1.28415e+006 1.06784e+006 891360 747942 632955 542704 472130 414009 363736 319942 281548 247710 217767 191198 167592 1.07747e+006 
2003  1.43271e+007 1.23033e+007 1.05661e+007 9.07428e+006 7.79121e+006 6.6814e+006 5.70688e+006 4.83116e+006 4.03638e+006 3.33591e+006 2.7476e+006 2.26487e+006 1.86964e+006 1.54448e+006 1.27934e+006 1.06304e+006 886395 742052 624520 530088 455826 397645 349588 307854 271353 239225 210805 185568 163108 1.06349e+006 
2004  1.42894e+007 1.22699e+007 1.05367e+007 9.0486e+006 7.76906e+006 6.66257e+006 5.69107e+006 4.8179e+006 4.0251e+006 3.32614e+006 2.73903e+006 2.25726e+006 1.86278e+006 1.54025e+006 1.27505e+006 1.05878e+006 882192 737754 619479 522933 445162 383863 335733 295852 261081 230548 203574 179628 158300 1.0477e+006 
2005  1.42532e+007 1.22377e+007 1.05081e+007 9.02341e+006 7.74705e+006 6.64356e+006 5.67482e+006 4.80407e+006 4.01328e+006 3.31594e+006 2.73019e+006 2.24955e+006 1.85598e+006 1.53418e+006 1.27123e+006 1.05498e+006 878460 734108 615781 518629 439092 374838 324064 284103 250885 221809 196181 173461 153229 1.03009e+006 
2006  1.42184e+007 1.22066e+007 1.04805e+007 8.99892e+006 7.72548e+006 6.62468e+006 5.65843e+006 4.78993e+006 4.00106e+006 3.30537e+006 2.72106e+006 2.24167e+006 1.84915e+006 1.52819e+006 1.26592e+006 1.05158e+006 875124 730867 612636 515458 435424 369687 316416 274208 240907 213136 188737 167156 147964 1.0107e+006 
2007  1.41853e+007 1.21769e+007 1.04539e+007 8.97525e+006 7.7045e+006 6.60617e+006 5.64218e+006 4.77571e+006 3.98865e+006 3.29457e+006 2.71171e+006 2.23363e+006 1.84223e+006 1.52221e+006 1.2607e+006 1.04697e+006 872145 727969 609840 512757 432711 366562 312042 267718 232503 204649 181350 160808 142582 989621 
2008  1.41537e+007 1.21485e+007 1.04284e+007 8.95248e+006 7.68422e+006 6.58818e+006 5.62626e+006 4.76164e+006 3.97623e+006 3.28367e+006 2.70223e+006 2.22544e+006 1.83521e+006 1.51619e+006 1.25551e+006 1.04246e+006 868171 725377 607336 510354 430398 364245 309381 264001 226988 197502 174123 154511 137165 967012 
2009  1.41238e+007 1.21215e+007 1.04041e+007 8.93065e+006 7.66471e+006 6.5708e+006 5.61079e+006 4.74785e+006 3.96395e+006 3.27279e+006 2.6927e+006 2.21719e+006 1.82811e+006 1.51011e+006 1.25031e+006 1.03798e+006 864287 721964 605093 508200 428337 362267 307403 261733 223825 192809 168036 148349 131791 943063 
2010  1.40955e+007 1.20958e+007 1.03809e+007 8.90983e+006 7.64601e+006 6.55407e+006 5.59584e+006 4.73448e+006 3.95197e+006 3.26209e+006 2.68324e+006 2.20893e+006 1.82097e+006 1.50398e+006 1.24507e+006 1.03351e+006 860447 718635 602172 506267 426489 360503 305712 260044 221892 190115 164039 143160 126533 918007 

Output quantities finish here

Unused parameters:
annual_cycle.fishery_areas annual_cycle.migrate_from annual_cycle.migrate_to annual_cycle.migration_names annual_cycle.migration_times annual_cycle.n_migrations annual_cycle.recruitment_areas annual_cycle.spawning_all_areas area_names recruitment.p_male recruitment.year_range tag[Tags2005_R1_LL].area tag[Tags2005_R1_LL].sex tag[Tags2006_R1_LL].area tag[Tags2006_R1_LL].sex tag[Tags2007_R1_LL].area tag[Tags2007_R1_LL].sex tag[Tags2008_R1_LL].area tag[Tags2008_R1_LL].sex tag[Tags2009_R1_LL].area tag[Tags2009_R1_LL].sex MCMC.adapt_at MCMC.adaptive_stepsize MCMC.burn_in MCMC.keep MCMC.length MCMC.start MCMC.stepsize profile[1].l profile[1].n profile[1].parameter profile[1].u tag_recapture[Tags2005_R1_R1].area tag_recapture[Tags2006_R1_R1].area tag_recapture[Tags2007_R1_R1].area tag_recapture[Tags2008_R1_R1].area tag_recapture[Tags2009_R1_R1].area n_projections numbers_at[Numbers_at_age_R1].area print.yields 
